[9.886s] Invoking command in '/home/pi/arm_ws/src/turtle_con': PYTHONPATH=/home/pi/arm_ws/build/turtle_con/prefix_override:/usr/lib/python3/dist-packages/colcon_core/task/python/colcon_distutils_commands:/home/pi/arm_ws/install/turtle_con/lib/python3.8/site-packages:${PYTHONPATH} /usr/bin/python3 -W ignore:setup.py install is deprecated setup.py egg_info --egg-base ../../build/turtle_con build --build-base /home/pi/arm_ws/build/turtle_con/build install --record /home/pi/arm_ws/build/turtle_con/install.log --install-scripts $base/lib/turtle_con --single-version-externally-managed install_data
[12.506s] running egg_info
[12.512s] writing ../../build/turtle_con/turtle_con.egg-info/PKG-INFO
[12.514s] writing dependency_links to ../../build/turtle_con/turtle_con.egg-info/dependency_links.txt
[12.517s] writing entry points to ../../build/turtle_con/turtle_con.egg-info/entry_points.txt
[12.518s] writing requirements to ../../build/turtle_con/turtle_con.egg-info/requires.txt
[12.520s] writing top-level names to ../../build/turtle_con/turtle_con.egg-info/top_level.txt
[12.893s] reading manifest file '../../build/turtle_con/turtle_con.egg-info/SOURCES.txt'
[12.904s] writing manifest file '../../build/turtle_con/turtle_con.egg-info/SOURCES.txt'
[12.906s] running build
[12.908s] running build_py
[12.910s] copying turtle_con/with_qr.py -> /home/pi/arm_ws/build/turtle_con/build/lib/turtle_con
[12.913s] running install
[12.921s] running install_lib
[12.932s] copying /home/pi/arm_ws/build/turtle_con/build/lib/turtle_con/with_qr.py -> /home/pi/arm_ws/install/turtle_con/lib/python3.8/site-packages/turtle_con
[12.938s] byte-compiling /home/pi/arm_ws/install/turtle_con/lib/python3.8/site-packages/turtle_con/with_qr.py to with_qr.cpython-38.pyc
[12.960s] running install_data
[12.962s] running install_egg_info
[12.978s] removing '/home/pi/arm_ws/install/turtle_con/lib/python3.8/site-packages/turtle_con-0.0.0-py3.8.egg-info' (and everything under it)
[12.982s] Copying ../../build/turtle_con/turtle_con.egg-info to /home/pi/arm_ws/install/turtle_con/lib/python3.8/site-packages/turtle_con-0.0.0-py3.8.egg-info
[12.995s] running install_scripts
[13.205s] Installing turtle_ros2_con script to /home/pi/arm_ws/install/turtle_con/lib/turtle_con
[13.208s] Installing with_qr script to /home/pi/arm_ws/install/turtle_con/lib/turtle_con
[13.215s] writing list of installed files to '/home/pi/arm_ws/build/turtle_con/install.log'
[13.405s] Invoked command in '/home/pi/arm_ws/src/turtle_con' returned '0': PYTHONPATH=/home/pi/arm_ws/build/turtle_con/prefix_override:/usr/lib/python3/dist-packages/colcon_core/task/python/colcon_distutils_commands:/home/pi/arm_ws/install/turtle_con/lib/python3.8/site-packages:${PYTHONPATH} /usr/bin/python3 -W ignore:setup.py install is deprecated setup.py egg_info --egg-base ../../build/turtle_con build --build-base /home/pi/arm_ws/build/turtle_con/build install --record /home/pi/arm_ws/build/turtle_con/install.log --install-scripts $base/lib/turtle_con --single-version-externally-managed install_data
