running develop
running egg_info
writing spot_bt_ros.egg-info/PKG-INFO
writing dependency_links to spot_bt_ros.egg-info/dependency_links.txt
writing entry points to spot_bt_ros.egg-info/entry_points.txt
writing requirements to spot_bt_ros.egg-info/requires.txt
writing top-level names to spot_bt_ros.egg-info/top_level.txt
reading manifest file 'spot_bt_ros.egg-info/SOURCES.txt'
writing manifest file 'spot_bt_ros.egg-info/SOURCES.txt'
running build_ext
Creating /home/kmw/trees_ws/install/spot_bt_ros/lib/python3.10/site-packages/spot-bt-ros.egg-link (link to .)
Installing spot_arm_demo script to /home/kmw/trees_ws/install/spot_bt_ros/lib/spot_bt_ros
Installing spot_fiducial_demo script to /home/kmw/trees_ws/install/spot_bt_ros/lib/spot_bt_ros
Installing spot_pose_demo script to /home/kmw/trees_ws/install/spot_bt_ros/lib/spot_bt_ros

Installed /home/kmw/trees_ws/build/spot_bt_ros
running symlink_data
symbolically linking /home/kmw/trees_ws/build/spot_bt_ros/resource/spot_bt_ros -> /home/kmw/trees_ws/install/spot_bt_ros/share/ament_index/resource_index/packages
symbolically linking /home/kmw/trees_ws/build/spot_bt_ros/package.xml -> /home/kmw/trees_ws/install/spot_bt_ros/share/spot_bt_ros
symbolically linking /home/kmw/trees_ws/build/spot_bt_ros/launch/demo.launch.py -> /home/kmw/trees_ws/install/spot_bt_ros/share/spot_bt_ros/launch
symbolically linking /home/kmw/trees_ws/build/spot_bt_ros/scripts/demo_arm.py -> /home/kmw/trees_ws/install/spot_bt_ros/share/spot_bt_ros/scripts
symbolically linking /home/kmw/trees_ws/build/spot_bt_ros/scripts/demo_fiducial.py -> /home/kmw/trees_ws/install/spot_bt_ros/share/spot_bt_ros/scripts
symbolically linking /home/kmw/trees_ws/build/spot_bt_ros/scripts/demo_pose.py -> /home/kmw/trees_ws/install/spot_bt_ros/share/spot_bt_ros/scripts
