[1.421s] Invoking command in '/home/kmw/trees_ws/build/spot_bt_ros': AMENT_PREFIX_PATH=/home/kmw/trees_ws/install/py_trees_ros:/home/kmw/trees_ws/install/spot_bt_ros:/home/kmw/trees_ws/install/test_tree:/home/kmw/trees_ws/install/py_trees_ros_viewer:/home/kmw/trees_ws/install/py_trees_ros_tutorials:/opt/ros/humble CONDA_PROMPT_MODIFIER=(ros2_py310) PATH=/home/kmw/trees_ws/install/py_trees_ros/bin:/home/kmw/trees_ws/install/py_trees_ros_viewer/bin:/opt/ros/humble/bin:/home/kmw/gems/bin:/home/kmw/gems/bin:/home/kmw/miniconda3/envs/ros2_py310/bin:/home/kmw/miniconda3/condabin:/home/kmw/.cargo/bin:/home/kmw/.local/bin:/usr/local/sbin:/usr/local/bin:/usr/sbin:/usr/bin:/sbin:/bin:/usr/games:/usr/local/games:/snap/bin:/snap/bin PYTHONPATH=/home/kmw/trees_ws/build/spot_bt_ros/prefix_override:/usr/lib/python3/dist-packages/colcon_core/task/python/colcon_distutils_commands:/home/kmw/trees_ws/install/spot_bt_ros/lib/python3.10/site-packages:/home/kmw/trees_ws/build/py_trees_ros:/home/kmw/trees_ws/install/py_trees_ros/lib/python3.10/site-packages:/home/kmw/trees_ws/install/spot_bt_ros/lib/python3.10/site-packages:/home/kmw/trees_ws/install/test_tree/lib/python3.10/site-packages:/home/kmw/trees_ws/install/py_trees_ros_viewer/lib/python3.10/site-packages:/home/kmw/trees_ws/install/py_trees_ros_tutorials/lib/python3.10/site-packages:/opt/ros/humble/lib/python3.10/site-packages:/opt/ros/humble/local/lib/python3.10/dist-packages:/home/kmw/miniconda3/envs/ros2_py310/lib/python3.10/site-packages/ /usr/bin/python3 -W ignore:setup.py install is deprecated -W ignore:easy_install command is deprecated setup.py develop --editable --build-directory /home/kmw/trees_ws/build/spot_bt_ros/build --no-deps symlink_data --force
[1.783s] running develop
[2.032s] running egg_info
[2.050s] writing spot_bt_ros.egg-info/PKG-INFO
[2.050s] writing dependency_links to spot_bt_ros.egg-info/dependency_links.txt
[2.050s] writing entry points to spot_bt_ros.egg-info/entry_points.txt
[2.051s] writing requirements to spot_bt_ros.egg-info/requires.txt
[2.051s] writing top-level names to spot_bt_ros.egg-info/top_level.txt
[2.088s] reading manifest file 'spot_bt_ros.egg-info/SOURCES.txt'
[2.090s] writing manifest file 'spot_bt_ros.egg-info/SOURCES.txt'
[2.112s] running build_ext
[2.112s] Creating /home/kmw/trees_ws/install/spot_bt_ros/lib/python3.10/site-packages/spot-bt-ros.egg-link (link to .)
[2.113s] Installing spot_arm_demo script to /home/kmw/trees_ws/install/spot_bt_ros/lib/spot_bt_ros
[2.113s] Installing spot_fiducial_demo script to /home/kmw/trees_ws/install/spot_bt_ros/lib/spot_bt_ros
[2.113s] Installing spot_pose_demo script to /home/kmw/trees_ws/install/spot_bt_ros/lib/spot_bt_ros
[2.114s] 
[2.114s] Installed /home/kmw/trees_ws/build/spot_bt_ros
[2.114s] running symlink_data
[2.114s] symbolically linking /home/kmw/trees_ws/build/spot_bt_ros/resource/spot_bt_ros -> /home/kmw/trees_ws/install/spot_bt_ros/share/ament_index/resource_index/packages
[2.114s] symbolically linking /home/kmw/trees_ws/build/spot_bt_ros/package.xml -> /home/kmw/trees_ws/install/spot_bt_ros/share/spot_bt_ros
[2.115s] symbolically linking /home/kmw/trees_ws/build/spot_bt_ros/launch/demo.launch.py -> /home/kmw/trees_ws/install/spot_bt_ros/share/spot_bt_ros/launch
[2.115s] symbolically linking /home/kmw/trees_ws/build/spot_bt_ros/scripts/demo_arm.py -> /home/kmw/trees_ws/install/spot_bt_ros/share/spot_bt_ros/scripts
[2.115s] symbolically linking /home/kmw/trees_ws/build/spot_bt_ros/scripts/demo_fiducial.py -> /home/kmw/trees_ws/install/spot_bt_ros/share/spot_bt_ros/scripts
[2.115s] symbolically linking /home/kmw/trees_ws/build/spot_bt_ros/scripts/demo_pose.py -> /home/kmw/trees_ws/install/spot_bt_ros/share/spot_bt_ros/scripts
[2.191s] Invoked command in '/home/kmw/trees_ws/build/spot_bt_ros' returned '0': AMENT_PREFIX_PATH=/home/kmw/trees_ws/install/py_trees_ros:/home/kmw/trees_ws/install/spot_bt_ros:/home/kmw/trees_ws/install/test_tree:/home/kmw/trees_ws/install/py_trees_ros_viewer:/home/kmw/trees_ws/install/py_trees_ros_tutorials:/opt/ros/humble CONDA_PROMPT_MODIFIER=(ros2_py310) PATH=/home/kmw/trees_ws/install/py_trees_ros/bin:/home/kmw/trees_ws/install/py_trees_ros_viewer/bin:/opt/ros/humble/bin:/home/kmw/gems/bin:/home/kmw/gems/bin:/home/kmw/miniconda3/envs/ros2_py310/bin:/home/kmw/miniconda3/condabin:/home/kmw/.cargo/bin:/home/kmw/.local/bin:/usr/local/sbin:/usr/local/bin:/usr/sbin:/usr/bin:/sbin:/bin:/usr/games:/usr/local/games:/snap/bin:/snap/bin PYTHONPATH=/home/kmw/trees_ws/build/spot_bt_ros/prefix_override:/usr/lib/python3/dist-packages/colcon_core/task/python/colcon_distutils_commands:/home/kmw/trees_ws/install/spot_bt_ros/lib/python3.10/site-packages:/home/kmw/trees_ws/build/py_trees_ros:/home/kmw/trees_ws/install/py_trees_ros/lib/python3.10/site-packages:/home/kmw/trees_ws/install/spot_bt_ros/lib/python3.10/site-packages:/home/kmw/trees_ws/install/test_tree/lib/python3.10/site-packages:/home/kmw/trees_ws/install/py_trees_ros_viewer/lib/python3.10/site-packages:/home/kmw/trees_ws/install/py_trees_ros_tutorials/lib/python3.10/site-packages:/opt/ros/humble/lib/python3.10/site-packages:/opt/ros/humble/local/lib/python3.10/dist-packages:/home/kmw/miniconda3/envs/ros2_py310/lib/python3.10/site-packages/ /usr/bin/python3 -W ignore:setup.py install is deprecated -W ignore:easy_install command is deprecated setup.py develop --editable --build-directory /home/kmw/trees_ws/build/spot_bt_ros/build --no-deps symlink_data --force
