[2.240s] DEBUG:colcon:Command line arguments: ['/usr/bin/colcon', 'build']
[2.241s] DEBUG:colcon:Parsed command line arguments: Namespace(allow_overriding=[], ament_cmake_args=None, base_paths=['.'], build_base='build', catkin_cmake_args=None, catkin_skip_building_tests=False, cmake_args=None, cmake_clean_cache=False, cmake_clean_first=False, cmake_force_configure=False, cmake_target=None, cmake_target_skip_unavailable=False, continue_on_error=False, event_handlers=None, executor='parallel', ignore_user_meta=False, install_base='install', log_base=None, log_level=None, main=<bound method BuildVerb.main of <colcon_core.verb.build.BuildVerb object at 0xffff97cdb3a0>>, merge_install=False, metas=['./colcon.meta'], mixin=None, mixin_files=None, mixin_verb=('build',), packages_above=None, packages_above_and_dependencies=None, packages_above_depth=None, packages_end=None, packages_ignore=None, packages_ignore_regex=None, packages_select=None, packages_select_build_failed=False, packages_select_by_dep=None, packages_select_regex=None, packages_select_test_failures=False, packages_skip=None, packages_skip_build_finished=False, packages_skip_by_dep=None, packages_skip_regex=None, packages_skip_test_passed=False, packages_skip_up_to=None, packages_start=None, packages_up_to=None, packages_up_to_regex=None, parallel_workers=4, paths=None, symlink_install=False, test_result_base=None, verb_extension=<colcon_core.verb.build.BuildVerb object at 0xffff97cdb3a0>, verb_name='build', verb_parser=<colcon_mixin.mixin.mixin_argument.MixinArgumentDecorator object at 0xffff97bc6280>)
[4.184s] Level 1:colcon.colcon_core.package_discovery:discover_packages(colcon_meta) check parameters
[4.185s] Level 1:colcon.colcon_core.package_discovery:discover_packages(recursive) check parameters
[4.185s] Level 1:colcon.colcon_core.package_discovery:discover_packages(ignore) check parameters
[4.186s] Level 1:colcon.colcon_core.package_discovery:discover_packages(path) check parameters
[4.186s] Level 1:colcon.colcon_core.package_discovery:discover_packages(colcon_meta) discover
[4.186s] Level 1:colcon.colcon_core.package_discovery:discover_packages(recursive) discover
[4.187s] INFO:colcon.colcon_core.package_discovery:Crawling recursively for packages in '/home/pi/arm_ws'
[4.188s] Level 1:colcon.colcon_core.package_identification:_identify(.) by extensions ['ignore', 'ignore_ament_install']
[4.189s] Level 1:colcon.colcon_core.package_identification:_identify(.) by extension 'ignore'
[4.189s] Level 1:colcon.colcon_core.package_identification:_identify(.) by extension 'ignore_ament_install'
[4.190s] Level 1:colcon.colcon_core.package_identification:_identify(.) by extensions ['colcon_pkg']
[4.190s] Level 1:colcon.colcon_core.package_identification:_identify(.) by extension 'colcon_pkg'
[4.191s] Level 1:colcon.colcon_core.package_identification:_identify(.) by extensions ['colcon_meta']
[4.191s] Level 1:colcon.colcon_core.package_identification:_identify(.) by extension 'colcon_meta'
[4.191s] Level 1:colcon.colcon_core.package_identification:_identify(.) by extensions ['ros']
[4.192s] Level 1:colcon.colcon_core.package_identification:_identify(.) by extension 'ros'
[4.306s] Level 1:colcon.colcon_core.package_identification:_identify(.) by extensions ['cmake', 'python']
[4.307s] Level 1:colcon.colcon_core.package_identification:_identify(.) by extension 'cmake'
[4.308s] Level 1:colcon.colcon_core.package_identification:_identify(.) by extension 'python'
[4.308s] Level 1:colcon.colcon_core.package_identification:_identify(.) by extensions ['python_setup_py']
[4.308s] Level 1:colcon.colcon_core.package_identification:_identify(.) by extension 'python_setup_py'
[4.310s] Level 1:colcon.colcon_core.package_identification:_identify(FTServo_Python) by extensions ['ignore', 'ignore_ament_install']
[4.311s] Level 1:colcon.colcon_core.package_identification:_identify(FTServo_Python) by extension 'ignore'
[4.311s] Level 1:colcon.colcon_core.package_identification:_identify(FTServo_Python) by extension 'ignore_ament_install'
[4.312s] Level 1:colcon.colcon_core.package_identification:_identify(FTServo_Python) by extensions ['colcon_pkg']
[4.312s] Level 1:colcon.colcon_core.package_identification:_identify(FTServo_Python) by extension 'colcon_pkg'
[4.312s] Level 1:colcon.colcon_core.package_identification:_identify(FTServo_Python) by extensions ['colcon_meta']
[4.313s] Level 1:colcon.colcon_core.package_identification:_identify(FTServo_Python) by extension 'colcon_meta'
[4.313s] Level 1:colcon.colcon_core.package_identification:_identify(FTServo_Python) by extensions ['ros']
[4.314s] Level 1:colcon.colcon_core.package_identification:_identify(FTServo_Python) by extension 'ros'
[4.315s] Level 1:colcon.colcon_core.package_identification:_identify(FTServo_Python) by extensions ['cmake', 'python']
[4.315s] Level 1:colcon.colcon_core.package_identification:_identify(FTServo_Python) by extension 'cmake'
[4.315s] Level 1:colcon.colcon_core.package_identification:_identify(FTServo_Python) by extension 'python'
[4.316s] Level 1:colcon.colcon_core.package_identification:_identify(FTServo_Python) by extensions ['python_setup_py']
[4.316s] Level 1:colcon.colcon_core.package_identification:_identify(FTServo_Python) by extension 'python_setup_py'
[4.317s] Level 1:colcon.colcon_core.package_identification:_identify(FTServo_Python/scscl) by extensions ['ignore', 'ignore_ament_install']
[4.318s] Level 1:colcon.colcon_core.package_identification:_identify(FTServo_Python/scscl) by extension 'ignore'
[4.319s] Level 1:colcon.colcon_core.package_identification:_identify(FTServo_Python/scscl) by extension 'ignore_ament_install'
[4.319s] Level 1:colcon.colcon_core.package_identification:_identify(FTServo_Python/scscl) by extensions ['colcon_pkg']
[4.320s] Level 1:colcon.colcon_core.package_identification:_identify(FTServo_Python/scscl) by extension 'colcon_pkg'
[4.320s] Level 1:colcon.colcon_core.package_identification:_identify(FTServo_Python/scscl) by extensions ['colcon_meta']
[4.320s] Level 1:colcon.colcon_core.package_identification:_identify(FTServo_Python/scscl) by extension 'colcon_meta'
[4.321s] Level 1:colcon.colcon_core.package_identification:_identify(FTServo_Python/scscl) by extensions ['ros']
[4.321s] Level 1:colcon.colcon_core.package_identification:_identify(FTServo_Python/scscl) by extension 'ros'
[4.322s] Level 1:colcon.colcon_core.package_identification:_identify(FTServo_Python/scscl) by extensions ['cmake', 'python']
[4.322s] Level 1:colcon.colcon_core.package_identification:_identify(FTServo_Python/scscl) by extension 'cmake'
[4.323s] Level 1:colcon.colcon_core.package_identification:_identify(FTServo_Python/scscl) by extension 'python'
[4.323s] Level 1:colcon.colcon_core.package_identification:_identify(FTServo_Python/scscl) by extensions ['python_setup_py']
[4.323s] Level 1:colcon.colcon_core.package_identification:_identify(FTServo_Python/scscl) by extension 'python_setup_py'
[4.325s] Level 1:colcon.colcon_core.package_identification:_identify(FTServo_Python/scservo_sdk) by extensions ['ignore', 'ignore_ament_install']
[4.326s] Level 1:colcon.colcon_core.package_identification:_identify(FTServo_Python/scservo_sdk) by extension 'ignore'
[4.326s] Level 1:colcon.colcon_core.package_identification:_identify(FTServo_Python/scservo_sdk) by extension 'ignore_ament_install'
[4.327s] Level 1:colcon.colcon_core.package_identification:_identify(FTServo_Python/scservo_sdk) by extensions ['colcon_pkg']
[4.327s] Level 1:colcon.colcon_core.package_identification:_identify(FTServo_Python/scservo_sdk) by extension 'colcon_pkg'
[4.328s] Level 1:colcon.colcon_core.package_identification:_identify(FTServo_Python/scservo_sdk) by extensions ['colcon_meta']
[4.328s] Level 1:colcon.colcon_core.package_identification:_identify(FTServo_Python/scservo_sdk) by extension 'colcon_meta'
[4.328s] Level 1:colcon.colcon_core.package_identification:_identify(FTServo_Python/scservo_sdk) by extensions ['ros']
[4.329s] Level 1:colcon.colcon_core.package_identification:_identify(FTServo_Python/scservo_sdk) by extension 'ros'
[4.330s] Level 1:colcon.colcon_core.package_identification:_identify(FTServo_Python/scservo_sdk) by extensions ['cmake', 'python']
[4.330s] Level 1:colcon.colcon_core.package_identification:_identify(FTServo_Python/scservo_sdk) by extension 'cmake'
[4.331s] Level 1:colcon.colcon_core.package_identification:_identify(FTServo_Python/scservo_sdk) by extension 'python'
[4.331s] Level 1:colcon.colcon_core.package_identification:_identify(FTServo_Python/scservo_sdk) by extensions ['python_setup_py']
[4.331s] Level 1:colcon.colcon_core.package_identification:_identify(FTServo_Python/scservo_sdk) by extension 'python_setup_py'
[4.333s] Level 1:colcon.colcon_core.package_identification:_identify(FTServo_Python/sms_sts) by extensions ['ignore', 'ignore_ament_install']
[4.334s] Level 1:colcon.colcon_core.package_identification:_identify(FTServo_Python/sms_sts) by extension 'ignore'
[4.334s] Level 1:colcon.colcon_core.package_identification:_identify(FTServo_Python/sms_sts) by extension 'ignore_ament_install'
[4.335s] Level 1:colcon.colcon_core.package_identification:_identify(FTServo_Python/sms_sts) by extensions ['colcon_pkg']
[4.335s] Level 1:colcon.colcon_core.package_identification:_identify(FTServo_Python/sms_sts) by extension 'colcon_pkg'
[4.335s] Level 1:colcon.colcon_core.package_identification:_identify(FTServo_Python/sms_sts) by extensions ['colcon_meta']
[4.336s] Level 1:colcon.colcon_core.package_identification:_identify(FTServo_Python/sms_sts) by extension 'colcon_meta'
[4.336s] Level 1:colcon.colcon_core.package_identification:_identify(FTServo_Python/sms_sts) by extensions ['ros']
[4.337s] Level 1:colcon.colcon_core.package_identification:_identify(FTServo_Python/sms_sts) by extension 'ros'
[4.337s] Level 1:colcon.colcon_core.package_identification:_identify(FTServo_Python/sms_sts) by extensions ['cmake', 'python']
[4.338s] Level 1:colcon.colcon_core.package_identification:_identify(FTServo_Python/sms_sts) by extension 'cmake'
[4.338s] Level 1:colcon.colcon_core.package_identification:_identify(FTServo_Python/sms_sts) by extension 'python'
[4.339s] Level 1:colcon.colcon_core.package_identification:_identify(FTServo_Python/sms_sts) by extensions ['python_setup_py']
[4.339s] Level 1:colcon.colcon_core.package_identification:_identify(FTServo_Python/sms_sts) by extension 'python_setup_py'
[4.340s] Level 1:colcon.colcon_core.package_identification:_identify(FTServo_Python/sms_sts/build) by extensions ['ignore', 'ignore_ament_install']
[4.341s] Level 1:colcon.colcon_core.package_identification:_identify(FTServo_Python/sms_sts/build) by extension 'ignore'
[4.341s] Level 1:colcon.colcon_core.package_identification:_identify(FTServo_Python/sms_sts/build) ignored
[4.343s] Level 1:colcon.colcon_core.package_identification:_identify(FTServo_Python/sms_sts/install) by extensions ['ignore', 'ignore_ament_install']
[4.344s] Level 1:colcon.colcon_core.package_identification:_identify(FTServo_Python/sms_sts/install) by extension 'ignore'
[4.344s] Level 1:colcon.colcon_core.package_identification:_identify(FTServo_Python/sms_sts/install) ignored
[4.345s] Level 1:colcon.colcon_core.package_identification:_identify(FTServo_Python/sms_sts/log) by extensions ['ignore', 'ignore_ament_install']
[4.346s] Level 1:colcon.colcon_core.package_identification:_identify(FTServo_Python/sms_sts/log) by extension 'ignore'
[4.347s] Level 1:colcon.colcon_core.package_identification:_identify(FTServo_Python/sms_sts/log) ignored
[4.348s] Level 1:colcon.colcon_core.package_identification:_identify(FTServo_Python/sms_sts/src) by extensions ['ignore', 'ignore_ament_install']
[4.349s] Level 1:colcon.colcon_core.package_identification:_identify(FTServo_Python/sms_sts/src) by extension 'ignore'
[4.349s] Level 1:colcon.colcon_core.package_identification:_identify(FTServo_Python/sms_sts/src) by extension 'ignore_ament_install'
[4.350s] Level 1:colcon.colcon_core.package_identification:_identify(FTServo_Python/sms_sts/src) by extensions ['colcon_pkg']
[4.350s] Level 1:colcon.colcon_core.package_identification:_identify(FTServo_Python/sms_sts/src) by extension 'colcon_pkg'
[4.351s] Level 1:colcon.colcon_core.package_identification:_identify(FTServo_Python/sms_sts/src) by extensions ['colcon_meta']
[4.351s] Level 1:colcon.colcon_core.package_identification:_identify(FTServo_Python/sms_sts/src) by extension 'colcon_meta'
[4.352s] Level 1:colcon.colcon_core.package_identification:_identify(FTServo_Python/sms_sts/src) by extensions ['ros']
[4.352s] Level 1:colcon.colcon_core.package_identification:_identify(FTServo_Python/sms_sts/src) by extension 'ros'
[4.353s] Level 1:colcon.colcon_core.package_identification:_identify(FTServo_Python/sms_sts/src) by extensions ['cmake', 'python']
[4.353s] Level 1:colcon.colcon_core.package_identification:_identify(FTServo_Python/sms_sts/src) by extension 'cmake'
[4.353s] Level 1:colcon.colcon_core.package_identification:_identify(FTServo_Python/sms_sts/src) by extension 'python'
[4.354s] Level 1:colcon.colcon_core.package_identification:_identify(FTServo_Python/sms_sts/src) by extensions ['python_setup_py']
[4.354s] Level 1:colcon.colcon_core.package_identification:_identify(FTServo_Python/sms_sts/src) by extension 'python_setup_py'
[4.355s] Level 1:colcon.colcon_core.package_identification:_identify(build) by extensions ['ignore', 'ignore_ament_install']
[4.356s] Level 1:colcon.colcon_core.package_identification:_identify(build) by extension 'ignore'
[4.357s] Level 1:colcon.colcon_core.package_identification:_identify(build) ignored
[4.358s] Level 1:colcon.colcon_core.package_identification:_identify(install) by extensions ['ignore', 'ignore_ament_install']
[4.359s] Level 1:colcon.colcon_core.package_identification:_identify(install) by extension 'ignore'
[4.359s] Level 1:colcon.colcon_core.package_identification:_identify(install) ignored
[4.364s] Level 1:colcon.colcon_core.package_identification:_identify(log) by extensions ['ignore', 'ignore_ament_install']
[4.367s] Level 1:colcon.colcon_core.package_identification:_identify(log) by extension 'ignore'
[4.367s] Level 1:colcon.colcon_core.package_identification:_identify(log) ignored
[4.369s] Level 1:colcon.colcon_core.package_identification:_identify(src) by extensions ['ignore', 'ignore_ament_install']
[4.370s] Level 1:colcon.colcon_core.package_identification:_identify(src) by extension 'ignore'
[4.371s] Level 1:colcon.colcon_core.package_identification:_identify(src) by extension 'ignore_ament_install'
[4.372s] Level 1:colcon.colcon_core.package_identification:_identify(src) by extensions ['colcon_pkg']
[4.372s] Level 1:colcon.colcon_core.package_identification:_identify(src) by extension 'colcon_pkg'
[4.373s] Level 1:colcon.colcon_core.package_identification:_identify(src) by extensions ['colcon_meta']
[4.373s] Level 1:colcon.colcon_core.package_identification:_identify(src) by extension 'colcon_meta'
[4.374s] Level 1:colcon.colcon_core.package_identification:_identify(src) by extensions ['ros']
[4.374s] Level 1:colcon.colcon_core.package_identification:_identify(src) by extension 'ros'
[4.375s] Level 1:colcon.colcon_core.package_identification:_identify(src) by extensions ['cmake', 'python']
[4.375s] Level 1:colcon.colcon_core.package_identification:_identify(src) by extension 'cmake'
[4.376s] Level 1:colcon.colcon_core.package_identification:_identify(src) by extension 'python'
[4.376s] Level 1:colcon.colcon_core.package_identification:_identify(src) by extensions ['python_setup_py']
[4.376s] Level 1:colcon.colcon_core.package_identification:_identify(src) by extension 'python_setup_py'
[4.378s] Level 1:colcon.colcon_core.package_identification:_identify(src/qr_cam) by extensions ['ignore', 'ignore_ament_install']
[4.379s] Level 1:colcon.colcon_core.package_identification:_identify(src/qr_cam) by extension 'ignore'
[4.379s] Level 1:colcon.colcon_core.package_identification:_identify(src/qr_cam) by extension 'ignore_ament_install'
[4.380s] Level 1:colcon.colcon_core.package_identification:_identify(src/qr_cam) by extensions ['colcon_pkg']
[4.380s] Level 1:colcon.colcon_core.package_identification:_identify(src/qr_cam) by extension 'colcon_pkg'
[4.381s] Level 1:colcon.colcon_core.package_identification:_identify(src/qr_cam) by extensions ['colcon_meta']
[4.381s] Level 1:colcon.colcon_core.package_identification:_identify(src/qr_cam) by extension 'colcon_meta'
[4.382s] Level 1:colcon.colcon_core.package_identification:_identify(src/qr_cam) by extensions ['ros']
[4.382s] Level 1:colcon.colcon_core.package_identification:_identify(src/qr_cam) by extension 'ros'
[4.403s] DEBUG:colcon.colcon_core.package_identification:Package 'src/qr_cam' with type 'ros.ament_python' and name 'qr_cam'
[4.404s] Level 1:colcon.colcon_core.package_identification:_identify(src/turtle_con) by extensions ['ignore', 'ignore_ament_install']
[4.405s] Level 1:colcon.colcon_core.package_identification:_identify(src/turtle_con) by extension 'ignore'
[4.405s] Level 1:colcon.colcon_core.package_identification:_identify(src/turtle_con) by extension 'ignore_ament_install'
[4.406s] Level 1:colcon.colcon_core.package_identification:_identify(src/turtle_con) by extensions ['colcon_pkg']
[4.406s] Level 1:colcon.colcon_core.package_identification:_identify(src/turtle_con) by extension 'colcon_pkg'
[4.407s] Level 1:colcon.colcon_core.package_identification:_identify(src/turtle_con) by extensions ['colcon_meta']
[4.407s] Level 1:colcon.colcon_core.package_identification:_identify(src/turtle_con) by extension 'colcon_meta'
[4.408s] Level 1:colcon.colcon_core.package_identification:_identify(src/turtle_con) by extensions ['ros']
[4.408s] Level 1:colcon.colcon_core.package_identification:_identify(src/turtle_con) by extension 'ros'
[4.415s] DEBUG:colcon.colcon_core.package_identification:Package 'src/turtle_con' with type 'ros.ament_python' and name 'turtle_con'
[4.416s] Level 1:colcon.colcon_core.package_discovery:discover_packages(recursive) using defaults
[4.416s] Level 1:colcon.colcon_core.package_discovery:discover_packages(ignore) discover
[4.416s] Level 1:colcon.colcon_core.package_discovery:discover_packages(ignore) using defaults
[4.417s] Level 1:colcon.colcon_core.package_discovery:discover_packages(path) discover
[4.417s] Level 1:colcon.colcon_core.package_discovery:discover_packages(path) using defaults
[4.568s] Level 1:colcon.colcon_core.package_discovery:discover_packages(prefix_path) check parameters
[4.568s] Level 1:colcon.colcon_core.package_discovery:discover_packages(prefix_path) discover
[4.589s] DEBUG:colcon.colcon_installed_package_information.package_discovery:Found 2 installed packages in /home/pi/arm_ws/install
[4.613s] DEBUG:colcon.colcon_installed_package_information.package_discovery:Found 299 installed packages in /opt/ros/foxy
[4.641s] Level 1:colcon.colcon_core.package_discovery:discover_packages(prefix_path) using defaults
[5.732s] Level 5:colcon.colcon_core.verb:set package 'qr_cam' build argument 'cmake_args' from command line to 'None'
[5.732s] Level 5:colcon.colcon_core.verb:set package 'qr_cam' build argument 'cmake_target' from command line to 'None'
[5.733s] Level 5:colcon.colcon_core.verb:set package 'qr_cam' build argument 'cmake_target_skip_unavailable' from command line to 'False'
[5.733s] Level 5:colcon.colcon_core.verb:set package 'qr_cam' build argument 'cmake_clean_cache' from command line to 'False'
[5.733s] Level 5:colcon.colcon_core.verb:set package 'qr_cam' build argument 'cmake_clean_first' from command line to 'False'
[5.734s] Level 5:colcon.colcon_core.verb:set package 'qr_cam' build argument 'cmake_force_configure' from command line to 'False'
[5.734s] Level 5:colcon.colcon_core.verb:set package 'qr_cam' build argument 'ament_cmake_args' from command line to 'None'
[5.734s] Level 5:colcon.colcon_core.verb:set package 'qr_cam' build argument 'catkin_cmake_args' from command line to 'None'
[5.734s] Level 5:colcon.colcon_core.verb:set package 'qr_cam' build argument 'catkin_skip_building_tests' from command line to 'False'
[5.735s] DEBUG:colcon.colcon_core.verb:Building package 'qr_cam' with the following arguments: {'ament_cmake_args': None, 'build_base': '/home/pi/arm_ws/build/qr_cam', 'catkin_cmake_args': None, 'catkin_skip_building_tests': False, 'cmake_args': None, 'cmake_clean_cache': False, 'cmake_clean_first': False, 'cmake_force_configure': False, 'cmake_target': None, 'cmake_target_skip_unavailable': False, 'install_base': '/home/pi/arm_ws/install/qr_cam', 'merge_install': False, 'path': '/home/pi/arm_ws/src/qr_cam', 'symlink_install': False, 'test_result_base': None}
[5.739s] Level 5:colcon.colcon_core.verb:set package 'turtle_con' build argument 'cmake_args' from command line to 'None'
[5.739s] Level 5:colcon.colcon_core.verb:set package 'turtle_con' build argument 'cmake_target' from command line to 'None'
[5.740s] Level 5:colcon.colcon_core.verb:set package 'turtle_con' build argument 'cmake_target_skip_unavailable' from command line to 'False'
[5.740s] Level 5:colcon.colcon_core.verb:set package 'turtle_con' build argument 'cmake_clean_cache' from command line to 'False'
[5.740s] Level 5:colcon.colcon_core.verb:set package 'turtle_con' build argument 'cmake_clean_first' from command line to 'False'
[5.740s] Level 5:colcon.colcon_core.verb:set package 'turtle_con' build argument 'cmake_force_configure' from command line to 'False'
[5.741s] Level 5:colcon.colcon_core.verb:set package 'turtle_con' build argument 'ament_cmake_args' from command line to 'None'
[5.741s] Level 5:colcon.colcon_core.verb:set package 'turtle_con' build argument 'catkin_cmake_args' from command line to 'None'
[5.741s] Level 5:colcon.colcon_core.verb:set package 'turtle_con' build argument 'catkin_skip_building_tests' from command line to 'False'
[5.742s] DEBUG:colcon.colcon_core.verb:Building package 'turtle_con' with the following arguments: {'ament_cmake_args': None, 'build_base': '/home/pi/arm_ws/build/turtle_con', 'catkin_cmake_args': None, 'catkin_skip_building_tests': False, 'cmake_args': None, 'cmake_clean_cache': False, 'cmake_clean_first': False, 'cmake_force_configure': False, 'cmake_target': None, 'cmake_target_skip_unavailable': False, 'install_base': '/home/pi/arm_ws/install/turtle_con', 'merge_install': False, 'path': '/home/pi/arm_ws/src/turtle_con', 'symlink_install': False, 'test_result_base': None}
[5.743s] INFO:colcon.colcon_core.executor:Executing jobs using 'parallel' executor
[5.751s] DEBUG:colcon.colcon_parallel_executor.executor.parallel:run_until_complete
[5.753s] INFO:colcon.colcon_ros.task.ament_python.build:Building ROS package in '/home/pi/arm_ws/src/qr_cam' with build type 'ament_python'
[5.754s] Level 1:colcon.colcon_core.shell:create_environment_hook('qr_cam', 'ament_prefix_path')
[5.773s] INFO:colcon.colcon_core.plugin_system:Skipping extension 'colcon_core.shell.bat': Not used on non-Windows systems
[5.776s] INFO:colcon.colcon_core.shell:Creating environment hook '/home/pi/arm_ws/install/qr_cam/share/qr_cam/hook/ament_prefix_path.ps1'
[5.781s] INFO:colcon.colcon_core.shell:Creating environment descriptor '/home/pi/arm_ws/install/qr_cam/share/qr_cam/hook/ament_prefix_path.dsv'
[5.787s] INFO:colcon.colcon_core.shell:Creating environment hook '/home/pi/arm_ws/install/qr_cam/share/qr_cam/hook/ament_prefix_path.sh'
[5.795s] INFO:colcon.colcon_core.shell:Skip shell extension 'powershell' for command environment: Not usable outside of PowerShell
[5.795s] DEBUG:colcon.colcon_core.shell:Skip shell extension 'dsv' for command environment
[5.873s] INFO:colcon.colcon_ros.task.ament_python.build:Building ROS package in '/home/pi/arm_ws/src/turtle_con' with build type 'ament_python'
[5.875s] Level 1:colcon.colcon_core.shell:create_environment_hook('turtle_con', 'ament_prefix_path')
[5.878s] INFO:colcon.colcon_core.shell:Creating environment hook '/home/pi/arm_ws/install/turtle_con/share/turtle_con/hook/ament_prefix_path.ps1'
[5.884s] INFO:colcon.colcon_core.shell:Creating environment descriptor '/home/pi/arm_ws/install/turtle_con/share/turtle_con/hook/ament_prefix_path.dsv'
[5.888s] INFO:colcon.colcon_core.shell:Creating environment hook '/home/pi/arm_ws/install/turtle_con/share/turtle_con/hook/ament_prefix_path.sh'
[5.894s] INFO:colcon.colcon_core.shell:Skip shell extension 'powershell' for command environment: Not usable outside of PowerShell
[5.895s] DEBUG:colcon.colcon_core.shell:Skip shell extension 'dsv' for command environment
[8.573s] INFO:colcon.colcon_core.task.python.build:Building Python package in '/home/pi/arm_ws/src/qr_cam'
[8.576s] INFO:colcon.colcon_core.shell:Skip shell extension 'powershell' for command environment: Not usable outside of PowerShell
[8.577s] DEBUG:colcon.colcon_core.shell:Skip shell extension 'dsv' for command environment
[11.325s] INFO:colcon.colcon_core.task.python.build:Building Python package in '/home/pi/arm_ws/src/turtle_con'
[11.328s] INFO:colcon.colcon_core.shell:Skip shell extension 'powershell' for command environment: Not usable outside of PowerShell
[11.329s] DEBUG:colcon.colcon_core.shell:Skip shell extension 'dsv' for command environment
[15.892s] DEBUG:colcon.colcon_core.event_handler.log_command:Invoking command in '/home/pi/arm_ws/src/qr_cam': PYTHONPATH=/home/pi/arm_ws/build/qr_cam/prefix_override:/usr/lib/python3/dist-packages/colcon_core/task/python/colcon_distutils_commands:/home/pi/arm_ws/install/qr_cam/lib/python3.8/site-packages:${PYTHONPATH} /usr/bin/python3 -W ignore:setup.py install is deprecated setup.py egg_info --egg-base ../../build/qr_cam build --build-base /home/pi/arm_ws/build/qr_cam/build install --record /home/pi/arm_ws/build/qr_cam/install.log --install-scripts $base/lib/qr_cam --single-version-externally-managed install_data
[16.144s] DEBUG:colcon.colcon_core.event_handler.log_command:Invoking command in '/home/pi/arm_ws/src/turtle_con': PYTHONPATH=/home/pi/arm_ws/build/turtle_con/prefix_override:/usr/lib/python3/dist-packages/colcon_core/task/python/colcon_distutils_commands:/home/pi/arm_ws/install/turtle_con/lib/python3.8/site-packages:${PYTHONPATH} /usr/bin/python3 -W ignore:setup.py install is deprecated setup.py egg_info --egg-base ../../build/turtle_con build --build-base /home/pi/arm_ws/build/turtle_con/build install --record /home/pi/arm_ws/build/turtle_con/install.log --install-scripts $base/lib/turtle_con --single-version-externally-managed install_data
[19.641s] DEBUG:colcon.colcon_core.event_handler.log_command:Invoked command in '/home/pi/arm_ws/src/turtle_con' returned '0': PYTHONPATH=/home/pi/arm_ws/build/turtle_con/prefix_override:/usr/lib/python3/dist-packages/colcon_core/task/python/colcon_distutils_commands:/home/pi/arm_ws/install/turtle_con/lib/python3.8/site-packages:${PYTHONPATH} /usr/bin/python3 -W ignore:setup.py install is deprecated setup.py egg_info --egg-base ../../build/turtle_con build --build-base /home/pi/arm_ws/build/turtle_con/build install --record /home/pi/arm_ws/build/turtle_con/install.log --install-scripts $base/lib/turtle_con --single-version-externally-managed install_data
[19.677s] Level 1:colcon.colcon_core.environment:checking '/home/pi/arm_ws/install/turtle_con' for CMake module files
[19.683s] Level 1:colcon.colcon_core.environment:checking '/home/pi/arm_ws/install/turtle_con' for CMake config files
[19.693s] Level 1:colcon.colcon_core.environment:checking '/home/pi/arm_ws/install/turtle_con/lib'
[19.695s] Level 1:colcon.colcon_core.environment:checking '/home/pi/arm_ws/install/turtle_con/bin'
[19.696s] Level 1:colcon.colcon_core.environment:checking '/home/pi/arm_ws/install/turtle_con/lib/pkgconfig/turtle_con.pc'
[19.698s] Level 1:colcon.colcon_core.environment:checking '/home/pi/arm_ws/install/turtle_con/lib/python3.8/site-packages'
[19.699s] Level 1:colcon.colcon_core.shell:create_environment_hook('turtle_con', 'pythonpath')
[19.701s] INFO:colcon.colcon_core.shell:Creating environment hook '/home/pi/arm_ws/install/turtle_con/share/turtle_con/hook/pythonpath.ps1'
[19.706s] INFO:colcon.colcon_core.shell:Creating environment descriptor '/home/pi/arm_ws/install/turtle_con/share/turtle_con/hook/pythonpath.dsv'
[19.710s] INFO:colcon.colcon_core.shell:Creating environment hook '/home/pi/arm_ws/install/turtle_con/share/turtle_con/hook/pythonpath.sh'
[19.715s] Level 1:colcon.colcon_core.environment:checking '/home/pi/arm_ws/install/turtle_con/bin'
[19.716s] Level 1:colcon.colcon_core.environment:create_environment_scripts_only(turtle_con)
[19.720s] INFO:colcon.colcon_core.shell:Creating package script '/home/pi/arm_ws/install/turtle_con/share/turtle_con/package.ps1'
[19.728s] INFO:colcon.colcon_core.shell:Creating package descriptor '/home/pi/arm_ws/install/turtle_con/share/turtle_con/package.dsv'
[19.735s] INFO:colcon.colcon_core.shell:Creating package script '/home/pi/arm_ws/install/turtle_con/share/turtle_con/package.sh'
[19.743s] INFO:colcon.colcon_core.shell:Creating package script '/home/pi/arm_ws/install/turtle_con/share/turtle_con/package.bash'
[19.752s] INFO:colcon.colcon_core.shell:Creating package script '/home/pi/arm_ws/install/turtle_con/share/turtle_con/package.zsh'
[19.761s] Level 1:colcon.colcon_core.environment:create_file_with_runtime_dependencies(/home/pi/arm_ws/install/turtle_con/share/colcon-core/packages/turtle_con)
[19.957s] Level 1:colcon.colcon_core.environment:checking '/home/pi/arm_ws/install/qr_cam' for CMake module files
[19.963s] Level 1:colcon.colcon_core.environment:checking '/home/pi/arm_ws/install/qr_cam' for CMake config files
[19.968s] DEBUG:colcon.colcon_core.event_handler.log_command:Invoked command in '/home/pi/arm_ws/src/qr_cam' returned '0': PYTHONPATH=/home/pi/arm_ws/build/qr_cam/prefix_override:/usr/lib/python3/dist-packages/colcon_core/task/python/colcon_distutils_commands:/home/pi/arm_ws/install/qr_cam/lib/python3.8/site-packages:${PYTHONPATH} /usr/bin/python3 -W ignore:setup.py install is deprecated setup.py egg_info --egg-base ../../build/qr_cam build --build-base /home/pi/arm_ws/build/qr_cam/build install --record /home/pi/arm_ws/build/qr_cam/install.log --install-scripts $base/lib/qr_cam --single-version-externally-managed install_data
[19.976s] Level 1:colcon.colcon_core.environment:checking '/home/pi/arm_ws/install/qr_cam/lib'
[19.977s] Level 1:colcon.colcon_core.environment:checking '/home/pi/arm_ws/install/qr_cam/bin'
[19.978s] Level 1:colcon.colcon_core.environment:checking '/home/pi/arm_ws/install/qr_cam/lib/pkgconfig/qr_cam.pc'
[19.980s] Level 1:colcon.colcon_core.environment:checking '/home/pi/arm_ws/install/qr_cam/lib/python3.8/site-packages'
[19.981s] Level 1:colcon.colcon_core.shell:create_environment_hook('qr_cam', 'pythonpath')
[19.983s] INFO:colcon.colcon_core.shell:Creating environment hook '/home/pi/arm_ws/install/qr_cam/share/qr_cam/hook/pythonpath.ps1'
[19.988s] INFO:colcon.colcon_core.shell:Creating environment descriptor '/home/pi/arm_ws/install/qr_cam/share/qr_cam/hook/pythonpath.dsv'
[19.992s] INFO:colcon.colcon_core.shell:Creating environment hook '/home/pi/arm_ws/install/qr_cam/share/qr_cam/hook/pythonpath.sh'
[19.998s] Level 1:colcon.colcon_core.environment:checking '/home/pi/arm_ws/install/qr_cam/bin'
[19.999s] Level 1:colcon.colcon_core.environment:create_environment_scripts_only(qr_cam)
[20.002s] INFO:colcon.colcon_core.shell:Creating package script '/home/pi/arm_ws/install/qr_cam/share/qr_cam/package.ps1'
[20.007s] INFO:colcon.colcon_core.shell:Creating package descriptor '/home/pi/arm_ws/install/qr_cam/share/qr_cam/package.dsv'
[20.012s] INFO:colcon.colcon_core.shell:Creating package script '/home/pi/arm_ws/install/qr_cam/share/qr_cam/package.sh'
[20.017s] INFO:colcon.colcon_core.shell:Creating package script '/home/pi/arm_ws/install/qr_cam/share/qr_cam/package.bash'
[20.021s] INFO:colcon.colcon_core.shell:Creating package script '/home/pi/arm_ws/install/qr_cam/share/qr_cam/package.zsh'
[20.025s] Level 1:colcon.colcon_core.environment:create_file_with_runtime_dependencies(/home/pi/arm_ws/install/qr_cam/share/colcon-core/packages/qr_cam)
[20.027s] DEBUG:colcon.colcon_parallel_executor.executor.parallel:closing loop
[20.030s] DEBUG:colcon.colcon_parallel_executor.executor.parallel:loop closed
[20.030s] DEBUG:colcon.colcon_parallel_executor.executor.parallel:run_until_complete finished with '0'
[20.032s] DEBUG:colcon.colcon_core.event_reactor:joining thread
[20.082s] INFO:colcon.colcon_core.plugin_system:Skipping extension 'colcon_notification.desktop_notification.terminal_notifier': Not used on non-Darwin systems
[20.083s] INFO:colcon.colcon_core.plugin_system:Skipping extension 'colcon_notification.desktop_notification.win32': Not used on non-Windows systems
[20.083s] INFO:colcon.colcon_notification.desktop_notification:Sending desktop notification using 'notify2'
[45.113s] DEBUG:colcon.colcon_notification.desktop_notification.notify2:Failed to initialize notify2: org.freedesktop.DBus.Error.NoReply: Did not receive a reply. Possible causes include: the remote application did not send a reply, the message bus security policy blocked the reply, the reply timeout expired, or the network connection was broken.
[45.114s] DEBUG:colcon.colcon_core.event_reactor:joined thread
[45.117s] INFO:colcon.colcon_core.shell:Creating prefix script '/home/pi/arm_ws/install/local_setup.ps1'
[45.125s] INFO:colcon.colcon_core.shell:Creating prefix util module '/home/pi/arm_ws/install/_local_setup_util_ps1.py'
[45.139s] INFO:colcon.colcon_core.shell:Creating prefix chain script '/home/pi/arm_ws/install/setup.ps1'
[45.149s] INFO:colcon.colcon_core.shell:Creating prefix script '/home/pi/arm_ws/install/local_setup.sh'
[45.155s] INFO:colcon.colcon_core.shell:Creating prefix util module '/home/pi/arm_ws/install/_local_setup_util_sh.py'
[45.160s] INFO:colcon.colcon_core.shell:Creating prefix chain script '/home/pi/arm_ws/install/setup.sh'
[45.180s] INFO:colcon.colcon_core.shell:Creating prefix script '/home/pi/arm_ws/install/local_setup.bash'
[45.191s] INFO:colcon.colcon_core.shell:Creating prefix chain script '/home/pi/arm_ws/install/setup.bash'
[45.212s] INFO:colcon.colcon_core.shell:Creating prefix script '/home/pi/arm_ws/install/local_setup.zsh'
[45.225s] INFO:colcon.colcon_core.shell:Creating prefix chain script '/home/pi/arm_ws/install/setup.zsh'
