-- Install configuration: ""
-- Up-to-date: /home/kmw/trees_ws/install/ros_bt_py_web_gui/share/ros_bt_py_web_gui/launch
-- Up-to-date: /home/kmw/trees_ws/install/ros_bt_py_web_gui/share/ros_bt_py_web_gui/launch/ros_bt_py_web_gui.launch.py
-- Up-to-date: /home/kmw/trees_ws/install/ros_bt_py_web_gui/share/ros_bt_py_web_gui/html
-- Up-to-date: /home/kmw/trees_ws/install/ros_bt_py_web_gui/share/ros_bt_py_web_gui/html/robots.txt
-- Up-to-date: /home/kmw/trees_ws/install/ros_bt_py_web_gui/share/ros_bt_py_web_gui/html/index.html
-- Up-to-date: /home/kmw/trees_ws/install/ros_bt_py_web_gui/share/ros_bt_py_web_gui/html/assets
-- Up-to-date: /home/kmw/trees_ws/install/ros_bt_py_web_gui/share/ros_bt_py_web_gui/html/assets/source-sans-pro-vietnamese-400-normal-de1f7870.woff2
-- Up-to-date: /home/kmw/trees_ws/install/ros_bt_py_web_gui/share/ros_bt_py_web_gui/html/assets/index-fb3bb3b9.js
-- Up-to-date: /home/kmw/trees_ws/install/ros_bt_py_web_gui/share/ros_bt_py_web_gui/html/assets/d3-9cd3fbd4.js
-- Up-to-date: /home/kmw/trees_ws/install/ros_bt_py_web_gui/share/ros_bt_py_web_gui/html/assets/source-sans-pro-latin-400-normal-69491b82.woff
-- Up-to-date: /home/kmw/trees_ws/install/ros_bt_py_web_gui/share/ros_bt_py_web_gui/html/assets/source-sans-pro-cyrillic-ext-400-normal-4ba425fa.woff2
-- Up-to-date: /home/kmw/trees_ws/install/ros_bt_py_web_gui/share/ros_bt_py_web_gui/html/assets/source-sans-pro-latin-400-normal-7b348b30.woff2
-- Up-to-date: /home/kmw/trees_ws/install/ros_bt_py_web_gui/share/ros_bt_py_web_gui/html/assets/source-sans-pro-greek-ext-400-normal-c267e677.woff
-- Up-to-date: /home/kmw/trees_ws/install/ros_bt_py_web_gui/share/ros_bt_py_web_gui/html/assets/source-sans-pro-greek-ext-400-normal-f2a19d8c.woff2
-- Up-to-date: /home/kmw/trees_ws/install/ros_bt_py_web_gui/share/ros_bt_py_web_gui/html/assets/source-sans-pro-cyrillic-ext-400-normal-86893cf4.woff
-- Up-to-date: /home/kmw/trees_ws/install/ros_bt_py_web_gui/share/ros_bt_py_web_gui/html/assets/vue-extras-932ecbcf.js
-- Up-to-date: /home/kmw/trees_ws/install/ros_bt_py_web_gui/share/ros_bt_py_web_gui/html/assets/roslib-2533a6fc.js
-- Up-to-date: /home/kmw/trees_ws/install/ros_bt_py_web_gui/share/ros_bt_py_web_gui/html/assets/fusejs-a1032ea1.js
-- Up-to-date: /home/kmw/trees_ws/install/ros_bt_py_web_gui/share/ros_bt_py_web_gui/html/assets/source-sans-pro-vietnamese-400-normal-bb1c0391.woff
-- Up-to-date: /home/kmw/trees_ws/install/ros_bt_py_web_gui/share/ros_bt_py_web_gui/html/assets/index-2a0ae87f.css
-- Up-to-date: /home/kmw/trees_ws/install/ros_bt_py_web_gui/share/ros_bt_py_web_gui/html/assets/source-sans-pro-cyrillic-400-normal-d6072cf4.woff
-- Up-to-date: /home/kmw/trees_ws/install/ros_bt_py_web_gui/share/ros_bt_py_web_gui/html/assets/source-sans-pro-greek-400-normal-586ab659.woff
-- Up-to-date: /home/kmw/trees_ws/install/ros_bt_py_web_gui/share/ros_bt_py_web_gui/html/assets/source-sans-pro-cyrillic-400-normal-c73c9d26.woff2
-- Up-to-date: /home/kmw/trees_ws/install/ros_bt_py_web_gui/share/ros_bt_py_web_gui/html/assets/source-sans-pro-latin-ext-400-normal-2ffb1c70.woff
-- Up-to-date: /home/kmw/trees_ws/install/ros_bt_py_web_gui/share/ros_bt_py_web_gui/html/assets/jsoneditor-e59672c6.js
-- Up-to-date: /home/kmw/trees_ws/install/ros_bt_py_web_gui/share/ros_bt_py_web_gui/html/assets/source-sans-pro-greek-400-normal-9755c83c.woff2
-- Up-to-date: /home/kmw/trees_ws/install/ros_bt_py_web_gui/share/ros_bt_py_web_gui/html/assets/jsoneditor-icons-45c98bf0.svg
-- Up-to-date: /home/kmw/trees_ws/install/ros_bt_py_web_gui/share/ros_bt_py_web_gui/html/assets/source-sans-pro-latin-ext-400-normal-39cf9abc.woff2
-- Up-to-date: /home/kmw/trees_ws/install/ros_bt_py_web_gui/share/ros_bt_py_web_gui/html/assets/jsyaml-38530ef5.js
-- Up-to-date: /home/kmw/trees_ws/install/ros_bt_py_web_gui/share/ros_bt_py_web_gui/html/assets/fontawesome-a8893a9e.js
-- Up-to-date: /home/kmw/trees_ws/install/ros_bt_py_web_gui/share/ros_bt_py_web_gui/html/assets/ros_bt_py-07e41243.svg
-- Up-to-date: /home/kmw/trees_ws/install/ros_bt_py_web_gui/share/ros_bt_py_web_gui/html/favicon.ico
-- Up-to-date: /home/kmw/trees_ws/install/ros_bt_py_web_gui/lib/ros_bt_py_web_gui/show_editor_url.py
-- Up-to-date: /home/kmw/trees_ws/install/ros_bt_py_web_gui/share/ament_index/resource_index/package_run_dependencies/ros_bt_py_web_gui
-- Up-to-date: /home/kmw/trees_ws/install/ros_bt_py_web_gui/share/ament_index/resource_index/parent_prefix_path/ros_bt_py_web_gui
-- Up-to-date: /home/kmw/trees_ws/install/ros_bt_py_web_gui/share/ros_bt_py_web_gui/environment/ament_prefix_path.sh
-- Up-to-date: /home/kmw/trees_ws/install/ros_bt_py_web_gui/share/ros_bt_py_web_gui/environment/ament_prefix_path.dsv
-- Up-to-date: /home/kmw/trees_ws/install/ros_bt_py_web_gui/share/ros_bt_py_web_gui/environment/path.sh
-- Up-to-date: /home/kmw/trees_ws/install/ros_bt_py_web_gui/share/ros_bt_py_web_gui/environment/path.dsv
-- Up-to-date: /home/kmw/trees_ws/install/ros_bt_py_web_gui/share/ros_bt_py_web_gui/local_setup.bash
-- Up-to-date: /home/kmw/trees_ws/install/ros_bt_py_web_gui/share/ros_bt_py_web_gui/local_setup.sh
-- Up-to-date: /home/kmw/trees_ws/install/ros_bt_py_web_gui/share/ros_bt_py_web_gui/local_setup.zsh
-- Up-to-date: /home/kmw/trees_ws/install/ros_bt_py_web_gui/share/ros_bt_py_web_gui/local_setup.dsv
-- Up-to-date: /home/kmw/trees_ws/install/ros_bt_py_web_gui/share/ros_bt_py_web_gui/package.dsv
-- Up-to-date: /home/kmw/trees_ws/install/ros_bt_py_web_gui/share/ament_index/resource_index/packages/ros_bt_py_web_gui
-- Up-to-date: /home/kmw/trees_ws/install/ros_bt_py_web_gui/share/ros_bt_py_web_gui/cmake/ros_bt_py_web_guiConfig.cmake
-- Up-to-date: /home/kmw/trees_ws/install/ros_bt_py_web_gui/share/ros_bt_py_web_gui/cmake/ros_bt_py_web_guiConfig-version.cmake
-- Up-to-date: /home/kmw/trees_ws/install/ros_bt_py_web_gui/share/ros_bt_py_web_gui/package.xml
