[0.019s] Invoking command in '/home/kmw/trees_ws/build/ros_bt_py_web_gui': CMAKE_PREFIX_PATH=/home/kmw/trees_ws/install/ros_bt_py_interfaces:/home/kmw/trees_ws/install/ros_bt_py_web_gui:/home/kmw/trees_ws/install/ros_bt_py:/home/kmw/trees_ws/install/spot_bt_ros:/home/kmw/trees_ws/install/test_tree:/home/kmw/trees_ws/install/py_trees_ros_viewer:/home/kmw/trees_ws/install/py_trees_ros_tutorials:/home/kmw/trees_ws/install/py_trees_ros:/opt/ros/humble CONDA_PROMPT_MODIFIER=(ros2_py310) PYTHONPATH=/home/kmw/trees_ws/install/ros_bt_py_interfaces/lib/python3.10/site-packages:/home/kmw/trees_ws/install/ros_bt_py/lib/python3.10/site-packages:/home/kmw/trees_ws/build/test_tree:/home/kmw/trees_ws/build/spot_bt_ros:/home/kmw/trees_ws/build/py_trees_ros_viewer:/home/kmw/trees_ws/build/py_trees_ros_tutorials:/home/kmw/trees_ws/build/py_trees_ros:/home/kmw/trees_ws/install/spot_bt_ros/lib/python3.10/site-packages:/home/kmw/trees_ws/install/test_tree/lib/python3.10/site-packages:/home/kmw/trees_ws/install/py_trees_ros_viewer/lib/python3.10/site-packages:/home/kmw/trees_ws/install/py_trees_ros_tutorials/lib/python3.10/site-packages:/home/kmw/trees_ws/install/py_trees_ros/lib/python3.10/site-packages:/opt/ros/humble/lib/python3.10/site-packages:/opt/ros/humble/local/lib/python3.10/dist-packages:/home/kmw/miniconda3/envs/ros2_py310/lib/python3.10/site-packages/ /usr/bin/cmake --build /home/kmw/trees_ws/build/ros_bt_py_web_gui -- -j8 -l8
[0.088s] Invoked command in '/home/kmw/trees_ws/build/ros_bt_py_web_gui' returned '0': CMAKE_PREFIX_PATH=/home/kmw/trees_ws/install/ros_bt_py_interfaces:/home/kmw/trees_ws/install/ros_bt_py_web_gui:/home/kmw/trees_ws/install/ros_bt_py:/home/kmw/trees_ws/install/spot_bt_ros:/home/kmw/trees_ws/install/test_tree:/home/kmw/trees_ws/install/py_trees_ros_viewer:/home/kmw/trees_ws/install/py_trees_ros_tutorials:/home/kmw/trees_ws/install/py_trees_ros:/opt/ros/humble CONDA_PROMPT_MODIFIER=(ros2_py310) PYTHONPATH=/home/kmw/trees_ws/install/ros_bt_py_interfaces/lib/python3.10/site-packages:/home/kmw/trees_ws/install/ros_bt_py/lib/python3.10/site-packages:/home/kmw/trees_ws/build/test_tree:/home/kmw/trees_ws/build/spot_bt_ros:/home/kmw/trees_ws/build/py_trees_ros_viewer:/home/kmw/trees_ws/build/py_trees_ros_tutorials:/home/kmw/trees_ws/build/py_trees_ros:/home/kmw/trees_ws/install/spot_bt_ros/lib/python3.10/site-packages:/home/kmw/trees_ws/install/test_tree/lib/python3.10/site-packages:/home/kmw/trees_ws/install/py_trees_ros_viewer/lib/python3.10/site-packages:/home/kmw/trees_ws/install/py_trees_ros_tutorials/lib/python3.10/site-packages:/home/kmw/trees_ws/install/py_trees_ros/lib/python3.10/site-packages:/opt/ros/humble/lib/python3.10/site-packages:/opt/ros/humble/local/lib/python3.10/dist-packages:/home/kmw/miniconda3/envs/ros2_py310/lib/python3.10/site-packages/ /usr/bin/cmake --build /home/kmw/trees_ws/build/ros_bt_py_web_gui -- -j8 -l8
[0.091s] Invoking command in '/home/kmw/trees_ws/build/ros_bt_py_web_gui': CMAKE_PREFIX_PATH=/home/kmw/trees_ws/install/ros_bt_py_interfaces:/home/kmw/trees_ws/install/ros_bt_py_web_gui:/home/kmw/trees_ws/install/ros_bt_py:/home/kmw/trees_ws/install/spot_bt_ros:/home/kmw/trees_ws/install/test_tree:/home/kmw/trees_ws/install/py_trees_ros_viewer:/home/kmw/trees_ws/install/py_trees_ros_tutorials:/home/kmw/trees_ws/install/py_trees_ros:/opt/ros/humble CONDA_PROMPT_MODIFIER=(ros2_py310) PYTHONPATH=/home/kmw/trees_ws/install/ros_bt_py_interfaces/lib/python3.10/site-packages:/home/kmw/trees_ws/install/ros_bt_py/lib/python3.10/site-packages:/home/kmw/trees_ws/build/test_tree:/home/kmw/trees_ws/build/spot_bt_ros:/home/kmw/trees_ws/build/py_trees_ros_viewer:/home/kmw/trees_ws/build/py_trees_ros_tutorials:/home/kmw/trees_ws/build/py_trees_ros:/home/kmw/trees_ws/install/spot_bt_ros/lib/python3.10/site-packages:/home/kmw/trees_ws/install/test_tree/lib/python3.10/site-packages:/home/kmw/trees_ws/install/py_trees_ros_viewer/lib/python3.10/site-packages:/home/kmw/trees_ws/install/py_trees_ros_tutorials/lib/python3.10/site-packages:/home/kmw/trees_ws/install/py_trees_ros/lib/python3.10/site-packages:/opt/ros/humble/lib/python3.10/site-packages:/opt/ros/humble/local/lib/python3.10/dist-packages:/home/kmw/miniconda3/envs/ros2_py310/lib/python3.10/site-packages/ /usr/bin/cmake --install /home/kmw/trees_ws/build/ros_bt_py_web_gui
[0.104s] -- Install configuration: ""
[0.105s] -- Up-to-date: /home/kmw/trees_ws/install/ros_bt_py_web_gui/share/ros_bt_py_web_gui/launch
[0.105s] -- Up-to-date: /home/kmw/trees_ws/install/ros_bt_py_web_gui/share/ros_bt_py_web_gui/launch/ros_bt_py_web_gui.launch.py
[0.106s] -- Up-to-date: /home/kmw/trees_ws/install/ros_bt_py_web_gui/share/ros_bt_py_web_gui/html
[0.106s] -- Up-to-date: /home/kmw/trees_ws/install/ros_bt_py_web_gui/share/ros_bt_py_web_gui/html/robots.txt
[0.106s] -- Up-to-date: /home/kmw/trees_ws/install/ros_bt_py_web_gui/share/ros_bt_py_web_gui/html/index.html
[0.107s] -- Up-to-date: /home/kmw/trees_ws/install/ros_bt_py_web_gui/share/ros_bt_py_web_gui/html/assets
[0.107s] -- Up-to-date: /home/kmw/trees_ws/install/ros_bt_py_web_gui/share/ros_bt_py_web_gui/html/assets/source-sans-pro-vietnamese-400-normal-de1f7870.woff2
[0.107s] -- Up-to-date: /home/kmw/trees_ws/install/ros_bt_py_web_gui/share/ros_bt_py_web_gui/html/assets/index-fb3bb3b9.js
[0.107s] -- Up-to-date: /home/kmw/trees_ws/install/ros_bt_py_web_gui/share/ros_bt_py_web_gui/html/assets/d3-9cd3fbd4.js
[0.108s] -- Up-to-date: /home/kmw/trees_ws/install/ros_bt_py_web_gui/share/ros_bt_py_web_gui/html/assets/source-sans-pro-latin-400-normal-69491b82.woff
[0.108s] -- Up-to-date: /home/kmw/trees_ws/install/ros_bt_py_web_gui/share/ros_bt_py_web_gui/html/assets/source-sans-pro-cyrillic-ext-400-normal-4ba425fa.woff2
[0.108s] -- Up-to-date: /home/kmw/trees_ws/install/ros_bt_py_web_gui/share/ros_bt_py_web_gui/html/assets/source-sans-pro-latin-400-normal-7b348b30.woff2
[0.108s] -- Up-to-date: /home/kmw/trees_ws/install/ros_bt_py_web_gui/share/ros_bt_py_web_gui/html/assets/source-sans-pro-greek-ext-400-normal-c267e677.woff
[0.109s] -- Up-to-date: /home/kmw/trees_ws/install/ros_bt_py_web_gui/share/ros_bt_py_web_gui/html/assets/source-sans-pro-greek-ext-400-normal-f2a19d8c.woff2
[0.109s] -- Up-to-date: /home/kmw/trees_ws/install/ros_bt_py_web_gui/share/ros_bt_py_web_gui/html/assets/source-sans-pro-cyrillic-ext-400-normal-86893cf4.woff
[0.109s] -- Up-to-date: /home/kmw/trees_ws/install/ros_bt_py_web_gui/share/ros_bt_py_web_gui/html/assets/vue-extras-932ecbcf.js
[0.109s] -- Up-to-date: /home/kmw/trees_ws/install/ros_bt_py_web_gui/share/ros_bt_py_web_gui/html/assets/roslib-2533a6fc.js
[0.109s] -- Up-to-date: /home/kmw/trees_ws/install/ros_bt_py_web_gui/share/ros_bt_py_web_gui/html/assets/fusejs-a1032ea1.js
[0.110s] -- Up-to-date: /home/kmw/trees_ws/install/ros_bt_py_web_gui/share/ros_bt_py_web_gui/html/assets/source-sans-pro-vietnamese-400-normal-bb1c0391.woff
[0.110s] -- Up-to-date: /home/kmw/trees_ws/install/ros_bt_py_web_gui/share/ros_bt_py_web_gui/html/assets/index-2a0ae87f.css
[0.110s] -- Up-to-date: /home/kmw/trees_ws/install/ros_bt_py_web_gui/share/ros_bt_py_web_gui/html/assets/source-sans-pro-cyrillic-400-normal-d6072cf4.woff
[0.110s] -- Up-to-date: /home/kmw/trees_ws/install/ros_bt_py_web_gui/share/ros_bt_py_web_gui/html/assets/source-sans-pro-greek-400-normal-586ab659.woff
[0.110s] -- Up-to-date: /home/kmw/trees_ws/install/ros_bt_py_web_gui/share/ros_bt_py_web_gui/html/assets/source-sans-pro-cyrillic-400-normal-c73c9d26.woff2
[0.110s] -- Up-to-date: /home/kmw/trees_ws/install/ros_bt_py_web_gui/share/ros_bt_py_web_gui/html/assets/source-sans-pro-latin-ext-400-normal-2ffb1c70.woff
[0.111s] -- Up-to-date: /home/kmw/trees_ws/install/ros_bt_py_web_gui/share/ros_bt_py_web_gui/html/assets/jsoneditor-e59672c6.js
[0.111s] -- Up-to-date: /home/kmw/trees_ws/install/ros_bt_py_web_gui/share/ros_bt_py_web_gui/html/assets/source-sans-pro-greek-400-normal-9755c83c.woff2
[0.111s] -- Up-to-date: /home/kmw/trees_ws/install/ros_bt_py_web_gui/share/ros_bt_py_web_gui/html/assets/jsoneditor-icons-45c98bf0.svg
[0.111s] -- Up-to-date: /home/kmw/trees_ws/install/ros_bt_py_web_gui/share/ros_bt_py_web_gui/html/assets/source-sans-pro-latin-ext-400-normal-39cf9abc.woff2
[0.112s] -- Up-to-date: /home/kmw/trees_ws/install/ros_bt_py_web_gui/share/ros_bt_py_web_gui/html/assets/jsyaml-38530ef5.js
[0.112s] -- Up-to-date: /home/kmw/trees_ws/install/ros_bt_py_web_gui/share/ros_bt_py_web_gui/html/assets/fontawesome-a8893a9e.js
[0.112s] -- Up-to-date: /home/kmw/trees_ws/install/ros_bt_py_web_gui/share/ros_bt_py_web_gui/html/assets/ros_bt_py-07e41243.svg
[0.112s] -- Up-to-date: /home/kmw/trees_ws/install/ros_bt_py_web_gui/share/ros_bt_py_web_gui/html/favicon.ico
[0.112s] -- Up-to-date: /home/kmw/trees_ws/install/ros_bt_py_web_gui/lib/ros_bt_py_web_gui/show_editor_url.py
[0.113s] -- Up-to-date: /home/kmw/trees_ws/install/ros_bt_py_web_gui/share/ament_index/resource_index/package_run_dependencies/ros_bt_py_web_gui
[0.114s] -- Up-to-date: /home/kmw/trees_ws/install/ros_bt_py_web_gui/share/ament_index/resource_index/parent_prefix_path/ros_bt_py_web_gui
[0.114s] -- Up-to-date: /home/kmw/trees_ws/install/ros_bt_py_web_gui/share/ros_bt_py_web_gui/environment/ament_prefix_path.sh
[0.114s] -- Up-to-date: /home/kmw/trees_ws/install/ros_bt_py_web_gui/share/ros_bt_py_web_gui/environment/ament_prefix_path.dsv
[0.114s] -- Up-to-date: /home/kmw/trees_ws/install/ros_bt_py_web_gui/share/ros_bt_py_web_gui/environment/path.sh
[0.115s] -- Up-to-date: /home/kmw/trees_ws/install/ros_bt_py_web_gui/share/ros_bt_py_web_gui/environment/path.dsv
[0.115s] -- Up-to-date: /home/kmw/trees_ws/install/ros_bt_py_web_gui/share/ros_bt_py_web_gui/local_setup.bash
[0.115s] -- Up-to-date: /home/kmw/trees_ws/install/ros_bt_py_web_gui/share/ros_bt_py_web_gui/local_setup.sh
[0.115s] -- Up-to-date: /home/kmw/trees_ws/install/ros_bt_py_web_gui/share/ros_bt_py_web_gui/local_setup.zsh
[0.115s] -- Up-to-date: /home/kmw/trees_ws/install/ros_bt_py_web_gui/share/ros_bt_py_web_gui/local_setup.dsv
[0.115s] -- Up-to-date: /home/kmw/trees_ws/install/ros_bt_py_web_gui/share/ros_bt_py_web_gui/package.dsv
[0.115s] -- Up-to-date: /home/kmw/trees_ws/install/ros_bt_py_web_gui/share/ament_index/resource_index/packages/ros_bt_py_web_gui
[0.115s] -- Up-to-date: /home/kmw/trees_ws/install/ros_bt_py_web_gui/share/ros_bt_py_web_gui/cmake/ros_bt_py_web_guiConfig.cmake
[0.116s] -- Up-to-date: /home/kmw/trees_ws/install/ros_bt_py_web_gui/share/ros_bt_py_web_gui/cmake/ros_bt_py_web_guiConfig-version.cmake
[0.116s] -- Up-to-date: /home/kmw/trees_ws/install/ros_bt_py_web_gui/share/ros_bt_py_web_gui/package.xml
[0.116s] Invoked command in '/home/kmw/trees_ws/build/ros_bt_py_web_gui' returned '0': CMAKE_PREFIX_PATH=/home/kmw/trees_ws/install/ros_bt_py_interfaces:/home/kmw/trees_ws/install/ros_bt_py_web_gui:/home/kmw/trees_ws/install/ros_bt_py:/home/kmw/trees_ws/install/spot_bt_ros:/home/kmw/trees_ws/install/test_tree:/home/kmw/trees_ws/install/py_trees_ros_viewer:/home/kmw/trees_ws/install/py_trees_ros_tutorials:/home/kmw/trees_ws/install/py_trees_ros:/opt/ros/humble CONDA_PROMPT_MODIFIER=(ros2_py310) PYTHONPATH=/home/kmw/trees_ws/install/ros_bt_py_interfaces/lib/python3.10/site-packages:/home/kmw/trees_ws/install/ros_bt_py/lib/python3.10/site-packages:/home/kmw/trees_ws/build/test_tree:/home/kmw/trees_ws/build/spot_bt_ros:/home/kmw/trees_ws/build/py_trees_ros_viewer:/home/kmw/trees_ws/build/py_trees_ros_tutorials:/home/kmw/trees_ws/build/py_trees_ros:/home/kmw/trees_ws/install/spot_bt_ros/lib/python3.10/site-packages:/home/kmw/trees_ws/install/test_tree/lib/python3.10/site-packages:/home/kmw/trees_ws/install/py_trees_ros_viewer/lib/python3.10/site-packages:/home/kmw/trees_ws/install/py_trees_ros_tutorials/lib/python3.10/site-packages:/home/kmw/trees_ws/install/py_trees_ros/lib/python3.10/site-packages:/opt/ros/humble/lib/python3.10/site-packages:/opt/ros/humble/local/lib/python3.10/dist-packages:/home/kmw/miniconda3/envs/ros2_py310/lib/python3.10/site-packages/ /usr/bin/cmake --install /home/kmw/trees_ws/build/ros_bt_py_web_gui
