[0.117s] DEBUG:colcon:Command line arguments: ['/usr/bin/colcon', 'build']
[0.117s] DEBUG:colcon:Parsed command line arguments: Namespace(log_base=None, log_level=None, verb_name='build', build_base='build', install_base='install', merge_install=False, symlink_install=False, test_result_base=None, continue_on_error=False, executor='parallel', parallel_workers=8, event_handlers=None, ignore_user_meta=False, metas=['./colcon.meta'], base_paths=['.'], packages_ignore=None, packages_ignore_regex=None, paths=None, packages_up_to=None, packages_up_to_regex=None, packages_above=None, packages_above_and_dependencies=None, packages_above_depth=None, packages_select_by_dep=None, packages_skip_by_dep=None, packages_skip_up_to=None, packages_select_build_failed=False, packages_skip_build_finished=False, packages_select_test_failures=False, packages_skip_test_passed=False, packages_select=None, packages_skip=None, packages_select_regex=None, packages_skip_regex=None, packages_start=None, packages_end=None, allow_overriding=[], cmake_args=None, cmake_target=None, cmake_target_skip_unavailable=False, cmake_clean_cache=False, cmake_clean_first=False, cmake_force_configure=False, ament_cmake_args=None, catkin_cmake_args=None, catkin_skip_building_tests=False, mixin_files=None, mixin=None, verb_parser=<colcon_mixin.mixin.mixin_argument.MixinArgumentDecorator object at 0x7730bcb7c310>, verb_extension=<colcon_core.verb.build.BuildVerb object at 0x7730bcc99840>, main=<bound method BuildVerb.main of <colcon_core.verb.build.BuildVerb object at 0x7730bcc99840>>, mixin_verb=('build',))
[0.152s] Level 1:colcon.colcon_core.package_discovery:discover_packages(colcon_meta) check parameters
[0.152s] Level 1:colcon.colcon_core.package_discovery:discover_packages(recursive) check parameters
[0.152s] Level 1:colcon.colcon_core.package_discovery:discover_packages(ignore) check parameters
[0.152s] Level 1:colcon.colcon_core.package_discovery:discover_packages(path) check parameters
[0.152s] Level 1:colcon.colcon_core.package_discovery:discover_packages(colcon_meta) discover
[0.152s] Level 1:colcon.colcon_core.package_discovery:discover_packages(recursive) discover
[0.152s] INFO:colcon.colcon_core.package_discovery:Crawling recursively for packages in '/home/kmw/trees_ws'
[0.153s] Level 1:colcon.colcon_core.package_identification:_identify(.) by extensions ['ignore', 'ignore_ament_install']
[0.153s] Level 1:colcon.colcon_core.package_identification:_identify(.) by extension 'ignore'
[0.153s] Level 1:colcon.colcon_core.package_identification:_identify(.) by extension 'ignore_ament_install'
[0.153s] Level 1:colcon.colcon_core.package_identification:_identify(.) by extensions ['colcon_pkg']
[0.153s] Level 1:colcon.colcon_core.package_identification:_identify(.) by extension 'colcon_pkg'
[0.153s] Level 1:colcon.colcon_core.package_identification:_identify(.) by extensions ['colcon_meta']
[0.153s] Level 1:colcon.colcon_core.package_identification:_identify(.) by extension 'colcon_meta'
[0.153s] Level 1:colcon.colcon_core.package_identification:_identify(.) by extensions ['ros']
[0.153s] Level 1:colcon.colcon_core.package_identification:_identify(.) by extension 'ros'
[0.176s] Level 1:colcon.colcon_core.package_identification:_identify(.) by extensions ['cmake', 'python']
[0.176s] Level 1:colcon.colcon_core.package_identification:_identify(.) by extension 'cmake'
[0.176s] Level 1:colcon.colcon_core.package_identification:_identify(.) by extension 'python'
[0.176s] Level 1:colcon.colcon_core.package_identification:_identify(.) by extensions ['python_setup_py']
[0.176s] Level 1:colcon.colcon_core.package_identification:_identify(.) by extension 'python_setup_py'
[0.177s] Level 1:colcon.colcon_core.package_identification:_identify(build) by extensions ['ignore', 'ignore_ament_install']
[0.177s] Level 1:colcon.colcon_core.package_identification:_identify(build) by extension 'ignore'
[0.177s] Level 1:colcon.colcon_core.package_identification:_identify(build) ignored
[0.177s] Level 1:colcon.colcon_core.package_identification:_identify(install) by extensions ['ignore', 'ignore_ament_install']
[0.177s] Level 1:colcon.colcon_core.package_identification:_identify(install) by extension 'ignore'
[0.177s] Level 1:colcon.colcon_core.package_identification:_identify(install) ignored
[0.177s] Level 1:colcon.colcon_core.package_identification:_identify(log) by extensions ['ignore', 'ignore_ament_install']
[0.177s] Level 1:colcon.colcon_core.package_identification:_identify(log) by extension 'ignore'
[0.177s] Level 1:colcon.colcon_core.package_identification:_identify(log) ignored
[0.177s] Level 1:colcon.colcon_core.package_identification:_identify(src) by extensions ['ignore', 'ignore_ament_install']
[0.177s] Level 1:colcon.colcon_core.package_identification:_identify(src) by extension 'ignore'
[0.177s] Level 1:colcon.colcon_core.package_identification:_identify(src) by extension 'ignore_ament_install'
[0.177s] Level 1:colcon.colcon_core.package_identification:_identify(src) by extensions ['colcon_pkg']
[0.177s] Level 1:colcon.colcon_core.package_identification:_identify(src) by extension 'colcon_pkg'
[0.177s] Level 1:colcon.colcon_core.package_identification:_identify(src) by extensions ['colcon_meta']
[0.177s] Level 1:colcon.colcon_core.package_identification:_identify(src) by extension 'colcon_meta'
[0.178s] Level 1:colcon.colcon_core.package_identification:_identify(src) by extensions ['ros']
[0.178s] Level 1:colcon.colcon_core.package_identification:_identify(src) by extension 'ros'
[0.178s] Level 1:colcon.colcon_core.package_identification:_identify(src) by extensions ['cmake', 'python']
[0.178s] Level 1:colcon.colcon_core.package_identification:_identify(src) by extension 'cmake'
[0.178s] Level 1:colcon.colcon_core.package_identification:_identify(src) by extension 'python'
[0.178s] Level 1:colcon.colcon_core.package_identification:_identify(src) by extensions ['python_setup_py']
[0.178s] Level 1:colcon.colcon_core.package_identification:_identify(src) by extension 'python_setup_py'
[0.178s] Level 1:colcon.colcon_core.package_identification:_identify(src/2024.11.26.TurtleArm_Moveit) by extensions ['ignore', 'ignore_ament_install']
[0.178s] Level 1:colcon.colcon_core.package_identification:_identify(src/2024.11.26.TurtleArm_Moveit) by extension 'ignore'
[0.178s] Level 1:colcon.colcon_core.package_identification:_identify(src/2024.11.26.TurtleArm_Moveit) by extension 'ignore_ament_install'
[0.178s] Level 1:colcon.colcon_core.package_identification:_identify(src/2024.11.26.TurtleArm_Moveit) by extensions ['colcon_pkg']
[0.178s] Level 1:colcon.colcon_core.package_identification:_identify(src/2024.11.26.TurtleArm_Moveit) by extension 'colcon_pkg'
[0.178s] Level 1:colcon.colcon_core.package_identification:_identify(src/2024.11.26.TurtleArm_Moveit) by extensions ['colcon_meta']
[0.178s] Level 1:colcon.colcon_core.package_identification:_identify(src/2024.11.26.TurtleArm_Moveit) by extension 'colcon_meta'
[0.178s] Level 1:colcon.colcon_core.package_identification:_identify(src/2024.11.26.TurtleArm_Moveit) by extensions ['ros']
[0.178s] Level 1:colcon.colcon_core.package_identification:_identify(src/2024.11.26.TurtleArm_Moveit) by extension 'ros'
[0.178s] Level 1:colcon.colcon_core.package_identification:_identify(src/2024.11.26.TurtleArm_Moveit) by extensions ['cmake', 'python']
[0.178s] Level 1:colcon.colcon_core.package_identification:_identify(src/2024.11.26.TurtleArm_Moveit) by extension 'cmake'
[0.178s] Level 1:colcon.colcon_core.package_identification:_identify(src/2024.11.26.TurtleArm_Moveit) by extension 'python'
[0.178s] Level 1:colcon.colcon_core.package_identification:_identify(src/2024.11.26.TurtleArm_Moveit) by extensions ['python_setup_py']
[0.178s] Level 1:colcon.colcon_core.package_identification:_identify(src/2024.11.26.TurtleArm_Moveit) by extension 'python_setup_py'
[0.178s] Level 1:colcon.colcon_core.package_identification:_identify(src/2024.11.26.TurtleArm_Moveit/build) by extensions ['ignore', 'ignore_ament_install']
[0.179s] Level 1:colcon.colcon_core.package_identification:_identify(src/2024.11.26.TurtleArm_Moveit/build) by extension 'ignore'
[0.179s] Level 1:colcon.colcon_core.package_identification:_identify(src/2024.11.26.TurtleArm_Moveit/build) ignored
[0.179s] Level 1:colcon.colcon_core.package_identification:_identify(src/2024.11.26.TurtleArm_Moveit/install) by extensions ['ignore', 'ignore_ament_install']
[0.179s] Level 1:colcon.colcon_core.package_identification:_identify(src/2024.11.26.TurtleArm_Moveit/install) by extension 'ignore'
[0.179s] Level 1:colcon.colcon_core.package_identification:_identify(src/2024.11.26.TurtleArm_Moveit/install) ignored
[0.179s] Level 1:colcon.colcon_core.package_identification:_identify(src/2024.11.26.TurtleArm_Moveit/log) by extensions ['ignore', 'ignore_ament_install']
[0.179s] Level 1:colcon.colcon_core.package_identification:_identify(src/2024.11.26.TurtleArm_Moveit/log) by extension 'ignore'
[0.179s] Level 1:colcon.colcon_core.package_identification:_identify(src/2024.11.26.TurtleArm_Moveit/log) ignored
[0.179s] Level 1:colcon.colcon_core.package_identification:_identify(src/2024.11.26.TurtleArm_Moveit/src) by extensions ['ignore', 'ignore_ament_install']
[0.179s] Level 1:colcon.colcon_core.package_identification:_identify(src/2024.11.26.TurtleArm_Moveit/src) by extension 'ignore'
[0.179s] Level 1:colcon.colcon_core.package_identification:_identify(src/2024.11.26.TurtleArm_Moveit/src) by extension 'ignore_ament_install'
[0.179s] Level 1:colcon.colcon_core.package_identification:_identify(src/2024.11.26.TurtleArm_Moveit/src) by extensions ['colcon_pkg']
[0.179s] Level 1:colcon.colcon_core.package_identification:_identify(src/2024.11.26.TurtleArm_Moveit/src) by extension 'colcon_pkg'
[0.179s] Level 1:colcon.colcon_core.package_identification:_identify(src/2024.11.26.TurtleArm_Moveit/src) by extensions ['colcon_meta']
[0.179s] Level 1:colcon.colcon_core.package_identification:_identify(src/2024.11.26.TurtleArm_Moveit/src) by extension 'colcon_meta'
[0.179s] Level 1:colcon.colcon_core.package_identification:_identify(src/2024.11.26.TurtleArm_Moveit/src) by extensions ['ros']
[0.180s] Level 1:colcon.colcon_core.package_identification:_identify(src/2024.11.26.TurtleArm_Moveit/src) by extension 'ros'
[0.180s] Level 1:colcon.colcon_core.package_identification:_identify(src/2024.11.26.TurtleArm_Moveit/src) by extensions ['cmake', 'python']
[0.180s] Level 1:colcon.colcon_core.package_identification:_identify(src/2024.11.26.TurtleArm_Moveit/src) by extension 'cmake'
[0.180s] Level 1:colcon.colcon_core.package_identification:_identify(src/2024.11.26.TurtleArm_Moveit/src) by extension 'python'
[0.180s] Level 1:colcon.colcon_core.package_identification:_identify(src/2024.11.26.TurtleArm_Moveit/src) by extensions ['python_setup_py']
[0.180s] Level 1:colcon.colcon_core.package_identification:_identify(src/2024.11.26.TurtleArm_Moveit/src) by extension 'python_setup_py'
[0.180s] Level 1:colcon.colcon_core.package_identification:_identify(src/2024.11.26.TurtleArm_Moveit/src/mycobot320_moveit2) by extensions ['ignore', 'ignore_ament_install']
[0.180s] Level 1:colcon.colcon_core.package_identification:_identify(src/2024.11.26.TurtleArm_Moveit/src/mycobot320_moveit2) by extension 'ignore'
[0.180s] Level 1:colcon.colcon_core.package_identification:_identify(src/2024.11.26.TurtleArm_Moveit/src/mycobot320_moveit2) by extension 'ignore_ament_install'
[0.180s] Level 1:colcon.colcon_core.package_identification:_identify(src/2024.11.26.TurtleArm_Moveit/src/mycobot320_moveit2) by extensions ['colcon_pkg']
[0.180s] Level 1:colcon.colcon_core.package_identification:_identify(src/2024.11.26.TurtleArm_Moveit/src/mycobot320_moveit2) by extension 'colcon_pkg'
[0.180s] Level 1:colcon.colcon_core.package_identification:_identify(src/2024.11.26.TurtleArm_Moveit/src/mycobot320_moveit2) by extensions ['colcon_meta']
[0.180s] Level 1:colcon.colcon_core.package_identification:_identify(src/2024.11.26.TurtleArm_Moveit/src/mycobot320_moveit2) by extension 'colcon_meta'
[0.180s] Level 1:colcon.colcon_core.package_identification:_identify(src/2024.11.26.TurtleArm_Moveit/src/mycobot320_moveit2) by extensions ['ros']
[0.180s] Level 1:colcon.colcon_core.package_identification:_identify(src/2024.11.26.TurtleArm_Moveit/src/mycobot320_moveit2) by extension 'ros'
[0.180s] Level 1:colcon.colcon_core.package_identification:_identify(src/2024.11.26.TurtleArm_Moveit/src/mycobot320_moveit2) by extensions ['cmake', 'python']
[0.180s] Level 1:colcon.colcon_core.package_identification:_identify(src/2024.11.26.TurtleArm_Moveit/src/mycobot320_moveit2) by extension 'cmake'
[0.180s] Level 1:colcon.colcon_core.package_identification:_identify(src/2024.11.26.TurtleArm_Moveit/src/mycobot320_moveit2) by extension 'python'
[0.180s] Level 1:colcon.colcon_core.package_identification:_identify(src/2024.11.26.TurtleArm_Moveit/src/mycobot320_moveit2) by extensions ['python_setup_py']
[0.180s] Level 1:colcon.colcon_core.package_identification:_identify(src/2024.11.26.TurtleArm_Moveit/src/mycobot320_moveit2) by extension 'python_setup_py'
[0.180s] Level 1:colcon.colcon_core.package_identification:_identify(src/2024.11.26.TurtleArm_Moveit/src/mycobot320_moveit2/hello_moveit) by extensions ['ignore', 'ignore_ament_install']
[0.181s] Level 1:colcon.colcon_core.package_identification:_identify(src/2024.11.26.TurtleArm_Moveit/src/mycobot320_moveit2/hello_moveit) by extension 'ignore'
[0.181s] Level 1:colcon.colcon_core.package_identification:_identify(src/2024.11.26.TurtleArm_Moveit/src/mycobot320_moveit2/hello_moveit) by extension 'ignore_ament_install'
[0.181s] Level 1:colcon.colcon_core.package_identification:_identify(src/2024.11.26.TurtleArm_Moveit/src/mycobot320_moveit2/hello_moveit) by extensions ['colcon_pkg']
[0.181s] Level 1:colcon.colcon_core.package_identification:_identify(src/2024.11.26.TurtleArm_Moveit/src/mycobot320_moveit2/hello_moveit) by extension 'colcon_pkg'
[0.181s] Level 1:colcon.colcon_core.package_identification:_identify(src/2024.11.26.TurtleArm_Moveit/src/mycobot320_moveit2/hello_moveit) by extensions ['colcon_meta']
[0.181s] Level 1:colcon.colcon_core.package_identification:_identify(src/2024.11.26.TurtleArm_Moveit/src/mycobot320_moveit2/hello_moveit) by extension 'colcon_meta'
[0.181s] Level 1:colcon.colcon_core.package_identification:_identify(src/2024.11.26.TurtleArm_Moveit/src/mycobot320_moveit2/hello_moveit) by extensions ['ros']
[0.181s] Level 1:colcon.colcon_core.package_identification:_identify(src/2024.11.26.TurtleArm_Moveit/src/mycobot320_moveit2/hello_moveit) by extension 'ros'
[0.183s] DEBUG:colcon.colcon_core.package_identification:Package 'src/2024.11.26.TurtleArm_Moveit/src/mycobot320_moveit2/hello_moveit' with type 'ros.ament_cmake' and name 'hello_moveit'
[0.184s] Level 1:colcon.colcon_core.package_identification:_identify(src/2024.11.26.TurtleArm_Moveit/src/mycobot320_moveit2/moveit_srdf) by extensions ['ignore', 'ignore_ament_install']
[0.184s] Level 1:colcon.colcon_core.package_identification:_identify(src/2024.11.26.TurtleArm_Moveit/src/mycobot320_moveit2/moveit_srdf) by extension 'ignore'
[0.184s] Level 1:colcon.colcon_core.package_identification:_identify(src/2024.11.26.TurtleArm_Moveit/src/mycobot320_moveit2/moveit_srdf) by extension 'ignore_ament_install'
[0.184s] Level 1:colcon.colcon_core.package_identification:_identify(src/2024.11.26.TurtleArm_Moveit/src/mycobot320_moveit2/moveit_srdf) by extensions ['colcon_pkg']
[0.184s] Level 1:colcon.colcon_core.package_identification:_identify(src/2024.11.26.TurtleArm_Moveit/src/mycobot320_moveit2/moveit_srdf) by extension 'colcon_pkg'
[0.184s] Level 1:colcon.colcon_core.package_identification:_identify(src/2024.11.26.TurtleArm_Moveit/src/mycobot320_moveit2/moveit_srdf) by extensions ['colcon_meta']
[0.184s] Level 1:colcon.colcon_core.package_identification:_identify(src/2024.11.26.TurtleArm_Moveit/src/mycobot320_moveit2/moveit_srdf) by extension 'colcon_meta'
[0.184s] Level 1:colcon.colcon_core.package_identification:_identify(src/2024.11.26.TurtleArm_Moveit/src/mycobot320_moveit2/moveit_srdf) by extensions ['ros']
[0.184s] Level 1:colcon.colcon_core.package_identification:_identify(src/2024.11.26.TurtleArm_Moveit/src/mycobot320_moveit2/moveit_srdf) by extension 'ros'
[0.185s] DEBUG:colcon.colcon_core.package_identification:Package 'src/2024.11.26.TurtleArm_Moveit/src/mycobot320_moveit2/moveit_srdf' with type 'ros.ament_cmake' and name 'moveit_srdf'
[0.185s] Level 1:colcon.colcon_core.package_identification:_identify(src/2024.11.26.TurtleArm_Moveit/src/mycobot320_moveit2/myarm_moveit) by extensions ['ignore', 'ignore_ament_install']
[0.185s] Level 1:colcon.colcon_core.package_identification:_identify(src/2024.11.26.TurtleArm_Moveit/src/mycobot320_moveit2/myarm_moveit) by extension 'ignore'
[0.185s] Level 1:colcon.colcon_core.package_identification:_identify(src/2024.11.26.TurtleArm_Moveit/src/mycobot320_moveit2/myarm_moveit) by extension 'ignore_ament_install'
[0.185s] Level 1:colcon.colcon_core.package_identification:_identify(src/2024.11.26.TurtleArm_Moveit/src/mycobot320_moveit2/myarm_moveit) by extensions ['colcon_pkg']
[0.185s] Level 1:colcon.colcon_core.package_identification:_identify(src/2024.11.26.TurtleArm_Moveit/src/mycobot320_moveit2/myarm_moveit) by extension 'colcon_pkg'
[0.185s] Level 1:colcon.colcon_core.package_identification:_identify(src/2024.11.26.TurtleArm_Moveit/src/mycobot320_moveit2/myarm_moveit) by extensions ['colcon_meta']
[0.185s] Level 1:colcon.colcon_core.package_identification:_identify(src/2024.11.26.TurtleArm_Moveit/src/mycobot320_moveit2/myarm_moveit) by extension 'colcon_meta'
[0.185s] Level 1:colcon.colcon_core.package_identification:_identify(src/2024.11.26.TurtleArm_Moveit/src/mycobot320_moveit2/myarm_moveit) by extensions ['ros']
[0.185s] Level 1:colcon.colcon_core.package_identification:_identify(src/2024.11.26.TurtleArm_Moveit/src/mycobot320_moveit2/myarm_moveit) by extension 'ros'
[0.186s] DEBUG:colcon.colcon_core.package_identification:Package 'src/2024.11.26.TurtleArm_Moveit/src/mycobot320_moveit2/myarm_moveit' with type 'ros.ament_cmake' and name 'myarm_moveit'
[0.186s] Level 1:colcon.colcon_core.package_identification:_identify(src/2024.11.26.TurtleArm_Moveit/src/mycobot320_moveit2/mycobot_interfaces) by extensions ['ignore', 'ignore_ament_install']
[0.186s] Level 1:colcon.colcon_core.package_identification:_identify(src/2024.11.26.TurtleArm_Moveit/src/mycobot320_moveit2/mycobot_interfaces) by extension 'ignore'
[0.186s] Level 1:colcon.colcon_core.package_identification:_identify(src/2024.11.26.TurtleArm_Moveit/src/mycobot320_moveit2/mycobot_interfaces) by extension 'ignore_ament_install'
[0.186s] Level 1:colcon.colcon_core.package_identification:_identify(src/2024.11.26.TurtleArm_Moveit/src/mycobot320_moveit2/mycobot_interfaces) by extensions ['colcon_pkg']
[0.186s] Level 1:colcon.colcon_core.package_identification:_identify(src/2024.11.26.TurtleArm_Moveit/src/mycobot320_moveit2/mycobot_interfaces) by extension 'colcon_pkg'
[0.186s] Level 1:colcon.colcon_core.package_identification:_identify(src/2024.11.26.TurtleArm_Moveit/src/mycobot320_moveit2/mycobot_interfaces) by extensions ['colcon_meta']
[0.186s] Level 1:colcon.colcon_core.package_identification:_identify(src/2024.11.26.TurtleArm_Moveit/src/mycobot320_moveit2/mycobot_interfaces) by extension 'colcon_meta'
[0.186s] Level 1:colcon.colcon_core.package_identification:_identify(src/2024.11.26.TurtleArm_Moveit/src/mycobot320_moveit2/mycobot_interfaces) by extensions ['ros']
[0.187s] Level 1:colcon.colcon_core.package_identification:_identify(src/2024.11.26.TurtleArm_Moveit/src/mycobot320_moveit2/mycobot_interfaces) by extension 'ros'
[0.187s] DEBUG:colcon.colcon_core.package_identification:Package 'src/2024.11.26.TurtleArm_Moveit/src/mycobot320_moveit2/mycobot_interfaces' with type 'ros.ament_cmake' and name 'mycobot_interfaces'
[0.187s] Level 1:colcon.colcon_core.package_identification:_identify(src/2024.11.26.TurtleArm_Moveit/src/mycobot320_moveit2/mycobot_moveit) by extensions ['ignore', 'ignore_ament_install']
[0.187s] Level 1:colcon.colcon_core.package_identification:_identify(src/2024.11.26.TurtleArm_Moveit/src/mycobot320_moveit2/mycobot_moveit) by extension 'ignore'
[0.187s] Level 1:colcon.colcon_core.package_identification:_identify(src/2024.11.26.TurtleArm_Moveit/src/mycobot320_moveit2/mycobot_moveit) by extension 'ignore_ament_install'
[0.187s] Level 1:colcon.colcon_core.package_identification:_identify(src/2024.11.26.TurtleArm_Moveit/src/mycobot320_moveit2/mycobot_moveit) by extensions ['colcon_pkg']
[0.187s] Level 1:colcon.colcon_core.package_identification:_identify(src/2024.11.26.TurtleArm_Moveit/src/mycobot320_moveit2/mycobot_moveit) by extension 'colcon_pkg'
[0.187s] Level 1:colcon.colcon_core.package_identification:_identify(src/2024.11.26.TurtleArm_Moveit/src/mycobot320_moveit2/mycobot_moveit) by extensions ['colcon_meta']
[0.187s] Level 1:colcon.colcon_core.package_identification:_identify(src/2024.11.26.TurtleArm_Moveit/src/mycobot320_moveit2/mycobot_moveit) by extension 'colcon_meta'
[0.188s] Level 1:colcon.colcon_core.package_identification:_identify(src/2024.11.26.TurtleArm_Moveit/src/mycobot320_moveit2/mycobot_moveit) by extensions ['ros']
[0.188s] Level 1:colcon.colcon_core.package_identification:_identify(src/2024.11.26.TurtleArm_Moveit/src/mycobot320_moveit2/mycobot_moveit) by extension 'ros'
[0.188s] DEBUG:colcon.colcon_core.package_identification:Package 'src/2024.11.26.TurtleArm_Moveit/src/mycobot320_moveit2/mycobot_moveit' with type 'ros.ament_cmake' and name 'mycobot_moveit'
[0.188s] Level 1:colcon.colcon_core.package_identification:_identify(src/2024.11.26.TurtleArm_Moveit/src/mycobot320_moveit2/mycobot_ros2_controll) by extensions ['ignore', 'ignore_ament_install']
[0.189s] Level 1:colcon.colcon_core.package_identification:_identify(src/2024.11.26.TurtleArm_Moveit/src/mycobot320_moveit2/mycobot_ros2_controll) by extension 'ignore'
[0.189s] Level 1:colcon.colcon_core.package_identification:_identify(src/2024.11.26.TurtleArm_Moveit/src/mycobot320_moveit2/mycobot_ros2_controll) by extension 'ignore_ament_install'
[0.189s] Level 1:colcon.colcon_core.package_identification:_identify(src/2024.11.26.TurtleArm_Moveit/src/mycobot320_moveit2/mycobot_ros2_controll) by extensions ['colcon_pkg']
[0.189s] Level 1:colcon.colcon_core.package_identification:_identify(src/2024.11.26.TurtleArm_Moveit/src/mycobot320_moveit2/mycobot_ros2_controll) by extension 'colcon_pkg'
[0.189s] Level 1:colcon.colcon_core.package_identification:_identify(src/2024.11.26.TurtleArm_Moveit/src/mycobot320_moveit2/mycobot_ros2_controll) by extensions ['colcon_meta']
[0.189s] Level 1:colcon.colcon_core.package_identification:_identify(src/2024.11.26.TurtleArm_Moveit/src/mycobot320_moveit2/mycobot_ros2_controll) by extension 'colcon_meta'
[0.189s] Level 1:colcon.colcon_core.package_identification:_identify(src/2024.11.26.TurtleArm_Moveit/src/mycobot320_moveit2/mycobot_ros2_controll) by extensions ['ros']
[0.189s] Level 1:colcon.colcon_core.package_identification:_identify(src/2024.11.26.TurtleArm_Moveit/src/mycobot320_moveit2/mycobot_ros2_controll) by extension 'ros'
[0.190s] DEBUG:colcon.colcon_core.package_identification:Package 'src/2024.11.26.TurtleArm_Moveit/src/mycobot320_moveit2/mycobot_ros2_controll' with type 'ros.ament_python' and name 'mycobot_ros2_controll'
[0.190s] Level 1:colcon.colcon_core.package_identification:_identify(src/2024.11.26.TurtleArm_Moveit/src/mycobot320_moveit2/mycobot_ros2_cpp_cnt) by extensions ['ignore', 'ignore_ament_install']
[0.190s] Level 1:colcon.colcon_core.package_identification:_identify(src/2024.11.26.TurtleArm_Moveit/src/mycobot320_moveit2/mycobot_ros2_cpp_cnt) by extension 'ignore'
[0.190s] Level 1:colcon.colcon_core.package_identification:_identify(src/2024.11.26.TurtleArm_Moveit/src/mycobot320_moveit2/mycobot_ros2_cpp_cnt) by extension 'ignore_ament_install'
[0.190s] Level 1:colcon.colcon_core.package_identification:_identify(src/2024.11.26.TurtleArm_Moveit/src/mycobot320_moveit2/mycobot_ros2_cpp_cnt) by extensions ['colcon_pkg']
[0.190s] Level 1:colcon.colcon_core.package_identification:_identify(src/2024.11.26.TurtleArm_Moveit/src/mycobot320_moveit2/mycobot_ros2_cpp_cnt) by extension 'colcon_pkg'
[0.190s] Level 1:colcon.colcon_core.package_identification:_identify(src/2024.11.26.TurtleArm_Moveit/src/mycobot320_moveit2/mycobot_ros2_cpp_cnt) by extensions ['colcon_meta']
[0.190s] Level 1:colcon.colcon_core.package_identification:_identify(src/2024.11.26.TurtleArm_Moveit/src/mycobot320_moveit2/mycobot_ros2_cpp_cnt) by extension 'colcon_meta'
[0.190s] Level 1:colcon.colcon_core.package_identification:_identify(src/2024.11.26.TurtleArm_Moveit/src/mycobot320_moveit2/mycobot_ros2_cpp_cnt) by extensions ['ros']
[0.190s] Level 1:colcon.colcon_core.package_identification:_identify(src/2024.11.26.TurtleArm_Moveit/src/mycobot320_moveit2/mycobot_ros2_cpp_cnt) by extension 'ros'
[0.191s] DEBUG:colcon.colcon_core.package_identification:Package 'src/2024.11.26.TurtleArm_Moveit/src/mycobot320_moveit2/mycobot_ros2_cpp_cnt' with type 'ros.ament_cmake' and name 'mycobot_ros2_cpp_cnt'
[0.191s] Level 1:colcon.colcon_core.package_identification:_identify(src/2024.11.26.TurtleArm_Moveit/src/mycobot320_moveit2/mycobot_with_gripper) by extensions ['ignore', 'ignore_ament_install']
[0.192s] Level 1:colcon.colcon_core.package_identification:_identify(src/2024.11.26.TurtleArm_Moveit/src/mycobot320_moveit2/mycobot_with_gripper) by extension 'ignore'
[0.192s] Level 1:colcon.colcon_core.package_identification:_identify(src/2024.11.26.TurtleArm_Moveit/src/mycobot320_moveit2/mycobot_with_gripper) by extension 'ignore_ament_install'
[0.192s] Level 1:colcon.colcon_core.package_identification:_identify(src/2024.11.26.TurtleArm_Moveit/src/mycobot320_moveit2/mycobot_with_gripper) by extensions ['colcon_pkg']
[0.192s] Level 1:colcon.colcon_core.package_identification:_identify(src/2024.11.26.TurtleArm_Moveit/src/mycobot320_moveit2/mycobot_with_gripper) by extension 'colcon_pkg'
[0.192s] Level 1:colcon.colcon_core.package_identification:_identify(src/2024.11.26.TurtleArm_Moveit/src/mycobot320_moveit2/mycobot_with_gripper) by extensions ['colcon_meta']
[0.192s] Level 1:colcon.colcon_core.package_identification:_identify(src/2024.11.26.TurtleArm_Moveit/src/mycobot320_moveit2/mycobot_with_gripper) by extension 'colcon_meta'
[0.192s] Level 1:colcon.colcon_core.package_identification:_identify(src/2024.11.26.TurtleArm_Moveit/src/mycobot320_moveit2/mycobot_with_gripper) by extensions ['ros']
[0.192s] Level 1:colcon.colcon_core.package_identification:_identify(src/2024.11.26.TurtleArm_Moveit/src/mycobot320_moveit2/mycobot_with_gripper) by extension 'ros'
[0.193s] DEBUG:colcon.colcon_core.package_identification:Package 'src/2024.11.26.TurtleArm_Moveit/src/mycobot320_moveit2/mycobot_with_gripper' with type 'ros.ament_cmake' and name 'mycobot_with_gripper'
[0.193s] Level 1:colcon.colcon_core.package_identification:_identify(src/mycobot320_moveit2-main) by extensions ['ignore', 'ignore_ament_install']
[0.193s] Level 1:colcon.colcon_core.package_identification:_identify(src/mycobot320_moveit2-main) by extension 'ignore'
[0.193s] Level 1:colcon.colcon_core.package_identification:_identify(src/mycobot320_moveit2-main) by extension 'ignore_ament_install'
[0.193s] Level 1:colcon.colcon_core.package_identification:_identify(src/mycobot320_moveit2-main) by extensions ['colcon_pkg']
[0.193s] Level 1:colcon.colcon_core.package_identification:_identify(src/mycobot320_moveit2-main) by extension 'colcon_pkg'
[0.193s] Level 1:colcon.colcon_core.package_identification:_identify(src/mycobot320_moveit2-main) by extensions ['colcon_meta']
[0.193s] Level 1:colcon.colcon_core.package_identification:_identify(src/mycobot320_moveit2-main) by extension 'colcon_meta'
[0.193s] Level 1:colcon.colcon_core.package_identification:_identify(src/mycobot320_moveit2-main) by extensions ['ros']
[0.193s] Level 1:colcon.colcon_core.package_identification:_identify(src/mycobot320_moveit2-main) by extension 'ros'
[0.193s] Level 1:colcon.colcon_core.package_identification:_identify(src/mycobot320_moveit2-main) by extensions ['cmake', 'python']
[0.193s] Level 1:colcon.colcon_core.package_identification:_identify(src/mycobot320_moveit2-main) by extension 'cmake'
[0.193s] Level 1:colcon.colcon_core.package_identification:_identify(src/mycobot320_moveit2-main) by extension 'python'
[0.193s] Level 1:colcon.colcon_core.package_identification:_identify(src/mycobot320_moveit2-main) by extensions ['python_setup_py']
[0.193s] Level 1:colcon.colcon_core.package_identification:_identify(src/mycobot320_moveit2-main) by extension 'python_setup_py'
[0.194s] Level 1:colcon.colcon_core.package_identification:_identify(src/mycobot320_moveit2-main/build) by extensions ['ignore', 'ignore_ament_install']
[0.194s] Level 1:colcon.colcon_core.package_identification:_identify(src/mycobot320_moveit2-main/build) by extension 'ignore'
[0.194s] Level 1:colcon.colcon_core.package_identification:_identify(src/mycobot320_moveit2-main/build) ignored
[0.194s] Level 1:colcon.colcon_core.package_identification:_identify(src/mycobot320_moveit2-main/hello_moveit) by extensions ['ignore', 'ignore_ament_install']
[0.194s] Level 1:colcon.colcon_core.package_identification:_identify(src/mycobot320_moveit2-main/hello_moveit) by extension 'ignore'
[0.194s] Level 1:colcon.colcon_core.package_identification:_identify(src/mycobot320_moveit2-main/hello_moveit) by extension 'ignore_ament_install'
[0.194s] Level 1:colcon.colcon_core.package_identification:_identify(src/mycobot320_moveit2-main/hello_moveit) by extensions ['colcon_pkg']
[0.194s] Level 1:colcon.colcon_core.package_identification:_identify(src/mycobot320_moveit2-main/hello_moveit) by extension 'colcon_pkg'
[0.194s] Level 1:colcon.colcon_core.package_identification:_identify(src/mycobot320_moveit2-main/hello_moveit) by extensions ['colcon_meta']
[0.194s] Level 1:colcon.colcon_core.package_identification:_identify(src/mycobot320_moveit2-main/hello_moveit) by extension 'colcon_meta'
[0.194s] Level 1:colcon.colcon_core.package_identification:_identify(src/mycobot320_moveit2-main/hello_moveit) by extensions ['ros']
[0.194s] Level 1:colcon.colcon_core.package_identification:_identify(src/mycobot320_moveit2-main/hello_moveit) by extension 'ros'
[0.195s] DEBUG:colcon.colcon_core.package_identification:Package 'src/mycobot320_moveit2-main/hello_moveit' with type 'ros.ament_cmake' and name 'hello_moveit'
[0.195s] Level 1:colcon.colcon_core.package_identification:_identify(src/mycobot320_moveit2-main/install) by extensions ['ignore', 'ignore_ament_install']
[0.195s] Level 1:colcon.colcon_core.package_identification:_identify(src/mycobot320_moveit2-main/install) by extension 'ignore'
[0.195s] Level 1:colcon.colcon_core.package_identification:_identify(src/mycobot320_moveit2-main/install) ignored
[0.195s] Level 1:colcon.colcon_core.package_identification:_identify(src/mycobot320_moveit2-main/log) by extensions ['ignore', 'ignore_ament_install']
[0.195s] Level 1:colcon.colcon_core.package_identification:_identify(src/mycobot320_moveit2-main/log) by extension 'ignore'
[0.195s] Level 1:colcon.colcon_core.package_identification:_identify(src/mycobot320_moveit2-main/log) ignored
[0.195s] Level 1:colcon.colcon_core.package_identification:_identify(src/mycobot320_moveit2-main/mycobot_interfaces) by extensions ['ignore', 'ignore_ament_install']
[0.195s] Level 1:colcon.colcon_core.package_identification:_identify(src/mycobot320_moveit2-main/mycobot_interfaces) by extension 'ignore'
[0.195s] Level 1:colcon.colcon_core.package_identification:_identify(src/mycobot320_moveit2-main/mycobot_interfaces) by extension 'ignore_ament_install'
[0.196s] Level 1:colcon.colcon_core.package_identification:_identify(src/mycobot320_moveit2-main/mycobot_interfaces) by extensions ['colcon_pkg']
[0.196s] Level 1:colcon.colcon_core.package_identification:_identify(src/mycobot320_moveit2-main/mycobot_interfaces) by extension 'colcon_pkg'
[0.196s] Level 1:colcon.colcon_core.package_identification:_identify(src/mycobot320_moveit2-main/mycobot_interfaces) by extensions ['colcon_meta']
[0.196s] Level 1:colcon.colcon_core.package_identification:_identify(src/mycobot320_moveit2-main/mycobot_interfaces) by extension 'colcon_meta'
[0.196s] Level 1:colcon.colcon_core.package_identification:_identify(src/mycobot320_moveit2-main/mycobot_interfaces) by extensions ['ros']
[0.196s] Level 1:colcon.colcon_core.package_identification:_identify(src/mycobot320_moveit2-main/mycobot_interfaces) by extension 'ros'
[0.196s] DEBUG:colcon.colcon_core.package_identification:Package 'src/mycobot320_moveit2-main/mycobot_interfaces' with type 'ros.ament_cmake' and name 'mycobot_interfaces'
[0.196s] Level 1:colcon.colcon_core.package_identification:_identify(src/mycobot320_moveit2-main/mycobot_moveit) by extensions ['ignore', 'ignore_ament_install']
[0.196s] Level 1:colcon.colcon_core.package_identification:_identify(src/mycobot320_moveit2-main/mycobot_moveit) by extension 'ignore'
[0.197s] Level 1:colcon.colcon_core.package_identification:_identify(src/mycobot320_moveit2-main/mycobot_moveit) by extension 'ignore_ament_install'
[0.197s] Level 1:colcon.colcon_core.package_identification:_identify(src/mycobot320_moveit2-main/mycobot_moveit) by extensions ['colcon_pkg']
[0.197s] Level 1:colcon.colcon_core.package_identification:_identify(src/mycobot320_moveit2-main/mycobot_moveit) by extension 'colcon_pkg'
[0.197s] Level 1:colcon.colcon_core.package_identification:_identify(src/mycobot320_moveit2-main/mycobot_moveit) by extensions ['colcon_meta']
[0.197s] Level 1:colcon.colcon_core.package_identification:_identify(src/mycobot320_moveit2-main/mycobot_moveit) by extension 'colcon_meta'
[0.197s] Level 1:colcon.colcon_core.package_identification:_identify(src/mycobot320_moveit2-main/mycobot_moveit) by extensions ['ros']
[0.197s] Level 1:colcon.colcon_core.package_identification:_identify(src/mycobot320_moveit2-main/mycobot_moveit) by extension 'ros'
[0.197s] DEBUG:colcon.colcon_core.package_identification:Package 'src/mycobot320_moveit2-main/mycobot_moveit' with type 'ros.ament_cmake' and name 'mycobot_moveit'
[0.198s] Level 1:colcon.colcon_core.package_identification:_identify(src/mycobot320_moveit2-main/mycobot_ros2_controll) by extensions ['ignore', 'ignore_ament_install']
[0.198s] Level 1:colcon.colcon_core.package_identification:_identify(src/mycobot320_moveit2-main/mycobot_ros2_controll) by extension 'ignore'
[0.198s] Level 1:colcon.colcon_core.package_identification:_identify(src/mycobot320_moveit2-main/mycobot_ros2_controll) by extension 'ignore_ament_install'
[0.198s] Level 1:colcon.colcon_core.package_identification:_identify(src/mycobot320_moveit2-main/mycobot_ros2_controll) by extensions ['colcon_pkg']
[0.198s] Level 1:colcon.colcon_core.package_identification:_identify(src/mycobot320_moveit2-main/mycobot_ros2_controll) by extension 'colcon_pkg'
[0.198s] Level 1:colcon.colcon_core.package_identification:_identify(src/mycobot320_moveit2-main/mycobot_ros2_controll) by extensions ['colcon_meta']
[0.198s] Level 1:colcon.colcon_core.package_identification:_identify(src/mycobot320_moveit2-main/mycobot_ros2_controll) by extension 'colcon_meta'
[0.198s] Level 1:colcon.colcon_core.package_identification:_identify(src/mycobot320_moveit2-main/mycobot_ros2_controll) by extensions ['ros']
[0.198s] Level 1:colcon.colcon_core.package_identification:_identify(src/mycobot320_moveit2-main/mycobot_ros2_controll) by extension 'ros'
[0.199s] DEBUG:colcon.colcon_core.package_identification:Package 'src/mycobot320_moveit2-main/mycobot_ros2_controll' with type 'ros.ament_python' and name 'mycobot_ros2_controll'
[0.199s] Level 1:colcon.colcon_core.package_identification:_identify(src/mycobot320_moveit2-main/mycobot_ros2_cpp_cnt) by extensions ['ignore', 'ignore_ament_install']
[0.200s] Level 1:colcon.colcon_core.package_identification:_identify(src/mycobot320_moveit2-main/mycobot_ros2_cpp_cnt) by extension 'ignore'
[0.200s] Level 1:colcon.colcon_core.package_identification:_identify(src/mycobot320_moveit2-main/mycobot_ros2_cpp_cnt) by extension 'ignore_ament_install'
[0.200s] Level 1:colcon.colcon_core.package_identification:_identify(src/mycobot320_moveit2-main/mycobot_ros2_cpp_cnt) by extensions ['colcon_pkg']
[0.200s] Level 1:colcon.colcon_core.package_identification:_identify(src/mycobot320_moveit2-main/mycobot_ros2_cpp_cnt) by extension 'colcon_pkg'
[0.200s] Level 1:colcon.colcon_core.package_identification:_identify(src/mycobot320_moveit2-main/mycobot_ros2_cpp_cnt) by extensions ['colcon_meta']
[0.200s] Level 1:colcon.colcon_core.package_identification:_identify(src/mycobot320_moveit2-main/mycobot_ros2_cpp_cnt) by extension 'colcon_meta'
[0.200s] Level 1:colcon.colcon_core.package_identification:_identify(src/mycobot320_moveit2-main/mycobot_ros2_cpp_cnt) by extensions ['ros']
[0.200s] Level 1:colcon.colcon_core.package_identification:_identify(src/mycobot320_moveit2-main/mycobot_ros2_cpp_cnt) by extension 'ros'
[0.201s] DEBUG:colcon.colcon_core.package_identification:Package 'src/mycobot320_moveit2-main/mycobot_ros2_cpp_cnt' with type 'ros.ament_cmake' and name 'mycobot_ros2_cpp_cnt'
[0.201s] Level 1:colcon.colcon_core.package_identification:_identify(src/mycobot320_moveit2-main/mycobot_with_gripper) by extensions ['ignore', 'ignore_ament_install']
[0.201s] Level 1:colcon.colcon_core.package_identification:_identify(src/mycobot320_moveit2-main/mycobot_with_gripper) by extension 'ignore'
[0.201s] Level 1:colcon.colcon_core.package_identification:_identify(src/mycobot320_moveit2-main/mycobot_with_gripper) by extension 'ignore_ament_install'
[0.201s] Level 1:colcon.colcon_core.package_identification:_identify(src/mycobot320_moveit2-main/mycobot_with_gripper) by extensions ['colcon_pkg']
[0.201s] Level 1:colcon.colcon_core.package_identification:_identify(src/mycobot320_moveit2-main/mycobot_with_gripper) by extension 'colcon_pkg'
[0.201s] Level 1:colcon.colcon_core.package_identification:_identify(src/mycobot320_moveit2-main/mycobot_with_gripper) by extensions ['colcon_meta']
[0.201s] Level 1:colcon.colcon_core.package_identification:_identify(src/mycobot320_moveit2-main/mycobot_with_gripper) by extension 'colcon_meta'
[0.201s] Level 1:colcon.colcon_core.package_identification:_identify(src/mycobot320_moveit2-main/mycobot_with_gripper) by extensions ['ros']
[0.201s] Level 1:colcon.colcon_core.package_identification:_identify(src/mycobot320_moveit2-main/mycobot_with_gripper) by extension 'ros'
[0.202s] DEBUG:colcon.colcon_core.package_identification:Package 'src/mycobot320_moveit2-main/mycobot_with_gripper' with type 'ros.ament_cmake' and name 'mycobot_with_gripper'
[0.202s] Level 1:colcon.colcon_core.package_identification:_identify(src/py_trees_ros) by extensions ['ignore', 'ignore_ament_install']
[0.202s] Level 1:colcon.colcon_core.package_identification:_identify(src/py_trees_ros) by extension 'ignore'
[0.202s] Level 1:colcon.colcon_core.package_identification:_identify(src/py_trees_ros) by extension 'ignore_ament_install'
[0.202s] Level 1:colcon.colcon_core.package_identification:_identify(src/py_trees_ros) by extensions ['colcon_pkg']
[0.202s] Level 1:colcon.colcon_core.package_identification:_identify(src/py_trees_ros) by extension 'colcon_pkg'
[0.202s] Level 1:colcon.colcon_core.package_identification:_identify(src/py_trees_ros) by extensions ['colcon_meta']
[0.202s] Level 1:colcon.colcon_core.package_identification:_identify(src/py_trees_ros) by extension 'colcon_meta'
[0.202s] Level 1:colcon.colcon_core.package_identification:_identify(src/py_trees_ros) by extensions ['ros']
[0.202s] Level 1:colcon.colcon_core.package_identification:_identify(src/py_trees_ros) by extension 'ros'
[0.204s] DEBUG:colcon.colcon_core.package_identification:Package 'src/py_trees_ros' with type 'ros.ament_python' and name 'py_trees_ros'
[0.204s] Level 1:colcon.colcon_core.package_identification:_identify(src/test_tree) by extensions ['ignore', 'ignore_ament_install']
[0.204s] Level 1:colcon.colcon_core.package_identification:_identify(src/test_tree) by extension 'ignore'
[0.204s] Level 1:colcon.colcon_core.package_identification:_identify(src/test_tree) by extension 'ignore_ament_install'
[0.204s] Level 1:colcon.colcon_core.package_identification:_identify(src/test_tree) by extensions ['colcon_pkg']
[0.204s] Level 1:colcon.colcon_core.package_identification:_identify(src/test_tree) by extension 'colcon_pkg'
[0.204s] Level 1:colcon.colcon_core.package_identification:_identify(src/test_tree) by extensions ['colcon_meta']
[0.204s] Level 1:colcon.colcon_core.package_identification:_identify(src/test_tree) by extension 'colcon_meta'
[0.204s] Level 1:colcon.colcon_core.package_identification:_identify(src/test_tree) by extensions ['ros']
[0.204s] Level 1:colcon.colcon_core.package_identification:_identify(src/test_tree) by extension 'ros'
[0.205s] DEBUG:colcon.colcon_core.package_identification:Package 'src/test_tree' with type 'ros.ament_python' and name 'test_tree'
[0.205s] Level 1:colcon.colcon_core.package_discovery:discover_packages(recursive) using defaults
[0.205s] Level 1:colcon.colcon_core.package_discovery:discover_packages(ignore) discover
[0.205s] Level 1:colcon.colcon_core.package_discovery:discover_packages(ignore) using defaults
[0.205s] Level 1:colcon.colcon_core.package_discovery:discover_packages(path) discover
[0.205s] Level 1:colcon.colcon_core.package_discovery:discover_packages(path) using defaults
[0.231s] Level 1:colcon.colcon_core.package_discovery:discover_packages(prefix_path) check parameters
[0.231s] Level 1:colcon.colcon_core.package_discovery:discover_packages(prefix_path) discover
[0.233s] DEBUG:colcon.colcon_installed_package_information.package_discovery:Found 324 installed packages in /opt/ros/humble
[0.235s] Level 1:colcon.colcon_core.package_discovery:discover_packages(prefix_path) using defaults
[0.288s] ERROR:colcon:colcon build: Duplicate package names not supported:
- hello_moveit:
  - src/2024.11.26.TurtleArm_Moveit/src/mycobot320_moveit2/hello_moveit
  - src/mycobot320_moveit2-main/hello_moveit
- mycobot_interfaces:
  - src/2024.11.26.TurtleArm_Moveit/src/mycobot320_moveit2/mycobot_interfaces
  - src/mycobot320_moveit2-main/mycobot_interfaces
- mycobot_moveit:
  - src/2024.11.26.TurtleArm_Moveit/src/mycobot320_moveit2/mycobot_moveit
  - src/mycobot320_moveit2-main/mycobot_moveit
- mycobot_ros2_controll:
  - src/2024.11.26.TurtleArm_Moveit/src/mycobot320_moveit2/mycobot_ros2_controll
  - src/mycobot320_moveit2-main/mycobot_ros2_controll
- mycobot_ros2_cpp_cnt:
  - src/2024.11.26.TurtleArm_Moveit/src/mycobot320_moveit2/mycobot_ros2_cpp_cnt
  - src/mycobot320_moveit2-main/mycobot_ros2_cpp_cnt
- mycobot_with_gripper:
  - src/2024.11.26.TurtleArm_Moveit/src/mycobot320_moveit2/mycobot_with_gripper
  - src/mycobot320_moveit2-main/mycobot_with_gripper
