[10.463s] Invoking command in '/home/pi/arm_ws/src/turtle_con': PYTHONPATH=/home/pi/arm_ws/build/turtle_con/prefix_override:/usr/lib/python3/dist-packages/colcon_core/task/python/colcon_distutils_commands:/home/pi/arm_ws/install/turtle_con/lib/python3.8/site-packages:${PYTHONPATH} /usr/bin/python3 -W ignore:setup.py install is deprecated setup.py egg_info --egg-base ../../build/turtle_con build --build-base /home/pi/arm_ws/build/turtle_con/build install --record /home/pi/arm_ws/build/turtle_con/install.log --install-scripts $base/lib/turtle_con --single-version-externally-managed install_data
[13.091s] running egg_info
[13.097s] writing ../../build/turtle_con/turtle_con.egg-info/PKG-INFO
[13.099s] writing dependency_links to ../../build/turtle_con/turtle_con.egg-info/dependency_links.txt
[13.102s] writing entry points to ../../build/turtle_con/turtle_con.egg-info/entry_points.txt
[13.103s] writing requirements to ../../build/turtle_con/turtle_con.egg-info/requires.txt
[13.105s] writing top-level names to ../../build/turtle_con/turtle_con.egg-info/top_level.txt
[13.474s] reading manifest file '../../build/turtle_con/turtle_con.egg-info/SOURCES.txt'
[13.483s] writing manifest file '../../build/turtle_con/turtle_con.egg-info/SOURCES.txt'
[13.485s] running build
[13.486s] running build_py
[13.489s] copying turtle_con/with_qr.py -> /home/pi/arm_ws/build/turtle_con/build/lib/turtle_con
[13.494s] running install
[13.502s] running install_lib
[13.512s] copying /home/pi/arm_ws/build/turtle_con/build/lib/turtle_con/with_qr.py -> /home/pi/arm_ws/install/turtle_con/lib/python3.8/site-packages/turtle_con
[13.520s] byte-compiling /home/pi/arm_ws/install/turtle_con/lib/python3.8/site-packages/turtle_con/with_qr.py to with_qr.cpython-38.pyc
[13.546s] running install_data
[13.549s] running install_egg_info
[13.568s] removing '/home/pi/arm_ws/install/turtle_con/lib/python3.8/site-packages/turtle_con-0.0.0-py3.8.egg-info' (and everything under it)
[13.572s] Copying ../../build/turtle_con/turtle_con.egg-info to /home/pi/arm_ws/install/turtle_con/lib/python3.8/site-packages/turtle_con-0.0.0-py3.8.egg-info
[13.585s] running install_scripts
[13.759s] Installing move_qr script to /home/pi/arm_ws/install/turtle_con/lib/turtle_con
[13.762s] Installing qr_log script to /home/pi/arm_ws/install/turtle_con/lib/turtle_con
[13.764s] Installing turtle_ros2_con script to /home/pi/arm_ws/install/turtle_con/lib/turtle_con
[13.766s] Installing with_qr script to /home/pi/arm_ws/install/turtle_con/lib/turtle_con
[13.772s] writing list of installed files to '/home/pi/arm_ws/build/turtle_con/install.log'
[14.077s] Invoked command in '/home/pi/arm_ws/src/turtle_con' returned '0': PYTHONPATH=/home/pi/arm_ws/build/turtle_con/prefix_override:/usr/lib/python3/dist-packages/colcon_core/task/python/colcon_distutils_commands:/home/pi/arm_ws/install/turtle_con/lib/python3.8/site-packages:${PYTHONPATH} /usr/bin/python3 -W ignore:setup.py install is deprecated setup.py egg_info --egg-base ../../build/turtle_con build --build-base /home/pi/arm_ws/build/turtle_con/build install --record /home/pi/arm_ws/build/turtle_con/install.log --install-scripts $base/lib/turtle_con --single-version-externally-managed install_data
