[6.732s] Invoking command in '/home/pi/arm_ws/src/turtle_con': PYTHONPATH=/home/pi/arm_ws/build/turtle_con/prefix_override:/usr/lib/python3/dist-packages/colcon_core/task/python/colcon_distutils_commands:/home/pi/arm_ws/install/turtle_con/lib/python3.8/site-packages:${PYTHONPATH} /usr/bin/python3 -W ignore:setup.py install is deprecated setup.py egg_info --egg-base ../../build/turtle_con build --build-base /home/pi/arm_ws/build/turtle_con/build install --record /home/pi/arm_ws/build/turtle_con/install.log --install-scripts $base/lib/turtle_con --single-version-externally-managed install_data
[9.100s] running egg_info
[9.106s] writing ../../build/turtle_con/turtle_con.egg-info/PKG-INFO
[9.108s] writing dependency_links to ../../build/turtle_con/turtle_con.egg-info/dependency_links.txt
[9.110s] writing entry points to ../../build/turtle_con/turtle_con.egg-info/entry_points.txt
[9.112s] writing requirements to ../../build/turtle_con/turtle_con.egg-info/requires.txt
[9.113s] writing top-level names to ../../build/turtle_con/turtle_con.egg-info/top_level.txt
[9.463s] reading manifest file '../../build/turtle_con/turtle_con.egg-info/SOURCES.txt'
[9.471s] writing manifest file '../../build/turtle_con/turtle_con.egg-info/SOURCES.txt'
[9.473s] running build
[9.474s] running build_py
[9.475s] copying turtle_con/turtle_ros2_con.py -> /home/pi/arm_ws/build/turtle_con/build/lib/turtle_con
[9.478s] running install
[9.485s] running install_lib
[9.493s] copying /home/pi/arm_ws/build/turtle_con/build/lib/turtle_con/turtle_ros2_con.py -> /home/pi/arm_ws/install/turtle_con/lib/python3.8/site-packages/turtle_con
[9.499s] byte-compiling /home/pi/arm_ws/install/turtle_con/lib/python3.8/site-packages/turtle_con/turtle_ros2_con.py to turtle_ros2_con.cpython-38.pyc
[9.519s] running install_data
[9.520s] running install_egg_info
[9.535s] removing '/home/pi/arm_ws/install/turtle_con/lib/python3.8/site-packages/turtle_con-0.0.0-py3.8.egg-info' (and everything under it)
[9.538s] Copying ../../build/turtle_con/turtle_con.egg-info to /home/pi/arm_ws/install/turtle_con/lib/python3.8/site-packages/turtle_con-0.0.0-py3.8.egg-info
[9.550s] running install_scripts
[9.701s] Installing turtle_ros2_con script to /home/pi/arm_ws/install/turtle_con/lib/turtle_con
[9.705s] writing list of installed files to '/home/pi/arm_ws/build/turtle_con/install.log'
[9.883s] Invoked command in '/home/pi/arm_ws/src/turtle_con' returned '0': PYTHONPATH=/home/pi/arm_ws/build/turtle_con/prefix_override:/usr/lib/python3/dist-packages/colcon_core/task/python/colcon_distutils_commands:/home/pi/arm_ws/install/turtle_con/lib/python3.8/site-packages:${PYTHONPATH} /usr/bin/python3 -W ignore:setup.py install is deprecated setup.py egg_info --egg-base ../../build/turtle_con build --build-base /home/pi/arm_ws/build/turtle_con/build install --record /home/pi/arm_ws/build/turtle_con/install.log --install-scripts $base/lib/turtle_con --single-version-externally-managed install_data
