[14.282s] Invoking command in '/home/pi/arm_ws/src/turtle_con': PYTHONPATH=/home/pi/arm_ws/build/turtle_con/prefix_override:/usr/lib/python3/dist-packages/colcon_core/task/python/colcon_distutils_commands:/home/pi/arm_ws/install/turtle_con/lib/python3.8/site-packages:${PYTHONPATH} /usr/bin/python3 -W ignore:setup.py install is deprecated setup.py egg_info --egg-base ../../build/turtle_con build --build-base /home/pi/arm_ws/build/turtle_con/build install --record /home/pi/arm_ws/build/turtle_con/install.log --install-scripts $base/lib/turtle_con --single-version-externally-managed install_data
[18.603s] running egg_info
[18.613s] writing ../../build/turtle_con/turtle_con.egg-info/PKG-INFO
[18.618s] writing dependency_links to ../../build/turtle_con/turtle_con.egg-info/dependency_links.txt
[18.627s] writing entry points to ../../build/turtle_con/turtle_con.egg-info/entry_points.txt
[18.632s] writing requirements to ../../build/turtle_con/turtle_con.egg-info/requires.txt
[18.637s] writing top-level names to ../../build/turtle_con/turtle_con.egg-info/top_level.txt
[19.094s] reading manifest file '../../build/turtle_con/turtle_con.egg-info/SOURCES.txt'
[19.107s] writing manifest file '../../build/turtle_con/turtle_con.egg-info/SOURCES.txt'
[19.112s] running build
[19.115s] running build_py
[19.117s] copying turtle_con/with_qr.py -> /home/pi/arm_ws/build/turtle_con/build/lib/turtle_con
[19.120s] running install
[19.122s] running install_lib
[19.133s] copying /home/pi/arm_ws/build/turtle_con/build/lib/turtle_con/with_qr.py -> /home/pi/arm_ws/install/turtle_con/lib/python3.8/site-packages/turtle_con
[19.140s] byte-compiling /home/pi/arm_ws/install/turtle_con/lib/python3.8/site-packages/turtle_con/with_qr.py to with_qr.cpython-38.pyc
[19.167s] running install_data
[19.187s] running install_egg_info
[19.189s] removing '/home/pi/arm_ws/install/turtle_con/lib/python3.8/site-packages/turtle_con-0.0.0-py3.8.egg-info' (and everything under it)
[19.190s] Copying ../../build/turtle_con/turtle_con.egg-info to /home/pi/arm_ws/install/turtle_con/lib/python3.8/site-packages/turtle_con-0.0.0-py3.8.egg-info
[19.199s] running install_scripts
[19.356s] Installing move_qr script to /home/pi/arm_ws/install/turtle_con/lib/turtle_con
[19.358s] Installing qr_log script to /home/pi/arm_ws/install/turtle_con/lib/turtle_con
[19.359s] Installing turtle_ros2_con script to /home/pi/arm_ws/install/turtle_con/lib/turtle_con
[19.361s] Installing with_qr script to /home/pi/arm_ws/install/turtle_con/lib/turtle_con
[19.365s] writing list of installed files to '/home/pi/arm_ws/build/turtle_con/install.log'
[19.536s] Invoked command in '/home/pi/arm_ws/src/turtle_con' returned '0': PYTHONPATH=/home/pi/arm_ws/build/turtle_con/prefix_override:/usr/lib/python3/dist-packages/colcon_core/task/python/colcon_distutils_commands:/home/pi/arm_ws/install/turtle_con/lib/python3.8/site-packages:${PYTHONPATH} /usr/bin/python3 -W ignore:setup.py install is deprecated setup.py egg_info --egg-base ../../build/turtle_con build --build-base /home/pi/arm_ws/build/turtle_con/build install --record /home/pi/arm_ws/build/turtle_con/install.log --install-scripts $base/lib/turtle_con --single-version-externally-managed install_data
