running egg_info
creating ../../build/lidar_cam/lidar_cam.egg-info
writing ../../build/lidar_cam/lidar_cam.egg-info/PKG-INFO
writing dependency_links to ../../build/lidar_cam/lidar_cam.egg-info/dependency_links.txt
writing entry points to ../../build/lidar_cam/lidar_cam.egg-info/entry_points.txt
writing requirements to ../../build/lidar_cam/lidar_cam.egg-info/requires.txt
writing top-level names to ../../build/lidar_cam/lidar_cam.egg-info/top_level.txt
writing manifest file '../../build/lidar_cam/lidar_cam.egg-info/SOURCES.txt'
reading manifest file '../../build/lidar_cam/lidar_cam.egg-info/SOURCES.txt'
writing manifest file '../../build/lidar_cam/lidar_cam.egg-info/SOURCES.txt'
running build
running build_py
creating /home/pi/sensor_fusion/build/lidar_cam/build
creating /home/pi/sensor_fusion/build/lidar_cam/build/lib
creating /home/pi/sensor_fusion/build/lidar_cam/build/lib/lidar_cam
copying lidar_cam/receive_scan.py -> /home/pi/sensor_fusion/build/lidar_cam/build/lib/lidar_cam
copying lidar_cam/__init__.py -> /home/pi/sensor_fusion/build/lidar_cam/build/lib/lidar_cam
copying lidar_cam/fusion_cam_lidar.py -> /home/pi/sensor_fusion/build/lidar_cam/build/lib/lidar_cam
copying lidar_cam/lidar_cam_fusion.py -> /home/pi/sensor_fusion/build/lidar_cam/build/lib/lidar_cam
running install
running install_lib
creating /home/pi/sensor_fusion/install/lidar_cam/lib/python3.8/site-packages/lidar_cam
copying /home/pi/sensor_fusion/build/lidar_cam/build/lib/lidar_cam/receive_scan.py -> /home/pi/sensor_fusion/install/lidar_cam/lib/python3.8/site-packages/lidar_cam
copying /home/pi/sensor_fusion/build/lidar_cam/build/lib/lidar_cam/__init__.py -> /home/pi/sensor_fusion/install/lidar_cam/lib/python3.8/site-packages/lidar_cam
copying /home/pi/sensor_fusion/build/lidar_cam/build/lib/lidar_cam/fusion_cam_lidar.py -> /home/pi/sensor_fusion/install/lidar_cam/lib/python3.8/site-packages/lidar_cam
copying /home/pi/sensor_fusion/build/lidar_cam/build/lib/lidar_cam/lidar_cam_fusion.py -> /home/pi/sensor_fusion/install/lidar_cam/lib/python3.8/site-packages/lidar_cam
byte-compiling /home/pi/sensor_fusion/install/lidar_cam/lib/python3.8/site-packages/lidar_cam/receive_scan.py to receive_scan.cpython-38.pyc
byte-compiling /home/pi/sensor_fusion/install/lidar_cam/lib/python3.8/site-packages/lidar_cam/__init__.py to __init__.cpython-38.pyc
byte-compiling /home/pi/sensor_fusion/install/lidar_cam/lib/python3.8/site-packages/lidar_cam/fusion_cam_lidar.py to fusion_cam_lidar.cpython-38.pyc
byte-compiling /home/pi/sensor_fusion/install/lidar_cam/lib/python3.8/site-packages/lidar_cam/lidar_cam_fusion.py to lidar_cam_fusion.cpython-38.pyc
running install_data
creating /home/pi/sensor_fusion/install/lidar_cam/share/ament_index
creating /home/pi/sensor_fusion/install/lidar_cam/share/ament_index/resource_index
creating /home/pi/sensor_fusion/install/lidar_cam/share/ament_index/resource_index/packages
copying resource/lidar_cam -> /home/pi/sensor_fusion/install/lidar_cam/share/ament_index/resource_index/packages
copying package.xml -> /home/pi/sensor_fusion/install/lidar_cam/share/lidar_cam
running install_egg_info
Copying ../../build/lidar_cam/lidar_cam.egg-info to /home/pi/sensor_fusion/install/lidar_cam/lib/python3.8/site-packages/lidar_cam-0.0.0-py3.8.egg-info
running install_scripts
Installing fusion script to /home/pi/sensor_fusion/install/lidar_cam/lib/lidar_cam
Installing lidar_cam script to /home/pi/sensor_fusion/install/lidar_cam/lib/lidar_cam
Installing scan_data script to /home/pi/sensor_fusion/install/lidar_cam/lib/lidar_cam
writing list of installed files to '/home/pi/sensor_fusion/build/lidar_cam/install.log'
