[6.246s] Invoking command in '/home/pi/sensor_fusion/src/lidar_cam': PYTHONPATH=/home/pi/sensor_fusion/build/lidar_cam/prefix_override:/usr/lib/python3/dist-packages/colcon_core/task/python/colcon_distutils_commands:/home/pi/sensor_fusion/install/lidar_cam/lib/python3.8/site-packages:${PYTHONPATH} /usr/bin/python3 -W ignore:setup.py install is deprecated setup.py egg_info --egg-base ../../build/lidar_cam build --build-base /home/pi/sensor_fusion/build/lidar_cam/build install --record /home/pi/sensor_fusion/build/lidar_cam/install.log --install-scripts $base/lib/lidar_cam --single-version-externally-managed install_data
[7.874s] running egg_info
[7.877s] creating ../../build/lidar_cam/lidar_cam.egg-info
[7.878s] writing ../../build/lidar_cam/lidar_cam.egg-info/PKG-INFO
[7.880s] writing dependency_links to ../../build/lidar_cam/lidar_cam.egg-info/dependency_links.txt
[7.881s] writing entry points to ../../build/lidar_cam/lidar_cam.egg-info/entry_points.txt
[7.882s] writing requirements to ../../build/lidar_cam/lidar_cam.egg-info/requires.txt
[7.883s] writing top-level names to ../../build/lidar_cam/lidar_cam.egg-info/top_level.txt
[7.892s] writing manifest file '../../build/lidar_cam/lidar_cam.egg-info/SOURCES.txt'
[8.060s] reading manifest file '../../build/lidar_cam/lidar_cam.egg-info/SOURCES.txt'
[8.064s] writing manifest file '../../build/lidar_cam/lidar_cam.egg-info/SOURCES.txt'
[8.066s] running build
[8.066s] running build_py
[8.067s] creating /home/pi/sensor_fusion/build/lidar_cam/build
[8.068s] creating /home/pi/sensor_fusion/build/lidar_cam/build/lib
[8.069s] creating /home/pi/sensor_fusion/build/lidar_cam/build/lib/lidar_cam
[8.069s] copying lidar_cam/receive_scan.py -> /home/pi/sensor_fusion/build/lidar_cam/build/lib/lidar_cam
[8.072s] copying lidar_cam/__init__.py -> /home/pi/sensor_fusion/build/lidar_cam/build/lib/lidar_cam
[8.074s] copying lidar_cam/fusion_cam_lidar.py -> /home/pi/sensor_fusion/build/lidar_cam/build/lib/lidar_cam
[8.077s] copying lidar_cam/lidar_cam_fusion.py -> /home/pi/sensor_fusion/build/lidar_cam/build/lib/lidar_cam
[8.079s] running install
[8.089s] running install_lib
[8.098s] creating /home/pi/sensor_fusion/install/lidar_cam/lib/python3.8/site-packages/lidar_cam
[8.099s] copying /home/pi/sensor_fusion/build/lidar_cam/build/lib/lidar_cam/receive_scan.py -> /home/pi/sensor_fusion/install/lidar_cam/lib/python3.8/site-packages/lidar_cam
[8.106s] copying /home/pi/sensor_fusion/build/lidar_cam/build/lib/lidar_cam/__init__.py -> /home/pi/sensor_fusion/install/lidar_cam/lib/python3.8/site-packages/lidar_cam
[8.107s] copying /home/pi/sensor_fusion/build/lidar_cam/build/lib/lidar_cam/fusion_cam_lidar.py -> /home/pi/sensor_fusion/install/lidar_cam/lib/python3.8/site-packages/lidar_cam
[8.107s] copying /home/pi/sensor_fusion/build/lidar_cam/build/lib/lidar_cam/lidar_cam_fusion.py -> /home/pi/sensor_fusion/install/lidar_cam/lib/python3.8/site-packages/lidar_cam
[8.114s] byte-compiling /home/pi/sensor_fusion/install/lidar_cam/lib/python3.8/site-packages/lidar_cam/receive_scan.py to receive_scan.cpython-38.pyc
[8.116s] byte-compiling /home/pi/sensor_fusion/install/lidar_cam/lib/python3.8/site-packages/lidar_cam/__init__.py to __init__.cpython-38.pyc
[8.123s] byte-compiling /home/pi/sensor_fusion/install/lidar_cam/lib/python3.8/site-packages/lidar_cam/fusion_cam_lidar.py to fusion_cam_lidar.cpython-38.pyc
[8.124s] byte-compiling /home/pi/sensor_fusion/install/lidar_cam/lib/python3.8/site-packages/lidar_cam/lidar_cam_fusion.py to lidar_cam_fusion.cpython-38.pyc
[8.133s] running install_data
[8.134s] creating /home/pi/sensor_fusion/install/lidar_cam/share/ament_index
[8.136s] creating /home/pi/sensor_fusion/install/lidar_cam/share/ament_index/resource_index
[8.142s] creating /home/pi/sensor_fusion/install/lidar_cam/share/ament_index/resource_index/packages
[8.143s] copying resource/lidar_cam -> /home/pi/sensor_fusion/install/lidar_cam/share/ament_index/resource_index/packages
[8.144s] copying package.xml -> /home/pi/sensor_fusion/install/lidar_cam/share/lidar_cam
[8.145s] running install_egg_info
[8.149s] Copying ../../build/lidar_cam/lidar_cam.egg-info to /home/pi/sensor_fusion/install/lidar_cam/lib/python3.8/site-packages/lidar_cam-0.0.0-py3.8.egg-info
[8.150s] running install_scripts
[8.239s] Installing fusion script to /home/pi/sensor_fusion/install/lidar_cam/lib/lidar_cam
[8.240s] Installing lidar_cam script to /home/pi/sensor_fusion/install/lidar_cam/lib/lidar_cam
[8.241s] Installing scan_data script to /home/pi/sensor_fusion/install/lidar_cam/lib/lidar_cam
[8.243s] writing list of installed files to '/home/pi/sensor_fusion/build/lidar_cam/install.log'
[8.436s] Invoked command in '/home/pi/sensor_fusion/src/lidar_cam' returned '0': PYTHONPATH=/home/pi/sensor_fusion/build/lidar_cam/prefix_override:/usr/lib/python3/dist-packages/colcon_core/task/python/colcon_distutils_commands:/home/pi/sensor_fusion/install/lidar_cam/lib/python3.8/site-packages:${PYTHONPATH} /usr/bin/python3 -W ignore:setup.py install is deprecated setup.py egg_info --egg-base ../../build/lidar_cam build --build-base /home/pi/sensor_fusion/build/lidar_cam/build install --record /home/pi/sensor_fusion/build/lidar_cam/install.log --install-scripts $base/lib/lidar_cam --single-version-externally-managed install_data
