/home/pi/arm_ws/install/turtle_con/lib/python3.8/site-packages/turtle_con/turtle_ros2_con.py
/home/pi/arm_ws/install/turtle_con/lib/python3.8/site-packages/turtle_con/__init__.py
/home/pi/arm_ws/install/turtle_con/lib/python3.8/site-packages/turtle_con/qr_log.py
/home/pi/arm_ws/install/turtle_con/lib/python3.8/site-packages/turtle_con/with_qr.py
/home/pi/arm_ws/install/turtle_con/lib/python3.8/site-packages/turtle_con/move_qr.py
/home/pi/arm_ws/install/turtle_con/lib/python3.8/site-packages/turtle_con/__pycache__/turtle_ros2_con.cpython-38.pyc
/home/pi/arm_ws/install/turtle_con/lib/python3.8/site-packages/turtle_con/__pycache__/__init__.cpython-38.pyc
/home/pi/arm_ws/install/turtle_con/lib/python3.8/site-packages/turtle_con/__pycache__/qr_log.cpython-38.pyc
/home/pi/arm_ws/install/turtle_con/lib/python3.8/site-packages/turtle_con/__pycache__/with_qr.cpython-38.pyc
/home/pi/arm_ws/install/turtle_con/lib/python3.8/site-packages/turtle_con/__pycache__/move_qr.cpython-38.pyc
/home/pi/arm_ws/install/turtle_con/share/ament_index/resource_index/packages/turtle_con
/home/pi/arm_ws/install/turtle_con/share/turtle_con/package.xml
/home/pi/arm_ws/install/turtle_con/lib/python3.8/site-packages/turtle_con-0.0.0-py3.8.egg-info/zip-safe
/home/pi/arm_ws/install/turtle_con/lib/python3.8/site-packages/turtle_con-0.0.0-py3.8.egg-info/PKG-INFO
/home/pi/arm_ws/install/turtle_con/lib/python3.8/site-packages/turtle_con-0.0.0-py3.8.egg-info/dependency_links.txt
/home/pi/arm_ws/install/turtle_con/lib/python3.8/site-packages/turtle_con-0.0.0-py3.8.egg-info/requires.txt
/home/pi/arm_ws/install/turtle_con/lib/python3.8/site-packages/turtle_con-0.0.0-py3.8.egg-info/SOURCES.txt
/home/pi/arm_ws/install/turtle_con/lib/python3.8/site-packages/turtle_con-0.0.0-py3.8.egg-info/top_level.txt
/home/pi/arm_ws/install/turtle_con/lib/python3.8/site-packages/turtle_con-0.0.0-py3.8.egg-info/entry_points.txt
/home/pi/arm_ws/install/turtle_con/lib/turtle_con/move_qr
/home/pi/arm_ws/install/turtle_con/lib/turtle_con/qr_log
/home/pi/arm_ws/install/turtle_con/lib/turtle_con/turtle_ros2_con
/home/pi/arm_ws/install/turtle_con/lib/turtle_con/with_qr
