[18.218s] Invoking command in '/home/pi/arm_ws/src/turtle_con': PYTHONPATH=/home/pi/arm_ws/build/turtle_con/prefix_override:/usr/lib/python3/dist-packages/colcon_core/task/python/colcon_distutils_commands:/home/pi/arm_ws/install/turtle_con/lib/python3.8/site-packages:${PYTHONPATH} /usr/bin/python3 -W ignore:setup.py install is deprecated setup.py egg_info --egg-base ../../build/turtle_con build --build-base /home/pi/arm_ws/build/turtle_con/build install --record /home/pi/arm_ws/build/turtle_con/install.log --install-scripts $base/lib/turtle_con --single-version-externally-managed install_data
[23.992s] running egg_info
[24.016s] writing ../../build/turtle_con/turtle_con.egg-info/PKG-INFO
[24.028s] writing dependency_links to ../../build/turtle_con/turtle_con.egg-info/dependency_links.txt
[24.029s] writing entry points to ../../build/turtle_con/turtle_con.egg-info/entry_points.txt
[24.040s] writing requirements to ../../build/turtle_con/turtle_con.egg-info/requires.txt
[24.041s] writing top-level names to ../../build/turtle_con/turtle_con.egg-info/top_level.txt
[24.928s] reading manifest file '../../build/turtle_con/turtle_con.egg-info/SOURCES.txt'
[24.957s] writing manifest file '../../build/turtle_con/turtle_con.egg-info/SOURCES.txt'
[24.960s] running build
[24.962s] running build_py
[24.968s] copying turtle_con/qr_log.py -> /home/pi/arm_ws/build/turtle_con/build/lib/turtle_con
[24.988s] running install
[25.010s] running install_lib
[25.033s] copying /home/pi/arm_ws/build/turtle_con/build/lib/turtle_con/qr_log.py -> /home/pi/arm_ws/install/turtle_con/lib/python3.8/site-packages/turtle_con
[25.051s] byte-compiling /home/pi/arm_ws/install/turtle_con/lib/python3.8/site-packages/turtle_con/qr_log.py to qr_log.cpython-38.pyc
[25.107s] running install_data
[25.108s] running install_egg_info
[25.133s] removing '/home/pi/arm_ws/install/turtle_con/lib/python3.8/site-packages/turtle_con-0.0.0-py3.8.egg-info' (and everything under it)
[25.141s] Copying ../../build/turtle_con/turtle_con.egg-info to /home/pi/arm_ws/install/turtle_con/lib/python3.8/site-packages/turtle_con-0.0.0-py3.8.egg-info
[25.161s] running install_scripts
[25.458s] Installing move_qr script to /home/pi/arm_ws/install/turtle_con/lib/turtle_con
[25.469s] Installing qr_log script to /home/pi/arm_ws/install/turtle_con/lib/turtle_con
[25.483s] Installing turtle_ros2_con script to /home/pi/arm_ws/install/turtle_con/lib/turtle_con
[25.490s] Installing with_qr script to /home/pi/arm_ws/install/turtle_con/lib/turtle_con
[25.496s] writing list of installed files to '/home/pi/arm_ws/build/turtle_con/install.log'
[25.784s] Invoked command in '/home/pi/arm_ws/src/turtle_con' returned '0': PYTHONPATH=/home/pi/arm_ws/build/turtle_con/prefix_override:/usr/lib/python3/dist-packages/colcon_core/task/python/colcon_distutils_commands:/home/pi/arm_ws/install/turtle_con/lib/python3.8/site-packages:${PYTHONPATH} /usr/bin/python3 -W ignore:setup.py install is deprecated setup.py egg_info --egg-base ../../build/turtle_con build --build-base /home/pi/arm_ws/build/turtle_con/build install --record /home/pi/arm_ws/build/turtle_con/install.log --install-scripts $base/lib/turtle_con --single-version-externally-managed install_data
