[9.431s] Invoking command in '/home/pi/arm_ws/src/turtle_con': PYTHONPATH=/home/pi/arm_ws/build/turtle_con/prefix_override:/usr/lib/python3/dist-packages/colcon_core/task/python/colcon_distutils_commands:/home/pi/arm_ws/install/turtle_con/lib/python3.8/site-packages:${PYTHONPATH} /usr/bin/python3 -W ignore:setup.py install is deprecated setup.py egg_info --egg-base ../../build/turtle_con build --build-base /home/pi/arm_ws/build/turtle_con/build install --record /home/pi/arm_ws/build/turtle_con/install.log --install-scripts $base/lib/turtle_con --single-version-externally-managed install_data
[11.895s] running egg_info
[11.901s] writing ../../build/turtle_con/turtle_con.egg-info/PKG-INFO
[11.903s] writing dependency_links to ../../build/turtle_con/turtle_con.egg-info/dependency_links.txt
[11.905s] writing entry points to ../../build/turtle_con/turtle_con.egg-info/entry_points.txt
[11.907s] writing requirements to ../../build/turtle_con/turtle_con.egg-info/requires.txt
[11.909s] writing top-level names to ../../build/turtle_con/turtle_con.egg-info/top_level.txt
[12.272s] reading manifest file '../../build/turtle_con/turtle_con.egg-info/SOURCES.txt'
[12.282s] writing manifest file '../../build/turtle_con/turtle_con.egg-info/SOURCES.txt'
[12.283s] running build
[12.284s] running build_py
[12.288s] running install
[12.295s] running install_lib
[12.312s] running install_data
[12.313s] running install_egg_info
[12.329s] removing '/home/pi/arm_ws/install/turtle_con/lib/python3.8/site-packages/turtle_con-0.0.0-py3.8.egg-info' (and everything under it)
[12.333s] Copying ../../build/turtle_con/turtle_con.egg-info to /home/pi/arm_ws/install/turtle_con/lib/python3.8/site-packages/turtle_con-0.0.0-py3.8.egg-info
[12.347s] running install_scripts
[12.530s] Installing move_qr script to /home/pi/arm_ws/install/turtle_con/lib/turtle_con
[12.532s] Installing qr_log script to /home/pi/arm_ws/install/turtle_con/lib/turtle_con
[12.535s] Installing turtle_ros2_con script to /home/pi/arm_ws/install/turtle_con/lib/turtle_con
[12.538s] Installing with_qr script to /home/pi/arm_ws/install/turtle_con/lib/turtle_con
[12.543s] writing list of installed files to '/home/pi/arm_ws/build/turtle_con/install.log'
[12.786s] Invoked command in '/home/pi/arm_ws/src/turtle_con' returned '0': PYTHONPATH=/home/pi/arm_ws/build/turtle_con/prefix_override:/usr/lib/python3/dist-packages/colcon_core/task/python/colcon_distutils_commands:/home/pi/arm_ws/install/turtle_con/lib/python3.8/site-packages:${PYTHONPATH} /usr/bin/python3 -W ignore:setup.py install is deprecated setup.py egg_info --egg-base ../../build/turtle_con build --build-base /home/pi/arm_ws/build/turtle_con/build install --record /home/pi/arm_ws/build/turtle_con/install.log --install-scripts $base/lib/turtle_con --single-version-externally-managed install_data
