/home/kmw/cam_ws/install/ros2_cv_cam/lib/python3.10/site-packages/ros2_cv_cam/__init__.py
/home/kmw/cam_ws/install/ros2_cv_cam/lib/python3.10/site-packages/ros2_cv_cam/img_sub.py
/home/kmw/cam_ws/install/ros2_cv_cam/lib/python3.10/site-packages/ros2_cv_cam/cam_sub.py
/home/kmw/cam_ws/install/ros2_cv_cam/lib/python3.10/site-packages/ros2_cv_cam/qr_detect.py
/home/kmw/cam_ws/install/ros2_cv_cam/lib/python3.10/site-packages/ros2_cv_cam/__pycache__/__init__.cpython-310.pyc
/home/kmw/cam_ws/install/ros2_cv_cam/lib/python3.10/site-packages/ros2_cv_cam/__pycache__/img_sub.cpython-310.pyc
/home/kmw/cam_ws/install/ros2_cv_cam/lib/python3.10/site-packages/ros2_cv_cam/__pycache__/cam_sub.cpython-310.pyc
/home/kmw/cam_ws/install/ros2_cv_cam/lib/python3.10/site-packages/ros2_cv_cam/__pycache__/qr_detect.cpython-310.pyc
/home/kmw/cam_ws/install/ros2_cv_cam/share/ament_index/resource_index/packages/ros2_cv_cam
/home/kmw/cam_ws/install/ros2_cv_cam/share/ros2_cv_cam/package.xml
/home/kmw/cam_ws/install/ros2_cv_cam/lib/python3.10/site-packages/ros2_cv_cam-0.0.0-py3.10.egg-info/SOURCES.txt
/home/kmw/cam_ws/install/ros2_cv_cam/lib/python3.10/site-packages/ros2_cv_cam-0.0.0-py3.10.egg-info/PKG-INFO
/home/kmw/cam_ws/install/ros2_cv_cam/lib/python3.10/site-packages/ros2_cv_cam-0.0.0-py3.10.egg-info/requires.txt
/home/kmw/cam_ws/install/ros2_cv_cam/lib/python3.10/site-packages/ros2_cv_cam-0.0.0-py3.10.egg-info/zip-safe
/home/kmw/cam_ws/install/ros2_cv_cam/lib/python3.10/site-packages/ros2_cv_cam-0.0.0-py3.10.egg-info/top_level.txt
/home/kmw/cam_ws/install/ros2_cv_cam/lib/python3.10/site-packages/ros2_cv_cam-0.0.0-py3.10.egg-info/entry_points.txt
/home/kmw/cam_ws/install/ros2_cv_cam/lib/python3.10/site-packages/ros2_cv_cam-0.0.0-py3.10.egg-info/dependency_links.txt
/home/kmw/cam_ws/install/ros2_cv_cam/lib/ros2_cv_cam/cam_sub
/home/kmw/cam_ws/install/ros2_cv_cam/lib/ros2_cv_cam/img_sub
/home/kmw/cam_ws/install/ros2_cv_cam/lib/ros2_cv_cam/qr_detect
