[12.307s] Invoking command in '/home/pi/arm_ws/src/turtle_con': PYTHONPATH=/home/pi/arm_ws/build/turtle_con/prefix_override:/usr/lib/python3/dist-packages/colcon_core/task/python/colcon_distutils_commands:/home/pi/arm_ws/install/turtle_con/lib/python3.8/site-packages:${PYTHONPATH} /usr/bin/python3 -W ignore:setup.py install is deprecated setup.py egg_info --egg-base ../../build/turtle_con build --build-base /home/pi/arm_ws/build/turtle_con/build install --record /home/pi/arm_ws/build/turtle_con/install.log --install-scripts $base/lib/turtle_con --single-version-externally-managed install_data
[15.994s] running egg_info
[16.000s] writing ../../build/turtle_con/turtle_con.egg-info/PKG-INFO
[16.002s] writing dependency_links to ../../build/turtle_con/turtle_con.egg-info/dependency_links.txt
[16.004s] writing entry points to ../../build/turtle_con/turtle_con.egg-info/entry_points.txt
[16.007s] writing requirements to ../../build/turtle_con/turtle_con.egg-info/requires.txt
[16.008s] writing top-level names to ../../build/turtle_con/turtle_con.egg-info/top_level.txt
[16.577s] reading manifest file '../../build/turtle_con/turtle_con.egg-info/SOURCES.txt'
[16.589s] writing manifest file '../../build/turtle_con/turtle_con.egg-info/SOURCES.txt'
[16.592s] running build
[16.594s] running build_py
[16.599s] copying turtle_con/qr_log.py -> /home/pi/arm_ws/build/turtle_con/build/lib/turtle_con
[16.605s] running install
[16.615s] running install_lib
[16.653s] copying /home/pi/arm_ws/build/turtle_con/build/lib/turtle_con/qr_log.py -> /home/pi/arm_ws/install/turtle_con/lib/python3.8/site-packages/turtle_con
[16.680s] byte-compiling /home/pi/arm_ws/install/turtle_con/lib/python3.8/site-packages/turtle_con/qr_log.py to qr_log.cpython-38.pyc
[16.745s] running install_data
[16.747s] running install_egg_info
[16.788s] removing '/home/pi/arm_ws/install/turtle_con/lib/python3.8/site-packages/turtle_con-0.0.0-py3.8.egg-info' (and everything under it)
[16.792s] Copying ../../build/turtle_con/turtle_con.egg-info to /home/pi/arm_ws/install/turtle_con/lib/python3.8/site-packages/turtle_con-0.0.0-py3.8.egg-info
[16.806s] running install_scripts
[17.045s] Installing move_qr script to /home/pi/arm_ws/install/turtle_con/lib/turtle_con
[17.047s] Installing qr_log script to /home/pi/arm_ws/install/turtle_con/lib/turtle_con
[17.049s] Installing turtle_ros2_con script to /home/pi/arm_ws/install/turtle_con/lib/turtle_con
[17.051s] Installing with_qr script to /home/pi/arm_ws/install/turtle_con/lib/turtle_con
[17.057s] writing list of installed files to '/home/pi/arm_ws/build/turtle_con/install.log'
[17.333s] Invoked command in '/home/pi/arm_ws/src/turtle_con' returned '0': PYTHONPATH=/home/pi/arm_ws/build/turtle_con/prefix_override:/usr/lib/python3/dist-packages/colcon_core/task/python/colcon_distutils_commands:/home/pi/arm_ws/install/turtle_con/lib/python3.8/site-packages:${PYTHONPATH} /usr/bin/python3 -W ignore:setup.py install is deprecated setup.py egg_info --egg-base ../../build/turtle_con build --build-base /home/pi/arm_ws/build/turtle_con/build install --record /home/pi/arm_ws/build/turtle_con/install.log --install-scripts $base/lib/turtle_con --single-version-externally-managed install_data
