[1.877s] Invoking command in '/home/kmw/trees_ws/src/py_trees_ros': CONDA_PROMPT_MODIFIER=(ros2_py310) PYTHONPATH=/home/kmw/trees_ws/build/py_trees_ros/prefix_override:/usr/lib/python3/dist-packages/colcon_core/task/python/colcon_distutils_commands:/home/kmw/trees_ws/install/py_trees_ros/lib/python3.10/site-packages:${PYTHONPATH} /usr/bin/python3 -W ignore:setup.py install is deprecated -W ignore:easy_install command is deprecated setup.py egg_info --egg-base ../../build/py_trees_ros build --build-base /home/kmw/trees_ws/build/py_trees_ros/build install --record /home/kmw/trees_ws/build/py_trees_ros/install.log --single-version-externally-managed install_data
[2.231s] /home/kmw/miniconda3/envs/ros2_py310/lib/python3.10/site-packages/setuptools/_distutils/dist.py:261: UserWarning: Unknown distribution option: 'test_suite'
[2.231s]   warnings.warn(msg)
[2.231s] /home/kmw/miniconda3/envs/ros2_py310/lib/python3.10/site-packages/setuptools/_distutils/dist.py:261: UserWarning: Unknown distribution option: 'tests_require'
[2.231s]   warnings.warn(msg)
[2.471s] running egg_info
[2.511s] writing ../../build/py_trees_ros/py_trees_ros.egg-info/PKG-INFO
[2.512s] writing dependency_links to ../../build/py_trees_ros/py_trees_ros.egg-info/dependency_links.txt
[2.512s] writing entry points to ../../build/py_trees_ros/py_trees_ros.egg-info/entry_points.txt
[2.513s] writing top-level names to ../../build/py_trees_ros/py_trees_ros.egg-info/top_level.txt
[2.595s] reading manifest file '../../build/py_trees_ros/py_trees_ros.egg-info/SOURCES.txt'
[2.596s] adding license file 'LICENSE'
[2.599s] writing manifest file '../../build/py_trees_ros/py_trees_ros.egg-info/SOURCES.txt'
[2.599s] running build
[2.599s] running build_py
[2.600s] copying py_trees_ros/subscribers.py -> /home/kmw/trees_ws/build/py_trees_ros/build/lib/py_trees_ros
[2.600s] copying py_trees_ros/action_clients.py -> /home/kmw/trees_ws/build/py_trees_ros/build/lib/py_trees_ros
[2.600s] copying py_trees_ros/blackboard.py -> /home/kmw/trees_ws/build/py_trees_ros/build/lib/py_trees_ros
[2.601s] copying py_trees_ros/__init__.py -> /home/kmw/trees_ws/build/py_trees_ros/build/lib/py_trees_ros
[2.601s] copying py_trees_ros/battery.py -> /home/kmw/trees_ws/build/py_trees_ros/build/lib/py_trees_ros
[2.601s] copying py_trees_ros/actions.py -> /home/kmw/trees_ws/build/py_trees_ros/build/lib/py_trees_ros
[2.601s] copying py_trees_ros/conversions.py -> /home/kmw/trees_ws/build/py_trees_ros/build/lib/py_trees_ros
[2.602s] copying py_trees_ros/exceptions.py -> /home/kmw/trees_ws/build/py_trees_ros/build/lib/py_trees_ros
[2.602s] copying py_trees_ros/publishers.py -> /home/kmw/trees_ws/build/py_trees_ros/build/lib/py_trees_ros
[2.602s] copying py_trees_ros/trees.py -> /home/kmw/trees_ws/build/py_trees_ros/build/lib/py_trees_ros
[2.603s] copying py_trees_ros/transforms.py -> /home/kmw/trees_ws/build/py_trees_ros/build/lib/py_trees_ros
[2.603s] copying py_trees_ros/visitors.py -> /home/kmw/trees_ws/build/py_trees_ros/build/lib/py_trees_ros
[2.603s] copying py_trees_ros/version.py -> /home/kmw/trees_ws/build/py_trees_ros/build/lib/py_trees_ros
[2.604s] copying py_trees_ros/utilities.py -> /home/kmw/trees_ws/build/py_trees_ros/build/lib/py_trees_ros
[2.604s] copying py_trees_ros/service_clients.py -> /home/kmw/trees_ws/build/py_trees_ros/build/lib/py_trees_ros
[2.604s] copying py_trees_ros/programs/__init__.py -> /home/kmw/trees_ws/build/py_trees_ros/build/lib/py_trees_ros/programs
[2.605s] copying py_trees_ros/programs/echo.py -> /home/kmw/trees_ws/build/py_trees_ros/build/lib/py_trees_ros/programs
[2.605s] copying py_trees_ros/programs/blackboard_watcher.py -> /home/kmw/trees_ws/build/py_trees_ros/build/lib/py_trees_ros/programs
[2.605s] copying py_trees_ros/programs/tree_watcher.py -> /home/kmw/trees_ws/build/py_trees_ros/build/lib/py_trees_ros/programs
[2.606s] copying py_trees_ros/programs/multi_talker.py -> /home/kmw/trees_ws/build/py_trees_ros/build/lib/py_trees_ros/programs
[2.606s] copying py_trees_ros/mock/set_bool.py -> /home/kmw/trees_ws/build/py_trees_ros/build/lib/py_trees_ros/mock
[2.607s] copying py_trees_ros/mock/__init__.py -> /home/kmw/trees_ws/build/py_trees_ros/build/lib/py_trees_ros/mock
[2.607s] copying py_trees_ros/mock/actions.py -> /home/kmw/trees_ws/build/py_trees_ros/build/lib/py_trees_ros/mock
[2.607s] copying py_trees_ros/mock/services.py -> /home/kmw/trees_ws/build/py_trees_ros/build/lib/py_trees_ros/mock
[2.608s] copying py_trees_ros/mock/dock.py -> /home/kmw/trees_ws/build/py_trees_ros/build/lib/py_trees_ros/mock
[2.609s] running install
[2.619s] running install_lib
[2.662s] running install_data
[2.662s] copying package.xml -> /home/kmw/trees_ws/install/py_trees_ros/share/py_trees_ros
[2.663s] copying resources/py_trees_ros -> /home/kmw/trees_ws/install/py_trees_ros/share/ament_index/resource_index/packages
[2.663s] running install_egg_info
[2.704s] removing '/home/kmw/trees_ws/install/py_trees_ros/lib/python3.10/site-packages/py_trees_ros-2.2.2-py3.10.egg-info' (and everything under it)
[2.705s] Copying ../../build/py_trees_ros/py_trees_ros.egg-info to /home/kmw/trees_ws/install/py_trees_ros/lib/python3.10/site-packages/py_trees_ros-2.2.2-py3.10.egg-info
[2.706s] running install_scripts
[3.023s] Installing py-trees-blackboard-watcher script to /home/kmw/trees_ws/install/py_trees_ros/bin
[3.024s] Installing py-trees-tree-watcher script to /home/kmw/trees_ws/install/py_trees_ros/bin
[3.025s] writing list of installed files to '/home/kmw/trees_ws/build/py_trees_ros/install.log'
[3.099s] Invoked command in '/home/kmw/trees_ws/src/py_trees_ros' returned '0': CONDA_PROMPT_MODIFIER=(ros2_py310) PYTHONPATH=/home/kmw/trees_ws/build/py_trees_ros/prefix_override:/usr/lib/python3/dist-packages/colcon_core/task/python/colcon_distutils_commands:/home/kmw/trees_ws/install/py_trees_ros/lib/python3.10/site-packages:${PYTHONPATH} /usr/bin/python3 -W ignore:setup.py install is deprecated -W ignore:easy_install command is deprecated setup.py egg_info --egg-base ../../build/py_trees_ros build --build-base /home/kmw/trees_ws/build/py_trees_ros/build install --record /home/kmw/trees_ws/build/py_trees_ros/install.log --single-version-externally-managed install_data
