[0.829s] Invoking command in '/home/kmw/cam_ws/src/ros2_cv_cam': CONDA_PROMPT_MODIFIER=(ros2_py310) PYTHONPATH=/home/kmw/cam_ws/build/ros2_cv_cam/prefix_override:/usr/lib/python3/dist-packages/colcon_core/task/python/colcon_distutils_commands:/home/kmw/cam_ws/install/ros2_cv_cam/lib/python3.10/site-packages:${PYTHONPATH} /usr/bin/python3 -W ignore:setup.py install is deprecated setup.py egg_info --egg-base ../../build/ros2_cv_cam build --build-base /home/kmw/cam_ws/build/ros2_cv_cam/build install --record /home/kmw/cam_ws/build/ros2_cv_cam/install.log --single-version-externally-managed install_data
[1.115s] running egg_info
[1.116s] writing ../../build/ros2_cv_cam/ros2_cv_cam.egg-info/PKG-INFO
[1.123s] writing dependency_links to ../../build/ros2_cv_cam/ros2_cv_cam.egg-info/dependency_links.txt
[1.123s] writing entry points to ../../build/ros2_cv_cam/ros2_cv_cam.egg-info/entry_points.txt
[1.124s] writing requirements to ../../build/ros2_cv_cam/ros2_cv_cam.egg-info/requires.txt
[1.124s] writing top-level names to ../../build/ros2_cv_cam/ros2_cv_cam.egg-info/top_level.txt
[1.125s] reading manifest file '../../build/ros2_cv_cam/ros2_cv_cam.egg-info/SOURCES.txt'
[1.127s] writing manifest file '../../build/ros2_cv_cam/ros2_cv_cam.egg-info/SOURCES.txt'
[1.127s] running build
[1.127s] running build_py
[1.127s] copying ros2_cv_cam/cam_sub.py -> /home/kmw/cam_ws/build/ros2_cv_cam/build/lib/ros2_cv_cam
[1.128s] running install
[1.128s] running install_lib
[1.129s] copying /home/kmw/cam_ws/build/ros2_cv_cam/build/lib/ros2_cv_cam/cam_sub.py -> /home/kmw/cam_ws/install/ros2_cv_cam/lib/python3.10/site-packages/ros2_cv_cam
[1.129s] byte-compiling /home/kmw/cam_ws/install/ros2_cv_cam/lib/python3.10/site-packages/ros2_cv_cam/cam_sub.py to cam_sub.cpython-310.pyc
[1.131s] running install_data
[1.132s] running install_egg_info
[1.136s] removing '/home/kmw/cam_ws/install/ros2_cv_cam/lib/python3.10/site-packages/ros2_cv_cam-0.0.0-py3.10.egg-info' (and everything under it)
[1.137s] Copying ../../build/ros2_cv_cam/ros2_cv_cam.egg-info to /home/kmw/cam_ws/install/ros2_cv_cam/lib/python3.10/site-packages/ros2_cv_cam-0.0.0-py3.10.egg-info
[1.138s] running install_scripts
[1.185s] Installing cam_sub script to /home/kmw/cam_ws/install/ros2_cv_cam/lib/ros2_cv_cam
[1.199s] Installing img_sub script to /home/kmw/cam_ws/install/ros2_cv_cam/lib/ros2_cv_cam
[1.200s] Installing qr_detect script to /home/kmw/cam_ws/install/ros2_cv_cam/lib/ros2_cv_cam
[1.200s] writing list of installed files to '/home/kmw/cam_ws/build/ros2_cv_cam/install.log'
[1.200s] Invoked command in '/home/kmw/cam_ws/src/ros2_cv_cam' returned '0': CONDA_PROMPT_MODIFIER=(ros2_py310) PYTHONPATH=/home/kmw/cam_ws/build/ros2_cv_cam/prefix_override:/usr/lib/python3/dist-packages/colcon_core/task/python/colcon_distutils_commands:/home/kmw/cam_ws/install/ros2_cv_cam/lib/python3.10/site-packages:${PYTHONPATH} /usr/bin/python3 -W ignore:setup.py install is deprecated setup.py egg_info --egg-base ../../build/ros2_cv_cam build --build-base /home/kmw/cam_ws/build/ros2_cv_cam/build install --record /home/kmw/cam_ws/build/ros2_cv_cam/install.log --single-version-externally-managed install_data
