[2.144s] DEBUG:colcon:Command line arguments: ['/usr/bin/colcon', 'build']
[2.145s] DEBUG:colcon:Parsed command line arguments: Namespace(allow_overriding=[], ament_cmake_args=None, base_paths=['.'], build_base='build', catkin_cmake_args=None, catkin_skip_building_tests=False, cmake_args=None, cmake_clean_cache=False, cmake_clean_first=False, cmake_force_configure=False, cmake_target=None, cmake_target_skip_unavailable=False, continue_on_error=False, event_handlers=None, executor='parallel', ignore_user_meta=False, install_base='install', log_base=None, log_level=None, main=<bound method BuildVerb.main of <colcon_core.verb.build.BuildVerb object at 0xffff91079130>>, merge_install=False, metas=['./colcon.meta'], mixin=None, mixin_files=None, mixin_verb=('build',), packages_above=None, packages_above_and_dependencies=None, packages_above_depth=None, packages_end=None, packages_ignore=None, packages_ignore_regex=None, packages_select=None, packages_select_build_failed=False, packages_select_by_dep=None, packages_select_regex=None, packages_select_test_failures=False, packages_skip=None, packages_skip_build_finished=False, packages_skip_by_dep=None, packages_skip_regex=None, packages_skip_test_passed=False, packages_skip_up_to=None, packages_start=None, packages_up_to=None, packages_up_to_regex=None, parallel_workers=4, paths=None, symlink_install=False, test_result_base=None, verb_extension=<colcon_core.verb.build.BuildVerb object at 0xffff91079130>, verb_name='build', verb_parser=<colcon_mixin.mixin.mixin_argument.MixinArgumentDecorator object at 0xffff90fccfd0>)
[4.004s] Level 1:colcon.colcon_core.package_discovery:discover_packages(colcon_meta) check parameters
[4.005s] Level 1:colcon.colcon_core.package_discovery:discover_packages(recursive) check parameters
[4.006s] Level 1:colcon.colcon_core.package_discovery:discover_packages(ignore) check parameters
[4.006s] Level 1:colcon.colcon_core.package_discovery:discover_packages(path) check parameters
[4.006s] Level 1:colcon.colcon_core.package_discovery:discover_packages(colcon_meta) discover
[4.007s] Level 1:colcon.colcon_core.package_discovery:discover_packages(recursive) discover
[4.007s] INFO:colcon.colcon_core.package_discovery:Crawling recursively for packages in '/home/pi/arm_ws'
[4.008s] Level 1:colcon.colcon_core.package_identification:_identify(.) by extensions ['ignore', 'ignore_ament_install']
[4.009s] Level 1:colcon.colcon_core.package_identification:_identify(.) by extension 'ignore'
[4.010s] Level 1:colcon.colcon_core.package_identification:_identify(.) by extension 'ignore_ament_install'
[4.010s] Level 1:colcon.colcon_core.package_identification:_identify(.) by extensions ['colcon_pkg']
[4.011s] Level 1:colcon.colcon_core.package_identification:_identify(.) by extension 'colcon_pkg'
[4.011s] Level 1:colcon.colcon_core.package_identification:_identify(.) by extensions ['colcon_meta']
[4.012s] Level 1:colcon.colcon_core.package_identification:_identify(.) by extension 'colcon_meta'
[4.012s] Level 1:colcon.colcon_core.package_identification:_identify(.) by extensions ['ros']
[4.012s] Level 1:colcon.colcon_core.package_identification:_identify(.) by extension 'ros'
[4.123s] Level 1:colcon.colcon_core.package_identification:_identify(.) by extensions ['cmake', 'python']
[4.124s] Level 1:colcon.colcon_core.package_identification:_identify(.) by extension 'cmake'
[4.124s] Level 1:colcon.colcon_core.package_identification:_identify(.) by extension 'python'
[4.124s] Level 1:colcon.colcon_core.package_identification:_identify(.) by extensions ['python_setup_py']
[4.125s] Level 1:colcon.colcon_core.package_identification:_identify(.) by extension 'python_setup_py'
[4.126s] Level 1:colcon.colcon_core.package_identification:_identify(FTServo_Python) by extensions ['ignore', 'ignore_ament_install']
[4.127s] Level 1:colcon.colcon_core.package_identification:_identify(FTServo_Python) by extension 'ignore'
[4.128s] Level 1:colcon.colcon_core.package_identification:_identify(FTServo_Python) by extension 'ignore_ament_install'
[4.128s] Level 1:colcon.colcon_core.package_identification:_identify(FTServo_Python) by extensions ['colcon_pkg']
[4.128s] Level 1:colcon.colcon_core.package_identification:_identify(FTServo_Python) by extension 'colcon_pkg'
[4.129s] Level 1:colcon.colcon_core.package_identification:_identify(FTServo_Python) by extensions ['colcon_meta']
[4.129s] Level 1:colcon.colcon_core.package_identification:_identify(FTServo_Python) by extension 'colcon_meta'
[4.130s] Level 1:colcon.colcon_core.package_identification:_identify(FTServo_Python) by extensions ['ros']
[4.130s] Level 1:colcon.colcon_core.package_identification:_identify(FTServo_Python) by extension 'ros'
[4.131s] Level 1:colcon.colcon_core.package_identification:_identify(FTServo_Python) by extensions ['cmake', 'python']
[4.131s] Level 1:colcon.colcon_core.package_identification:_identify(FTServo_Python) by extension 'cmake'
[4.132s] Level 1:colcon.colcon_core.package_identification:_identify(FTServo_Python) by extension 'python'
[4.132s] Level 1:colcon.colcon_core.package_identification:_identify(FTServo_Python) by extensions ['python_setup_py']
[4.132s] Level 1:colcon.colcon_core.package_identification:_identify(FTServo_Python) by extension 'python_setup_py'
[4.134s] Level 1:colcon.colcon_core.package_identification:_identify(FTServo_Python/scscl) by extensions ['ignore', 'ignore_ament_install']
[4.134s] Level 1:colcon.colcon_core.package_identification:_identify(FTServo_Python/scscl) by extension 'ignore'
[4.135s] Level 1:colcon.colcon_core.package_identification:_identify(FTServo_Python/scscl) by extension 'ignore_ament_install'
[4.136s] Level 1:colcon.colcon_core.package_identification:_identify(FTServo_Python/scscl) by extensions ['colcon_pkg']
[4.136s] Level 1:colcon.colcon_core.package_identification:_identify(FTServo_Python/scscl) by extension 'colcon_pkg'
[4.136s] Level 1:colcon.colcon_core.package_identification:_identify(FTServo_Python/scscl) by extensions ['colcon_meta']
[4.137s] Level 1:colcon.colcon_core.package_identification:_identify(FTServo_Python/scscl) by extension 'colcon_meta'
[4.138s] Level 1:colcon.colcon_core.package_identification:_identify(FTServo_Python/scscl) by extensions ['ros']
[4.138s] Level 1:colcon.colcon_core.package_identification:_identify(FTServo_Python/scscl) by extension 'ros'
[4.139s] Level 1:colcon.colcon_core.package_identification:_identify(FTServo_Python/scscl) by extensions ['cmake', 'python']
[4.139s] Level 1:colcon.colcon_core.package_identification:_identify(FTServo_Python/scscl) by extension 'cmake'
[4.140s] Level 1:colcon.colcon_core.package_identification:_identify(FTServo_Python/scscl) by extension 'python'
[4.140s] Level 1:colcon.colcon_core.package_identification:_identify(FTServo_Python/scscl) by extensions ['python_setup_py']
[4.141s] Level 1:colcon.colcon_core.package_identification:_identify(FTServo_Python/scscl) by extension 'python_setup_py'
[4.142s] Level 1:colcon.colcon_core.package_identification:_identify(FTServo_Python/scservo_sdk) by extensions ['ignore', 'ignore_ament_install']
[4.143s] Level 1:colcon.colcon_core.package_identification:_identify(FTServo_Python/scservo_sdk) by extension 'ignore'
[4.143s] Level 1:colcon.colcon_core.package_identification:_identify(FTServo_Python/scservo_sdk) by extension 'ignore_ament_install'
[4.144s] Level 1:colcon.colcon_core.package_identification:_identify(FTServo_Python/scservo_sdk) by extensions ['colcon_pkg']
[4.144s] Level 1:colcon.colcon_core.package_identification:_identify(FTServo_Python/scservo_sdk) by extension 'colcon_pkg'
[4.145s] Level 1:colcon.colcon_core.package_identification:_identify(FTServo_Python/scservo_sdk) by extensions ['colcon_meta']
[4.145s] Level 1:colcon.colcon_core.package_identification:_identify(FTServo_Python/scservo_sdk) by extension 'colcon_meta'
[4.146s] Level 1:colcon.colcon_core.package_identification:_identify(FTServo_Python/scservo_sdk) by extensions ['ros']
[4.146s] Level 1:colcon.colcon_core.package_identification:_identify(FTServo_Python/scservo_sdk) by extension 'ros'
[4.147s] Level 1:colcon.colcon_core.package_identification:_identify(FTServo_Python/scservo_sdk) by extensions ['cmake', 'python']
[4.147s] Level 1:colcon.colcon_core.package_identification:_identify(FTServo_Python/scservo_sdk) by extension 'cmake'
[4.148s] Level 1:colcon.colcon_core.package_identification:_identify(FTServo_Python/scservo_sdk) by extension 'python'
[4.148s] Level 1:colcon.colcon_core.package_identification:_identify(FTServo_Python/scservo_sdk) by extensions ['python_setup_py']
[4.148s] Level 1:colcon.colcon_core.package_identification:_identify(FTServo_Python/scservo_sdk) by extension 'python_setup_py'
[4.149s] Level 1:colcon.colcon_core.package_identification:_identify(FTServo_Python/sms_sts) by extensions ['ignore', 'ignore_ament_install']
[4.150s] Level 1:colcon.colcon_core.package_identification:_identify(FTServo_Python/sms_sts) by extension 'ignore'
[4.151s] Level 1:colcon.colcon_core.package_identification:_identify(FTServo_Python/sms_sts) by extension 'ignore_ament_install'
[4.151s] Level 1:colcon.colcon_core.package_identification:_identify(FTServo_Python/sms_sts) by extensions ['colcon_pkg']
[4.152s] Level 1:colcon.colcon_core.package_identification:_identify(FTServo_Python/sms_sts) by extension 'colcon_pkg'
[4.152s] Level 1:colcon.colcon_core.package_identification:_identify(FTServo_Python/sms_sts) by extensions ['colcon_meta']
[4.152s] Level 1:colcon.colcon_core.package_identification:_identify(FTServo_Python/sms_sts) by extension 'colcon_meta'
[4.153s] Level 1:colcon.colcon_core.package_identification:_identify(FTServo_Python/sms_sts) by extensions ['ros']
[4.153s] Level 1:colcon.colcon_core.package_identification:_identify(FTServo_Python/sms_sts) by extension 'ros'
[4.154s] Level 1:colcon.colcon_core.package_identification:_identify(FTServo_Python/sms_sts) by extensions ['cmake', 'python']
[4.154s] Level 1:colcon.colcon_core.package_identification:_identify(FTServo_Python/sms_sts) by extension 'cmake'
[4.155s] Level 1:colcon.colcon_core.package_identification:_identify(FTServo_Python/sms_sts) by extension 'python'
[4.155s] Level 1:colcon.colcon_core.package_identification:_identify(FTServo_Python/sms_sts) by extensions ['python_setup_py']
[4.156s] Level 1:colcon.colcon_core.package_identification:_identify(FTServo_Python/sms_sts) by extension 'python_setup_py'
[4.157s] Level 1:colcon.colcon_core.package_identification:_identify(FTServo_Python/sms_sts/build) by extensions ['ignore', 'ignore_ament_install']
[4.158s] Level 1:colcon.colcon_core.package_identification:_identify(FTServo_Python/sms_sts/build) by extension 'ignore'
[4.158s] Level 1:colcon.colcon_core.package_identification:_identify(FTServo_Python/sms_sts/build) ignored
[4.160s] Level 1:colcon.colcon_core.package_identification:_identify(FTServo_Python/sms_sts/install) by extensions ['ignore', 'ignore_ament_install']
[4.160s] Level 1:colcon.colcon_core.package_identification:_identify(FTServo_Python/sms_sts/install) by extension 'ignore'
[4.161s] Level 1:colcon.colcon_core.package_identification:_identify(FTServo_Python/sms_sts/install) ignored
[4.162s] Level 1:colcon.colcon_core.package_identification:_identify(FTServo_Python/sms_sts/log) by extensions ['ignore', 'ignore_ament_install']
[4.163s] Level 1:colcon.colcon_core.package_identification:_identify(FTServo_Python/sms_sts/log) by extension 'ignore'
[4.163s] Level 1:colcon.colcon_core.package_identification:_identify(FTServo_Python/sms_sts/log) ignored
[4.165s] Level 1:colcon.colcon_core.package_identification:_identify(FTServo_Python/sms_sts/src) by extensions ['ignore', 'ignore_ament_install']
[4.165s] Level 1:colcon.colcon_core.package_identification:_identify(FTServo_Python/sms_sts/src) by extension 'ignore'
[4.166s] Level 1:colcon.colcon_core.package_identification:_identify(FTServo_Python/sms_sts/src) by extension 'ignore_ament_install'
[4.166s] Level 1:colcon.colcon_core.package_identification:_identify(FTServo_Python/sms_sts/src) by extensions ['colcon_pkg']
[4.167s] Level 1:colcon.colcon_core.package_identification:_identify(FTServo_Python/sms_sts/src) by extension 'colcon_pkg'
[4.167s] Level 1:colcon.colcon_core.package_identification:_identify(FTServo_Python/sms_sts/src) by extensions ['colcon_meta']
[4.168s] Level 1:colcon.colcon_core.package_identification:_identify(FTServo_Python/sms_sts/src) by extension 'colcon_meta'
[4.168s] Level 1:colcon.colcon_core.package_identification:_identify(FTServo_Python/sms_sts/src) by extensions ['ros']
[4.169s] Level 1:colcon.colcon_core.package_identification:_identify(FTServo_Python/sms_sts/src) by extension 'ros'
[4.169s] Level 1:colcon.colcon_core.package_identification:_identify(FTServo_Python/sms_sts/src) by extensions ['cmake', 'python']
[4.170s] Level 1:colcon.colcon_core.package_identification:_identify(FTServo_Python/sms_sts/src) by extension 'cmake'
[4.170s] Level 1:colcon.colcon_core.package_identification:_identify(FTServo_Python/sms_sts/src) by extension 'python'
[4.171s] Level 1:colcon.colcon_core.package_identification:_identify(FTServo_Python/sms_sts/src) by extensions ['python_setup_py']
[4.171s] Level 1:colcon.colcon_core.package_identification:_identify(FTServo_Python/sms_sts/src) by extension 'python_setup_py'
[4.172s] Level 1:colcon.colcon_core.package_identification:_identify(build) by extensions ['ignore', 'ignore_ament_install']
[4.173s] Level 1:colcon.colcon_core.package_identification:_identify(build) by extension 'ignore'
[4.173s] Level 1:colcon.colcon_core.package_identification:_identify(build) ignored
[4.174s] Level 1:colcon.colcon_core.package_identification:_identify(install) by extensions ['ignore', 'ignore_ament_install']
[4.175s] Level 1:colcon.colcon_core.package_identification:_identify(install) by extension 'ignore'
[4.176s] Level 1:colcon.colcon_core.package_identification:_identify(install) ignored
[4.178s] Level 1:colcon.colcon_core.package_identification:_identify(log) by extensions ['ignore', 'ignore_ament_install']
[4.179s] Level 1:colcon.colcon_core.package_identification:_identify(log) by extension 'ignore'
[4.180s] Level 1:colcon.colcon_core.package_identification:_identify(log) ignored
[4.181s] Level 1:colcon.colcon_core.package_identification:_identify(src) by extensions ['ignore', 'ignore_ament_install']
[4.181s] Level 1:colcon.colcon_core.package_identification:_identify(src) by extension 'ignore'
[4.182s] Level 1:colcon.colcon_core.package_identification:_identify(src) by extension 'ignore_ament_install'
[4.182s] Level 1:colcon.colcon_core.package_identification:_identify(src) by extensions ['colcon_pkg']
[4.183s] Level 1:colcon.colcon_core.package_identification:_identify(src) by extension 'colcon_pkg'
[4.183s] Level 1:colcon.colcon_core.package_identification:_identify(src) by extensions ['colcon_meta']
[4.184s] Level 1:colcon.colcon_core.package_identification:_identify(src) by extension 'colcon_meta'
[4.184s] Level 1:colcon.colcon_core.package_identification:_identify(src) by extensions ['ros']
[4.184s] Level 1:colcon.colcon_core.package_identification:_identify(src) by extension 'ros'
[4.185s] Level 1:colcon.colcon_core.package_identification:_identify(src) by extensions ['cmake', 'python']
[4.186s] Level 1:colcon.colcon_core.package_identification:_identify(src) by extension 'cmake'
[4.186s] Level 1:colcon.colcon_core.package_identification:_identify(src) by extension 'python'
[4.186s] Level 1:colcon.colcon_core.package_identification:_identify(src) by extensions ['python_setup_py']
[4.187s] Level 1:colcon.colcon_core.package_identification:_identify(src) by extension 'python_setup_py'
[4.188s] Level 1:colcon.colcon_core.package_identification:_identify(src/qr_cam) by extensions ['ignore', 'ignore_ament_install']
[4.189s] Level 1:colcon.colcon_core.package_identification:_identify(src/qr_cam) by extension 'ignore'
[4.189s] Level 1:colcon.colcon_core.package_identification:_identify(src/qr_cam) by extension 'ignore_ament_install'
[4.190s] Level 1:colcon.colcon_core.package_identification:_identify(src/qr_cam) by extensions ['colcon_pkg']
[4.190s] Level 1:colcon.colcon_core.package_identification:_identify(src/qr_cam) by extension 'colcon_pkg'
[4.190s] Level 1:colcon.colcon_core.package_identification:_identify(src/qr_cam) by extensions ['colcon_meta']
[4.191s] Level 1:colcon.colcon_core.package_identification:_identify(src/qr_cam) by extension 'colcon_meta'
[4.191s] Level 1:colcon.colcon_core.package_identification:_identify(src/qr_cam) by extensions ['ros']
[4.192s] Level 1:colcon.colcon_core.package_identification:_identify(src/qr_cam) by extension 'ros'
[4.212s] DEBUG:colcon.colcon_core.package_identification:Package 'src/qr_cam' with type 'ros.ament_python' and name 'qr_cam'
[4.213s] Level 1:colcon.colcon_core.package_identification:_identify(src/turtle_con) by extensions ['ignore', 'ignore_ament_install']
[4.214s] Level 1:colcon.colcon_core.package_identification:_identify(src/turtle_con) by extension 'ignore'
[4.215s] Level 1:colcon.colcon_core.package_identification:_identify(src/turtle_con) by extension 'ignore_ament_install'
[4.216s] Level 1:colcon.colcon_core.package_identification:_identify(src/turtle_con) by extensions ['colcon_pkg']
[4.216s] Level 1:colcon.colcon_core.package_identification:_identify(src/turtle_con) by extension 'colcon_pkg'
[4.216s] Level 1:colcon.colcon_core.package_identification:_identify(src/turtle_con) by extensions ['colcon_meta']
[4.217s] Level 1:colcon.colcon_core.package_identification:_identify(src/turtle_con) by extension 'colcon_meta'
[4.217s] Level 1:colcon.colcon_core.package_identification:_identify(src/turtle_con) by extensions ['ros']
[4.217s] Level 1:colcon.colcon_core.package_identification:_identify(src/turtle_con) by extension 'ros'
[4.224s] DEBUG:colcon.colcon_core.package_identification:Package 'src/turtle_con' with type 'ros.ament_python' and name 'turtle_con'
[4.224s] Level 1:colcon.colcon_core.package_discovery:discover_packages(recursive) using defaults
[4.225s] Level 1:colcon.colcon_core.package_discovery:discover_packages(ignore) discover
[4.225s] Level 1:colcon.colcon_core.package_discovery:discover_packages(ignore) using defaults
[4.225s] Level 1:colcon.colcon_core.package_discovery:discover_packages(path) discover
[4.225s] Level 1:colcon.colcon_core.package_discovery:discover_packages(path) using defaults
[4.375s] Level 1:colcon.colcon_core.package_discovery:discover_packages(prefix_path) check parameters
[4.375s] Level 1:colcon.colcon_core.package_discovery:discover_packages(prefix_path) discover
[4.394s] DEBUG:colcon.colcon_installed_package_information.package_discovery:Found 2 installed packages in /home/pi/arm_ws/install
[4.418s] DEBUG:colcon.colcon_installed_package_information.package_discovery:Found 299 installed packages in /opt/ros/foxy
[4.447s] Level 1:colcon.colcon_core.package_discovery:discover_packages(prefix_path) using defaults
[5.499s] Level 5:colcon.colcon_core.verb:set package 'qr_cam' build argument 'cmake_args' from command line to 'None'
[5.499s] Level 5:colcon.colcon_core.verb:set package 'qr_cam' build argument 'cmake_target' from command line to 'None'
[5.500s] Level 5:colcon.colcon_core.verb:set package 'qr_cam' build argument 'cmake_target_skip_unavailable' from command line to 'False'
[5.500s] Level 5:colcon.colcon_core.verb:set package 'qr_cam' build argument 'cmake_clean_cache' from command line to 'False'
[5.500s] Level 5:colcon.colcon_core.verb:set package 'qr_cam' build argument 'cmake_clean_first' from command line to 'False'
[5.501s] Level 5:colcon.colcon_core.verb:set package 'qr_cam' build argument 'cmake_force_configure' from command line to 'False'
[5.501s] Level 5:colcon.colcon_core.verb:set package 'qr_cam' build argument 'ament_cmake_args' from command line to 'None'
[5.501s] Level 5:colcon.colcon_core.verb:set package 'qr_cam' build argument 'catkin_cmake_args' from command line to 'None'
[5.501s] Level 5:colcon.colcon_core.verb:set package 'qr_cam' build argument 'catkin_skip_building_tests' from command line to 'False'
[5.502s] DEBUG:colcon.colcon_core.verb:Building package 'qr_cam' with the following arguments: {'ament_cmake_args': None, 'build_base': '/home/pi/arm_ws/build/qr_cam', 'catkin_cmake_args': None, 'catkin_skip_building_tests': False, 'cmake_args': None, 'cmake_clean_cache': False, 'cmake_clean_first': False, 'cmake_force_configure': False, 'cmake_target': None, 'cmake_target_skip_unavailable': False, 'install_base': '/home/pi/arm_ws/install/qr_cam', 'merge_install': False, 'path': '/home/pi/arm_ws/src/qr_cam', 'symlink_install': False, 'test_result_base': None}
[5.506s] Level 5:colcon.colcon_core.verb:set package 'turtle_con' build argument 'cmake_args' from command line to 'None'
[5.506s] Level 5:colcon.colcon_core.verb:set package 'turtle_con' build argument 'cmake_target' from command line to 'None'
[5.507s] Level 5:colcon.colcon_core.verb:set package 'turtle_con' build argument 'cmake_target_skip_unavailable' from command line to 'False'
[5.507s] Level 5:colcon.colcon_core.verb:set package 'turtle_con' build argument 'cmake_clean_cache' from command line to 'False'
[5.507s] Level 5:colcon.colcon_core.verb:set package 'turtle_con' build argument 'cmake_clean_first' from command line to 'False'
[5.507s] Level 5:colcon.colcon_core.verb:set package 'turtle_con' build argument 'cmake_force_configure' from command line to 'False'
[5.508s] Level 5:colcon.colcon_core.verb:set package 'turtle_con' build argument 'ament_cmake_args' from command line to 'None'
[5.508s] Level 5:colcon.colcon_core.verb:set package 'turtle_con' build argument 'catkin_cmake_args' from command line to 'None'
[5.508s] Level 5:colcon.colcon_core.verb:set package 'turtle_con' build argument 'catkin_skip_building_tests' from command line to 'False'
[5.509s] DEBUG:colcon.colcon_core.verb:Building package 'turtle_con' with the following arguments: {'ament_cmake_args': None, 'build_base': '/home/pi/arm_ws/build/turtle_con', 'catkin_cmake_args': None, 'catkin_skip_building_tests': False, 'cmake_args': None, 'cmake_clean_cache': False, 'cmake_clean_first': False, 'cmake_force_configure': False, 'cmake_target': None, 'cmake_target_skip_unavailable': False, 'install_base': '/home/pi/arm_ws/install/turtle_con', 'merge_install': False, 'path': '/home/pi/arm_ws/src/turtle_con', 'symlink_install': False, 'test_result_base': None}
[5.510s] INFO:colcon.colcon_core.executor:Executing jobs using 'parallel' executor
[5.518s] DEBUG:colcon.colcon_parallel_executor.executor.parallel:run_until_complete
[5.520s] INFO:colcon.colcon_ros.task.ament_python.build:Building ROS package in '/home/pi/arm_ws/src/qr_cam' with build type 'ament_python'
[5.522s] Level 1:colcon.colcon_core.shell:create_environment_hook('qr_cam', 'ament_prefix_path')
[5.541s] INFO:colcon.colcon_core.plugin_system:Skipping extension 'colcon_core.shell.bat': Not used on non-Windows systems
[5.543s] INFO:colcon.colcon_core.shell:Creating environment hook '/home/pi/arm_ws/install/qr_cam/share/qr_cam/hook/ament_prefix_path.ps1'
[5.549s] INFO:colcon.colcon_core.shell:Creating environment descriptor '/home/pi/arm_ws/install/qr_cam/share/qr_cam/hook/ament_prefix_path.dsv'
[5.555s] INFO:colcon.colcon_core.shell:Creating environment hook '/home/pi/arm_ws/install/qr_cam/share/qr_cam/hook/ament_prefix_path.sh'
[5.563s] INFO:colcon.colcon_core.shell:Skip shell extension 'powershell' for command environment: Not usable outside of PowerShell
[5.563s] DEBUG:colcon.colcon_core.shell:Skip shell extension 'dsv' for command environment
[5.617s] INFO:colcon.colcon_ros.task.ament_python.build:Building ROS package in '/home/pi/arm_ws/src/turtle_con' with build type 'ament_python'
[5.620s] Level 1:colcon.colcon_core.shell:create_environment_hook('turtle_con', 'ament_prefix_path')
[5.624s] INFO:colcon.colcon_core.shell:Creating environment hook '/home/pi/arm_ws/install/turtle_con/share/turtle_con/hook/ament_prefix_path.ps1'
[5.631s] INFO:colcon.colcon_core.shell:Creating environment descriptor '/home/pi/arm_ws/install/turtle_con/share/turtle_con/hook/ament_prefix_path.dsv'
[5.635s] INFO:colcon.colcon_core.shell:Creating environment hook '/home/pi/arm_ws/install/turtle_con/share/turtle_con/hook/ament_prefix_path.sh'
[5.641s] INFO:colcon.colcon_core.shell:Skip shell extension 'powershell' for command environment: Not usable outside of PowerShell
[5.642s] DEBUG:colcon.colcon_core.shell:Skip shell extension 'dsv' for command environment
[8.273s] INFO:colcon.colcon_core.task.python.build:Building Python package in '/home/pi/arm_ws/src/qr_cam'
[8.277s] INFO:colcon.colcon_core.shell:Skip shell extension 'powershell' for command environment: Not usable outside of PowerShell
[8.277s] DEBUG:colcon.colcon_core.shell:Skip shell extension 'dsv' for command environment
[10.902s] INFO:colcon.colcon_core.task.python.build:Building Python package in '/home/pi/arm_ws/src/turtle_con'
[10.906s] INFO:colcon.colcon_core.shell:Skip shell extension 'powershell' for command environment: Not usable outside of PowerShell
[10.907s] DEBUG:colcon.colcon_core.shell:Skip shell extension 'dsv' for command environment
[15.409s] DEBUG:colcon.colcon_core.event_handler.log_command:Invoking command in '/home/pi/arm_ws/src/qr_cam': PYTHONPATH=/home/pi/arm_ws/build/qr_cam/prefix_override:/usr/lib/python3/dist-packages/colcon_core/task/python/colcon_distutils_commands:/home/pi/arm_ws/install/qr_cam/lib/python3.8/site-packages:${PYTHONPATH} /usr/bin/python3 -W ignore:setup.py install is deprecated setup.py egg_info --egg-base ../../build/qr_cam build --build-base /home/pi/arm_ws/build/qr_cam/build install --record /home/pi/arm_ws/build/qr_cam/install.log --install-scripts $base/lib/qr_cam --single-version-externally-managed install_data
[15.491s] DEBUG:colcon.colcon_core.event_handler.log_command:Invoking command in '/home/pi/arm_ws/src/turtle_con': PYTHONPATH=/home/pi/arm_ws/build/turtle_con/prefix_override:/usr/lib/python3/dist-packages/colcon_core/task/python/colcon_distutils_commands:/home/pi/arm_ws/install/turtle_con/lib/python3.8/site-packages:${PYTHONPATH} /usr/bin/python3 -W ignore:setup.py install is deprecated setup.py egg_info --egg-base ../../build/turtle_con build --build-base /home/pi/arm_ws/build/turtle_con/build install --record /home/pi/arm_ws/build/turtle_con/install.log --install-scripts $base/lib/turtle_con --single-version-externally-managed install_data
[18.854s] DEBUG:colcon.colcon_core.event_handler.log_command:Invoked command in '/home/pi/arm_ws/src/qr_cam' returned '0': PYTHONPATH=/home/pi/arm_ws/build/qr_cam/prefix_override:/usr/lib/python3/dist-packages/colcon_core/task/python/colcon_distutils_commands:/home/pi/arm_ws/install/qr_cam/lib/python3.8/site-packages:${PYTHONPATH} /usr/bin/python3 -W ignore:setup.py install is deprecated setup.py egg_info --egg-base ../../build/qr_cam build --build-base /home/pi/arm_ws/build/qr_cam/build install --record /home/pi/arm_ws/build/qr_cam/install.log --install-scripts $base/lib/qr_cam --single-version-externally-managed install_data
[18.893s] Level 1:colcon.colcon_core.environment:checking '/home/pi/arm_ws/install/qr_cam' for CMake module files
[18.902s] Level 1:colcon.colcon_core.environment:checking '/home/pi/arm_ws/install/qr_cam' for CMake config files
[18.913s] Level 1:colcon.colcon_core.environment:checking '/home/pi/arm_ws/install/qr_cam/lib'
[18.915s] Level 1:colcon.colcon_core.environment:checking '/home/pi/arm_ws/install/qr_cam/bin'
[18.916s] Level 1:colcon.colcon_core.environment:checking '/home/pi/arm_ws/install/qr_cam/lib/pkgconfig/qr_cam.pc'
[18.919s] Level 1:colcon.colcon_core.environment:checking '/home/pi/arm_ws/install/qr_cam/lib/python3.8/site-packages'
[18.920s] Level 1:colcon.colcon_core.shell:create_environment_hook('qr_cam', 'pythonpath')
[18.923s] INFO:colcon.colcon_core.shell:Creating environment hook '/home/pi/arm_ws/install/qr_cam/share/qr_cam/hook/pythonpath.ps1'
[18.930s] INFO:colcon.colcon_core.shell:Creating environment descriptor '/home/pi/arm_ws/install/qr_cam/share/qr_cam/hook/pythonpath.dsv'
[18.937s] INFO:colcon.colcon_core.shell:Creating environment hook '/home/pi/arm_ws/install/qr_cam/share/qr_cam/hook/pythonpath.sh'
[18.945s] Level 1:colcon.colcon_core.environment:checking '/home/pi/arm_ws/install/qr_cam/bin'
[18.946s] Level 1:colcon.colcon_core.environment:create_environment_scripts_only(qr_cam)
[18.950s] INFO:colcon.colcon_core.shell:Creating package script '/home/pi/arm_ws/install/qr_cam/share/qr_cam/package.ps1'
[18.960s] INFO:colcon.colcon_core.shell:Creating package descriptor '/home/pi/arm_ws/install/qr_cam/share/qr_cam/package.dsv'
[18.966s] INFO:colcon.colcon_core.shell:Creating package script '/home/pi/arm_ws/install/qr_cam/share/qr_cam/package.sh'
[18.974s] INFO:colcon.colcon_core.shell:Creating package script '/home/pi/arm_ws/install/qr_cam/share/qr_cam/package.bash'
[18.981s] INFO:colcon.colcon_core.shell:Creating package script '/home/pi/arm_ws/install/qr_cam/share/qr_cam/package.zsh'
[18.988s] Level 1:colcon.colcon_core.environment:create_file_with_runtime_dependencies(/home/pi/arm_ws/install/qr_cam/share/colcon-core/packages/qr_cam)
[18.999s] Level 1:colcon.colcon_core.environment:checking '/home/pi/arm_ws/install/turtle_con' for CMake module files
[19.007s] DEBUG:colcon.colcon_core.event_handler.log_command:Invoked command in '/home/pi/arm_ws/src/turtle_con' returned '0': PYTHONPATH=/home/pi/arm_ws/build/turtle_con/prefix_override:/usr/lib/python3/dist-packages/colcon_core/task/python/colcon_distutils_commands:/home/pi/arm_ws/install/turtle_con/lib/python3.8/site-packages:${PYTHONPATH} /usr/bin/python3 -W ignore:setup.py install is deprecated setup.py egg_info --egg-base ../../build/turtle_con build --build-base /home/pi/arm_ws/build/turtle_con/build install --record /home/pi/arm_ws/build/turtle_con/install.log --install-scripts $base/lib/turtle_con --single-version-externally-managed install_data
[19.010s] Level 1:colcon.colcon_core.environment:checking '/home/pi/arm_ws/install/turtle_con' for CMake config files
[19.018s] Level 1:colcon.colcon_core.environment:checking '/home/pi/arm_ws/install/turtle_con/lib'
[19.019s] Level 1:colcon.colcon_core.environment:checking '/home/pi/arm_ws/install/turtle_con/bin'
[19.020s] Level 1:colcon.colcon_core.environment:checking '/home/pi/arm_ws/install/turtle_con/lib/pkgconfig/turtle_con.pc'
[19.021s] Level 1:colcon.colcon_core.environment:checking '/home/pi/arm_ws/install/turtle_con/lib/python3.8/site-packages'
[19.022s] Level 1:colcon.colcon_core.shell:create_environment_hook('turtle_con', 'pythonpath')
[19.024s] INFO:colcon.colcon_core.shell:Creating environment hook '/home/pi/arm_ws/install/turtle_con/share/turtle_con/hook/pythonpath.ps1'
[19.029s] INFO:colcon.colcon_core.shell:Creating environment descriptor '/home/pi/arm_ws/install/turtle_con/share/turtle_con/hook/pythonpath.dsv'
[19.033s] INFO:colcon.colcon_core.shell:Creating environment hook '/home/pi/arm_ws/install/turtle_con/share/turtle_con/hook/pythonpath.sh'
[19.039s] Level 1:colcon.colcon_core.environment:checking '/home/pi/arm_ws/install/turtle_con/bin'
[19.039s] Level 1:colcon.colcon_core.environment:create_environment_scripts_only(turtle_con)
[19.043s] INFO:colcon.colcon_core.shell:Creating package script '/home/pi/arm_ws/install/turtle_con/share/turtle_con/package.ps1'
[19.048s] INFO:colcon.colcon_core.shell:Creating package descriptor '/home/pi/arm_ws/install/turtle_con/share/turtle_con/package.dsv'
[19.053s] INFO:colcon.colcon_core.shell:Creating package script '/home/pi/arm_ws/install/turtle_con/share/turtle_con/package.sh'
[19.058s] INFO:colcon.colcon_core.shell:Creating package script '/home/pi/arm_ws/install/turtle_con/share/turtle_con/package.bash'
[19.062s] INFO:colcon.colcon_core.shell:Creating package script '/home/pi/arm_ws/install/turtle_con/share/turtle_con/package.zsh'
[19.066s] Level 1:colcon.colcon_core.environment:create_file_with_runtime_dependencies(/home/pi/arm_ws/install/turtle_con/share/colcon-core/packages/turtle_con)
[19.069s] DEBUG:colcon.colcon_parallel_executor.executor.parallel:closing loop
[19.071s] DEBUG:colcon.colcon_parallel_executor.executor.parallel:loop closed
[19.072s] DEBUG:colcon.colcon_parallel_executor.executor.parallel:run_until_complete finished with '0'
[19.073s] DEBUG:colcon.colcon_core.event_reactor:joining thread
[19.126s] INFO:colcon.colcon_core.plugin_system:Skipping extension 'colcon_notification.desktop_notification.terminal_notifier': Not used on non-Darwin systems
[19.127s] INFO:colcon.colcon_core.plugin_system:Skipping extension 'colcon_notification.desktop_notification.win32': Not used on non-Windows systems
[19.127s] INFO:colcon.colcon_notification.desktop_notification:Sending desktop notification using 'notify2'
[19.160s] DEBUG:colcon.colcon_core.event_reactor:joined thread
[19.163s] INFO:colcon.colcon_core.shell:Creating prefix script '/home/pi/arm_ws/install/local_setup.ps1'
[19.173s] INFO:colcon.colcon_core.shell:Creating prefix util module '/home/pi/arm_ws/install/_local_setup_util_ps1.py'
[19.188s] INFO:colcon.colcon_core.shell:Creating prefix chain script '/home/pi/arm_ws/install/setup.ps1'
[19.199s] INFO:colcon.colcon_core.shell:Creating prefix script '/home/pi/arm_ws/install/local_setup.sh'
[19.205s] INFO:colcon.colcon_core.shell:Creating prefix util module '/home/pi/arm_ws/install/_local_setup_util_sh.py'
[19.211s] INFO:colcon.colcon_core.shell:Creating prefix chain script '/home/pi/arm_ws/install/setup.sh'
[19.222s] INFO:colcon.colcon_core.shell:Creating prefix script '/home/pi/arm_ws/install/local_setup.bash'
[19.227s] INFO:colcon.colcon_core.shell:Creating prefix chain script '/home/pi/arm_ws/install/setup.bash'
[19.237s] INFO:colcon.colcon_core.shell:Creating prefix script '/home/pi/arm_ws/install/local_setup.zsh'
[19.243s] INFO:colcon.colcon_core.shell:Creating prefix chain script '/home/pi/arm_ws/install/setup.zsh'
