[35m[1mConsolidate compiler generated dependencies of target moveit_task_constructor_msgs__rosidl_generator_c[0m
[  0%] Built target moveit_task_constructor_msgs__cpp
[  0%] Built target ament_cmake_python_copy_moveit_task_constructor_msgs
[ 12%] Built target moveit_task_constructor_msgs__rosidl_generator_c
[35m[1mConsolidate compiler generated dependencies of target moveit_task_constructor_msgs__rosidl_typesupport_cpp[0m
[35m[1mConsolidate compiler generated dependencies of target moveit_task_constructor_msgs__rosidl_typesupport_introspection_cpp[0m
[35m[1mConsolidate compiler generated dependencies of target moveit_task_constructor_msgs__rosidl_typesupport_fastrtps_cpp[0m
[35m[1mConsolidate compiler generated dependencies of target moveit_task_constructor_msgs__rosidl_typesupport_introspection_c[0m
[35m[1mConsolidate compiler generated dependencies of target moveit_task_constructor_msgs__rosidl_typesupport_c[0m
[35m[1mConsolidate compiler generated dependencies of target moveit_task_constructor_msgs__rosidl_typesupport_fastrtps_c[0m
[ 24%] Built target moveit_task_constructor_msgs__rosidl_typesupport_cpp
[ 35%] Built target moveit_task_constructor_msgs__rosidl_typesupport_fastrtps_cpp
[ 47%] Built target moveit_task_constructor_msgs__rosidl_typesupport_introspection_cpp
[ 59%] Built target moveit_task_constructor_msgs__rosidl_typesupport_introspection_c
[ 71%] Built target moveit_task_constructor_msgs__rosidl_typesupport_c
[ 83%] Built target moveit_task_constructor_msgs__rosidl_typesupport_fastrtps_c
[ 83%] Built target moveit_task_constructor_msgs
[ 84%] Built target moveit_task_constructor_msgs__py
[35m[1mConsolidate compiler generated dependencies of target moveit_task_constructor_msgs__rosidl_generator_py[0m
[ 95%] Built target moveit_task_constructor_msgs__rosidl_generator_py
[35m[1mConsolidate compiler generated dependencies of target moveit_task_constructor_msgs__rosidl_typesupport_introspection_c__pyext[0m
[35m[1mConsolidate compiler generated dependencies of target moveit_task_constructor_msgs__rosidl_typesupport_fastrtps_c__pyext[0m
[35m[1mConsolidate compiler generated dependencies of target moveit_task_constructor_msgs__rosidl_typesupport_c__pyext[0m
[ 99%] Built target moveit_task_constructor_msgs__rosidl_typesupport_introspection_c__pyext
[ 99%] Built target moveit_task_constructor_msgs__rosidl_typesupport_fastrtps_c__pyext
[100%] Built target moveit_task_constructor_msgs__rosidl_typesupport_c__pyext
running egg_info
writing moveit_task_constructor_msgs.egg-info/PKG-INFO
writing dependency_links to moveit_task_constructor_msgs.egg-info/dependency_links.txt
writing top-level names to moveit_task_constructor_msgs.egg-info/top_level.txt
reading manifest file 'moveit_task_constructor_msgs.egg-info/SOURCES.txt'
writing manifest file 'moveit_task_constructor_msgs.egg-info/SOURCES.txt'
[100%] Built target ament_cmake_python_build_moveit_task_constructor_msgs_egg
-- Install configuration: ""
-- Installing: /home/kmw/trees_ws/install/moveit_task_constructor_msgs/share/ament_index/resource_index/rosidl_interfaces/moveit_task_constructor_msgs
-- Installing: /home/kmw/trees_ws/install/moveit_task_constructor_msgs/include/moveit_task_constructor_msgs/moveit_task_constructor_msgs
-- Installing: /home/kmw/trees_ws/install/moveit_task_constructor_msgs/include/moveit_task_constructor_msgs/moveit_task_constructor_msgs/action
-- Installing: /home/kmw/trees_ws/install/moveit_task_constructor_msgs/include/moveit_task_constructor_msgs/moveit_task_constructor_msgs/action/execute_task_solution.h
-- Installing: /home/kmw/trees_ws/install/moveit_task_constructor_msgs/include/moveit_task_constructor_msgs/moveit_task_constructor_msgs/action/detail
-- Installing: /home/kmw/trees_ws/install/moveit_task_constructor_msgs/include/moveit_task_constructor_msgs/moveit_task_constructor_msgs/action/detail/execute_task_solution__functions.c
-- Installing: /home/kmw/trees_ws/install/moveit_task_constructor_msgs/include/moveit_task_constructor_msgs/moveit_task_constructor_msgs/action/detail/execute_task_solution__functions.h
-- Installing: /home/kmw/trees_ws/install/moveit_task_constructor_msgs/include/moveit_task_constructor_msgs/moveit_task_constructor_msgs/action/detail/execute_task_solution__struct.h
-- Installing: /home/kmw/trees_ws/install/moveit_task_constructor_msgs/include/moveit_task_constructor_msgs/moveit_task_constructor_msgs/action/detail/execute_task_solution__type_support.h
-- Installing: /home/kmw/trees_ws/install/moveit_task_constructor_msgs/include/moveit_task_constructor_msgs/moveit_task_constructor_msgs/srv
-- Installing: /home/kmw/trees_ws/install/moveit_task_constructor_msgs/include/moveit_task_constructor_msgs/moveit_task_constructor_msgs/srv/get_solution.h
-- Installing: /home/kmw/trees_ws/install/moveit_task_constructor_msgs/include/moveit_task_constructor_msgs/moveit_task_constructor_msgs/srv/detail
-- Installing: /home/kmw/trees_ws/install/moveit_task_constructor_msgs/include/moveit_task_constructor_msgs/moveit_task_constructor_msgs/srv/detail/get_solution__functions.c
-- Installing: /home/kmw/trees_ws/install/moveit_task_constructor_msgs/include/moveit_task_constructor_msgs/moveit_task_constructor_msgs/srv/detail/get_solution__type_support.h
-- Installing: /home/kmw/trees_ws/install/moveit_task_constructor_msgs/include/moveit_task_constructor_msgs/moveit_task_constructor_msgs/srv/detail/get_solution__struct.h
-- Installing: /home/kmw/trees_ws/install/moveit_task_constructor_msgs/include/moveit_task_constructor_msgs/moveit_task_constructor_msgs/srv/detail/get_solution__functions.h
-- Installing: /home/kmw/trees_ws/install/moveit_task_constructor_msgs/include/moveit_task_constructor_msgs/moveit_task_constructor_msgs/msg
-- Installing: /home/kmw/trees_ws/install/moveit_task_constructor_msgs/include/moveit_task_constructor_msgs/moveit_task_constructor_msgs/msg/task_description.h
-- Installing: /home/kmw/trees_ws/install/moveit_task_constructor_msgs/include/moveit_task_constructor_msgs/moveit_task_constructor_msgs/msg/stage_statistics.h
-- Installing: /home/kmw/trees_ws/install/moveit_task_constructor_msgs/include/moveit_task_constructor_msgs/moveit_task_constructor_msgs/msg/property.h
-- Installing: /home/kmw/trees_ws/install/moveit_task_constructor_msgs/include/moveit_task_constructor_msgs/moveit_task_constructor_msgs/msg/sub_solution.h
-- Installing: /home/kmw/trees_ws/install/moveit_task_constructor_msgs/include/moveit_task_constructor_msgs/moveit_task_constructor_msgs/msg/solution.h
-- Installing: /home/kmw/trees_ws/install/moveit_task_constructor_msgs/include/moveit_task_constructor_msgs/moveit_task_constructor_msgs/msg/rosidl_generator_c__visibility_control.h
-- Installing: /home/kmw/trees_ws/install/moveit_task_constructor_msgs/include/moveit_task_constructor_msgs/moveit_task_constructor_msgs/msg/task_statistics.h
-- Installing: /home/kmw/trees_ws/install/moveit_task_constructor_msgs/include/moveit_task_constructor_msgs/moveit_task_constructor_msgs/msg/solution_info.h
-- Installing: /home/kmw/trees_ws/install/moveit_task_constructor_msgs/include/moveit_task_constructor_msgs/moveit_task_constructor_msgs/msg/stage_description.h
-- Installing: /home/kmw/trees_ws/install/moveit_task_constructor_msgs/include/moveit_task_constructor_msgs/moveit_task_constructor_msgs/msg/detail
-- Installing: /home/kmw/trees_ws/install/moveit_task_constructor_msgs/include/moveit_task_constructor_msgs/moveit_task_constructor_msgs/msg/detail/solution_info__struct.h
-- Installing: /home/kmw/trees_ws/install/moveit_task_constructor_msgs/include/moveit_task_constructor_msgs/moveit_task_constructor_msgs/msg/detail/sub_solution__functions.h
-- Installing: /home/kmw/trees_ws/install/moveit_task_constructor_msgs/include/moveit_task_constructor_msgs/moveit_task_constructor_msgs/msg/detail/solution_info__type_support.h
-- Installing: /home/kmw/trees_ws/install/moveit_task_constructor_msgs/include/moveit_task_constructor_msgs/moveit_task_constructor_msgs/msg/detail/stage_statistics__struct.h
-- Installing: /home/kmw/trees_ws/install/moveit_task_constructor_msgs/include/moveit_task_constructor_msgs/moveit_task_constructor_msgs/msg/detail/sub_trajectory__functions.c
-- Installing: /home/kmw/trees_ws/install/moveit_task_constructor_msgs/include/moveit_task_constructor_msgs/moveit_task_constructor_msgs/msg/detail/trajectory_execution_info__struct.h
-- Installing: /home/kmw/trees_ws/install/moveit_task_constructor_msgs/include/moveit_task_constructor_msgs/moveit_task_constructor_msgs/msg/detail/property__functions.c
-- Installing: /home/kmw/trees_ws/install/moveit_task_constructor_msgs/include/moveit_task_constructor_msgs/moveit_task_constructor_msgs/msg/detail/trajectory_execution_info__type_support.h
-- Installing: /home/kmw/trees_ws/install/moveit_task_constructor_msgs/include/moveit_task_constructor_msgs/moveit_task_constructor_msgs/msg/detail/trajectory_execution_info__functions.c
-- Installing: /home/kmw/trees_ws/install/moveit_task_constructor_msgs/include/moveit_task_constructor_msgs/moveit_task_constructor_msgs/msg/detail/stage_description__struct.h
-- Installing: /home/kmw/trees_ws/install/moveit_task_constructor_msgs/include/moveit_task_constructor_msgs/moveit_task_constructor_msgs/msg/detail/stage_statistics__type_support.h
-- Installing: /home/kmw/trees_ws/install/moveit_task_constructor_msgs/include/moveit_task_constructor_msgs/moveit_task_constructor_msgs/msg/detail/task_description__functions.c
-- Installing: /home/kmw/trees_ws/install/moveit_task_constructor_msgs/include/moveit_task_constructor_msgs/moveit_task_constructor_msgs/msg/detail/task_statistics__functions.c
-- Installing: /home/kmw/trees_ws/install/moveit_task_constructor_msgs/include/moveit_task_constructor_msgs/moveit_task_constructor_msgs/msg/detail/stage_description__functions.h
-- Installing: /home/kmw/trees_ws/install/moveit_task_constructor_msgs/include/moveit_task_constructor_msgs/moveit_task_constructor_msgs/msg/detail/task_statistics__struct.h
-- Installing: /home/kmw/trees_ws/install/moveit_task_constructor_msgs/include/moveit_task_constructor_msgs/moveit_task_constructor_msgs/msg/detail/solution_info__functions.h
-- Installing: /home/kmw/trees_ws/install/moveit_task_constructor_msgs/include/moveit_task_constructor_msgs/moveit_task_constructor_msgs/msg/detail/property__type_support.h
-- Installing: /home/kmw/trees_ws/install/moveit_task_constructor_msgs/include/moveit_task_constructor_msgs/moveit_task_constructor_msgs/msg/detail/solution__functions.c
-- Installing: /home/kmw/trees_ws/install/moveit_task_constructor_msgs/include/moveit_task_constructor_msgs/moveit_task_constructor_msgs/msg/detail/solution__struct.h
-- Installing: /home/kmw/trees_ws/install/moveit_task_constructor_msgs/include/moveit_task_constructor_msgs/moveit_task_constructor_msgs/msg/detail/task_statistics__functions.h
-- Installing: /home/kmw/trees_ws/install/moveit_task_constructor_msgs/include/moveit_task_constructor_msgs/moveit_task_constructor_msgs/msg/detail/sub_trajectory__functions.h
-- Installing: /home/kmw/trees_ws/install/moveit_task_constructor_msgs/include/moveit_task_constructor_msgs/moveit_task_constructor_msgs/msg/detail/property__functions.h
-- Installing: /home/kmw/trees_ws/install/moveit_task_constructor_msgs/include/moveit_task_constructor_msgs/moveit_task_constructor_msgs/msg/detail/task_statistics__type_support.h
-- Installing: /home/kmw/trees_ws/install/moveit_task_constructor_msgs/include/moveit_task_constructor_msgs/moveit_task_constructor_msgs/msg/detail/sub_solution__type_support.h
-- Installing: /home/kmw/trees_ws/install/moveit_task_constructor_msgs/include/moveit_task_constructor_msgs/moveit_task_constructor_msgs/msg/detail/trajectory_execution_info__functions.h
-- Installing: /home/kmw/trees_ws/install/moveit_task_constructor_msgs/include/moveit_task_constructor_msgs/moveit_task_constructor_msgs/msg/detail/task_description__type_support.h
-- Installing: /home/kmw/trees_ws/install/moveit_task_constructor_msgs/include/moveit_task_constructor_msgs/moveit_task_constructor_msgs/msg/detail/stage_statistics__functions.c
-- Installing: /home/kmw/trees_ws/install/moveit_task_constructor_msgs/include/moveit_task_constructor_msgs/moveit_task_constructor_msgs/msg/detail/sub_trajectory__type_support.h
-- Installing: /home/kmw/trees_ws/install/moveit_task_constructor_msgs/include/moveit_task_constructor_msgs/moveit_task_constructor_msgs/msg/detail/solution__type_support.h
-- Installing: /home/kmw/trees_ws/install/moveit_task_constructor_msgs/include/moveit_task_constructor_msgs/moveit_task_constructor_msgs/msg/detail/sub_solution__struct.h
-- Installing: /home/kmw/trees_ws/install/moveit_task_constructor_msgs/include/moveit_task_constructor_msgs/moveit_task_constructor_msgs/msg/detail/stage_description__functions.c
-- Installing: /home/kmw/trees_ws/install/moveit_task_constructor_msgs/include/moveit_task_constructor_msgs/moveit_task_constructor_msgs/msg/detail/sub_trajectory__struct.h
-- Installing: /home/kmw/trees_ws/install/moveit_task_constructor_msgs/include/moveit_task_constructor_msgs/moveit_task_constructor_msgs/msg/detail/stage_description__type_support.h
-- Installing: /home/kmw/trees_ws/install/moveit_task_constructor_msgs/include/moveit_task_constructor_msgs/moveit_task_constructor_msgs/msg/detail/solution_info__functions.c
-- Installing: /home/kmw/trees_ws/install/moveit_task_constructor_msgs/include/moveit_task_constructor_msgs/moveit_task_constructor_msgs/msg/detail/property__struct.h
-- Installing: /home/kmw/trees_ws/install/moveit_task_constructor_msgs/include/moveit_task_constructor_msgs/moveit_task_constructor_msgs/msg/detail/task_description__struct.h
-- Installing: /home/kmw/trees_ws/install/moveit_task_constructor_msgs/include/moveit_task_constructor_msgs/moveit_task_constructor_msgs/msg/detail/sub_solution__functions.c
-- Installing: /home/kmw/trees_ws/install/moveit_task_constructor_msgs/include/moveit_task_constructor_msgs/moveit_task_constructor_msgs/msg/detail/solution__functions.h
-- Installing: /home/kmw/trees_ws/install/moveit_task_constructor_msgs/include/moveit_task_constructor_msgs/moveit_task_constructor_msgs/msg/detail/stage_statistics__functions.h
-- Installing: /home/kmw/trees_ws/install/moveit_task_constructor_msgs/include/moveit_task_constructor_msgs/moveit_task_constructor_msgs/msg/detail/task_description__functions.h
-- Installing: /home/kmw/trees_ws/install/moveit_task_constructor_msgs/include/moveit_task_constructor_msgs/moveit_task_constructor_msgs/msg/sub_trajectory.h
-- Installing: /home/kmw/trees_ws/install/moveit_task_constructor_msgs/include/moveit_task_constructor_msgs/moveit_task_constructor_msgs/msg/trajectory_execution_info.h
-- Installing: /home/kmw/trees_ws/install/moveit_task_constructor_msgs/share/moveit_task_constructor_msgs/environment/library_path.sh
-- Installing: /home/kmw/trees_ws/install/moveit_task_constructor_msgs/share/moveit_task_constructor_msgs/environment/library_path.dsv
-- Installing: /home/kmw/trees_ws/install/moveit_task_constructor_msgs/lib/libmoveit_task_constructor_msgs__rosidl_generator_c.so
-- Set runtime path of "/home/kmw/trees_ws/install/moveit_task_constructor_msgs/lib/libmoveit_task_constructor_msgs__rosidl_generator_c.so" to ""
-- Up-to-date: /home/kmw/trees_ws/install/moveit_task_constructor_msgs/include/moveit_task_constructor_msgs/moveit_task_constructor_msgs
-- Up-to-date: /home/kmw/trees_ws/install/moveit_task_constructor_msgs/include/moveit_task_constructor_msgs/moveit_task_constructor_msgs/action
-- Up-to-date: /home/kmw/trees_ws/install/moveit_task_constructor_msgs/include/moveit_task_constructor_msgs/moveit_task_constructor_msgs/action/detail
-- Installing: /home/kmw/trees_ws/install/moveit_task_constructor_msgs/include/moveit_task_constructor_msgs/moveit_task_constructor_msgs/action/detail/execute_task_solution__rosidl_typesupport_fastrtps_c.h
-- Up-to-date: /home/kmw/trees_ws/install/moveit_task_constructor_msgs/include/moveit_task_constructor_msgs/moveit_task_constructor_msgs/srv
-- Up-to-date: /home/kmw/trees_ws/install/moveit_task_constructor_msgs/include/moveit_task_constructor_msgs/moveit_task_constructor_msgs/srv/detail
-- Installing: /home/kmw/trees_ws/install/moveit_task_constructor_msgs/include/moveit_task_constructor_msgs/moveit_task_constructor_msgs/srv/detail/get_solution__rosidl_typesupport_fastrtps_c.h
-- Up-to-date: /home/kmw/trees_ws/install/moveit_task_constructor_msgs/include/moveit_task_constructor_msgs/moveit_task_constructor_msgs/msg
-- Up-to-date: /home/kmw/trees_ws/install/moveit_task_constructor_msgs/include/moveit_task_constructor_msgs/moveit_task_constructor_msgs/msg/detail
-- Installing: /home/kmw/trees_ws/install/moveit_task_constructor_msgs/include/moveit_task_constructor_msgs/moveit_task_constructor_msgs/msg/detail/task_statistics__rosidl_typesupport_fastrtps_c.h
-- Installing: /home/kmw/trees_ws/install/moveit_task_constructor_msgs/include/moveit_task_constructor_msgs/moveit_task_constructor_msgs/msg/detail/trajectory_execution_info__rosidl_typesupport_fastrtps_c.h
-- Installing: /home/kmw/trees_ws/install/moveit_task_constructor_msgs/include/moveit_task_constructor_msgs/moveit_task_constructor_msgs/msg/detail/solution__rosidl_typesupport_fastrtps_c.h
-- Installing: /home/kmw/trees_ws/install/moveit_task_constructor_msgs/include/moveit_task_constructor_msgs/moveit_task_constructor_msgs/msg/detail/stage_description__rosidl_typesupport_fastrtps_c.h
-- Installing: /home/kmw/trees_ws/install/moveit_task_constructor_msgs/include/moveit_task_constructor_msgs/moveit_task_constructor_msgs/msg/detail/property__rosidl_typesupport_fastrtps_c.h
-- Installing: /home/kmw/trees_ws/install/moveit_task_constructor_msgs/include/moveit_task_constructor_msgs/moveit_task_constructor_msgs/msg/detail/sub_solution__rosidl_typesupport_fastrtps_c.h
-- Installing: /home/kmw/trees_ws/install/moveit_task_constructor_msgs/include/moveit_task_constructor_msgs/moveit_task_constructor_msgs/msg/detail/sub_trajectory__rosidl_typesupport_fastrtps_c.h
-- Installing: /home/kmw/trees_ws/install/moveit_task_constructor_msgs/include/moveit_task_constructor_msgs/moveit_task_constructor_msgs/msg/detail/solution_info__rosidl_typesupport_fastrtps_c.h
-- Installing: /home/kmw/trees_ws/install/moveit_task_constructor_msgs/include/moveit_task_constructor_msgs/moveit_task_constructor_msgs/msg/detail/stage_statistics__rosidl_typesupport_fastrtps_c.h
-- Installing: /home/kmw/trees_ws/install/moveit_task_constructor_msgs/include/moveit_task_constructor_msgs/moveit_task_constructor_msgs/msg/detail/task_description__rosidl_typesupport_fastrtps_c.h
-- Installing: /home/kmw/trees_ws/install/moveit_task_constructor_msgs/include/moveit_task_constructor_msgs/moveit_task_constructor_msgs/msg/rosidl_typesupport_fastrtps_c__visibility_control.h
-- Installing: /home/kmw/trees_ws/install/moveit_task_constructor_msgs/lib/libmoveit_task_constructor_msgs__rosidl_typesupport_fastrtps_c.so
-- Set runtime path of "/home/kmw/trees_ws/install/moveit_task_constructor_msgs/lib/libmoveit_task_constructor_msgs__rosidl_typesupport_fastrtps_c.so" to ""
-- Up-to-date: /home/kmw/trees_ws/install/moveit_task_constructor_msgs/include/moveit_task_constructor_msgs/moveit_task_constructor_msgs
-- Up-to-date: /home/kmw/trees_ws/install/moveit_task_constructor_msgs/include/moveit_task_constructor_msgs/moveit_task_constructor_msgs/action
-- Up-to-date: /home/kmw/trees_ws/install/moveit_task_constructor_msgs/include/moveit_task_constructor_msgs/moveit_task_constructor_msgs/action/detail
-- Installing: /home/kmw/trees_ws/install/moveit_task_constructor_msgs/include/moveit_task_constructor_msgs/moveit_task_constructor_msgs/action/detail/execute_task_solution__builder.hpp
-- Installing: /home/kmw/trees_ws/install/moveit_task_constructor_msgs/include/moveit_task_constructor_msgs/moveit_task_constructor_msgs/action/detail/execute_task_solution__traits.hpp
-- Installing: /home/kmw/trees_ws/install/moveit_task_constructor_msgs/include/moveit_task_constructor_msgs/moveit_task_constructor_msgs/action/detail/execute_task_solution__struct.hpp
-- Installing: /home/kmw/trees_ws/install/moveit_task_constructor_msgs/include/moveit_task_constructor_msgs/moveit_task_constructor_msgs/action/execute_task_solution.hpp
-- Up-to-date: /home/kmw/trees_ws/install/moveit_task_constructor_msgs/include/moveit_task_constructor_msgs/moveit_task_constructor_msgs/srv
-- Installing: /home/kmw/trees_ws/install/moveit_task_constructor_msgs/include/moveit_task_constructor_msgs/moveit_task_constructor_msgs/srv/get_solution.hpp
-- Up-to-date: /home/kmw/trees_ws/install/moveit_task_constructor_msgs/include/moveit_task_constructor_msgs/moveit_task_constructor_msgs/srv/detail
-- Installing: /home/kmw/trees_ws/install/moveit_task_constructor_msgs/include/moveit_task_constructor_msgs/moveit_task_constructor_msgs/srv/detail/get_solution__struct.hpp
-- Installing: /home/kmw/trees_ws/install/moveit_task_constructor_msgs/include/moveit_task_constructor_msgs/moveit_task_constructor_msgs/srv/detail/get_solution__builder.hpp
-- Installing: /home/kmw/trees_ws/install/moveit_task_constructor_msgs/include/moveit_task_constructor_msgs/moveit_task_constructor_msgs/srv/detail/get_solution__traits.hpp
-- Up-to-date: /home/kmw/trees_ws/install/moveit_task_constructor_msgs/include/moveit_task_constructor_msgs/moveit_task_constructor_msgs/msg
-- Installing: /home/kmw/trees_ws/install/moveit_task_constructor_msgs/include/moveit_task_constructor_msgs/moveit_task_constructor_msgs/msg/trajectory_execution_info.hpp
-- Installing: /home/kmw/trees_ws/install/moveit_task_constructor_msgs/include/moveit_task_constructor_msgs/moveit_task_constructor_msgs/msg/sub_trajectory.hpp
-- Installing: /home/kmw/trees_ws/install/moveit_task_constructor_msgs/include/moveit_task_constructor_msgs/moveit_task_constructor_msgs/msg/task_description.hpp
-- Installing: /home/kmw/trees_ws/install/moveit_task_constructor_msgs/include/moveit_task_constructor_msgs/moveit_task_constructor_msgs/msg/solution.hpp
-- Installing: /home/kmw/trees_ws/install/moveit_task_constructor_msgs/include/moveit_task_constructor_msgs/moveit_task_constructor_msgs/msg/task_statistics.hpp
-- Installing: /home/kmw/trees_ws/install/moveit_task_constructor_msgs/include/moveit_task_constructor_msgs/moveit_task_constructor_msgs/msg/solution_info.hpp
-- Installing: /home/kmw/trees_ws/install/moveit_task_constructor_msgs/include/moveit_task_constructor_msgs/moveit_task_constructor_msgs/msg/property.hpp
-- Installing: /home/kmw/trees_ws/install/moveit_task_constructor_msgs/include/moveit_task_constructor_msgs/moveit_task_constructor_msgs/msg/stage_description.hpp
-- Up-to-date: /home/kmw/trees_ws/install/moveit_task_constructor_msgs/include/moveit_task_constructor_msgs/moveit_task_constructor_msgs/msg/detail
-- Installing: /home/kmw/trees_ws/install/moveit_task_constructor_msgs/include/moveit_task_constructor_msgs/moveit_task_constructor_msgs/msg/detail/property__builder.hpp
-- Installing: /home/kmw/trees_ws/install/moveit_task_constructor_msgs/include/moveit_task_constructor_msgs/moveit_task_constructor_msgs/msg/detail/task_description__struct.hpp
-- Installing: /home/kmw/trees_ws/install/moveit_task_constructor_msgs/include/moveit_task_constructor_msgs/moveit_task_constructor_msgs/msg/detail/property__struct.hpp
-- Installing: /home/kmw/trees_ws/install/moveit_task_constructor_msgs/include/moveit_task_constructor_msgs/moveit_task_constructor_msgs/msg/detail/solution_info__builder.hpp
-- Installing: /home/kmw/trees_ws/install/moveit_task_constructor_msgs/include/moveit_task_constructor_msgs/moveit_task_constructor_msgs/msg/detail/sub_trajectory__struct.hpp
-- Installing: /home/kmw/trees_ws/install/moveit_task_constructor_msgs/include/moveit_task_constructor_msgs/moveit_task_constructor_msgs/msg/detail/sub_trajectory__traits.hpp
-- Installing: /home/kmw/trees_ws/install/moveit_task_constructor_msgs/include/moveit_task_constructor_msgs/moveit_task_constructor_msgs/msg/detail/trajectory_execution_info__builder.hpp
-- Installing: /home/kmw/trees_ws/install/moveit_task_constructor_msgs/include/moveit_task_constructor_msgs/moveit_task_constructor_msgs/msg/detail/solution_info__traits.hpp
-- Installing: /home/kmw/trees_ws/install/moveit_task_constructor_msgs/include/moveit_task_constructor_msgs/moveit_task_constructor_msgs/msg/detail/sub_solution__traits.hpp
-- Installing: /home/kmw/trees_ws/install/moveit_task_constructor_msgs/include/moveit_task_constructor_msgs/moveit_task_constructor_msgs/msg/detail/stage_statistics__struct.hpp
-- Installing: /home/kmw/trees_ws/install/moveit_task_constructor_msgs/include/moveit_task_constructor_msgs/moveit_task_constructor_msgs/msg/detail/task_description__builder.hpp
-- Installing: /home/kmw/trees_ws/install/moveit_task_constructor_msgs/include/moveit_task_constructor_msgs/moveit_task_constructor_msgs/msg/detail/stage_description__struct.hpp
-- Installing: /home/kmw/trees_ws/install/moveit_task_constructor_msgs/include/moveit_task_constructor_msgs/moveit_task_constructor_msgs/msg/detail/trajectory_execution_info__traits.hpp
-- Installing: /home/kmw/trees_ws/install/moveit_task_constructor_msgs/include/moveit_task_constructor_msgs/moveit_task_constructor_msgs/msg/detail/trajectory_execution_info__struct.hpp
-- Installing: /home/kmw/trees_ws/install/moveit_task_constructor_msgs/include/moveit_task_constructor_msgs/moveit_task_constructor_msgs/msg/detail/solution__struct.hpp
-- Installing: /home/kmw/trees_ws/install/moveit_task_constructor_msgs/include/moveit_task_constructor_msgs/moveit_task_constructor_msgs/msg/detail/solution__builder.hpp
-- Installing: /home/kmw/trees_ws/install/moveit_task_constructor_msgs/include/moveit_task_constructor_msgs/moveit_task_constructor_msgs/msg/detail/task_statistics__builder.hpp
-- Installing: /home/kmw/trees_ws/install/moveit_task_constructor_msgs/include/moveit_task_constructor_msgs/moveit_task_constructor_msgs/msg/detail/solution_info__struct.hpp
-- Installing: /home/kmw/trees_ws/install/moveit_task_constructor_msgs/include/moveit_task_constructor_msgs/moveit_task_constructor_msgs/msg/detail/sub_solution__struct.hpp
-- Installing: /home/kmw/trees_ws/install/moveit_task_constructor_msgs/include/moveit_task_constructor_msgs/moveit_task_constructor_msgs/msg/detail/stage_description__traits.hpp
-- Installing: /home/kmw/trees_ws/install/moveit_task_constructor_msgs/include/moveit_task_constructor_msgs/moveit_task_constructor_msgs/msg/detail/stage_description__builder.hpp
-- Installing: /home/kmw/trees_ws/install/moveit_task_constructor_msgs/include/moveit_task_constructor_msgs/moveit_task_constructor_msgs/msg/detail/stage_statistics__builder.hpp
-- Installing: /home/kmw/trees_ws/install/moveit_task_constructor_msgs/include/moveit_task_constructor_msgs/moveit_task_constructor_msgs/msg/detail/task_statistics__struct.hpp
-- Installing: /home/kmw/trees_ws/install/moveit_task_constructor_msgs/include/moveit_task_constructor_msgs/moveit_task_constructor_msgs/msg/detail/sub_solution__builder.hpp
-- Installing: /home/kmw/trees_ws/install/moveit_task_constructor_msgs/include/moveit_task_constructor_msgs/moveit_task_constructor_msgs/msg/detail/property__traits.hpp
-- Installing: /home/kmw/trees_ws/install/moveit_task_constructor_msgs/include/moveit_task_constructor_msgs/moveit_task_constructor_msgs/msg/detail/solution__traits.hpp
-- Installing: /home/kmw/trees_ws/install/moveit_task_constructor_msgs/include/moveit_task_constructor_msgs/moveit_task_constructor_msgs/msg/detail/stage_statistics__traits.hpp
-- Installing: /home/kmw/trees_ws/install/moveit_task_constructor_msgs/include/moveit_task_constructor_msgs/moveit_task_constructor_msgs/msg/detail/task_description__traits.hpp
-- Installing: /home/kmw/trees_ws/install/moveit_task_constructor_msgs/include/moveit_task_constructor_msgs/moveit_task_constructor_msgs/msg/detail/task_statistics__traits.hpp
-- Installing: /home/kmw/trees_ws/install/moveit_task_constructor_msgs/include/moveit_task_constructor_msgs/moveit_task_constructor_msgs/msg/detail/sub_trajectory__builder.hpp
-- Installing: /home/kmw/trees_ws/install/moveit_task_constructor_msgs/include/moveit_task_constructor_msgs/moveit_task_constructor_msgs/msg/sub_solution.hpp
-- Installing: /home/kmw/trees_ws/install/moveit_task_constructor_msgs/include/moveit_task_constructor_msgs/moveit_task_constructor_msgs/msg/stage_statistics.hpp
-- Up-to-date: /home/kmw/trees_ws/install/moveit_task_constructor_msgs/include/moveit_task_constructor_msgs/moveit_task_constructor_msgs
-- Up-to-date: /home/kmw/trees_ws/install/moveit_task_constructor_msgs/include/moveit_task_constructor_msgs/moveit_task_constructor_msgs/action
-- Up-to-date: /home/kmw/trees_ws/install/moveit_task_constructor_msgs/include/moveit_task_constructor_msgs/moveit_task_constructor_msgs/action/detail
-- Installing: /home/kmw/trees_ws/install/moveit_task_constructor_msgs/include/moveit_task_constructor_msgs/moveit_task_constructor_msgs/action/detail/execute_task_solution__rosidl_typesupport_fastrtps_cpp.hpp
-- Installing: /home/kmw/trees_ws/install/moveit_task_constructor_msgs/include/moveit_task_constructor_msgs/moveit_task_constructor_msgs/action/detail/dds_fastrtps
-- Up-to-date: /home/kmw/trees_ws/install/moveit_task_constructor_msgs/include/moveit_task_constructor_msgs/moveit_task_constructor_msgs/srv
-- Up-to-date: /home/kmw/trees_ws/install/moveit_task_constructor_msgs/include/moveit_task_constructor_msgs/moveit_task_constructor_msgs/srv/detail
-- Installing: /home/kmw/trees_ws/install/moveit_task_constructor_msgs/include/moveit_task_constructor_msgs/moveit_task_constructor_msgs/srv/detail/dds_fastrtps
-- Installing: /home/kmw/trees_ws/install/moveit_task_constructor_msgs/include/moveit_task_constructor_msgs/moveit_task_constructor_msgs/srv/detail/get_solution__rosidl_typesupport_fastrtps_cpp.hpp
-- Up-to-date: /home/kmw/trees_ws/install/moveit_task_constructor_msgs/include/moveit_task_constructor_msgs/moveit_task_constructor_msgs/msg
-- Up-to-date: /home/kmw/trees_ws/install/moveit_task_constructor_msgs/include/moveit_task_constructor_msgs/moveit_task_constructor_msgs/msg/detail
-- Installing: /home/kmw/trees_ws/install/moveit_task_constructor_msgs/include/moveit_task_constructor_msgs/moveit_task_constructor_msgs/msg/detail/stage_statistics__rosidl_typesupport_fastrtps_cpp.hpp
-- Installing: /home/kmw/trees_ws/install/moveit_task_constructor_msgs/include/moveit_task_constructor_msgs/moveit_task_constructor_msgs/msg/detail/solution_info__rosidl_typesupport_fastrtps_cpp.hpp
-- Installing: /home/kmw/trees_ws/install/moveit_task_constructor_msgs/include/moveit_task_constructor_msgs/moveit_task_constructor_msgs/msg/detail/dds_fastrtps
-- Installing: /home/kmw/trees_ws/install/moveit_task_constructor_msgs/include/moveit_task_constructor_msgs/moveit_task_constructor_msgs/msg/detail/task_statistics__rosidl_typesupport_fastrtps_cpp.hpp
-- Installing: /home/kmw/trees_ws/install/moveit_task_constructor_msgs/include/moveit_task_constructor_msgs/moveit_task_constructor_msgs/msg/detail/property__rosidl_typesupport_fastrtps_cpp.hpp
-- Installing: /home/kmw/trees_ws/install/moveit_task_constructor_msgs/include/moveit_task_constructor_msgs/moveit_task_constructor_msgs/msg/detail/task_description__rosidl_typesupport_fastrtps_cpp.hpp
-- Installing: /home/kmw/trees_ws/install/moveit_task_constructor_msgs/include/moveit_task_constructor_msgs/moveit_task_constructor_msgs/msg/detail/solution__rosidl_typesupport_fastrtps_cpp.hpp
-- Installing: /home/kmw/trees_ws/install/moveit_task_constructor_msgs/include/moveit_task_constructor_msgs/moveit_task_constructor_msgs/msg/detail/stage_description__rosidl_typesupport_fastrtps_cpp.hpp
-- Installing: /home/kmw/trees_ws/install/moveit_task_constructor_msgs/include/moveit_task_constructor_msgs/moveit_task_constructor_msgs/msg/detail/sub_trajectory__rosidl_typesupport_fastrtps_cpp.hpp
-- Installing: /home/kmw/trees_ws/install/moveit_task_constructor_msgs/include/moveit_task_constructor_msgs/moveit_task_constructor_msgs/msg/detail/trajectory_execution_info__rosidl_typesupport_fastrtps_cpp.hpp
-- Installing: /home/kmw/trees_ws/install/moveit_task_constructor_msgs/include/moveit_task_constructor_msgs/moveit_task_constructor_msgs/msg/detail/sub_solution__rosidl_typesupport_fastrtps_cpp.hpp
-- Installing: /home/kmw/trees_ws/install/moveit_task_constructor_msgs/include/moveit_task_constructor_msgs/moveit_task_constructor_msgs/msg/rosidl_typesupport_fastrtps_cpp__visibility_control.h
-- Installing: /home/kmw/trees_ws/install/moveit_task_constructor_msgs/lib/libmoveit_task_constructor_msgs__rosidl_typesupport_fastrtps_cpp.so
-- Set runtime path of "/home/kmw/trees_ws/install/moveit_task_constructor_msgs/lib/libmoveit_task_constructor_msgs__rosidl_typesupport_fastrtps_cpp.so" to ""
-- Up-to-date: /home/kmw/trees_ws/install/moveit_task_constructor_msgs/include/moveit_task_constructor_msgs/moveit_task_constructor_msgs
-- Up-to-date: /home/kmw/trees_ws/install/moveit_task_constructor_msgs/include/moveit_task_constructor_msgs/moveit_task_constructor_msgs/action
-- Up-to-date: /home/kmw/trees_ws/install/moveit_task_constructor_msgs/include/moveit_task_constructor_msgs/moveit_task_constructor_msgs/action/detail
-- Installing: /home/kmw/trees_ws/install/moveit_task_constructor_msgs/include/moveit_task_constructor_msgs/moveit_task_constructor_msgs/action/detail/execute_task_solution__type_support.c
-- Installing: /home/kmw/trees_ws/install/moveit_task_constructor_msgs/include/moveit_task_constructor_msgs/moveit_task_constructor_msgs/action/detail/execute_task_solution__rosidl_typesupport_introspection_c.h
-- Up-to-date: /home/kmw/trees_ws/install/moveit_task_constructor_msgs/include/moveit_task_constructor_msgs/moveit_task_constructor_msgs/srv
-- Up-to-date: /home/kmw/trees_ws/install/moveit_task_constructor_msgs/include/moveit_task_constructor_msgs/moveit_task_constructor_msgs/srv/detail
-- Installing: /home/kmw/trees_ws/install/moveit_task_constructor_msgs/include/moveit_task_constructor_msgs/moveit_task_constructor_msgs/srv/detail/get_solution__rosidl_typesupport_introspection_c.h
-- Installing: /home/kmw/trees_ws/install/moveit_task_constructor_msgs/include/moveit_task_constructor_msgs/moveit_task_constructor_msgs/srv/detail/get_solution__type_support.c
-- Up-to-date: /home/kmw/trees_ws/install/moveit_task_constructor_msgs/include/moveit_task_constructor_msgs/moveit_task_constructor_msgs/msg
-- Installing: /home/kmw/trees_ws/install/moveit_task_constructor_msgs/include/moveit_task_constructor_msgs/moveit_task_constructor_msgs/msg/rosidl_typesupport_introspection_c__visibility_control.h
-- Up-to-date: /home/kmw/trees_ws/install/moveit_task_constructor_msgs/include/moveit_task_constructor_msgs/moveit_task_constructor_msgs/msg/detail
-- Installing: /home/kmw/trees_ws/install/moveit_task_constructor_msgs/include/moveit_task_constructor_msgs/moveit_task_constructor_msgs/msg/detail/sub_solution__rosidl_typesupport_introspection_c.h
-- Installing: /home/kmw/trees_ws/install/moveit_task_constructor_msgs/include/moveit_task_constructor_msgs/moveit_task_constructor_msgs/msg/detail/property__type_support.c
-- Installing: /home/kmw/trees_ws/install/moveit_task_constructor_msgs/include/moveit_task_constructor_msgs/moveit_task_constructor_msgs/msg/detail/stage_description__type_support.c
-- Installing: /home/kmw/trees_ws/install/moveit_task_constructor_msgs/include/moveit_task_constructor_msgs/moveit_task_constructor_msgs/msg/detail/stage_description__rosidl_typesupport_introspection_c.h
-- Installing: /home/kmw/trees_ws/install/moveit_task_constructor_msgs/include/moveit_task_constructor_msgs/moveit_task_constructor_msgs/msg/detail/task_statistics__type_support.c
-- Installing: /home/kmw/trees_ws/install/moveit_task_constructor_msgs/include/moveit_task_constructor_msgs/moveit_task_constructor_msgs/msg/detail/sub_trajectory__rosidl_typesupport_introspection_c.h
-- Installing: /home/kmw/trees_ws/install/moveit_task_constructor_msgs/include/moveit_task_constructor_msgs/moveit_task_constructor_msgs/msg/detail/trajectory_execution_info__type_support.c
-- Installing: /home/kmw/trees_ws/install/moveit_task_constructor_msgs/include/moveit_task_constructor_msgs/moveit_task_constructor_msgs/msg/detail/task_description__rosidl_typesupport_introspection_c.h
-- Installing: /home/kmw/trees_ws/install/moveit_task_constructor_msgs/include/moveit_task_constructor_msgs/moveit_task_constructor_msgs/msg/detail/solution__type_support.c
-- Installing: /home/kmw/trees_ws/install/moveit_task_constructor_msgs/include/moveit_task_constructor_msgs/moveit_task_constructor_msgs/msg/detail/solution_info__type_support.c
-- Installing: /home/kmw/trees_ws/install/moveit_task_constructor_msgs/include/moveit_task_constructor_msgs/moveit_task_constructor_msgs/msg/detail/trajectory_execution_info__rosidl_typesupport_introspection_c.h
-- Installing: /home/kmw/trees_ws/install/moveit_task_constructor_msgs/include/moveit_task_constructor_msgs/moveit_task_constructor_msgs/msg/detail/task_description__type_support.c
-- Installing: /home/kmw/trees_ws/install/moveit_task_constructor_msgs/include/moveit_task_constructor_msgs/moveit_task_constructor_msgs/msg/detail/stage_statistics__type_support.c
-- Installing: /home/kmw/trees_ws/install/moveit_task_constructor_msgs/include/moveit_task_constructor_msgs/moveit_task_constructor_msgs/msg/detail/task_statistics__rosidl_typesupport_introspection_c.h
-- Installing: /home/kmw/trees_ws/install/moveit_task_constructor_msgs/include/moveit_task_constructor_msgs/moveit_task_constructor_msgs/msg/detail/solution_info__rosidl_typesupport_introspection_c.h
-- Installing: /home/kmw/trees_ws/install/moveit_task_constructor_msgs/include/moveit_task_constructor_msgs/moveit_task_constructor_msgs/msg/detail/stage_statistics__rosidl_typesupport_introspection_c.h
-- Installing: /home/kmw/trees_ws/install/moveit_task_constructor_msgs/include/moveit_task_constructor_msgs/moveit_task_constructor_msgs/msg/detail/sub_solution__type_support.c
-- Installing: /home/kmw/trees_ws/install/moveit_task_constructor_msgs/include/moveit_task_constructor_msgs/moveit_task_constructor_msgs/msg/detail/property__rosidl_typesupport_introspection_c.h
-- Installing: /home/kmw/trees_ws/install/moveit_task_constructor_msgs/include/moveit_task_constructor_msgs/moveit_task_constructor_msgs/msg/detail/solution__rosidl_typesupport_introspection_c.h
-- Installing: /home/kmw/trees_ws/install/moveit_task_constructor_msgs/include/moveit_task_constructor_msgs/moveit_task_constructor_msgs/msg/detail/sub_trajectory__type_support.c
-- Installing: /home/kmw/trees_ws/install/moveit_task_constructor_msgs/lib/libmoveit_task_constructor_msgs__rosidl_typesupport_introspection_c.so
-- Set runtime path of "/home/kmw/trees_ws/install/moveit_task_constructor_msgs/lib/libmoveit_task_constructor_msgs__rosidl_typesupport_introspection_c.so" to ""
-- Installing: /home/kmw/trees_ws/install/moveit_task_constructor_msgs/lib/libmoveit_task_constructor_msgs__rosidl_typesupport_c.so
-- Set runtime path of "/home/kmw/trees_ws/install/moveit_task_constructor_msgs/lib/libmoveit_task_constructor_msgs__rosidl_typesupport_c.so" to ""
-- Up-to-date: /home/kmw/trees_ws/install/moveit_task_constructor_msgs/include/moveit_task_constructor_msgs/moveit_task_constructor_msgs
-- Up-to-date: /home/kmw/trees_ws/install/moveit_task_constructor_msgs/include/moveit_task_constructor_msgs/moveit_task_constructor_msgs/action
-- Up-to-date: /home/kmw/trees_ws/install/moveit_task_constructor_msgs/include/moveit_task_constructor_msgs/moveit_task_constructor_msgs/action/detail
-- Installing: /home/kmw/trees_ws/install/moveit_task_constructor_msgs/include/moveit_task_constructor_msgs/moveit_task_constructor_msgs/action/detail/execute_task_solution__type_support.cpp
-- Installing: /home/kmw/trees_ws/install/moveit_task_constructor_msgs/include/moveit_task_constructor_msgs/moveit_task_constructor_msgs/action/detail/execute_task_solution__rosidl_typesupport_introspection_cpp.hpp
-- Up-to-date: /home/kmw/trees_ws/install/moveit_task_constructor_msgs/include/moveit_task_constructor_msgs/moveit_task_constructor_msgs/srv
-- Up-to-date: /home/kmw/trees_ws/install/moveit_task_constructor_msgs/include/moveit_task_constructor_msgs/moveit_task_constructor_msgs/srv/detail
-- Installing: /home/kmw/trees_ws/install/moveit_task_constructor_msgs/include/moveit_task_constructor_msgs/moveit_task_constructor_msgs/srv/detail/get_solution__type_support.cpp
-- Installing: /home/kmw/trees_ws/install/moveit_task_constructor_msgs/include/moveit_task_constructor_msgs/moveit_task_constructor_msgs/srv/detail/get_solution__rosidl_typesupport_introspection_cpp.hpp
-- Up-to-date: /home/kmw/trees_ws/install/moveit_task_constructor_msgs/include/moveit_task_constructor_msgs/moveit_task_constructor_msgs/msg
-- Up-to-date: /home/kmw/trees_ws/install/moveit_task_constructor_msgs/include/moveit_task_constructor_msgs/moveit_task_constructor_msgs/msg/detail
-- Installing: /home/kmw/trees_ws/install/moveit_task_constructor_msgs/include/moveit_task_constructor_msgs/moveit_task_constructor_msgs/msg/detail/property__rosidl_typesupport_introspection_cpp.hpp
-- Installing: /home/kmw/trees_ws/install/moveit_task_constructor_msgs/include/moveit_task_constructor_msgs/moveit_task_constructor_msgs/msg/detail/task_description__rosidl_typesupport_introspection_cpp.hpp
-- Installing: /home/kmw/trees_ws/install/moveit_task_constructor_msgs/include/moveit_task_constructor_msgs/moveit_task_constructor_msgs/msg/detail/sub_trajectory__type_support.cpp
-- Installing: /home/kmw/trees_ws/install/moveit_task_constructor_msgs/include/moveit_task_constructor_msgs/moveit_task_constructor_msgs/msg/detail/sub_solution__type_support.cpp
-- Installing: /home/kmw/trees_ws/install/moveit_task_constructor_msgs/include/moveit_task_constructor_msgs/moveit_task_constructor_msgs/msg/detail/stage_statistics__type_support.cpp
-- Installing: /home/kmw/trees_ws/install/moveit_task_constructor_msgs/include/moveit_task_constructor_msgs/moveit_task_constructor_msgs/msg/detail/trajectory_execution_info__rosidl_typesupport_introspection_cpp.hpp
-- Installing: /home/kmw/trees_ws/install/moveit_task_constructor_msgs/include/moveit_task_constructor_msgs/moveit_task_constructor_msgs/msg/detail/task_statistics__rosidl_typesupport_introspection_cpp.hpp
-- Installing: /home/kmw/trees_ws/install/moveit_task_constructor_msgs/include/moveit_task_constructor_msgs/moveit_task_constructor_msgs/msg/detail/stage_description__type_support.cpp
-- Installing: /home/kmw/trees_ws/install/moveit_task_constructor_msgs/include/moveit_task_constructor_msgs/moveit_task_constructor_msgs/msg/detail/stage_description__rosidl_typesupport_introspection_cpp.hpp
-- Installing: /home/kmw/trees_ws/install/moveit_task_constructor_msgs/include/moveit_task_constructor_msgs/moveit_task_constructor_msgs/msg/detail/trajectory_execution_info__type_support.cpp
-- Installing: /home/kmw/trees_ws/install/moveit_task_constructor_msgs/include/moveit_task_constructor_msgs/moveit_task_constructor_msgs/msg/detail/task_description__type_support.cpp
-- Installing: /home/kmw/trees_ws/install/moveit_task_constructor_msgs/include/moveit_task_constructor_msgs/moveit_task_constructor_msgs/msg/detail/sub_solution__rosidl_typesupport_introspection_cpp.hpp
-- Installing: /home/kmw/trees_ws/install/moveit_task_constructor_msgs/include/moveit_task_constructor_msgs/moveit_task_constructor_msgs/msg/detail/property__type_support.cpp
-- Installing: /home/kmw/trees_ws/install/moveit_task_constructor_msgs/include/moveit_task_constructor_msgs/moveit_task_constructor_msgs/msg/detail/sub_trajectory__rosidl_typesupport_introspection_cpp.hpp
-- Installing: /home/kmw/trees_ws/install/moveit_task_constructor_msgs/include/moveit_task_constructor_msgs/moveit_task_constructor_msgs/msg/detail/solution_info__rosidl_typesupport_introspection_cpp.hpp
-- Installing: /home/kmw/trees_ws/install/moveit_task_constructor_msgs/include/moveit_task_constructor_msgs/moveit_task_constructor_msgs/msg/detail/solution__rosidl_typesupport_introspection_cpp.hpp
-- Installing: /home/kmw/trees_ws/install/moveit_task_constructor_msgs/include/moveit_task_constructor_msgs/moveit_task_constructor_msgs/msg/detail/solution__type_support.cpp
-- Installing: /home/kmw/trees_ws/install/moveit_task_constructor_msgs/include/moveit_task_constructor_msgs/moveit_task_constructor_msgs/msg/detail/task_statistics__type_support.cpp
-- Installing: /home/kmw/trees_ws/install/moveit_task_constructor_msgs/include/moveit_task_constructor_msgs/moveit_task_constructor_msgs/msg/detail/stage_statistics__rosidl_typesupport_introspection_cpp.hpp
-- Installing: /home/kmw/trees_ws/install/moveit_task_constructor_msgs/include/moveit_task_constructor_msgs/moveit_task_constructor_msgs/msg/detail/solution_info__type_support.cpp
-- Installing: /home/kmw/trees_ws/install/moveit_task_constructor_msgs/lib/libmoveit_task_constructor_msgs__rosidl_typesupport_introspection_cpp.so
-- Set runtime path of "/home/kmw/trees_ws/install/moveit_task_constructor_msgs/lib/libmoveit_task_constructor_msgs__rosidl_typesupport_introspection_cpp.so" to ""
-- Installing: /home/kmw/trees_ws/install/moveit_task_constructor_msgs/lib/libmoveit_task_constructor_msgs__rosidl_typesupport_cpp.so
-- Set runtime path of "/home/kmw/trees_ws/install/moveit_task_constructor_msgs/lib/libmoveit_task_constructor_msgs__rosidl_typesupport_cpp.so" to ""
-- Installing: /home/kmw/trees_ws/install/moveit_task_constructor_msgs/share/moveit_task_constructor_msgs/environment/pythonpath.sh
-- Installing: /home/kmw/trees_ws/install/moveit_task_constructor_msgs/share/moveit_task_constructor_msgs/environment/pythonpath.dsv
-- Installing: /home/kmw/trees_ws/install/moveit_task_constructor_msgs/lib/python3.10/site-packages/moveit_task_constructor_msgs-0.1.3-py3.10.egg-info
-- Installing: /home/kmw/trees_ws/install/moveit_task_constructor_msgs/lib/python3.10/site-packages/moveit_task_constructor_msgs-0.1.3-py3.10.egg-info/SOURCES.txt
-- Installing: /home/kmw/trees_ws/install/moveit_task_constructor_msgs/lib/python3.10/site-packages/moveit_task_constructor_msgs-0.1.3-py3.10.egg-info/PKG-INFO
-- Installing: /home/kmw/trees_ws/install/moveit_task_constructor_msgs/lib/python3.10/site-packages/moveit_task_constructor_msgs-0.1.3-py3.10.egg-info/top_level.txt
-- Installing: /home/kmw/trees_ws/install/moveit_task_constructor_msgs/lib/python3.10/site-packages/moveit_task_constructor_msgs-0.1.3-py3.10.egg-info/dependency_links.txt
-- Installing: /home/kmw/trees_ws/install/moveit_task_constructor_msgs/lib/python3.10/site-packages/moveit_task_constructor_msgs
-- Installing: /home/kmw/trees_ws/install/moveit_task_constructor_msgs/lib/python3.10/site-packages/moveit_task_constructor_msgs/__init__.py
-- Installing: /home/kmw/trees_ws/install/moveit_task_constructor_msgs/lib/python3.10/site-packages/moveit_task_constructor_msgs/moveit_task_constructor_msgs_s__rosidl_typesupport_fastrtps_c.cpython-310-x86_64-linux-gnu.so
-- Installing: /home/kmw/trees_ws/install/moveit_task_constructor_msgs/lib/python3.10/site-packages/moveit_task_constructor_msgs/_moveit_task_constructor_msgs_s.ep.rosidl_typesupport_fastrtps_c.c
-- Installing: /home/kmw/trees_ws/install/moveit_task_constructor_msgs/lib/python3.10/site-packages/moveit_task_constructor_msgs/libmoveit_task_constructor_msgs__rosidl_generator_py.so
-- Installing: /home/kmw/trees_ws/install/moveit_task_constructor_msgs/lib/python3.10/site-packages/moveit_task_constructor_msgs/moveit_task_constructor_msgs_s__rosidl_typesupport_introspection_c.cpython-310-x86_64-linux-gnu.so
-- Installing: /home/kmw/trees_ws/install/moveit_task_constructor_msgs/lib/python3.10/site-packages/moveit_task_constructor_msgs/action
-- Installing: /home/kmw/trees_ws/install/moveit_task_constructor_msgs/lib/python3.10/site-packages/moveit_task_constructor_msgs/action/__init__.py
-- Installing: /home/kmw/trees_ws/install/moveit_task_constructor_msgs/lib/python3.10/site-packages/moveit_task_constructor_msgs/action/_execute_task_solution_s.c
-- Installing: /home/kmw/trees_ws/install/moveit_task_constructor_msgs/lib/python3.10/site-packages/moveit_task_constructor_msgs/action/_execute_task_solution.py
-- Installing: /home/kmw/trees_ws/install/moveit_task_constructor_msgs/lib/python3.10/site-packages/moveit_task_constructor_msgs/_moveit_task_constructor_msgs_s.ep.rosidl_typesupport_introspection_c.c
-- Installing: /home/kmw/trees_ws/install/moveit_task_constructor_msgs/lib/python3.10/site-packages/moveit_task_constructor_msgs/srv
-- Installing: /home/kmw/trees_ws/install/moveit_task_constructor_msgs/lib/python3.10/site-packages/moveit_task_constructor_msgs/srv/__init__.py
-- Installing: /home/kmw/trees_ws/install/moveit_task_constructor_msgs/lib/python3.10/site-packages/moveit_task_constructor_msgs/srv/_get_solution_s.c
-- Installing: /home/kmw/trees_ws/install/moveit_task_constructor_msgs/lib/python3.10/site-packages/moveit_task_constructor_msgs/srv/_get_solution.py
-- Installing: /home/kmw/trees_ws/install/moveit_task_constructor_msgs/lib/python3.10/site-packages/moveit_task_constructor_msgs/msg
-- Installing: /home/kmw/trees_ws/install/moveit_task_constructor_msgs/lib/python3.10/site-packages/moveit_task_constructor_msgs/msg/_solution_s.c
-- Installing: /home/kmw/trees_ws/install/moveit_task_constructor_msgs/lib/python3.10/site-packages/moveit_task_constructor_msgs/msg/_solution.py
-- Installing: /home/kmw/trees_ws/install/moveit_task_constructor_msgs/lib/python3.10/site-packages/moveit_task_constructor_msgs/msg/_stage_statistics.py
-- Installing: /home/kmw/trees_ws/install/moveit_task_constructor_msgs/lib/python3.10/site-packages/moveit_task_constructor_msgs/msg/_task_statistics.py
-- Installing: /home/kmw/trees_ws/install/moveit_task_constructor_msgs/lib/python3.10/site-packages/moveit_task_constructor_msgs/msg/_sub_solution.py
-- Installing: /home/kmw/trees_ws/install/moveit_task_constructor_msgs/lib/python3.10/site-packages/moveit_task_constructor_msgs/msg/_task_statistics_s.c
-- Installing: /home/kmw/trees_ws/install/moveit_task_constructor_msgs/lib/python3.10/site-packages/moveit_task_constructor_msgs/msg/__init__.py
-- Installing: /home/kmw/trees_ws/install/moveit_task_constructor_msgs/lib/python3.10/site-packages/moveit_task_constructor_msgs/msg/_solution_info.py
-- Installing: /home/kmw/trees_ws/install/moveit_task_constructor_msgs/lib/python3.10/site-packages/moveit_task_constructor_msgs/msg/_property.py
-- Installing: /home/kmw/trees_ws/install/moveit_task_constructor_msgs/lib/python3.10/site-packages/moveit_task_constructor_msgs/msg/_sub_trajectory_s.c
-- Installing: /home/kmw/trees_ws/install/moveit_task_constructor_msgs/lib/python3.10/site-packages/moveit_task_constructor_msgs/msg/_task_description.py
-- Installing: /home/kmw/trees_ws/install/moveit_task_constructor_msgs/lib/python3.10/site-packages/moveit_task_constructor_msgs/msg/_task_description_s.c
-- Installing: /home/kmw/trees_ws/install/moveit_task_constructor_msgs/lib/python3.10/site-packages/moveit_task_constructor_msgs/msg/_property_s.c
-- Installing: /home/kmw/trees_ws/install/moveit_task_constructor_msgs/lib/python3.10/site-packages/moveit_task_constructor_msgs/msg/_sub_trajectory.py
-- Installing: /home/kmw/trees_ws/install/moveit_task_constructor_msgs/lib/python3.10/site-packages/moveit_task_constructor_msgs/msg/_trajectory_execution_info.py
-- Installing: /home/kmw/trees_ws/install/moveit_task_constructor_msgs/lib/python3.10/site-packages/moveit_task_constructor_msgs/msg/_stage_description.py
-- Installing: /home/kmw/trees_ws/install/moveit_task_constructor_msgs/lib/python3.10/site-packages/moveit_task_constructor_msgs/msg/_stage_description_s.c
-- Installing: /home/kmw/trees_ws/install/moveit_task_constructor_msgs/lib/python3.10/site-packages/moveit_task_constructor_msgs/msg/_stage_statistics_s.c
-- Installing: /home/kmw/trees_ws/install/moveit_task_constructor_msgs/lib/python3.10/site-packages/moveit_task_constructor_msgs/msg/_solution_info_s.c
-- Installing: /home/kmw/trees_ws/install/moveit_task_constructor_msgs/lib/python3.10/site-packages/moveit_task_constructor_msgs/msg/_sub_solution_s.c
-- Installing: /home/kmw/trees_ws/install/moveit_task_constructor_msgs/lib/python3.10/site-packages/moveit_task_constructor_msgs/msg/_trajectory_execution_info_s.c
-- Installing: /home/kmw/trees_ws/install/moveit_task_constructor_msgs/lib/python3.10/site-packages/moveit_task_constructor_msgs/_moveit_task_constructor_msgs_s.ep.rosidl_typesupport_c.c
-- Installing: /home/kmw/trees_ws/install/moveit_task_constructor_msgs/lib/python3.10/site-packages/moveit_task_constructor_msgs/moveit_task_constructor_msgs_s__rosidl_typesupport_c.cpython-310-x86_64-linux-gnu.so
Listing '/home/kmw/trees_ws/install/moveit_task_constructor_msgs/lib/python3.10/site-packages/moveit_task_constructor_msgs'...
Compiling '/home/kmw/trees_ws/install/moveit_task_constructor_msgs/lib/python3.10/site-packages/moveit_task_constructor_msgs/__init__.py'...
Listing '/home/kmw/trees_ws/install/moveit_task_constructor_msgs/lib/python3.10/site-packages/moveit_task_constructor_msgs/action'...
Compiling '/home/kmw/trees_ws/install/moveit_task_constructor_msgs/lib/python3.10/site-packages/moveit_task_constructor_msgs/action/__init__.py'...
Compiling '/home/kmw/trees_ws/install/moveit_task_constructor_msgs/lib/python3.10/site-packages/moveit_task_constructor_msgs/action/_execute_task_solution.py'...
Listing '/home/kmw/trees_ws/install/moveit_task_constructor_msgs/lib/python3.10/site-packages/moveit_task_constructor_msgs/msg'...
Compiling '/home/kmw/trees_ws/install/moveit_task_constructor_msgs/lib/python3.10/site-packages/moveit_task_constructor_msgs/msg/__init__.py'...
Compiling '/home/kmw/trees_ws/install/moveit_task_constructor_msgs/lib/python3.10/site-packages/moveit_task_constructor_msgs/msg/_property.py'...
Compiling '/home/kmw/trees_ws/install/moveit_task_constructor_msgs/lib/python3.10/site-packages/moveit_task_constructor_msgs/msg/_solution.py'...
Compiling '/home/kmw/trees_ws/install/moveit_task_constructor_msgs/lib/python3.10/site-packages/moveit_task_constructor_msgs/msg/_solution_info.py'...
Compiling '/home/kmw/trees_ws/install/moveit_task_constructor_msgs/lib/python3.10/site-packages/moveit_task_constructor_msgs/msg/_stage_description.py'...
Compiling '/home/kmw/trees_ws/install/moveit_task_constructor_msgs/lib/python3.10/site-packages/moveit_task_constructor_msgs/msg/_stage_statistics.py'...
Compiling '/home/kmw/trees_ws/install/moveit_task_constructor_msgs/lib/python3.10/site-packages/moveit_task_constructor_msgs/msg/_sub_solution.py'...
Compiling '/home/kmw/trees_ws/install/moveit_task_constructor_msgs/lib/python3.10/site-packages/moveit_task_constructor_msgs/msg/_sub_trajectory.py'...
Compiling '/home/kmw/trees_ws/install/moveit_task_constructor_msgs/lib/python3.10/site-packages/moveit_task_constructor_msgs/msg/_task_description.py'...
Compiling '/home/kmw/trees_ws/install/moveit_task_constructor_msgs/lib/python3.10/site-packages/moveit_task_constructor_msgs/msg/_task_statistics.py'...
Compiling '/home/kmw/trees_ws/install/moveit_task_constructor_msgs/lib/python3.10/site-packages/moveit_task_constructor_msgs/msg/_trajectory_execution_info.py'...
Listing '/home/kmw/trees_ws/install/moveit_task_constructor_msgs/lib/python3.10/site-packages/moveit_task_constructor_msgs/srv'...
Compiling '/home/kmw/trees_ws/install/moveit_task_constructor_msgs/lib/python3.10/site-packages/moveit_task_constructor_msgs/srv/__init__.py'...
Compiling '/home/kmw/trees_ws/install/moveit_task_constructor_msgs/lib/python3.10/site-packages/moveit_task_constructor_msgs/srv/_get_solution.py'...
-- Installing: /home/kmw/trees_ws/install/moveit_task_constructor_msgs/lib/python3.10/site-packages/moveit_task_constructor_msgs/moveit_task_constructor_msgs_s__rosidl_typesupport_fastrtps_c.cpython-310-x86_64-linux-gnu.so
-- Set runtime path of "/home/kmw/trees_ws/install/moveit_task_constructor_msgs/lib/python3.10/site-packages/moveit_task_constructor_msgs/moveit_task_constructor_msgs_s__rosidl_typesupport_fastrtps_c.cpython-310-x86_64-linux-gnu.so" to ""
-- Installing: /home/kmw/trees_ws/install/moveit_task_constructor_msgs/lib/python3.10/site-packages/moveit_task_constructor_msgs/moveit_task_constructor_msgs_s__rosidl_typesupport_introspection_c.cpython-310-x86_64-linux-gnu.so
-- Set runtime path of "/home/kmw/trees_ws/install/moveit_task_constructor_msgs/lib/python3.10/site-packages/moveit_task_constructor_msgs/moveit_task_constructor_msgs_s__rosidl_typesupport_introspection_c.cpython-310-x86_64-linux-gnu.so" to ""
-- Installing: /home/kmw/trees_ws/install/moveit_task_constructor_msgs/lib/python3.10/site-packages/moveit_task_constructor_msgs/moveit_task_constructor_msgs_s__rosidl_typesupport_c.cpython-310-x86_64-linux-gnu.so
-- Set runtime path of "/home/kmw/trees_ws/install/moveit_task_constructor_msgs/lib/python3.10/site-packages/moveit_task_constructor_msgs/moveit_task_constructor_msgs_s__rosidl_typesupport_c.cpython-310-x86_64-linux-gnu.so" to ""
-- Installing: /home/kmw/trees_ws/install/moveit_task_constructor_msgs/lib/libmoveit_task_constructor_msgs__rosidl_generator_py.so
-- Set runtime path of "/home/kmw/trees_ws/install/moveit_task_constructor_msgs/lib/libmoveit_task_constructor_msgs__rosidl_generator_py.so" to ""
-- Installing: /home/kmw/trees_ws/install/moveit_task_constructor_msgs/share/moveit_task_constructor_msgs/msg/Property.idl
-- Installing: /home/kmw/trees_ws/install/moveit_task_constructor_msgs/share/moveit_task_constructor_msgs/msg/Solution.idl
-- Installing: /home/kmw/trees_ws/install/moveit_task_constructor_msgs/share/moveit_task_constructor_msgs/msg/SolutionInfo.idl
-- Installing: /home/kmw/trees_ws/install/moveit_task_constructor_msgs/share/moveit_task_constructor_msgs/msg/StageDescription.idl
-- Installing: /home/kmw/trees_ws/install/moveit_task_constructor_msgs/share/moveit_task_constructor_msgs/msg/StageStatistics.idl
-- Installing: /home/kmw/trees_ws/install/moveit_task_constructor_msgs/share/moveit_task_constructor_msgs/msg/SubSolution.idl
-- Installing: /home/kmw/trees_ws/install/moveit_task_constructor_msgs/share/moveit_task_constructor_msgs/msg/SubTrajectory.idl
-- Installing: /home/kmw/trees_ws/install/moveit_task_constructor_msgs/share/moveit_task_constructor_msgs/msg/TaskDescription.idl
-- Installing: /home/kmw/trees_ws/install/moveit_task_constructor_msgs/share/moveit_task_constructor_msgs/msg/TaskStatistics.idl
-- Installing: /home/kmw/trees_ws/install/moveit_task_constructor_msgs/share/moveit_task_constructor_msgs/msg/TrajectoryExecutionInfo.idl
-- Installing: /home/kmw/trees_ws/install/moveit_task_constructor_msgs/share/moveit_task_constructor_msgs/srv/GetSolution.idl
-- Installing: /home/kmw/trees_ws/install/moveit_task_constructor_msgs/share/moveit_task_constructor_msgs/action/ExecuteTaskSolution.idl
-- Installing: /home/kmw/trees_ws/install/moveit_task_constructor_msgs/share/moveit_task_constructor_msgs/msg/Property.msg
-- Installing: /home/kmw/trees_ws/install/moveit_task_constructor_msgs/share/moveit_task_constructor_msgs/msg/Solution.msg
-- Installing: /home/kmw/trees_ws/install/moveit_task_constructor_msgs/share/moveit_task_constructor_msgs/msg/SolutionInfo.msg
-- Installing: /home/kmw/trees_ws/install/moveit_task_constructor_msgs/share/moveit_task_constructor_msgs/msg/StageDescription.msg
-- Installing: /home/kmw/trees_ws/install/moveit_task_constructor_msgs/share/moveit_task_constructor_msgs/msg/StageStatistics.msg
-- Installing: /home/kmw/trees_ws/install/moveit_task_constructor_msgs/share/moveit_task_constructor_msgs/msg/SubSolution.msg
-- Installing: /home/kmw/trees_ws/install/moveit_task_constructor_msgs/share/moveit_task_constructor_msgs/msg/SubTrajectory.msg
-- Installing: /home/kmw/trees_ws/install/moveit_task_constructor_msgs/share/moveit_task_constructor_msgs/msg/TaskDescription.msg
-- Installing: /home/kmw/trees_ws/install/moveit_task_constructor_msgs/share/moveit_task_constructor_msgs/msg/TaskStatistics.msg
-- Installing: /home/kmw/trees_ws/install/moveit_task_constructor_msgs/share/moveit_task_constructor_msgs/msg/TrajectoryExecutionInfo.msg
-- Installing: /home/kmw/trees_ws/install/moveit_task_constructor_msgs/share/moveit_task_constructor_msgs/srv/GetSolution.srv
-- Installing: /home/kmw/trees_ws/install/moveit_task_constructor_msgs/share/moveit_task_constructor_msgs/srv/GetSolution_Request.msg
-- Installing: /home/kmw/trees_ws/install/moveit_task_constructor_msgs/share/moveit_task_constructor_msgs/srv/GetSolution_Response.msg
-- Installing: /home/kmw/trees_ws/install/moveit_task_constructor_msgs/share/moveit_task_constructor_msgs/action/ExecuteTaskSolution.action
-- Installing: /home/kmw/trees_ws/install/moveit_task_constructor_msgs/share/ament_index/resource_index/package_run_dependencies/moveit_task_constructor_msgs
-- Installing: /home/kmw/trees_ws/install/moveit_task_constructor_msgs/share/ament_index/resource_index/parent_prefix_path/moveit_task_constructor_msgs
-- Installing: /home/kmw/trees_ws/install/moveit_task_constructor_msgs/share/moveit_task_constructor_msgs/environment/ament_prefix_path.sh
-- Installing: /home/kmw/trees_ws/install/moveit_task_constructor_msgs/share/moveit_task_constructor_msgs/environment/ament_prefix_path.dsv
-- Installing: /home/kmw/trees_ws/install/moveit_task_constructor_msgs/share/moveit_task_constructor_msgs/environment/path.sh
-- Installing: /home/kmw/trees_ws/install/moveit_task_constructor_msgs/share/moveit_task_constructor_msgs/environment/path.dsv
-- Installing: /home/kmw/trees_ws/install/moveit_task_constructor_msgs/share/moveit_task_constructor_msgs/local_setup.bash
-- Installing: /home/kmw/trees_ws/install/moveit_task_constructor_msgs/share/moveit_task_constructor_msgs/local_setup.sh
-- Installing: /home/kmw/trees_ws/install/moveit_task_constructor_msgs/share/moveit_task_constructor_msgs/local_setup.zsh
-- Installing: /home/kmw/trees_ws/install/moveit_task_constructor_msgs/share/moveit_task_constructor_msgs/local_setup.dsv
-- Installing: /home/kmw/trees_ws/install/moveit_task_constructor_msgs/share/moveit_task_constructor_msgs/package.dsv
-- Installing: /home/kmw/trees_ws/install/moveit_task_constructor_msgs/share/ament_index/resource_index/packages/moveit_task_constructor_msgs
-- Installing: /home/kmw/trees_ws/install/moveit_task_constructor_msgs/share/moveit_task_constructor_msgs/cmake/export_moveit_task_constructor_msgs__rosidl_generator_cExport.cmake
-- Installing: /home/kmw/trees_ws/install/moveit_task_constructor_msgs/share/moveit_task_constructor_msgs/cmake/export_moveit_task_constructor_msgs__rosidl_generator_cExport-noconfig.cmake
-- Installing: /home/kmw/trees_ws/install/moveit_task_constructor_msgs/share/moveit_task_constructor_msgs/cmake/export_moveit_task_constructor_msgs__rosidl_typesupport_fastrtps_cExport.cmake
-- Installing: /home/kmw/trees_ws/install/moveit_task_constructor_msgs/share/moveit_task_constructor_msgs/cmake/export_moveit_task_constructor_msgs__rosidl_typesupport_fastrtps_cExport-noconfig.cmake
-- Installing: /home/kmw/trees_ws/install/moveit_task_constructor_msgs/share/moveit_task_constructor_msgs/cmake/export_moveit_task_constructor_msgs__rosidl_generator_cppExport.cmake
-- Installing: /home/kmw/trees_ws/install/moveit_task_constructor_msgs/share/moveit_task_constructor_msgs/cmake/export_moveit_task_constructor_msgs__rosidl_typesupport_fastrtps_cppExport.cmake
-- Installing: /home/kmw/trees_ws/install/moveit_task_constructor_msgs/share/moveit_task_constructor_msgs/cmake/export_moveit_task_constructor_msgs__rosidl_typesupport_fastrtps_cppExport-noconfig.cmake
-- Installing: /home/kmw/trees_ws/install/moveit_task_constructor_msgs/share/moveit_task_constructor_msgs/cmake/moveit_task_constructor_msgs__rosidl_typesupport_introspection_cExport.cmake
-- Installing: /home/kmw/trees_ws/install/moveit_task_constructor_msgs/share/moveit_task_constructor_msgs/cmake/moveit_task_constructor_msgs__rosidl_typesupport_introspection_cExport-noconfig.cmake
-- Installing: /home/kmw/trees_ws/install/moveit_task_constructor_msgs/share/moveit_task_constructor_msgs/cmake/moveit_task_constructor_msgs__rosidl_typesupport_cExport.cmake
-- Installing: /home/kmw/trees_ws/install/moveit_task_constructor_msgs/share/moveit_task_constructor_msgs/cmake/moveit_task_constructor_msgs__rosidl_typesupport_cExport-noconfig.cmake
-- Installing: /home/kmw/trees_ws/install/moveit_task_constructor_msgs/share/moveit_task_constructor_msgs/cmake/moveit_task_constructor_msgs__rosidl_typesupport_introspection_cppExport.cmake
-- Installing: /home/kmw/trees_ws/install/moveit_task_constructor_msgs/share/moveit_task_constructor_msgs/cmake/moveit_task_constructor_msgs__rosidl_typesupport_introspection_cppExport-noconfig.cmake
-- Installing: /home/kmw/trees_ws/install/moveit_task_constructor_msgs/share/moveit_task_constructor_msgs/cmake/moveit_task_constructor_msgs__rosidl_typesupport_cppExport.cmake
-- Installing: /home/kmw/trees_ws/install/moveit_task_constructor_msgs/share/moveit_task_constructor_msgs/cmake/moveit_task_constructor_msgs__rosidl_typesupport_cppExport-noconfig.cmake
-- Installing: /home/kmw/trees_ws/install/moveit_task_constructor_msgs/share/moveit_task_constructor_msgs/cmake/export_moveit_task_constructor_msgs__rosidl_generator_pyExport.cmake
-- Installing: /home/kmw/trees_ws/install/moveit_task_constructor_msgs/share/moveit_task_constructor_msgs/cmake/export_moveit_task_constructor_msgs__rosidl_generator_pyExport-noconfig.cmake
-- Installing: /home/kmw/trees_ws/install/moveit_task_constructor_msgs/share/moveit_task_constructor_msgs/cmake/rosidl_cmake-extras.cmake
-- Installing: /home/kmw/trees_ws/install/moveit_task_constructor_msgs/share/moveit_task_constructor_msgs/cmake/ament_cmake_export_dependencies-extras.cmake
-- Installing: /home/kmw/trees_ws/install/moveit_task_constructor_msgs/share/moveit_task_constructor_msgs/cmake/ament_cmake_export_include_directories-extras.cmake
-- Installing: /home/kmw/trees_ws/install/moveit_task_constructor_msgs/share/moveit_task_constructor_msgs/cmake/ament_cmake_export_libraries-extras.cmake
-- Installing: /home/kmw/trees_ws/install/moveit_task_constructor_msgs/share/moveit_task_constructor_msgs/cmake/ament_cmake_export_targets-extras.cmake
-- Installing: /home/kmw/trees_ws/install/moveit_task_constructor_msgs/share/moveit_task_constructor_msgs/cmake/rosidl_cmake_export_typesupport_targets-extras.cmake
-- Installing: /home/kmw/trees_ws/install/moveit_task_constructor_msgs/share/moveit_task_constructor_msgs/cmake/rosidl_cmake_export_typesupport_libraries-extras.cmake
-- Installing: /home/kmw/trees_ws/install/moveit_task_constructor_msgs/share/moveit_task_constructor_msgs/cmake/moveit_task_constructor_msgsConfig.cmake
-- Installing: /home/kmw/trees_ws/install/moveit_task_constructor_msgs/share/moveit_task_constructor_msgs/cmake/moveit_task_constructor_msgsConfig-version.cmake
-- Installing: /home/kmw/trees_ws/install/moveit_task_constructor_msgs/share/moveit_task_constructor_msgs/package.xml
