[0.315s] Invoking command in '/home/kmw/trees_ws/build/moveit_task_constructor_msgs': CMAKE_PREFIX_PATH=/opt/ros/humble CONDA_PROMPT_MODIFIER=(ros2_py310) /usr/bin/cmake --build /home/kmw/trees_ws/build/moveit_task_constructor_msgs -- -j8 -l8
[0.422s] [35m[1mConsolidate compiler generated dependencies of target moveit_task_constructor_msgs__rosidl_generator_c[0m
[0.422s] [  0%] Built target moveit_task_constructor_msgs__cpp
[0.426s] [  0%] Built target ament_cmake_python_copy_moveit_task_constructor_msgs
[0.426s] [ 12%] Built target moveit_task_constructor_msgs__rosidl_generator_c
[0.426s] [35m[1mConsolidate compiler generated dependencies of target moveit_task_constructor_msgs__rosidl_typesupport_cpp[0m
[0.426s] [35m[1mConsolidate compiler generated dependencies of target moveit_task_constructor_msgs__rosidl_typesupport_introspection_cpp[0m
[0.426s] [35m[1mConsolidate compiler generated dependencies of target moveit_task_constructor_msgs__rosidl_typesupport_fastrtps_cpp[0m
[0.451s] [35m[1mConsolidate compiler generated dependencies of target moveit_task_constructor_msgs__rosidl_typesupport_introspection_c[0m
[0.459s] [35m[1mConsolidate compiler generated dependencies of target moveit_task_constructor_msgs__rosidl_typesupport_c[0m
[0.459s] [35m[1mConsolidate compiler generated dependencies of target moveit_task_constructor_msgs__rosidl_typesupport_fastrtps_c[0m
[0.459s] [ 24%] Built target moveit_task_constructor_msgs__rosidl_typesupport_cpp
[0.459s] [ 35%] Built target moveit_task_constructor_msgs__rosidl_typesupport_fastrtps_cpp
[0.475s] [ 47%] Built target moveit_task_constructor_msgs__rosidl_typesupport_introspection_cpp
[0.493s] [ 59%] Built target moveit_task_constructor_msgs__rosidl_typesupport_introspection_c
[0.495s] [ 71%] Built target moveit_task_constructor_msgs__rosidl_typesupport_c
[0.497s] [ 83%] Built target moveit_task_constructor_msgs__rosidl_typesupport_fastrtps_c
[0.528s] [ 83%] Built target moveit_task_constructor_msgs
[0.560s] [ 84%] Built target moveit_task_constructor_msgs__py
[0.570s] [35m[1mConsolidate compiler generated dependencies of target moveit_task_constructor_msgs__rosidl_generator_py[0m
[0.594s] [ 95%] Built target moveit_task_constructor_msgs__rosidl_generator_py
[0.615s] [35m[1mConsolidate compiler generated dependencies of target moveit_task_constructor_msgs__rosidl_typesupport_introspection_c__pyext[0m
[0.617s] [35m[1mConsolidate compiler generated dependencies of target moveit_task_constructor_msgs__rosidl_typesupport_fastrtps_c__pyext[0m
[0.619s] [35m[1mConsolidate compiler generated dependencies of target moveit_task_constructor_msgs__rosidl_typesupport_c__pyext[0m
[0.640s] [ 99%] Built target moveit_task_constructor_msgs__rosidl_typesupport_introspection_c__pyext
[0.641s] [ 99%] Built target moveit_task_constructor_msgs__rosidl_typesupport_fastrtps_c__pyext
[0.641s] [100%] Built target moveit_task_constructor_msgs__rosidl_typesupport_c__pyext
[0.839s] running egg_info
[0.866s] writing moveit_task_constructor_msgs.egg-info/PKG-INFO
[0.867s] writing dependency_links to moveit_task_constructor_msgs.egg-info/dependency_links.txt
[0.867s] writing top-level names to moveit_task_constructor_msgs.egg-info/top_level.txt
[0.919s] reading manifest file 'moveit_task_constructor_msgs.egg-info/SOURCES.txt'
[0.921s] writing manifest file 'moveit_task_constructor_msgs.egg-info/SOURCES.txt'
[0.974s] [100%] Built target ament_cmake_python_build_moveit_task_constructor_msgs_egg
[1.126s] Invoked command in '/home/kmw/trees_ws/build/moveit_task_constructor_msgs' returned '0': CMAKE_PREFIX_PATH=/opt/ros/humble CONDA_PROMPT_MODIFIER=(ros2_py310) /usr/bin/cmake --build /home/kmw/trees_ws/build/moveit_task_constructor_msgs -- -j8 -l8
[1.128s] Invoking command in '/home/kmw/trees_ws/build/moveit_task_constructor_msgs': CMAKE_PREFIX_PATH=/opt/ros/humble CONDA_PROMPT_MODIFIER=(ros2_py310) /usr/bin/cmake --install /home/kmw/trees_ws/build/moveit_task_constructor_msgs
[1.161s] -- Install configuration: ""
[1.161s] -- Installing: /home/kmw/trees_ws/install/moveit_task_constructor_msgs/share/ament_index/resource_index/rosidl_interfaces/moveit_task_constructor_msgs
[1.162s] -- Installing: /home/kmw/trees_ws/install/moveit_task_constructor_msgs/include/moveit_task_constructor_msgs/moveit_task_constructor_msgs
[1.162s] -- Installing: /home/kmw/trees_ws/install/moveit_task_constructor_msgs/include/moveit_task_constructor_msgs/moveit_task_constructor_msgs/action
[1.162s] -- Installing: /home/kmw/trees_ws/install/moveit_task_constructor_msgs/include/moveit_task_constructor_msgs/moveit_task_constructor_msgs/action/execute_task_solution.h
[1.165s] -- Installing: /home/kmw/trees_ws/install/moveit_task_constructor_msgs/include/moveit_task_constructor_msgs/moveit_task_constructor_msgs/action/detail
[1.165s] -- Installing: /home/kmw/trees_ws/install/moveit_task_constructor_msgs/include/moveit_task_constructor_msgs/moveit_task_constructor_msgs/action/detail/execute_task_solution__functions.c
[1.166s] -- Installing: /home/kmw/trees_ws/install/moveit_task_constructor_msgs/include/moveit_task_constructor_msgs/moveit_task_constructor_msgs/action/detail/execute_task_solution__functions.h
[1.166s] -- Installing: /home/kmw/trees_ws/install/moveit_task_constructor_msgs/include/moveit_task_constructor_msgs/moveit_task_constructor_msgs/action/detail/execute_task_solution__struct.h
[1.166s] -- Installing: /home/kmw/trees_ws/install/moveit_task_constructor_msgs/include/moveit_task_constructor_msgs/moveit_task_constructor_msgs/action/detail/execute_task_solution__type_support.h
[1.167s] -- Installing: /home/kmw/trees_ws/install/moveit_task_constructor_msgs/include/moveit_task_constructor_msgs/moveit_task_constructor_msgs/srv
[1.167s] -- Installing: /home/kmw/trees_ws/install/moveit_task_constructor_msgs/include/moveit_task_constructor_msgs/moveit_task_constructor_msgs/srv/get_solution.h
[1.167s] -- Installing: /home/kmw/trees_ws/install/moveit_task_constructor_msgs/include/moveit_task_constructor_msgs/moveit_task_constructor_msgs/srv/detail
[1.167s] -- Installing: /home/kmw/trees_ws/install/moveit_task_constructor_msgs/include/moveit_task_constructor_msgs/moveit_task_constructor_msgs/srv/detail/get_solution__functions.c
[1.168s] -- Installing: /home/kmw/trees_ws/install/moveit_task_constructor_msgs/include/moveit_task_constructor_msgs/moveit_task_constructor_msgs/srv/detail/get_solution__type_support.h
[1.168s] -- Installing: /home/kmw/trees_ws/install/moveit_task_constructor_msgs/include/moveit_task_constructor_msgs/moveit_task_constructor_msgs/srv/detail/get_solution__struct.h
[1.168s] -- Installing: /home/kmw/trees_ws/install/moveit_task_constructor_msgs/include/moveit_task_constructor_msgs/moveit_task_constructor_msgs/srv/detail/get_solution__functions.h
[1.168s] -- Installing: /home/kmw/trees_ws/install/moveit_task_constructor_msgs/include/moveit_task_constructor_msgs/moveit_task_constructor_msgs/msg
[1.168s] -- Installing: /home/kmw/trees_ws/install/moveit_task_constructor_msgs/include/moveit_task_constructor_msgs/moveit_task_constructor_msgs/msg/task_description.h
[1.168s] -- Installing: /home/kmw/trees_ws/install/moveit_task_constructor_msgs/include/moveit_task_constructor_msgs/moveit_task_constructor_msgs/msg/stage_statistics.h
[1.169s] -- Installing: /home/kmw/trees_ws/install/moveit_task_constructor_msgs/include/moveit_task_constructor_msgs/moveit_task_constructor_msgs/msg/property.h
[1.170s] -- Installing: /home/kmw/trees_ws/install/moveit_task_constructor_msgs/include/moveit_task_constructor_msgs/moveit_task_constructor_msgs/msg/sub_solution.h
[1.171s] -- Installing: /home/kmw/trees_ws/install/moveit_task_constructor_msgs/include/moveit_task_constructor_msgs/moveit_task_constructor_msgs/msg/solution.h
[1.171s] -- Installing: /home/kmw/trees_ws/install/moveit_task_constructor_msgs/include/moveit_task_constructor_msgs/moveit_task_constructor_msgs/msg/rosidl_generator_c__visibility_control.h
[1.171s] -- Installing: /home/kmw/trees_ws/install/moveit_task_constructor_msgs/include/moveit_task_constructor_msgs/moveit_task_constructor_msgs/msg/task_statistics.h
[1.171s] -- Installing: /home/kmw/trees_ws/install/moveit_task_constructor_msgs/include/moveit_task_constructor_msgs/moveit_task_constructor_msgs/msg/solution_info.h
[1.171s] -- Installing: /home/kmw/trees_ws/install/moveit_task_constructor_msgs/include/moveit_task_constructor_msgs/moveit_task_constructor_msgs/msg/stage_description.h
[1.171s] -- Installing: /home/kmw/trees_ws/install/moveit_task_constructor_msgs/include/moveit_task_constructor_msgs/moveit_task_constructor_msgs/msg/detail
[1.172s] -- Installing: /home/kmw/trees_ws/install/moveit_task_constructor_msgs/include/moveit_task_constructor_msgs/moveit_task_constructor_msgs/msg/detail/solution_info__struct.h
[1.172s] -- Installing: /home/kmw/trees_ws/install/moveit_task_constructor_msgs/include/moveit_task_constructor_msgs/moveit_task_constructor_msgs/msg/detail/sub_solution__functions.h
[1.172s] -- Installing: /home/kmw/trees_ws/install/moveit_task_constructor_msgs/include/moveit_task_constructor_msgs/moveit_task_constructor_msgs/msg/detail/solution_info__type_support.h
[1.173s] -- Installing: /home/kmw/trees_ws/install/moveit_task_constructor_msgs/include/moveit_task_constructor_msgs/moveit_task_constructor_msgs/msg/detail/stage_statistics__struct.h
[1.173s] -- Installing: /home/kmw/trees_ws/install/moveit_task_constructor_msgs/include/moveit_task_constructor_msgs/moveit_task_constructor_msgs/msg/detail/sub_trajectory__functions.c
[1.174s] -- Installing: /home/kmw/trees_ws/install/moveit_task_constructor_msgs/include/moveit_task_constructor_msgs/moveit_task_constructor_msgs/msg/detail/trajectory_execution_info__struct.h
[1.174s] -- Installing: /home/kmw/trees_ws/install/moveit_task_constructor_msgs/include/moveit_task_constructor_msgs/moveit_task_constructor_msgs/msg/detail/property__functions.c
[1.174s] -- Installing: /home/kmw/trees_ws/install/moveit_task_constructor_msgs/include/moveit_task_constructor_msgs/moveit_task_constructor_msgs/msg/detail/trajectory_execution_info__type_support.h
[1.174s] -- Installing: /home/kmw/trees_ws/install/moveit_task_constructor_msgs/include/moveit_task_constructor_msgs/moveit_task_constructor_msgs/msg/detail/trajectory_execution_info__functions.c
[1.174s] -- Installing: /home/kmw/trees_ws/install/moveit_task_constructor_msgs/include/moveit_task_constructor_msgs/moveit_task_constructor_msgs/msg/detail/stage_description__struct.h
[1.174s] -- Installing: /home/kmw/trees_ws/install/moveit_task_constructor_msgs/include/moveit_task_constructor_msgs/moveit_task_constructor_msgs/msg/detail/stage_statistics__type_support.h
[1.174s] -- Installing: /home/kmw/trees_ws/install/moveit_task_constructor_msgs/include/moveit_task_constructor_msgs/moveit_task_constructor_msgs/msg/detail/task_description__functions.c
[1.174s] -- Installing: /home/kmw/trees_ws/install/moveit_task_constructor_msgs/include/moveit_task_constructor_msgs/moveit_task_constructor_msgs/msg/detail/task_statistics__functions.c
[1.175s] -- Installing: /home/kmw/trees_ws/install/moveit_task_constructor_msgs/include/moveit_task_constructor_msgs/moveit_task_constructor_msgs/msg/detail/stage_description__functions.h
[1.175s] -- Installing: /home/kmw/trees_ws/install/moveit_task_constructor_msgs/include/moveit_task_constructor_msgs/moveit_task_constructor_msgs/msg/detail/task_statistics__struct.h
[1.175s] -- Installing: /home/kmw/trees_ws/install/moveit_task_constructor_msgs/include/moveit_task_constructor_msgs/moveit_task_constructor_msgs/msg/detail/solution_info__functions.h
[1.175s] -- Installing: /home/kmw/trees_ws/install/moveit_task_constructor_msgs/include/moveit_task_constructor_msgs/moveit_task_constructor_msgs/msg/detail/property__type_support.h
[1.175s] -- Installing: /home/kmw/trees_ws/install/moveit_task_constructor_msgs/include/moveit_task_constructor_msgs/moveit_task_constructor_msgs/msg/detail/solution__functions.c
[1.175s] -- Installing: /home/kmw/trees_ws/install/moveit_task_constructor_msgs/include/moveit_task_constructor_msgs/moveit_task_constructor_msgs/msg/detail/solution__struct.h
[1.175s] -- Installing: /home/kmw/trees_ws/install/moveit_task_constructor_msgs/include/moveit_task_constructor_msgs/moveit_task_constructor_msgs/msg/detail/task_statistics__functions.h
[1.175s] -- Installing: /home/kmw/trees_ws/install/moveit_task_constructor_msgs/include/moveit_task_constructor_msgs/moveit_task_constructor_msgs/msg/detail/sub_trajectory__functions.h
[1.175s] -- Installing: /home/kmw/trees_ws/install/moveit_task_constructor_msgs/include/moveit_task_constructor_msgs/moveit_task_constructor_msgs/msg/detail/property__functions.h
[1.176s] -- Installing: /home/kmw/trees_ws/install/moveit_task_constructor_msgs/include/moveit_task_constructor_msgs/moveit_task_constructor_msgs/msg/detail/task_statistics__type_support.h
[1.176s] -- Installing: /home/kmw/trees_ws/install/moveit_task_constructor_msgs/include/moveit_task_constructor_msgs/moveit_task_constructor_msgs/msg/detail/sub_solution__type_support.h
[1.176s] -- Installing: /home/kmw/trees_ws/install/moveit_task_constructor_msgs/include/moveit_task_constructor_msgs/moveit_task_constructor_msgs/msg/detail/trajectory_execution_info__functions.h
[1.176s] -- Installing: /home/kmw/trees_ws/install/moveit_task_constructor_msgs/include/moveit_task_constructor_msgs/moveit_task_constructor_msgs/msg/detail/task_description__type_support.h
[1.176s] -- Installing: /home/kmw/trees_ws/install/moveit_task_constructor_msgs/include/moveit_task_constructor_msgs/moveit_task_constructor_msgs/msg/detail/stage_statistics__functions.c
[1.176s] -- Installing: /home/kmw/trees_ws/install/moveit_task_constructor_msgs/include/moveit_task_constructor_msgs/moveit_task_constructor_msgs/msg/detail/sub_trajectory__type_support.h
[1.176s] -- Installing: /home/kmw/trees_ws/install/moveit_task_constructor_msgs/include/moveit_task_constructor_msgs/moveit_task_constructor_msgs/msg/detail/solution__type_support.h
[1.177s] -- Installing: /home/kmw/trees_ws/install/moveit_task_constructor_msgs/include/moveit_task_constructor_msgs/moveit_task_constructor_msgs/msg/detail/sub_solution__struct.h
[1.177s] -- Installing: /home/kmw/trees_ws/install/moveit_task_constructor_msgs/include/moveit_task_constructor_msgs/moveit_task_constructor_msgs/msg/detail/stage_description__functions.c
[1.177s] -- Installing: /home/kmw/trees_ws/install/moveit_task_constructor_msgs/include/moveit_task_constructor_msgs/moveit_task_constructor_msgs/msg/detail/sub_trajectory__struct.h
[1.177s] -- Installing: /home/kmw/trees_ws/install/moveit_task_constructor_msgs/include/moveit_task_constructor_msgs/moveit_task_constructor_msgs/msg/detail/stage_description__type_support.h
[1.177s] -- Installing: /home/kmw/trees_ws/install/moveit_task_constructor_msgs/include/moveit_task_constructor_msgs/moveit_task_constructor_msgs/msg/detail/solution_info__functions.c
[1.177s] -- Installing: /home/kmw/trees_ws/install/moveit_task_constructor_msgs/include/moveit_task_constructor_msgs/moveit_task_constructor_msgs/msg/detail/property__struct.h
[1.178s] -- Installing: /home/kmw/trees_ws/install/moveit_task_constructor_msgs/include/moveit_task_constructor_msgs/moveit_task_constructor_msgs/msg/detail/task_description__struct.h
[1.178s] -- Installing: /home/kmw/trees_ws/install/moveit_task_constructor_msgs/include/moveit_task_constructor_msgs/moveit_task_constructor_msgs/msg/detail/sub_solution__functions.c
[1.178s] -- Installing: /home/kmw/trees_ws/install/moveit_task_constructor_msgs/include/moveit_task_constructor_msgs/moveit_task_constructor_msgs/msg/detail/solution__functions.h
[1.178s] -- Installing: /home/kmw/trees_ws/install/moveit_task_constructor_msgs/include/moveit_task_constructor_msgs/moveit_task_constructor_msgs/msg/detail/stage_statistics__functions.h
[1.178s] -- Installing: /home/kmw/trees_ws/install/moveit_task_constructor_msgs/include/moveit_task_constructor_msgs/moveit_task_constructor_msgs/msg/detail/task_description__functions.h
[1.178s] -- Installing: /home/kmw/trees_ws/install/moveit_task_constructor_msgs/include/moveit_task_constructor_msgs/moveit_task_constructor_msgs/msg/sub_trajectory.h
[1.179s] -- Installing: /home/kmw/trees_ws/install/moveit_task_constructor_msgs/include/moveit_task_constructor_msgs/moveit_task_constructor_msgs/msg/trajectory_execution_info.h
[1.179s] -- Installing: /home/kmw/trees_ws/install/moveit_task_constructor_msgs/share/moveit_task_constructor_msgs/environment/library_path.sh
[1.179s] -- Installing: /home/kmw/trees_ws/install/moveit_task_constructor_msgs/share/moveit_task_constructor_msgs/environment/library_path.dsv
[1.179s] -- Installing: /home/kmw/trees_ws/install/moveit_task_constructor_msgs/lib/libmoveit_task_constructor_msgs__rosidl_generator_c.so
[1.179s] -- Set runtime path of "/home/kmw/trees_ws/install/moveit_task_constructor_msgs/lib/libmoveit_task_constructor_msgs__rosidl_generator_c.so" to ""
[1.179s] -- Up-to-date: /home/kmw/trees_ws/install/moveit_task_constructor_msgs/include/moveit_task_constructor_msgs/moveit_task_constructor_msgs
[1.180s] -- Up-to-date: /home/kmw/trees_ws/install/moveit_task_constructor_msgs/include/moveit_task_constructor_msgs/moveit_task_constructor_msgs/action
[1.180s] -- Up-to-date: /home/kmw/trees_ws/install/moveit_task_constructor_msgs/include/moveit_task_constructor_msgs/moveit_task_constructor_msgs/action/detail
[1.180s] -- Installing: /home/kmw/trees_ws/install/moveit_task_constructor_msgs/include/moveit_task_constructor_msgs/moveit_task_constructor_msgs/action/detail/execute_task_solution__rosidl_typesupport_fastrtps_c.h
[1.180s] -- Up-to-date: /home/kmw/trees_ws/install/moveit_task_constructor_msgs/include/moveit_task_constructor_msgs/moveit_task_constructor_msgs/srv
[1.180s] -- Up-to-date: /home/kmw/trees_ws/install/moveit_task_constructor_msgs/include/moveit_task_constructor_msgs/moveit_task_constructor_msgs/srv/detail
[1.180s] -- Installing: /home/kmw/trees_ws/install/moveit_task_constructor_msgs/include/moveit_task_constructor_msgs/moveit_task_constructor_msgs/srv/detail/get_solution__rosidl_typesupport_fastrtps_c.h
[1.180s] -- Up-to-date: /home/kmw/trees_ws/install/moveit_task_constructor_msgs/include/moveit_task_constructor_msgs/moveit_task_constructor_msgs/msg
[1.181s] -- Up-to-date: /home/kmw/trees_ws/install/moveit_task_constructor_msgs/include/moveit_task_constructor_msgs/moveit_task_constructor_msgs/msg/detail
[1.181s] -- Installing: /home/kmw/trees_ws/install/moveit_task_constructor_msgs/include/moveit_task_constructor_msgs/moveit_task_constructor_msgs/msg/detail/task_statistics__rosidl_typesupport_fastrtps_c.h
[1.181s] -- Installing: /home/kmw/trees_ws/install/moveit_task_constructor_msgs/include/moveit_task_constructor_msgs/moveit_task_constructor_msgs/msg/detail/trajectory_execution_info__rosidl_typesupport_fastrtps_c.h
[1.181s] -- Installing: /home/kmw/trees_ws/install/moveit_task_constructor_msgs/include/moveit_task_constructor_msgs/moveit_task_constructor_msgs/msg/detail/solution__rosidl_typesupport_fastrtps_c.h
[1.181s] -- Installing: /home/kmw/trees_ws/install/moveit_task_constructor_msgs/include/moveit_task_constructor_msgs/moveit_task_constructor_msgs/msg/detail/stage_description__rosidl_typesupport_fastrtps_c.h
[1.181s] -- Installing: /home/kmw/trees_ws/install/moveit_task_constructor_msgs/include/moveit_task_constructor_msgs/moveit_task_constructor_msgs/msg/detail/property__rosidl_typesupport_fastrtps_c.h
[1.181s] -- Installing: /home/kmw/trees_ws/install/moveit_task_constructor_msgs/include/moveit_task_constructor_msgs/moveit_task_constructor_msgs/msg/detail/sub_solution__rosidl_typesupport_fastrtps_c.h
[1.182s] -- Installing: /home/kmw/trees_ws/install/moveit_task_constructor_msgs/include/moveit_task_constructor_msgs/moveit_task_constructor_msgs/msg/detail/sub_trajectory__rosidl_typesupport_fastrtps_c.h
[1.182s] -- Installing: /home/kmw/trees_ws/install/moveit_task_constructor_msgs/include/moveit_task_constructor_msgs/moveit_task_constructor_msgs/msg/detail/solution_info__rosidl_typesupport_fastrtps_c.h
[1.182s] -- Installing: /home/kmw/trees_ws/install/moveit_task_constructor_msgs/include/moveit_task_constructor_msgs/moveit_task_constructor_msgs/msg/detail/stage_statistics__rosidl_typesupport_fastrtps_c.h
[1.182s] -- Installing: /home/kmw/trees_ws/install/moveit_task_constructor_msgs/include/moveit_task_constructor_msgs/moveit_task_constructor_msgs/msg/detail/task_description__rosidl_typesupport_fastrtps_c.h
[1.182s] -- Installing: /home/kmw/trees_ws/install/moveit_task_constructor_msgs/include/moveit_task_constructor_msgs/moveit_task_constructor_msgs/msg/rosidl_typesupport_fastrtps_c__visibility_control.h
[1.182s] -- Installing: /home/kmw/trees_ws/install/moveit_task_constructor_msgs/lib/libmoveit_task_constructor_msgs__rosidl_typesupport_fastrtps_c.so
[1.182s] -- Set runtime path of "/home/kmw/trees_ws/install/moveit_task_constructor_msgs/lib/libmoveit_task_constructor_msgs__rosidl_typesupport_fastrtps_c.so" to ""
[1.183s] -- Up-to-date: /home/kmw/trees_ws/install/moveit_task_constructor_msgs/include/moveit_task_constructor_msgs/moveit_task_constructor_msgs
[1.183s] -- Up-to-date: /home/kmw/trees_ws/install/moveit_task_constructor_msgs/include/moveit_task_constructor_msgs/moveit_task_constructor_msgs/action
[1.183s] -- Up-to-date: /home/kmw/trees_ws/install/moveit_task_constructor_msgs/include/moveit_task_constructor_msgs/moveit_task_constructor_msgs/action/detail
[1.183s] -- Installing: /home/kmw/trees_ws/install/moveit_task_constructor_msgs/include/moveit_task_constructor_msgs/moveit_task_constructor_msgs/action/detail/execute_task_solution__builder.hpp
[1.184s] -- Installing: /home/kmw/trees_ws/install/moveit_task_constructor_msgs/include/moveit_task_constructor_msgs/moveit_task_constructor_msgs/action/detail/execute_task_solution__traits.hpp
[1.185s] -- Installing: /home/kmw/trees_ws/install/moveit_task_constructor_msgs/include/moveit_task_constructor_msgs/moveit_task_constructor_msgs/action/detail/execute_task_solution__struct.hpp
[1.185s] -- Installing: /home/kmw/trees_ws/install/moveit_task_constructor_msgs/include/moveit_task_constructor_msgs/moveit_task_constructor_msgs/action/execute_task_solution.hpp
[1.186s] -- Up-to-date: /home/kmw/trees_ws/install/moveit_task_constructor_msgs/include/moveit_task_constructor_msgs/moveit_task_constructor_msgs/srv
[1.186s] -- Installing: /home/kmw/trees_ws/install/moveit_task_constructor_msgs/include/moveit_task_constructor_msgs/moveit_task_constructor_msgs/srv/get_solution.hpp
[1.187s] -- Up-to-date: /home/kmw/trees_ws/install/moveit_task_constructor_msgs/include/moveit_task_constructor_msgs/moveit_task_constructor_msgs/srv/detail
[1.187s] -- Installing: /home/kmw/trees_ws/install/moveit_task_constructor_msgs/include/moveit_task_constructor_msgs/moveit_task_constructor_msgs/srv/detail/get_solution__struct.hpp
[1.187s] -- Installing: /home/kmw/trees_ws/install/moveit_task_constructor_msgs/include/moveit_task_constructor_msgs/moveit_task_constructor_msgs/srv/detail/get_solution__builder.hpp
[1.187s] -- Installing: /home/kmw/trees_ws/install/moveit_task_constructor_msgs/include/moveit_task_constructor_msgs/moveit_task_constructor_msgs/srv/detail/get_solution__traits.hpp
[1.187s] -- Up-to-date: /home/kmw/trees_ws/install/moveit_task_constructor_msgs/include/moveit_task_constructor_msgs/moveit_task_constructor_msgs/msg
[1.187s] -- Installing: /home/kmw/trees_ws/install/moveit_task_constructor_msgs/include/moveit_task_constructor_msgs/moveit_task_constructor_msgs/msg/trajectory_execution_info.hpp
[1.187s] -- Installing: /home/kmw/trees_ws/install/moveit_task_constructor_msgs/include/moveit_task_constructor_msgs/moveit_task_constructor_msgs/msg/sub_trajectory.hpp
[1.187s] -- Installing: /home/kmw/trees_ws/install/moveit_task_constructor_msgs/include/moveit_task_constructor_msgs/moveit_task_constructor_msgs/msg/task_description.hpp
[1.187s] -- Installing: /home/kmw/trees_ws/install/moveit_task_constructor_msgs/include/moveit_task_constructor_msgs/moveit_task_constructor_msgs/msg/solution.hpp
[1.187s] -- Installing: /home/kmw/trees_ws/install/moveit_task_constructor_msgs/include/moveit_task_constructor_msgs/moveit_task_constructor_msgs/msg/task_statistics.hpp
[1.187s] -- Installing: /home/kmw/trees_ws/install/moveit_task_constructor_msgs/include/moveit_task_constructor_msgs/moveit_task_constructor_msgs/msg/solution_info.hpp
[1.187s] -- Installing: /home/kmw/trees_ws/install/moveit_task_constructor_msgs/include/moveit_task_constructor_msgs/moveit_task_constructor_msgs/msg/property.hpp
[1.187s] -- Installing: /home/kmw/trees_ws/install/moveit_task_constructor_msgs/include/moveit_task_constructor_msgs/moveit_task_constructor_msgs/msg/stage_description.hpp
[1.187s] -- Up-to-date: /home/kmw/trees_ws/install/moveit_task_constructor_msgs/include/moveit_task_constructor_msgs/moveit_task_constructor_msgs/msg/detail
[1.188s] -- Installing: /home/kmw/trees_ws/install/moveit_task_constructor_msgs/include/moveit_task_constructor_msgs/moveit_task_constructor_msgs/msg/detail/property__builder.hpp
[1.188s] -- Installing: /home/kmw/trees_ws/install/moveit_task_constructor_msgs/include/moveit_task_constructor_msgs/moveit_task_constructor_msgs/msg/detail/task_description__struct.hpp
[1.188s] -- Installing: /home/kmw/trees_ws/install/moveit_task_constructor_msgs/include/moveit_task_constructor_msgs/moveit_task_constructor_msgs/msg/detail/property__struct.hpp
[1.188s] -- Installing: /home/kmw/trees_ws/install/moveit_task_constructor_msgs/include/moveit_task_constructor_msgs/moveit_task_constructor_msgs/msg/detail/solution_info__builder.hpp
[1.188s] -- Installing: /home/kmw/trees_ws/install/moveit_task_constructor_msgs/include/moveit_task_constructor_msgs/moveit_task_constructor_msgs/msg/detail/sub_trajectory__struct.hpp
[1.188s] -- Installing: /home/kmw/trees_ws/install/moveit_task_constructor_msgs/include/moveit_task_constructor_msgs/moveit_task_constructor_msgs/msg/detail/sub_trajectory__traits.hpp
[1.188s] -- Installing: /home/kmw/trees_ws/install/moveit_task_constructor_msgs/include/moveit_task_constructor_msgs/moveit_task_constructor_msgs/msg/detail/trajectory_execution_info__builder.hpp
[1.188s] -- Installing: /home/kmw/trees_ws/install/moveit_task_constructor_msgs/include/moveit_task_constructor_msgs/moveit_task_constructor_msgs/msg/detail/solution_info__traits.hpp
[1.188s] -- Installing: /home/kmw/trees_ws/install/moveit_task_constructor_msgs/include/moveit_task_constructor_msgs/moveit_task_constructor_msgs/msg/detail/sub_solution__traits.hpp
[1.189s] -- Installing: /home/kmw/trees_ws/install/moveit_task_constructor_msgs/include/moveit_task_constructor_msgs/moveit_task_constructor_msgs/msg/detail/stage_statistics__struct.hpp
[1.190s] -- Installing: /home/kmw/trees_ws/install/moveit_task_constructor_msgs/include/moveit_task_constructor_msgs/moveit_task_constructor_msgs/msg/detail/task_description__builder.hpp
[1.190s] -- Installing: /home/kmw/trees_ws/install/moveit_task_constructor_msgs/include/moveit_task_constructor_msgs/moveit_task_constructor_msgs/msg/detail/stage_description__struct.hpp
[1.190s] -- Installing: /home/kmw/trees_ws/install/moveit_task_constructor_msgs/include/moveit_task_constructor_msgs/moveit_task_constructor_msgs/msg/detail/trajectory_execution_info__traits.hpp
[1.190s] -- Installing: /home/kmw/trees_ws/install/moveit_task_constructor_msgs/include/moveit_task_constructor_msgs/moveit_task_constructor_msgs/msg/detail/trajectory_execution_info__struct.hpp
[1.190s] -- Installing: /home/kmw/trees_ws/install/moveit_task_constructor_msgs/include/moveit_task_constructor_msgs/moveit_task_constructor_msgs/msg/detail/solution__struct.hpp
[1.190s] -- Installing: /home/kmw/trees_ws/install/moveit_task_constructor_msgs/include/moveit_task_constructor_msgs/moveit_task_constructor_msgs/msg/detail/solution__builder.hpp
[1.190s] -- Installing: /home/kmw/trees_ws/install/moveit_task_constructor_msgs/include/moveit_task_constructor_msgs/moveit_task_constructor_msgs/msg/detail/task_statistics__builder.hpp
[1.190s] -- Installing: /home/kmw/trees_ws/install/moveit_task_constructor_msgs/include/moveit_task_constructor_msgs/moveit_task_constructor_msgs/msg/detail/solution_info__struct.hpp
[1.190s] -- Installing: /home/kmw/trees_ws/install/moveit_task_constructor_msgs/include/moveit_task_constructor_msgs/moveit_task_constructor_msgs/msg/detail/sub_solution__struct.hpp
[1.191s] -- Installing: /home/kmw/trees_ws/install/moveit_task_constructor_msgs/include/moveit_task_constructor_msgs/moveit_task_constructor_msgs/msg/detail/stage_description__traits.hpp
[1.191s] -- Installing: /home/kmw/trees_ws/install/moveit_task_constructor_msgs/include/moveit_task_constructor_msgs/moveit_task_constructor_msgs/msg/detail/stage_description__builder.hpp
[1.191s] -- Installing: /home/kmw/trees_ws/install/moveit_task_constructor_msgs/include/moveit_task_constructor_msgs/moveit_task_constructor_msgs/msg/detail/stage_statistics__builder.hpp
[1.192s] -- Installing: /home/kmw/trees_ws/install/moveit_task_constructor_msgs/include/moveit_task_constructor_msgs/moveit_task_constructor_msgs/msg/detail/task_statistics__struct.hpp
[1.192s] -- Installing: /home/kmw/trees_ws/install/moveit_task_constructor_msgs/include/moveit_task_constructor_msgs/moveit_task_constructor_msgs/msg/detail/sub_solution__builder.hpp
[1.192s] -- Installing: /home/kmw/trees_ws/install/moveit_task_constructor_msgs/include/moveit_task_constructor_msgs/moveit_task_constructor_msgs/msg/detail/property__traits.hpp
[1.192s] -- Installing: /home/kmw/trees_ws/install/moveit_task_constructor_msgs/include/moveit_task_constructor_msgs/moveit_task_constructor_msgs/msg/detail/solution__traits.hpp
[1.192s] -- Installing: /home/kmw/trees_ws/install/moveit_task_constructor_msgs/include/moveit_task_constructor_msgs/moveit_task_constructor_msgs/msg/detail/stage_statistics__traits.hpp
[1.192s] -- Installing: /home/kmw/trees_ws/install/moveit_task_constructor_msgs/include/moveit_task_constructor_msgs/moveit_task_constructor_msgs/msg/detail/task_description__traits.hpp
[1.192s] -- Installing: /home/kmw/trees_ws/install/moveit_task_constructor_msgs/include/moveit_task_constructor_msgs/moveit_task_constructor_msgs/msg/detail/task_statistics__traits.hpp
[1.192s] -- Installing: /home/kmw/trees_ws/install/moveit_task_constructor_msgs/include/moveit_task_constructor_msgs/moveit_task_constructor_msgs/msg/detail/sub_trajectory__builder.hpp
[1.192s] -- Installing: /home/kmw/trees_ws/install/moveit_task_constructor_msgs/include/moveit_task_constructor_msgs/moveit_task_constructor_msgs/msg/sub_solution.hpp
[1.192s] -- Installing: /home/kmw/trees_ws/install/moveit_task_constructor_msgs/include/moveit_task_constructor_msgs/moveit_task_constructor_msgs/msg/stage_statistics.hpp
[1.192s] -- Up-to-date: /home/kmw/trees_ws/install/moveit_task_constructor_msgs/include/moveit_task_constructor_msgs/moveit_task_constructor_msgs
[1.192s] -- Up-to-date: /home/kmw/trees_ws/install/moveit_task_constructor_msgs/include/moveit_task_constructor_msgs/moveit_task_constructor_msgs/action
[1.193s] -- Up-to-date: /home/kmw/trees_ws/install/moveit_task_constructor_msgs/include/moveit_task_constructor_msgs/moveit_task_constructor_msgs/action/detail
[1.193s] -- Installing: /home/kmw/trees_ws/install/moveit_task_constructor_msgs/include/moveit_task_constructor_msgs/moveit_task_constructor_msgs/action/detail/execute_task_solution__rosidl_typesupport_fastrtps_cpp.hpp
[1.193s] -- Installing: /home/kmw/trees_ws/install/moveit_task_constructor_msgs/include/moveit_task_constructor_msgs/moveit_task_constructor_msgs/action/detail/dds_fastrtps
[1.193s] -- Up-to-date: /home/kmw/trees_ws/install/moveit_task_constructor_msgs/include/moveit_task_constructor_msgs/moveit_task_constructor_msgs/srv
[1.193s] -- Up-to-date: /home/kmw/trees_ws/install/moveit_task_constructor_msgs/include/moveit_task_constructor_msgs/moveit_task_constructor_msgs/srv/detail
[1.193s] -- Installing: /home/kmw/trees_ws/install/moveit_task_constructor_msgs/include/moveit_task_constructor_msgs/moveit_task_constructor_msgs/srv/detail/dds_fastrtps
[1.194s] -- Installing: /home/kmw/trees_ws/install/moveit_task_constructor_msgs/include/moveit_task_constructor_msgs/moveit_task_constructor_msgs/srv/detail/get_solution__rosidl_typesupport_fastrtps_cpp.hpp
[1.194s] -- Up-to-date: /home/kmw/trees_ws/install/moveit_task_constructor_msgs/include/moveit_task_constructor_msgs/moveit_task_constructor_msgs/msg
[1.194s] -- Up-to-date: /home/kmw/trees_ws/install/moveit_task_constructor_msgs/include/moveit_task_constructor_msgs/moveit_task_constructor_msgs/msg/detail
[1.194s] -- Installing: /home/kmw/trees_ws/install/moveit_task_constructor_msgs/include/moveit_task_constructor_msgs/moveit_task_constructor_msgs/msg/detail/stage_statistics__rosidl_typesupport_fastrtps_cpp.hpp
[1.195s] -- Installing: /home/kmw/trees_ws/install/moveit_task_constructor_msgs/include/moveit_task_constructor_msgs/moveit_task_constructor_msgs/msg/detail/solution_info__rosidl_typesupport_fastrtps_cpp.hpp
[1.195s] -- Installing: /home/kmw/trees_ws/install/moveit_task_constructor_msgs/include/moveit_task_constructor_msgs/moveit_task_constructor_msgs/msg/detail/dds_fastrtps
[1.195s] -- Installing: /home/kmw/trees_ws/install/moveit_task_constructor_msgs/include/moveit_task_constructor_msgs/moveit_task_constructor_msgs/msg/detail/task_statistics__rosidl_typesupport_fastrtps_cpp.hpp
[1.195s] -- Installing: /home/kmw/trees_ws/install/moveit_task_constructor_msgs/include/moveit_task_constructor_msgs/moveit_task_constructor_msgs/msg/detail/property__rosidl_typesupport_fastrtps_cpp.hpp
[1.195s] -- Installing: /home/kmw/trees_ws/install/moveit_task_constructor_msgs/include/moveit_task_constructor_msgs/moveit_task_constructor_msgs/msg/detail/task_description__rosidl_typesupport_fastrtps_cpp.hpp
[1.195s] -- Installing: /home/kmw/trees_ws/install/moveit_task_constructor_msgs/include/moveit_task_constructor_msgs/moveit_task_constructor_msgs/msg/detail/solution__rosidl_typesupport_fastrtps_cpp.hpp
[1.195s] -- Installing: /home/kmw/trees_ws/install/moveit_task_constructor_msgs/include/moveit_task_constructor_msgs/moveit_task_constructor_msgs/msg/detail/stage_description__rosidl_typesupport_fastrtps_cpp.hpp
[1.195s] -- Installing: /home/kmw/trees_ws/install/moveit_task_constructor_msgs/include/moveit_task_constructor_msgs/moveit_task_constructor_msgs/msg/detail/sub_trajectory__rosidl_typesupport_fastrtps_cpp.hpp
[1.195s] -- Installing: /home/kmw/trees_ws/install/moveit_task_constructor_msgs/include/moveit_task_constructor_msgs/moveit_task_constructor_msgs/msg/detail/trajectory_execution_info__rosidl_typesupport_fastrtps_cpp.hpp
[1.195s] -- Installing: /home/kmw/trees_ws/install/moveit_task_constructor_msgs/include/moveit_task_constructor_msgs/moveit_task_constructor_msgs/msg/detail/sub_solution__rosidl_typesupport_fastrtps_cpp.hpp
[1.196s] -- Installing: /home/kmw/trees_ws/install/moveit_task_constructor_msgs/include/moveit_task_constructor_msgs/moveit_task_constructor_msgs/msg/rosidl_typesupport_fastrtps_cpp__visibility_control.h
[1.196s] -- Installing: /home/kmw/trees_ws/install/moveit_task_constructor_msgs/lib/libmoveit_task_constructor_msgs__rosidl_typesupport_fastrtps_cpp.so
[1.198s] -- Set runtime path of "/home/kmw/trees_ws/install/moveit_task_constructor_msgs/lib/libmoveit_task_constructor_msgs__rosidl_typesupport_fastrtps_cpp.so" to ""
[1.199s] -- Up-to-date: /home/kmw/trees_ws/install/moveit_task_constructor_msgs/include/moveit_task_constructor_msgs/moveit_task_constructor_msgs
[1.199s] -- Up-to-date: /home/kmw/trees_ws/install/moveit_task_constructor_msgs/include/moveit_task_constructor_msgs/moveit_task_constructor_msgs/action
[1.199s] -- Up-to-date: /home/kmw/trees_ws/install/moveit_task_constructor_msgs/include/moveit_task_constructor_msgs/moveit_task_constructor_msgs/action/detail
[1.199s] -- Installing: /home/kmw/trees_ws/install/moveit_task_constructor_msgs/include/moveit_task_constructor_msgs/moveit_task_constructor_msgs/action/detail/execute_task_solution__type_support.c
[1.199s] -- Installing: /home/kmw/trees_ws/install/moveit_task_constructor_msgs/include/moveit_task_constructor_msgs/moveit_task_constructor_msgs/action/detail/execute_task_solution__rosidl_typesupport_introspection_c.h
[1.199s] -- Up-to-date: /home/kmw/trees_ws/install/moveit_task_constructor_msgs/include/moveit_task_constructor_msgs/moveit_task_constructor_msgs/srv
[1.199s] -- Up-to-date: /home/kmw/trees_ws/install/moveit_task_constructor_msgs/include/moveit_task_constructor_msgs/moveit_task_constructor_msgs/srv/detail
[1.199s] -- Installing: /home/kmw/trees_ws/install/moveit_task_constructor_msgs/include/moveit_task_constructor_msgs/moveit_task_constructor_msgs/srv/detail/get_solution__rosidl_typesupport_introspection_c.h
[1.202s] -- Installing: /home/kmw/trees_ws/install/moveit_task_constructor_msgs/include/moveit_task_constructor_msgs/moveit_task_constructor_msgs/srv/detail/get_solution__type_support.c
[1.203s] -- Up-to-date: /home/kmw/trees_ws/install/moveit_task_constructor_msgs/include/moveit_task_constructor_msgs/moveit_task_constructor_msgs/msg
[1.203s] -- Installing: /home/kmw/trees_ws/install/moveit_task_constructor_msgs/include/moveit_task_constructor_msgs/moveit_task_constructor_msgs/msg/rosidl_typesupport_introspection_c__visibility_control.h
[1.203s] -- Up-to-date: /home/kmw/trees_ws/install/moveit_task_constructor_msgs/include/moveit_task_constructor_msgs/moveit_task_constructor_msgs/msg/detail
[1.204s] -- Installing: /home/kmw/trees_ws/install/moveit_task_constructor_msgs/include/moveit_task_constructor_msgs/moveit_task_constructor_msgs/msg/detail/sub_solution__rosidl_typesupport_introspection_c.h
[1.204s] -- Installing: /home/kmw/trees_ws/install/moveit_task_constructor_msgs/include/moveit_task_constructor_msgs/moveit_task_constructor_msgs/msg/detail/property__type_support.c
[1.204s] -- Installing: /home/kmw/trees_ws/install/moveit_task_constructor_msgs/include/moveit_task_constructor_msgs/moveit_task_constructor_msgs/msg/detail/stage_description__type_support.c
[1.205s] -- Installing: /home/kmw/trees_ws/install/moveit_task_constructor_msgs/include/moveit_task_constructor_msgs/moveit_task_constructor_msgs/msg/detail/stage_description__rosidl_typesupport_introspection_c.h
[1.205s] -- Installing: /home/kmw/trees_ws/install/moveit_task_constructor_msgs/include/moveit_task_constructor_msgs/moveit_task_constructor_msgs/msg/detail/task_statistics__type_support.c
[1.206s] -- Installing: /home/kmw/trees_ws/install/moveit_task_constructor_msgs/include/moveit_task_constructor_msgs/moveit_task_constructor_msgs/msg/detail/sub_trajectory__rosidl_typesupport_introspection_c.h
[1.206s] -- Installing: /home/kmw/trees_ws/install/moveit_task_constructor_msgs/include/moveit_task_constructor_msgs/moveit_task_constructor_msgs/msg/detail/trajectory_execution_info__type_support.c
[1.206s] -- Installing: /home/kmw/trees_ws/install/moveit_task_constructor_msgs/include/moveit_task_constructor_msgs/moveit_task_constructor_msgs/msg/detail/task_description__rosidl_typesupport_introspection_c.h
[1.206s] -- Installing: /home/kmw/trees_ws/install/moveit_task_constructor_msgs/include/moveit_task_constructor_msgs/moveit_task_constructor_msgs/msg/detail/solution__type_support.c
[1.206s] -- Installing: /home/kmw/trees_ws/install/moveit_task_constructor_msgs/include/moveit_task_constructor_msgs/moveit_task_constructor_msgs/msg/detail/solution_info__type_support.c
[1.207s] -- Installing: /home/kmw/trees_ws/install/moveit_task_constructor_msgs/include/moveit_task_constructor_msgs/moveit_task_constructor_msgs/msg/detail/trajectory_execution_info__rosidl_typesupport_introspection_c.h
[1.207s] -- Installing: /home/kmw/trees_ws/install/moveit_task_constructor_msgs/include/moveit_task_constructor_msgs/moveit_task_constructor_msgs/msg/detail/task_description__type_support.c
[1.209s] -- Installing: /home/kmw/trees_ws/install/moveit_task_constructor_msgs/include/moveit_task_constructor_msgs/moveit_task_constructor_msgs/msg/detail/stage_statistics__type_support.c
[1.209s] -- Installing: /home/kmw/trees_ws/install/moveit_task_constructor_msgs/include/moveit_task_constructor_msgs/moveit_task_constructor_msgs/msg/detail/task_statistics__rosidl_typesupport_introspection_c.h
[1.210s] -- Installing: /home/kmw/trees_ws/install/moveit_task_constructor_msgs/include/moveit_task_constructor_msgs/moveit_task_constructor_msgs/msg/detail/solution_info__rosidl_typesupport_introspection_c.h
[1.210s] -- Installing: /home/kmw/trees_ws/install/moveit_task_constructor_msgs/include/moveit_task_constructor_msgs/moveit_task_constructor_msgs/msg/detail/stage_statistics__rosidl_typesupport_introspection_c.h
[1.210s] -- Installing: /home/kmw/trees_ws/install/moveit_task_constructor_msgs/include/moveit_task_constructor_msgs/moveit_task_constructor_msgs/msg/detail/sub_solution__type_support.c
[1.210s] -- Installing: /home/kmw/trees_ws/install/moveit_task_constructor_msgs/include/moveit_task_constructor_msgs/moveit_task_constructor_msgs/msg/detail/property__rosidl_typesupport_introspection_c.h
[1.211s] -- Installing: /home/kmw/trees_ws/install/moveit_task_constructor_msgs/include/moveit_task_constructor_msgs/moveit_task_constructor_msgs/msg/detail/solution__rosidl_typesupport_introspection_c.h
[1.211s] -- Installing: /home/kmw/trees_ws/install/moveit_task_constructor_msgs/include/moveit_task_constructor_msgs/moveit_task_constructor_msgs/msg/detail/sub_trajectory__type_support.c
[1.211s] -- Installing: /home/kmw/trees_ws/install/moveit_task_constructor_msgs/lib/libmoveit_task_constructor_msgs__rosidl_typesupport_introspection_c.so
[1.211s] -- Set runtime path of "/home/kmw/trees_ws/install/moveit_task_constructor_msgs/lib/libmoveit_task_constructor_msgs__rosidl_typesupport_introspection_c.so" to ""
[1.211s] -- Installing: /home/kmw/trees_ws/install/moveit_task_constructor_msgs/lib/libmoveit_task_constructor_msgs__rosidl_typesupport_c.so
[1.211s] -- Set runtime path of "/home/kmw/trees_ws/install/moveit_task_constructor_msgs/lib/libmoveit_task_constructor_msgs__rosidl_typesupport_c.so" to ""
[1.211s] -- Up-to-date: /home/kmw/trees_ws/install/moveit_task_constructor_msgs/include/moveit_task_constructor_msgs/moveit_task_constructor_msgs
[1.211s] -- Up-to-date: /home/kmw/trees_ws/install/moveit_task_constructor_msgs/include/moveit_task_constructor_msgs/moveit_task_constructor_msgs/action
[1.211s] -- Up-to-date: /home/kmw/trees_ws/install/moveit_task_constructor_msgs/include/moveit_task_constructor_msgs/moveit_task_constructor_msgs/action/detail
[1.211s] -- Installing: /home/kmw/trees_ws/install/moveit_task_constructor_msgs/include/moveit_task_constructor_msgs/moveit_task_constructor_msgs/action/detail/execute_task_solution__type_support.cpp
[1.211s] -- Installing: /home/kmw/trees_ws/install/moveit_task_constructor_msgs/include/moveit_task_constructor_msgs/moveit_task_constructor_msgs/action/detail/execute_task_solution__rosidl_typesupport_introspection_cpp.hpp
[1.211s] -- Up-to-date: /home/kmw/trees_ws/install/moveit_task_constructor_msgs/include/moveit_task_constructor_msgs/moveit_task_constructor_msgs/srv
[1.212s] -- Up-to-date: /home/kmw/trees_ws/install/moveit_task_constructor_msgs/include/moveit_task_constructor_msgs/moveit_task_constructor_msgs/srv/detail
[1.212s] -- Installing: /home/kmw/trees_ws/install/moveit_task_constructor_msgs/include/moveit_task_constructor_msgs/moveit_task_constructor_msgs/srv/detail/get_solution__type_support.cpp
[1.212s] -- Installing: /home/kmw/trees_ws/install/moveit_task_constructor_msgs/include/moveit_task_constructor_msgs/moveit_task_constructor_msgs/srv/detail/get_solution__rosidl_typesupport_introspection_cpp.hpp
[1.212s] -- Up-to-date: /home/kmw/trees_ws/install/moveit_task_constructor_msgs/include/moveit_task_constructor_msgs/moveit_task_constructor_msgs/msg
[1.212s] -- Up-to-date: /home/kmw/trees_ws/install/moveit_task_constructor_msgs/include/moveit_task_constructor_msgs/moveit_task_constructor_msgs/msg/detail
[1.212s] -- Installing: /home/kmw/trees_ws/install/moveit_task_constructor_msgs/include/moveit_task_constructor_msgs/moveit_task_constructor_msgs/msg/detail/property__rosidl_typesupport_introspection_cpp.hpp
[1.212s] -- Installing: /home/kmw/trees_ws/install/moveit_task_constructor_msgs/include/moveit_task_constructor_msgs/moveit_task_constructor_msgs/msg/detail/task_description__rosidl_typesupport_introspection_cpp.hpp
[1.212s] -- Installing: /home/kmw/trees_ws/install/moveit_task_constructor_msgs/include/moveit_task_constructor_msgs/moveit_task_constructor_msgs/msg/detail/sub_trajectory__type_support.cpp
[1.212s] -- Installing: /home/kmw/trees_ws/install/moveit_task_constructor_msgs/include/moveit_task_constructor_msgs/moveit_task_constructor_msgs/msg/detail/sub_solution__type_support.cpp
[1.212s] -- Installing: /home/kmw/trees_ws/install/moveit_task_constructor_msgs/include/moveit_task_constructor_msgs/moveit_task_constructor_msgs/msg/detail/stage_statistics__type_support.cpp
[1.213s] -- Installing: /home/kmw/trees_ws/install/moveit_task_constructor_msgs/include/moveit_task_constructor_msgs/moveit_task_constructor_msgs/msg/detail/trajectory_execution_info__rosidl_typesupport_introspection_cpp.hpp
[1.213s] -- Installing: /home/kmw/trees_ws/install/moveit_task_constructor_msgs/include/moveit_task_constructor_msgs/moveit_task_constructor_msgs/msg/detail/task_statistics__rosidl_typesupport_introspection_cpp.hpp
[1.213s] -- Installing: /home/kmw/trees_ws/install/moveit_task_constructor_msgs/include/moveit_task_constructor_msgs/moveit_task_constructor_msgs/msg/detail/stage_description__type_support.cpp
[1.213s] -- Installing: /home/kmw/trees_ws/install/moveit_task_constructor_msgs/include/moveit_task_constructor_msgs/moveit_task_constructor_msgs/msg/detail/stage_description__rosidl_typesupport_introspection_cpp.hpp
[1.213s] -- Installing: /home/kmw/trees_ws/install/moveit_task_constructor_msgs/include/moveit_task_constructor_msgs/moveit_task_constructor_msgs/msg/detail/trajectory_execution_info__type_support.cpp
[1.213s] -- Installing: /home/kmw/trees_ws/install/moveit_task_constructor_msgs/include/moveit_task_constructor_msgs/moveit_task_constructor_msgs/msg/detail/task_description__type_support.cpp
[1.213s] -- Installing: /home/kmw/trees_ws/install/moveit_task_constructor_msgs/include/moveit_task_constructor_msgs/moveit_task_constructor_msgs/msg/detail/sub_solution__rosidl_typesupport_introspection_cpp.hpp
[1.213s] -- Installing: /home/kmw/trees_ws/install/moveit_task_constructor_msgs/include/moveit_task_constructor_msgs/moveit_task_constructor_msgs/msg/detail/property__type_support.cpp
[1.214s] -- Installing: /home/kmw/trees_ws/install/moveit_task_constructor_msgs/include/moveit_task_constructor_msgs/moveit_task_constructor_msgs/msg/detail/sub_trajectory__rosidl_typesupport_introspection_cpp.hpp
[1.214s] -- Installing: /home/kmw/trees_ws/install/moveit_task_constructor_msgs/include/moveit_task_constructor_msgs/moveit_task_constructor_msgs/msg/detail/solution_info__rosidl_typesupport_introspection_cpp.hpp
[1.214s] -- Installing: /home/kmw/trees_ws/install/moveit_task_constructor_msgs/include/moveit_task_constructor_msgs/moveit_task_constructor_msgs/msg/detail/solution__rosidl_typesupport_introspection_cpp.hpp
[1.214s] -- Installing: /home/kmw/trees_ws/install/moveit_task_constructor_msgs/include/moveit_task_constructor_msgs/moveit_task_constructor_msgs/msg/detail/solution__type_support.cpp
[1.214s] -- Installing: /home/kmw/trees_ws/install/moveit_task_constructor_msgs/include/moveit_task_constructor_msgs/moveit_task_constructor_msgs/msg/detail/task_statistics__type_support.cpp
[1.214s] -- Installing: /home/kmw/trees_ws/install/moveit_task_constructor_msgs/include/moveit_task_constructor_msgs/moveit_task_constructor_msgs/msg/detail/stage_statistics__rosidl_typesupport_introspection_cpp.hpp
[1.214s] -- Installing: /home/kmw/trees_ws/install/moveit_task_constructor_msgs/include/moveit_task_constructor_msgs/moveit_task_constructor_msgs/msg/detail/solution_info__type_support.cpp
[1.214s] -- Installing: /home/kmw/trees_ws/install/moveit_task_constructor_msgs/lib/libmoveit_task_constructor_msgs__rosidl_typesupport_introspection_cpp.so
[1.215s] -- Set runtime path of "/home/kmw/trees_ws/install/moveit_task_constructor_msgs/lib/libmoveit_task_constructor_msgs__rosidl_typesupport_introspection_cpp.so" to ""
[1.215s] -- Installing: /home/kmw/trees_ws/install/moveit_task_constructor_msgs/lib/libmoveit_task_constructor_msgs__rosidl_typesupport_cpp.so
[1.215s] -- Set runtime path of "/home/kmw/trees_ws/install/moveit_task_constructor_msgs/lib/libmoveit_task_constructor_msgs__rosidl_typesupport_cpp.so" to ""
[1.215s] -- Installing: /home/kmw/trees_ws/install/moveit_task_constructor_msgs/share/moveit_task_constructor_msgs/environment/pythonpath.sh
[1.215s] -- Installing: /home/kmw/trees_ws/install/moveit_task_constructor_msgs/share/moveit_task_constructor_msgs/environment/pythonpath.dsv
[1.215s] -- Installing: /home/kmw/trees_ws/install/moveit_task_constructor_msgs/lib/python3.10/site-packages/moveit_task_constructor_msgs-0.1.3-py3.10.egg-info
[1.216s] -- Installing: /home/kmw/trees_ws/install/moveit_task_constructor_msgs/lib/python3.10/site-packages/moveit_task_constructor_msgs-0.1.3-py3.10.egg-info/SOURCES.txt
[1.216s] -- Installing: /home/kmw/trees_ws/install/moveit_task_constructor_msgs/lib/python3.10/site-packages/moveit_task_constructor_msgs-0.1.3-py3.10.egg-info/PKG-INFO
[1.216s] -- Installing: /home/kmw/trees_ws/install/moveit_task_constructor_msgs/lib/python3.10/site-packages/moveit_task_constructor_msgs-0.1.3-py3.10.egg-info/top_level.txt
[1.216s] -- Installing: /home/kmw/trees_ws/install/moveit_task_constructor_msgs/lib/python3.10/site-packages/moveit_task_constructor_msgs-0.1.3-py3.10.egg-info/dependency_links.txt
[1.216s] -- Installing: /home/kmw/trees_ws/install/moveit_task_constructor_msgs/lib/python3.10/site-packages/moveit_task_constructor_msgs
[1.216s] -- Installing: /home/kmw/trees_ws/install/moveit_task_constructor_msgs/lib/python3.10/site-packages/moveit_task_constructor_msgs/__init__.py
[1.217s] -- Installing: /home/kmw/trees_ws/install/moveit_task_constructor_msgs/lib/python3.10/site-packages/moveit_task_constructor_msgs/moveit_task_constructor_msgs_s__rosidl_typesupport_fastrtps_c.cpython-310-x86_64-linux-gnu.so
[1.217s] -- Installing: /home/kmw/trees_ws/install/moveit_task_constructor_msgs/lib/python3.10/site-packages/moveit_task_constructor_msgs/_moveit_task_constructor_msgs_s.ep.rosidl_typesupport_fastrtps_c.c
[1.220s] -- Installing: /home/kmw/trees_ws/install/moveit_task_constructor_msgs/lib/python3.10/site-packages/moveit_task_constructor_msgs/libmoveit_task_constructor_msgs__rosidl_generator_py.so
[1.221s] -- Installing: /home/kmw/trees_ws/install/moveit_task_constructor_msgs/lib/python3.10/site-packages/moveit_task_constructor_msgs/moveit_task_constructor_msgs_s__rosidl_typesupport_introspection_c.cpython-310-x86_64-linux-gnu.so
[1.222s] -- Installing: /home/kmw/trees_ws/install/moveit_task_constructor_msgs/lib/python3.10/site-packages/moveit_task_constructor_msgs/action
[1.222s] -- Installing: /home/kmw/trees_ws/install/moveit_task_constructor_msgs/lib/python3.10/site-packages/moveit_task_constructor_msgs/action/__init__.py
[1.222s] -- Installing: /home/kmw/trees_ws/install/moveit_task_constructor_msgs/lib/python3.10/site-packages/moveit_task_constructor_msgs/action/_execute_task_solution_s.c
[1.222s] -- Installing: /home/kmw/trees_ws/install/moveit_task_constructor_msgs/lib/python3.10/site-packages/moveit_task_constructor_msgs/action/_execute_task_solution.py
[1.222s] -- Installing: /home/kmw/trees_ws/install/moveit_task_constructor_msgs/lib/python3.10/site-packages/moveit_task_constructor_msgs/_moveit_task_constructor_msgs_s.ep.rosidl_typesupport_introspection_c.c
[1.222s] -- Installing: /home/kmw/trees_ws/install/moveit_task_constructor_msgs/lib/python3.10/site-packages/moveit_task_constructor_msgs/srv
[1.222s] -- Installing: /home/kmw/trees_ws/install/moveit_task_constructor_msgs/lib/python3.10/site-packages/moveit_task_constructor_msgs/srv/__init__.py
[1.222s] -- Installing: /home/kmw/trees_ws/install/moveit_task_constructor_msgs/lib/python3.10/site-packages/moveit_task_constructor_msgs/srv/_get_solution_s.c
[1.222s] -- Installing: /home/kmw/trees_ws/install/moveit_task_constructor_msgs/lib/python3.10/site-packages/moveit_task_constructor_msgs/srv/_get_solution.py
[1.223s] -- Installing: /home/kmw/trees_ws/install/moveit_task_constructor_msgs/lib/python3.10/site-packages/moveit_task_constructor_msgs/msg
[1.223s] -- Installing: /home/kmw/trees_ws/install/moveit_task_constructor_msgs/lib/python3.10/site-packages/moveit_task_constructor_msgs/msg/_solution_s.c
[1.223s] -- Installing: /home/kmw/trees_ws/install/moveit_task_constructor_msgs/lib/python3.10/site-packages/moveit_task_constructor_msgs/msg/_solution.py
[1.223s] -- Installing: /home/kmw/trees_ws/install/moveit_task_constructor_msgs/lib/python3.10/site-packages/moveit_task_constructor_msgs/msg/_stage_statistics.py
[1.223s] -- Installing: /home/kmw/trees_ws/install/moveit_task_constructor_msgs/lib/python3.10/site-packages/moveit_task_constructor_msgs/msg/_task_statistics.py
[1.223s] -- Installing: /home/kmw/trees_ws/install/moveit_task_constructor_msgs/lib/python3.10/site-packages/moveit_task_constructor_msgs/msg/_sub_solution.py
[1.224s] -- Installing: /home/kmw/trees_ws/install/moveit_task_constructor_msgs/lib/python3.10/site-packages/moveit_task_constructor_msgs/msg/_task_statistics_s.c
[1.224s] -- Installing: /home/kmw/trees_ws/install/moveit_task_constructor_msgs/lib/python3.10/site-packages/moveit_task_constructor_msgs/msg/__init__.py
[1.224s] -- Installing: /home/kmw/trees_ws/install/moveit_task_constructor_msgs/lib/python3.10/site-packages/moveit_task_constructor_msgs/msg/_solution_info.py
[1.224s] -- Installing: /home/kmw/trees_ws/install/moveit_task_constructor_msgs/lib/python3.10/site-packages/moveit_task_constructor_msgs/msg/_property.py
[1.224s] -- Installing: /home/kmw/trees_ws/install/moveit_task_constructor_msgs/lib/python3.10/site-packages/moveit_task_constructor_msgs/msg/_sub_trajectory_s.c
[1.224s] -- Installing: /home/kmw/trees_ws/install/moveit_task_constructor_msgs/lib/python3.10/site-packages/moveit_task_constructor_msgs/msg/_task_description.py
[1.224s] -- Installing: /home/kmw/trees_ws/install/moveit_task_constructor_msgs/lib/python3.10/site-packages/moveit_task_constructor_msgs/msg/_task_description_s.c
[1.225s] -- Installing: /home/kmw/trees_ws/install/moveit_task_constructor_msgs/lib/python3.10/site-packages/moveit_task_constructor_msgs/msg/_property_s.c
[1.225s] -- Installing: /home/kmw/trees_ws/install/moveit_task_constructor_msgs/lib/python3.10/site-packages/moveit_task_constructor_msgs/msg/_sub_trajectory.py
[1.225s] -- Installing: /home/kmw/trees_ws/install/moveit_task_constructor_msgs/lib/python3.10/site-packages/moveit_task_constructor_msgs/msg/_trajectory_execution_info.py
[1.225s] -- Installing: /home/kmw/trees_ws/install/moveit_task_constructor_msgs/lib/python3.10/site-packages/moveit_task_constructor_msgs/msg/_stage_description.py
[1.225s] -- Installing: /home/kmw/trees_ws/install/moveit_task_constructor_msgs/lib/python3.10/site-packages/moveit_task_constructor_msgs/msg/_stage_description_s.c
[1.225s] -- Installing: /home/kmw/trees_ws/install/moveit_task_constructor_msgs/lib/python3.10/site-packages/moveit_task_constructor_msgs/msg/_stage_statistics_s.c
[1.225s] -- Installing: /home/kmw/trees_ws/install/moveit_task_constructor_msgs/lib/python3.10/site-packages/moveit_task_constructor_msgs/msg/_solution_info_s.c
[1.225s] -- Installing: /home/kmw/trees_ws/install/moveit_task_constructor_msgs/lib/python3.10/site-packages/moveit_task_constructor_msgs/msg/_sub_solution_s.c
[1.225s] -- Installing: /home/kmw/trees_ws/install/moveit_task_constructor_msgs/lib/python3.10/site-packages/moveit_task_constructor_msgs/msg/_trajectory_execution_info_s.c
[1.225s] -- Installing: /home/kmw/trees_ws/install/moveit_task_constructor_msgs/lib/python3.10/site-packages/moveit_task_constructor_msgs/_moveit_task_constructor_msgs_s.ep.rosidl_typesupport_c.c
[1.225s] -- Installing: /home/kmw/trees_ws/install/moveit_task_constructor_msgs/lib/python3.10/site-packages/moveit_task_constructor_msgs/moveit_task_constructor_msgs_s__rosidl_typesupport_c.cpython-310-x86_64-linux-gnu.so
[1.320s] Listing '/home/kmw/trees_ws/install/moveit_task_constructor_msgs/lib/python3.10/site-packages/moveit_task_constructor_msgs'...
[1.320s] Compiling '/home/kmw/trees_ws/install/moveit_task_constructor_msgs/lib/python3.10/site-packages/moveit_task_constructor_msgs/__init__.py'...
[1.320s] Listing '/home/kmw/trees_ws/install/moveit_task_constructor_msgs/lib/python3.10/site-packages/moveit_task_constructor_msgs/action'...
[1.321s] Compiling '/home/kmw/trees_ws/install/moveit_task_constructor_msgs/lib/python3.10/site-packages/moveit_task_constructor_msgs/action/__init__.py'...
[1.321s] Compiling '/home/kmw/trees_ws/install/moveit_task_constructor_msgs/lib/python3.10/site-packages/moveit_task_constructor_msgs/action/_execute_task_solution.py'...
[1.321s] Listing '/home/kmw/trees_ws/install/moveit_task_constructor_msgs/lib/python3.10/site-packages/moveit_task_constructor_msgs/msg'...
[1.322s] Compiling '/home/kmw/trees_ws/install/moveit_task_constructor_msgs/lib/python3.10/site-packages/moveit_task_constructor_msgs/msg/__init__.py'...
[1.322s] Compiling '/home/kmw/trees_ws/install/moveit_task_constructor_msgs/lib/python3.10/site-packages/moveit_task_constructor_msgs/msg/_property.py'...
[1.322s] Compiling '/home/kmw/trees_ws/install/moveit_task_constructor_msgs/lib/python3.10/site-packages/moveit_task_constructor_msgs/msg/_solution.py'...
[1.322s] Compiling '/home/kmw/trees_ws/install/moveit_task_constructor_msgs/lib/python3.10/site-packages/moveit_task_constructor_msgs/msg/_solution_info.py'...
[1.323s] Compiling '/home/kmw/trees_ws/install/moveit_task_constructor_msgs/lib/python3.10/site-packages/moveit_task_constructor_msgs/msg/_stage_description.py'...
[1.323s] Compiling '/home/kmw/trees_ws/install/moveit_task_constructor_msgs/lib/python3.10/site-packages/moveit_task_constructor_msgs/msg/_stage_statistics.py'...
[1.323s] Compiling '/home/kmw/trees_ws/install/moveit_task_constructor_msgs/lib/python3.10/site-packages/moveit_task_constructor_msgs/msg/_sub_solution.py'...
[1.323s] Compiling '/home/kmw/trees_ws/install/moveit_task_constructor_msgs/lib/python3.10/site-packages/moveit_task_constructor_msgs/msg/_sub_trajectory.py'...
[1.323s] Compiling '/home/kmw/trees_ws/install/moveit_task_constructor_msgs/lib/python3.10/site-packages/moveit_task_constructor_msgs/msg/_task_description.py'...
[1.323s] Compiling '/home/kmw/trees_ws/install/moveit_task_constructor_msgs/lib/python3.10/site-packages/moveit_task_constructor_msgs/msg/_task_statistics.py'...
[1.324s] Compiling '/home/kmw/trees_ws/install/moveit_task_constructor_msgs/lib/python3.10/site-packages/moveit_task_constructor_msgs/msg/_trajectory_execution_info.py'...
[1.324s] Listing '/home/kmw/trees_ws/install/moveit_task_constructor_msgs/lib/python3.10/site-packages/moveit_task_constructor_msgs/srv'...
[1.324s] Compiling '/home/kmw/trees_ws/install/moveit_task_constructor_msgs/lib/python3.10/site-packages/moveit_task_constructor_msgs/srv/__init__.py'...
[1.324s] Compiling '/home/kmw/trees_ws/install/moveit_task_constructor_msgs/lib/python3.10/site-packages/moveit_task_constructor_msgs/srv/_get_solution.py'...
[1.332s] -- Installing: /home/kmw/trees_ws/install/moveit_task_constructor_msgs/lib/python3.10/site-packages/moveit_task_constructor_msgs/moveit_task_constructor_msgs_s__rosidl_typesupport_fastrtps_c.cpython-310-x86_64-linux-gnu.so
[1.332s] -- Set runtime path of "/home/kmw/trees_ws/install/moveit_task_constructor_msgs/lib/python3.10/site-packages/moveit_task_constructor_msgs/moveit_task_constructor_msgs_s__rosidl_typesupport_fastrtps_c.cpython-310-x86_64-linux-gnu.so" to ""
[1.332s] -- Installing: /home/kmw/trees_ws/install/moveit_task_constructor_msgs/lib/python3.10/site-packages/moveit_task_constructor_msgs/moveit_task_constructor_msgs_s__rosidl_typesupport_introspection_c.cpython-310-x86_64-linux-gnu.so
[1.333s] -- Set runtime path of "/home/kmw/trees_ws/install/moveit_task_constructor_msgs/lib/python3.10/site-packages/moveit_task_constructor_msgs/moveit_task_constructor_msgs_s__rosidl_typesupport_introspection_c.cpython-310-x86_64-linux-gnu.so" to ""
[1.334s] -- Installing: /home/kmw/trees_ws/install/moveit_task_constructor_msgs/lib/python3.10/site-packages/moveit_task_constructor_msgs/moveit_task_constructor_msgs_s__rosidl_typesupport_c.cpython-310-x86_64-linux-gnu.so
[1.334s] -- Set runtime path of "/home/kmw/trees_ws/install/moveit_task_constructor_msgs/lib/python3.10/site-packages/moveit_task_constructor_msgs/moveit_task_constructor_msgs_s__rosidl_typesupport_c.cpython-310-x86_64-linux-gnu.so" to ""
[1.335s] -- Installing: /home/kmw/trees_ws/install/moveit_task_constructor_msgs/lib/libmoveit_task_constructor_msgs__rosidl_generator_py.so
[1.335s] -- Set runtime path of "/home/kmw/trees_ws/install/moveit_task_constructor_msgs/lib/libmoveit_task_constructor_msgs__rosidl_generator_py.so" to ""
[1.336s] -- Installing: /home/kmw/trees_ws/install/moveit_task_constructor_msgs/share/moveit_task_constructor_msgs/msg/Property.idl
[1.336s] -- Installing: /home/kmw/trees_ws/install/moveit_task_constructor_msgs/share/moveit_task_constructor_msgs/msg/Solution.idl
[1.336s] -- Installing: /home/kmw/trees_ws/install/moveit_task_constructor_msgs/share/moveit_task_constructor_msgs/msg/SolutionInfo.idl
[1.337s] -- Installing: /home/kmw/trees_ws/install/moveit_task_constructor_msgs/share/moveit_task_constructor_msgs/msg/StageDescription.idl
[1.337s] -- Installing: /home/kmw/trees_ws/install/moveit_task_constructor_msgs/share/moveit_task_constructor_msgs/msg/StageStatistics.idl
[1.337s] -- Installing: /home/kmw/trees_ws/install/moveit_task_constructor_msgs/share/moveit_task_constructor_msgs/msg/SubSolution.idl
[1.337s] -- Installing: /home/kmw/trees_ws/install/moveit_task_constructor_msgs/share/moveit_task_constructor_msgs/msg/SubTrajectory.idl
[1.338s] -- Installing: /home/kmw/trees_ws/install/moveit_task_constructor_msgs/share/moveit_task_constructor_msgs/msg/TaskDescription.idl
[1.338s] -- Installing: /home/kmw/trees_ws/install/moveit_task_constructor_msgs/share/moveit_task_constructor_msgs/msg/TaskStatistics.idl
[1.339s] -- Installing: /home/kmw/trees_ws/install/moveit_task_constructor_msgs/share/moveit_task_constructor_msgs/msg/TrajectoryExecutionInfo.idl
[1.339s] -- Installing: /home/kmw/trees_ws/install/moveit_task_constructor_msgs/share/moveit_task_constructor_msgs/srv/GetSolution.idl
[1.339s] -- Installing: /home/kmw/trees_ws/install/moveit_task_constructor_msgs/share/moveit_task_constructor_msgs/action/ExecuteTaskSolution.idl
[1.340s] -- Installing: /home/kmw/trees_ws/install/moveit_task_constructor_msgs/share/moveit_task_constructor_msgs/msg/Property.msg
[1.340s] -- Installing: /home/kmw/trees_ws/install/moveit_task_constructor_msgs/share/moveit_task_constructor_msgs/msg/Solution.msg
[1.340s] -- Installing: /home/kmw/trees_ws/install/moveit_task_constructor_msgs/share/moveit_task_constructor_msgs/msg/SolutionInfo.msg
[1.341s] -- Installing: /home/kmw/trees_ws/install/moveit_task_constructor_msgs/share/moveit_task_constructor_msgs/msg/StageDescription.msg
[1.341s] -- Installing: /home/kmw/trees_ws/install/moveit_task_constructor_msgs/share/moveit_task_constructor_msgs/msg/StageStatistics.msg
[1.341s] -- Installing: /home/kmw/trees_ws/install/moveit_task_constructor_msgs/share/moveit_task_constructor_msgs/msg/SubSolution.msg
[1.342s] -- Installing: /home/kmw/trees_ws/install/moveit_task_constructor_msgs/share/moveit_task_constructor_msgs/msg/SubTrajectory.msg
[1.342s] -- Installing: /home/kmw/trees_ws/install/moveit_task_constructor_msgs/share/moveit_task_constructor_msgs/msg/TaskDescription.msg
[1.343s] -- Installing: /home/kmw/trees_ws/install/moveit_task_constructor_msgs/share/moveit_task_constructor_msgs/msg/TaskStatistics.msg
[1.343s] -- Installing: /home/kmw/trees_ws/install/moveit_task_constructor_msgs/share/moveit_task_constructor_msgs/msg/TrajectoryExecutionInfo.msg
[1.344s] -- Installing: /home/kmw/trees_ws/install/moveit_task_constructor_msgs/share/moveit_task_constructor_msgs/srv/GetSolution.srv
[1.344s] -- Installing: /home/kmw/trees_ws/install/moveit_task_constructor_msgs/share/moveit_task_constructor_msgs/srv/GetSolution_Request.msg
[1.344s] -- Installing: /home/kmw/trees_ws/install/moveit_task_constructor_msgs/share/moveit_task_constructor_msgs/srv/GetSolution_Response.msg
[1.346s] -- Installing: /home/kmw/trees_ws/install/moveit_task_constructor_msgs/share/moveit_task_constructor_msgs/action/ExecuteTaskSolution.action
[1.346s] -- Installing: /home/kmw/trees_ws/install/moveit_task_constructor_msgs/share/ament_index/resource_index/package_run_dependencies/moveit_task_constructor_msgs
[1.347s] -- Installing: /home/kmw/trees_ws/install/moveit_task_constructor_msgs/share/ament_index/resource_index/parent_prefix_path/moveit_task_constructor_msgs
[1.347s] -- Installing: /home/kmw/trees_ws/install/moveit_task_constructor_msgs/share/moveit_task_constructor_msgs/environment/ament_prefix_path.sh
[1.348s] -- Installing: /home/kmw/trees_ws/install/moveit_task_constructor_msgs/share/moveit_task_constructor_msgs/environment/ament_prefix_path.dsv
[1.348s] -- Installing: /home/kmw/trees_ws/install/moveit_task_constructor_msgs/share/moveit_task_constructor_msgs/environment/path.sh
[1.348s] -- Installing: /home/kmw/trees_ws/install/moveit_task_constructor_msgs/share/moveit_task_constructor_msgs/environment/path.dsv
[1.348s] -- Installing: /home/kmw/trees_ws/install/moveit_task_constructor_msgs/share/moveit_task_constructor_msgs/local_setup.bash
[1.349s] -- Installing: /home/kmw/trees_ws/install/moveit_task_constructor_msgs/share/moveit_task_constructor_msgs/local_setup.sh
[1.349s] -- Installing: /home/kmw/trees_ws/install/moveit_task_constructor_msgs/share/moveit_task_constructor_msgs/local_setup.zsh
[1.350s] -- Installing: /home/kmw/trees_ws/install/moveit_task_constructor_msgs/share/moveit_task_constructor_msgs/local_setup.dsv
[1.351s] -- Installing: /home/kmw/trees_ws/install/moveit_task_constructor_msgs/share/moveit_task_constructor_msgs/package.dsv
[1.352s] -- Installing: /home/kmw/trees_ws/install/moveit_task_constructor_msgs/share/ament_index/resource_index/packages/moveit_task_constructor_msgs
[1.352s] -- Installing: /home/kmw/trees_ws/install/moveit_task_constructor_msgs/share/moveit_task_constructor_msgs/cmake/export_moveit_task_constructor_msgs__rosidl_generator_cExport.cmake
[1.353s] -- Installing: /home/kmw/trees_ws/install/moveit_task_constructor_msgs/share/moveit_task_constructor_msgs/cmake/export_moveit_task_constructor_msgs__rosidl_generator_cExport-noconfig.cmake
[1.353s] -- Installing: /home/kmw/trees_ws/install/moveit_task_constructor_msgs/share/moveit_task_constructor_msgs/cmake/export_moveit_task_constructor_msgs__rosidl_typesupport_fastrtps_cExport.cmake
[1.354s] -- Installing: /home/kmw/trees_ws/install/moveit_task_constructor_msgs/share/moveit_task_constructor_msgs/cmake/export_moveit_task_constructor_msgs__rosidl_typesupport_fastrtps_cExport-noconfig.cmake
[1.355s] -- Installing: /home/kmw/trees_ws/install/moveit_task_constructor_msgs/share/moveit_task_constructor_msgs/cmake/export_moveit_task_constructor_msgs__rosidl_generator_cppExport.cmake
[1.356s] -- Installing: /home/kmw/trees_ws/install/moveit_task_constructor_msgs/share/moveit_task_constructor_msgs/cmake/export_moveit_task_constructor_msgs__rosidl_typesupport_fastrtps_cppExport.cmake
[1.356s] -- Installing: /home/kmw/trees_ws/install/moveit_task_constructor_msgs/share/moveit_task_constructor_msgs/cmake/export_moveit_task_constructor_msgs__rosidl_typesupport_fastrtps_cppExport-noconfig.cmake
[1.356s] -- Installing: /home/kmw/trees_ws/install/moveit_task_constructor_msgs/share/moveit_task_constructor_msgs/cmake/moveit_task_constructor_msgs__rosidl_typesupport_introspection_cExport.cmake
[1.357s] -- Installing: /home/kmw/trees_ws/install/moveit_task_constructor_msgs/share/moveit_task_constructor_msgs/cmake/moveit_task_constructor_msgs__rosidl_typesupport_introspection_cExport-noconfig.cmake
[1.358s] -- Installing: /home/kmw/trees_ws/install/moveit_task_constructor_msgs/share/moveit_task_constructor_msgs/cmake/moveit_task_constructor_msgs__rosidl_typesupport_cExport.cmake
[1.358s] -- Installing: /home/kmw/trees_ws/install/moveit_task_constructor_msgs/share/moveit_task_constructor_msgs/cmake/moveit_task_constructor_msgs__rosidl_typesupport_cExport-noconfig.cmake
[1.359s] -- Installing: /home/kmw/trees_ws/install/moveit_task_constructor_msgs/share/moveit_task_constructor_msgs/cmake/moveit_task_constructor_msgs__rosidl_typesupport_introspection_cppExport.cmake
[1.360s] -- Installing: /home/kmw/trees_ws/install/moveit_task_constructor_msgs/share/moveit_task_constructor_msgs/cmake/moveit_task_constructor_msgs__rosidl_typesupport_introspection_cppExport-noconfig.cmake
[1.360s] -- Installing: /home/kmw/trees_ws/install/moveit_task_constructor_msgs/share/moveit_task_constructor_msgs/cmake/moveit_task_constructor_msgs__rosidl_typesupport_cppExport.cmake
[1.361s] -- Installing: /home/kmw/trees_ws/install/moveit_task_constructor_msgs/share/moveit_task_constructor_msgs/cmake/moveit_task_constructor_msgs__rosidl_typesupport_cppExport-noconfig.cmake
[1.361s] -- Installing: /home/kmw/trees_ws/install/moveit_task_constructor_msgs/share/moveit_task_constructor_msgs/cmake/export_moveit_task_constructor_msgs__rosidl_generator_pyExport.cmake
[1.362s] -- Installing: /home/kmw/trees_ws/install/moveit_task_constructor_msgs/share/moveit_task_constructor_msgs/cmake/export_moveit_task_constructor_msgs__rosidl_generator_pyExport-noconfig.cmake
[1.362s] -- Installing: /home/kmw/trees_ws/install/moveit_task_constructor_msgs/share/moveit_task_constructor_msgs/cmake/rosidl_cmake-extras.cmake
[1.362s] -- Installing: /home/kmw/trees_ws/install/moveit_task_constructor_msgs/share/moveit_task_constructor_msgs/cmake/ament_cmake_export_dependencies-extras.cmake
[1.363s] -- Installing: /home/kmw/trees_ws/install/moveit_task_constructor_msgs/share/moveit_task_constructor_msgs/cmake/ament_cmake_export_include_directories-extras.cmake
[1.364s] -- Installing: /home/kmw/trees_ws/install/moveit_task_constructor_msgs/share/moveit_task_constructor_msgs/cmake/ament_cmake_export_libraries-extras.cmake
[1.364s] -- Installing: /home/kmw/trees_ws/install/moveit_task_constructor_msgs/share/moveit_task_constructor_msgs/cmake/ament_cmake_export_targets-extras.cmake
[1.365s] -- Installing: /home/kmw/trees_ws/install/moveit_task_constructor_msgs/share/moveit_task_constructor_msgs/cmake/rosidl_cmake_export_typesupport_targets-extras.cmake
[1.366s] -- Installing: /home/kmw/trees_ws/install/moveit_task_constructor_msgs/share/moveit_task_constructor_msgs/cmake/rosidl_cmake_export_typesupport_libraries-extras.cmake
[1.366s] -- Installing: /home/kmw/trees_ws/install/moveit_task_constructor_msgs/share/moveit_task_constructor_msgs/cmake/moveit_task_constructor_msgsConfig.cmake
[1.367s] -- Installing: /home/kmw/trees_ws/install/moveit_task_constructor_msgs/share/moveit_task_constructor_msgs/cmake/moveit_task_constructor_msgsConfig-version.cmake
[1.367s] -- Installing: /home/kmw/trees_ws/install/moveit_task_constructor_msgs/share/moveit_task_constructor_msgs/package.xml
[1.378s] Invoked command in '/home/kmw/trees_ws/build/moveit_task_constructor_msgs' returned '0': CMAKE_PREFIX_PATH=/opt/ros/humble CONDA_PROMPT_MODIFIER=(ros2_py310) /usr/bin/cmake --install /home/kmw/trees_ws/build/moveit_task_constructor_msgs
