[9.036s] Invoking command in '/home/pi/arm_ws/src/turtle_con': PYTHONPATH=/home/pi/arm_ws/build/turtle_con/prefix_override:/usr/lib/python3/dist-packages/colcon_core/task/python/colcon_distutils_commands:/home/pi/arm_ws/install/turtle_con/lib/python3.8/site-packages:${PYTHONPATH} /usr/bin/python3 -W ignore:setup.py install is deprecated setup.py egg_info --egg-base ../../build/turtle_con build --build-base /home/pi/arm_ws/build/turtle_con/build install --record /home/pi/arm_ws/build/turtle_con/install.log --install-scripts $base/lib/turtle_con --single-version-externally-managed install_data
[11.560s] running egg_info
[11.566s] writing ../../build/turtle_con/turtle_con.egg-info/PKG-INFO
[11.568s] writing dependency_links to ../../build/turtle_con/turtle_con.egg-info/dependency_links.txt
[11.571s] writing entry points to ../../build/turtle_con/turtle_con.egg-info/entry_points.txt
[11.574s] writing requirements to ../../build/turtle_con/turtle_con.egg-info/requires.txt
[11.575s] writing top-level names to ../../build/turtle_con/turtle_con.egg-info/top_level.txt
[11.935s] reading manifest file '../../build/turtle_con/turtle_con.egg-info/SOURCES.txt'
[11.945s] writing manifest file '../../build/turtle_con/turtle_con.egg-info/SOURCES.txt'
[11.947s] running build
[11.948s] running build_py
[11.951s] running install
[11.959s] running install_lib
[11.975s] running install_data
[11.978s] running install_egg_info
[11.994s] removing '/home/pi/arm_ws/install/turtle_con/lib/python3.8/site-packages/turtle_con-0.0.0-py3.8.egg-info' (and everything under it)
[11.998s] Copying ../../build/turtle_con/turtle_con.egg-info to /home/pi/arm_ws/install/turtle_con/lib/python3.8/site-packages/turtle_con-0.0.0-py3.8.egg-info
[12.011s] running install_scripts
[12.194s] Installing move_qr script to /home/pi/arm_ws/install/turtle_con/lib/turtle_con
[12.196s] Installing turtle_ros2_con script to /home/pi/arm_ws/install/turtle_con/lib/turtle_con
[12.199s] Installing with_qr script to /home/pi/arm_ws/install/turtle_con/lib/turtle_con
[12.203s] writing list of installed files to '/home/pi/arm_ws/build/turtle_con/install.log'
[12.432s] Invoked command in '/home/pi/arm_ws/src/turtle_con' returned '0': PYTHONPATH=/home/pi/arm_ws/build/turtle_con/prefix_override:/usr/lib/python3/dist-packages/colcon_core/task/python/colcon_distutils_commands:/home/pi/arm_ws/install/turtle_con/lib/python3.8/site-packages:${PYTHONPATH} /usr/bin/python3 -W ignore:setup.py install is deprecated setup.py egg_info --egg-base ../../build/turtle_con build --build-base /home/pi/arm_ws/build/turtle_con/build install --record /home/pi/arm_ws/build/turtle_con/install.log --install-scripts $base/lib/turtle_con --single-version-externally-managed install_data
