[13.290s] Invoking command in '/home/pi/arm_ws/src/qr_cam': PYTHONPATH=/home/pi/arm_ws/build/qr_cam/prefix_override:/usr/lib/python3/dist-packages/colcon_core/task/python/colcon_distutils_commands:/home/pi/arm_ws/install/qr_cam/lib/python3.8/site-packages:${PYTHONPATH} /usr/bin/python3 -W ignore:setup.py install is deprecated setup.py egg_info --egg-base ../../build/qr_cam build --build-base /home/pi/arm_ws/build/qr_cam/build install --record /home/pi/arm_ws/build/qr_cam/install.log --install-scripts $base/lib/qr_cam --single-version-externally-managed install_data
[17.259s] running egg_info
[17.267s] writing ../../build/qr_cam/qr_cam.egg-info/PKG-INFO
[17.273s] writing dependency_links to ../../build/qr_cam/qr_cam.egg-info/dependency_links.txt
[17.277s] writing entry points to ../../build/qr_cam/qr_cam.egg-info/entry_points.txt
[17.281s] writing requirements to ../../build/qr_cam/qr_cam.egg-info/requires.txt
[17.284s] writing top-level names to ../../build/qr_cam/qr_cam.egg-info/top_level.txt
[17.884s] reading manifest file '../../build/qr_cam/qr_cam.egg-info/SOURCES.txt'
[17.894s] writing manifest file '../../build/qr_cam/qr_cam.egg-info/SOURCES.txt'
[17.896s] running build
[17.897s] running build_py
[17.900s] running install
[17.908s] running install_lib
[17.925s] running install_data
[17.934s] running install_egg_info
[17.973s] removing '/home/pi/arm_ws/install/qr_cam/lib/python3.8/site-packages/qr_cam-0.0.0-py3.8.egg-info' (and everything under it)
[17.986s] Copying ../../build/qr_cam/qr_cam.egg-info to /home/pi/arm_ws/install/qr_cam/lib/python3.8/site-packages/qr_cam-0.0.0-py3.8.egg-info
[18.016s] running install_scripts
[18.306s] Installing no_cam script to /home/pi/arm_ws/install/qr_cam/lib/qr_cam
[18.311s] writing list of installed files to '/home/pi/arm_ws/build/qr_cam/install.log'
[18.652s] Invoked command in '/home/pi/arm_ws/src/qr_cam' returned '0': PYTHONPATH=/home/pi/arm_ws/build/qr_cam/prefix_override:/usr/lib/python3/dist-packages/colcon_core/task/python/colcon_distutils_commands:/home/pi/arm_ws/install/qr_cam/lib/python3.8/site-packages:${PYTHONPATH} /usr/bin/python3 -W ignore:setup.py install is deprecated setup.py egg_info --egg-base ../../build/qr_cam build --build-base /home/pi/arm_ws/build/qr_cam/build install --record /home/pi/arm_ws/build/qr_cam/install.log --install-scripts $base/lib/qr_cam --single-version-externally-managed install_data
