[0.542s] Invoking command in '/home/kmw/trees_ws/build/moveit_resources_prbt_support': CMAKE_PREFIX_PATH=/opt/ros/humble CONDA_PROMPT_MODIFIER=(ros2_py310) /usr/bin/cmake /home/kmw/trees_ws/src/moveit2/moveit_planners/test_configs/prbt_support -DCMAKE_INSTALL_PREFIX=/home/kmw/trees_ws/install/moveit_resources_prbt_support
[0.666s] -- The C compiler identification is GNU 11.4.0
[0.812s] -- The CXX compiler identification is GNU 11.4.0
[0.835s] -- Detecting C compiler ABI info
[1.011s] -- Detecting C compiler ABI info - done
[1.029s] -- Check for working C compiler: /usr/bin/cc - skipped
[1.030s] -- Detecting C compile features
[1.030s] -- Detecting C compile features - done
[1.036s] -- Detecting CXX compiler ABI info
[1.253s] -- Detecting CXX compiler ABI info - done
[1.272s] -- Check for working CXX compiler: /usr/bin/c++ - skipped
[1.272s] -- Detecting CXX compile features
[1.272s] -- Detecting CXX compile features - done
[1.280s] -- Found ament_cmake: 1.3.10 (/opt/ros/humble/share/ament_cmake/cmake)
[2.188s] -- Found Python3: /home/kmw/miniconda3/envs/ros2_py310/bin/python3 (found version "3.10.14") found components: Interpreter 
[2.716s] -- Configuring done
[2.717s] -- Generating done
[2.721s] -- Build files have been written to: /home/kmw/trees_ws/build/moveit_resources_prbt_support
[2.738s] Invoked command in '/home/kmw/trees_ws/build/moveit_resources_prbt_support' returned '0': CMAKE_PREFIX_PATH=/opt/ros/humble CONDA_PROMPT_MODIFIER=(ros2_py310) /usr/bin/cmake /home/kmw/trees_ws/src/moveit2/moveit_planners/test_configs/prbt_support -DCMAKE_INSTALL_PREFIX=/home/kmw/trees_ws/install/moveit_resources_prbt_support
[2.740s] Invoking command in '/home/kmw/trees_ws/build/moveit_resources_prbt_support': CMAKE_PREFIX_PATH=/opt/ros/humble CONDA_PROMPT_MODIFIER=(ros2_py310) /usr/bin/cmake --build /home/kmw/trees_ws/build/moveit_resources_prbt_support -- -j8 -l8
[2.862s] Invoked command in '/home/kmw/trees_ws/build/moveit_resources_prbt_support' returned '0': CMAKE_PREFIX_PATH=/opt/ros/humble CONDA_PROMPT_MODIFIER=(ros2_py310) /usr/bin/cmake --build /home/kmw/trees_ws/build/moveit_resources_prbt_support -- -j8 -l8
[2.864s] Invoking command in '/home/kmw/trees_ws/build/moveit_resources_prbt_support': CMAKE_PREFIX_PATH=/opt/ros/humble CONDA_PROMPT_MODIFIER=(ros2_py310) /usr/bin/cmake --install /home/kmw/trees_ws/build/moveit_resources_prbt_support
[2.875s] -- Install configuration: ""
[2.875s] -- Installing: /home/kmw/trees_ws/install/moveit_resources_prbt_support/share/ament_index/resource_index/package_run_dependencies/moveit_resources_prbt_support
[2.875s] -- Installing: /home/kmw/trees_ws/install/moveit_resources_prbt_support/share/ament_index/resource_index/parent_prefix_path/moveit_resources_prbt_support
[2.875s] -- Installing: /home/kmw/trees_ws/install/moveit_resources_prbt_support/share/moveit_resources_prbt_support/environment/ament_prefix_path.sh
[2.875s] -- Installing: /home/kmw/trees_ws/install/moveit_resources_prbt_support/share/moveit_resources_prbt_support/environment/ament_prefix_path.dsv
[2.875s] -- Installing: /home/kmw/trees_ws/install/moveit_resources_prbt_support/share/moveit_resources_prbt_support/environment/path.sh
[2.875s] -- Installing: /home/kmw/trees_ws/install/moveit_resources_prbt_support/share/moveit_resources_prbt_support/environment/path.dsv
[2.875s] -- Installing: /home/kmw/trees_ws/install/moveit_resources_prbt_support/share/moveit_resources_prbt_support/local_setup.bash
[2.875s] -- Installing: /home/kmw/trees_ws/install/moveit_resources_prbt_support/share/moveit_resources_prbt_support/local_setup.sh
[2.876s] -- Installing: /home/kmw/trees_ws/install/moveit_resources_prbt_support/share/moveit_resources_prbt_support/local_setup.zsh
[2.876s] -- Installing: /home/kmw/trees_ws/install/moveit_resources_prbt_support/share/moveit_resources_prbt_support/local_setup.dsv
[2.876s] -- Installing: /home/kmw/trees_ws/install/moveit_resources_prbt_support/share/moveit_resources_prbt_support/package.dsv
[2.876s] -- Installing: /home/kmw/trees_ws/install/moveit_resources_prbt_support/share/ament_index/resource_index/packages/moveit_resources_prbt_support
[2.877s] -- Installing: /home/kmw/trees_ws/install/moveit_resources_prbt_support/share/moveit_resources_prbt_support/cmake/moveit_resources_prbt_supportConfig.cmake
[2.878s] -- Installing: /home/kmw/trees_ws/install/moveit_resources_prbt_support/share/moveit_resources_prbt_support/cmake/moveit_resources_prbt_supportConfig-version.cmake
[2.878s] -- Installing: /home/kmw/trees_ws/install/moveit_resources_prbt_support/share/moveit_resources_prbt_support/package.xml
[2.879s] -- Installing: /home/kmw/trees_ws/install/moveit_resources_prbt_support/share/moveit_resources_prbt_support/urdf
[2.879s] -- Installing: /home/kmw/trees_ws/install/moveit_resources_prbt_support/share/moveit_resources_prbt_support/urdf/prbt.ros2_control.xacro
[2.879s] -- Installing: /home/kmw/trees_ws/install/moveit_resources_prbt_support/share/moveit_resources_prbt_support/urdf/prbt_macro.xacro
[2.879s] -- Installing: /home/kmw/trees_ws/install/moveit_resources_prbt_support/share/moveit_resources_prbt_support/urdf/prbt.xacro
[2.879s] -- Installing: /home/kmw/trees_ws/install/moveit_resources_prbt_support/share/moveit_resources_prbt_support/urdf/simple_gripper_brackets.urdf.xacro
[2.879s] -- Installing: /home/kmw/trees_ws/install/moveit_resources_prbt_support/share/moveit_resources_prbt_support/meshes
[2.879s] -- Installing: /home/kmw/trees_ws/install/moveit_resources_prbt_support/share/moveit_resources_prbt_support/meshes/link_1.dae
[2.880s] -- Installing: /home/kmw/trees_ws/install/moveit_resources_prbt_support/share/moveit_resources_prbt_support/meshes/link_2.dae
[2.880s] -- Installing: /home/kmw/trees_ws/install/moveit_resources_prbt_support/share/moveit_resources_prbt_support/meshes/link_4.stl
[2.880s] -- Installing: /home/kmw/trees_ws/install/moveit_resources_prbt_support/share/moveit_resources_prbt_support/meshes/foot.dae
[2.881s] -- Installing: /home/kmw/trees_ws/install/moveit_resources_prbt_support/share/moveit_resources_prbt_support/meshes/link_5.dae
[2.881s] -- Installing: /home/kmw/trees_ws/install/moveit_resources_prbt_support/share/moveit_resources_prbt_support/meshes/link_5.stl
[2.881s] -- Installing: /home/kmw/trees_ws/install/moveit_resources_prbt_support/share/moveit_resources_prbt_support/meshes/link_1.stl
[2.882s] -- Installing: /home/kmw/trees_ws/install/moveit_resources_prbt_support/share/moveit_resources_prbt_support/meshes/link_3.stl
[2.882s] -- Installing: /home/kmw/trees_ws/install/moveit_resources_prbt_support/share/moveit_resources_prbt_support/meshes/flange.stl
[2.883s] -- Installing: /home/kmw/trees_ws/install/moveit_resources_prbt_support/share/moveit_resources_prbt_support/meshes/link_2.stl
[2.883s] -- Installing: /home/kmw/trees_ws/install/moveit_resources_prbt_support/share/moveit_resources_prbt_support/meshes/link_3.dae
[2.883s] -- Installing: /home/kmw/trees_ws/install/moveit_resources_prbt_support/share/moveit_resources_prbt_support/meshes/link_4.dae
[2.883s] -- Installing: /home/kmw/trees_ws/install/moveit_resources_prbt_support/share/moveit_resources_prbt_support/meshes/foot.stl
[2.883s] -- Installing: /home/kmw/trees_ws/install/moveit_resources_prbt_support/share/moveit_resources_prbt_support/meshes/flange.dae
[2.883s] -- Installing: /home/kmw/trees_ws/install/moveit_resources_prbt_support/share/moveit_resources_prbt_support/config
[2.883s] -- Installing: /home/kmw/trees_ws/install/moveit_resources_prbt_support/share/moveit_resources_prbt_support/config/manipulator_driver.yaml
[2.884s] -- Installing: /home/kmw/trees_ws/install/moveit_resources_prbt_support/share/moveit_resources_prbt_support/config/prbt_0_1.dcf
[2.884s] -- Installing: /home/kmw/trees_ws/install/moveit_resources_prbt_support/share/moveit_resources_prbt_support/config/manipulator_controller.yaml
