[3.068s] Invoking command in '/home/pi/sensor_fusion/build/ydlidar_ros2_driver': CMAKE_PREFIX_PATH=/opt/ros/foxy /usr/bin/cmake --build /home/pi/sensor_fusion/build/ydlidar_ros2_driver -- -j4 -l4
[4.096s] [ 33%] Built target ydlidar_ros2_driver_client
[4.135s] [ 66%] Built target ydlidar_ros2_driver_node
[4.150s] [100%] Built target ydlidar_ros2_driver_filter
[4.209s] Invoked command in '/home/pi/sensor_fusion/build/ydlidar_ros2_driver' returned '0': CMAKE_PREFIX_PATH=/opt/ros/foxy /usr/bin/cmake --build /home/pi/sensor_fusion/build/ydlidar_ros2_driver -- -j4 -l4
[4.463s] Invoking command in '/home/pi/sensor_fusion/build/ydlidar_ros2_driver': CMAKE_PREFIX_PATH=/opt/ros/foxy /usr/bin/cmake --install /home/pi/sensor_fusion/build/ydlidar_ros2_driver
[4.518s] -- Install configuration: ""
[4.526s] -- Up-to-date: /home/pi/sensor_fusion/install/ydlidar_ros2_driver/lib/ydlidar_ros2_driver/ydlidar_ros2_driver_node
[4.533s] -- Up-to-date: /home/pi/sensor_fusion/install/ydlidar_ros2_driver/lib/ydlidar_ros2_driver/ydlidar_ros2_driver_client
[4.544s] -- Up-to-date: /home/pi/sensor_fusion/install/ydlidar_ros2_driver/lib/ydlidar_ros2_driver/ydlidar_ros2_driver_filter
[4.547s] -- Up-to-date: /home/pi/sensor_fusion/install/ydlidar_ros2_driver/share/ydlidar_ros2_driver/launch
[4.549s] -- Up-to-date: /home/pi/sensor_fusion/install/ydlidar_ros2_driver/share/ydlidar_ros2_driver/launch/ydlidar_launch_view.py
[4.551s] -- Up-to-date: /home/pi/sensor_fusion/install/ydlidar_ros2_driver/share/ydlidar_ros2_driver/launch/ydlidar_launch.py
[4.551s] -- Up-to-date: /home/pi/sensor_fusion/install/ydlidar_ros2_driver/share/ydlidar_ros2_driver/launch/ydlidar.py
[4.552s] -- Up-to-date: /home/pi/sensor_fusion/install/ydlidar_ros2_driver/share/ydlidar_ros2_driver/params
[4.553s] -- Up-to-date: /home/pi/sensor_fusion/install/ydlidar_ros2_driver/share/ydlidar_ros2_driver/params/G2.yaml
[4.554s] -- Up-to-date: /home/pi/sensor_fusion/install/ydlidar_ros2_driver/share/ydlidar_ros2_driver/params/X4.yaml
[4.555s] -- Up-to-date: /home/pi/sensor_fusion/install/ydlidar_ros2_driver/share/ydlidar_ros2_driver/params/X2.yaml.save
[4.556s] -- Up-to-date: /home/pi/sensor_fusion/install/ydlidar_ros2_driver/share/ydlidar_ros2_driver/params/GS2.yaml
[4.557s] -- Up-to-date: /home/pi/sensor_fusion/install/ydlidar_ros2_driver/share/ydlidar_ros2_driver/params/G1.yaml
[4.557s] -- Up-to-date: /home/pi/sensor_fusion/install/ydlidar_ros2_driver/share/ydlidar_ros2_driver/params/TG.yaml
[4.558s] -- Up-to-date: /home/pi/sensor_fusion/install/ydlidar_ros2_driver/share/ydlidar_ros2_driver/params/X2.yaml
[4.559s] -- Up-to-date: /home/pi/sensor_fusion/install/ydlidar_ros2_driver/share/ydlidar_ros2_driver/params/G6.yaml
[4.560s] -- Up-to-date: /home/pi/sensor_fusion/install/ydlidar_ros2_driver/share/ydlidar_ros2_driver/params/TminiPro.yaml
[4.560s] -- Up-to-date: /home/pi/sensor_fusion/install/ydlidar_ros2_driver/share/ydlidar_ros2_driver/params/X4-Pro.yaml
[4.561s] -- Up-to-date: /home/pi/sensor_fusion/install/ydlidar_ros2_driver/share/ydlidar_ros2_driver/params/TEA.yaml
[4.561s] -- Up-to-date: /home/pi/sensor_fusion/install/ydlidar_ros2_driver/share/ydlidar_ros2_driver/params/ydlidar.yaml
[4.562s] -- Up-to-date: /home/pi/sensor_fusion/install/ydlidar_ros2_driver/share/ydlidar_ros2_driver/startup
[4.563s] -- Up-to-date: /home/pi/sensor_fusion/install/ydlidar_ros2_driver/share/ydlidar_ros2_driver/startup/initenv.sh
[4.564s] -- Up-to-date: /home/pi/sensor_fusion/install/ydlidar_ros2_driver/share/ydlidar_ros2_driver/config
[4.564s] -- Up-to-date: /home/pi/sensor_fusion/install/ydlidar_ros2_driver/share/ydlidar_ros2_driver/config/ydlidar.rviz
[4.568s] -- Up-to-date: /home/pi/sensor_fusion/install/ydlidar_ros2_driver/share/ament_index/resource_index/package_run_dependencies/ydlidar_ros2_driver
[4.572s] -- Up-to-date: /home/pi/sensor_fusion/install/ydlidar_ros2_driver/share/ament_index/resource_index/parent_prefix_path/ydlidar_ros2_driver
[4.573s] -- Up-to-date: /home/pi/sensor_fusion/install/ydlidar_ros2_driver/share/ydlidar_ros2_driver/environment/ament_prefix_path.sh
[4.574s] -- Up-to-date: /home/pi/sensor_fusion/install/ydlidar_ros2_driver/share/ydlidar_ros2_driver/environment/ament_prefix_path.dsv
[4.574s] -- Up-to-date: /home/pi/sensor_fusion/install/ydlidar_ros2_driver/share/ydlidar_ros2_driver/environment/path.sh
[4.576s] -- Up-to-date: /home/pi/sensor_fusion/install/ydlidar_ros2_driver/share/ydlidar_ros2_driver/environment/path.dsv
[4.577s] -- Up-to-date: /home/pi/sensor_fusion/install/ydlidar_ros2_driver/share/ydlidar_ros2_driver/local_setup.bash
[4.577s] -- Up-to-date: /home/pi/sensor_fusion/install/ydlidar_ros2_driver/share/ydlidar_ros2_driver/local_setup.sh
[4.578s] -- Up-to-date: /home/pi/sensor_fusion/install/ydlidar_ros2_driver/share/ydlidar_ros2_driver/local_setup.zsh
[4.579s] -- Up-to-date: /home/pi/sensor_fusion/install/ydlidar_ros2_driver/share/ydlidar_ros2_driver/local_setup.dsv
[4.580s] -- Installing: /home/pi/sensor_fusion/install/ydlidar_ros2_driver/share/ydlidar_ros2_driver/package.dsv
[4.586s] -- Up-to-date: /home/pi/sensor_fusion/install/ydlidar_ros2_driver/share/ament_index/resource_index/packages/ydlidar_ros2_driver
[4.592s] -- Up-to-date: /home/pi/sensor_fusion/install/ydlidar_ros2_driver/share/ydlidar_ros2_driver/cmake/ydlidar_ros2_driverConfig.cmake
[4.593s] -- Up-to-date: /home/pi/sensor_fusion/install/ydlidar_ros2_driver/share/ydlidar_ros2_driver/cmake/ydlidar_ros2_driverConfig-version.cmake
[4.594s] -- Up-to-date: /home/pi/sensor_fusion/install/ydlidar_ros2_driver/share/ydlidar_ros2_driver/package.xml
[4.605s] Invoked command in '/home/pi/sensor_fusion/build/ydlidar_ros2_driver' returned '0': CMAKE_PREFIX_PATH=/opt/ros/foxy /usr/bin/cmake --install /home/pi/sensor_fusion/build/ydlidar_ros2_driver
