[0.120s] DEBUG:colcon:Command line arguments: ['/usr/bin/colcon', 'build']
[0.120s] DEBUG:colcon:Parsed command line arguments: Namespace(log_base=None, log_level=None, verb_name='build', build_base='build', install_base='install', merge_install=False, symlink_install=False, test_result_base=None, continue_on_error=False, executor='parallel', parallel_workers=8, event_handlers=None, ignore_user_meta=False, metas=['./colcon.meta'], base_paths=['.'], packages_ignore=None, packages_ignore_regex=None, paths=None, packages_up_to=None, packages_up_to_regex=None, packages_above=None, packages_above_and_dependencies=None, packages_above_depth=None, packages_select_by_dep=None, packages_skip_by_dep=None, packages_skip_up_to=None, packages_select_build_failed=False, packages_skip_build_finished=False, packages_select_test_failures=False, packages_skip_test_passed=False, packages_select=None, packages_skip=None, packages_select_regex=None, packages_skip_regex=None, packages_start=None, packages_end=None, allow_overriding=[], cmake_args=None, cmake_target=None, cmake_target_skip_unavailable=False, cmake_clean_cache=False, cmake_clean_first=False, cmake_force_configure=False, ament_cmake_args=None, catkin_cmake_args=None, catkin_skip_building_tests=False, mixin_files=None, mixin=None, verb_parser=<colcon_mixin.mixin.mixin_argument.MixinArgumentDecorator object at 0x7fc900f32e90>, verb_extension=<colcon_core.verb.build.BuildVerb object at 0x7fc901017a90>, main=<bound method BuildVerb.main of <colcon_core.verb.build.BuildVerb object at 0x7fc901017a90>>, mixin_verb=('build',))
[0.286s] Level 1:colcon.colcon_core.package_discovery:discover_packages(colcon_meta) check parameters
[0.286s] Level 1:colcon.colcon_core.package_discovery:discover_packages(recursive) check parameters
[0.286s] Level 1:colcon.colcon_core.package_discovery:discover_packages(ignore) check parameters
[0.286s] Level 1:colcon.colcon_core.package_discovery:discover_packages(path) check parameters
[0.286s] Level 1:colcon.colcon_core.package_discovery:discover_packages(colcon_meta) discover
[0.286s] Level 1:colcon.colcon_core.package_discovery:discover_packages(recursive) discover
[0.286s] INFO:colcon.colcon_core.package_discovery:Crawling recursively for packages in '/home/kmw/cam_ws'
[0.286s] Level 1:colcon.colcon_core.package_identification:_identify(.) by extensions ['ignore', 'ignore_ament_install']
[0.286s] Level 1:colcon.colcon_core.package_identification:_identify(.) by extension 'ignore'
[0.286s] Level 1:colcon.colcon_core.package_identification:_identify(.) by extension 'ignore_ament_install'
[0.287s] Level 1:colcon.colcon_core.package_identification:_identify(.) by extensions ['colcon_pkg']
[0.287s] Level 1:colcon.colcon_core.package_identification:_identify(.) by extension 'colcon_pkg'
[0.287s] Level 1:colcon.colcon_core.package_identification:_identify(.) by extensions ['colcon_meta']
[0.287s] Level 1:colcon.colcon_core.package_identification:_identify(.) by extension 'colcon_meta'
[0.287s] Level 1:colcon.colcon_core.package_identification:_identify(.) by extensions ['ros']
[0.287s] Level 1:colcon.colcon_core.package_identification:_identify(.) by extension 'ros'
[0.298s] Level 1:colcon.colcon_core.package_identification:_identify(.) by extensions ['cmake', 'python']
[0.298s] Level 1:colcon.colcon_core.package_identification:_identify(.) by extension 'cmake'
[0.299s] Level 1:colcon.colcon_core.package_identification:_identify(.) by extension 'python'
[0.299s] Level 1:colcon.colcon_core.package_identification:_identify(.) by extensions ['python_setup_py']
[0.299s] Level 1:colcon.colcon_core.package_identification:_identify(.) by extension 'python_setup_py'
[0.299s] Level 1:colcon.colcon_core.package_identification:_identify(build) by extensions ['ignore', 'ignore_ament_install']
[0.299s] Level 1:colcon.colcon_core.package_identification:_identify(build) by extension 'ignore'
[0.299s] Level 1:colcon.colcon_core.package_identification:_identify(build) ignored
[0.299s] Level 1:colcon.colcon_core.package_identification:_identify(install) by extensions ['ignore', 'ignore_ament_install']
[0.299s] Level 1:colcon.colcon_core.package_identification:_identify(install) by extension 'ignore'
[0.299s] Level 1:colcon.colcon_core.package_identification:_identify(install) ignored
[0.299s] Level 1:colcon.colcon_core.package_identification:_identify(log) by extensions ['ignore', 'ignore_ament_install']
[0.299s] Level 1:colcon.colcon_core.package_identification:_identify(log) by extension 'ignore'
[0.299s] Level 1:colcon.colcon_core.package_identification:_identify(log) ignored
[0.299s] Level 1:colcon.colcon_core.package_identification:_identify(src) by extensions ['ignore', 'ignore_ament_install']
[0.300s] Level 1:colcon.colcon_core.package_identification:_identify(src) by extension 'ignore'
[0.300s] Level 1:colcon.colcon_core.package_identification:_identify(src) by extension 'ignore_ament_install'
[0.300s] Level 1:colcon.colcon_core.package_identification:_identify(src) by extensions ['colcon_pkg']
[0.300s] Level 1:colcon.colcon_core.package_identification:_identify(src) by extension 'colcon_pkg'
[0.300s] Level 1:colcon.colcon_core.package_identification:_identify(src) by extensions ['colcon_meta']
[0.300s] Level 1:colcon.colcon_core.package_identification:_identify(src) by extension 'colcon_meta'
[0.300s] Level 1:colcon.colcon_core.package_identification:_identify(src) by extensions ['ros']
[0.300s] Level 1:colcon.colcon_core.package_identification:_identify(src) by extension 'ros'
[0.300s] Level 1:colcon.colcon_core.package_identification:_identify(src) by extensions ['cmake', 'python']
[0.300s] Level 1:colcon.colcon_core.package_identification:_identify(src) by extension 'cmake'
[0.300s] Level 1:colcon.colcon_core.package_identification:_identify(src) by extension 'python'
[0.300s] Level 1:colcon.colcon_core.package_identification:_identify(src) by extensions ['python_setup_py']
[0.300s] Level 1:colcon.colcon_core.package_identification:_identify(src) by extension 'python_setup_py'
[0.300s] Level 1:colcon.colcon_core.package_identification:_identify(src/laserscan_to_pointcloud) by extensions ['ignore', 'ignore_ament_install']
[0.300s] Level 1:colcon.colcon_core.package_identification:_identify(src/laserscan_to_pointcloud) by extension 'ignore'
[0.300s] Level 1:colcon.colcon_core.package_identification:_identify(src/laserscan_to_pointcloud) by extension 'ignore_ament_install'
[0.300s] Level 1:colcon.colcon_core.package_identification:_identify(src/laserscan_to_pointcloud) by extensions ['colcon_pkg']
[0.300s] Level 1:colcon.colcon_core.package_identification:_identify(src/laserscan_to_pointcloud) by extension 'colcon_pkg'
[0.300s] Level 1:colcon.colcon_core.package_identification:_identify(src/laserscan_to_pointcloud) by extensions ['colcon_meta']
[0.300s] Level 1:colcon.colcon_core.package_identification:_identify(src/laserscan_to_pointcloud) by extension 'colcon_meta'
[0.300s] Level 1:colcon.colcon_core.package_identification:_identify(src/laserscan_to_pointcloud) by extensions ['ros']
[0.301s] Level 1:colcon.colcon_core.package_identification:_identify(src/laserscan_to_pointcloud) by extension 'ros'
[0.303s] DEBUG:colcon.colcon_core.package_identification:Package 'src/laserscan_to_pointcloud' with type 'ros.ament_cmake' and name 'laserscan_to_pointcloud'
[0.303s] Level 1:colcon.colcon_core.package_identification:_identify(src/projection) by extensions ['ignore', 'ignore_ament_install']
[0.303s] Level 1:colcon.colcon_core.package_identification:_identify(src/projection) by extension 'ignore'
[0.303s] Level 1:colcon.colcon_core.package_identification:_identify(src/projection) by extension 'ignore_ament_install'
[0.303s] Level 1:colcon.colcon_core.package_identification:_identify(src/projection) by extensions ['colcon_pkg']
[0.303s] Level 1:colcon.colcon_core.package_identification:_identify(src/projection) by extension 'colcon_pkg'
[0.304s] Level 1:colcon.colcon_core.package_identification:_identify(src/projection) by extensions ['colcon_meta']
[0.304s] Level 1:colcon.colcon_core.package_identification:_identify(src/projection) by extension 'colcon_meta'
[0.304s] Level 1:colcon.colcon_core.package_identification:_identify(src/projection) by extensions ['ros']
[0.304s] Level 1:colcon.colcon_core.package_identification:_identify(src/projection) by extension 'ros'
[0.304s] DEBUG:colcon.colcon_core.package_identification:Package 'src/projection' with type 'ros.ament_python' and name 'projection'
[0.305s] Level 1:colcon.colcon_core.package_identification:_identify(src/ros2_cv_cam) by extensions ['ignore', 'ignore_ament_install']
[0.305s] Level 1:colcon.colcon_core.package_identification:_identify(src/ros2_cv_cam) by extension 'ignore'
[0.305s] Level 1:colcon.colcon_core.package_identification:_identify(src/ros2_cv_cam) by extension 'ignore_ament_install'
[0.305s] Level 1:colcon.colcon_core.package_identification:_identify(src/ros2_cv_cam) by extensions ['colcon_pkg']
[0.305s] Level 1:colcon.colcon_core.package_identification:_identify(src/ros2_cv_cam) by extension 'colcon_pkg'
[0.305s] Level 1:colcon.colcon_core.package_identification:_identify(src/ros2_cv_cam) by extensions ['colcon_meta']
[0.305s] Level 1:colcon.colcon_core.package_identification:_identify(src/ros2_cv_cam) by extension 'colcon_meta'
[0.305s] Level 1:colcon.colcon_core.package_identification:_identify(src/ros2_cv_cam) by extensions ['ros']
[0.305s] Level 1:colcon.colcon_core.package_identification:_identify(src/ros2_cv_cam) by extension 'ros'
[0.305s] DEBUG:colcon.colcon_core.package_identification:Package 'src/ros2_cv_cam' with type 'ros.ament_python' and name 'ros2_cv_cam'
[0.306s] Level 1:colcon.colcon_core.package_discovery:discover_packages(recursive) using defaults
[0.306s] Level 1:colcon.colcon_core.package_discovery:discover_packages(ignore) discover
[0.306s] Level 1:colcon.colcon_core.package_discovery:discover_packages(ignore) using defaults
[0.306s] Level 1:colcon.colcon_core.package_discovery:discover_packages(path) discover
[0.306s] Level 1:colcon.colcon_core.package_discovery:discover_packages(path) using defaults
[0.338s] Level 1:colcon.colcon_core.package_discovery:discover_packages(prefix_path) check parameters
[0.338s] Level 1:colcon.colcon_core.package_discovery:discover_packages(prefix_path) discover
[0.340s] DEBUG:colcon.colcon_installed_package_information.package_discovery:Found 3 installed packages in /home/kmw/cam_ws/install
[0.341s] DEBUG:colcon.colcon_installed_package_information.package_discovery:Found 270 installed packages in /opt/ros/humble
[0.342s] Level 1:colcon.colcon_core.package_discovery:discover_packages(prefix_path) using defaults
[0.383s] Level 5:colcon.colcon_core.verb:set package 'laserscan_to_pointcloud' build argument 'cmake_args' from command line to 'None'
[0.383s] Level 5:colcon.colcon_core.verb:set package 'laserscan_to_pointcloud' build argument 'cmake_target' from command line to 'None'
[0.383s] Level 5:colcon.colcon_core.verb:set package 'laserscan_to_pointcloud' build argument 'cmake_target_skip_unavailable' from command line to 'False'
[0.383s] Level 5:colcon.colcon_core.verb:set package 'laserscan_to_pointcloud' build argument 'cmake_clean_cache' from command line to 'False'
[0.383s] Level 5:colcon.colcon_core.verb:set package 'laserscan_to_pointcloud' build argument 'cmake_clean_first' from command line to 'False'
[0.383s] Level 5:colcon.colcon_core.verb:set package 'laserscan_to_pointcloud' build argument 'cmake_force_configure' from command line to 'False'
[0.383s] Level 5:colcon.colcon_core.verb:set package 'laserscan_to_pointcloud' build argument 'ament_cmake_args' from command line to 'None'
[0.383s] Level 5:colcon.colcon_core.verb:set package 'laserscan_to_pointcloud' build argument 'catkin_cmake_args' from command line to 'None'
[0.383s] Level 5:colcon.colcon_core.verb:set package 'laserscan_to_pointcloud' build argument 'catkin_skip_building_tests' from command line to 'False'
[0.383s] DEBUG:colcon.colcon_core.verb:Building package 'laserscan_to_pointcloud' with the following arguments: {'ament_cmake_args': None, 'build_base': '/home/kmw/cam_ws/build/laserscan_to_pointcloud', 'catkin_cmake_args': None, 'catkin_skip_building_tests': False, 'cmake_args': None, 'cmake_clean_cache': False, 'cmake_clean_first': False, 'cmake_force_configure': False, 'cmake_target': None, 'cmake_target_skip_unavailable': False, 'install_base': '/home/kmw/cam_ws/install/laserscan_to_pointcloud', 'merge_install': False, 'path': '/home/kmw/cam_ws/src/laserscan_to_pointcloud', 'symlink_install': False, 'test_result_base': None}
[0.384s] Level 5:colcon.colcon_core.verb:set package 'projection' build argument 'cmake_args' from command line to 'None'
[0.384s] Level 5:colcon.colcon_core.verb:set package 'projection' build argument 'cmake_target' from command line to 'None'
[0.384s] Level 5:colcon.colcon_core.verb:set package 'projection' build argument 'cmake_target_skip_unavailable' from command line to 'False'
[0.384s] Level 5:colcon.colcon_core.verb:set package 'projection' build argument 'cmake_clean_cache' from command line to 'False'
[0.384s] Level 5:colcon.colcon_core.verb:set package 'projection' build argument 'cmake_clean_first' from command line to 'False'
[0.384s] Level 5:colcon.colcon_core.verb:set package 'projection' build argument 'cmake_force_configure' from command line to 'False'
[0.384s] Level 5:colcon.colcon_core.verb:set package 'projection' build argument 'ament_cmake_args' from command line to 'None'
[0.384s] Level 5:colcon.colcon_core.verb:set package 'projection' build argument 'catkin_cmake_args' from command line to 'None'
[0.384s] Level 5:colcon.colcon_core.verb:set package 'projection' build argument 'catkin_skip_building_tests' from command line to 'False'
[0.384s] DEBUG:colcon.colcon_core.verb:Building package 'projection' with the following arguments: {'ament_cmake_args': None, 'build_base': '/home/kmw/cam_ws/build/projection', 'catkin_cmake_args': None, 'catkin_skip_building_tests': False, 'cmake_args': None, 'cmake_clean_cache': False, 'cmake_clean_first': False, 'cmake_force_configure': False, 'cmake_target': None, 'cmake_target_skip_unavailable': False, 'install_base': '/home/kmw/cam_ws/install/projection', 'merge_install': False, 'path': '/home/kmw/cam_ws/src/projection', 'symlink_install': False, 'test_result_base': None}
[0.384s] Level 5:colcon.colcon_core.verb:set package 'ros2_cv_cam' build argument 'cmake_args' from command line to 'None'
[0.384s] Level 5:colcon.colcon_core.verb:set package 'ros2_cv_cam' build argument 'cmake_target' from command line to 'None'
[0.384s] Level 5:colcon.colcon_core.verb:set package 'ros2_cv_cam' build argument 'cmake_target_skip_unavailable' from command line to 'False'
[0.384s] Level 5:colcon.colcon_core.verb:set package 'ros2_cv_cam' build argument 'cmake_clean_cache' from command line to 'False'
[0.384s] Level 5:colcon.colcon_core.verb:set package 'ros2_cv_cam' build argument 'cmake_clean_first' from command line to 'False'
[0.384s] Level 5:colcon.colcon_core.verb:set package 'ros2_cv_cam' build argument 'cmake_force_configure' from command line to 'False'
[0.384s] Level 5:colcon.colcon_core.verb:set package 'ros2_cv_cam' build argument 'ament_cmake_args' from command line to 'None'
[0.384s] Level 5:colcon.colcon_core.verb:set package 'ros2_cv_cam' build argument 'catkin_cmake_args' from command line to 'None'
[0.384s] Level 5:colcon.colcon_core.verb:set package 'ros2_cv_cam' build argument 'catkin_skip_building_tests' from command line to 'False'
[0.385s] DEBUG:colcon.colcon_core.verb:Building package 'ros2_cv_cam' with the following arguments: {'ament_cmake_args': None, 'build_base': '/home/kmw/cam_ws/build/ros2_cv_cam', 'catkin_cmake_args': None, 'catkin_skip_building_tests': False, 'cmake_args': None, 'cmake_clean_cache': False, 'cmake_clean_first': False, 'cmake_force_configure': False, 'cmake_target': None, 'cmake_target_skip_unavailable': False, 'install_base': '/home/kmw/cam_ws/install/ros2_cv_cam', 'merge_install': False, 'path': '/home/kmw/cam_ws/src/ros2_cv_cam', 'symlink_install': False, 'test_result_base': None}
[0.385s] INFO:colcon.colcon_core.executor:Executing jobs using 'parallel' executor
[0.386s] DEBUG:colcon.colcon_parallel_executor.executor.parallel:run_until_complete
[0.386s] INFO:colcon.colcon_ros.task.ament_cmake.build:Building ROS package in '/home/kmw/cam_ws/src/laserscan_to_pointcloud' with build type 'ament_cmake'
[0.386s] INFO:colcon.colcon_cmake.task.cmake.build:Building CMake package in '/home/kmw/cam_ws/src/laserscan_to_pointcloud'
[0.388s] INFO:colcon.colcon_core.plugin_system:Skipping extension 'colcon_core.shell.bat': Not used on non-Windows systems
[0.388s] INFO:colcon.colcon_core.shell:Skip shell extension 'powershell' for command environment: Not usable outside of PowerShell
[0.388s] DEBUG:colcon.colcon_core.shell:Skip shell extension 'dsv' for command environment
[0.392s] INFO:colcon.colcon_ros.task.ament_python.build:Building ROS package in '/home/kmw/cam_ws/src/projection' with build type 'ament_python'
[0.392s] Level 1:colcon.colcon_core.shell:create_environment_hook('projection', 'ament_prefix_path')
[0.392s] INFO:colcon.colcon_core.shell:Creating environment hook '/home/kmw/cam_ws/install/projection/share/projection/hook/ament_prefix_path.ps1'
[0.393s] INFO:colcon.colcon_core.shell:Creating environment descriptor '/home/kmw/cam_ws/install/projection/share/projection/hook/ament_prefix_path.dsv'
[0.393s] INFO:colcon.colcon_core.shell:Creating environment hook '/home/kmw/cam_ws/install/projection/share/projection/hook/ament_prefix_path.sh'
[0.394s] INFO:colcon.colcon_core.shell:Skip shell extension 'powershell' for command environment: Not usable outside of PowerShell
[0.394s] DEBUG:colcon.colcon_core.shell:Skip shell extension 'dsv' for command environment
[0.397s] INFO:colcon.colcon_ros.task.ament_python.build:Building ROS package in '/home/kmw/cam_ws/src/ros2_cv_cam' with build type 'ament_python'
[0.397s] Level 1:colcon.colcon_core.shell:create_environment_hook('ros2_cv_cam', 'ament_prefix_path')
[0.397s] INFO:colcon.colcon_core.shell:Creating environment hook '/home/kmw/cam_ws/install/ros2_cv_cam/share/ros2_cv_cam/hook/ament_prefix_path.ps1'
[0.398s] INFO:colcon.colcon_core.shell:Creating environment descriptor '/home/kmw/cam_ws/install/ros2_cv_cam/share/ros2_cv_cam/hook/ament_prefix_path.dsv'
[0.399s] INFO:colcon.colcon_core.shell:Creating environment hook '/home/kmw/cam_ws/install/ros2_cv_cam/share/ros2_cv_cam/hook/ament_prefix_path.sh'
[0.399s] INFO:colcon.colcon_core.shell:Skip shell extension 'powershell' for command environment: Not usable outside of PowerShell
[0.399s] DEBUG:colcon.colcon_core.shell:Skip shell extension 'dsv' for command environment
[0.418s] DEBUG:colcon.colcon_core.event_handler.log_command:Invoking command in '/home/kmw/cam_ws/build/laserscan_to_pointcloud': CMAKE_PREFIX_PATH=${CMAKE_PREFIX_PATH}:/home/kmw/cam_ws/install/ros2_cv_cam:/home/kmw/cam_ws/install/projection:/opt/ros/humble CONDA_PROMPT_MODIFIER=(base) /usr/bin/cmake --build /home/kmw/cam_ws/build/laserscan_to_pointcloud -- -j8 -l8
[0.760s] INFO:colcon.colcon_core.task.python.build:Building Python package in '/home/kmw/cam_ws/src/projection'
[0.761s] INFO:colcon.colcon_core.shell:Skip shell extension 'powershell' for command environment: Not usable outside of PowerShell
[0.761s] DEBUG:colcon.colcon_core.shell:Skip shell extension 'dsv' for command environment
[1.044s] INFO:colcon.colcon_core.task.python.build:Building Python package in '/home/kmw/cam_ws/src/ros2_cv_cam'
[1.044s] INFO:colcon.colcon_core.shell:Skip shell extension 'powershell' for command environment: Not usable outside of PowerShell
[1.044s] DEBUG:colcon.colcon_core.shell:Skip shell extension 'dsv' for command environment
[1.049s] DEBUG:colcon.colcon_core.event_handler.log_command:Invoked command in '/home/kmw/cam_ws/build/laserscan_to_pointcloud' returned '0': CMAKE_PREFIX_PATH=${CMAKE_PREFIX_PATH}:/home/kmw/cam_ws/install/ros2_cv_cam:/home/kmw/cam_ws/install/projection:/opt/ros/humble CONDA_PROMPT_MODIFIER=(base) /usr/bin/cmake --build /home/kmw/cam_ws/build/laserscan_to_pointcloud -- -j8 -l8
[1.090s] DEBUG:colcon.colcon_core.event_handler.log_command:Invoking command in '/home/kmw/cam_ws/build/laserscan_to_pointcloud': CMAKE_PREFIX_PATH=${CMAKE_PREFIX_PATH}:/home/kmw/cam_ws/install/ros2_cv_cam:/home/kmw/cam_ws/install/projection:/opt/ros/humble CONDA_PROMPT_MODIFIER=(base) /usr/bin/cmake --install /home/kmw/cam_ws/build/laserscan_to_pointcloud
[1.100s] Level 1:colcon.colcon_core.environment:create_environment_scripts_only(laserscan_to_pointcloud)
[1.101s] DEBUG:colcon.colcon_core.event_handler.log_command:Invoked command in '/home/kmw/cam_ws/build/laserscan_to_pointcloud' returned '0': CMAKE_PREFIX_PATH=${CMAKE_PREFIX_PATH}:/home/kmw/cam_ws/install/ros2_cv_cam:/home/kmw/cam_ws/install/projection:/opt/ros/humble CONDA_PROMPT_MODIFIER=(base) /usr/bin/cmake --install /home/kmw/cam_ws/build/laserscan_to_pointcloud
[1.105s] Level 1:colcon.colcon_core.environment:checking '/home/kmw/cam_ws/install/laserscan_to_pointcloud' for CMake module files
[1.105s] Level 1:colcon.colcon_core.environment:checking '/home/kmw/cam_ws/install/laserscan_to_pointcloud' for CMake config files
[1.106s] Level 1:colcon.colcon_core.shell:create_environment_hook('laserscan_to_pointcloud', 'cmake_prefix_path')
[1.106s] INFO:colcon.colcon_core.shell:Creating environment hook '/home/kmw/cam_ws/install/laserscan_to_pointcloud/share/laserscan_to_pointcloud/hook/cmake_prefix_path.ps1'
[1.107s] INFO:colcon.colcon_core.shell:Creating environment descriptor '/home/kmw/cam_ws/install/laserscan_to_pointcloud/share/laserscan_to_pointcloud/hook/cmake_prefix_path.dsv'
[1.108s] INFO:colcon.colcon_core.shell:Creating environment hook '/home/kmw/cam_ws/install/laserscan_to_pointcloud/share/laserscan_to_pointcloud/hook/cmake_prefix_path.sh'
[1.108s] Level 1:colcon.colcon_core.environment:checking '/home/kmw/cam_ws/install/laserscan_to_pointcloud/lib'
[1.109s] Level 1:colcon.colcon_core.environment:checking '/home/kmw/cam_ws/install/laserscan_to_pointcloud/bin'
[1.109s] Level 1:colcon.colcon_core.environment:checking '/home/kmw/cam_ws/install/laserscan_to_pointcloud/lib/pkgconfig/laserscan_to_pointcloud.pc'
[1.109s] Level 1:colcon.colcon_core.environment:checking '/home/kmw/cam_ws/install/laserscan_to_pointcloud/lib/python3.10/site-packages'
[1.109s] Level 1:colcon.colcon_core.environment:checking '/home/kmw/cam_ws/install/laserscan_to_pointcloud/bin'
[1.110s] INFO:colcon.colcon_core.shell:Creating package script '/home/kmw/cam_ws/install/laserscan_to_pointcloud/share/laserscan_to_pointcloud/package.ps1'
[1.111s] INFO:colcon.colcon_core.shell:Creating package descriptor '/home/kmw/cam_ws/install/laserscan_to_pointcloud/share/laserscan_to_pointcloud/package.dsv'
[1.112s] INFO:colcon.colcon_core.shell:Creating package script '/home/kmw/cam_ws/install/laserscan_to_pointcloud/share/laserscan_to_pointcloud/package.sh'
[1.113s] INFO:colcon.colcon_core.shell:Creating package script '/home/kmw/cam_ws/install/laserscan_to_pointcloud/share/laserscan_to_pointcloud/package.bash'
[1.115s] INFO:colcon.colcon_core.shell:Creating package script '/home/kmw/cam_ws/install/laserscan_to_pointcloud/share/laserscan_to_pointcloud/package.zsh'
[1.116s] Level 1:colcon.colcon_core.environment:create_file_with_runtime_dependencies(/home/kmw/cam_ws/install/laserscan_to_pointcloud/share/colcon-core/packages/laserscan_to_pointcloud)
[1.146s] Level 1:colcon.colcon_core.environment:create_environment_scripts_only(laserscan_to_pointcloud)
[1.147s] Level 1:colcon.colcon_core.environment:checking '/home/kmw/cam_ws/install/laserscan_to_pointcloud' for CMake module files
[1.148s] Level 1:colcon.colcon_core.environment:checking '/home/kmw/cam_ws/install/laserscan_to_pointcloud' for CMake config files
[1.148s] Level 1:colcon.colcon_core.shell:create_environment_hook('laserscan_to_pointcloud', 'cmake_prefix_path')
[1.149s] INFO:colcon.colcon_core.shell:Creating environment hook '/home/kmw/cam_ws/install/laserscan_to_pointcloud/share/laserscan_to_pointcloud/hook/cmake_prefix_path.ps1'
[1.150s] INFO:colcon.colcon_core.shell:Creating environment descriptor '/home/kmw/cam_ws/install/laserscan_to_pointcloud/share/laserscan_to_pointcloud/hook/cmake_prefix_path.dsv'
[1.150s] INFO:colcon.colcon_core.shell:Creating environment hook '/home/kmw/cam_ws/install/laserscan_to_pointcloud/share/laserscan_to_pointcloud/hook/cmake_prefix_path.sh'
[1.152s] Level 1:colcon.colcon_core.environment:checking '/home/kmw/cam_ws/install/laserscan_to_pointcloud/lib'
[1.153s] Level 1:colcon.colcon_core.environment:checking '/home/kmw/cam_ws/install/laserscan_to_pointcloud/bin'
[1.153s] Level 1:colcon.colcon_core.environment:checking '/home/kmw/cam_ws/install/laserscan_to_pointcloud/lib/pkgconfig/laserscan_to_pointcloud.pc'
[1.154s] Level 1:colcon.colcon_core.environment:checking '/home/kmw/cam_ws/install/laserscan_to_pointcloud/lib/python3.10/site-packages'
[1.155s] Level 1:colcon.colcon_core.environment:checking '/home/kmw/cam_ws/install/laserscan_to_pointcloud/bin'
[1.156s] INFO:colcon.colcon_core.shell:Creating package script '/home/kmw/cam_ws/install/laserscan_to_pointcloud/share/laserscan_to_pointcloud/package.ps1'
[1.157s] INFO:colcon.colcon_core.shell:Creating package descriptor '/home/kmw/cam_ws/install/laserscan_to_pointcloud/share/laserscan_to_pointcloud/package.dsv'
[1.158s] INFO:colcon.colcon_core.shell:Creating package script '/home/kmw/cam_ws/install/laserscan_to_pointcloud/share/laserscan_to_pointcloud/package.sh'
[1.159s] INFO:colcon.colcon_core.shell:Creating package script '/home/kmw/cam_ws/install/laserscan_to_pointcloud/share/laserscan_to_pointcloud/package.bash'
[1.160s] INFO:colcon.colcon_core.shell:Creating package script '/home/kmw/cam_ws/install/laserscan_to_pointcloud/share/laserscan_to_pointcloud/package.zsh'
[1.161s] Level 1:colcon.colcon_core.environment:create_file_with_runtime_dependencies(/home/kmw/cam_ws/install/laserscan_to_pointcloud/share/colcon-core/packages/laserscan_to_pointcloud)
[1.471s] DEBUG:colcon.colcon_core.event_handler.log_command:Invoking command in '/home/kmw/cam_ws/src/projection': CONDA_PROMPT_MODIFIER=(base) PYTHONPATH=/home/kmw/cam_ws/build/projection/prefix_override:/usr/lib/python3/dist-packages/colcon_core/task/python/colcon_distutils_commands:/home/kmw/cam_ws/install/projection/lib/python3.10/site-packages:${PYTHONPATH} /usr/bin/python3 -W ignore:setup.py install is deprecated setup.py egg_info --egg-base ../../build/projection build --build-base /home/kmw/cam_ws/build/projection/build install --record /home/kmw/cam_ws/build/projection/install.log --single-version-externally-managed install_data
[1.505s] DEBUG:colcon.colcon_core.event_handler.log_command:Invoking command in '/home/kmw/cam_ws/src/ros2_cv_cam': CONDA_PROMPT_MODIFIER=(base) PYTHONPATH=/home/kmw/cam_ws/build/ros2_cv_cam/prefix_override:/usr/lib/python3/dist-packages/colcon_core/task/python/colcon_distutils_commands:/home/kmw/cam_ws/install/ros2_cv_cam/lib/python3.10/site-packages:${PYTHONPATH} /usr/bin/python3 -W ignore:setup.py install is deprecated setup.py egg_info --egg-base ../../build/ros2_cv_cam build --build-base /home/kmw/cam_ws/build/ros2_cv_cam/build install --record /home/kmw/cam_ws/build/ros2_cv_cam/install.log --single-version-externally-managed install_data
[1.798s] Level 1:colcon.colcon_core.environment:checking '/home/kmw/cam_ws/install/projection' for CMake module files
[1.798s] DEBUG:colcon.colcon_core.event_handler.log_command:Invoked command in '/home/kmw/cam_ws/src/projection' returned '0': CONDA_PROMPT_MODIFIER=(base) PYTHONPATH=/home/kmw/cam_ws/build/projection/prefix_override:/usr/lib/python3/dist-packages/colcon_core/task/python/colcon_distutils_commands:/home/kmw/cam_ws/install/projection/lib/python3.10/site-packages:${PYTHONPATH} /usr/bin/python3 -W ignore:setup.py install is deprecated setup.py egg_info --egg-base ../../build/projection build --build-base /home/kmw/cam_ws/build/projection/build install --record /home/kmw/cam_ws/build/projection/install.log --single-version-externally-managed install_data
[1.799s] Level 1:colcon.colcon_core.environment:checking '/home/kmw/cam_ws/install/projection' for CMake config files
[1.800s] Level 1:colcon.colcon_core.environment:checking '/home/kmw/cam_ws/install/projection/lib'
[1.800s] Level 1:colcon.colcon_core.environment:checking '/home/kmw/cam_ws/install/projection/bin'
[1.800s] Level 1:colcon.colcon_core.environment:checking '/home/kmw/cam_ws/install/projection/lib/pkgconfig/projection.pc'
[1.801s] Level 1:colcon.colcon_core.environment:checking '/home/kmw/cam_ws/install/projection/lib/python3.10/site-packages'
[1.801s] Level 1:colcon.colcon_core.shell:create_environment_hook('projection', 'pythonpath')
[1.801s] INFO:colcon.colcon_core.shell:Creating environment hook '/home/kmw/cam_ws/install/projection/share/projection/hook/pythonpath.ps1'
[1.803s] INFO:colcon.colcon_core.shell:Creating environment descriptor '/home/kmw/cam_ws/install/projection/share/projection/hook/pythonpath.dsv'
[1.804s] INFO:colcon.colcon_core.shell:Creating environment hook '/home/kmw/cam_ws/install/projection/share/projection/hook/pythonpath.sh'
[1.805s] Level 1:colcon.colcon_core.environment:checking '/home/kmw/cam_ws/install/projection/bin'
[1.805s] Level 1:colcon.colcon_core.environment:create_environment_scripts_only(projection)
[1.806s] INFO:colcon.colcon_core.shell:Creating package script '/home/kmw/cam_ws/install/projection/share/projection/package.ps1'
[1.807s] INFO:colcon.colcon_core.shell:Creating package descriptor '/home/kmw/cam_ws/install/projection/share/projection/package.dsv'
[1.807s] INFO:colcon.colcon_core.shell:Creating package script '/home/kmw/cam_ws/install/projection/share/projection/package.sh'
[1.808s] INFO:colcon.colcon_core.shell:Creating package script '/home/kmw/cam_ws/install/projection/share/projection/package.bash'
[1.809s] INFO:colcon.colcon_core.shell:Creating package script '/home/kmw/cam_ws/install/projection/share/projection/package.zsh'
[1.810s] Level 1:colcon.colcon_core.environment:create_file_with_runtime_dependencies(/home/kmw/cam_ws/install/projection/share/colcon-core/packages/projection)
[1.838s] Level 1:colcon.colcon_core.environment:checking '/home/kmw/cam_ws/install/ros2_cv_cam' for CMake module files
[1.839s] DEBUG:colcon.colcon_core.event_handler.log_command:Invoked command in '/home/kmw/cam_ws/src/ros2_cv_cam' returned '0': CONDA_PROMPT_MODIFIER=(base) PYTHONPATH=/home/kmw/cam_ws/build/ros2_cv_cam/prefix_override:/usr/lib/python3/dist-packages/colcon_core/task/python/colcon_distutils_commands:/home/kmw/cam_ws/install/ros2_cv_cam/lib/python3.10/site-packages:${PYTHONPATH} /usr/bin/python3 -W ignore:setup.py install is deprecated setup.py egg_info --egg-base ../../build/ros2_cv_cam build --build-base /home/kmw/cam_ws/build/ros2_cv_cam/build install --record /home/kmw/cam_ws/build/ros2_cv_cam/install.log --single-version-externally-managed install_data
[1.839s] Level 1:colcon.colcon_core.environment:checking '/home/kmw/cam_ws/install/ros2_cv_cam' for CMake config files
[1.840s] Level 1:colcon.colcon_core.environment:checking '/home/kmw/cam_ws/install/ros2_cv_cam/lib'
[1.841s] Level 1:colcon.colcon_core.environment:checking '/home/kmw/cam_ws/install/ros2_cv_cam/bin'
[1.841s] Level 1:colcon.colcon_core.environment:checking '/home/kmw/cam_ws/install/ros2_cv_cam/lib/pkgconfig/ros2_cv_cam.pc'
[1.841s] Level 1:colcon.colcon_core.environment:checking '/home/kmw/cam_ws/install/ros2_cv_cam/lib/python3.10/site-packages'
[1.841s] Level 1:colcon.colcon_core.shell:create_environment_hook('ros2_cv_cam', 'pythonpath')
[1.841s] INFO:colcon.colcon_core.shell:Creating environment hook '/home/kmw/cam_ws/install/ros2_cv_cam/share/ros2_cv_cam/hook/pythonpath.ps1'
[1.842s] INFO:colcon.colcon_core.shell:Creating environment descriptor '/home/kmw/cam_ws/install/ros2_cv_cam/share/ros2_cv_cam/hook/pythonpath.dsv'
[1.842s] INFO:colcon.colcon_core.shell:Creating environment hook '/home/kmw/cam_ws/install/ros2_cv_cam/share/ros2_cv_cam/hook/pythonpath.sh'
[1.843s] Level 1:colcon.colcon_core.environment:checking '/home/kmw/cam_ws/install/ros2_cv_cam/bin'
[1.843s] Level 1:colcon.colcon_core.environment:create_environment_scripts_only(ros2_cv_cam)
[1.843s] INFO:colcon.colcon_core.shell:Creating package script '/home/kmw/cam_ws/install/ros2_cv_cam/share/ros2_cv_cam/package.ps1'
[1.844s] INFO:colcon.colcon_core.shell:Creating package descriptor '/home/kmw/cam_ws/install/ros2_cv_cam/share/ros2_cv_cam/package.dsv'
[1.844s] INFO:colcon.colcon_core.shell:Creating package script '/home/kmw/cam_ws/install/ros2_cv_cam/share/ros2_cv_cam/package.sh'
[1.845s] INFO:colcon.colcon_core.shell:Creating package script '/home/kmw/cam_ws/install/ros2_cv_cam/share/ros2_cv_cam/package.bash'
[1.846s] INFO:colcon.colcon_core.shell:Creating package script '/home/kmw/cam_ws/install/ros2_cv_cam/share/ros2_cv_cam/package.zsh'
[1.846s] Level 1:colcon.colcon_core.environment:create_file_with_runtime_dependencies(/home/kmw/cam_ws/install/ros2_cv_cam/share/colcon-core/packages/ros2_cv_cam)
[1.847s] DEBUG:colcon.colcon_parallel_executor.executor.parallel:closing loop
[1.847s] DEBUG:colcon.colcon_parallel_executor.executor.parallel:loop closed
[1.847s] DEBUG:colcon.colcon_parallel_executor.executor.parallel:run_until_complete finished with '0'
[1.847s] DEBUG:colcon.colcon_core.event_reactor:joining thread
[1.853s] INFO:colcon.colcon_core.plugin_system:Skipping extension 'colcon_notification.desktop_notification.terminal_notifier': Not used on non-Darwin systems
[1.853s] INFO:colcon.colcon_core.plugin_system:Skipping extension 'colcon_notification.desktop_notification.win32': Not used on non-Windows systems
[1.853s] INFO:colcon.colcon_notification.desktop_notification:Sending desktop notification using 'notify2'
[1.869s] DEBUG:colcon.colcon_core.event_reactor:joined thread
[1.869s] INFO:colcon.colcon_core.shell:Creating prefix script '/home/kmw/cam_ws/install/local_setup.ps1'
[1.871s] INFO:colcon.colcon_core.shell:Creating prefix util module '/home/kmw/cam_ws/install/_local_setup_util_ps1.py'
[1.874s] INFO:colcon.colcon_core.shell:Creating prefix chain script '/home/kmw/cam_ws/install/setup.ps1'
[1.877s] INFO:colcon.colcon_core.shell:Creating prefix script '/home/kmw/cam_ws/install/local_setup.sh'
[1.878s] INFO:colcon.colcon_core.shell:Creating prefix util module '/home/kmw/cam_ws/install/_local_setup_util_sh.py'
[1.879s] INFO:colcon.colcon_core.shell:Creating prefix chain script '/home/kmw/cam_ws/install/setup.sh'
[1.880s] INFO:colcon.colcon_core.shell:Creating prefix script '/home/kmw/cam_ws/install/local_setup.bash'
[1.881s] INFO:colcon.colcon_core.shell:Creating prefix chain script '/home/kmw/cam_ws/install/setup.bash'
[1.882s] INFO:colcon.colcon_core.shell:Creating prefix script '/home/kmw/cam_ws/install/local_setup.zsh'
[1.883s] INFO:colcon.colcon_core.shell:Creating prefix chain script '/home/kmw/cam_ws/install/setup.zsh'
