[0.042s] Invoking command in '/home/kmw/trees_ws/build/srdfdom': CMAKE_PREFIX_PATH=/opt/ros/humble CONDA_PROMPT_MODIFIER=(ros2_py310) /usr/bin/cmake /home/kmw/trees_ws/src/srdfdom -DCMAKE_INSTALL_PREFIX=/home/kmw/trees_ws/install/srdfdom
[0.575s] -- The CXX compiler identification is GNU 11.4.0
[0.575s] -- Detecting CXX compiler ABI info
[0.575s] -- Detecting CXX compiler ABI info - done
[0.575s] -- Check for working CXX compiler: /usr/bin/c++ - skipped
[0.575s] -- Detecting CXX compile features
[0.575s] -- Detecting CXX compile features - done
[0.575s] -- Found Boost: /usr/lib/x86_64-linux-gnu/cmake/Boost-1.74.0/BoostConfig.cmake (found version "1.74.0")  
[0.575s] -- Found ament_cmake: 1.3.10 (/opt/ros/humble/share/ament_cmake/cmake)
[1.347s] -- Found Python3: /home/kmw/miniconda3/envs/ros2_py310/bin/python3 (found version "3.10.14") found components: Interpreter 
[1.587s] -- Found urdf: 2.6.1 (/opt/ros/humble/share/urdf/cmake)
[1.660s] -- Found TinyXML2 via Config file: TinyXML2_DIR-NOTFOUND
[1.896s] -- Found ament_cmake_gtest: 1.3.10 (/opt/ros/humble/share/ament_cmake_gtest/cmake)
[1.901s] -- Found ament_cmake_pytest: 1.3.10 (/opt/ros/humble/share/ament_cmake_pytest/cmake)
[1.955s] [33mCMake Warning at /opt/ros/humble/share/ament_cmake_pytest/cmake/ament_add_pytest_test.cmake:79 (message):
[1.955s]   The Python module 'pytest' was not found, pytests cannot be run.  On Linux,
[1.960s]   install the 'python3-pytest' package.  On other platforms, install 'pytest'
[1.960s]   using pip.
[1.960s] Call Stack (most recent call first):
[1.960s]   CMakeLists.txt:63 (ament_add_pytest_test)
[1.960s] 
[1.960s] [0m
[1.970s] -- Found gtest sources under '/opt/ros/humble/src/gtest_vendor': C++ tests using 'Google Test' will be built
[2.084s] -- The C compiler identification is GNU 11.4.0
[2.113s] -- Detecting C compiler ABI info
[2.308s] -- Detecting C compiler ABI info - done
[2.337s] -- Check for working C compiler: /usr/bin/cc - skipped
[2.337s] -- Detecting C compile features
[2.339s] -- Detecting C compile features - done
[2.363s] -- Looking for C++ include pthread.h
[2.626s] -- Looking for C++ include pthread.h - found
[2.627s] -- Performing Test CMAKE_HAVE_LIBC_PTHREAD
[2.817s] -- Performing Test CMAKE_HAVE_LIBC_PTHREAD - Success
[2.824s] -- Found Threads: TRUE  
[2.832s] -- Found ament_lint_auto: 0.12.11 (/opt/ros/humble/share/ament_lint_auto/cmake)
[2.886s] -- Configuring done
[2.906s] -- Generating done
[2.912s] -- Build files have been written to: /home/kmw/trees_ws/build/srdfdom
