[9.016s] Invoking command in '/home/pi/arm_ws/src/qr_cam': PYTHONPATH=/home/pi/arm_ws/build/qr_cam/prefix_override:/usr/lib/python3/dist-packages/colcon_core/task/python/colcon_distutils_commands:/home/pi/arm_ws/install/qr_cam/lib/python3.8/site-packages:${PYTHONPATH} /usr/bin/python3 -W ignore:setup.py install is deprecated setup.py egg_info --egg-base ../../build/qr_cam build --build-base /home/pi/arm_ws/build/qr_cam/build install --record /home/pi/arm_ws/build/qr_cam/install.log --install-scripts $base/lib/qr_cam --single-version-externally-managed install_data
[11.385s] running egg_info
[11.390s] writing ../../build/qr_cam/qr_cam.egg-info/PKG-INFO
[11.393s] writing dependency_links to ../../build/qr_cam/qr_cam.egg-info/dependency_links.txt
[11.395s] writing entry points to ../../build/qr_cam/qr_cam.egg-info/entry_points.txt
[11.396s] writing requirements to ../../build/qr_cam/qr_cam.egg-info/requires.txt
[11.398s] writing top-level names to ../../build/qr_cam/qr_cam.egg-info/top_level.txt
[11.760s] reading manifest file '../../build/qr_cam/qr_cam.egg-info/SOURCES.txt'
[11.768s] writing manifest file '../../build/qr_cam/qr_cam.egg-info/SOURCES.txt'
[11.770s] running build
[11.772s] running build_py
[11.773s] running install
[11.780s] running install_lib
[11.794s] running install_data
[11.795s] running install_egg_info
[11.813s] removing '/home/pi/arm_ws/install/qr_cam/lib/python3.8/site-packages/qr_cam-0.0.0-py3.8.egg-info' (and everything under it)
[11.816s] Copying ../../build/qr_cam/qr_cam.egg-info to /home/pi/arm_ws/install/qr_cam/lib/python3.8/site-packages/qr_cam-0.0.0-py3.8.egg-info
[11.828s] running install_scripts
[11.990s] Installing no_cam script to /home/pi/arm_ws/install/qr_cam/lib/qr_cam
[11.994s] writing list of installed files to '/home/pi/arm_ws/build/qr_cam/install.log'
[12.188s] Invoked command in '/home/pi/arm_ws/src/qr_cam' returned '0': PYTHONPATH=/home/pi/arm_ws/build/qr_cam/prefix_override:/usr/lib/python3/dist-packages/colcon_core/task/python/colcon_distutils_commands:/home/pi/arm_ws/install/qr_cam/lib/python3.8/site-packages:${PYTHONPATH} /usr/bin/python3 -W ignore:setup.py install is deprecated setup.py egg_info --egg-base ../../build/qr_cam build --build-base /home/pi/arm_ws/build/qr_cam/build install --record /home/pi/arm_ws/build/qr_cam/install.log --install-scripts $base/lib/qr_cam --single-version-externally-managed install_data
