[1.248s] DEBUG:colcon:Command line arguments: ['/usr/bin/colcon', 'build']
[1.248s] DEBUG:colcon:Parsed command line arguments: Namespace(allow_overriding=[], ament_cmake_args=None, base_paths=['.'], build_base='build', catkin_cmake_args=None, catkin_skip_building_tests=False, cmake_args=None, cmake_clean_cache=False, cmake_clean_first=False, cmake_force_configure=False, cmake_target=None, cmake_target_skip_unavailable=False, continue_on_error=False, event_handlers=None, executor='parallel', ignore_user_meta=False, install_base='install', log_base=None, log_level=None, main=<bound method BuildVerb.main of <colcon_core.verb.build.BuildVerb object at 0xffffa27d30d0>>, merge_install=False, metas=['./colcon.meta'], mixin=None, mixin_files=None, mixin_verb=('build',), packages_above=None, packages_above_and_dependencies=None, packages_above_depth=None, packages_end=None, packages_ignore=None, packages_ignore_regex=None, packages_select=None, packages_select_build_failed=False, packages_select_by_dep=None, packages_select_regex=None, packages_select_test_failures=False, packages_skip=None, packages_skip_build_finished=False, packages_skip_by_dep=None, packages_skip_regex=None, packages_skip_test_passed=False, packages_skip_up_to=None, packages_start=None, packages_up_to=None, packages_up_to_regex=None, parallel_workers=4, paths=None, symlink_install=False, test_result_base=None, verb_extension=<colcon_core.verb.build.BuildVerb object at 0xffffa27d30d0>, verb_name='build', verb_parser=<colcon_mixin.mixin.mixin_argument.MixinArgumentDecorator object at 0xffffa2725fa0>)
[1.975s] Level 1:colcon.colcon_core.package_discovery:discover_packages(colcon_meta) check parameters
[1.976s] Level 1:colcon.colcon_core.package_discovery:discover_packages(recursive) check parameters
[1.976s] Level 1:colcon.colcon_core.package_discovery:discover_packages(ignore) check parameters
[1.976s] Level 1:colcon.colcon_core.package_discovery:discover_packages(path) check parameters
[1.976s] Level 1:colcon.colcon_core.package_discovery:discover_packages(colcon_meta) discover
[1.976s] Level 1:colcon.colcon_core.package_discovery:discover_packages(recursive) discover
[1.977s] INFO:colcon.colcon_core.package_discovery:Crawling recursively for packages in '/home/pi/Revise_Code'
[1.977s] Level 1:colcon.colcon_core.package_identification:_identify(.) by extensions ['ignore', 'ignore_ament_install']
[1.978s] Level 1:colcon.colcon_core.package_identification:_identify(.) by extension 'ignore'
[1.978s] Level 1:colcon.colcon_core.package_identification:_identify(.) by extension 'ignore_ament_install'
[1.978s] Level 1:colcon.colcon_core.package_identification:_identify(.) by extensions ['colcon_pkg']
[1.979s] Level 1:colcon.colcon_core.package_identification:_identify(.) by extension 'colcon_pkg'
[1.979s] Level 1:colcon.colcon_core.package_identification:_identify(.) by extensions ['colcon_meta']
[1.979s] Level 1:colcon.colcon_core.package_identification:_identify(.) by extension 'colcon_meta'
[1.979s] Level 1:colcon.colcon_core.package_identification:_identify(.) by extensions ['ros']
[1.979s] Level 1:colcon.colcon_core.package_identification:_identify(.) by extension 'ros'
[2.045s] Level 1:colcon.colcon_core.package_identification:_identify(.) by extensions ['cmake', 'python']
[2.045s] Level 1:colcon.colcon_core.package_identification:_identify(.) by extension 'cmake'
[2.045s] Level 1:colcon.colcon_core.package_identification:_identify(.) by extension 'python'
[2.045s] Level 1:colcon.colcon_core.package_identification:_identify(.) by extensions ['python_setup_py']
[2.046s] Level 1:colcon.colcon_core.package_identification:_identify(.) by extension 'python_setup_py'
[2.047s] Level 1:colcon.colcon_core.package_identification:_identify(2024.11.11.TurtleArm_Control_Base) by extensions ['ignore', 'ignore_ament_install']
[2.047s] Level 1:colcon.colcon_core.package_identification:_identify(2024.11.11.TurtleArm_Control_Base) by extension 'ignore'
[2.047s] Level 1:colcon.colcon_core.package_identification:_identify(2024.11.11.TurtleArm_Control_Base) by extension 'ignore_ament_install'
[2.048s] Level 1:colcon.colcon_core.package_identification:_identify(2024.11.11.TurtleArm_Control_Base) by extensions ['colcon_pkg']
[2.048s] Level 1:colcon.colcon_core.package_identification:_identify(2024.11.11.TurtleArm_Control_Base) by extension 'colcon_pkg'
[2.048s] Level 1:colcon.colcon_core.package_identification:_identify(2024.11.11.TurtleArm_Control_Base) by extensions ['colcon_meta']
[2.048s] Level 1:colcon.colcon_core.package_identification:_identify(2024.11.11.TurtleArm_Control_Base) by extension 'colcon_meta'
[2.048s] Level 1:colcon.colcon_core.package_identification:_identify(2024.11.11.TurtleArm_Control_Base) by extensions ['ros']
[2.048s] Level 1:colcon.colcon_core.package_identification:_identify(2024.11.11.TurtleArm_Control_Base) by extension 'ros'
[2.049s] Level 1:colcon.colcon_core.package_identification:_identify(2024.11.11.TurtleArm_Control_Base) by extensions ['cmake', 'python']
[2.049s] Level 1:colcon.colcon_core.package_identification:_identify(2024.11.11.TurtleArm_Control_Base) by extension 'cmake'
[2.049s] Level 1:colcon.colcon_core.package_identification:_identify(2024.11.11.TurtleArm_Control_Base) by extension 'python'
[2.049s] Level 1:colcon.colcon_core.package_identification:_identify(2024.11.11.TurtleArm_Control_Base) by extensions ['python_setup_py']
[2.049s] Level 1:colcon.colcon_core.package_identification:_identify(2024.11.11.TurtleArm_Control_Base) by extension 'python_setup_py'
[2.050s] Level 1:colcon.colcon_core.package_identification:_identify(2024.11.11.TurtleArm_Control_Base/TurtleArm_Base) by extensions ['ignore', 'ignore_ament_install']
[2.051s] Level 1:colcon.colcon_core.package_identification:_identify(2024.11.11.TurtleArm_Control_Base/TurtleArm_Base) by extension 'ignore'
[2.051s] Level 1:colcon.colcon_core.package_identification:_identify(2024.11.11.TurtleArm_Control_Base/TurtleArm_Base) by extension 'ignore_ament_install'
[2.051s] Level 1:colcon.colcon_core.package_identification:_identify(2024.11.11.TurtleArm_Control_Base/TurtleArm_Base) by extensions ['colcon_pkg']
[2.051s] Level 1:colcon.colcon_core.package_identification:_identify(2024.11.11.TurtleArm_Control_Base/TurtleArm_Base) by extension 'colcon_pkg'
[2.051s] Level 1:colcon.colcon_core.package_identification:_identify(2024.11.11.TurtleArm_Control_Base/TurtleArm_Base) by extensions ['colcon_meta']
[2.051s] Level 1:colcon.colcon_core.package_identification:_identify(2024.11.11.TurtleArm_Control_Base/TurtleArm_Base) by extension 'colcon_meta'
[2.052s] Level 1:colcon.colcon_core.package_identification:_identify(2024.11.11.TurtleArm_Control_Base/TurtleArm_Base) by extensions ['ros']
[2.052s] Level 1:colcon.colcon_core.package_identification:_identify(2024.11.11.TurtleArm_Control_Base/TurtleArm_Base) by extension 'ros'
[2.052s] Level 1:colcon.colcon_core.package_identification:_identify(2024.11.11.TurtleArm_Control_Base/TurtleArm_Base) by extensions ['cmake', 'python']
[2.052s] Level 1:colcon.colcon_core.package_identification:_identify(2024.11.11.TurtleArm_Control_Base/TurtleArm_Base) by extension 'cmake'
[2.052s] Level 1:colcon.colcon_core.package_identification:_identify(2024.11.11.TurtleArm_Control_Base/TurtleArm_Base) by extension 'python'
[2.052s] Level 1:colcon.colcon_core.package_identification:_identify(2024.11.11.TurtleArm_Control_Base/TurtleArm_Base) by extensions ['python_setup_py']
[2.053s] Level 1:colcon.colcon_core.package_identification:_identify(2024.11.11.TurtleArm_Control_Base/TurtleArm_Base) by extension 'python_setup_py'
[2.054s] Level 1:colcon.colcon_core.package_identification:_identify(2024.11.11.TurtleArm_Control_Base/TurtleArm_Base/data) by extensions ['ignore', 'ignore_ament_install']
[2.054s] Level 1:colcon.colcon_core.package_identification:_identify(2024.11.11.TurtleArm_Control_Base/TurtleArm_Base/data) by extension 'ignore'
[2.055s] Level 1:colcon.colcon_core.package_identification:_identify(2024.11.11.TurtleArm_Control_Base/TurtleArm_Base/data) by extension 'ignore_ament_install'
[2.055s] Level 1:colcon.colcon_core.package_identification:_identify(2024.11.11.TurtleArm_Control_Base/TurtleArm_Base/data) by extensions ['colcon_pkg']
[2.055s] Level 1:colcon.colcon_core.package_identification:_identify(2024.11.11.TurtleArm_Control_Base/TurtleArm_Base/data) by extension 'colcon_pkg'
[2.055s] Level 1:colcon.colcon_core.package_identification:_identify(2024.11.11.TurtleArm_Control_Base/TurtleArm_Base/data) by extensions ['colcon_meta']
[2.055s] Level 1:colcon.colcon_core.package_identification:_identify(2024.11.11.TurtleArm_Control_Base/TurtleArm_Base/data) by extension 'colcon_meta'
[2.056s] Level 1:colcon.colcon_core.package_identification:_identify(2024.11.11.TurtleArm_Control_Base/TurtleArm_Base/data) by extensions ['ros']
[2.056s] Level 1:colcon.colcon_core.package_identification:_identify(2024.11.11.TurtleArm_Control_Base/TurtleArm_Base/data) by extension 'ros'
[2.056s] Level 1:colcon.colcon_core.package_identification:_identify(2024.11.11.TurtleArm_Control_Base/TurtleArm_Base/data) by extensions ['cmake', 'python']
[2.056s] Level 1:colcon.colcon_core.package_identification:_identify(2024.11.11.TurtleArm_Control_Base/TurtleArm_Base/data) by extension 'cmake'
[2.056s] Level 1:colcon.colcon_core.package_identification:_identify(2024.11.11.TurtleArm_Control_Base/TurtleArm_Base/data) by extension 'python'
[2.056s] Level 1:colcon.colcon_core.package_identification:_identify(2024.11.11.TurtleArm_Control_Base/TurtleArm_Base/data) by extensions ['python_setup_py']
[2.057s] Level 1:colcon.colcon_core.package_identification:_identify(2024.11.11.TurtleArm_Control_Base/TurtleArm_Base/data) by extension 'python_setup_py'
[2.058s] Level 1:colcon.colcon_core.package_identification:_identify(2024.11.12.TurtleArm_Control_Move) by extensions ['ignore', 'ignore_ament_install']
[2.058s] Level 1:colcon.colcon_core.package_identification:_identify(2024.11.12.TurtleArm_Control_Move) by extension 'ignore'
[2.058s] Level 1:colcon.colcon_core.package_identification:_identify(2024.11.12.TurtleArm_Control_Move) by extension 'ignore_ament_install'
[2.058s] Level 1:colcon.colcon_core.package_identification:_identify(2024.11.12.TurtleArm_Control_Move) by extensions ['colcon_pkg']
[2.058s] Level 1:colcon.colcon_core.package_identification:_identify(2024.11.12.TurtleArm_Control_Move) by extension 'colcon_pkg'
[2.059s] Level 1:colcon.colcon_core.package_identification:_identify(2024.11.12.TurtleArm_Control_Move) by extensions ['colcon_meta']
[2.059s] Level 1:colcon.colcon_core.package_identification:_identify(2024.11.12.TurtleArm_Control_Move) by extension 'colcon_meta'
[2.059s] Level 1:colcon.colcon_core.package_identification:_identify(2024.11.12.TurtleArm_Control_Move) by extensions ['ros']
[2.059s] Level 1:colcon.colcon_core.package_identification:_identify(2024.11.12.TurtleArm_Control_Move) by extension 'ros'
[2.059s] Level 1:colcon.colcon_core.package_identification:_identify(2024.11.12.TurtleArm_Control_Move) by extensions ['cmake', 'python']
[2.059s] Level 1:colcon.colcon_core.package_identification:_identify(2024.11.12.TurtleArm_Control_Move) by extension 'cmake'
[2.060s] Level 1:colcon.colcon_core.package_identification:_identify(2024.11.12.TurtleArm_Control_Move) by extension 'python'
[2.060s] Level 1:colcon.colcon_core.package_identification:_identify(2024.11.12.TurtleArm_Control_Move) by extensions ['python_setup_py']
[2.060s] Level 1:colcon.colcon_core.package_identification:_identify(2024.11.12.TurtleArm_Control_Move) by extension 'python_setup_py'
[2.061s] Level 1:colcon.colcon_core.package_identification:_identify(2024.11.13.TurtleArm_Camera_Calibration) by extensions ['ignore', 'ignore_ament_install']
[2.062s] Level 1:colcon.colcon_core.package_identification:_identify(2024.11.13.TurtleArm_Camera_Calibration) by extension 'ignore'
[2.062s] Level 1:colcon.colcon_core.package_identification:_identify(2024.11.13.TurtleArm_Camera_Calibration) by extension 'ignore_ament_install'
[2.062s] Level 1:colcon.colcon_core.package_identification:_identify(2024.11.13.TurtleArm_Camera_Calibration) by extensions ['colcon_pkg']
[2.062s] Level 1:colcon.colcon_core.package_identification:_identify(2024.11.13.TurtleArm_Camera_Calibration) by extension 'colcon_pkg'
[2.062s] Level 1:colcon.colcon_core.package_identification:_identify(2024.11.13.TurtleArm_Camera_Calibration) by extensions ['colcon_meta']
[2.063s] Level 1:colcon.colcon_core.package_identification:_identify(2024.11.13.TurtleArm_Camera_Calibration) by extension 'colcon_meta'
[2.063s] Level 1:colcon.colcon_core.package_identification:_identify(2024.11.13.TurtleArm_Camera_Calibration) by extensions ['ros']
[2.063s] Level 1:colcon.colcon_core.package_identification:_identify(2024.11.13.TurtleArm_Camera_Calibration) by extension 'ros'
[2.063s] Level 1:colcon.colcon_core.package_identification:_identify(2024.11.13.TurtleArm_Camera_Calibration) by extensions ['cmake', 'python']
[2.064s] Level 1:colcon.colcon_core.package_identification:_identify(2024.11.13.TurtleArm_Camera_Calibration) by extension 'cmake'
[2.064s] Level 1:colcon.colcon_core.package_identification:_identify(2024.11.13.TurtleArm_Camera_Calibration) by extension 'python'
[2.064s] Level 1:colcon.colcon_core.package_identification:_identify(2024.11.13.TurtleArm_Camera_Calibration) by extensions ['python_setup_py']
[2.064s] Level 1:colcon.colcon_core.package_identification:_identify(2024.11.13.TurtleArm_Camera_Calibration) by extension 'python_setup_py'
[2.065s] Level 1:colcon.colcon_core.package_identification:_identify(2024.11.19.TurtleArm.Control_Camera) by extensions ['ignore', 'ignore_ament_install']
[2.065s] Level 1:colcon.colcon_core.package_identification:_identify(2024.11.19.TurtleArm.Control_Camera) by extension 'ignore'
[2.066s] Level 1:colcon.colcon_core.package_identification:_identify(2024.11.19.TurtleArm.Control_Camera) by extension 'ignore_ament_install'
[2.066s] Level 1:colcon.colcon_core.package_identification:_identify(2024.11.19.TurtleArm.Control_Camera) by extensions ['colcon_pkg']
[2.066s] Level 1:colcon.colcon_core.package_identification:_identify(2024.11.19.TurtleArm.Control_Camera) by extension 'colcon_pkg'
[2.066s] Level 1:colcon.colcon_core.package_identification:_identify(2024.11.19.TurtleArm.Control_Camera) by extensions ['colcon_meta']
[2.066s] Level 1:colcon.colcon_core.package_identification:_identify(2024.11.19.TurtleArm.Control_Camera) by extension 'colcon_meta'
[2.067s] Level 1:colcon.colcon_core.package_identification:_identify(2024.11.19.TurtleArm.Control_Camera) by extensions ['ros']
[2.067s] Level 1:colcon.colcon_core.package_identification:_identify(2024.11.19.TurtleArm.Control_Camera) by extension 'ros'
[2.067s] Level 1:colcon.colcon_core.package_identification:_identify(2024.11.19.TurtleArm.Control_Camera) by extensions ['cmake', 'python']
[2.067s] Level 1:colcon.colcon_core.package_identification:_identify(2024.11.19.TurtleArm.Control_Camera) by extension 'cmake'
[2.067s] Level 1:colcon.colcon_core.package_identification:_identify(2024.11.19.TurtleArm.Control_Camera) by extension 'python'
[2.068s] Level 1:colcon.colcon_core.package_identification:_identify(2024.11.19.TurtleArm.Control_Camera) by extensions ['python_setup_py']
[2.068s] Level 1:colcon.colcon_core.package_identification:_identify(2024.11.19.TurtleArm.Control_Camera) by extension 'python_setup_py'
[2.069s] Level 1:colcon.colcon_core.package_identification:_identify(2024.11.25) by extensions ['ignore', 'ignore_ament_install']
[2.069s] Level 1:colcon.colcon_core.package_identification:_identify(2024.11.25) by extension 'ignore'
[2.069s] Level 1:colcon.colcon_core.package_identification:_identify(2024.11.25) by extension 'ignore_ament_install'
[2.069s] Level 1:colcon.colcon_core.package_identification:_identify(2024.11.25) by extensions ['colcon_pkg']
[2.070s] Level 1:colcon.colcon_core.package_identification:_identify(2024.11.25) by extension 'colcon_pkg'
[2.070s] Level 1:colcon.colcon_core.package_identification:_identify(2024.11.25) by extensions ['colcon_meta']
[2.070s] Level 1:colcon.colcon_core.package_identification:_identify(2024.11.25) by extension 'colcon_meta'
[2.070s] Level 1:colcon.colcon_core.package_identification:_identify(2024.11.25) by extensions ['ros']
[2.070s] Level 1:colcon.colcon_core.package_identification:_identify(2024.11.25) by extension 'ros'
[2.071s] Level 1:colcon.colcon_core.package_identification:_identify(2024.11.25) by extensions ['cmake', 'python']
[2.071s] Level 1:colcon.colcon_core.package_identification:_identify(2024.11.25) by extension 'cmake'
[2.071s] Level 1:colcon.colcon_core.package_identification:_identify(2024.11.25) by extension 'python'
[2.071s] Level 1:colcon.colcon_core.package_identification:_identify(2024.11.25) by extensions ['python_setup_py']
[2.071s] Level 1:colcon.colcon_core.package_identification:_identify(2024.11.25) by extension 'python_setup_py'
[2.072s] Level 1:colcon.colcon_core.package_identification:_identify(2024.11.26) by extensions ['ignore', 'ignore_ament_install']
[2.073s] Level 1:colcon.colcon_core.package_identification:_identify(2024.11.26) by extension 'ignore'
[2.073s] Level 1:colcon.colcon_core.package_identification:_identify(2024.11.26) by extension 'ignore_ament_install'
[2.073s] Level 1:colcon.colcon_core.package_identification:_identify(2024.11.26) by extensions ['colcon_pkg']
[2.073s] Level 1:colcon.colcon_core.package_identification:_identify(2024.11.26) by extension 'colcon_pkg'
[2.073s] Level 1:colcon.colcon_core.package_identification:_identify(2024.11.26) by extensions ['colcon_meta']
[2.074s] Level 1:colcon.colcon_core.package_identification:_identify(2024.11.26) by extension 'colcon_meta'
[2.074s] Level 1:colcon.colcon_core.package_identification:_identify(2024.11.26) by extensions ['ros']
[2.074s] Level 1:colcon.colcon_core.package_identification:_identify(2024.11.26) by extension 'ros'
[2.074s] Level 1:colcon.colcon_core.package_identification:_identify(2024.11.26) by extensions ['cmake', 'python']
[2.074s] Level 1:colcon.colcon_core.package_identification:_identify(2024.11.26) by extension 'cmake'
[2.075s] Level 1:colcon.colcon_core.package_identification:_identify(2024.11.26) by extension 'python'
[2.075s] Level 1:colcon.colcon_core.package_identification:_identify(2024.11.26) by extensions ['python_setup_py']
[2.075s] Level 1:colcon.colcon_core.package_identification:_identify(2024.11.26) by extension 'python_setup_py'
[2.076s] Level 1:colcon.colcon_core.package_identification:_identify(2024.11.27) by extensions ['ignore', 'ignore_ament_install']
[2.076s] Level 1:colcon.colcon_core.package_identification:_identify(2024.11.27) by extension 'ignore'
[2.076s] Level 1:colcon.colcon_core.package_identification:_identify(2024.11.27) by extension 'ignore_ament_install'
[2.077s] Level 1:colcon.colcon_core.package_identification:_identify(2024.11.27) by extensions ['colcon_pkg']
[2.077s] Level 1:colcon.colcon_core.package_identification:_identify(2024.11.27) by extension 'colcon_pkg'
[2.077s] Level 1:colcon.colcon_core.package_identification:_identify(2024.11.27) by extensions ['colcon_meta']
[2.077s] Level 1:colcon.colcon_core.package_identification:_identify(2024.11.27) by extension 'colcon_meta'
[2.077s] Level 1:colcon.colcon_core.package_identification:_identify(2024.11.27) by extensions ['ros']
[2.077s] Level 1:colcon.colcon_core.package_identification:_identify(2024.11.27) by extension 'ros'
[2.078s] Level 1:colcon.colcon_core.package_identification:_identify(2024.11.27) by extensions ['cmake', 'python']
[2.078s] Level 1:colcon.colcon_core.package_identification:_identify(2024.11.27) by extension 'cmake'
[2.078s] Level 1:colcon.colcon_core.package_identification:_identify(2024.11.27) by extension 'python'
[2.078s] Level 1:colcon.colcon_core.package_identification:_identify(2024.11.27) by extensions ['python_setup_py']
[2.078s] Level 1:colcon.colcon_core.package_identification:_identify(2024.11.27) by extension 'python_setup_py'
[2.079s] Level 1:colcon.colcon_core.package_identification:_identify(2024.11.27_camera_calibration) by extensions ['ignore', 'ignore_ament_install']
[2.080s] Level 1:colcon.colcon_core.package_identification:_identify(2024.11.27_camera_calibration) by extension 'ignore'
[2.080s] Level 1:colcon.colcon_core.package_identification:_identify(2024.11.27_camera_calibration) by extension 'ignore_ament_install'
[2.080s] Level 1:colcon.colcon_core.package_identification:_identify(2024.11.27_camera_calibration) by extensions ['colcon_pkg']
[2.080s] Level 1:colcon.colcon_core.package_identification:_identify(2024.11.27_camera_calibration) by extension 'colcon_pkg'
[2.081s] Level 1:colcon.colcon_core.package_identification:_identify(2024.11.27_camera_calibration) by extensions ['colcon_meta']
[2.081s] Level 1:colcon.colcon_core.package_identification:_identify(2024.11.27_camera_calibration) by extension 'colcon_meta'
[2.081s] Level 1:colcon.colcon_core.package_identification:_identify(2024.11.27_camera_calibration) by extensions ['ros']
[2.081s] Level 1:colcon.colcon_core.package_identification:_identify(2024.11.27_camera_calibration) by extension 'ros'
[2.081s] Level 1:colcon.colcon_core.package_identification:_identify(2024.11.27_camera_calibration) by extensions ['cmake', 'python']
[2.081s] Level 1:colcon.colcon_core.package_identification:_identify(2024.11.27_camera_calibration) by extension 'cmake'
[2.082s] Level 1:colcon.colcon_core.package_identification:_identify(2024.11.27_camera_calibration) by extension 'python'
[2.082s] Level 1:colcon.colcon_core.package_identification:_identify(2024.11.27_camera_calibration) by extensions ['python_setup_py']
[2.082s] Level 1:colcon.colcon_core.package_identification:_identify(2024.11.27_camera_calibration) by extension 'python_setup_py'
[2.083s] Level 1:colcon.colcon_core.package_identification:_identify(Calibration_code) by extensions ['ignore', 'ignore_ament_install']
[2.083s] Level 1:colcon.colcon_core.package_identification:_identify(Calibration_code) by extension 'ignore'
[2.083s] Level 1:colcon.colcon_core.package_identification:_identify(Calibration_code) by extension 'ignore_ament_install'
[2.084s] Level 1:colcon.colcon_core.package_identification:_identify(Calibration_code) by extensions ['colcon_pkg']
[2.084s] Level 1:colcon.colcon_core.package_identification:_identify(Calibration_code) by extension 'colcon_pkg'
[2.084s] Level 1:colcon.colcon_core.package_identification:_identify(Calibration_code) by extensions ['colcon_meta']
[2.084s] Level 1:colcon.colcon_core.package_identification:_identify(Calibration_code) by extension 'colcon_meta'
[2.084s] Level 1:colcon.colcon_core.package_identification:_identify(Calibration_code) by extensions ['ros']
[2.084s] Level 1:colcon.colcon_core.package_identification:_identify(Calibration_code) by extension 'ros'
[2.085s] Level 1:colcon.colcon_core.package_identification:_identify(Calibration_code) by extensions ['cmake', 'python']
[2.085s] Level 1:colcon.colcon_core.package_identification:_identify(Calibration_code) by extension 'cmake'
[2.085s] Level 1:colcon.colcon_core.package_identification:_identify(Calibration_code) by extension 'python'
[2.085s] Level 1:colcon.colcon_core.package_identification:_identify(Calibration_code) by extensions ['python_setup_py']
[2.085s] Level 1:colcon.colcon_core.package_identification:_identify(Calibration_code) by extension 'python_setup_py'
[2.086s] Level 1:colcon.colcon_core.package_identification:_identify(build) by extensions ['ignore', 'ignore_ament_install']
[2.086s] Level 1:colcon.colcon_core.package_identification:_identify(build) by extension 'ignore'
[2.086s] Level 1:colcon.colcon_core.package_identification:_identify(build) ignored
[2.087s] Level 1:colcon.colcon_core.package_identification:_identify(install) by extensions ['ignore', 'ignore_ament_install']
[2.087s] Level 1:colcon.colcon_core.package_identification:_identify(install) by extension 'ignore'
[2.087s] Level 1:colcon.colcon_core.package_identification:_identify(install) ignored
[2.088s] Level 1:colcon.colcon_core.package_identification:_identify(log) by extensions ['ignore', 'ignore_ament_install']
[2.088s] Level 1:colcon.colcon_core.package_identification:_identify(log) by extension 'ignore'
[2.088s] Level 1:colcon.colcon_core.package_identification:_identify(log) ignored
[2.088s] Level 1:colcon.colcon_core.package_discovery:discover_packages(recursive) using defaults
[2.088s] Level 1:colcon.colcon_core.package_discovery:discover_packages(ignore) discover
[2.089s] Level 1:colcon.colcon_core.package_discovery:discover_packages(ignore) using defaults
[2.089s] Level 1:colcon.colcon_core.package_discovery:discover_packages(path) discover
[2.089s] Level 1:colcon.colcon_core.package_discovery:discover_packages(path) using defaults
[2.174s] Level 1:colcon.colcon_core.package_discovery:discover_packages(prefix_path) check parameters
[2.174s] Level 1:colcon.colcon_core.package_discovery:discover_packages(prefix_path) discover
[2.194s] DEBUG:colcon.colcon_installed_package_information.package_discovery:Found 296 installed packages in /opt/ros/foxy
[2.202s] Level 1:colcon.colcon_core.package_discovery:discover_packages(prefix_path) using defaults
[2.651s] INFO:colcon.colcon_core.executor:Executing jobs using 'parallel' executor
[2.654s] DEBUG:colcon.colcon_parallel_executor.executor.parallel:run_until_complete
[2.655s] DEBUG:colcon.colcon_parallel_executor.executor.parallel:closing loop
[2.655s] DEBUG:colcon.colcon_parallel_executor.executor.parallel:loop closed
[2.655s] DEBUG:colcon.colcon_parallel_executor.executor.parallel:run_until_complete finished with '0'
[2.655s] DEBUG:colcon.colcon_core.event_reactor:joining thread
[2.679s] INFO:colcon.colcon_core.plugin_system:Skipping extension 'colcon_notification.desktop_notification.terminal_notifier': Not used on non-Darwin systems
[2.680s] INFO:colcon.colcon_core.plugin_system:Skipping extension 'colcon_notification.desktop_notification.win32': Not used on non-Windows systems
[2.680s] INFO:colcon.colcon_notification.desktop_notification:Sending desktop notification using 'notify2'
[2.815s] DEBUG:colcon.colcon_core.event_reactor:joined thread
[2.837s] INFO:colcon.colcon_core.plugin_system:Skipping extension 'colcon_core.shell.bat': Not used on non-Windows systems
[2.838s] INFO:colcon.colcon_core.shell:Creating prefix script '/home/pi/Revise_Code/install/local_setup.ps1'
[2.844s] INFO:colcon.colcon_core.shell:Creating prefix util module '/home/pi/Revise_Code/install/_local_setup_util_ps1.py'
[2.851s] INFO:colcon.colcon_core.shell:Creating prefix chain script '/home/pi/Revise_Code/install/setup.ps1'
[2.856s] INFO:colcon.colcon_core.shell:Creating prefix script '/home/pi/Revise_Code/install/local_setup.sh'
[2.859s] INFO:colcon.colcon_core.shell:Creating prefix util module '/home/pi/Revise_Code/install/_local_setup_util_sh.py'
[2.862s] INFO:colcon.colcon_core.shell:Creating prefix chain script '/home/pi/Revise_Code/install/setup.sh'
[2.867s] INFO:colcon.colcon_core.shell:Creating prefix script '/home/pi/Revise_Code/install/local_setup.bash'
[2.871s] INFO:colcon.colcon_core.shell:Creating prefix chain script '/home/pi/Revise_Code/install/setup.bash'
[2.875s] INFO:colcon.colcon_core.shell:Creating prefix script '/home/pi/Revise_Code/install/local_setup.zsh'
[2.879s] INFO:colcon.colcon_core.shell:Creating prefix chain script '/home/pi/Revise_Code/install/setup.zsh'
