[6.715s] Invoking command in '/home/pi/arm_ws/src/turtle_con': PYTHONPATH=/home/pi/arm_ws/build/turtle_con/prefix_override:/usr/lib/python3/dist-packages/colcon_core/task/python/colcon_distutils_commands:/home/pi/arm_ws/install/turtle_con/lib/python3.8/site-packages:${PYTHONPATH} /usr/bin/python3 -W ignore:setup.py install is deprecated setup.py egg_info --egg-base ../../build/turtle_con build --build-base /home/pi/arm_ws/build/turtle_con/build install --record /home/pi/arm_ws/build/turtle_con/install.log --install-scripts $base/lib/turtle_con --single-version-externally-managed install_data
[9.089s] running egg_info
[9.094s] writing ../../build/turtle_con/turtle_con.egg-info/PKG-INFO
[9.096s] writing dependency_links to ../../build/turtle_con/turtle_con.egg-info/dependency_links.txt
[9.098s] writing entry points to ../../build/turtle_con/turtle_con.egg-info/entry_points.txt
[9.100s] writing requirements to ../../build/turtle_con/turtle_con.egg-info/requires.txt
[9.101s] writing top-level names to ../../build/turtle_con/turtle_con.egg-info/top_level.txt
[9.449s] reading manifest file '../../build/turtle_con/turtle_con.egg-info/SOURCES.txt'
[9.458s] writing manifest file '../../build/turtle_con/turtle_con.egg-info/SOURCES.txt'
[9.460s] running build
[9.461s] running build_py
[9.463s] running install
[9.470s] running install_lib
[9.483s] running install_data
[9.485s] running install_egg_info
[9.500s] removing '/home/pi/arm_ws/install/turtle_con/lib/python3.8/site-packages/turtle_con-0.0.0-py3.8.egg-info' (and everything under it)
[9.504s] Copying ../../build/turtle_con/turtle_con.egg-info to /home/pi/arm_ws/install/turtle_con/lib/python3.8/site-packages/turtle_con-0.0.0-py3.8.egg-info
[9.515s] running install_scripts
[9.669s] Installing turtle_ros2_con script to /home/pi/arm_ws/install/turtle_con/lib/turtle_con
[9.673s] writing list of installed files to '/home/pi/arm_ws/build/turtle_con/install.log'
[9.848s] Invoked command in '/home/pi/arm_ws/src/turtle_con' returned '0': PYTHONPATH=/home/pi/arm_ws/build/turtle_con/prefix_override:/usr/lib/python3/dist-packages/colcon_core/task/python/colcon_distutils_commands:/home/pi/arm_ws/install/turtle_con/lib/python3.8/site-packages:${PYTHONPATH} /usr/bin/python3 -W ignore:setup.py install is deprecated setup.py egg_info --egg-base ../../build/turtle_con build --build-base /home/pi/arm_ws/build/turtle_con/build install --record /home/pi/arm_ws/build/turtle_con/install.log --install-scripts $base/lib/turtle_con --single-version-externally-managed install_data
