[13.500s] Invoking command in '/home/pi/arm_ws/src/qr_cam': PYTHONPATH=/home/pi/arm_ws/build/qr_cam/prefix_override:/usr/lib/python3/dist-packages/colcon_core/task/python/colcon_distutils_commands:/home/pi/arm_ws/install/qr_cam/lib/python3.8/site-packages:${PYTHONPATH} /usr/bin/python3 -W ignore:setup.py install is deprecated setup.py egg_info --egg-base ../../build/qr_cam build --build-base /home/pi/arm_ws/build/qr_cam/build install --record /home/pi/arm_ws/build/qr_cam/install.log --install-scripts $base/lib/qr_cam --single-version-externally-managed install_data
[17.958s] running egg_info
[17.963s] writing ../../build/qr_cam/qr_cam.egg-info/PKG-INFO
[17.969s] writing dependency_links to ../../build/qr_cam/qr_cam.egg-info/dependency_links.txt
[17.971s] writing entry points to ../../build/qr_cam/qr_cam.egg-info/entry_points.txt
[17.974s] writing requirements to ../../build/qr_cam/qr_cam.egg-info/requires.txt
[17.975s] writing top-level names to ../../build/qr_cam/qr_cam.egg-info/top_level.txt
[18.631s] reading manifest file '../../build/qr_cam/qr_cam.egg-info/SOURCES.txt'
[18.663s] writing manifest file '../../build/qr_cam/qr_cam.egg-info/SOURCES.txt'
[18.679s] running build
[18.682s] running build_py
[18.688s] running install
[18.723s] running install_lib
[18.753s] running install_data
[18.757s] running install_egg_info
[18.814s] removing '/home/pi/arm_ws/install/qr_cam/lib/python3.8/site-packages/qr_cam-0.0.0-py3.8.egg-info' (and everything under it)
[18.818s] Copying ../../build/qr_cam/qr_cam.egg-info to /home/pi/arm_ws/install/qr_cam/lib/python3.8/site-packages/qr_cam-0.0.0-py3.8.egg-info
[18.858s] running install_scripts
[19.103s] Installing no_cam script to /home/pi/arm_ws/install/qr_cam/lib/qr_cam
[19.107s] writing list of installed files to '/home/pi/arm_ws/build/qr_cam/install.log'
[19.671s] Invoked command in '/home/pi/arm_ws/src/qr_cam' returned '0': PYTHONPATH=/home/pi/arm_ws/build/qr_cam/prefix_override:/usr/lib/python3/dist-packages/colcon_core/task/python/colcon_distutils_commands:/home/pi/arm_ws/install/qr_cam/lib/python3.8/site-packages:${PYTHONPATH} /usr/bin/python3 -W ignore:setup.py install is deprecated setup.py egg_info --egg-base ../../build/qr_cam build --build-base /home/pi/arm_ws/build/qr_cam/build install --record /home/pi/arm_ws/build/qr_cam/install.log --install-scripts $base/lib/qr_cam --single-version-externally-managed install_data
