[6.672s] Invoking command in '/home/pi/arm_ws/src/turtle_con': PYTHONPATH=/home/pi/arm_ws/build/turtle_con/prefix_override:/usr/lib/python3/dist-packages/colcon_core/task/python/colcon_distutils_commands:/home/pi/arm_ws/install/turtle_con/lib/python3.8/site-packages:${PYTHONPATH} /usr/bin/python3 -W ignore:setup.py install is deprecated setup.py egg_info --egg-base ../../build/turtle_con build --build-base /home/pi/arm_ws/build/turtle_con/build install --record /home/pi/arm_ws/build/turtle_con/install.log --install-scripts $base/lib/turtle_con --single-version-externally-managed install_data
[9.051s] running egg_info
[9.056s] writing ../../build/turtle_con/turtle_con.egg-info/PKG-INFO
[9.058s] writing dependency_links to ../../build/turtle_con/turtle_con.egg-info/dependency_links.txt
[9.060s] writing entry points to ../../build/turtle_con/turtle_con.egg-info/entry_points.txt
[9.062s] writing requirements to ../../build/turtle_con/turtle_con.egg-info/requires.txt
[9.063s] writing top-level names to ../../build/turtle_con/turtle_con.egg-info/top_level.txt
[9.410s] reading manifest file '../../build/turtle_con/turtle_con.egg-info/SOURCES.txt'
[9.419s] writing manifest file '../../build/turtle_con/turtle_con.egg-info/SOURCES.txt'
[9.420s] running build
[9.422s] running build_py
[9.423s] copying turtle_con/turtle_ros2_con.py -> /home/pi/arm_ws/build/turtle_con/build/lib/turtle_con
[9.425s] running install
[9.432s] running install_lib
[9.441s] copying /home/pi/arm_ws/build/turtle_con/build/lib/turtle_con/turtle_ros2_con.py -> /home/pi/arm_ws/install/turtle_con/lib/python3.8/site-packages/turtle_con
[9.447s] byte-compiling /home/pi/arm_ws/install/turtle_con/lib/python3.8/site-packages/turtle_con/turtle_ros2_con.py to turtle_ros2_con.cpython-38.pyc
[9.460s] Sorry: IndentationError: unexpected indent (turtle_ros2_con.py, line 125)
[9.461s] running install_data
[9.462s] running install_egg_info
[9.477s] removing '/home/pi/arm_ws/install/turtle_con/lib/python3.8/site-packages/turtle_con-0.0.0-py3.8.egg-info' (and everything under it)
[9.480s] Copying ../../build/turtle_con/turtle_con.egg-info to /home/pi/arm_ws/install/turtle_con/lib/python3.8/site-packages/turtle_con-0.0.0-py3.8.egg-info
[9.491s] running install_scripts
[9.645s] Installing turtle_ros2_con script to /home/pi/arm_ws/install/turtle_con/lib/turtle_con
[9.648s] writing list of installed files to '/home/pi/arm_ws/build/turtle_con/install.log'
[9.826s] Invoked command in '/home/pi/arm_ws/src/turtle_con' returned '0': PYTHONPATH=/home/pi/arm_ws/build/turtle_con/prefix_override:/usr/lib/python3/dist-packages/colcon_core/task/python/colcon_distutils_commands:/home/pi/arm_ws/install/turtle_con/lib/python3.8/site-packages:${PYTHONPATH} /usr/bin/python3 -W ignore:setup.py install is deprecated setup.py egg_info --egg-base ../../build/turtle_con build --build-base /home/pi/arm_ws/build/turtle_con/build install --record /home/pi/arm_ws/build/turtle_con/install.log --install-scripts $base/lib/turtle_con --single-version-externally-managed install_data
