[0.051s] Invoking command in '/home/pi/sensor_fusion/build/ydlidar_ros2_driver': CMAKE_PREFIX_PATH=${CMAKE_PREFIX_PATH}:/home/pi/sensor_fusion/install/ros2_cv_webcam:/home/pi/sensor_fusion/install/lidar_object:/home/pi/sensor_fusion/install/lidar_cam:/opt/ros/foxy /usr/bin/cmake --build /home/pi/sensor_fusion/build/ydlidar_ros2_driver -- -j4 -l4
[0.249s] [35m[1mScanning dependencies of target ydlidar_ros2_driver_filter[0m
[0.370s] [ 33%] Built target ydlidar_ros2_driver_client
[0.420s] [ 50%] [32mBuilding CXX object CMakeFiles/ydlidar_ros2_driver_filter.dir/src/ydlidar_ros2_driver_filter.cpp.o[0m
[0.423s] [ 83%] Built target ydlidar_ros2_driver_node
[21.479s] [100%] [32m[1mLinking CXX executable ydlidar_ros2_driver_filter[0m
[22.793s] [100%] Built target ydlidar_ros2_driver_filter
[22.839s] Invoked command in '/home/pi/sensor_fusion/build/ydlidar_ros2_driver' returned '0': CMAKE_PREFIX_PATH=${CMAKE_PREFIX_PATH}:/home/pi/sensor_fusion/install/ros2_cv_webcam:/home/pi/sensor_fusion/install/lidar_object:/home/pi/sensor_fusion/install/lidar_cam:/opt/ros/foxy /usr/bin/cmake --build /home/pi/sensor_fusion/build/ydlidar_ros2_driver -- -j4 -l4
[23.040s] Invoking command in '/home/pi/sensor_fusion/build/ydlidar_ros2_driver': CMAKE_PREFIX_PATH=${CMAKE_PREFIX_PATH}:/home/pi/sensor_fusion/install/ros2_cv_webcam:/home/pi/sensor_fusion/install/lidar_object:/home/pi/sensor_fusion/install/lidar_cam:/opt/ros/foxy /usr/bin/cmake --install /home/pi/sensor_fusion/build/ydlidar_ros2_driver
[23.076s] -- Install configuration: ""
[23.077s] -- Up-to-date: /home/pi/sensor_fusion/install/ydlidar_ros2_driver/lib/ydlidar_ros2_driver/ydlidar_ros2_driver_node
[23.079s] -- Up-to-date: /home/pi/sensor_fusion/install/ydlidar_ros2_driver/lib/ydlidar_ros2_driver/ydlidar_ros2_driver_client
[23.081s] -- Installing: /home/pi/sensor_fusion/install/ydlidar_ros2_driver/lib/ydlidar_ros2_driver/ydlidar_ros2_driver_filter
[23.095s] -- Set runtime path of "/home/pi/sensor_fusion/install/ydlidar_ros2_driver/lib/ydlidar_ros2_driver/ydlidar_ros2_driver_filter" to ""
[23.096s] -- Up-to-date: /home/pi/sensor_fusion/install/ydlidar_ros2_driver/share/ydlidar_ros2_driver/launch
[23.096s] -- Up-to-date: /home/pi/sensor_fusion/install/ydlidar_ros2_driver/share/ydlidar_ros2_driver/launch/ydlidar_launch_view.py
[23.096s] -- Up-to-date: /home/pi/sensor_fusion/install/ydlidar_ros2_driver/share/ydlidar_ros2_driver/launch/ydlidar_launch.py
[23.097s] -- Up-to-date: /home/pi/sensor_fusion/install/ydlidar_ros2_driver/share/ydlidar_ros2_driver/launch/ydlidar.py
[23.097s] -- Up-to-date: /home/pi/sensor_fusion/install/ydlidar_ros2_driver/share/ydlidar_ros2_driver/params
[23.098s] -- Up-to-date: /home/pi/sensor_fusion/install/ydlidar_ros2_driver/share/ydlidar_ros2_driver/params/G2.yaml
[23.098s] -- Up-to-date: /home/pi/sensor_fusion/install/ydlidar_ros2_driver/share/ydlidar_ros2_driver/params/X4.yaml
[23.099s] -- Up-to-date: /home/pi/sensor_fusion/install/ydlidar_ros2_driver/share/ydlidar_ros2_driver/params/X2.yaml.save
[23.099s] -- Up-to-date: /home/pi/sensor_fusion/install/ydlidar_ros2_driver/share/ydlidar_ros2_driver/params/GS2.yaml
[23.100s] -- Up-to-date: /home/pi/sensor_fusion/install/ydlidar_ros2_driver/share/ydlidar_ros2_driver/params/G1.yaml
[23.100s] -- Up-to-date: /home/pi/sensor_fusion/install/ydlidar_ros2_driver/share/ydlidar_ros2_driver/params/TG.yaml
[23.101s] -- Up-to-date: /home/pi/sensor_fusion/install/ydlidar_ros2_driver/share/ydlidar_ros2_driver/params/X2.yaml
[23.102s] -- Up-to-date: /home/pi/sensor_fusion/install/ydlidar_ros2_driver/share/ydlidar_ros2_driver/params/G6.yaml
[23.102s] -- Up-to-date: /home/pi/sensor_fusion/install/ydlidar_ros2_driver/share/ydlidar_ros2_driver/params/TminiPro.yaml
[23.103s] -- Up-to-date: /home/pi/sensor_fusion/install/ydlidar_ros2_driver/share/ydlidar_ros2_driver/params/X4-Pro.yaml
[23.103s] -- Up-to-date: /home/pi/sensor_fusion/install/ydlidar_ros2_driver/share/ydlidar_ros2_driver/params/TEA.yaml
[23.103s] -- Up-to-date: /home/pi/sensor_fusion/install/ydlidar_ros2_driver/share/ydlidar_ros2_driver/params/ydlidar.yaml
[23.104s] -- Up-to-date: /home/pi/sensor_fusion/install/ydlidar_ros2_driver/share/ydlidar_ros2_driver/startup
[23.104s] -- Up-to-date: /home/pi/sensor_fusion/install/ydlidar_ros2_driver/share/ydlidar_ros2_driver/startup/initenv.sh
[23.104s] -- Up-to-date: /home/pi/sensor_fusion/install/ydlidar_ros2_driver/share/ydlidar_ros2_driver/config
[23.105s] -- Up-to-date: /home/pi/sensor_fusion/install/ydlidar_ros2_driver/share/ydlidar_ros2_driver/config/ydlidar.rviz
[23.105s] -- Up-to-date: /home/pi/sensor_fusion/install/ydlidar_ros2_driver/share/ament_index/resource_index/package_run_dependencies/ydlidar_ros2_driver
[23.106s] -- Up-to-date: /home/pi/sensor_fusion/install/ydlidar_ros2_driver/share/ament_index/resource_index/parent_prefix_path/ydlidar_ros2_driver
[23.106s] -- Up-to-date: /home/pi/sensor_fusion/install/ydlidar_ros2_driver/share/ydlidar_ros2_driver/environment/ament_prefix_path.sh
[23.106s] -- Up-to-date: /home/pi/sensor_fusion/install/ydlidar_ros2_driver/share/ydlidar_ros2_driver/environment/ament_prefix_path.dsv
[23.107s] -- Up-to-date: /home/pi/sensor_fusion/install/ydlidar_ros2_driver/share/ydlidar_ros2_driver/environment/path.sh
[23.107s] -- Up-to-date: /home/pi/sensor_fusion/install/ydlidar_ros2_driver/share/ydlidar_ros2_driver/environment/path.dsv
[23.108s] -- Up-to-date: /home/pi/sensor_fusion/install/ydlidar_ros2_driver/share/ydlidar_ros2_driver/local_setup.bash
[23.109s] -- Up-to-date: /home/pi/sensor_fusion/install/ydlidar_ros2_driver/share/ydlidar_ros2_driver/local_setup.sh
[23.110s] -- Up-to-date: /home/pi/sensor_fusion/install/ydlidar_ros2_driver/share/ydlidar_ros2_driver/local_setup.zsh
[23.110s] -- Up-to-date: /home/pi/sensor_fusion/install/ydlidar_ros2_driver/share/ydlidar_ros2_driver/local_setup.dsv
[23.111s] -- Installing: /home/pi/sensor_fusion/install/ydlidar_ros2_driver/share/ydlidar_ros2_driver/package.dsv
[23.113s] -- Up-to-date: /home/pi/sensor_fusion/install/ydlidar_ros2_driver/share/ament_index/resource_index/packages/ydlidar_ros2_driver
[23.116s] -- Up-to-date: /home/pi/sensor_fusion/install/ydlidar_ros2_driver/share/ydlidar_ros2_driver/cmake/ydlidar_ros2_driverConfig.cmake
[23.117s] -- Up-to-date: /home/pi/sensor_fusion/install/ydlidar_ros2_driver/share/ydlidar_ros2_driver/cmake/ydlidar_ros2_driverConfig-version.cmake
[23.118s] -- Up-to-date: /home/pi/sensor_fusion/install/ydlidar_ros2_driver/share/ydlidar_ros2_driver/package.xml
[23.120s] Invoked command in '/home/pi/sensor_fusion/build/ydlidar_ros2_driver' returned '0': CMAKE_PREFIX_PATH=${CMAKE_PREFIX_PATH}:/home/pi/sensor_fusion/install/ros2_cv_webcam:/home/pi/sensor_fusion/install/lidar_object:/home/pi/sensor_fusion/install/lidar_cam:/opt/ros/foxy /usr/bin/cmake --install /home/pi/sensor_fusion/build/ydlidar_ros2_driver
