running egg_info
writing ../../build/py_trees_ros_viewer/py_trees_ros_viewer.egg-info/PKG-INFO
writing dependency_links to ../../build/py_trees_ros_viewer/py_trees_ros_viewer.egg-info/dependency_links.txt
writing entry points to ../../build/py_trees_ros_viewer/py_trees_ros_viewer.egg-info/entry_points.txt
writing top-level names to ../../build/py_trees_ros_viewer/py_trees_ros_viewer.egg-info/top_level.txt
reading manifest file '../../build/py_trees_ros_viewer/py_trees_ros_viewer.egg-info/SOURCES.txt'
adding license file 'LICENSE'
writing manifest file '../../build/py_trees_ros_viewer/py_trees_ros_viewer.egg-info/SOURCES.txt'
running build
running build_py
copying py_trees_ros_viewer/backend.py -> /home/kmw/trees_ws/build/py_trees_ros_viewer/build/lib/py_trees_ros_viewer
copying py_trees_ros_viewer/viewer.py -> /home/kmw/trees_ws/build/py_trees_ros_viewer/build/lib/py_trees_ros_viewer
copying py_trees_ros_viewer/__init__.py -> /home/kmw/trees_ws/build/py_trees_ros_viewer/build/lib/py_trees_ros_viewer
copying py_trees_ros_viewer/web_app_rc.py -> /home/kmw/trees_ws/build/py_trees_ros_viewer/build/lib/py_trees_ros_viewer
copying py_trees_ros_viewer/conversions.py -> /home/kmw/trees_ws/build/py_trees_ros_viewer/build/lib/py_trees_ros_viewer
copying py_trees_ros_viewer/exceptions.py -> /home/kmw/trees_ws/build/py_trees_ros_viewer/build/lib/py_trees_ros_viewer
copying py_trees_ros_viewer/console.py -> /home/kmw/trees_ws/build/py_trees_ros_viewer/build/lib/py_trees_ros_viewer
copying py_trees_ros_viewer/main_window.py -> /home/kmw/trees_ws/build/py_trees_ros_viewer/build/lib/py_trees_ros_viewer
copying py_trees_ros_viewer/images_rc.py -> /home/kmw/trees_ws/build/py_trees_ros_viewer/build/lib/py_trees_ros_viewer
copying py_trees_ros_viewer/web_view.py -> /home/kmw/trees_ws/build/py_trees_ros_viewer/build/lib/py_trees_ros_viewer
copying py_trees_ros_viewer/web_view_ui.py -> /home/kmw/trees_ws/build/py_trees_ros_viewer/build/lib/py_trees_ros_viewer
copying py_trees_ros_viewer/utilities.py -> /home/kmw/trees_ws/build/py_trees_ros_viewer/build/lib/py_trees_ros_viewer
copying py_trees_ros_viewer/main_window_ui.py -> /home/kmw/trees_ws/build/py_trees_ros_viewer/build/lib/py_trees_ros_viewer
copying py_trees_ros_viewer/web_view.ui -> /home/kmw/trees_ws/build/py_trees_ros_viewer/build/lib/py_trees_ros_viewer
copying py_trees_ros_viewer/main_window.ui -> /home/kmw/trees_ws/build/py_trees_ros_viewer/build/lib/py_trees_ros_viewer
copying py_trees_ros_viewer/html/index.html -> /home/kmw/trees_ws/build/py_trees_ros_viewer/build/lib/py_trees_ros_viewer/html
copying py_trees_ros_viewer/images/tuxrobot.png -> /home/kmw/trees_ws/build/py_trees_ros_viewer/build/lib/py_trees_ros_viewer/images
running install
running install_lib
running install_data
copying package.xml -> /home/kmw/trees_ws/install/py_trees_ros_viewer/share/py_trees_ros_viewer
running install_egg_info
removing '/home/kmw/trees_ws/install/py_trees_ros_viewer/lib/python3.10/site-packages/py_trees_ros_viewer-0.2.3-py3.10.egg-info' (and everything under it)
Copying ../../build/py_trees_ros_viewer/py_trees_ros_viewer.egg-info to /home/kmw/trees_ws/install/py_trees_ros_viewer/lib/python3.10/site-packages/py_trees_ros_viewer-0.2.3-py3.10.egg-info
running install_scripts
Installing py-trees-tree-viewer script to /home/kmw/trees_ws/install/py_trees_ros_viewer/bin
writing list of installed files to '/home/kmw/trees_ws/build/py_trees_ros_viewer/install.log'
