[6.717s] Invoking command in '/home/pi/arm_ws/src/turtle_con': PYTHONPATH=/home/pi/arm_ws/build/turtle_con/prefix_override:/usr/lib/python3/dist-packages/colcon_core/task/python/colcon_distutils_commands:/home/pi/arm_ws/install/turtle_con/lib/python3.8/site-packages:${PYTHONPATH} /usr/bin/python3 -W ignore:setup.py install is deprecated setup.py egg_info --egg-base ../../build/turtle_con build --build-base /home/pi/arm_ws/build/turtle_con/build install --record /home/pi/arm_ws/build/turtle_con/install.log --install-scripts $base/lib/turtle_con --single-version-externally-managed install_data
[9.086s] running egg_info
[9.091s] writing ../../build/turtle_con/turtle_con.egg-info/PKG-INFO
[9.093s] writing dependency_links to ../../build/turtle_con/turtle_con.egg-info/dependency_links.txt
[9.095s] writing entry points to ../../build/turtle_con/turtle_con.egg-info/entry_points.txt
[9.097s] writing requirements to ../../build/turtle_con/turtle_con.egg-info/requires.txt
[9.098s] writing top-level names to ../../build/turtle_con/turtle_con.egg-info/top_level.txt
[9.448s] reading manifest file '../../build/turtle_con/turtle_con.egg-info/SOURCES.txt'
[9.456s] writing manifest file '../../build/turtle_con/turtle_con.egg-info/SOURCES.txt'
[9.458s] running build
[9.459s] running build_py
[9.460s] copying turtle_con/turtle_ros2_con.py -> /home/pi/arm_ws/build/turtle_con/build/lib/turtle_con
[9.463s] running install
[9.469s] running install_lib
[9.478s] copying /home/pi/arm_ws/build/turtle_con/build/lib/turtle_con/turtle_ros2_con.py -> /home/pi/arm_ws/install/turtle_con/lib/python3.8/site-packages/turtle_con
[9.484s] byte-compiling /home/pi/arm_ws/install/turtle_con/lib/python3.8/site-packages/turtle_con/turtle_ros2_con.py to turtle_ros2_con.cpython-38.pyc
[9.502s] running install_data
[9.504s] running install_egg_info
[9.519s] removing '/home/pi/arm_ws/install/turtle_con/lib/python3.8/site-packages/turtle_con-0.0.0-py3.8.egg-info' (and everything under it)
[9.522s] Copying ../../build/turtle_con/turtle_con.egg-info to /home/pi/arm_ws/install/turtle_con/lib/python3.8/site-packages/turtle_con-0.0.0-py3.8.egg-info
[9.533s] running install_scripts
[9.686s] Installing turtle_ros2_con script to /home/pi/arm_ws/install/turtle_con/lib/turtle_con
[9.689s] writing list of installed files to '/home/pi/arm_ws/build/turtle_con/install.log'
[9.868s] Invoked command in '/home/pi/arm_ws/src/turtle_con' returned '0': PYTHONPATH=/home/pi/arm_ws/build/turtle_con/prefix_override:/usr/lib/python3/dist-packages/colcon_core/task/python/colcon_distutils_commands:/home/pi/arm_ws/install/turtle_con/lib/python3.8/site-packages:${PYTHONPATH} /usr/bin/python3 -W ignore:setup.py install is deprecated setup.py egg_info --egg-base ../../build/turtle_con build --build-base /home/pi/arm_ws/build/turtle_con/build install --record /home/pi/arm_ws/build/turtle_con/install.log --install-scripts $base/lib/turtle_con --single-version-externally-managed install_data
