[14.161s] Invoking command in '/home/pi/arm_ws/src/turtle_con': PYTHONPATH=/home/pi/arm_ws/build/turtle_con/prefix_override:/usr/lib/python3/dist-packages/colcon_core/task/python/colcon_distutils_commands:/home/pi/arm_ws/install/turtle_con/lib/python3.8/site-packages:${PYTHONPATH} /usr/bin/python3 -W ignore:setup.py install is deprecated setup.py egg_info --egg-base ../../build/turtle_con build --build-base /home/pi/arm_ws/build/turtle_con/build install --record /home/pi/arm_ws/build/turtle_con/install.log --install-scripts $base/lib/turtle_con --single-version-externally-managed install_data
[18.332s] running egg_info
[18.340s] writing ../../build/turtle_con/turtle_con.egg-info/PKG-INFO
[18.345s] writing dependency_links to ../../build/turtle_con/turtle_con.egg-info/dependency_links.txt
[18.352s] writing entry points to ../../build/turtle_con/turtle_con.egg-info/entry_points.txt
[18.356s] writing requirements to ../../build/turtle_con/turtle_con.egg-info/requires.txt
[18.360s] writing top-level names to ../../build/turtle_con/turtle_con.egg-info/top_level.txt
[18.966s] reading manifest file '../../build/turtle_con/turtle_con.egg-info/SOURCES.txt'
[18.985s] writing manifest file '../../build/turtle_con/turtle_con.egg-info/SOURCES.txt'
[18.986s] running build
[18.987s] running build_py
[18.989s] copying turtle_con/qr_log.py -> /home/pi/arm_ws/build/turtle_con/build/lib/turtle_con
[18.993s] running install
[19.000s] running install_lib
[19.010s] copying /home/pi/arm_ws/build/turtle_con/build/lib/turtle_con/qr_log.py -> /home/pi/arm_ws/install/turtle_con/lib/python3.8/site-packages/turtle_con
[19.018s] byte-compiling /home/pi/arm_ws/install/turtle_con/lib/python3.8/site-packages/turtle_con/qr_log.py to qr_log.cpython-38.pyc
[19.034s] Sorry: IndentationError: unexpected indent (qr_log.py, line 112)
[19.036s] running install_data
[19.037s] running install_egg_info
[19.051s] removing '/home/pi/arm_ws/install/turtle_con/lib/python3.8/site-packages/turtle_con-0.0.0-py3.8.egg-info' (and everything under it)
[19.085s] Copying ../../build/turtle_con/turtle_con.egg-info to /home/pi/arm_ws/install/turtle_con/lib/python3.8/site-packages/turtle_con-0.0.0-py3.8.egg-info
[19.096s] running install_scripts
[19.239s] Installing move_qr script to /home/pi/arm_ws/install/turtle_con/lib/turtle_con
[19.241s] Installing qr_log script to /home/pi/arm_ws/install/turtle_con/lib/turtle_con
[19.243s] Installing turtle_ros2_con script to /home/pi/arm_ws/install/turtle_con/lib/turtle_con
[19.245s] Installing with_qr script to /home/pi/arm_ws/install/turtle_con/lib/turtle_con
[19.249s] writing list of installed files to '/home/pi/arm_ws/build/turtle_con/install.log'
[19.444s] Invoked command in '/home/pi/arm_ws/src/turtle_con' returned '0': PYTHONPATH=/home/pi/arm_ws/build/turtle_con/prefix_override:/usr/lib/python3/dist-packages/colcon_core/task/python/colcon_distutils_commands:/home/pi/arm_ws/install/turtle_con/lib/python3.8/site-packages:${PYTHONPATH} /usr/bin/python3 -W ignore:setup.py install is deprecated setup.py egg_info --egg-base ../../build/turtle_con build --build-base /home/pi/arm_ws/build/turtle_con/build install --record /home/pi/arm_ws/build/turtle_con/install.log --install-scripts $base/lib/turtle_con --single-version-externally-managed install_data
