[0.114s] DEBUG:colcon:Command line arguments: ['/usr/bin/colcon', 'build', '--symlink-install']
[0.114s] DEBUG:colcon:Parsed command line arguments: Namespace(log_base=None, log_level=None, verb_name='build', build_base='build', install_base='install', merge_install=False, symlink_install=True, test_result_base=None, continue_on_error=False, executor='parallel', parallel_workers=8, event_handlers=None, ignore_user_meta=False, metas=['./colcon.meta'], base_paths=['.'], packages_ignore=None, packages_ignore_regex=None, paths=None, packages_up_to=None, packages_up_to_regex=None, packages_above=None, packages_above_and_dependencies=None, packages_above_depth=None, packages_select_by_dep=None, packages_skip_by_dep=None, packages_skip_up_to=None, packages_select_build_failed=False, packages_skip_build_finished=False, packages_select_test_failures=False, packages_skip_test_passed=False, packages_select=None, packages_skip=None, packages_select_regex=None, packages_skip_regex=None, packages_start=None, packages_end=None, allow_overriding=[], cmake_args=None, cmake_target=None, cmake_target_skip_unavailable=False, cmake_clean_cache=False, cmake_clean_first=False, cmake_force_configure=False, ament_cmake_args=None, catkin_cmake_args=None, catkin_skip_building_tests=False, mixin_files=None, mixin=None, verb_parser=<colcon_mixin.mixin.mixin_argument.MixinArgumentDecorator object at 0x782245978490>, verb_extension=<colcon_core.verb.build.BuildVerb object at 0x782245a89a50>, main=<bound method BuildVerb.main of <colcon_core.verb.build.BuildVerb object at 0x782245a89a50>>, mixin_verb=('build',))
[0.151s] Level 1:colcon.colcon_core.package_discovery:discover_packages(colcon_meta) check parameters
[0.151s] Level 1:colcon.colcon_core.package_discovery:discover_packages(recursive) check parameters
[0.151s] Level 1:colcon.colcon_core.package_discovery:discover_packages(ignore) check parameters
[0.151s] Level 1:colcon.colcon_core.package_discovery:discover_packages(path) check parameters
[0.151s] Level 1:colcon.colcon_core.package_discovery:discover_packages(colcon_meta) discover
[0.151s] Level 1:colcon.colcon_core.package_discovery:discover_packages(recursive) discover
[0.151s] INFO:colcon.colcon_core.package_discovery:Crawling recursively for packages in '/home/kmw/trees_ws'
[0.151s] Level 1:colcon.colcon_core.package_identification:_identify(.) by extensions ['ignore', 'ignore_ament_install']
[0.151s] Level 1:colcon.colcon_core.package_identification:_identify(.) by extension 'ignore'
[0.152s] Level 1:colcon.colcon_core.package_identification:_identify(.) by extension 'ignore_ament_install'
[0.152s] Level 1:colcon.colcon_core.package_identification:_identify(.) by extensions ['colcon_pkg']
[0.152s] Level 1:colcon.colcon_core.package_identification:_identify(.) by extension 'colcon_pkg'
[0.152s] Level 1:colcon.colcon_core.package_identification:_identify(.) by extensions ['colcon_meta']
[0.152s] Level 1:colcon.colcon_core.package_identification:_identify(.) by extension 'colcon_meta'
[0.152s] Level 1:colcon.colcon_core.package_identification:_identify(.) by extensions ['ros']
[0.152s] Level 1:colcon.colcon_core.package_identification:_identify(.) by extension 'ros'
[0.175s] Level 1:colcon.colcon_core.package_identification:_identify(.) by extensions ['cmake', 'python']
[0.176s] Level 1:colcon.colcon_core.package_identification:_identify(.) by extension 'cmake'
[0.176s] Level 1:colcon.colcon_core.package_identification:_identify(.) by extension 'python'
[0.176s] Level 1:colcon.colcon_core.package_identification:_identify(.) by extensions ['python_setup_py']
[0.176s] Level 1:colcon.colcon_core.package_identification:_identify(.) by extension 'python_setup_py'
[0.176s] Level 1:colcon.colcon_core.package_identification:_identify(build) by extensions ['ignore', 'ignore_ament_install']
[0.176s] Level 1:colcon.colcon_core.package_identification:_identify(build) by extension 'ignore'
[0.176s] Level 1:colcon.colcon_core.package_identification:_identify(build) ignored
[0.176s] Level 1:colcon.colcon_core.package_identification:_identify(install) by extensions ['ignore', 'ignore_ament_install']
[0.176s] Level 1:colcon.colcon_core.package_identification:_identify(install) by extension 'ignore'
[0.176s] Level 1:colcon.colcon_core.package_identification:_identify(install) ignored
[0.176s] Level 1:colcon.colcon_core.package_identification:_identify(log) by extensions ['ignore', 'ignore_ament_install']
[0.176s] Level 1:colcon.colcon_core.package_identification:_identify(log) by extension 'ignore'
[0.176s] Level 1:colcon.colcon_core.package_identification:_identify(log) ignored
[0.176s] Level 1:colcon.colcon_core.package_identification:_identify(src) by extensions ['ignore', 'ignore_ament_install']
[0.177s] Level 1:colcon.colcon_core.package_identification:_identify(src) by extension 'ignore'
[0.177s] Level 1:colcon.colcon_core.package_identification:_identify(src) by extension 'ignore_ament_install'
[0.177s] Level 1:colcon.colcon_core.package_identification:_identify(src) by extensions ['colcon_pkg']
[0.177s] Level 1:colcon.colcon_core.package_identification:_identify(src) by extension 'colcon_pkg'
[0.177s] Level 1:colcon.colcon_core.package_identification:_identify(src) by extensions ['colcon_meta']
[0.177s] Level 1:colcon.colcon_core.package_identification:_identify(src) by extension 'colcon_meta'
[0.177s] Level 1:colcon.colcon_core.package_identification:_identify(src) by extensions ['ros']
[0.177s] Level 1:colcon.colcon_core.package_identification:_identify(src) by extension 'ros'
[0.177s] Level 1:colcon.colcon_core.package_identification:_identify(src) by extensions ['cmake', 'python']
[0.177s] Level 1:colcon.colcon_core.package_identification:_identify(src) by extension 'cmake'
[0.177s] Level 1:colcon.colcon_core.package_identification:_identify(src) by extension 'python'
[0.177s] Level 1:colcon.colcon_core.package_identification:_identify(src) by extensions ['python_setup_py']
[0.177s] Level 1:colcon.colcon_core.package_identification:_identify(src) by extension 'python_setup_py'
[0.177s] Level 1:colcon.colcon_core.package_identification:_identify(src/py_trees_ros) by extensions ['ignore', 'ignore_ament_install']
[0.177s] Level 1:colcon.colcon_core.package_identification:_identify(src/py_trees_ros) by extension 'ignore'
[0.177s] Level 1:colcon.colcon_core.package_identification:_identify(src/py_trees_ros) by extension 'ignore_ament_install'
[0.177s] Level 1:colcon.colcon_core.package_identification:_identify(src/py_trees_ros) by extensions ['colcon_pkg']
[0.177s] Level 1:colcon.colcon_core.package_identification:_identify(src/py_trees_ros) by extension 'colcon_pkg'
[0.177s] Level 1:colcon.colcon_core.package_identification:_identify(src/py_trees_ros) by extensions ['colcon_meta']
[0.177s] Level 1:colcon.colcon_core.package_identification:_identify(src/py_trees_ros) by extension 'colcon_meta'
[0.177s] Level 1:colcon.colcon_core.package_identification:_identify(src/py_trees_ros) by extensions ['ros']
[0.177s] Level 1:colcon.colcon_core.package_identification:_identify(src/py_trees_ros) by extension 'ros'
[0.180s] DEBUG:colcon.colcon_core.package_identification:Package 'src/py_trees_ros' with type 'ros.ament_python' and name 'py_trees_ros'
[0.181s] Level 1:colcon.colcon_core.package_identification:_identify(src/py_trees_ros_tutorials) by extensions ['ignore', 'ignore_ament_install']
[0.181s] Level 1:colcon.colcon_core.package_identification:_identify(src/py_trees_ros_tutorials) by extension 'ignore'
[0.181s] Level 1:colcon.colcon_core.package_identification:_identify(src/py_trees_ros_tutorials) by extension 'ignore_ament_install'
[0.181s] Level 1:colcon.colcon_core.package_identification:_identify(src/py_trees_ros_tutorials) by extensions ['colcon_pkg']
[0.181s] Level 1:colcon.colcon_core.package_identification:_identify(src/py_trees_ros_tutorials) by extension 'colcon_pkg'
[0.181s] Level 1:colcon.colcon_core.package_identification:_identify(src/py_trees_ros_tutorials) by extensions ['colcon_meta']
[0.181s] Level 1:colcon.colcon_core.package_identification:_identify(src/py_trees_ros_tutorials) by extension 'colcon_meta'
[0.181s] Level 1:colcon.colcon_core.package_identification:_identify(src/py_trees_ros_tutorials) by extensions ['ros']
[0.181s] Level 1:colcon.colcon_core.package_identification:_identify(src/py_trees_ros_tutorials) by extension 'ros'
[0.182s] DEBUG:colcon.colcon_core.package_identification:Package 'src/py_trees_ros_tutorials' with type 'ros.ament_python' and name 'py_trees_ros_tutorials'
[0.182s] Level 1:colcon.colcon_core.package_identification:_identify(src/py_trees_ros_viewer) by extensions ['ignore', 'ignore_ament_install']
[0.182s] Level 1:colcon.colcon_core.package_identification:_identify(src/py_trees_ros_viewer) by extension 'ignore'
[0.182s] Level 1:colcon.colcon_core.package_identification:_identify(src/py_trees_ros_viewer) by extension 'ignore_ament_install'
[0.182s] Level 1:colcon.colcon_core.package_identification:_identify(src/py_trees_ros_viewer) by extensions ['colcon_pkg']
[0.182s] Level 1:colcon.colcon_core.package_identification:_identify(src/py_trees_ros_viewer) by extension 'colcon_pkg'
[0.182s] Level 1:colcon.colcon_core.package_identification:_identify(src/py_trees_ros_viewer) by extensions ['colcon_meta']
[0.182s] Level 1:colcon.colcon_core.package_identification:_identify(src/py_trees_ros_viewer) by extension 'colcon_meta'
[0.182s] Level 1:colcon.colcon_core.package_identification:_identify(src/py_trees_ros_viewer) by extensions ['ros']
[0.182s] Level 1:colcon.colcon_core.package_identification:_identify(src/py_trees_ros_viewer) by extension 'ros'
[0.183s] DEBUG:colcon.colcon_core.package_identification:Package 'src/py_trees_ros_viewer' with type 'ros.ament_python' and name 'py_trees_ros_viewer'
[0.183s] Level 1:colcon.colcon_core.package_identification:_identify(src/spot_bt_ros) by extensions ['ignore', 'ignore_ament_install']
[0.183s] Level 1:colcon.colcon_core.package_identification:_identify(src/spot_bt_ros) by extension 'ignore'
[0.183s] Level 1:colcon.colcon_core.package_identification:_identify(src/spot_bt_ros) by extension 'ignore_ament_install'
[0.183s] Level 1:colcon.colcon_core.package_identification:_identify(src/spot_bt_ros) by extensions ['colcon_pkg']
[0.183s] Level 1:colcon.colcon_core.package_identification:_identify(src/spot_bt_ros) by extension 'colcon_pkg'
[0.183s] Level 1:colcon.colcon_core.package_identification:_identify(src/spot_bt_ros) by extensions ['colcon_meta']
[0.183s] Level 1:colcon.colcon_core.package_identification:_identify(src/spot_bt_ros) by extension 'colcon_meta'
[0.183s] Level 1:colcon.colcon_core.package_identification:_identify(src/spot_bt_ros) by extensions ['ros']
[0.183s] Level 1:colcon.colcon_core.package_identification:_identify(src/spot_bt_ros) by extension 'ros'
[0.184s] DEBUG:colcon.colcon_core.package_identification:Package 'src/spot_bt_ros' with type 'ros.ament_python' and name 'spot_bt_ros'
[0.184s] Level 1:colcon.colcon_core.package_identification:_identify(src/test_tree) by extensions ['ignore', 'ignore_ament_install']
[0.184s] Level 1:colcon.colcon_core.package_identification:_identify(src/test_tree) by extension 'ignore'
[0.184s] Level 1:colcon.colcon_core.package_identification:_identify(src/test_tree) by extension 'ignore_ament_install'
[0.184s] Level 1:colcon.colcon_core.package_identification:_identify(src/test_tree) by extensions ['colcon_pkg']
[0.184s] Level 1:colcon.colcon_core.package_identification:_identify(src/test_tree) by extension 'colcon_pkg'
[0.184s] Level 1:colcon.colcon_core.package_identification:_identify(src/test_tree) by extensions ['colcon_meta']
[0.184s] Level 1:colcon.colcon_core.package_identification:_identify(src/test_tree) by extension 'colcon_meta'
[0.184s] Level 1:colcon.colcon_core.package_identification:_identify(src/test_tree) by extensions ['ros']
[0.184s] Level 1:colcon.colcon_core.package_identification:_identify(src/test_tree) by extension 'ros'
[0.185s] DEBUG:colcon.colcon_core.package_identification:Package 'src/test_tree' with type 'ros.ament_python' and name 'test_tree'
[0.185s] Level 1:colcon.colcon_core.package_discovery:discover_packages(recursive) using defaults
[0.185s] Level 1:colcon.colcon_core.package_discovery:discover_packages(ignore) discover
[0.185s] Level 1:colcon.colcon_core.package_discovery:discover_packages(ignore) using defaults
[0.185s] Level 1:colcon.colcon_core.package_discovery:discover_packages(path) discover
[0.185s] Level 1:colcon.colcon_core.package_discovery:discover_packages(path) using defaults
[0.204s] Level 1:colcon.colcon_core.package_discovery:discover_packages(prefix_path) check parameters
[0.204s] Level 1:colcon.colcon_core.package_discovery:discover_packages(prefix_path) discover
[0.206s] DEBUG:colcon.colcon_installed_package_information.package_discovery:Found 6 installed packages in /home/kmw/trees_ws/install
[0.207s] DEBUG:colcon.colcon_installed_package_information.package_discovery:Found 316 installed packages in /opt/ros/humble
[0.209s] Level 1:colcon.colcon_core.package_discovery:discover_packages(prefix_path) using defaults
[0.248s] Level 5:colcon.colcon_core.verb:set package 'py_trees_ros' build argument 'cmake_args' from command line to 'None'
[0.248s] Level 5:colcon.colcon_core.verb:set package 'py_trees_ros' build argument 'cmake_target' from command line to 'None'
[0.248s] Level 5:colcon.colcon_core.verb:set package 'py_trees_ros' build argument 'cmake_target_skip_unavailable' from command line to 'False'
[0.248s] Level 5:colcon.colcon_core.verb:set package 'py_trees_ros' build argument 'cmake_clean_cache' from command line to 'False'
[0.248s] Level 5:colcon.colcon_core.verb:set package 'py_trees_ros' build argument 'cmake_clean_first' from command line to 'False'
[0.248s] Level 5:colcon.colcon_core.verb:set package 'py_trees_ros' build argument 'cmake_force_configure' from command line to 'False'
[0.248s] Level 5:colcon.colcon_core.verb:set package 'py_trees_ros' build argument 'ament_cmake_args' from command line to 'None'
[0.248s] Level 5:colcon.colcon_core.verb:set package 'py_trees_ros' build argument 'catkin_cmake_args' from command line to 'None'
[0.248s] Level 5:colcon.colcon_core.verb:set package 'py_trees_ros' build argument 'catkin_skip_building_tests' from command line to 'False'
[0.248s] DEBUG:colcon.colcon_core.verb:Building package 'py_trees_ros' with the following arguments: {'ament_cmake_args': None, 'build_base': '/home/kmw/trees_ws/build/py_trees_ros', 'catkin_cmake_args': None, 'catkin_skip_building_tests': False, 'cmake_args': None, 'cmake_clean_cache': False, 'cmake_clean_first': False, 'cmake_force_configure': False, 'cmake_target': None, 'cmake_target_skip_unavailable': False, 'install_base': '/home/kmw/trees_ws/install/py_trees_ros', 'merge_install': False, 'path': '/home/kmw/trees_ws/src/py_trees_ros', 'symlink_install': True, 'test_result_base': None}
[0.249s] Level 5:colcon.colcon_core.verb:set package 'py_trees_ros_viewer' build argument 'cmake_args' from command line to 'None'
[0.249s] Level 5:colcon.colcon_core.verb:set package 'py_trees_ros_viewer' build argument 'cmake_target' from command line to 'None'
[0.249s] Level 5:colcon.colcon_core.verb:set package 'py_trees_ros_viewer' build argument 'cmake_target_skip_unavailable' from command line to 'False'
[0.249s] Level 5:colcon.colcon_core.verb:set package 'py_trees_ros_viewer' build argument 'cmake_clean_cache' from command line to 'False'
[0.249s] Level 5:colcon.colcon_core.verb:set package 'py_trees_ros_viewer' build argument 'cmake_clean_first' from command line to 'False'
[0.249s] Level 5:colcon.colcon_core.verb:set package 'py_trees_ros_viewer' build argument 'cmake_force_configure' from command line to 'False'
[0.249s] Level 5:colcon.colcon_core.verb:set package 'py_trees_ros_viewer' build argument 'ament_cmake_args' from command line to 'None'
[0.249s] Level 5:colcon.colcon_core.verb:set package 'py_trees_ros_viewer' build argument 'catkin_cmake_args' from command line to 'None'
[0.249s] Level 5:colcon.colcon_core.verb:set package 'py_trees_ros_viewer' build argument 'catkin_skip_building_tests' from command line to 'False'
[0.249s] DEBUG:colcon.colcon_core.verb:Building package 'py_trees_ros_viewer' with the following arguments: {'ament_cmake_args': None, 'build_base': '/home/kmw/trees_ws/build/py_trees_ros_viewer', 'catkin_cmake_args': None, 'catkin_skip_building_tests': False, 'cmake_args': None, 'cmake_clean_cache': False, 'cmake_clean_first': False, 'cmake_force_configure': False, 'cmake_target': None, 'cmake_target_skip_unavailable': False, 'install_base': '/home/kmw/trees_ws/install/py_trees_ros_viewer', 'merge_install': False, 'path': '/home/kmw/trees_ws/src/py_trees_ros_viewer', 'symlink_install': True, 'test_result_base': None}
[0.249s] Level 5:colcon.colcon_core.verb:set package 'py_trees_ros_tutorials' build argument 'cmake_args' from command line to 'None'
[0.249s] Level 5:colcon.colcon_core.verb:set package 'py_trees_ros_tutorials' build argument 'cmake_target' from command line to 'None'
[0.249s] Level 5:colcon.colcon_core.verb:set package 'py_trees_ros_tutorials' build argument 'cmake_target_skip_unavailable' from command line to 'False'
[0.249s] Level 5:colcon.colcon_core.verb:set package 'py_trees_ros_tutorials' build argument 'cmake_clean_cache' from command line to 'False'
[0.249s] Level 5:colcon.colcon_core.verb:set package 'py_trees_ros_tutorials' build argument 'cmake_clean_first' from command line to 'False'
[0.249s] Level 5:colcon.colcon_core.verb:set package 'py_trees_ros_tutorials' build argument 'cmake_force_configure' from command line to 'False'
[0.249s] Level 5:colcon.colcon_core.verb:set package 'py_trees_ros_tutorials' build argument 'ament_cmake_args' from command line to 'None'
[0.249s] Level 5:colcon.colcon_core.verb:set package 'py_trees_ros_tutorials' build argument 'catkin_cmake_args' from command line to 'None'
[0.249s] Level 5:colcon.colcon_core.verb:set package 'py_trees_ros_tutorials' build argument 'catkin_skip_building_tests' from command line to 'False'
[0.249s] DEBUG:colcon.colcon_core.verb:Building package 'py_trees_ros_tutorials' with the following arguments: {'ament_cmake_args': None, 'build_base': '/home/kmw/trees_ws/build/py_trees_ros_tutorials', 'catkin_cmake_args': None, 'catkin_skip_building_tests': False, 'cmake_args': None, 'cmake_clean_cache': False, 'cmake_clean_first': False, 'cmake_force_configure': False, 'cmake_target': None, 'cmake_target_skip_unavailable': False, 'install_base': '/home/kmw/trees_ws/install/py_trees_ros_tutorials', 'merge_install': False, 'path': '/home/kmw/trees_ws/src/py_trees_ros_tutorials', 'symlink_install': True, 'test_result_base': None}
[0.250s] Level 5:colcon.colcon_core.verb:set package 'spot_bt_ros' build argument 'cmake_args' from command line to 'None'
[0.250s] Level 5:colcon.colcon_core.verb:set package 'spot_bt_ros' build argument 'cmake_target' from command line to 'None'
[0.250s] Level 5:colcon.colcon_core.verb:set package 'spot_bt_ros' build argument 'cmake_target_skip_unavailable' from command line to 'False'
[0.250s] Level 5:colcon.colcon_core.verb:set package 'spot_bt_ros' build argument 'cmake_clean_cache' from command line to 'False'
[0.250s] Level 5:colcon.colcon_core.verb:set package 'spot_bt_ros' build argument 'cmake_clean_first' from command line to 'False'
[0.250s] Level 5:colcon.colcon_core.verb:set package 'spot_bt_ros' build argument 'cmake_force_configure' from command line to 'False'
[0.250s] Level 5:colcon.colcon_core.verb:set package 'spot_bt_ros' build argument 'ament_cmake_args' from command line to 'None'
[0.250s] Level 5:colcon.colcon_core.verb:set package 'spot_bt_ros' build argument 'catkin_cmake_args' from command line to 'None'
[0.250s] Level 5:colcon.colcon_core.verb:set package 'spot_bt_ros' build argument 'catkin_skip_building_tests' from command line to 'False'
[0.250s] DEBUG:colcon.colcon_core.verb:Building package 'spot_bt_ros' with the following arguments: {'ament_cmake_args': None, 'build_base': '/home/kmw/trees_ws/build/spot_bt_ros', 'catkin_cmake_args': None, 'catkin_skip_building_tests': False, 'cmake_args': None, 'cmake_clean_cache': False, 'cmake_clean_first': False, 'cmake_force_configure': False, 'cmake_target': None, 'cmake_target_skip_unavailable': False, 'install_base': '/home/kmw/trees_ws/install/spot_bt_ros', 'merge_install': False, 'path': '/home/kmw/trees_ws/src/spot_bt_ros', 'symlink_install': True, 'test_result_base': None}
[0.250s] Level 5:colcon.colcon_core.verb:set package 'test_tree' build argument 'cmake_args' from command line to 'None'
[0.250s] Level 5:colcon.colcon_core.verb:set package 'test_tree' build argument 'cmake_target' from command line to 'None'
[0.250s] Level 5:colcon.colcon_core.verb:set package 'test_tree' build argument 'cmake_target_skip_unavailable' from command line to 'False'
[0.250s] Level 5:colcon.colcon_core.verb:set package 'test_tree' build argument 'cmake_clean_cache' from command line to 'False'
[0.250s] Level 5:colcon.colcon_core.verb:set package 'test_tree' build argument 'cmake_clean_first' from command line to 'False'
[0.250s] Level 5:colcon.colcon_core.verb:set package 'test_tree' build argument 'cmake_force_configure' from command line to 'False'
[0.250s] Level 5:colcon.colcon_core.verb:set package 'test_tree' build argument 'ament_cmake_args' from command line to 'None'
[0.250s] Level 5:colcon.colcon_core.verb:set package 'test_tree' build argument 'catkin_cmake_args' from command line to 'None'
[0.250s] Level 5:colcon.colcon_core.verb:set package 'test_tree' build argument 'catkin_skip_building_tests' from command line to 'False'
[0.250s] DEBUG:colcon.colcon_core.verb:Building package 'test_tree' with the following arguments: {'ament_cmake_args': None, 'build_base': '/home/kmw/trees_ws/build/test_tree', 'catkin_cmake_args': None, 'catkin_skip_building_tests': False, 'cmake_args': None, 'cmake_clean_cache': False, 'cmake_clean_first': False, 'cmake_force_configure': False, 'cmake_target': None, 'cmake_target_skip_unavailable': False, 'install_base': '/home/kmw/trees_ws/install/test_tree', 'merge_install': False, 'path': '/home/kmw/trees_ws/src/test_tree', 'symlink_install': True, 'test_result_base': None}
[0.251s] INFO:colcon.colcon_core.executor:Executing jobs using 'parallel' executor
[0.251s] DEBUG:colcon.colcon_parallel_executor.executor.parallel:run_until_complete
[0.252s] INFO:colcon.colcon_ros.task.ament_python.build:Building ROS package in '/home/kmw/trees_ws/src/py_trees_ros' with build type 'ament_python'
[0.252s] Level 1:colcon.colcon_core.shell:create_environment_hook('py_trees_ros', 'ament_prefix_path')
[0.254s] INFO:colcon.colcon_core.plugin_system:Skipping extension 'colcon_core.shell.bat': Not used on non-Windows systems
[0.254s] INFO:colcon.colcon_core.shell:Creating environment hook '/home/kmw/trees_ws/install/py_trees_ros/share/py_trees_ros/hook/ament_prefix_path.ps1'
[0.266s] INFO:colcon.colcon_core.shell:Creating environment descriptor '/home/kmw/trees_ws/install/py_trees_ros/share/py_trees_ros/hook/ament_prefix_path.dsv'
[0.267s] INFO:colcon.colcon_core.shell:Creating environment hook '/home/kmw/trees_ws/install/py_trees_ros/share/py_trees_ros/hook/ament_prefix_path.sh'
[0.268s] INFO:colcon.colcon_core.shell:Skip shell extension 'powershell' for command environment: Not usable outside of PowerShell
[0.268s] DEBUG:colcon.colcon_core.shell:Skip shell extension 'dsv' for command environment
[0.271s] INFO:colcon.colcon_ros.task.ament_python.build:Building ROS package in '/home/kmw/trees_ws/src/py_trees_ros_viewer' with build type 'ament_python'
[0.271s] Level 1:colcon.colcon_core.shell:create_environment_hook('py_trees_ros_viewer', 'ament_prefix_path')
[0.272s] INFO:colcon.colcon_core.shell:Creating environment hook '/home/kmw/trees_ws/install/py_trees_ros_viewer/share/py_trees_ros_viewer/hook/ament_prefix_path.ps1'
[0.272s] INFO:colcon.colcon_core.shell:Creating environment descriptor '/home/kmw/trees_ws/install/py_trees_ros_viewer/share/py_trees_ros_viewer/hook/ament_prefix_path.dsv'
[0.272s] INFO:colcon.colcon_core.shell:Creating environment hook '/home/kmw/trees_ws/install/py_trees_ros_viewer/share/py_trees_ros_viewer/hook/ament_prefix_path.sh'
[0.273s] INFO:colcon.colcon_core.shell:Skip shell extension 'powershell' for command environment: Not usable outside of PowerShell
[0.273s] DEBUG:colcon.colcon_core.shell:Skip shell extension 'dsv' for command environment
[0.544s] INFO:colcon.colcon_core.task.python.build:Building Python package in '/home/kmw/trees_ws/src/py_trees_ros'
[0.544s] INFO:colcon.colcon_core.shell:Skip shell extension 'powershell' for command environment: Not usable outside of PowerShell
[0.544s] DEBUG:colcon.colcon_core.shell:Skip shell extension 'dsv' for command environment
[0.869s] WARNING:colcon.colcon_ros.task.ament_python.build:Package 'py_trees_ros_viewer' doesn't explicitly install a marker in the package index (colcon-ros currently does it implicitly but that fallback will be removed in the future)
[0.870s] INFO:colcon.colcon_core.task.python.build:Building Python package in '/home/kmw/trees_ws/src/py_trees_ros_viewer'
[0.870s] INFO:colcon.colcon_core.shell:Skip shell extension 'powershell' for command environment: Not usable outside of PowerShell
[0.870s] DEBUG:colcon.colcon_core.shell:Skip shell extension 'dsv' for command environment
[1.429s] DEBUG:colcon.colcon_core.task.python.build:While undoing a previous installation files outside the Python library path are being ignored: /home/kmw/trees_ws/install/py_trees_ros/share/py_trees_ros/package.xml
[1.429s] DEBUG:colcon.colcon_core.task.python.build:While undoing a previous installation files outside the Python library path are being ignored: /home/kmw/trees_ws/install/py_trees_ros/share/ament_index/resource_index/packages/py_trees_ros
[1.429s] DEBUG:colcon.colcon_core.task.python.build:While undoing a previous installation files outside the Python library path are being ignored: /home/kmw/trees_ws/install/py_trees_ros/bin/py-trees-blackboard-watcher
[1.430s] DEBUG:colcon.colcon_core.task.python.build:While undoing a previous installation files outside the Python library path are being ignored: /home/kmw/trees_ws/install/py_trees_ros/bin/py-trees-tree-watcher
[1.434s] DEBUG:colcon.colcon_core.event_handler.log_command:Invoking command in '/home/kmw/trees_ws/build/py_trees_ros': CONDA_PROMPT_MODIFIER=(ros2_py310) PYTHONPATH=/home/kmw/trees_ws/build/py_trees_ros/prefix_override:/usr/lib/python3/dist-packages/colcon_core/task/python/colcon_distutils_commands:/home/kmw/trees_ws/install/py_trees_ros/lib/python3.10/site-packages:${PYTHONPATH} /usr/bin/python3 -W ignore:setup.py install is deprecated -W ignore:easy_install command is deprecated setup.py develop --editable --build-directory /home/kmw/trees_ws/build/py_trees_ros/build --no-deps symlink_data --force
[1.435s] DEBUG:colcon.colcon_core.task.python.build:While undoing a previous installation files outside the Python library path are being ignored: /home/kmw/trees_ws/install/py_trees_ros_viewer/share/py_trees_ros_viewer/package.xml
[1.435s] DEBUG:colcon.colcon_core.task.python.build:While undoing a previous installation files outside the Python library path are being ignored: /home/kmw/trees_ws/install/py_trees_ros_viewer/bin/py-trees-tree-viewer
[1.439s] DEBUG:colcon.colcon_core.event_handler.log_command:Invoking command in '/home/kmw/trees_ws/build/py_trees_ros_viewer': CONDA_PROMPT_MODIFIER=(ros2_py310) PYTHONPATH=/home/kmw/trees_ws/build/py_trees_ros_viewer/prefix_override:/usr/lib/python3/dist-packages/colcon_core/task/python/colcon_distutils_commands:/home/kmw/trees_ws/install/py_trees_ros_viewer/lib/python3.10/site-packages:${PYTHONPATH} /usr/bin/python3 -W ignore:setup.py install is deprecated -W ignore:easy_install command is deprecated setup.py develop --editable --build-directory /home/kmw/trees_ws/build/py_trees_ros_viewer/build --no-deps symlink_data --force
[2.148s] Level 1:colcon.colcon_core.shell:create_environment_hook('py_trees_ros', 'pythonpath_develop')
[2.148s] INFO:colcon.colcon_core.shell:Creating environment hook '/home/kmw/trees_ws/build/py_trees_ros/share/py_trees_ros/hook/pythonpath_develop.ps1'
[2.149s] DEBUG:colcon.colcon_core.event_handler.log_command:Invoked command in '/home/kmw/trees_ws/build/py_trees_ros' returned '0': CONDA_PROMPT_MODIFIER=(ros2_py310) PYTHONPATH=/home/kmw/trees_ws/build/py_trees_ros/prefix_override:/usr/lib/python3/dist-packages/colcon_core/task/python/colcon_distutils_commands:/home/kmw/trees_ws/install/py_trees_ros/lib/python3.10/site-packages:${PYTHONPATH} /usr/bin/python3 -W ignore:setup.py install is deprecated -W ignore:easy_install command is deprecated setup.py develop --editable --build-directory /home/kmw/trees_ws/build/py_trees_ros/build --no-deps symlink_data --force
[2.150s] INFO:colcon.colcon_core.shell:Creating environment descriptor '/home/kmw/trees_ws/build/py_trees_ros/share/py_trees_ros/hook/pythonpath_develop.dsv'
[2.150s] INFO:colcon.colcon_core.shell:Creating environment hook '/home/kmw/trees_ws/build/py_trees_ros/share/py_trees_ros/hook/pythonpath_develop.sh'
[2.155s] Level 1:colcon.colcon_core.environment:checking '/home/kmw/trees_ws/install/py_trees_ros' for CMake module files
[2.155s] Level 1:colcon.colcon_core.environment:checking '/home/kmw/trees_ws/install/py_trees_ros' for CMake config files
[2.156s] Level 1:colcon.colcon_core.environment:checking '/home/kmw/trees_ws/install/py_trees_ros/lib'
[2.157s] Level 1:colcon.colcon_core.environment:checking '/home/kmw/trees_ws/install/py_trees_ros/bin'
[2.157s] Level 1:colcon.colcon_core.shell:create_environment_hook('py_trees_ros', 'path')
[2.157s] INFO:colcon.colcon_core.shell:Creating environment hook '/home/kmw/trees_ws/install/py_trees_ros/share/py_trees_ros/hook/path.ps1'
[2.158s] INFO:colcon.colcon_core.shell:Creating environment descriptor '/home/kmw/trees_ws/install/py_trees_ros/share/py_trees_ros/hook/path.dsv'
[2.158s] INFO:colcon.colcon_core.shell:Creating environment hook '/home/kmw/trees_ws/install/py_trees_ros/share/py_trees_ros/hook/path.sh'
[2.159s] Level 1:colcon.colcon_core.environment:checking '/home/kmw/trees_ws/install/py_trees_ros/lib/pkgconfig/py_trees_ros.pc'
[2.159s] Level 1:colcon.colcon_core.environment:checking '/home/kmw/trees_ws/install/py_trees_ros/lib/python3.10/site-packages'
[2.160s] Level 1:colcon.colcon_core.shell:create_environment_hook('py_trees_ros', 'pythonpath')
[2.160s] INFO:colcon.colcon_core.shell:Creating environment hook '/home/kmw/trees_ws/install/py_trees_ros/share/py_trees_ros/hook/pythonpath.ps1'
[2.160s] INFO:colcon.colcon_core.shell:Creating environment descriptor '/home/kmw/trees_ws/install/py_trees_ros/share/py_trees_ros/hook/pythonpath.dsv'
[2.161s] INFO:colcon.colcon_core.shell:Creating environment hook '/home/kmw/trees_ws/install/py_trees_ros/share/py_trees_ros/hook/pythonpath.sh'
[2.162s] Level 1:colcon.colcon_core.environment:checking '/home/kmw/trees_ws/install/py_trees_ros/bin'
[2.162s] Level 1:colcon.colcon_core.shell:create_environment_hook('py_trees_ros', 'pythonscriptspath')
[2.162s] INFO:colcon.colcon_core.shell:Creating environment hook '/home/kmw/trees_ws/install/py_trees_ros/share/py_trees_ros/hook/pythonscriptspath.ps1'
[2.163s] INFO:colcon.colcon_core.shell:Creating environment descriptor '/home/kmw/trees_ws/install/py_trees_ros/share/py_trees_ros/hook/pythonscriptspath.dsv'
[2.163s] INFO:colcon.colcon_core.shell:Creating environment hook '/home/kmw/trees_ws/install/py_trees_ros/share/py_trees_ros/hook/pythonscriptspath.sh'
[2.164s] Level 1:colcon.colcon_core.environment:create_environment_scripts_only(py_trees_ros)
[2.165s] INFO:colcon.colcon_core.shell:Creating package script '/home/kmw/trees_ws/install/py_trees_ros/share/py_trees_ros/package.ps1'
[2.166s] INFO:colcon.colcon_core.shell:Creating package descriptor '/home/kmw/trees_ws/install/py_trees_ros/share/py_trees_ros/package.dsv'
[2.167s] INFO:colcon.colcon_core.shell:Creating package script '/home/kmw/trees_ws/install/py_trees_ros/share/py_trees_ros/package.sh'
[2.168s] INFO:colcon.colcon_core.shell:Creating package script '/home/kmw/trees_ws/install/py_trees_ros/share/py_trees_ros/package.bash'
[2.169s] INFO:colcon.colcon_core.shell:Creating package script '/home/kmw/trees_ws/install/py_trees_ros/share/py_trees_ros/package.zsh'
[2.170s] Level 1:colcon.colcon_core.environment:create_file_with_runtime_dependencies(/home/kmw/trees_ws/install/py_trees_ros/share/colcon-core/packages/py_trees_ros)
[2.170s] INFO:colcon.colcon_ros.task.ament_python.build:Building ROS package in '/home/kmw/trees_ws/src/py_trees_ros_tutorials' with build type 'ament_python'
[2.171s] Level 1:colcon.colcon_core.shell:create_environment_hook('py_trees_ros_tutorials', 'ament_prefix_path')
[2.171s] INFO:colcon.colcon_core.shell:Creating environment hook '/home/kmw/trees_ws/install/py_trees_ros_tutorials/share/py_trees_ros_tutorials/hook/ament_prefix_path.ps1'
[2.172s] INFO:colcon.colcon_core.shell:Creating environment descriptor '/home/kmw/trees_ws/install/py_trees_ros_tutorials/share/py_trees_ros_tutorials/hook/ament_prefix_path.dsv'
[2.172s] INFO:colcon.colcon_core.shell:Creating environment hook '/home/kmw/trees_ws/install/py_trees_ros_tutorials/share/py_trees_ros_tutorials/hook/ament_prefix_path.sh'
[2.173s] INFO:colcon.colcon_core.shell:Skip shell extension 'powershell' for command environment: Not usable outside of PowerShell
[2.173s] DEBUG:colcon.colcon_core.shell:Skip shell extension 'dsv' for command environment
[2.176s] INFO:colcon.colcon_ros.task.ament_python.build:Building ROS package in '/home/kmw/trees_ws/src/spot_bt_ros' with build type 'ament_python'
[2.176s] Level 1:colcon.colcon_core.shell:create_environment_hook('spot_bt_ros', 'ament_prefix_path')
[2.176s] INFO:colcon.colcon_core.shell:Creating environment hook '/home/kmw/trees_ws/install/spot_bt_ros/share/spot_bt_ros/hook/ament_prefix_path.ps1'
[2.177s] INFO:colcon.colcon_core.shell:Creating environment descriptor '/home/kmw/trees_ws/install/spot_bt_ros/share/spot_bt_ros/hook/ament_prefix_path.dsv'
[2.177s] INFO:colcon.colcon_core.shell:Creating environment hook '/home/kmw/trees_ws/install/spot_bt_ros/share/spot_bt_ros/hook/ament_prefix_path.sh'
[2.178s] INFO:colcon.colcon_core.shell:Skip shell extension 'powershell' for command environment: Not usable outside of PowerShell
[2.178s] DEBUG:colcon.colcon_core.shell:Skip shell extension 'dsv' for command environment
[2.181s] INFO:colcon.colcon_ros.task.ament_python.build:Building ROS package in '/home/kmw/trees_ws/src/test_tree' with build type 'ament_python'
[2.181s] Level 1:colcon.colcon_core.shell:create_environment_hook('test_tree', 'ament_prefix_path')
[2.181s] INFO:colcon.colcon_core.shell:Creating environment hook '/home/kmw/trees_ws/install/test_tree/share/test_tree/hook/ament_prefix_path.ps1'
[2.182s] INFO:colcon.colcon_core.shell:Creating environment descriptor '/home/kmw/trees_ws/install/test_tree/share/test_tree/hook/ament_prefix_path.dsv'
[2.182s] INFO:colcon.colcon_core.shell:Creating environment hook '/home/kmw/trees_ws/install/test_tree/share/test_tree/hook/ament_prefix_path.sh'
[2.183s] INFO:colcon.colcon_core.shell:Skip shell extension 'powershell' for command environment: Not usable outside of PowerShell
[2.183s] DEBUG:colcon.colcon_core.shell:Skip shell extension 'dsv' for command environment
[2.192s] Level 1:colcon.colcon_core.shell:create_environment_hook('py_trees_ros_viewer', 'pythonpath_develop')
[2.193s] INFO:colcon.colcon_core.shell:Creating environment hook '/home/kmw/trees_ws/build/py_trees_ros_viewer/share/py_trees_ros_viewer/hook/pythonpath_develop.ps1'
[2.194s] DEBUG:colcon.colcon_core.event_handler.log_command:Invoked command in '/home/kmw/trees_ws/build/py_trees_ros_viewer' returned '0': CONDA_PROMPT_MODIFIER=(ros2_py310) PYTHONPATH=/home/kmw/trees_ws/build/py_trees_ros_viewer/prefix_override:/usr/lib/python3/dist-packages/colcon_core/task/python/colcon_distutils_commands:/home/kmw/trees_ws/install/py_trees_ros_viewer/lib/python3.10/site-packages:${PYTHONPATH} /usr/bin/python3 -W ignore:setup.py install is deprecated -W ignore:easy_install command is deprecated setup.py develop --editable --build-directory /home/kmw/trees_ws/build/py_trees_ros_viewer/build --no-deps symlink_data --force
[2.195s] INFO:colcon.colcon_core.shell:Creating environment descriptor '/home/kmw/trees_ws/build/py_trees_ros_viewer/share/py_trees_ros_viewer/hook/pythonpath_develop.dsv'
[2.196s] INFO:colcon.colcon_core.shell:Creating environment hook '/home/kmw/trees_ws/build/py_trees_ros_viewer/share/py_trees_ros_viewer/hook/pythonpath_develop.sh'
[2.198s] Level 1:colcon.colcon_core.environment:checking '/home/kmw/trees_ws/install/py_trees_ros_viewer' for CMake module files
[2.199s] Level 1:colcon.colcon_core.environment:checking '/home/kmw/trees_ws/install/py_trees_ros_viewer' for CMake config files
[2.199s] Level 1:colcon.colcon_core.environment:checking '/home/kmw/trees_ws/install/py_trees_ros_viewer/lib'
[2.199s] Level 1:colcon.colcon_core.environment:checking '/home/kmw/trees_ws/install/py_trees_ros_viewer/bin'
[2.199s] Level 1:colcon.colcon_core.shell:create_environment_hook('py_trees_ros_viewer', 'path')
[2.200s] INFO:colcon.colcon_core.shell:Creating environment hook '/home/kmw/trees_ws/install/py_trees_ros_viewer/share/py_trees_ros_viewer/hook/path.ps1'
[2.200s] INFO:colcon.colcon_core.shell:Creating environment descriptor '/home/kmw/trees_ws/install/py_trees_ros_viewer/share/py_trees_ros_viewer/hook/path.dsv'
[2.200s] INFO:colcon.colcon_core.shell:Creating environment hook '/home/kmw/trees_ws/install/py_trees_ros_viewer/share/py_trees_ros_viewer/hook/path.sh'
[2.201s] Level 1:colcon.colcon_core.environment:checking '/home/kmw/trees_ws/install/py_trees_ros_viewer/lib/pkgconfig/py_trees_ros_viewer.pc'
[2.201s] Level 1:colcon.colcon_core.environment:checking '/home/kmw/trees_ws/install/py_trees_ros_viewer/lib/python3.10/site-packages'
[2.201s] Level 1:colcon.colcon_core.shell:create_environment_hook('py_trees_ros_viewer', 'pythonpath')
[2.201s] INFO:colcon.colcon_core.shell:Creating environment hook '/home/kmw/trees_ws/install/py_trees_ros_viewer/share/py_trees_ros_viewer/hook/pythonpath.ps1'
[2.202s] INFO:colcon.colcon_core.shell:Creating environment descriptor '/home/kmw/trees_ws/install/py_trees_ros_viewer/share/py_trees_ros_viewer/hook/pythonpath.dsv'
[2.202s] INFO:colcon.colcon_core.shell:Creating environment hook '/home/kmw/trees_ws/install/py_trees_ros_viewer/share/py_trees_ros_viewer/hook/pythonpath.sh'
[2.202s] Level 1:colcon.colcon_core.environment:checking '/home/kmw/trees_ws/install/py_trees_ros_viewer/bin'
[2.203s] Level 1:colcon.colcon_core.shell:create_environment_hook('py_trees_ros_viewer', 'pythonscriptspath')
[2.203s] INFO:colcon.colcon_core.shell:Creating environment hook '/home/kmw/trees_ws/install/py_trees_ros_viewer/share/py_trees_ros_viewer/hook/pythonscriptspath.ps1'
[2.203s] INFO:colcon.colcon_core.shell:Creating environment descriptor '/home/kmw/trees_ws/install/py_trees_ros_viewer/share/py_trees_ros_viewer/hook/pythonscriptspath.dsv'
[2.203s] INFO:colcon.colcon_core.shell:Creating environment hook '/home/kmw/trees_ws/install/py_trees_ros_viewer/share/py_trees_ros_viewer/hook/pythonscriptspath.sh'
[2.204s] Level 1:colcon.colcon_core.environment:create_environment_scripts_only(py_trees_ros_viewer)
[2.204s] INFO:colcon.colcon_core.shell:Creating package script '/home/kmw/trees_ws/install/py_trees_ros_viewer/share/py_trees_ros_viewer/package.ps1'
[2.205s] INFO:colcon.colcon_core.shell:Creating package descriptor '/home/kmw/trees_ws/install/py_trees_ros_viewer/share/py_trees_ros_viewer/package.dsv'
[2.205s] INFO:colcon.colcon_core.shell:Creating package script '/home/kmw/trees_ws/install/py_trees_ros_viewer/share/py_trees_ros_viewer/package.sh'
[2.206s] INFO:colcon.colcon_core.shell:Creating package script '/home/kmw/trees_ws/install/py_trees_ros_viewer/share/py_trees_ros_viewer/package.bash'
[2.206s] INFO:colcon.colcon_core.shell:Creating package script '/home/kmw/trees_ws/install/py_trees_ros_viewer/share/py_trees_ros_viewer/package.zsh'
[2.207s] Level 1:colcon.colcon_core.environment:create_file_with_runtime_dependencies(/home/kmw/trees_ws/install/py_trees_ros_viewer/share/colcon-core/packages/py_trees_ros_viewer)
[2.555s] INFO:colcon.colcon_core.task.python.build:Building Python package in '/home/kmw/trees_ws/src/py_trees_ros_tutorials'
[2.555s] INFO:colcon.colcon_core.shell:Skip shell extension 'powershell' for command environment: Not usable outside of PowerShell
[2.555s] DEBUG:colcon.colcon_core.shell:Skip shell extension 'dsv' for command environment
[2.769s] INFO:colcon.colcon_core.task.python.build:Building Python package in '/home/kmw/trees_ws/src/spot_bt_ros'
[2.770s] INFO:colcon.colcon_core.shell:Skip shell extension 'powershell' for command environment: Not usable outside of PowerShell
[2.770s] DEBUG:colcon.colcon_core.shell:Skip shell extension 'dsv' for command environment
[2.986s] INFO:colcon.colcon_core.task.python.build:Building Python package in '/home/kmw/trees_ws/src/test_tree'
[2.986s] INFO:colcon.colcon_core.shell:Skip shell extension 'powershell' for command environment: Not usable outside of PowerShell
[2.986s] DEBUG:colcon.colcon_core.shell:Skip shell extension 'dsv' for command environment
[3.586s] DEBUG:colcon.colcon_core.task.python.build:While undoing a previous installation files outside the Python library path are being ignored: /home/kmw/trees_ws/install/py_trees_ros_tutorials/share/py_trees_ros_tutorials/package.xml
[3.586s] DEBUG:colcon.colcon_core.task.python.build:While undoing a previous installation files outside the Python library path are being ignored: /home/kmw/trees_ws/install/py_trees_ros_tutorials/share/ament_index/resource_index/packages/py_trees_ros_tutorials
[3.586s] DEBUG:colcon.colcon_core.task.python.build:While undoing a previous installation files outside the Python library path are being ignored: /home/kmw/trees_ws/install/py_trees_ros_tutorials/share/py_trees_ros_tutorials/launch/tutorial_one_data_gathering_launch.py
[3.586s] DEBUG:colcon.colcon_core.task.python.build:While undoing a previous installation files outside the Python library path are being ignored: /home/kmw/trees_ws/install/py_trees_ros_tutorials/share/py_trees_ros_tutorials/launch/tutorial_six_context_switching_launch.py
[3.586s] DEBUG:colcon.colcon_core.task.python.build:While undoing a previous installation files outside the Python library path are being ignored: /home/kmw/trees_ws/install/py_trees_ros_tutorials/share/py_trees_ros_tutorials/launch/tutorial_three_introspect_the_blackboard_launch.py
[3.586s] DEBUG:colcon.colcon_core.task.python.build:While undoing a previous installation files outside the Python library path are being ignored: /home/kmw/trees_ws/install/py_trees_ros_tutorials/share/py_trees_ros_tutorials/launch/mock_robot_launch.py
[3.586s] DEBUG:colcon.colcon_core.task.python.build:While undoing a previous installation files outside the Python library path are being ignored: /home/kmw/trees_ws/install/py_trees_ros_tutorials/share/py_trees_ros_tutorials/launch/tutorial_eight_dynamic_application_loading_launch.py
[3.586s] DEBUG:colcon.colcon_core.task.python.build:While undoing a previous installation files outside the Python library path are being ignored: /home/kmw/trees_ws/install/py_trees_ros_tutorials/share/py_trees_ros_tutorials/launch/tutorial_four_introspect_the_tree_launch.py
[3.586s] DEBUG:colcon.colcon_core.task.python.build:While undoing a previous installation files outside the Python library path are being ignored: /home/kmw/trees_ws/install/py_trees_ros_tutorials/share/py_trees_ros_tutorials/launch/tutorial_two_battery_check_launch.py
[3.586s] DEBUG:colcon.colcon_core.task.python.build:While undoing a previous installation files outside the Python library path are being ignored: /home/kmw/trees_ws/install/py_trees_ros_tutorials/share/py_trees_ros_tutorials/launch/tutorial_seven_docking_cancelling_failing_launch.py
[3.586s] DEBUG:colcon.colcon_core.task.python.build:While undoing a previous installation files outside the Python library path are being ignored: /home/kmw/trees_ws/install/py_trees_ros_tutorials/share/py_trees_ros_tutorials/launch/tutorial_five_action_clients_launch.py
[3.586s] DEBUG:colcon.colcon_core.task.python.build:While undoing a previous installation files outside the Python library path are being ignored: /home/kmw/trees_ws/install/py_trees_ros_tutorials/lib/py_trees_ros_tutorials/mock-battery
[3.587s] DEBUG:colcon.colcon_core.task.python.build:While undoing a previous installation files outside the Python library path are being ignored: /home/kmw/trees_ws/install/py_trees_ros_tutorials/lib/py_trees_ros_tutorials/mock-dashboard
[3.587s] DEBUG:colcon.colcon_core.task.python.build:While undoing a previous installation files outside the Python library path are being ignored: /home/kmw/trees_ws/install/py_trees_ros_tutorials/lib/py_trees_ros_tutorials/mock-dock-client
[3.587s] DEBUG:colcon.colcon_core.task.python.build:While undoing a previous installation files outside the Python library path are being ignored: /home/kmw/trees_ws/install/py_trees_ros_tutorials/lib/py_trees_ros_tutorials/mock-docking-controller
[3.587s] DEBUG:colcon.colcon_core.task.python.build:While undoing a previous installation files outside the Python library path are being ignored: /home/kmw/trees_ws/install/py_trees_ros_tutorials/lib/py_trees_ros_tutorials/mock-led-strip
[3.587s] DEBUG:colcon.colcon_core.task.python.build:While undoing a previous installation files outside the Python library path are being ignored: /home/kmw/trees_ws/install/py_trees_ros_tutorials/lib/py_trees_ros_tutorials/mock-move-base
[3.587s] DEBUG:colcon.colcon_core.task.python.build:While undoing a previous installation files outside the Python library path are being ignored: /home/kmw/trees_ws/install/py_trees_ros_tutorials/lib/py_trees_ros_tutorials/mock-move-base-client
[3.587s] DEBUG:colcon.colcon_core.task.python.build:While undoing a previous installation files outside the Python library path are being ignored: /home/kmw/trees_ws/install/py_trees_ros_tutorials/lib/py_trees_ros_tutorials/mock-rotate-client
[3.587s] DEBUG:colcon.colcon_core.task.python.build:While undoing a previous installation files outside the Python library path are being ignored: /home/kmw/trees_ws/install/py_trees_ros_tutorials/lib/py_trees_ros_tutorials/mock-rotation-controller
[3.587s] DEBUG:colcon.colcon_core.task.python.build:While undoing a previous installation files outside the Python library path are being ignored: /home/kmw/trees_ws/install/py_trees_ros_tutorials/lib/py_trees_ros_tutorials/mock-safety-sensors
[3.587s] DEBUG:colcon.colcon_core.task.python.build:While undoing a previous installation files outside the Python library path are being ignored: /home/kmw/trees_ws/install/py_trees_ros_tutorials/lib/py_trees_ros_tutorials/tree-action-clients
[3.587s] DEBUG:colcon.colcon_core.task.python.build:While undoing a previous installation files outside the Python library path are being ignored: /home/kmw/trees_ws/install/py_trees_ros_tutorials/lib/py_trees_ros_tutorials/tree-battery-check
[3.587s] DEBUG:colcon.colcon_core.task.python.build:While undoing a previous installation files outside the Python library path are being ignored: /home/kmw/trees_ws/install/py_trees_ros_tutorials/lib/py_trees_ros_tutorials/tree-context-switching
[3.587s] DEBUG:colcon.colcon_core.task.python.build:While undoing a previous installation files outside the Python library path are being ignored: /home/kmw/trees_ws/install/py_trees_ros_tutorials/lib/py_trees_ros_tutorials/tree-data-gathering
[3.587s] DEBUG:colcon.colcon_core.task.python.build:While undoing a previous installation files outside the Python library path are being ignored: /home/kmw/trees_ws/install/py_trees_ros_tutorials/lib/py_trees_ros_tutorials/tree-docking-cancelling-failing
[3.587s] DEBUG:colcon.colcon_core.task.python.build:While undoing a previous installation files outside the Python library path are being ignored: /home/kmw/trees_ws/install/py_trees_ros_tutorials/lib/py_trees_ros_tutorials/tree-dynamic-application-loading
[3.591s] DEBUG:colcon.colcon_core.event_handler.log_command:Invoking command in '/home/kmw/trees_ws/build/py_trees_ros_tutorials': AMENT_PREFIX_PATH=/home/kmw/trees_ws/install/py_trees_ros:/home/kmw/trees_ws/install/spot_bt_ros:/home/kmw/trees_ws/install/test_tree:/home/kmw/trees_ws/install/py_trees_ros_viewer:/home/kmw/trees_ws/install/py_trees_ros_tutorials:/opt/ros/humble CONDA_PROMPT_MODIFIER=(ros2_py310) PATH=/home/kmw/trees_ws/install/py_trees_ros/bin:/home/kmw/trees_ws/install/py_trees_ros_viewer/bin:/opt/ros/humble/bin:/home/kmw/gems/bin:/home/kmw/gems/bin:/home/kmw/miniconda3/envs/ros2_py310/bin:/home/kmw/miniconda3/condabin:/home/kmw/.cargo/bin:/home/kmw/.local/bin:/usr/local/sbin:/usr/local/bin:/usr/sbin:/usr/bin:/sbin:/bin:/usr/games:/usr/local/games:/snap/bin:/snap/bin PYTHONPATH=/home/kmw/trees_ws/build/py_trees_ros_tutorials/prefix_override:/usr/lib/python3/dist-packages/colcon_core/task/python/colcon_distutils_commands:/home/kmw/trees_ws/install/py_trees_ros_tutorials/lib/python3.10/site-packages:/home/kmw/trees_ws/build/py_trees_ros:/home/kmw/trees_ws/install/py_trees_ros/lib/python3.10/site-packages:/home/kmw/trees_ws/install/spot_bt_ros/lib/python3.10/site-packages:/home/kmw/trees_ws/install/test_tree/lib/python3.10/site-packages:/home/kmw/trees_ws/install/py_trees_ros_viewer/lib/python3.10/site-packages:/home/kmw/trees_ws/install/py_trees_ros_tutorials/lib/python3.10/site-packages:/opt/ros/humble/lib/python3.10/site-packages:/opt/ros/humble/local/lib/python3.10/dist-packages:/home/kmw/miniconda3/envs/ros2_py310/lib/python3.10/site-packages/ /usr/bin/python3 -W ignore:setup.py install is deprecated -W ignore:easy_install command is deprecated setup.py develop --editable --build-directory /home/kmw/trees_ws/build/py_trees_ros_tutorials/build --no-deps symlink_data --force
[3.592s] DEBUG:colcon.colcon_core.task.python.build:While undoing a previous installation files outside the Python library path are being ignored: /home/kmw/trees_ws/install/spot_bt_ros/share/ament_index/resource_index/packages/spot_bt_ros
[3.592s] DEBUG:colcon.colcon_core.task.python.build:While undoing a previous installation files outside the Python library path are being ignored: /home/kmw/trees_ws/install/spot_bt_ros/share/spot_bt_ros/package.xml
[3.592s] DEBUG:colcon.colcon_core.task.python.build:While undoing a previous installation files outside the Python library path are being ignored: /home/kmw/trees_ws/install/spot_bt_ros/share/spot_bt_ros/launch/demo.launch.py
[3.592s] DEBUG:colcon.colcon_core.task.python.build:While undoing a previous installation files outside the Python library path are being ignored: /home/kmw/trees_ws/install/spot_bt_ros/share/spot_bt_ros/scripts/demo_arm.py
[3.592s] DEBUG:colcon.colcon_core.task.python.build:While undoing a previous installation files outside the Python library path are being ignored: /home/kmw/trees_ws/install/spot_bt_ros/share/spot_bt_ros/scripts/demo_fiducial.py
[3.592s] DEBUG:colcon.colcon_core.task.python.build:While undoing a previous installation files outside the Python library path are being ignored: /home/kmw/trees_ws/install/spot_bt_ros/share/spot_bt_ros/scripts/demo_pose.py
[3.592s] DEBUG:colcon.colcon_core.task.python.build:While undoing a previous installation files outside the Python library path are being ignored: /home/kmw/trees_ws/install/spot_bt_ros/lib/spot_bt_ros/spot_arm_demo
[3.592s] DEBUG:colcon.colcon_core.task.python.build:While undoing a previous installation files outside the Python library path are being ignored: /home/kmw/trees_ws/install/spot_bt_ros/lib/spot_bt_ros/spot_fiducial_demo
[3.592s] DEBUG:colcon.colcon_core.task.python.build:While undoing a previous installation files outside the Python library path are being ignored: /home/kmw/trees_ws/install/spot_bt_ros/lib/spot_bt_ros/spot_pose_demo
[3.598s] DEBUG:colcon.colcon_core.event_handler.log_command:Invoking command in '/home/kmw/trees_ws/build/spot_bt_ros': AMENT_PREFIX_PATH=/home/kmw/trees_ws/install/py_trees_ros:/home/kmw/trees_ws/install/spot_bt_ros:/home/kmw/trees_ws/install/test_tree:/home/kmw/trees_ws/install/py_trees_ros_viewer:/home/kmw/trees_ws/install/py_trees_ros_tutorials:/opt/ros/humble CONDA_PROMPT_MODIFIER=(ros2_py310) PATH=/home/kmw/trees_ws/install/py_trees_ros/bin:/home/kmw/trees_ws/install/py_trees_ros_viewer/bin:/opt/ros/humble/bin:/home/kmw/gems/bin:/home/kmw/gems/bin:/home/kmw/miniconda3/envs/ros2_py310/bin:/home/kmw/miniconda3/condabin:/home/kmw/.cargo/bin:/home/kmw/.local/bin:/usr/local/sbin:/usr/local/bin:/usr/sbin:/usr/bin:/sbin:/bin:/usr/games:/usr/local/games:/snap/bin:/snap/bin PYTHONPATH=/home/kmw/trees_ws/build/spot_bt_ros/prefix_override:/usr/lib/python3/dist-packages/colcon_core/task/python/colcon_distutils_commands:/home/kmw/trees_ws/install/spot_bt_ros/lib/python3.10/site-packages:/home/kmw/trees_ws/build/py_trees_ros:/home/kmw/trees_ws/install/py_trees_ros/lib/python3.10/site-packages:/home/kmw/trees_ws/install/spot_bt_ros/lib/python3.10/site-packages:/home/kmw/trees_ws/install/test_tree/lib/python3.10/site-packages:/home/kmw/trees_ws/install/py_trees_ros_viewer/lib/python3.10/site-packages:/home/kmw/trees_ws/install/py_trees_ros_tutorials/lib/python3.10/site-packages:/opt/ros/humble/lib/python3.10/site-packages:/opt/ros/humble/local/lib/python3.10/dist-packages:/home/kmw/miniconda3/envs/ros2_py310/lib/python3.10/site-packages/ /usr/bin/python3 -W ignore:setup.py install is deprecated -W ignore:easy_install command is deprecated setup.py develop --editable --build-directory /home/kmw/trees_ws/build/spot_bt_ros/build --no-deps symlink_data --force
[3.598s] DEBUG:colcon.colcon_core.task.python.build:While undoing a previous installation files outside the Python library path are being ignored: /home/kmw/trees_ws/install/test_tree/share/ament_index/resource_index/packages/test_tree
[3.599s] DEBUG:colcon.colcon_core.task.python.build:While undoing a previous installation files outside the Python library path are being ignored: /home/kmw/trees_ws/install/test_tree/share/test_tree/package.xml
[3.599s] DEBUG:colcon.colcon_core.task.python.build:While undoing a previous installation files outside the Python library path are being ignored: /home/kmw/trees_ws/install/test_tree/lib/test_tree/sample
[3.599s] DEBUG:colcon.colcon_core.task.python.build:While undoing a previous installation files outside the Python library path are being ignored: /home/kmw/trees_ws/install/test_tree/lib/test_tree/tree
[3.603s] DEBUG:colcon.colcon_core.event_handler.log_command:Invoking command in '/home/kmw/trees_ws/build/test_tree': AMENT_PREFIX_PATH=/home/kmw/trees_ws/install/py_trees_ros:/home/kmw/trees_ws/install/spot_bt_ros:/home/kmw/trees_ws/install/test_tree:/home/kmw/trees_ws/install/py_trees_ros_viewer:/home/kmw/trees_ws/install/py_trees_ros_tutorials:/opt/ros/humble CONDA_PROMPT_MODIFIER=(ros2_py310) PATH=/home/kmw/trees_ws/install/py_trees_ros/bin:/home/kmw/trees_ws/install/py_trees_ros_viewer/bin:/opt/ros/humble/bin:/home/kmw/gems/bin:/home/kmw/gems/bin:/home/kmw/miniconda3/envs/ros2_py310/bin:/home/kmw/miniconda3/condabin:/home/kmw/.cargo/bin:/home/kmw/.local/bin:/usr/local/sbin:/usr/local/bin:/usr/sbin:/usr/bin:/sbin:/bin:/usr/games:/usr/local/games:/snap/bin:/snap/bin PYTHONPATH=/home/kmw/trees_ws/build/test_tree/prefix_override:/usr/lib/python3/dist-packages/colcon_core/task/python/colcon_distutils_commands:/home/kmw/trees_ws/install/test_tree/lib/python3.10/site-packages:/home/kmw/trees_ws/build/py_trees_ros:/home/kmw/trees_ws/install/py_trees_ros/lib/python3.10/site-packages:/home/kmw/trees_ws/install/spot_bt_ros/lib/python3.10/site-packages:/home/kmw/trees_ws/install/test_tree/lib/python3.10/site-packages:/home/kmw/trees_ws/install/py_trees_ros_viewer/lib/python3.10/site-packages:/home/kmw/trees_ws/install/py_trees_ros_tutorials/lib/python3.10/site-packages:/opt/ros/humble/lib/python3.10/site-packages:/opt/ros/humble/local/lib/python3.10/dist-packages:/home/kmw/miniconda3/envs/ros2_py310/lib/python3.10/site-packages/ /usr/bin/python3 -W ignore:setup.py install is deprecated -W ignore:easy_install command is deprecated setup.py develop --editable --build-directory /home/kmw/trees_ws/build/test_tree/build --no-deps symlink_data --force
[4.320s] Level 1:colcon.colcon_core.shell:create_environment_hook('py_trees_ros_tutorials', 'pythonpath_develop')
[4.321s] INFO:colcon.colcon_core.shell:Creating environment hook '/home/kmw/trees_ws/build/py_trees_ros_tutorials/share/py_trees_ros_tutorials/hook/pythonpath_develop.ps1'
[4.322s] DEBUG:colcon.colcon_core.event_handler.log_command:Invoked command in '/home/kmw/trees_ws/build/py_trees_ros_tutorials' returned '0': AMENT_PREFIX_PATH=/home/kmw/trees_ws/install/py_trees_ros:/home/kmw/trees_ws/install/spot_bt_ros:/home/kmw/trees_ws/install/test_tree:/home/kmw/trees_ws/install/py_trees_ros_viewer:/home/kmw/trees_ws/install/py_trees_ros_tutorials:/opt/ros/humble CONDA_PROMPT_MODIFIER=(ros2_py310) PATH=/home/kmw/trees_ws/install/py_trees_ros/bin:/home/kmw/trees_ws/install/py_trees_ros_viewer/bin:/opt/ros/humble/bin:/home/kmw/gems/bin:/home/kmw/gems/bin:/home/kmw/miniconda3/envs/ros2_py310/bin:/home/kmw/miniconda3/condabin:/home/kmw/.cargo/bin:/home/kmw/.local/bin:/usr/local/sbin:/usr/local/bin:/usr/sbin:/usr/bin:/sbin:/bin:/usr/games:/usr/local/games:/snap/bin:/snap/bin PYTHONPATH=/home/kmw/trees_ws/build/py_trees_ros_tutorials/prefix_override:/usr/lib/python3/dist-packages/colcon_core/task/python/colcon_distutils_commands:/home/kmw/trees_ws/install/py_trees_ros_tutorials/lib/python3.10/site-packages:/home/kmw/trees_ws/build/py_trees_ros:/home/kmw/trees_ws/install/py_trees_ros/lib/python3.10/site-packages:/home/kmw/trees_ws/install/spot_bt_ros/lib/python3.10/site-packages:/home/kmw/trees_ws/install/test_tree/lib/python3.10/site-packages:/home/kmw/trees_ws/install/py_trees_ros_viewer/lib/python3.10/site-packages:/home/kmw/trees_ws/install/py_trees_ros_tutorials/lib/python3.10/site-packages:/opt/ros/humble/lib/python3.10/site-packages:/opt/ros/humble/local/lib/python3.10/dist-packages:/home/kmw/miniconda3/envs/ros2_py310/lib/python3.10/site-packages/ /usr/bin/python3 -W ignore:setup.py install is deprecated -W ignore:easy_install command is deprecated setup.py develop --editable --build-directory /home/kmw/trees_ws/build/py_trees_ros_tutorials/build --no-deps symlink_data --force
[4.323s] INFO:colcon.colcon_core.shell:Creating environment descriptor '/home/kmw/trees_ws/build/py_trees_ros_tutorials/share/py_trees_ros_tutorials/hook/pythonpath_develop.dsv'
[4.323s] INFO:colcon.colcon_core.shell:Creating environment hook '/home/kmw/trees_ws/build/py_trees_ros_tutorials/share/py_trees_ros_tutorials/hook/pythonpath_develop.sh'
[4.325s] Level 1:colcon.colcon_core.environment:checking '/home/kmw/trees_ws/install/py_trees_ros_tutorials' for CMake module files
[4.325s] Level 1:colcon.colcon_core.environment:checking '/home/kmw/trees_ws/install/py_trees_ros_tutorials' for CMake config files
[4.327s] Level 1:colcon.colcon_core.environment:checking '/home/kmw/trees_ws/install/py_trees_ros_tutorials/lib'
[4.327s] Level 1:colcon.colcon_core.environment:checking '/home/kmw/trees_ws/install/py_trees_ros_tutorials/bin'
[4.327s] Level 1:colcon.colcon_core.environment:checking '/home/kmw/trees_ws/install/py_trees_ros_tutorials/lib/pkgconfig/py_trees_ros_tutorials.pc'
[4.327s] Level 1:colcon.colcon_core.environment:checking '/home/kmw/trees_ws/install/py_trees_ros_tutorials/lib/python3.10/site-packages'
[4.327s] Level 1:colcon.colcon_core.shell:create_environment_hook('py_trees_ros_tutorials', 'pythonpath')
[4.328s] INFO:colcon.colcon_core.shell:Creating environment hook '/home/kmw/trees_ws/install/py_trees_ros_tutorials/share/py_trees_ros_tutorials/hook/pythonpath.ps1'
[4.329s] INFO:colcon.colcon_core.shell:Creating environment descriptor '/home/kmw/trees_ws/install/py_trees_ros_tutorials/share/py_trees_ros_tutorials/hook/pythonpath.dsv'
[4.329s] INFO:colcon.colcon_core.shell:Creating environment hook '/home/kmw/trees_ws/install/py_trees_ros_tutorials/share/py_trees_ros_tutorials/hook/pythonpath.sh'
[4.330s] Level 1:colcon.colcon_core.environment:checking '/home/kmw/trees_ws/install/py_trees_ros_tutorials/bin'
[4.331s] Level 1:colcon.colcon_core.environment:create_environment_scripts_only(py_trees_ros_tutorials)
[4.331s] INFO:colcon.colcon_core.shell:Creating package script '/home/kmw/trees_ws/install/py_trees_ros_tutorials/share/py_trees_ros_tutorials/package.ps1'
[4.332s] INFO:colcon.colcon_core.shell:Creating package descriptor '/home/kmw/trees_ws/install/py_trees_ros_tutorials/share/py_trees_ros_tutorials/package.dsv'
[4.333s] INFO:colcon.colcon_core.shell:Creating package script '/home/kmw/trees_ws/install/py_trees_ros_tutorials/share/py_trees_ros_tutorials/package.sh'
[4.334s] INFO:colcon.colcon_core.shell:Creating package script '/home/kmw/trees_ws/install/py_trees_ros_tutorials/share/py_trees_ros_tutorials/package.bash'
[4.335s] INFO:colcon.colcon_core.shell:Creating package script '/home/kmw/trees_ws/install/py_trees_ros_tutorials/share/py_trees_ros_tutorials/package.zsh'
[4.336s] Level 1:colcon.colcon_core.environment:create_file_with_runtime_dependencies(/home/kmw/trees_ws/install/py_trees_ros_tutorials/share/colcon-core/packages/py_trees_ros_tutorials)
[4.367s] Level 1:colcon.colcon_core.shell:create_environment_hook('spot_bt_ros', 'pythonpath_develop')
[4.368s] INFO:colcon.colcon_core.shell:Creating environment hook '/home/kmw/trees_ws/build/spot_bt_ros/share/spot_bt_ros/hook/pythonpath_develop.ps1'
[4.369s] DEBUG:colcon.colcon_core.event_handler.log_command:Invoked command in '/home/kmw/trees_ws/build/spot_bt_ros' returned '0': AMENT_PREFIX_PATH=/home/kmw/trees_ws/install/py_trees_ros:/home/kmw/trees_ws/install/spot_bt_ros:/home/kmw/trees_ws/install/test_tree:/home/kmw/trees_ws/install/py_trees_ros_viewer:/home/kmw/trees_ws/install/py_trees_ros_tutorials:/opt/ros/humble CONDA_PROMPT_MODIFIER=(ros2_py310) PATH=/home/kmw/trees_ws/install/py_trees_ros/bin:/home/kmw/trees_ws/install/py_trees_ros_viewer/bin:/opt/ros/humble/bin:/home/kmw/gems/bin:/home/kmw/gems/bin:/home/kmw/miniconda3/envs/ros2_py310/bin:/home/kmw/miniconda3/condabin:/home/kmw/.cargo/bin:/home/kmw/.local/bin:/usr/local/sbin:/usr/local/bin:/usr/sbin:/usr/bin:/sbin:/bin:/usr/games:/usr/local/games:/snap/bin:/snap/bin PYTHONPATH=/home/kmw/trees_ws/build/spot_bt_ros/prefix_override:/usr/lib/python3/dist-packages/colcon_core/task/python/colcon_distutils_commands:/home/kmw/trees_ws/install/spot_bt_ros/lib/python3.10/site-packages:/home/kmw/trees_ws/build/py_trees_ros:/home/kmw/trees_ws/install/py_trees_ros/lib/python3.10/site-packages:/home/kmw/trees_ws/install/spot_bt_ros/lib/python3.10/site-packages:/home/kmw/trees_ws/install/test_tree/lib/python3.10/site-packages:/home/kmw/trees_ws/install/py_trees_ros_viewer/lib/python3.10/site-packages:/home/kmw/trees_ws/install/py_trees_ros_tutorials/lib/python3.10/site-packages:/opt/ros/humble/lib/python3.10/site-packages:/opt/ros/humble/local/lib/python3.10/dist-packages:/home/kmw/miniconda3/envs/ros2_py310/lib/python3.10/site-packages/ /usr/bin/python3 -W ignore:setup.py install is deprecated -W ignore:easy_install command is deprecated setup.py develop --editable --build-directory /home/kmw/trees_ws/build/spot_bt_ros/build --no-deps symlink_data --force
[4.370s] INFO:colcon.colcon_core.shell:Creating environment descriptor '/home/kmw/trees_ws/build/spot_bt_ros/share/spot_bt_ros/hook/pythonpath_develop.dsv'
[4.371s] INFO:colcon.colcon_core.shell:Creating environment hook '/home/kmw/trees_ws/build/spot_bt_ros/share/spot_bt_ros/hook/pythonpath_develop.sh'
[4.372s] Level 1:colcon.colcon_core.environment:checking '/home/kmw/trees_ws/install/spot_bt_ros' for CMake module files
[4.372s] Level 1:colcon.colcon_core.environment:checking '/home/kmw/trees_ws/install/spot_bt_ros' for CMake config files
[4.373s] Level 1:colcon.colcon_core.environment:checking '/home/kmw/trees_ws/install/spot_bt_ros/lib'
[4.374s] Level 1:colcon.colcon_core.environment:checking '/home/kmw/trees_ws/install/spot_bt_ros/bin'
[4.374s] Level 1:colcon.colcon_core.environment:checking '/home/kmw/trees_ws/install/spot_bt_ros/lib/pkgconfig/spot_bt_ros.pc'
[4.375s] Level 1:colcon.colcon_core.environment:checking '/home/kmw/trees_ws/install/spot_bt_ros/lib/python3.10/site-packages'
[4.375s] Level 1:colcon.colcon_core.shell:create_environment_hook('spot_bt_ros', 'pythonpath')
[4.376s] INFO:colcon.colcon_core.shell:Creating environment hook '/home/kmw/trees_ws/install/spot_bt_ros/share/spot_bt_ros/hook/pythonpath.ps1'
[4.378s] INFO:colcon.colcon_core.shell:Creating environment descriptor '/home/kmw/trees_ws/install/spot_bt_ros/share/spot_bt_ros/hook/pythonpath.dsv'
[4.379s] INFO:colcon.colcon_core.shell:Creating environment hook '/home/kmw/trees_ws/install/spot_bt_ros/share/spot_bt_ros/hook/pythonpath.sh'
[4.382s] Level 1:colcon.colcon_core.environment:checking '/home/kmw/trees_ws/install/spot_bt_ros/bin'
[4.383s] Level 1:colcon.colcon_core.environment:create_environment_scripts_only(spot_bt_ros)
[4.384s] INFO:colcon.colcon_core.shell:Creating package script '/home/kmw/trees_ws/install/spot_bt_ros/share/spot_bt_ros/package.ps1'
[4.385s] INFO:colcon.colcon_core.shell:Creating package descriptor '/home/kmw/trees_ws/install/spot_bt_ros/share/spot_bt_ros/package.dsv'
[4.386s] INFO:colcon.colcon_core.shell:Creating package script '/home/kmw/trees_ws/install/spot_bt_ros/share/spot_bt_ros/package.sh'
[4.387s] INFO:colcon.colcon_core.shell:Creating package script '/home/kmw/trees_ws/install/spot_bt_ros/share/spot_bt_ros/package.bash'
[4.387s] INFO:colcon.colcon_core.shell:Creating package script '/home/kmw/trees_ws/install/spot_bt_ros/share/spot_bt_ros/package.zsh'
[4.388s] Level 1:colcon.colcon_core.environment:create_file_with_runtime_dependencies(/home/kmw/trees_ws/install/spot_bt_ros/share/colcon-core/packages/spot_bt_ros)
[4.390s] Level 1:colcon.colcon_core.shell:create_environment_hook('test_tree', 'pythonpath_develop')
[4.390s] INFO:colcon.colcon_core.shell:Creating environment hook '/home/kmw/trees_ws/build/test_tree/share/test_tree/hook/pythonpath_develop.ps1'
[4.391s] DEBUG:colcon.colcon_core.event_handler.log_command:Invoked command in '/home/kmw/trees_ws/build/test_tree' returned '0': AMENT_PREFIX_PATH=/home/kmw/trees_ws/install/py_trees_ros:/home/kmw/trees_ws/install/spot_bt_ros:/home/kmw/trees_ws/install/test_tree:/home/kmw/trees_ws/install/py_trees_ros_viewer:/home/kmw/trees_ws/install/py_trees_ros_tutorials:/opt/ros/humble CONDA_PROMPT_MODIFIER=(ros2_py310) PATH=/home/kmw/trees_ws/install/py_trees_ros/bin:/home/kmw/trees_ws/install/py_trees_ros_viewer/bin:/opt/ros/humble/bin:/home/kmw/gems/bin:/home/kmw/gems/bin:/home/kmw/miniconda3/envs/ros2_py310/bin:/home/kmw/miniconda3/condabin:/home/kmw/.cargo/bin:/home/kmw/.local/bin:/usr/local/sbin:/usr/local/bin:/usr/sbin:/usr/bin:/sbin:/bin:/usr/games:/usr/local/games:/snap/bin:/snap/bin PYTHONPATH=/home/kmw/trees_ws/build/test_tree/prefix_override:/usr/lib/python3/dist-packages/colcon_core/task/python/colcon_distutils_commands:/home/kmw/trees_ws/install/test_tree/lib/python3.10/site-packages:/home/kmw/trees_ws/build/py_trees_ros:/home/kmw/trees_ws/install/py_trees_ros/lib/python3.10/site-packages:/home/kmw/trees_ws/install/spot_bt_ros/lib/python3.10/site-packages:/home/kmw/trees_ws/install/test_tree/lib/python3.10/site-packages:/home/kmw/trees_ws/install/py_trees_ros_viewer/lib/python3.10/site-packages:/home/kmw/trees_ws/install/py_trees_ros_tutorials/lib/python3.10/site-packages:/opt/ros/humble/lib/python3.10/site-packages:/opt/ros/humble/local/lib/python3.10/dist-packages:/home/kmw/miniconda3/envs/ros2_py310/lib/python3.10/site-packages/ /usr/bin/python3 -W ignore:setup.py install is deprecated -W ignore:easy_install command is deprecated setup.py develop --editable --build-directory /home/kmw/trees_ws/build/test_tree/build --no-deps symlink_data --force
[4.391s] INFO:colcon.colcon_core.shell:Creating environment descriptor '/home/kmw/trees_ws/build/test_tree/share/test_tree/hook/pythonpath_develop.dsv'
[4.392s] INFO:colcon.colcon_core.shell:Creating environment hook '/home/kmw/trees_ws/build/test_tree/share/test_tree/hook/pythonpath_develop.sh'
[4.393s] Level 1:colcon.colcon_core.environment:checking '/home/kmw/trees_ws/install/test_tree' for CMake module files
[4.394s] Level 1:colcon.colcon_core.environment:checking '/home/kmw/trees_ws/install/test_tree' for CMake config files
[4.395s] Level 1:colcon.colcon_core.environment:checking '/home/kmw/trees_ws/install/test_tree/lib'
[4.395s] Level 1:colcon.colcon_core.environment:checking '/home/kmw/trees_ws/install/test_tree/bin'
[4.396s] Level 1:colcon.colcon_core.environment:checking '/home/kmw/trees_ws/install/test_tree/lib/pkgconfig/test_tree.pc'
[4.396s] Level 1:colcon.colcon_core.environment:checking '/home/kmw/trees_ws/install/test_tree/lib/python3.10/site-packages'
[4.396s] Level 1:colcon.colcon_core.shell:create_environment_hook('test_tree', 'pythonpath')
[4.397s] INFO:colcon.colcon_core.shell:Creating environment hook '/home/kmw/trees_ws/install/test_tree/share/test_tree/hook/pythonpath.ps1'
[4.398s] INFO:colcon.colcon_core.shell:Creating environment descriptor '/home/kmw/trees_ws/install/test_tree/share/test_tree/hook/pythonpath.dsv'
[4.398s] INFO:colcon.colcon_core.shell:Creating environment hook '/home/kmw/trees_ws/install/test_tree/share/test_tree/hook/pythonpath.sh'
[4.399s] Level 1:colcon.colcon_core.environment:checking '/home/kmw/trees_ws/install/test_tree/bin'
[4.399s] Level 1:colcon.colcon_core.environment:create_environment_scripts_only(test_tree)
[4.400s] INFO:colcon.colcon_core.shell:Creating package script '/home/kmw/trees_ws/install/test_tree/share/test_tree/package.ps1'
[4.400s] INFO:colcon.colcon_core.shell:Creating package descriptor '/home/kmw/trees_ws/install/test_tree/share/test_tree/package.dsv'
[4.401s] INFO:colcon.colcon_core.shell:Creating package script '/home/kmw/trees_ws/install/test_tree/share/test_tree/package.sh'
[4.402s] INFO:colcon.colcon_core.shell:Creating package script '/home/kmw/trees_ws/install/test_tree/share/test_tree/package.bash'
[4.402s] INFO:colcon.colcon_core.shell:Creating package script '/home/kmw/trees_ws/install/test_tree/share/test_tree/package.zsh'
[4.402s] Level 1:colcon.colcon_core.environment:create_file_with_runtime_dependencies(/home/kmw/trees_ws/install/test_tree/share/colcon-core/packages/test_tree)
[4.403s] DEBUG:colcon.colcon_parallel_executor.executor.parallel:closing loop
[4.403s] DEBUG:colcon.colcon_parallel_executor.executor.parallel:loop closed
[4.403s] DEBUG:colcon.colcon_parallel_executor.executor.parallel:run_until_complete finished with '0'
[4.403s] DEBUG:colcon.colcon_core.event_reactor:joining thread
[4.409s] INFO:colcon.colcon_core.plugin_system:Skipping extension 'colcon_notification.desktop_notification.terminal_notifier': Not used on non-Darwin systems
[4.409s] INFO:colcon.colcon_core.plugin_system:Skipping extension 'colcon_notification.desktop_notification.win32': Not used on non-Windows systems
[4.409s] INFO:colcon.colcon_notification.desktop_notification:Sending desktop notification using 'notify2'
[4.422s] DEBUG:colcon.colcon_core.event_reactor:joined thread
[4.422s] INFO:colcon.colcon_core.shell:Creating prefix script '/home/kmw/trees_ws/install/local_setup.ps1'
[4.423s] INFO:colcon.colcon_core.shell:Creating prefix util module '/home/kmw/trees_ws/install/_local_setup_util_ps1.py'
[4.424s] INFO:colcon.colcon_core.shell:Creating prefix chain script '/home/kmw/trees_ws/install/setup.ps1'
[4.426s] INFO:colcon.colcon_core.shell:Creating prefix script '/home/kmw/trees_ws/install/local_setup.sh'
[4.426s] INFO:colcon.colcon_core.shell:Creating prefix util module '/home/kmw/trees_ws/install/_local_setup_util_sh.py'
[4.427s] INFO:colcon.colcon_core.shell:Creating prefix chain script '/home/kmw/trees_ws/install/setup.sh'
[4.429s] INFO:colcon.colcon_core.shell:Creating prefix script '/home/kmw/trees_ws/install/local_setup.bash'
[4.432s] INFO:colcon.colcon_core.shell:Creating prefix chain script '/home/kmw/trees_ws/install/setup.bash'
[4.433s] INFO:colcon.colcon_core.shell:Creating prefix script '/home/kmw/trees_ws/install/local_setup.zsh'
[4.433s] INFO:colcon.colcon_core.shell:Creating prefix chain script '/home/kmw/trees_ws/install/setup.zsh'
