[ 16%] [32mBuilding CXX object CMakeFiles/ydlidar_ros2_driver_filter.dir/src/ydlidar_ros2_driver_filter.cpp.o[0m
[ 33%] [32m[1mLinking CXX executable ydlidar_ros2_driver_filter[0m
[ 33%] Built target ydlidar_ros2_driver_filter
[ 50%] [32mBuilding CXX object CMakeFiles/ydlidar_ros2_driver_node.dir/src/ydlidar_ros2_driver_node.cpp.o[0m
[01m[K/home/pi/sensor_fusion/src/ydlidar_ros2_driver/src/ydlidar_ros2_driver_node.cpp:[m[K In lambda function:
[01m[K/home/pi/sensor_fusion/src/ydlidar_ros2_driver/src/ydlidar_ros2_driver_node.cpp:167:54:[m[K [01;35m[Kwarning: [m[Kunused parameter ‘[01m[Krequest_header[m[K’ [[01;35m[K-Wunused-parameter[m[K]
  167 |     [&laser]([01;35m[Kconst std::shared_ptr<rmw_request_id_t> request_header[m[K,
      |              [01;35m[K~~~~~~~~~~~~~~~~~~~~~~~~~~~~~~~~~~~~~~~~^~~~~~~~~~~~~~[m[K
[01m[K/home/pi/sensor_fusion/src/ydlidar_ros2_driver/src/ydlidar_ros2_driver_node.cpp:168:56:[m[K [01;35m[Kwarning: [m[Kunused parameter ‘[01m[Kreq[m[K’ [[01;35m[K-Wunused-parameter[m[K]
  168 |   [01;35m[Kconst std::shared_ptr<std_srvs::srv::Empty::Request> req[m[K,
      |   [01;35m[K~~~~~~~~~~~~~~~~~~~~~~~~~~~~~~~~~~~~~~~~~~~~~~~~~~~~~^~~[m[K
[01m[K/home/pi/sensor_fusion/src/ydlidar_ros2_driver/src/ydlidar_ros2_driver_node.cpp:169:51:[m[K [01;35m[Kwarning: [m[Kunused parameter ‘[01m[Kresponse[m[K’ [[01;35m[K-Wunused-parameter[m[K]
  169 |   [01;35m[Kstd::shared_ptr<std_srvs::srv::Empty::Response> response[m[K) -> bool
      |   [01;35m[K~~~~~~~~~~~~~~~~~~~~~~~~~~~~~~~~~~~~~~~~~~~~~~~~^~~~~~~~[m[K
[01m[K/home/pi/sensor_fusion/src/ydlidar_ros2_driver/src/ydlidar_ros2_driver_node.cpp:[m[K In lambda function:
[01m[K/home/pi/sensor_fusion/src/ydlidar_ros2_driver/src/ydlidar_ros2_driver_node.cpp:177:54:[m[K [01;35m[Kwarning: [m[Kunused parameter ‘[01m[Krequest_header[m[K’ [[01;35m[K-Wunused-parameter[m[K]
  177 |     [&laser]([01;35m[Kconst std::shared_ptr<rmw_request_id_t> request_header[m[K,
      |              [01;35m[K~~~~~~~~~~~~~~~~~~~~~~~~~~~~~~~~~~~~~~~~^~~~~~~~~~~~~~[m[K
[01m[K/home/pi/sensor_fusion/src/ydlidar_ros2_driver/src/ydlidar_ros2_driver_node.cpp:178:56:[m[K [01;35m[Kwarning: [m[Kunused parameter ‘[01m[Kreq[m[K’ [[01;35m[K-Wunused-parameter[m[K]
  178 |   [01;35m[Kconst std::shared_ptr<std_srvs::srv::Empty::Request> req[m[K,
      |   [01;35m[K~~~~~~~~~~~~~~~~~~~~~~~~~~~~~~~~~~~~~~~~~~~~~~~~~~~~~^~~[m[K
[01m[K/home/pi/sensor_fusion/src/ydlidar_ros2_driver/src/ydlidar_ros2_driver_node.cpp:179:51:[m[K [01;35m[Kwarning: [m[Kunused parameter ‘[01m[Kresponse[m[K’ [[01;35m[K-Wunused-parameter[m[K]
  179 |   [01;35m[Kstd::shared_ptr<std_srvs::srv::Empty::Response> response[m[K) -> bool
      |   [01;35m[K~~~~~~~~~~~~~~~~~~~~~~~~~~~~~~~~~~~~~~~~~~~~~~~~^~~~~~~~[m[K
[ 66%] [32m[1mLinking CXX executable ydlidar_ros2_driver_node[0m
[ 66%] Built target ydlidar_ros2_driver_node
[ 83%] [32mBuilding CXX object CMakeFiles/ydlidar_ros2_driver_client.dir/src/ydlidar_ros2_driver_client.cpp.o[0m
[100%] [32m[1mLinking CXX executable ydlidar_ros2_driver_client[0m
[100%] Built target ydlidar_ros2_driver_client
-- Install configuration: ""
-- Installing: /home/pi/sensor_fusion/install/ydlidar_ros2_driver/lib/ydlidar_ros2_driver/ydlidar_ros2_driver_node
-- Set runtime path of "/home/pi/sensor_fusion/install/ydlidar_ros2_driver/lib/ydlidar_ros2_driver/ydlidar_ros2_driver_node" to ""
-- Installing: /home/pi/sensor_fusion/install/ydlidar_ros2_driver/lib/ydlidar_ros2_driver/ydlidar_ros2_driver_client
-- Set runtime path of "/home/pi/sensor_fusion/install/ydlidar_ros2_driver/lib/ydlidar_ros2_driver/ydlidar_ros2_driver_client" to ""
-- Installing: /home/pi/sensor_fusion/install/ydlidar_ros2_driver/lib/ydlidar_ros2_driver/ydlidar_ros2_driver_filter
-- Set runtime path of "/home/pi/sensor_fusion/install/ydlidar_ros2_driver/lib/ydlidar_ros2_driver/ydlidar_ros2_driver_filter" to ""
-- Installing: /home/pi/sensor_fusion/install/ydlidar_ros2_driver/share/ydlidar_ros2_driver/launch
-- Installing: /home/pi/sensor_fusion/install/ydlidar_ros2_driver/share/ydlidar_ros2_driver/launch/ydlidar_launch_view.py
-- Installing: /home/pi/sensor_fusion/install/ydlidar_ros2_driver/share/ydlidar_ros2_driver/launch/ydlidar_launch.py
-- Installing: /home/pi/sensor_fusion/install/ydlidar_ros2_driver/share/ydlidar_ros2_driver/launch/ydlidar.py
-- Installing: /home/pi/sensor_fusion/install/ydlidar_ros2_driver/share/ydlidar_ros2_driver/params
-- Installing: /home/pi/sensor_fusion/install/ydlidar_ros2_driver/share/ydlidar_ros2_driver/params/G2.yaml
-- Installing: /home/pi/sensor_fusion/install/ydlidar_ros2_driver/share/ydlidar_ros2_driver/params/X4.yaml
-- Installing: /home/pi/sensor_fusion/install/ydlidar_ros2_driver/share/ydlidar_ros2_driver/params/X2.yaml.save
-- Installing: /home/pi/sensor_fusion/install/ydlidar_ros2_driver/share/ydlidar_ros2_driver/params/GS2.yaml
-- Installing: /home/pi/sensor_fusion/install/ydlidar_ros2_driver/share/ydlidar_ros2_driver/params/G1.yaml
-- Installing: /home/pi/sensor_fusion/install/ydlidar_ros2_driver/share/ydlidar_ros2_driver/params/TG.yaml
-- Installing: /home/pi/sensor_fusion/install/ydlidar_ros2_driver/share/ydlidar_ros2_driver/params/X2.yaml
-- Installing: /home/pi/sensor_fusion/install/ydlidar_ros2_driver/share/ydlidar_ros2_driver/params/G6.yaml
-- Installing: /home/pi/sensor_fusion/install/ydlidar_ros2_driver/share/ydlidar_ros2_driver/params/TminiPro.yaml
-- Installing: /home/pi/sensor_fusion/install/ydlidar_ros2_driver/share/ydlidar_ros2_driver/params/X4-Pro.yaml
-- Installing: /home/pi/sensor_fusion/install/ydlidar_ros2_driver/share/ydlidar_ros2_driver/params/TEA.yaml
-- Installing: /home/pi/sensor_fusion/install/ydlidar_ros2_driver/share/ydlidar_ros2_driver/params/ydlidar.yaml
-- Installing: /home/pi/sensor_fusion/install/ydlidar_ros2_driver/share/ydlidar_ros2_driver/startup
-- Installing: /home/pi/sensor_fusion/install/ydlidar_ros2_driver/share/ydlidar_ros2_driver/startup/initenv.sh
-- Installing: /home/pi/sensor_fusion/install/ydlidar_ros2_driver/share/ydlidar_ros2_driver/config
-- Installing: /home/pi/sensor_fusion/install/ydlidar_ros2_driver/share/ydlidar_ros2_driver/config/ydlidar.rviz
-- Installing: /home/pi/sensor_fusion/install/ydlidar_ros2_driver/share/ament_index/resource_index/package_run_dependencies/ydlidar_ros2_driver
-- Installing: /home/pi/sensor_fusion/install/ydlidar_ros2_driver/share/ament_index/resource_index/parent_prefix_path/ydlidar_ros2_driver
-- Installing: /home/pi/sensor_fusion/install/ydlidar_ros2_driver/share/ydlidar_ros2_driver/environment/ament_prefix_path.sh
-- Installing: /home/pi/sensor_fusion/install/ydlidar_ros2_driver/share/ydlidar_ros2_driver/environment/ament_prefix_path.dsv
-- Installing: /home/pi/sensor_fusion/install/ydlidar_ros2_driver/share/ydlidar_ros2_driver/environment/path.sh
-- Installing: /home/pi/sensor_fusion/install/ydlidar_ros2_driver/share/ydlidar_ros2_driver/environment/path.dsv
-- Installing: /home/pi/sensor_fusion/install/ydlidar_ros2_driver/share/ydlidar_ros2_driver/local_setup.bash
-- Installing: /home/pi/sensor_fusion/install/ydlidar_ros2_driver/share/ydlidar_ros2_driver/local_setup.sh
-- Installing: /home/pi/sensor_fusion/install/ydlidar_ros2_driver/share/ydlidar_ros2_driver/local_setup.zsh
-- Installing: /home/pi/sensor_fusion/install/ydlidar_ros2_driver/share/ydlidar_ros2_driver/local_setup.dsv
-- Installing: /home/pi/sensor_fusion/install/ydlidar_ros2_driver/share/ydlidar_ros2_driver/package.dsv
-- Installing: /home/pi/sensor_fusion/install/ydlidar_ros2_driver/share/ament_index/resource_index/packages/ydlidar_ros2_driver
-- Installing: /home/pi/sensor_fusion/install/ydlidar_ros2_driver/share/ydlidar_ros2_driver/cmake/ydlidar_ros2_driverConfig.cmake
-- Installing: /home/pi/sensor_fusion/install/ydlidar_ros2_driver/share/ydlidar_ros2_driver/cmake/ydlidar_ros2_driverConfig-version.cmake
-- Installing: /home/pi/sensor_fusion/install/ydlidar_ros2_driver/share/ydlidar_ros2_driver/package.xml
