[13.632s] Invoking command in '/home/pi/arm_ws/src/turtle_con': PYTHONPATH=/home/pi/arm_ws/build/turtle_con/prefix_override:/usr/lib/python3/dist-packages/colcon_core/task/python/colcon_distutils_commands:/home/pi/arm_ws/install/turtle_con/lib/python3.8/site-packages:${PYTHONPATH} /usr/bin/python3 -W ignore:setup.py install is deprecated setup.py egg_info --egg-base ../../build/turtle_con build --build-base /home/pi/arm_ws/build/turtle_con/build install --record /home/pi/arm_ws/build/turtle_con/install.log --install-scripts $base/lib/turtle_con --single-version-externally-managed install_data
[17.384s] running egg_info
[17.394s] writing ../../build/turtle_con/turtle_con.egg-info/PKG-INFO
[17.401s] writing dependency_links to ../../build/turtle_con/turtle_con.egg-info/dependency_links.txt
[17.405s] writing entry points to ../../build/turtle_con/turtle_con.egg-info/entry_points.txt
[17.409s] writing requirements to ../../build/turtle_con/turtle_con.egg-info/requires.txt
[17.413s] writing top-level names to ../../build/turtle_con/turtle_con.egg-info/top_level.txt
[17.982s] reading manifest file '../../build/turtle_con/turtle_con.egg-info/SOURCES.txt'
[17.997s] writing manifest file '../../build/turtle_con/turtle_con.egg-info/SOURCES.txt'
[18.008s] running build
[18.011s] running build_py
[18.020s] copying turtle_con/with_qr.py -> /home/pi/arm_ws/build/turtle_con/build/lib/turtle_con
[18.029s] running install
[18.040s] running install_lib
[18.069s] copying /home/pi/arm_ws/build/turtle_con/build/lib/turtle_con/with_qr.py -> /home/pi/arm_ws/install/turtle_con/lib/python3.8/site-packages/turtle_con
[18.082s] byte-compiling /home/pi/arm_ws/install/turtle_con/lib/python3.8/site-packages/turtle_con/with_qr.py to with_qr.cpython-38.pyc
[18.130s] running install_data
[18.135s] running install_egg_info
[18.169s] removing '/home/pi/arm_ws/install/turtle_con/lib/python3.8/site-packages/turtle_con-0.0.0-py3.8.egg-info' (and everything under it)
[18.178s] Copying ../../build/turtle_con/turtle_con.egg-info to /home/pi/arm_ws/install/turtle_con/lib/python3.8/site-packages/turtle_con-0.0.0-py3.8.egg-info
[18.203s] running install_scripts
[18.455s] Installing turtle_ros2_con script to /home/pi/arm_ws/install/turtle_con/lib/turtle_con
[18.457s] Installing with_qr script to /home/pi/arm_ws/install/turtle_con/lib/turtle_con
[18.462s] writing list of installed files to '/home/pi/arm_ws/build/turtle_con/install.log'
[18.649s] Invoked command in '/home/pi/arm_ws/src/turtle_con' returned '0': PYTHONPATH=/home/pi/arm_ws/build/turtle_con/prefix_override:/usr/lib/python3/dist-packages/colcon_core/task/python/colcon_distutils_commands:/home/pi/arm_ws/install/turtle_con/lib/python3.8/site-packages:${PYTHONPATH} /usr/bin/python3 -W ignore:setup.py install is deprecated setup.py egg_info --egg-base ../../build/turtle_con build --build-base /home/pi/arm_ws/build/turtle_con/build install --record /home/pi/arm_ws/build/turtle_con/install.log --install-scripts $base/lib/turtle_con --single-version-externally-managed install_data
