[7.341s] Invoking command in '/home/pi/arm_ws/src/turtle_con': PYTHONPATH=/home/pi/arm_ws/build/turtle_con/prefix_override:/usr/lib/python3/dist-packages/colcon_core/task/python/colcon_distutils_commands:/home/pi/arm_ws/install/turtle_con/lib/python3.8/site-packages:${PYTHONPATH} /usr/bin/python3 -W ignore:setup.py install is deprecated setup.py egg_info --egg-base ../../build/turtle_con build --build-base /home/pi/arm_ws/build/turtle_con/build install --record /home/pi/arm_ws/build/turtle_con/install.log --install-scripts $base/lib/turtle_con --single-version-externally-managed install_data
[9.937s] running egg_info
[9.942s] writing ../../build/turtle_con/turtle_con.egg-info/PKG-INFO
[9.945s] writing dependency_links to ../../build/turtle_con/turtle_con.egg-info/dependency_links.txt
[9.947s] writing entry points to ../../build/turtle_con/turtle_con.egg-info/entry_points.txt
[9.949s] writing requirements to ../../build/turtle_con/turtle_con.egg-info/requires.txt
[9.951s] writing top-level names to ../../build/turtle_con/turtle_con.egg-info/top_level.txt
[10.314s] reading manifest file '../../build/turtle_con/turtle_con.egg-info/SOURCES.txt'
[10.323s] writing manifest file '../../build/turtle_con/turtle_con.egg-info/SOURCES.txt'
[10.325s] running build
[10.326s] running build_py
[10.328s] copying turtle_con/with_qr.py -> /home/pi/arm_ws/build/turtle_con/build/lib/turtle_con
[10.330s] running install
[10.338s] running install_lib
[10.348s] copying /home/pi/arm_ws/build/turtle_con/build/lib/turtle_con/with_qr.py -> /home/pi/arm_ws/install/turtle_con/lib/python3.8/site-packages/turtle_con
[10.354s] byte-compiling /home/pi/arm_ws/install/turtle_con/lib/python3.8/site-packages/turtle_con/with_qr.py to with_qr.cpython-38.pyc
[10.393s] running install_data
[10.394s] running install_egg_info
[10.399s] removing '/home/pi/arm_ws/install/turtle_con/lib/python3.8/site-packages/turtle_con-0.0.0-py3.8.egg-info' (and everything under it)
[10.403s] Copying ../../build/turtle_con/turtle_con.egg-info to /home/pi/arm_ws/install/turtle_con/lib/python3.8/site-packages/turtle_con-0.0.0-py3.8.egg-info
[10.417s] running install_scripts
[10.582s] Installing turtle_ros2_con script to /home/pi/arm_ws/install/turtle_con/lib/turtle_con
[10.583s] Installing with_qr script to /home/pi/arm_ws/install/turtle_con/lib/turtle_con
[10.585s] writing list of installed files to '/home/pi/arm_ws/build/turtle_con/install.log'
[10.772s] Invoked command in '/home/pi/arm_ws/src/turtle_con' returned '0': PYTHONPATH=/home/pi/arm_ws/build/turtle_con/prefix_override:/usr/lib/python3/dist-packages/colcon_core/task/python/colcon_distutils_commands:/home/pi/arm_ws/install/turtle_con/lib/python3.8/site-packages:${PYTHONPATH} /usr/bin/python3 -W ignore:setup.py install is deprecated setup.py egg_info --egg-base ../../build/turtle_con build --build-base /home/pi/arm_ws/build/turtle_con/build install --record /home/pi/arm_ws/build/turtle_con/install.log --install-scripts $base/lib/turtle_con --single-version-externally-managed install_data
