Running /opt/ros/humble/lib/python3.10/site-packages/generate_parameter_library_py/generate_python_module.py /home/kmw/trees_ws/build/ros_bt_py/ros_bt_py/parameters.py config/tree_node_parameters.yaml 
Running /opt/ros/humble/lib/python3.10/site-packages/generate_parameter_library_py/generate_python_module.py /home/kmw/trees_ws/install/ros_bt_py/lib/python3.10/site-packages/ros_bt_py/parameters.py config/tree_node_parameters.yaml 
/home/kmw/miniconda3/envs/ros2_py310/lib/python3.10/site-packages/setuptools/_distutils/dist.py:261: UserWarning: Unknown distribution option: 'tests_require'
  warnings.warn(msg)
running egg_info
creating ../../../build/ros_bt_py/ros_bt_py.egg-info
writing ../../../build/ros_bt_py/ros_bt_py.egg-info/PKG-INFO
writing dependency_links to ../../../build/ros_bt_py/ros_bt_py.egg-info/dependency_links.txt
writing entry points to ../../../build/ros_bt_py/ros_bt_py.egg-info/entry_points.txt
writing requirements to ../../../build/ros_bt_py/ros_bt_py.egg-info/requires.txt
writing top-level names to ../../../build/ros_bt_py/ros_bt_py.egg-info/top_level.txt
writing manifest file '../../../build/ros_bt_py/ros_bt_py.egg-info/SOURCES.txt'
reading manifest file '../../../build/ros_bt_py/ros_bt_py.egg-info/SOURCES.txt'
adding license file 'LICENSE'
writing manifest file '../../../build/ros_bt_py/ros_bt_py.egg-info/SOURCES.txt'
running build
running build_py
creating /home/kmw/trees_ws/build/ros_bt_py/build/lib/ros_bt_py
copying ros_bt_py/package_manager.py -> /home/kmw/trees_ws/build/ros_bt_py/build/lib/ros_bt_py
copying ros_bt_py/node_data.py -> /home/kmw/trees_ws/build/ros_bt_py/build/lib/ros_bt_py
copying ros_bt_py/node_config.py -> /home/kmw/trees_ws/build/ros_bt_py/build/lib/ros_bt_py
copying ros_bt_py/node.py -> /home/kmw/trees_ws/build/ros_bt_py/build/lib/ros_bt_py
copying ros_bt_py/__init__.py -> /home/kmw/trees_ws/build/ros_bt_py/build/lib/ros_bt_py
copying ros_bt_py/exceptions.py -> /home/kmw/trees_ws/build/ros_bt_py/build/lib/ros_bt_py
copying ros_bt_py/helpers.py -> /home/kmw/trees_ws/build/ros_bt_py/build/lib/ros_bt_py
copying ros_bt_py/tree_manager.py -> /home/kmw/trees_ws/build/ros_bt_py/build/lib/ros_bt_py
copying ros_bt_py/debug_manager.py -> /home/kmw/trees_ws/build/ros_bt_py/build/lib/ros_bt_py
copying ros_bt_py/ros_helpers.py -> /home/kmw/trees_ws/build/ros_bt_py/build/lib/ros_bt_py
copying ros_bt_py/subtree_manager.py -> /home/kmw/trees_ws/build/ros_bt_py/build/lib/ros_bt_py
copying ros_bt_py/tree_node.py -> /home/kmw/trees_ws/build/ros_bt_py/build/lib/ros_bt_py
creating /home/kmw/trees_ws/build/ros_bt_py/build/lib/ros_bt_py/nodes
copying ros_bt_py/nodes/format.py -> /home/kmw/trees_ws/build/ros_bt_py/build/lib/ros_bt_py/nodes
copying ros_bt_py/nodes/decorators.py -> /home/kmw/trees_ws/build/ros_bt_py/build/lib/ros_bt_py/nodes
copying ros_bt_py/nodes/setters.py -> /home/kmw/trees_ws/build/ros_bt_py/build/lib/ros_bt_py/nodes
copying ros_bt_py/nodes/sequence.py -> /home/kmw/trees_ws/build/ros_bt_py/build/lib/ros_bt_py/nodes
copying ros_bt_py/nodes/getters.py -> /home/kmw/trees_ws/build/ros_bt_py/build/lib/ros_bt_py/nodes
copying ros_bt_py/nodes/__init__.py -> /home/kmw/trees_ws/build/ros_bt_py/build/lib/ros_bt_py/nodes
copying ros_bt_py/nodes/compare.py -> /home/kmw/trees_ws/build/ros_bt_py/build/lib/ros_bt_py/nodes
copying ros_bt_py/nodes/maths.py -> /home/kmw/trees_ws/build/ros_bt_py/build/lib/ros_bt_py/nodes
copying ros_bt_py/nodes/parallel.py -> /home/kmw/trees_ws/build/ros_bt_py/build/lib/ros_bt_py/nodes
copying ros_bt_py/nodes/io.py -> /home/kmw/trees_ws/build/ros_bt_py/build/lib/ros_bt_py/nodes
copying ros_bt_py/nodes/passthrough_node.py -> /home/kmw/trees_ws/build/ros_bt_py/build/lib/ros_bt_py/nodes
copying ros_bt_py/nodes/random_number.py -> /home/kmw/trees_ws/build/ros_bt_py/build/lib/ros_bt_py/nodes
copying ros_bt_py/nodes/wait.py -> /home/kmw/trees_ws/build/ros_bt_py/build/lib/ros_bt_py/nodes
copying ros_bt_py/nodes/list.py -> /home/kmw/trees_ws/build/ros_bt_py/build/lib/ros_bt_py/nodes
copying ros_bt_py/nodes/constant.py -> /home/kmw/trees_ws/build/ros_bt_py/build/lib/ros_bt_py/nodes
copying ros_bt_py/nodes/fallback.py -> /home/kmw/trees_ws/build/ros_bt_py/build/lib/ros_bt_py/nodes
creating /home/kmw/trees_ws/build/ros_bt_py/build/lib/ros_bt_py/ros_nodes
copying ros_bt_py/ros_nodes/param.py -> /home/kmw/trees_ws/build/ros_bt_py/build/lib/ros_bt_py/ros_nodes
copying ros_bt_py/ros_nodes/action.py -> /home/kmw/trees_ws/build/ros_bt_py/build/lib/ros_bt_py/ros_nodes
copying ros_bt_py/ros_nodes/file.py -> /home/kmw/trees_ws/build/ros_bt_py/build/lib/ros_bt_py/ros_nodes
copying ros_bt_py/ros_nodes/__init__.py -> /home/kmw/trees_ws/build/ros_bt_py/build/lib/ros_bt_py/ros_nodes
copying ros_bt_py/ros_nodes/enum.py -> /home/kmw/trees_ws/build/ros_bt_py/build/lib/ros_bt_py/ros_nodes
copying ros_bt_py/ros_nodes/topic.py -> /home/kmw/trees_ws/build/ros_bt_py/build/lib/ros_bt_py/ros_nodes
copying ros_bt_py/ros_nodes/subtree.py -> /home/kmw/trees_ws/build/ros_bt_py/build/lib/ros_bt_py/ros_nodes
copying ros_bt_py/ros_nodes/throttle.py -> /home/kmw/trees_ws/build/ros_bt_py/build/lib/ros_bt_py/ros_nodes
copying ros_bt_py/ros_nodes/message_converters.py -> /home/kmw/trees_ws/build/ros_bt_py/build/lib/ros_bt_py/ros_nodes
copying ros_bt_py/ros_nodes/time.py -> /home/kmw/trees_ws/build/ros_bt_py/build/lib/ros_bt_py/ros_nodes
copying ros_bt_py/ros_nodes/messages_from_dict.py -> /home/kmw/trees_ws/build/ros_bt_py/build/lib/ros_bt_py/ros_nodes
copying ros_bt_py/ros_nodes/service.py -> /home/kmw/trees_ws/build/ros_bt_py/build/lib/ros_bt_py/ros_nodes
running install
running install_lib
creating /home/kmw/trees_ws/install/ros_bt_py/lib/python3.10/site-packages/ros_bt_py/ros_nodes
copying /home/kmw/trees_ws/build/ros_bt_py/build/lib/ros_bt_py/ros_nodes/param.py -> /home/kmw/trees_ws/install/ros_bt_py/lib/python3.10/site-packages/ros_bt_py/ros_nodes
copying /home/kmw/trees_ws/build/ros_bt_py/build/lib/ros_bt_py/ros_nodes/action.py -> /home/kmw/trees_ws/install/ros_bt_py/lib/python3.10/site-packages/ros_bt_py/ros_nodes
copying /home/kmw/trees_ws/build/ros_bt_py/build/lib/ros_bt_py/ros_nodes/file.py -> /home/kmw/trees_ws/install/ros_bt_py/lib/python3.10/site-packages/ros_bt_py/ros_nodes
copying /home/kmw/trees_ws/build/ros_bt_py/build/lib/ros_bt_py/ros_nodes/__init__.py -> /home/kmw/trees_ws/install/ros_bt_py/lib/python3.10/site-packages/ros_bt_py/ros_nodes
copying /home/kmw/trees_ws/build/ros_bt_py/build/lib/ros_bt_py/ros_nodes/enum.py -> /home/kmw/trees_ws/install/ros_bt_py/lib/python3.10/site-packages/ros_bt_py/ros_nodes
copying /home/kmw/trees_ws/build/ros_bt_py/build/lib/ros_bt_py/ros_nodes/topic.py -> /home/kmw/trees_ws/install/ros_bt_py/lib/python3.10/site-packages/ros_bt_py/ros_nodes
copying /home/kmw/trees_ws/build/ros_bt_py/build/lib/ros_bt_py/ros_nodes/subtree.py -> /home/kmw/trees_ws/install/ros_bt_py/lib/python3.10/site-packages/ros_bt_py/ros_nodes
copying /home/kmw/trees_ws/build/ros_bt_py/build/lib/ros_bt_py/ros_nodes/throttle.py -> /home/kmw/trees_ws/install/ros_bt_py/lib/python3.10/site-packages/ros_bt_py/ros_nodes
copying /home/kmw/trees_ws/build/ros_bt_py/build/lib/ros_bt_py/ros_nodes/message_converters.py -> /home/kmw/trees_ws/install/ros_bt_py/lib/python3.10/site-packages/ros_bt_py/ros_nodes
copying /home/kmw/trees_ws/build/ros_bt_py/build/lib/ros_bt_py/ros_nodes/time.py -> /home/kmw/trees_ws/install/ros_bt_py/lib/python3.10/site-packages/ros_bt_py/ros_nodes
copying /home/kmw/trees_ws/build/ros_bt_py/build/lib/ros_bt_py/ros_nodes/messages_from_dict.py -> /home/kmw/trees_ws/install/ros_bt_py/lib/python3.10/site-packages/ros_bt_py/ros_nodes
copying /home/kmw/trees_ws/build/ros_bt_py/build/lib/ros_bt_py/ros_nodes/service.py -> /home/kmw/trees_ws/install/ros_bt_py/lib/python3.10/site-packages/ros_bt_py/ros_nodes
copying /home/kmw/trees_ws/build/ros_bt_py/build/lib/ros_bt_py/package_manager.py -> /home/kmw/trees_ws/install/ros_bt_py/lib/python3.10/site-packages/ros_bt_py
copying /home/kmw/trees_ws/build/ros_bt_py/build/lib/ros_bt_py/node_data.py -> /home/kmw/trees_ws/install/ros_bt_py/lib/python3.10/site-packages/ros_bt_py
copying /home/kmw/trees_ws/build/ros_bt_py/build/lib/ros_bt_py/node_config.py -> /home/kmw/trees_ws/install/ros_bt_py/lib/python3.10/site-packages/ros_bt_py
copying /home/kmw/trees_ws/build/ros_bt_py/build/lib/ros_bt_py/node.py -> /home/kmw/trees_ws/install/ros_bt_py/lib/python3.10/site-packages/ros_bt_py
copying /home/kmw/trees_ws/build/ros_bt_py/build/lib/ros_bt_py/__init__.py -> /home/kmw/trees_ws/install/ros_bt_py/lib/python3.10/site-packages/ros_bt_py
copying /home/kmw/trees_ws/build/ros_bt_py/build/lib/ros_bt_py/exceptions.py -> /home/kmw/trees_ws/install/ros_bt_py/lib/python3.10/site-packages/ros_bt_py
copying /home/kmw/trees_ws/build/ros_bt_py/build/lib/ros_bt_py/helpers.py -> /home/kmw/trees_ws/install/ros_bt_py/lib/python3.10/site-packages/ros_bt_py
creating /home/kmw/trees_ws/install/ros_bt_py/lib/python3.10/site-packages/ros_bt_py/nodes
copying /home/kmw/trees_ws/build/ros_bt_py/build/lib/ros_bt_py/nodes/format.py -> /home/kmw/trees_ws/install/ros_bt_py/lib/python3.10/site-packages/ros_bt_py/nodes
copying /home/kmw/trees_ws/build/ros_bt_py/build/lib/ros_bt_py/nodes/decorators.py -> /home/kmw/trees_ws/install/ros_bt_py/lib/python3.10/site-packages/ros_bt_py/nodes
copying /home/kmw/trees_ws/build/ros_bt_py/build/lib/ros_bt_py/nodes/setters.py -> /home/kmw/trees_ws/install/ros_bt_py/lib/python3.10/site-packages/ros_bt_py/nodes
copying /home/kmw/trees_ws/build/ros_bt_py/build/lib/ros_bt_py/nodes/sequence.py -> /home/kmw/trees_ws/install/ros_bt_py/lib/python3.10/site-packages/ros_bt_py/nodes
copying /home/kmw/trees_ws/build/ros_bt_py/build/lib/ros_bt_py/nodes/getters.py -> /home/kmw/trees_ws/install/ros_bt_py/lib/python3.10/site-packages/ros_bt_py/nodes
copying /home/kmw/trees_ws/build/ros_bt_py/build/lib/ros_bt_py/nodes/__init__.py -> /home/kmw/trees_ws/install/ros_bt_py/lib/python3.10/site-packages/ros_bt_py/nodes
copying /home/kmw/trees_ws/build/ros_bt_py/build/lib/ros_bt_py/nodes/compare.py -> /home/kmw/trees_ws/install/ros_bt_py/lib/python3.10/site-packages/ros_bt_py/nodes
copying /home/kmw/trees_ws/build/ros_bt_py/build/lib/ros_bt_py/nodes/maths.py -> /home/kmw/trees_ws/install/ros_bt_py/lib/python3.10/site-packages/ros_bt_py/nodes
copying /home/kmw/trees_ws/build/ros_bt_py/build/lib/ros_bt_py/nodes/parallel.py -> /home/kmw/trees_ws/install/ros_bt_py/lib/python3.10/site-packages/ros_bt_py/nodes
copying /home/kmw/trees_ws/build/ros_bt_py/build/lib/ros_bt_py/nodes/io.py -> /home/kmw/trees_ws/install/ros_bt_py/lib/python3.10/site-packages/ros_bt_py/nodes
copying /home/kmw/trees_ws/build/ros_bt_py/build/lib/ros_bt_py/nodes/passthrough_node.py -> /home/kmw/trees_ws/install/ros_bt_py/lib/python3.10/site-packages/ros_bt_py/nodes
copying /home/kmw/trees_ws/build/ros_bt_py/build/lib/ros_bt_py/nodes/random_number.py -> /home/kmw/trees_ws/install/ros_bt_py/lib/python3.10/site-packages/ros_bt_py/nodes
copying /home/kmw/trees_ws/build/ros_bt_py/build/lib/ros_bt_py/nodes/wait.py -> /home/kmw/trees_ws/install/ros_bt_py/lib/python3.10/site-packages/ros_bt_py/nodes
copying /home/kmw/trees_ws/build/ros_bt_py/build/lib/ros_bt_py/nodes/list.py -> /home/kmw/trees_ws/install/ros_bt_py/lib/python3.10/site-packages/ros_bt_py/nodes
copying /home/kmw/trees_ws/build/ros_bt_py/build/lib/ros_bt_py/nodes/constant.py -> /home/kmw/trees_ws/install/ros_bt_py/lib/python3.10/site-packages/ros_bt_py/nodes
copying /home/kmw/trees_ws/build/ros_bt_py/build/lib/ros_bt_py/nodes/fallback.py -> /home/kmw/trees_ws/install/ros_bt_py/lib/python3.10/site-packages/ros_bt_py/nodes
copying /home/kmw/trees_ws/build/ros_bt_py/build/lib/ros_bt_py/tree_manager.py -> /home/kmw/trees_ws/install/ros_bt_py/lib/python3.10/site-packages/ros_bt_py
copying /home/kmw/trees_ws/build/ros_bt_py/build/lib/ros_bt_py/debug_manager.py -> /home/kmw/trees_ws/install/ros_bt_py/lib/python3.10/site-packages/ros_bt_py
copying /home/kmw/trees_ws/build/ros_bt_py/build/lib/ros_bt_py/ros_helpers.py -> /home/kmw/trees_ws/install/ros_bt_py/lib/python3.10/site-packages/ros_bt_py
copying /home/kmw/trees_ws/build/ros_bt_py/build/lib/ros_bt_py/subtree_manager.py -> /home/kmw/trees_ws/install/ros_bt_py/lib/python3.10/site-packages/ros_bt_py
copying /home/kmw/trees_ws/build/ros_bt_py/build/lib/ros_bt_py/tree_node.py -> /home/kmw/trees_ws/install/ros_bt_py/lib/python3.10/site-packages/ros_bt_py
byte-compiling /home/kmw/trees_ws/install/ros_bt_py/lib/python3.10/site-packages/ros_bt_py/ros_nodes/param.py to param.cpython-310.pyc
byte-compiling /home/kmw/trees_ws/install/ros_bt_py/lib/python3.10/site-packages/ros_bt_py/ros_nodes/action.py to action.cpython-310.pyc
byte-compiling /home/kmw/trees_ws/install/ros_bt_py/lib/python3.10/site-packages/ros_bt_py/ros_nodes/file.py to file.cpython-310.pyc
byte-compiling /home/kmw/trees_ws/install/ros_bt_py/lib/python3.10/site-packages/ros_bt_py/ros_nodes/__init__.py to __init__.cpython-310.pyc
byte-compiling /home/kmw/trees_ws/install/ros_bt_py/lib/python3.10/site-packages/ros_bt_py/ros_nodes/enum.py to enum.cpython-310.pyc
byte-compiling /home/kmw/trees_ws/install/ros_bt_py/lib/python3.10/site-packages/ros_bt_py/ros_nodes/topic.py to topic.cpython-310.pyc
byte-compiling /home/kmw/trees_ws/install/ros_bt_py/lib/python3.10/site-packages/ros_bt_py/ros_nodes/subtree.py to subtree.cpython-310.pyc
byte-compiling /home/kmw/trees_ws/install/ros_bt_py/lib/python3.10/site-packages/ros_bt_py/ros_nodes/throttle.py to throttle.cpython-310.pyc
byte-compiling /home/kmw/trees_ws/install/ros_bt_py/lib/python3.10/site-packages/ros_bt_py/ros_nodes/message_converters.py to message_converters.cpython-310.pyc
byte-compiling /home/kmw/trees_ws/install/ros_bt_py/lib/python3.10/site-packages/ros_bt_py/ros_nodes/time.py to time.cpython-310.pyc
byte-compiling /home/kmw/trees_ws/install/ros_bt_py/lib/python3.10/site-packages/ros_bt_py/ros_nodes/messages_from_dict.py to messages_from_dict.cpython-310.pyc
byte-compiling /home/kmw/trees_ws/install/ros_bt_py/lib/python3.10/site-packages/ros_bt_py/ros_nodes/service.py to service.cpython-310.pyc
byte-compiling /home/kmw/trees_ws/install/ros_bt_py/lib/python3.10/site-packages/ros_bt_py/package_manager.py to package_manager.cpython-310.pyc
byte-compiling /home/kmw/trees_ws/install/ros_bt_py/lib/python3.10/site-packages/ros_bt_py/node_data.py to node_data.cpython-310.pyc
byte-compiling /home/kmw/trees_ws/install/ros_bt_py/lib/python3.10/site-packages/ros_bt_py/node_config.py to node_config.cpython-310.pyc
byte-compiling /home/kmw/trees_ws/install/ros_bt_py/lib/python3.10/site-packages/ros_bt_py/node.py to node.cpython-310.pyc
byte-compiling /home/kmw/trees_ws/install/ros_bt_py/lib/python3.10/site-packages/ros_bt_py/__init__.py to __init__.cpython-310.pyc
byte-compiling /home/kmw/trees_ws/install/ros_bt_py/lib/python3.10/site-packages/ros_bt_py/exceptions.py to exceptions.cpython-310.pyc
byte-compiling /home/kmw/trees_ws/install/ros_bt_py/lib/python3.10/site-packages/ros_bt_py/helpers.py to helpers.cpython-310.pyc
byte-compiling /home/kmw/trees_ws/install/ros_bt_py/lib/python3.10/site-packages/ros_bt_py/nodes/format.py to format.cpython-310.pyc
byte-compiling /home/kmw/trees_ws/install/ros_bt_py/lib/python3.10/site-packages/ros_bt_py/nodes/decorators.py to decorators.cpython-310.pyc
byte-compiling /home/kmw/trees_ws/install/ros_bt_py/lib/python3.10/site-packages/ros_bt_py/nodes/setters.py to setters.cpython-310.pyc
byte-compiling /home/kmw/trees_ws/install/ros_bt_py/lib/python3.10/site-packages/ros_bt_py/nodes/sequence.py to sequence.cpython-310.pyc
byte-compiling /home/kmw/trees_ws/install/ros_bt_py/lib/python3.10/site-packages/ros_bt_py/nodes/getters.py to getters.cpython-310.pyc
byte-compiling /home/kmw/trees_ws/install/ros_bt_py/lib/python3.10/site-packages/ros_bt_py/nodes/__init__.py to __init__.cpython-310.pyc
byte-compiling /home/kmw/trees_ws/install/ros_bt_py/lib/python3.10/site-packages/ros_bt_py/nodes/compare.py to compare.cpython-310.pyc
byte-compiling /home/kmw/trees_ws/install/ros_bt_py/lib/python3.10/site-packages/ros_bt_py/nodes/maths.py to maths.cpython-310.pyc
byte-compiling /home/kmw/trees_ws/install/ros_bt_py/lib/python3.10/site-packages/ros_bt_py/nodes/parallel.py to parallel.cpython-310.pyc
byte-compiling /home/kmw/trees_ws/install/ros_bt_py/lib/python3.10/site-packages/ros_bt_py/nodes/io.py to io.cpython-310.pyc
byte-compiling /home/kmw/trees_ws/install/ros_bt_py/lib/python3.10/site-packages/ros_bt_py/nodes/passthrough_node.py to passthrough_node.cpython-310.pyc
byte-compiling /home/kmw/trees_ws/install/ros_bt_py/lib/python3.10/site-packages/ros_bt_py/nodes/random_number.py to random_number.cpython-310.pyc
byte-compiling /home/kmw/trees_ws/install/ros_bt_py/lib/python3.10/site-packages/ros_bt_py/nodes/wait.py to wait.cpython-310.pyc
byte-compiling /home/kmw/trees_ws/install/ros_bt_py/lib/python3.10/site-packages/ros_bt_py/nodes/list.py to list.cpython-310.pyc
byte-compiling /home/kmw/trees_ws/install/ros_bt_py/lib/python3.10/site-packages/ros_bt_py/nodes/constant.py to constant.cpython-310.pyc
byte-compiling /home/kmw/trees_ws/install/ros_bt_py/lib/python3.10/site-packages/ros_bt_py/nodes/fallback.py to fallback.cpython-310.pyc
byte-compiling /home/kmw/trees_ws/install/ros_bt_py/lib/python3.10/site-packages/ros_bt_py/tree_manager.py to tree_manager.cpython-310.pyc
byte-compiling /home/kmw/trees_ws/install/ros_bt_py/lib/python3.10/site-packages/ros_bt_py/debug_manager.py to debug_manager.cpython-310.pyc
byte-compiling /home/kmw/trees_ws/install/ros_bt_py/lib/python3.10/site-packages/ros_bt_py/ros_helpers.py to ros_helpers.cpython-310.pyc
byte-compiling /home/kmw/trees_ws/install/ros_bt_py/lib/python3.10/site-packages/ros_bt_py/subtree_manager.py to subtree_manager.cpython-310.pyc
byte-compiling /home/kmw/trees_ws/install/ros_bt_py/lib/python3.10/site-packages/ros_bt_py/tree_node.py to tree_node.cpython-310.pyc
running install_data
creating /home/kmw/trees_ws/install/ros_bt_py/share/ament_index/resource_index/packages
copying resource/ros_bt_py -> /home/kmw/trees_ws/install/ros_bt_py/share/ament_index/resource_index/packages
copying package.xml -> /home/kmw/trees_ws/install/ros_bt_py/share/ros_bt_py
creating /home/kmw/trees_ws/install/ros_bt_py/share/ros_bt_py/config
copying config/tree_node_parameters.yaml -> /home/kmw/trees_ws/install/ros_bt_py/share/ros_bt_py/config
creating /home/kmw/trees_ws/install/ros_bt_py/share/ros_bt_py/launch
copying launch/ros_bt_py.launch.py -> /home/kmw/trees_ws/install/ros_bt_py/share/ros_bt_py/launch
running install_egg_info
Copying ../../../build/ros_bt_py/ros_bt_py.egg-info to /home/kmw/trees_ws/install/ros_bt_py/lib/python3.10/site-packages/ros_bt_py-0.1.1-py3.10.egg-info
running install_scripts
Installing tree_node script to /home/kmw/trees_ws/install/ros_bt_py/lib/ros_bt_py
writing list of installed files to '/home/kmw/trees_ws/build/ros_bt_py/install.log'
