[13.745s] Invoking command in '/home/pi/arm_ws/src/turtle_con': PYTHONPATH=/home/pi/arm_ws/build/turtle_con/prefix_override:/usr/lib/python3/dist-packages/colcon_core/task/python/colcon_distutils_commands:/home/pi/arm_ws/install/turtle_con/lib/python3.8/site-packages:${PYTHONPATH} /usr/bin/python3 -W ignore:setup.py install is deprecated setup.py egg_info --egg-base ../../build/turtle_con build --build-base /home/pi/arm_ws/build/turtle_con/build install --record /home/pi/arm_ws/build/turtle_con/install.log --install-scripts $base/lib/turtle_con --single-version-externally-managed install_data
[17.842s] running egg_info
[17.851s] writing ../../build/turtle_con/turtle_con.egg-info/PKG-INFO
[17.857s] writing dependency_links to ../../build/turtle_con/turtle_con.egg-info/dependency_links.txt
[17.859s] writing entry points to ../../build/turtle_con/turtle_con.egg-info/entry_points.txt
[17.861s] writing requirements to ../../build/turtle_con/turtle_con.egg-info/requires.txt
[17.874s] writing top-level names to ../../build/turtle_con/turtle_con.egg-info/top_level.txt
[18.339s] reading manifest file '../../build/turtle_con/turtle_con.egg-info/SOURCES.txt'
[18.356s] writing manifest file '../../build/turtle_con/turtle_con.egg-info/SOURCES.txt'
[18.358s] running build
[18.359s] running build_py
[18.362s] copying turtle_con/qr_log.py -> /home/pi/arm_ws/build/turtle_con/build/lib/turtle_con
[18.367s] running install
[18.375s] running install_lib
[18.387s] copying /home/pi/arm_ws/build/turtle_con/build/lib/turtle_con/qr_log.py -> /home/pi/arm_ws/install/turtle_con/lib/python3.8/site-packages/turtle_con
[18.395s] byte-compiling /home/pi/arm_ws/install/turtle_con/lib/python3.8/site-packages/turtle_con/qr_log.py to qr_log.cpython-38.pyc
[18.410s] Sorry: IndentationError: unexpected indent (qr_log.py, line 112)
[18.411s] running install_data
[18.413s] running install_egg_info
[18.428s] removing '/home/pi/arm_ws/install/turtle_con/lib/python3.8/site-packages/turtle_con-0.0.0-py3.8.egg-info' (and everything under it)
[18.432s] Copying ../../build/turtle_con/turtle_con.egg-info to /home/pi/arm_ws/install/turtle_con/lib/python3.8/site-packages/turtle_con-0.0.0-py3.8.egg-info
[18.446s] running install_scripts
[18.617s] Installing move_qr script to /home/pi/arm_ws/install/turtle_con/lib/turtle_con
[18.619s] Installing qr_log script to /home/pi/arm_ws/install/turtle_con/lib/turtle_con
[18.621s] Installing turtle_ros2_con script to /home/pi/arm_ws/install/turtle_con/lib/turtle_con
[18.623s] Installing with_qr script to /home/pi/arm_ws/install/turtle_con/lib/turtle_con
[18.628s] writing list of installed files to '/home/pi/arm_ws/build/turtle_con/install.log'
[18.822s] Invoked command in '/home/pi/arm_ws/src/turtle_con' returned '0': PYTHONPATH=/home/pi/arm_ws/build/turtle_con/prefix_override:/usr/lib/python3/dist-packages/colcon_core/task/python/colcon_distutils_commands:/home/pi/arm_ws/install/turtle_con/lib/python3.8/site-packages:${PYTHONPATH} /usr/bin/python3 -W ignore:setup.py install is deprecated setup.py egg_info --egg-base ../../build/turtle_con build --build-base /home/pi/arm_ws/build/turtle_con/build install --record /home/pi/arm_ws/build/turtle_con/install.log --install-scripts $base/lib/turtle_con --single-version-externally-managed install_data
