[10.863s] Invoking command in '/home/pi/arm_ws/src/turtle_con': PYTHONPATH=/home/pi/arm_ws/build/turtle_con/prefix_override:/usr/lib/python3/dist-packages/colcon_core/task/python/colcon_distutils_commands:/home/pi/arm_ws/install/turtle_con/lib/python3.8/site-packages:${PYTHONPATH} /usr/bin/python3 -W ignore:setup.py install is deprecated setup.py egg_info --egg-base ../../build/turtle_con build --build-base /home/pi/arm_ws/build/turtle_con/build install --record /home/pi/arm_ws/build/turtle_con/install.log --install-scripts $base/lib/turtle_con --single-version-externally-managed install_data
[13.684s] running egg_info
[13.690s] writing ../../build/turtle_con/turtle_con.egg-info/PKG-INFO
[13.694s] writing dependency_links to ../../build/turtle_con/turtle_con.egg-info/dependency_links.txt
[13.696s] writing entry points to ../../build/turtle_con/turtle_con.egg-info/entry_points.txt
[13.699s] writing requirements to ../../build/turtle_con/turtle_con.egg-info/requires.txt
[13.700s] writing top-level names to ../../build/turtle_con/turtle_con.egg-info/top_level.txt
[14.100s] reading manifest file '../../build/turtle_con/turtle_con.egg-info/SOURCES.txt'
[14.113s] writing manifest file '../../build/turtle_con/turtle_con.egg-info/SOURCES.txt'
[14.118s] running build
[14.119s] running build_py
[14.122s] running install
[14.126s] running install_lib
[14.146s] running install_data
[14.149s] running install_egg_info
[14.168s] removing '/home/pi/arm_ws/install/turtle_con/lib/python3.8/site-packages/turtle_con-0.0.0-py3.8.egg-info' (and everything under it)
[14.171s] Copying ../../build/turtle_con/turtle_con.egg-info to /home/pi/arm_ws/install/turtle_con/lib/python3.8/site-packages/turtle_con-0.0.0-py3.8.egg-info
[14.186s] running install_scripts
[14.358s] Installing move_qr script to /home/pi/arm_ws/install/turtle_con/lib/turtle_con
[14.361s] Installing turtle_ros2_con script to /home/pi/arm_ws/install/turtle_con/lib/turtle_con
[14.366s] Installing with_qr script to /home/pi/arm_ws/install/turtle_con/lib/turtle_con
[14.371s] writing list of installed files to '/home/pi/arm_ws/build/turtle_con/install.log'
[14.751s] Invoked command in '/home/pi/arm_ws/src/turtle_con' returned '0': PYTHONPATH=/home/pi/arm_ws/build/turtle_con/prefix_override:/usr/lib/python3/dist-packages/colcon_core/task/python/colcon_distutils_commands:/home/pi/arm_ws/install/turtle_con/lib/python3.8/site-packages:${PYTHONPATH} /usr/bin/python3 -W ignore:setup.py install is deprecated setup.py egg_info --egg-base ../../build/turtle_con build --build-base /home/pi/arm_ws/build/turtle_con/build install --record /home/pi/arm_ws/build/turtle_con/install.log --install-scripts $base/lib/turtle_con --single-version-externally-managed install_data
