[0.043s] Invoking command in '/home/kmw/trees_ws/build/moveit_common': CMAKE_PREFIX_PATH=/opt/ros/humble CONDA_PROMPT_MODIFIER=(ros2_py310) /usr/bin/cmake --build /home/kmw/trees_ws/build/moveit_common -- -j8 -l8
[0.573s] Invoked command in '/home/kmw/trees_ws/build/moveit_common' returned '0': CMAKE_PREFIX_PATH=/opt/ros/humble CONDA_PROMPT_MODIFIER=(ros2_py310) /usr/bin/cmake --build /home/kmw/trees_ws/build/moveit_common -- -j8 -l8
[0.590s] Invoking command in '/home/kmw/trees_ws/build/moveit_common': CMAKE_PREFIX_PATH=/opt/ros/humble CONDA_PROMPT_MODIFIER=(ros2_py310) /usr/bin/cmake --install /home/kmw/trees_ws/build/moveit_common
[0.624s] -- Install configuration: ""
[0.625s] -- Up-to-date: /home/kmw/trees_ws/install/moveit_common/share/ament_index/resource_index/package_run_dependencies/moveit_common
[0.625s] -- Up-to-date: /home/kmw/trees_ws/install/moveit_common/share/ament_index/resource_index/parent_prefix_path/moveit_common
[0.625s] -- Up-to-date: /home/kmw/trees_ws/install/moveit_common/share/moveit_common/environment/ament_prefix_path.sh
[0.625s] -- Up-to-date: /home/kmw/trees_ws/install/moveit_common/share/moveit_common/environment/ament_prefix_path.dsv
[0.625s] -- Up-to-date: /home/kmw/trees_ws/install/moveit_common/share/moveit_common/environment/path.sh
[0.625s] -- Up-to-date: /home/kmw/trees_ws/install/moveit_common/share/moveit_common/environment/path.dsv
[0.625s] -- Up-to-date: /home/kmw/trees_ws/install/moveit_common/share/moveit_common/local_setup.bash
[0.625s] -- Up-to-date: /home/kmw/trees_ws/install/moveit_common/share/moveit_common/local_setup.sh
[0.626s] -- Up-to-date: /home/kmw/trees_ws/install/moveit_common/share/moveit_common/local_setup.zsh
[0.626s] -- Up-to-date: /home/kmw/trees_ws/install/moveit_common/share/moveit_common/local_setup.dsv
[0.626s] -- Up-to-date: /home/kmw/trees_ws/install/moveit_common/share/moveit_common/package.dsv
[0.626s] -- Up-to-date: /home/kmw/trees_ws/install/moveit_common/share/ament_index/resource_index/packages/moveit_common
[0.626s] -- Up-to-date: /home/kmw/trees_ws/install/moveit_common/share/moveit_common/cmake/moveit_common-extras.cmake
[0.626s] -- Up-to-date: /home/kmw/trees_ws/install/moveit_common/share/moveit_common/cmake/moveit_commonConfig.cmake
[0.626s] -- Up-to-date: /home/kmw/trees_ws/install/moveit_common/share/moveit_common/cmake/moveit_commonConfig-version.cmake
[0.626s] -- Up-to-date: /home/kmw/trees_ws/install/moveit_common/share/moveit_common/package.xml
[0.626s] -- Up-to-date: /home/kmw/trees_ws/install/moveit_common/share/moveit_common/cmake
[0.626s] -- Up-to-date: /home/kmw/trees_ws/install/moveit_common/share/moveit_common/cmake/moveit_package.cmake
[0.831s] Invoked command in '/home/kmw/trees_ws/build/moveit_common' returned '0': CMAKE_PREFIX_PATH=/opt/ros/humble CONDA_PROMPT_MODIFIER=(ros2_py310) /usr/bin/cmake --install /home/kmw/trees_ws/build/moveit_common
