[0.023s] Invoking command in '/home/kmw/cam_ws/build/laserscan_to_pointcloud': CMAKE_PREFIX_PATH=${CMAKE_PREFIX_PATH}:/home/kmw/cam_ws/install/ros2_cv_cam:/home/kmw/cam_ws/install/projection:/home/kmw/exam_ws/install/no2:/home/kmw/exam_ws/install/no1:/home/kmw/exam_ws/install/fo_hum:/opt/ros/humble CONDA_PROMPT_MODIFIER=(ros2_py310) /usr/bin/cmake --build /home/kmw/cam_ws/build/laserscan_to_pointcloud -- -j8 -l8
[0.342s] [35m[1mConsolidate compiler generated dependencies of target convert[0m
[0.342s] [ 50%] [32mBuilding CXX object CMakeFiles/convert.dir/src/node.cpp.o[0m
[1.851s] In file included from [01m[K/home/kmw/cam_ws/src/laserscan_to_pointcloud/src/node.cpp:12[m[K:
[1.851s] [01m[K/opt/ros/humble/include/tf2_geometry_msgs/tf2_geometry_msgs/tf2_geometry_msgs.h:35:2:[m[K [01;35m[Kwarning: [m[K#warning This header is obsolete, please include tf2_geometry_msgs/tf2_geometry_msgs.hpp instead [[01;35m[K]8;;https://gcc.gnu.org/onlinedocs/gcc/Warning-Options.html#index-Wcpp-Wcpp]8;;[m[K]
[1.851s]    35 | #[01;35m[Kwarning[m[K This header is obsolete, please include tf2_geometry_msgs/tf2_geometry_msgs.hpp instead
[1.851s]       |  [01;35m[K^~~~~~~[m[K
[13.069s] [100%] [32m[1mLinking CXX executable convert[0m
[14.051s] [100%] Built target convert
[14.061s] Invoked command in '/home/kmw/cam_ws/build/laserscan_to_pointcloud' returned '0': CMAKE_PREFIX_PATH=${CMAKE_PREFIX_PATH}:/home/kmw/cam_ws/install/ros2_cv_cam:/home/kmw/cam_ws/install/projection:/home/kmw/exam_ws/install/no2:/home/kmw/exam_ws/install/no1:/home/kmw/exam_ws/install/fo_hum:/opt/ros/humble CONDA_PROMPT_MODIFIER=(ros2_py310) /usr/bin/cmake --build /home/kmw/cam_ws/build/laserscan_to_pointcloud -- -j8 -l8
[14.097s] Invoking command in '/home/kmw/cam_ws/build/laserscan_to_pointcloud': CMAKE_PREFIX_PATH=${CMAKE_PREFIX_PATH}:/home/kmw/cam_ws/install/ros2_cv_cam:/home/kmw/cam_ws/install/projection:/home/kmw/exam_ws/install/no2:/home/kmw/exam_ws/install/no1:/home/kmw/exam_ws/install/fo_hum:/opt/ros/humble CONDA_PROMPT_MODIFIER=(ros2_py310) /usr/bin/cmake --install /home/kmw/cam_ws/build/laserscan_to_pointcloud
[14.103s] -- Install configuration: ""
[14.104s] -- Installing: /home/kmw/cam_ws/install/laserscan_to_pointcloud/lib/laserscan_to_pointcloud/convert
[14.107s] -- Set runtime path of "/home/kmw/cam_ws/install/laserscan_to_pointcloud/lib/laserscan_to_pointcloud/convert" to ""
[14.107s] -- Installing: /home/kmw/cam_ws/install/laserscan_to_pointcloud/share/laserscan_to_pointcloud/src
[14.107s] -- Installing: /home/kmw/cam_ws/install/laserscan_to_pointcloud/share/laserscan_to_pointcloud/src/node.cpp
[14.108s] -- Installing: /home/kmw/cam_ws/install/laserscan_to_pointcloud/share/ament_index/resource_index/package_run_dependencies/laserscan_to_pointcloud
[14.108s] -- Installing: /home/kmw/cam_ws/install/laserscan_to_pointcloud/share/ament_index/resource_index/parent_prefix_path/laserscan_to_pointcloud
[14.108s] -- Installing: /home/kmw/cam_ws/install/laserscan_to_pointcloud/share/laserscan_to_pointcloud/environment/ament_prefix_path.sh
[14.108s] -- Installing: /home/kmw/cam_ws/install/laserscan_to_pointcloud/share/laserscan_to_pointcloud/environment/ament_prefix_path.dsv
[14.108s] -- Installing: /home/kmw/cam_ws/install/laserscan_to_pointcloud/share/laserscan_to_pointcloud/environment/path.sh
[14.108s] -- Installing: /home/kmw/cam_ws/install/laserscan_to_pointcloud/share/laserscan_to_pointcloud/environment/path.dsv
[14.108s] -- Installing: /home/kmw/cam_ws/install/laserscan_to_pointcloud/share/laserscan_to_pointcloud/local_setup.bash
[14.108s] -- Installing: /home/kmw/cam_ws/install/laserscan_to_pointcloud/share/laserscan_to_pointcloud/local_setup.sh
[14.108s] -- Installing: /home/kmw/cam_ws/install/laserscan_to_pointcloud/share/laserscan_to_pointcloud/local_setup.zsh
[14.108s] -- Installing: /home/kmw/cam_ws/install/laserscan_to_pointcloud/share/laserscan_to_pointcloud/local_setup.dsv
[14.108s] -- Installing: /home/kmw/cam_ws/install/laserscan_to_pointcloud/share/laserscan_to_pointcloud/package.dsv
[14.109s] -- Installing: /home/kmw/cam_ws/install/laserscan_to_pointcloud/share/ament_index/resource_index/packages/laserscan_to_pointcloud
[14.109s] -- Installing: /home/kmw/cam_ws/install/laserscan_to_pointcloud/share/laserscan_to_pointcloud/cmake/ament_cmake_export_include_directories-extras.cmake
[14.109s] -- Installing: /home/kmw/cam_ws/install/laserscan_to_pointcloud/share/laserscan_to_pointcloud/cmake/laserscan_to_pointcloudConfig.cmake
[14.109s] -- Installing: /home/kmw/cam_ws/install/laserscan_to_pointcloud/share/laserscan_to_pointcloud/cmake/laserscan_to_pointcloudConfig-version.cmake
[14.109s] -- Installing: /home/kmw/cam_ws/install/laserscan_to_pointcloud/share/laserscan_to_pointcloud/package.xml
[14.111s] Invoked command in '/home/kmw/cam_ws/build/laserscan_to_pointcloud' returned '0': CMAKE_PREFIX_PATH=${CMAKE_PREFIX_PATH}:/home/kmw/cam_ws/install/ros2_cv_cam:/home/kmw/cam_ws/install/projection:/home/kmw/exam_ws/install/no2:/home/kmw/exam_ws/install/no1:/home/kmw/exam_ws/install/fo_hum:/opt/ros/humble CONDA_PROMPT_MODIFIER=(ros2_py310) /usr/bin/cmake --install /home/kmw/cam_ws/build/laserscan_to_pointcloud
