[0.013s] Invoking command in '/home/psy/2024.11.26.TurtleArm_Moveit/build/moveit_srdf': CMAKE_PREFIX_PATH=/home/psy/2024.11.26.TurtleArm_Moveit/install/mycobot_moveit:/home/psy/2024.11.26.TurtleArm_Moveit/install/mycobot_ros2_cpp_cnt:/home/psy/2024.11.26.TurtleArm_Moveit/install/mycobot_with_gripper:/home/psy/2024.11.26.TurtleArm_Moveit/install/myarm_moveit:/home/psy/2024.11.26.TurtleArm_Moveit/install/moveit_srdf:/home/psy/2024.11.26.TurtleArm_Moveit/install/mycobot_interfaces:/home/psy/2024.11.26.TurtleArm_Moveit/install/hello_moveit:/home/psy/2024.11.26.TurtleArm_Moveit/install/mycobot_ros2_controll:/opt/ros/humble /usr/bin/cmake --build /home/psy/2024.11.26.TurtleArm_Moveit/build/moveit_srdf -- -j20 -l20
[0.034s] Invoked command in '/home/psy/2024.11.26.TurtleArm_Moveit/build/moveit_srdf' returned '0': CMAKE_PREFIX_PATH=/home/psy/2024.11.26.TurtleArm_Moveit/install/mycobot_moveit:/home/psy/2024.11.26.TurtleArm_Moveit/install/mycobot_ros2_cpp_cnt:/home/psy/2024.11.26.TurtleArm_Moveit/install/mycobot_with_gripper:/home/psy/2024.11.26.TurtleArm_Moveit/install/myarm_moveit:/home/psy/2024.11.26.TurtleArm_Moveit/install/moveit_srdf:/home/psy/2024.11.26.TurtleArm_Moveit/install/mycobot_interfaces:/home/psy/2024.11.26.TurtleArm_Moveit/install/hello_moveit:/home/psy/2024.11.26.TurtleArm_Moveit/install/mycobot_ros2_controll:/opt/ros/humble /usr/bin/cmake --build /home/psy/2024.11.26.TurtleArm_Moveit/build/moveit_srdf -- -j20 -l20
[0.048s] Invoking command in '/home/psy/2024.11.26.TurtleArm_Moveit/build/moveit_srdf': CMAKE_PREFIX_PATH=/home/psy/2024.11.26.TurtleArm_Moveit/install/mycobot_moveit:/home/psy/2024.11.26.TurtleArm_Moveit/install/mycobot_ros2_cpp_cnt:/home/psy/2024.11.26.TurtleArm_Moveit/install/mycobot_with_gripper:/home/psy/2024.11.26.TurtleArm_Moveit/install/myarm_moveit:/home/psy/2024.11.26.TurtleArm_Moveit/install/moveit_srdf:/home/psy/2024.11.26.TurtleArm_Moveit/install/mycobot_interfaces:/home/psy/2024.11.26.TurtleArm_Moveit/install/hello_moveit:/home/psy/2024.11.26.TurtleArm_Moveit/install/mycobot_ros2_controll:/opt/ros/humble /usr/bin/cmake --install /home/psy/2024.11.26.TurtleArm_Moveit/build/moveit_srdf
[0.053s] -- Install configuration: ""
[0.053s] -- Up-to-date: /home/psy/2024.11.26.TurtleArm_Moveit/install/moveit_srdf/share/ament_index/resource_index/package_run_dependencies/moveit_srdf
[0.053s] -- Up-to-date: /home/psy/2024.11.26.TurtleArm_Moveit/install/moveit_srdf/share/ament_index/resource_index/parent_prefix_path/moveit_srdf
[0.053s] -- Up-to-date: /home/psy/2024.11.26.TurtleArm_Moveit/install/moveit_srdf/share/moveit_srdf/environment/ament_prefix_path.sh
[0.053s] -- Up-to-date: /home/psy/2024.11.26.TurtleArm_Moveit/install/moveit_srdf/share/moveit_srdf/environment/ament_prefix_path.dsv
[0.053s] -- Up-to-date: /home/psy/2024.11.26.TurtleArm_Moveit/install/moveit_srdf/share/moveit_srdf/environment/path.sh
[0.053s] -- Up-to-date: /home/psy/2024.11.26.TurtleArm_Moveit/install/moveit_srdf/share/moveit_srdf/environment/path.dsv
[0.053s] -- Up-to-date: /home/psy/2024.11.26.TurtleArm_Moveit/install/moveit_srdf/share/moveit_srdf/local_setup.bash
[0.054s] -- Up-to-date: /home/psy/2024.11.26.TurtleArm_Moveit/install/moveit_srdf/share/moveit_srdf/local_setup.sh
[0.054s] -- Up-to-date: /home/psy/2024.11.26.TurtleArm_Moveit/install/moveit_srdf/share/moveit_srdf/local_setup.zsh
[0.054s] -- Up-to-date: /home/psy/2024.11.26.TurtleArm_Moveit/install/moveit_srdf/share/moveit_srdf/local_setup.dsv
[0.054s] -- Installing: /home/psy/2024.11.26.TurtleArm_Moveit/install/moveit_srdf/share/moveit_srdf/package.dsv
[0.054s] -- Up-to-date: /home/psy/2024.11.26.TurtleArm_Moveit/install/moveit_srdf/share/ament_index/resource_index/packages/moveit_srdf
[0.054s] -- Up-to-date: /home/psy/2024.11.26.TurtleArm_Moveit/install/moveit_srdf/share/moveit_srdf/cmake/moveit_srdfConfig.cmake
[0.054s] -- Up-to-date: /home/psy/2024.11.26.TurtleArm_Moveit/install/moveit_srdf/share/moveit_srdf/cmake/moveit_srdfConfig-version.cmake
[0.054s] -- Up-to-date: /home/psy/2024.11.26.TurtleArm_Moveit/install/moveit_srdf/share/moveit_srdf/package.xml
[0.054s] -- Up-to-date: /home/psy/2024.11.26.TurtleArm_Moveit/install/moveit_srdf/share/moveit_srdf/launch
[0.054s] -- Up-to-date: /home/psy/2024.11.26.TurtleArm_Moveit/install/moveit_srdf/share/moveit_srdf/launch/static_virtual_joint_tfs.launch.py
[0.054s] -- Up-to-date: /home/psy/2024.11.26.TurtleArm_Moveit/install/moveit_srdf/share/moveit_srdf/launch/warehouse_db.launch.py
[0.054s] -- Up-to-date: /home/psy/2024.11.26.TurtleArm_Moveit/install/moveit_srdf/share/moveit_srdf/launch/setup_assistant.launch.py
[0.054s] -- Up-to-date: /home/psy/2024.11.26.TurtleArm_Moveit/install/moveit_srdf/share/moveit_srdf/launch/demo.launch.py
[0.054s] -- Up-to-date: /home/psy/2024.11.26.TurtleArm_Moveit/install/moveit_srdf/share/moveit_srdf/launch/spawn_controllers.launch.py
[0.054s] -- Up-to-date: /home/psy/2024.11.26.TurtleArm_Moveit/install/moveit_srdf/share/moveit_srdf/launch/rsp.launch.py
[0.054s] -- Up-to-date: /home/psy/2024.11.26.TurtleArm_Moveit/install/moveit_srdf/share/moveit_srdf/launch/moveit_rviz.launch.py
[0.054s] -- Up-to-date: /home/psy/2024.11.26.TurtleArm_Moveit/install/moveit_srdf/share/moveit_srdf/launch/move_group.launch.py
[0.054s] -- Up-to-date: /home/psy/2024.11.26.TurtleArm_Moveit/install/moveit_srdf/share/moveit_srdf/config
[0.054s] -- Up-to-date: /home/psy/2024.11.26.TurtleArm_Moveit/install/moveit_srdf/share/moveit_srdf/config/initial_positions.yaml
[0.054s] -- Up-to-date: /home/psy/2024.11.26.TurtleArm_Moveit/install/moveit_srdf/share/moveit_srdf/config/moveit_controllers.yaml
[0.054s] -- Up-to-date: /home/psy/2024.11.26.TurtleArm_Moveit/install/moveit_srdf/share/moveit_srdf/config/ARM.urdf.xacro
[0.054s] -- Up-to-date: /home/psy/2024.11.26.TurtleArm_Moveit/install/moveit_srdf/share/moveit_srdf/config/joint_limits.yaml
[0.054s] -- Up-to-date: /home/psy/2024.11.26.TurtleArm_Moveit/install/moveit_srdf/share/moveit_srdf/config/ros2_controllers.yaml
[0.054s] -- Up-to-date: /home/psy/2024.11.26.TurtleArm_Moveit/install/moveit_srdf/share/moveit_srdf/config/moveit.rviz
[0.054s] -- Up-to-date: /home/psy/2024.11.26.TurtleArm_Moveit/install/moveit_srdf/share/moveit_srdf/config/sensors_3d.yaml
[0.054s] -- Up-to-date: /home/psy/2024.11.26.TurtleArm_Moveit/install/moveit_srdf/share/moveit_srdf/config/ARM.srdf
[0.054s] -- Up-to-date: /home/psy/2024.11.26.TurtleArm_Moveit/install/moveit_srdf/share/moveit_srdf/config/pilz_cartesian_limits.yaml
[0.054s] -- Up-to-date: /home/psy/2024.11.26.TurtleArm_Moveit/install/moveit_srdf/share/moveit_srdf/config/kinematics.yaml
[0.054s] -- Up-to-date: /home/psy/2024.11.26.TurtleArm_Moveit/install/moveit_srdf/share/moveit_srdf/config/ARM.ros2_control.xacro
[0.054s] -- Up-to-date: /home/psy/2024.11.26.TurtleArm_Moveit/install/moveit_srdf/share/moveit_srdf/.setup_assistant
[0.059s] Invoked command in '/home/psy/2024.11.26.TurtleArm_Moveit/build/moveit_srdf' returned '0': CMAKE_PREFIX_PATH=/home/psy/2024.11.26.TurtleArm_Moveit/install/mycobot_moveit:/home/psy/2024.11.26.TurtleArm_Moveit/install/mycobot_ros2_cpp_cnt:/home/psy/2024.11.26.TurtleArm_Moveit/install/mycobot_with_gripper:/home/psy/2024.11.26.TurtleArm_Moveit/install/myarm_moveit:/home/psy/2024.11.26.TurtleArm_Moveit/install/moveit_srdf:/home/psy/2024.11.26.TurtleArm_Moveit/install/mycobot_interfaces:/home/psy/2024.11.26.TurtleArm_Moveit/install/hello_moveit:/home/psy/2024.11.26.TurtleArm_Moveit/install/mycobot_ros2_controll:/opt/ros/humble /usr/bin/cmake --install /home/psy/2024.11.26.TurtleArm_Moveit/build/moveit_srdf
