[9.466s] Invoking command in '/home/pi/arm_ws/src/qr_cam': PYTHONPATH=/home/pi/arm_ws/build/qr_cam/prefix_override:/usr/lib/python3/dist-packages/colcon_core/task/python/colcon_distutils_commands:/home/pi/arm_ws/install/qr_cam/lib/python3.8/site-packages:${PYTHONPATH} /usr/bin/python3 -W ignore:setup.py install is deprecated setup.py egg_info --egg-base ../../build/qr_cam build --build-base /home/pi/arm_ws/build/qr_cam/build install --record /home/pi/arm_ws/build/qr_cam/install.log --install-scripts $base/lib/qr_cam --single-version-externally-managed install_data
[11.971s] running egg_info
[11.977s] writing ../../build/qr_cam/qr_cam.egg-info/PKG-INFO
[11.979s] writing dependency_links to ../../build/qr_cam/qr_cam.egg-info/dependency_links.txt
[11.981s] writing entry points to ../../build/qr_cam/qr_cam.egg-info/entry_points.txt
[11.983s] writing requirements to ../../build/qr_cam/qr_cam.egg-info/requires.txt
[11.985s] writing top-level names to ../../build/qr_cam/qr_cam.egg-info/top_level.txt
[12.342s] reading manifest file '../../build/qr_cam/qr_cam.egg-info/SOURCES.txt'
[12.352s] writing manifest file '../../build/qr_cam/qr_cam.egg-info/SOURCES.txt'
[12.353s] running build
[12.354s] running build_py
[12.356s] running install
[12.363s] running install_lib
[12.377s] running install_data
[12.378s] running install_egg_info
[12.394s] removing '/home/pi/arm_ws/install/qr_cam/lib/python3.8/site-packages/qr_cam-0.0.0-py3.8.egg-info' (and everything under it)
[12.399s] Copying ../../build/qr_cam/qr_cam.egg-info to /home/pi/arm_ws/install/qr_cam/lib/python3.8/site-packages/qr_cam-0.0.0-py3.8.egg-info
[12.411s] running install_scripts
[12.573s] Installing no_cam script to /home/pi/arm_ws/install/qr_cam/lib/qr_cam
[12.577s] writing list of installed files to '/home/pi/arm_ws/build/qr_cam/install.log'
[12.779s] Invoked command in '/home/pi/arm_ws/src/qr_cam' returned '0': PYTHONPATH=/home/pi/arm_ws/build/qr_cam/prefix_override:/usr/lib/python3/dist-packages/colcon_core/task/python/colcon_distutils_commands:/home/pi/arm_ws/install/qr_cam/lib/python3.8/site-packages:${PYTHONPATH} /usr/bin/python3 -W ignore:setup.py install is deprecated setup.py egg_info --egg-base ../../build/qr_cam build --build-base /home/pi/arm_ws/build/qr_cam/build install --record /home/pi/arm_ws/build/qr_cam/install.log --install-scripts $base/lib/qr_cam --single-version-externally-managed install_data
