running egg_info
creating ../../build/ros2_cv_webcam/ros2_cv_webcam.egg-info
writing ../../build/ros2_cv_webcam/ros2_cv_webcam.egg-info/PKG-INFO
writing dependency_links to ../../build/ros2_cv_webcam/ros2_cv_webcam.egg-info/dependency_links.txt
writing entry points to ../../build/ros2_cv_webcam/ros2_cv_webcam.egg-info/entry_points.txt
writing requirements to ../../build/ros2_cv_webcam/ros2_cv_webcam.egg-info/requires.txt
writing top-level names to ../../build/ros2_cv_webcam/ros2_cv_webcam.egg-info/top_level.txt
writing manifest file '../../build/ros2_cv_webcam/ros2_cv_webcam.egg-info/SOURCES.txt'
reading manifest file '../../build/ros2_cv_webcam/ros2_cv_webcam.egg-info/SOURCES.txt'
writing manifest file '../../build/ros2_cv_webcam/ros2_cv_webcam.egg-info/SOURCES.txt'
running build
running build_py
creating /home/pi/sensor_fusion/build/ros2_cv_webcam/build
creating /home/pi/sensor_fusion/build/ros2_cv_webcam/build/lib
creating /home/pi/sensor_fusion/build/ros2_cv_webcam/build/lib/ros2_cv_webcam
copying ros2_cv_webcam/qr_detect.py -> /home/pi/sensor_fusion/build/ros2_cv_webcam/build/lib/ros2_cv_webcam
copying ros2_cv_webcam/webcam_sub.py -> /home/pi/sensor_fusion/build/ros2_cv_webcam/build/lib/ros2_cv_webcam
copying ros2_cv_webcam/webcam_pub.py -> /home/pi/sensor_fusion/build/ros2_cv_webcam/build/lib/ros2_cv_webcam
copying ros2_cv_webcam/__init__.py -> /home/pi/sensor_fusion/build/ros2_cv_webcam/build/lib/ros2_cv_webcam
running install
running install_lib
creating /home/pi/sensor_fusion/install/ros2_cv_webcam/lib/python3.8/site-packages/ros2_cv_webcam
copying /home/pi/sensor_fusion/build/ros2_cv_webcam/build/lib/ros2_cv_webcam/qr_detect.py -> /home/pi/sensor_fusion/install/ros2_cv_webcam/lib/python3.8/site-packages/ros2_cv_webcam
copying /home/pi/sensor_fusion/build/ros2_cv_webcam/build/lib/ros2_cv_webcam/webcam_sub.py -> /home/pi/sensor_fusion/install/ros2_cv_webcam/lib/python3.8/site-packages/ros2_cv_webcam
copying /home/pi/sensor_fusion/build/ros2_cv_webcam/build/lib/ros2_cv_webcam/webcam_pub.py -> /home/pi/sensor_fusion/install/ros2_cv_webcam/lib/python3.8/site-packages/ros2_cv_webcam
copying /home/pi/sensor_fusion/build/ros2_cv_webcam/build/lib/ros2_cv_webcam/__init__.py -> /home/pi/sensor_fusion/install/ros2_cv_webcam/lib/python3.8/site-packages/ros2_cv_webcam
byte-compiling /home/pi/sensor_fusion/install/ros2_cv_webcam/lib/python3.8/site-packages/ros2_cv_webcam/qr_detect.py to qr_detect.cpython-38.pyc
byte-compiling /home/pi/sensor_fusion/install/ros2_cv_webcam/lib/python3.8/site-packages/ros2_cv_webcam/webcam_sub.py to webcam_sub.cpython-38.pyc
byte-compiling /home/pi/sensor_fusion/install/ros2_cv_webcam/lib/python3.8/site-packages/ros2_cv_webcam/webcam_pub.py to webcam_pub.cpython-38.pyc
byte-compiling /home/pi/sensor_fusion/install/ros2_cv_webcam/lib/python3.8/site-packages/ros2_cv_webcam/__init__.py to __init__.cpython-38.pyc
running install_data
creating /home/pi/sensor_fusion/install/ros2_cv_webcam/share/ament_index
creating /home/pi/sensor_fusion/install/ros2_cv_webcam/share/ament_index/resource_index
creating /home/pi/sensor_fusion/install/ros2_cv_webcam/share/ament_index/resource_index/packages
copying resource/ros2_cv_webcam -> /home/pi/sensor_fusion/install/ros2_cv_webcam/share/ament_index/resource_index/packages
copying package.xml -> /home/pi/sensor_fusion/install/ros2_cv_webcam/share/ros2_cv_webcam
running install_egg_info
Copying ../../build/ros2_cv_webcam/ros2_cv_webcam.egg-info to /home/pi/sensor_fusion/install/ros2_cv_webcam/lib/python3.8/site-packages/ros2_cv_webcam-0.0.0-py3.8.egg-info
running install_scripts
Installing img_publisher script to /home/pi/sensor_fusion/install/ros2_cv_webcam/lib/ros2_cv_webcam
Installing img_subscriber = ros2_cv_webcam.webcam_sub:mainqr_detect script to /home/pi/sensor_fusion/install/ros2_cv_webcam/lib/ros2_cv_webcam
writing list of installed files to '/home/pi/sensor_fusion/build/ros2_cv_webcam/install.log'
