[6.369s] Invoking command in '/home/pi/arm_ws/src/turtle_con': PYTHONPATH=/home/pi/arm_ws/build/turtle_con/prefix_override:/usr/lib/python3/dist-packages/colcon_core/task/python/colcon_distutils_commands:/home/pi/arm_ws/install/turtle_con/lib/python3.8/site-packages:${PYTHONPATH} /usr/bin/python3 -W ignore:setup.py install is deprecated setup.py egg_info --egg-base ../../build/turtle_con build --build-base /home/pi/arm_ws/build/turtle_con/build install --record /home/pi/arm_ws/build/turtle_con/install.log --install-scripts $base/lib/turtle_con --single-version-externally-managed install_data
[8.513s] running egg_info
[8.518s] writing ../../build/turtle_con/turtle_con.egg-info/PKG-INFO
[8.520s] writing dependency_links to ../../build/turtle_con/turtle_con.egg-info/dependency_links.txt
[8.522s] writing entry points to ../../build/turtle_con/turtle_con.egg-info/entry_points.txt
[8.523s] writing requirements to ../../build/turtle_con/turtle_con.egg-info/requires.txt
[8.525s] writing top-level names to ../../build/turtle_con/turtle_con.egg-info/top_level.txt
[8.874s] reading manifest file '../../build/turtle_con/turtle_con.egg-info/SOURCES.txt'
[8.883s] writing manifest file '../../build/turtle_con/turtle_con.egg-info/SOURCES.txt'
[8.884s] running build
[8.885s] running build_py
[8.886s] copying turtle_con/turtle_ros2_con.py -> /home/pi/arm_ws/build/turtle_con/build/lib/turtle_con
[8.889s] running install
[8.896s] running install_lib
[8.905s] copying /home/pi/arm_ws/build/turtle_con/build/lib/turtle_con/turtle_ros2_con.py -> /home/pi/arm_ws/install/turtle_con/lib/python3.8/site-packages/turtle_con
[8.911s] byte-compiling /home/pi/arm_ws/install/turtle_con/lib/python3.8/site-packages/turtle_con/turtle_ros2_con.py to turtle_ros2_con.cpython-38.pyc
[8.931s] running install_data
[8.932s] running install_egg_info
[8.946s] removing '/home/pi/arm_ws/install/turtle_con/lib/python3.8/site-packages/turtle_con-0.0.0-py3.8.egg-info' (and everything under it)
[8.950s] Copying ../../build/turtle_con/turtle_con.egg-info to /home/pi/arm_ws/install/turtle_con/lib/python3.8/site-packages/turtle_con-0.0.0-py3.8.egg-info
[8.961s] running install_scripts
[9.116s] Installing turtle_ros2_con script to /home/pi/arm_ws/install/turtle_con/lib/turtle_con
[9.120s] writing list of installed files to '/home/pi/arm_ws/build/turtle_con/install.log'
[9.298s] Invoked command in '/home/pi/arm_ws/src/turtle_con' returned '0': PYTHONPATH=/home/pi/arm_ws/build/turtle_con/prefix_override:/usr/lib/python3/dist-packages/colcon_core/task/python/colcon_distutils_commands:/home/pi/arm_ws/install/turtle_con/lib/python3.8/site-packages:${PYTHONPATH} /usr/bin/python3 -W ignore:setup.py install is deprecated setup.py egg_info --egg-base ../../build/turtle_con build --build-base /home/pi/arm_ws/build/turtle_con/build install --record /home/pi/arm_ws/build/turtle_con/install.log --install-scripts $base/lib/turtle_con --single-version-externally-managed install_data
