-- Found ament_cmake: 1.3.10 (/opt/ros/humble/share/ament_cmake/cmake)
-- Found rosidl_default_generators: 1.2.0 (/opt/ros/humble/share/rosidl_default_generators/cmake)
-- Using all available rosidl_typesupport_c: rosidl_typesupport_fastrtps_c;rosidl_typesupport_introspection_c
-- Found rosidl_adapter: 3.1.5 (/opt/ros/humble/share/rosidl_adapter/cmake)
-- Using all available rosidl_typesupport_cpp: rosidl_typesupport_fastrtps_cpp;rosidl_typesupport_introspection_cpp
-- Found vision_msgs: 4.1.1 (/opt/ros/humble/share/vision_msgs/cmake)
-- Found ament_cmake_ros: 0.10.0 (/opt/ros/humble/share/ament_cmake_ros/cmake)
-- Using all available rosidl_typesupport_c: rosidl_typesupport_fastrtps_c;rosidl_typesupport_introspection_c
-- Using all available rosidl_typesupport_cpp: rosidl_typesupport_fastrtps_cpp;rosidl_typesupport_introspection_cpp
-- Found PythonInterp: /home/kmw/miniconda3/envs/ros2_py310/bin/python3 (found suitable version "3.10.14", minimum required is "3.6") 
-- Found python_cmake_module: 0.10.0 (/opt/ros/humble/share/python_cmake_module/cmake)
-- Found PythonLibs: /home/kmw/miniconda3/envs/ros2_py310/lib/libpython3.10.so (found suitable version "3.10.14", minimum required is "3.5") 
-- Using PYTHON_EXECUTABLE: /home/kmw/miniconda3/envs/ros2_py310/bin/python3
-- Using PYTHON_INCLUDE_DIRS: /home/kmw/miniconda3/envs/ros2_py310/include/python3.10
-- Using PYTHON_LIBRARIES: /home/kmw/miniconda3/envs/ros2_py310/lib/libpython3.10.so
-- Found PythonExtra: .so  
-- Using numpy include directory: /home/kmw/miniconda3/envs/ros2_py310/lib/python3.10/site-packages/numpy/core/include
-- Found ament_lint_auto: 0.12.11 (/opt/ros/humble/share/ament_lint_auto/cmake)
-- Added test 'lint_cmake' to check CMake code style
-- Added test 'xmllint' to check XML markup files
-- Configuring done
[33mCMake Warning at /opt/ros/humble/share/rosidl_generator_py/cmake/rosidl_generator_py_generate_interfaces.cmake:166 (add_library):
  Cannot generate a safe runtime search path for target
  mycobot_interfaces__rosidl_generator_py because files in some directories
  may conflict with libraries in implicit directories:

    runtime library [libpython3.10.so.1.0] in /usr/lib/x86_64-linux-gnu may be hidden by files in:
      /home/kmw/miniconda3/envs/ros2_py310/lib

  Some of these libraries may not be found correctly.
Call Stack (most recent call first):
  /opt/ros/humble/share/ament_cmake_core/cmake/core/ament_execute_extensions.cmake:48 (include)
  /opt/ros/humble/share/rosidl_cmake/cmake/rosidl_generate_interfaces.cmake:286 (ament_execute_extensions)
  CMakeLists.txt:15 (rosidl_generate_interfaces)

[0m
[33mCMake Warning at /opt/ros/humble/share/rosidl_generator_py/cmake/rosidl_generator_py_generate_interfaces.cmake:226 (add_library):
  Cannot generate a safe runtime search path for target
  mycobot_interfaces__rosidl_typesupport_fastrtps_c__pyext because files in
  some directories may conflict with libraries in implicit directories:

    runtime library [libpython3.10.so.1.0] in /usr/lib/x86_64-linux-gnu may be hidden by files in:
      /home/kmw/miniconda3/envs/ros2_py310/lib

  Some of these libraries may not be found correctly.
Call Stack (most recent call first):
  /opt/ros/humble/share/ament_cmake_core/cmake/core/ament_execute_extensions.cmake:48 (include)
  /opt/ros/humble/share/rosidl_cmake/cmake/rosidl_generate_interfaces.cmake:286 (ament_execute_extensions)
  CMakeLists.txt:15 (rosidl_generate_interfaces)

[0m
[33mCMake Warning at /opt/ros/humble/share/rosidl_generator_py/cmake/rosidl_generator_py_generate_interfaces.cmake:226 (add_library):
  Cannot generate a safe runtime search path for target
  mycobot_interfaces__rosidl_typesupport_introspection_c__pyext because files
  in some directories may conflict with libraries in implicit directories:

    runtime library [libpython3.10.so.1.0] in /usr/lib/x86_64-linux-gnu may be hidden by files in:
      /home/kmw/miniconda3/envs/ros2_py310/lib

  Some of these libraries may not be found correctly.
Call Stack (most recent call first):
  /opt/ros/humble/share/ament_cmake_core/cmake/core/ament_execute_extensions.cmake:48 (include)
  /opt/ros/humble/share/rosidl_cmake/cmake/rosidl_generate_interfaces.cmake:286 (ament_execute_extensions)
  CMakeLists.txt:15 (rosidl_generate_interfaces)

[0m
[33mCMake Warning at /opt/ros/humble/share/rosidl_generator_py/cmake/rosidl_generator_py_generate_interfaces.cmake:226 (add_library):
  Cannot generate a safe runtime search path for target
  mycobot_interfaces__rosidl_typesupport_c__pyext because files in some
  directories may conflict with libraries in implicit directories:

    runtime library [libpython3.10.so.1.0] in /usr/lib/x86_64-linux-gnu may be hidden by files in:
      /home/kmw/miniconda3/envs/ros2_py310/lib

  Some of these libraries may not be found correctly.
Call Stack (most recent call first):
  /opt/ros/humble/share/ament_cmake_core/cmake/core/ament_execute_extensions.cmake:48 (include)
  /opt/ros/humble/share/rosidl_cmake/cmake/rosidl_generate_interfaces.cmake:286 (ament_execute_extensions)
  CMakeLists.txt:15 (rosidl_generate_interfaces)

[0m
-- Generating done
-- Build files have been written to: /home/kmw/trees_ws/build/mycobot_interfaces
[  3%] [34m[1mGenerating C code for ROS interfaces[0m
[  6%] [34m[1mGenerating C++ code for ROS interfaces[0m
[  6%] Built target ament_cmake_python_copy_mycobot_interfaces
[  6%] Built target mycobot_interfaces__cpp
running egg_info
[  9%] [34m[1mGenerating C++ type support dispatch for ROS interfaces[0m
creating mycobot_interfaces.egg-info
writing mycobot_interfaces.egg-info/PKG-INFO
writing dependency_links to mycobot_interfaces.egg-info/dependency_links.txt
writing top-level names to mycobot_interfaces.egg-info/top_level.txt
writing manifest file 'mycobot_interfaces.egg-info/SOURCES.txt'
[ 12%] [34m[1mGenerating C++ introspection for ROS interfaces[0m
[ 16%] [34m[1mGenerating C++ type support for eProsima Fast-RTPS[0m
reading manifest file 'mycobot_interfaces.egg-info/SOURCES.txt'
writing manifest file 'mycobot_interfaces.egg-info/SOURCES.txt'
[ 19%] [32mBuilding C object CMakeFiles/mycobot_interfaces__rosidl_generator_c.dir/rosidl_generator_c/mycobot_interfaces/srv/detail/detection_rq__functions.c.o[0m
[ 19%] Built target ament_cmake_python_build_mycobot_interfaces_egg
[ 22%] [32mBuilding CXX object CMakeFiles/mycobot_interfaces__rosidl_typesupport_cpp.dir/rosidl_typesupport_cpp/mycobot_interfaces/srv/detection_rq__type_support.cpp.o[0m
[ 25%] [32m[1mLinking C shared library libmycobot_interfaces__rosidl_generator_c.so[0m
[ 25%] Built target mycobot_interfaces__rosidl_generator_c
[ 29%] [34m[1mGenerating C type support for eProsima Fast-RTPS[0m
[ 32%] [34m[1mGenerating C type support dispatch for ROS interfaces[0m
[ 35%] [34m[1mGenerating C introspection for ROS interfaces[0m
[ 38%] [32mBuilding CXX object CMakeFiles/mycobot_interfaces__rosidl_typesupport_fastrtps_cpp.dir/rosidl_typesupport_fastrtps_cpp/mycobot_interfaces/srv/detail/dds_fastrtps/detection_rq__type_support.cpp.o[0m
[ 41%] [32mBuilding CXX object CMakeFiles/mycobot_interfaces__rosidl_typesupport_introspection_cpp.dir/rosidl_typesupport_introspection_cpp/mycobot_interfaces/srv/detail/detection_rq__type_support.cpp.o[0m
[ 45%] [32m[1mLinking CXX shared library libmycobot_interfaces__rosidl_typesupport_cpp.so[0m
[ 45%] Built target mycobot_interfaces__rosidl_typesupport_cpp
[ 48%] [32mBuilding CXX object CMakeFiles/mycobot_interfaces__rosidl_typesupport_c.dir/rosidl_typesupport_c/mycobot_interfaces/srv/detection_rq__type_support.cpp.o[0m
[ 51%] [32m[1mLinking CXX shared library libmycobot_interfaces__rosidl_typesupport_c.so[0m
[ 54%] [32m[1mLinking CXX shared library libmycobot_interfaces__rosidl_typesupport_fastrtps_cpp.so[0m
[ 58%] [32mBuilding CXX object CMakeFiles/mycobot_interfaces__rosidl_typesupport_fastrtps_c.dir/rosidl_typesupport_fastrtps_c/mycobot_interfaces/srv/detail/detection_rq__type_support_c.cpp.o[0m
[ 58%] Built target mycobot_interfaces__rosidl_typesupport_c
[ 61%] [32mBuilding C object CMakeFiles/mycobot_interfaces__rosidl_typesupport_introspection_c.dir/rosidl_typesupport_introspection_c/mycobot_interfaces/srv/detail/detection_rq__type_support.c.o[0m
[ 61%] Built target mycobot_interfaces__rosidl_typesupport_fastrtps_cpp
[ 64%] [32m[1mLinking C shared library libmycobot_interfaces__rosidl_typesupport_introspection_c.so[0m
[ 64%] Built target mycobot_interfaces__rosidl_typesupport_introspection_c
[ 67%] [32m[1mLinking CXX shared library libmycobot_interfaces__rosidl_typesupport_introspection_cpp.so[0m
[ 67%] Built target mycobot_interfaces__rosidl_typesupport_introspection_cpp
[ 70%] [32m[1mLinking CXX shared library libmycobot_interfaces__rosidl_typesupport_fastrtps_c.so[0m
[ 70%] Built target mycobot_interfaces__rosidl_typesupport_fastrtps_c
[ 70%] Built target mycobot_interfaces
[ 74%] [34m[1mGenerating Python code for ROS interfaces[0m
[ 74%] Built target mycobot_interfaces__py
[ 77%] [32mBuilding C object CMakeFiles/mycobot_interfaces__rosidl_generator_py.dir/rosidl_generator_py/mycobot_interfaces/srv/_detection_rq_s.c.o[0m
[ 80%] [32m[1mLinking C shared library rosidl_generator_py/mycobot_interfaces/libmycobot_interfaces__rosidl_generator_py.so[0m
[ 80%] Built target mycobot_interfaces__rosidl_generator_py
[ 83%] [32mBuilding C object CMakeFiles/mycobot_interfaces__rosidl_typesupport_fastrtps_c__pyext.dir/rosidl_generator_py/mycobot_interfaces/_mycobot_interfaces_s.ep.rosidl_typesupport_fastrtps_c.c.o[0m
[ 90%] [32mBuilding C object CMakeFiles/mycobot_interfaces__rosidl_typesupport_c__pyext.dir/rosidl_generator_py/mycobot_interfaces/_mycobot_interfaces_s.ep.rosidl_typesupport_c.c.o[0m
[ 90%] [32mBuilding C object CMakeFiles/mycobot_interfaces__rosidl_typesupport_introspection_c__pyext.dir/rosidl_generator_py/mycobot_interfaces/_mycobot_interfaces_s.ep.rosidl_typesupport_introspection_c.c.o[0m
[ 93%] [32m[1mLinking C shared library rosidl_generator_py/mycobot_interfaces/mycobot_interfaces_s__rosidl_typesupport_fastrtps_c.cpython-310-x86_64-linux-gnu.so[0m
[ 96%] [32m[1mLinking C shared library rosidl_generator_py/mycobot_interfaces/mycobot_interfaces_s__rosidl_typesupport_c.cpython-310-x86_64-linux-gnu.so[0m
[ 96%] Built target mycobot_interfaces__rosidl_typesupport_fastrtps_c__pyext
[100%] [32m[1mLinking C shared library rosidl_generator_py/mycobot_interfaces/mycobot_interfaces_s__rosidl_typesupport_introspection_c.cpython-310-x86_64-linux-gnu.so[0m
[100%] Built target mycobot_interfaces__rosidl_typesupport_c__pyext
[100%] Built target mycobot_interfaces__rosidl_typesupport_introspection_c__pyext
