[0.007s] Invoking command in '/home/psy/2024.11.26.TurtleArm_Moveit/build/hello_moveit': CMAKE_PREFIX_PATH=/opt/ros/humble /usr/bin/cmake /home/psy/2024.11.26.TurtleArm_Moveit/src/mycobot320_moveit2/hello_moveit -DCMAKE_INSTALL_PREFIX=/home/psy/2024.11.26.TurtleArm_Moveit/install/hello_moveit
[0.041s] -- The C compiler identification is GNU 11.4.0
[0.078s] -- The CXX compiler identification is GNU 11.4.0
[0.082s] -- Detecting C compiler ABI info
[0.129s] -- Detecting C compiler ABI info - done
[0.136s] -- Check for working C compiler: /usr/bin/cc - skipped
[0.136s] -- Detecting C compile features
[0.136s] -- Detecting C compile features - done
[0.138s] -- Detecting CXX compiler ABI info
[0.188s] -- Detecting CXX compiler ABI info - done
[0.194s] -- Check for working CXX compiler: /usr/bin/c++ - skipped
[0.194s] -- Detecting CXX compile features
[0.194s] -- Detecting CXX compile features - done
[0.195s] -- Found ament_cmake: 1.3.10 (/opt/ros/humble/share/ament_cmake/cmake)
[0.293s] -- Found Python3: /usr/bin/python3 (found version "3.10.12") found components: Interpreter 
[0.342s] -- Found moveit_ros_planning_interface: 2.5.5 (/opt/ros/humble/share/moveit_ros_planning_interface/cmake)
[0.460s] -- Found Boost: /usr/lib/x86_64-linux-gnu/cmake/Boost-1.74.0/BoostConfig.cmake (found version "1.74.0") found components: date_time filesystem program_options system thread 
[0.486s] -- Found rosidl_generator_c: 3.1.5 (/opt/ros/humble/share/rosidl_generator_c/cmake)
[0.489s] -- Found rosidl_adapter: 3.1.5 (/opt/ros/humble/share/rosidl_adapter/cmake)
[0.494s] -- Found rosidl_generator_cpp: 3.1.5 (/opt/ros/humble/share/rosidl_generator_cpp/cmake)
[0.501s] -- Using all available rosidl_typesupport_c: rosidl_typesupport_fastrtps_c;rosidl_typesupport_introspection_c
[0.511s] -- Using all available rosidl_typesupport_cpp: rosidl_typesupport_fastrtps_cpp;rosidl_typesupport_introspection_cpp
[0.643s] -- Found Boost: /usr/lib/x86_64-linux-gnu/cmake/Boost-1.74.0/BoostConfig.cmake (found version "1.74.0") found components: chrono date_time filesystem iostreams program_options regex serialization system thread 
[0.652s] -- Found parameter_traits: 0.3.9 (/opt/ros/humble/share/parameter_traits/cmake)
[0.679s] -- Found rmw_implementation_cmake: 6.1.2 (/opt/ros/humble/share/rmw_implementation_cmake/cmake)
[0.680s] -- Found rmw_fastrtps_cpp: 6.2.7 (/opt/ros/humble/share/rmw_fastrtps_cpp/cmake)
[0.742s] -- Found OpenSSL: /usr/lib/x86_64-linux-gnu/libcrypto.so (found version "3.0.2")  
[0.757s] -- Found FastRTPS: /opt/ros/humble/include  
[0.784s] -- Using RMW implementation 'rmw_fastrtps_cpp' as default
[0.790s] -- Found Threads: TRUE  
[0.827s] -- Found rclcpp_lifecycle: 16.0.10 (/opt/ros/humble/share/rclcpp_lifecycle/cmake)
[0.848s] -- Found Boost: /usr/lib/x86_64-linux-gnu/cmake/Boost-1.74.0/BoostConfig.cmake (found version "1.74.0") found components: filesystem 
[0.914s] -- library: /usr/lib/x86_64-linux-gnu/libcurl.so
[0.937s] -- Found Eigen3: TRUE (found version "3.4.0") 
[0.937s] -- Ensuring Eigen3 include directory is part of orocos-kdl CMake target
[1.027s] -- Found Boost: /usr/lib/x86_64-linux-gnu/cmake/Boost-1.74.0/BoostConfig.cmake (found version "1.74.0") found components: system filesystem date_time program_options thread chrono 
[1.046s] -- Found Boost: /usr/lib/x86_64-linux-gnu/cmake/Boost-1.74.0/BoostConfig.cmake (found version "1.74.0") found components: thread system filesystem regex date_time program_options 
[1.059s] -- Found Boost: /usr/lib/x86_64-linux-gnu/cmake/Boost-1.74.0/BoostConfig.cmake (found version "1.74.0") found components: system filesystem date_time program_options thread 
[1.077s] -- Found ament_lint_auto: 0.12.11 (/opt/ros/humble/share/ament_lint_auto/cmake)
[1.126s] -- Added test 'cppcheck' to perform static code analysis on C / C++ code
[1.126s] -- Configured cppcheck include dirs: $<BUILD_INTERFACE:/home/psy/2024.11.26.TurtleArm_Moveit/src/mycobot320_moveit2/hello_moveit/include>
[1.126s] -- Configured cppcheck exclude dirs and/or files: 
[1.127s] -- Added test 'lint_cmake' to check CMake code style
[1.127s] -- Added test 'uncrustify' to check C / C++ code style
[1.127s] -- Configured uncrustify additional arguments: 
[1.127s] -- Added test 'xmllint' to check XML markup files
[1.128s] -- Configuring done
[1.159s] -- Generating done
[1.161s] -- Build files have been written to: /home/psy/2024.11.26.TurtleArm_Moveit/build/hello_moveit
[1.169s] Invoked command in '/home/psy/2024.11.26.TurtleArm_Moveit/build/hello_moveit' returned '0': CMAKE_PREFIX_PATH=/opt/ros/humble /usr/bin/cmake /home/psy/2024.11.26.TurtleArm_Moveit/src/mycobot320_moveit2/hello_moveit -DCMAKE_INSTALL_PREFIX=/home/psy/2024.11.26.TurtleArm_Moveit/install/hello_moveit
[1.170s] Invoking command in '/home/psy/2024.11.26.TurtleArm_Moveit/build/hello_moveit': CMAKE_PREFIX_PATH=/opt/ros/humble /usr/bin/cmake --build /home/psy/2024.11.26.TurtleArm_Moveit/build/hello_moveit -- -j20 -l20
[1.201s] [ 10%] [32mBuilding CXX object CMakeFiles/marker_test.dir/src/marker_test.cpp.o[0m
[1.201s] [ 20%] [32mBuilding CXX object CMakeFiles/hello_moveit.dir/src/hello_moveit.cpp.o[0m
[1.203s] [ 30%] [32mBuilding CXX object CMakeFiles/get_end_pose.dir/src/get_end_pose.cpp.o[0m
[1.204s] [ 40%] [32mBuilding CXX object CMakeFiles/control_with_keyboard.dir/src/control_with_keyboard.cpp.o[0m
[1.205s] [ 50%] [32mBuilding CXX object CMakeFiles/control_teleop.dir/src/control_teleop.cpp.o[0m
[3.945s] [ 60%] [32m[1mLinking CXX executable marker_test[0m
[4.079s] [ 60%] Built target marker_test
[5.666s] [ 70%] [32m[1mLinking CXX executable control_teleop[0m
[5.733s] [ 80%] [32m[1mLinking CXX executable get_end_pose[0m
[5.860s] [ 80%] Built target control_teleop
[5.875s] [ 90%] [32m[1mLinking CXX executable hello_moveit[0m
[5.910s] [ 90%] Built target get_end_pose
[5.912s] [100%] [32m[1mLinking CXX executable control_with_keyboard[0m
[6.043s] [100%] Built target hello_moveit
[6.086s] [100%] Built target control_with_keyboard
[6.092s] Invoked command in '/home/psy/2024.11.26.TurtleArm_Moveit/build/hello_moveit' returned '0': CMAKE_PREFIX_PATH=/opt/ros/humble /usr/bin/cmake --build /home/psy/2024.11.26.TurtleArm_Moveit/build/hello_moveit -- -j20 -l20
[6.119s] Invoking command in '/home/psy/2024.11.26.TurtleArm_Moveit/build/hello_moveit': CMAKE_PREFIX_PATH=/opt/ros/humble /usr/bin/cmake --install /home/psy/2024.11.26.TurtleArm_Moveit/build/hello_moveit
[6.125s] -- Install configuration: ""
[6.125s] -- Installing: /home/psy/2024.11.26.TurtleArm_Moveit/install/hello_moveit/lib/hello_moveit/hello_moveit
[6.126s] -- Set runtime path of "/home/psy/2024.11.26.TurtleArm_Moveit/install/hello_moveit/lib/hello_moveit/hello_moveit" to ""
[6.126s] -- Installing: /home/psy/2024.11.26.TurtleArm_Moveit/install/hello_moveit/lib/hello_moveit/get_end_pose
[6.126s] -- Set runtime path of "/home/psy/2024.11.26.TurtleArm_Moveit/install/hello_moveit/lib/hello_moveit/get_end_pose" to ""
[6.126s] -- Installing: /home/psy/2024.11.26.TurtleArm_Moveit/install/hello_moveit/lib/hello_moveit/control_with_keyboard
[6.127s] -- Set runtime path of "/home/psy/2024.11.26.TurtleArm_Moveit/install/hello_moveit/lib/hello_moveit/control_with_keyboard" to ""
[6.127s] -- Installing: /home/psy/2024.11.26.TurtleArm_Moveit/install/hello_moveit/lib/hello_moveit/marker_test
[6.127s] -- Set runtime path of "/home/psy/2024.11.26.TurtleArm_Moveit/install/hello_moveit/lib/hello_moveit/marker_test" to ""
[6.128s] -- Installing: /home/psy/2024.11.26.TurtleArm_Moveit/install/hello_moveit/lib/hello_moveit/control_teleop
[6.128s] -- Set runtime path of "/home/psy/2024.11.26.TurtleArm_Moveit/install/hello_moveit/lib/hello_moveit/control_teleop" to ""
[6.128s] -- Installing: /home/psy/2024.11.26.TurtleArm_Moveit/install/hello_moveit/share/ament_index/resource_index/package_run_dependencies/hello_moveit
[6.128s] -- Installing: /home/psy/2024.11.26.TurtleArm_Moveit/install/hello_moveit/share/ament_index/resource_index/parent_prefix_path/hello_moveit
[6.128s] -- Installing: /home/psy/2024.11.26.TurtleArm_Moveit/install/hello_moveit/share/hello_moveit/environment/ament_prefix_path.sh
[6.128s] -- Installing: /home/psy/2024.11.26.TurtleArm_Moveit/install/hello_moveit/share/hello_moveit/environment/ament_prefix_path.dsv
[6.128s] -- Installing: /home/psy/2024.11.26.TurtleArm_Moveit/install/hello_moveit/share/hello_moveit/environment/path.sh
[6.128s] -- Installing: /home/psy/2024.11.26.TurtleArm_Moveit/install/hello_moveit/share/hello_moveit/environment/path.dsv
[6.128s] -- Installing: /home/psy/2024.11.26.TurtleArm_Moveit/install/hello_moveit/share/hello_moveit/local_setup.bash
[6.128s] -- Installing: /home/psy/2024.11.26.TurtleArm_Moveit/install/hello_moveit/share/hello_moveit/local_setup.sh
[6.128s] -- Installing: /home/psy/2024.11.26.TurtleArm_Moveit/install/hello_moveit/share/hello_moveit/local_setup.zsh
[6.128s] -- Installing: /home/psy/2024.11.26.TurtleArm_Moveit/install/hello_moveit/share/hello_moveit/local_setup.dsv
[6.128s] -- Installing: /home/psy/2024.11.26.TurtleArm_Moveit/install/hello_moveit/share/hello_moveit/package.dsv
[6.129s] -- Installing: /home/psy/2024.11.26.TurtleArm_Moveit/install/hello_moveit/share/ament_index/resource_index/packages/hello_moveit
[6.129s] -- Installing: /home/psy/2024.11.26.TurtleArm_Moveit/install/hello_moveit/share/hello_moveit/cmake/hello_moveitConfig.cmake
[6.129s] -- Installing: /home/psy/2024.11.26.TurtleArm_Moveit/install/hello_moveit/share/hello_moveit/cmake/hello_moveitConfig-version.cmake
[6.129s] -- Installing: /home/psy/2024.11.26.TurtleArm_Moveit/install/hello_moveit/share/hello_moveit/package.xml
[6.129s] Invoked command in '/home/psy/2024.11.26.TurtleArm_Moveit/build/hello_moveit' returned '0': CMAKE_PREFIX_PATH=/opt/ros/humble /usr/bin/cmake --install /home/psy/2024.11.26.TurtleArm_Moveit/build/hello_moveit
