[6.339s] Invoking command in '/home/pi/arm_ws/src/turtle_con': PYTHONPATH=/home/pi/arm_ws/build/turtle_con/prefix_override:/usr/lib/python3/dist-packages/colcon_core/task/python/colcon_distutils_commands:/home/pi/arm_ws/install/turtle_con/lib/python3.8/site-packages:${PYTHONPATH} /usr/bin/python3 -W ignore:setup.py install is deprecated setup.py egg_info --egg-base ../../build/turtle_con build --build-base /home/pi/arm_ws/build/turtle_con/build install --record /home/pi/arm_ws/build/turtle_con/install.log --install-scripts $base/lib/turtle_con --single-version-externally-managed install_data
[8.710s] running egg_info
[8.715s] writing ../../build/turtle_con/turtle_con.egg-info/PKG-INFO
[8.717s] writing dependency_links to ../../build/turtle_con/turtle_con.egg-info/dependency_links.txt
[8.719s] writing entry points to ../../build/turtle_con/turtle_con.egg-info/entry_points.txt
[8.720s] writing requirements to ../../build/turtle_con/turtle_con.egg-info/requires.txt
[8.722s] writing top-level names to ../../build/turtle_con/turtle_con.egg-info/top_level.txt
[8.887s] reading manifest file '../../build/turtle_con/turtle_con.egg-info/SOURCES.txt'
[8.890s] writing manifest file '../../build/turtle_con/turtle_con.egg-info/SOURCES.txt'
[8.892s] running build
[8.893s] running build_py
[8.894s] copying turtle_con/turtle_ros2_con.py -> /home/pi/arm_ws/build/turtle_con/build/lib/turtle_con
[8.897s] running install
[8.904s] running install_lib
[8.913s] copying /home/pi/arm_ws/build/turtle_con/build/lib/turtle_con/turtle_ros2_con.py -> /home/pi/arm_ws/install/turtle_con/lib/python3.8/site-packages/turtle_con
[8.918s] byte-compiling /home/pi/arm_ws/install/turtle_con/lib/python3.8/site-packages/turtle_con/turtle_ros2_con.py to turtle_ros2_con.cpython-38.pyc
[8.937s] running install_data
[8.938s] running install_egg_info
[8.953s] removing '/home/pi/arm_ws/install/turtle_con/lib/python3.8/site-packages/turtle_con-0.0.0-py3.8.egg-info' (and everything under it)
[8.956s] Copying ../../build/turtle_con/turtle_con.egg-info to /home/pi/arm_ws/install/turtle_con/lib/python3.8/site-packages/turtle_con-0.0.0-py3.8.egg-info
[8.967s] running install_scripts
[9.119s] Installing turtle_ros2_con script to /home/pi/arm_ws/install/turtle_con/lib/turtle_con
[9.123s] writing list of installed files to '/home/pi/arm_ws/build/turtle_con/install.log'
[9.302s] Invoked command in '/home/pi/arm_ws/src/turtle_con' returned '0': PYTHONPATH=/home/pi/arm_ws/build/turtle_con/prefix_override:/usr/lib/python3/dist-packages/colcon_core/task/python/colcon_distutils_commands:/home/pi/arm_ws/install/turtle_con/lib/python3.8/site-packages:${PYTHONPATH} /usr/bin/python3 -W ignore:setup.py install is deprecated setup.py egg_info --egg-base ../../build/turtle_con build --build-base /home/pi/arm_ws/build/turtle_con/build install --record /home/pi/arm_ws/build/turtle_con/install.log --install-scripts $base/lib/turtle_con --single-version-externally-managed install_data
