[0.009s] Invoking command in '/home/psy/2024.11.26.TurtleArm_Moveit/build/mycobot_with_gripper': CMAKE_PREFIX_PATH=/opt/ros/humble /usr/bin/cmake --build /home/psy/2024.11.26.TurtleArm_Moveit/build/mycobot_with_gripper -- -j20 -l20
[0.059s] Invoked command in '/home/psy/2024.11.26.TurtleArm_Moveit/build/mycobot_with_gripper' returned '0': CMAKE_PREFIX_PATH=/opt/ros/humble /usr/bin/cmake --build /home/psy/2024.11.26.TurtleArm_Moveit/build/mycobot_with_gripper -- -j20 -l20
[0.107s] Invoking command in '/home/psy/2024.11.26.TurtleArm_Moveit/build/mycobot_with_gripper': CMAKE_PREFIX_PATH=/opt/ros/humble /usr/bin/cmake --install /home/psy/2024.11.26.TurtleArm_Moveit/build/mycobot_with_gripper
[0.116s] -- Install configuration: ""
[0.117s] -- Up-to-date: /home/psy/2024.11.26.TurtleArm_Moveit/install/mycobot_with_gripper/share/ament_index/resource_index/package_run_dependencies/mycobot_with_gripper
[0.117s] -- Up-to-date: /home/psy/2024.11.26.TurtleArm_Moveit/install/mycobot_with_gripper/share/ament_index/resource_index/parent_prefix_path/mycobot_with_gripper
[0.118s] -- Up-to-date: /home/psy/2024.11.26.TurtleArm_Moveit/install/mycobot_with_gripper/share/mycobot_with_gripper/environment/ament_prefix_path.sh
[0.118s] -- Up-to-date: /home/psy/2024.11.26.TurtleArm_Moveit/install/mycobot_with_gripper/share/mycobot_with_gripper/environment/ament_prefix_path.dsv
[0.118s] -- Up-to-date: /home/psy/2024.11.26.TurtleArm_Moveit/install/mycobot_with_gripper/share/mycobot_with_gripper/environment/path.sh
[0.118s] -- Up-to-date: /home/psy/2024.11.26.TurtleArm_Moveit/install/mycobot_with_gripper/share/mycobot_with_gripper/environment/path.dsv
[0.118s] -- Up-to-date: /home/psy/2024.11.26.TurtleArm_Moveit/install/mycobot_with_gripper/share/mycobot_with_gripper/local_setup.bash
[0.118s] -- Up-to-date: /home/psy/2024.11.26.TurtleArm_Moveit/install/mycobot_with_gripper/share/mycobot_with_gripper/local_setup.sh
[0.118s] -- Up-to-date: /home/psy/2024.11.26.TurtleArm_Moveit/install/mycobot_with_gripper/share/mycobot_with_gripper/local_setup.zsh
[0.118s] -- Up-to-date: /home/psy/2024.11.26.TurtleArm_Moveit/install/mycobot_with_gripper/share/mycobot_with_gripper/local_setup.dsv
[0.118s] -- Installing: /home/psy/2024.11.26.TurtleArm_Moveit/install/mycobot_with_gripper/share/mycobot_with_gripper/package.dsv
[0.123s] -- Up-to-date: /home/psy/2024.11.26.TurtleArm_Moveit/install/mycobot_with_gripper/share/ament_index/resource_index/packages/mycobot_with_gripper
[0.123s] -- Up-to-date: /home/psy/2024.11.26.TurtleArm_Moveit/install/mycobot_with_gripper/share/mycobot_with_gripper/cmake/mycobot_with_gripperConfig.cmake
[0.123s] -- Up-to-date: /home/psy/2024.11.26.TurtleArm_Moveit/install/mycobot_with_gripper/share/mycobot_with_gripper/cmake/mycobot_with_gripperConfig-version.cmake
[0.124s] -- Up-to-date: /home/psy/2024.11.26.TurtleArm_Moveit/install/mycobot_with_gripper/share/mycobot_with_gripper/package.xml
[0.124s] -- Up-to-date: /home/psy/2024.11.26.TurtleArm_Moveit/install/mycobot_with_gripper/share/mycobot_with_gripper/launch
[0.125s] -- Up-to-date: /home/psy/2024.11.26.TurtleArm_Moveit/install/mycobot_with_gripper/share/mycobot_with_gripper/launch/static_virtual_joint_tfs.launch.py
[0.125s] -- Up-to-date: /home/psy/2024.11.26.TurtleArm_Moveit/install/mycobot_with_gripper/share/mycobot_with_gripper/launch/warehouse_db.launch.py
[0.125s] -- Up-to-date: /home/psy/2024.11.26.TurtleArm_Moveit/install/mycobot_with_gripper/share/mycobot_with_gripper/launch/setup_assistant.launch.py
[0.125s] -- Up-to-date: /home/psy/2024.11.26.TurtleArm_Moveit/install/mycobot_with_gripper/share/mycobot_with_gripper/launch/demo.launch.py
[0.125s] -- Up-to-date: /home/psy/2024.11.26.TurtleArm_Moveit/install/mycobot_with_gripper/share/mycobot_with_gripper/launch/spawn_controllers.launch.py
[0.125s] -- Up-to-date: /home/psy/2024.11.26.TurtleArm_Moveit/install/mycobot_with_gripper/share/mycobot_with_gripper/launch/rsp.launch.py
[0.125s] -- Up-to-date: /home/psy/2024.11.26.TurtleArm_Moveit/install/mycobot_with_gripper/share/mycobot_with_gripper/launch/moveit_rviz.launch.py
[0.125s] -- Up-to-date: /home/psy/2024.11.26.TurtleArm_Moveit/install/mycobot_with_gripper/share/mycobot_with_gripper/launch/move_group.launch.py
[0.126s] -- Up-to-date: /home/psy/2024.11.26.TurtleArm_Moveit/install/mycobot_with_gripper/share/mycobot_with_gripper/config
[0.126s] -- Up-to-date: /home/psy/2024.11.26.TurtleArm_Moveit/install/mycobot_with_gripper/share/mycobot_with_gripper/config/initial_positions.yaml
[0.126s] -- Up-to-date: /home/psy/2024.11.26.TurtleArm_Moveit/install/mycobot_with_gripper/share/mycobot_with_gripper/config/moveit_controllers.yaml
[0.127s] -- Up-to-date: /home/psy/2024.11.26.TurtleArm_Moveit/install/mycobot_with_gripper/share/mycobot_with_gripper/config/joint_limits.yaml
[0.127s] -- Up-to-date: /home/psy/2024.11.26.TurtleArm_Moveit/install/mycobot_with_gripper/share/mycobot_with_gripper/config/ros2_controllers.yaml
[0.127s] -- Up-to-date: /home/psy/2024.11.26.TurtleArm_Moveit/install/mycobot_with_gripper/share/mycobot_with_gripper/config/urdf
[0.128s] -- Up-to-date: /home/psy/2024.11.26.TurtleArm_Moveit/install/mycobot_with_gripper/share/mycobot_with_gripper/config/urdf/hand_right_front_link.obj
[0.128s] -- Up-to-date: /home/psy/2024.11.26.TurtleArm_Moveit/install/mycobot_with_gripper/share/mycobot_with_gripper/config/urdf/hand_left_outside.stl
[0.128s] -- Up-to-date: /home/psy/2024.11.26.TurtleArm_Moveit/install/mycobot_with_gripper/share/mycobot_with_gripper/config/urdf/hand_left_inside.stl
[0.128s] -- Up-to-date: /home/psy/2024.11.26.TurtleArm_Moveit/install/mycobot_with_gripper/share/mycobot_with_gripper/config/urdf/link3.obj
[0.128s] -- Up-to-date: /home/psy/2024.11.26.TurtleArm_Moveit/install/mycobot_with_gripper/share/mycobot_with_gripper/config/urdf/gripperlink.stl
[0.128s] -- Up-to-date: /home/psy/2024.11.26.TurtleArm_Moveit/install/mycobot_with_gripper/share/mycobot_with_gripper/config/urdf/gripper_holder.stl
[0.128s] -- Up-to-date: /home/psy/2024.11.26.TurtleArm_Moveit/install/mycobot_with_gripper/share/mycobot_with_gripper/config/urdf/link2.stl
[0.129s] -- Up-to-date: /home/psy/2024.11.26.TurtleArm_Moveit/install/mycobot_with_gripper/share/mycobot_with_gripper/config/urdf/hand_right_inside.stl
[0.129s] -- Up-to-date: /home/psy/2024.11.26.TurtleArm_Moveit/install/mycobot_with_gripper/share/mycobot_with_gripper/config/urdf/hand_left_inside.obj
[0.129s] -- Up-to-date: /home/psy/2024.11.26.TurtleArm_Moveit/install/mycobot_with_gripper/share/mycobot_with_gripper/config/urdf/hand_left_front.obj
[0.129s] -- Up-to-date: /home/psy/2024.11.26.TurtleArm_Moveit/install/mycobot_with_gripper/share/mycobot_with_gripper/config/urdf/link4.stl
[0.129s] -- Up-to-date: /home/psy/2024.11.26.TurtleArm_Moveit/install/mycobot_with_gripper/share/mycobot_with_gripper/config/urdf/mycobot_320_m5_custom.urdf
[0.129s] -- Up-to-date: /home/psy/2024.11.26.TurtleArm_Moveit/install/mycobot_with_gripper/share/mycobot_with_gripper/config/urdf/hand_right_front.stl
[0.129s] -- Up-to-date: /home/psy/2024.11.26.TurtleArm_Moveit/install/mycobot_with_gripper/share/mycobot_with_gripper/config/urdf/link5.stl
[0.129s] -- Up-to-date: /home/psy/2024.11.26.TurtleArm_Moveit/install/mycobot_with_gripper/share/mycobot_with_gripper/config/urdf/link6.stl
[0.129s] -- Up-to-date: /home/psy/2024.11.26.TurtleArm_Moveit/install/mycobot_with_gripper/share/mycobot_with_gripper/config/urdf/hand_base_link.obj
[0.129s] -- Up-to-date: /home/psy/2024.11.26.TurtleArm_Moveit/install/mycobot_with_gripper/share/mycobot_with_gripper/config/urdf/hand_left_front_link.stl
[0.129s] -- Up-to-date: /home/psy/2024.11.26.TurtleArm_Moveit/install/mycobot_with_gripper/share/mycobot_with_gripper/config/urdf/hand_right_outside.obj
[0.129s] -- Up-to-date: /home/psy/2024.11.26.TurtleArm_Moveit/install/mycobot_with_gripper/share/mycobot_with_gripper/config/urdf/link5.obj
[0.129s] -- Up-to-date: /home/psy/2024.11.26.TurtleArm_Moveit/install/mycobot_with_gripper/share/mycobot_with_gripper/config/urdf/hand_right_front.obj
[0.129s] -- Up-to-date: /home/psy/2024.11.26.TurtleArm_Moveit/install/mycobot_with_gripper/share/mycobot_with_gripper/config/urdf/link3.stl
[0.130s] -- Up-to-date: /home/psy/2024.11.26.TurtleArm_Moveit/install/mycobot_with_gripper/share/mycobot_with_gripper/config/urdf/hand_left_front.stl
[0.130s] -- Up-to-date: /home/psy/2024.11.26.TurtleArm_Moveit/install/mycobot_with_gripper/share/mycobot_with_gripper/config/urdf/hand_left_front_link.obj
[0.130s] -- Up-to-date: /home/psy/2024.11.26.TurtleArm_Moveit/install/mycobot_with_gripper/share/mycobot_with_gripper/config/urdf/hand_right_front_link.stl
[0.130s] -- Up-to-date: /home/psy/2024.11.26.TurtleArm_Moveit/install/mycobot_with_gripper/share/mycobot_with_gripper/config/urdf/hand_base_link.stl
[0.130s] -- Up-to-date: /home/psy/2024.11.26.TurtleArm_Moveit/install/mycobot_with_gripper/share/mycobot_with_gripper/config/urdf/hand_right_inside.obj
[0.130s] -- Up-to-date: /home/psy/2024.11.26.TurtleArm_Moveit/install/mycobot_with_gripper/share/mycobot_with_gripper/config/urdf/link1.obj
[0.130s] -- Up-to-date: /home/psy/2024.11.26.TurtleArm_Moveit/install/mycobot_with_gripper/share/mycobot_with_gripper/config/urdf/camera.stl
[0.130s] -- Up-to-date: /home/psy/2024.11.26.TurtleArm_Moveit/install/mycobot_with_gripper/share/mycobot_with_gripper/config/urdf/hand_right_outside.stl
[0.130s] -- Up-to-date: /home/psy/2024.11.26.TurtleArm_Moveit/install/mycobot_with_gripper/share/mycobot_with_gripper/config/urdf/link4.obj
[0.130s] -- Up-to-date: /home/psy/2024.11.26.TurtleArm_Moveit/install/mycobot_with_gripper/share/mycobot_with_gripper/config/urdf/link2.obj
[0.130s] -- Up-to-date: /home/psy/2024.11.26.TurtleArm_Moveit/install/mycobot_with_gripper/share/mycobot_with_gripper/config/urdf/link6.obj
[0.130s] -- Up-to-date: /home/psy/2024.11.26.TurtleArm_Moveit/install/mycobot_with_gripper/share/mycobot_with_gripper/config/urdf/link1.stl
[0.130s] -- Up-to-date: /home/psy/2024.11.26.TurtleArm_Moveit/install/mycobot_with_gripper/share/mycobot_with_gripper/config/urdf/base.obj
[0.130s] -- Up-to-date: /home/psy/2024.11.26.TurtleArm_Moveit/install/mycobot_with_gripper/share/mycobot_with_gripper/config/urdf/camera.obj
[0.130s] -- Up-to-date: /home/psy/2024.11.26.TurtleArm_Moveit/install/mycobot_with_gripper/share/mycobot_with_gripper/config/urdf/gripperlink.obj
[0.131s] -- Up-to-date: /home/psy/2024.11.26.TurtleArm_Moveit/install/mycobot_with_gripper/share/mycobot_with_gripper/config/urdf/base.stl
[0.131s] -- Up-to-date: /home/psy/2024.11.26.TurtleArm_Moveit/install/mycobot_with_gripper/share/mycobot_with_gripper/config/urdf/hand_left_outside.obj
[0.131s] -- Up-to-date: /home/psy/2024.11.26.TurtleArm_Moveit/install/mycobot_with_gripper/share/mycobot_with_gripper/config/urdf/gripper_holder.obj
[0.131s] -- Up-to-date: /home/psy/2024.11.26.TurtleArm_Moveit/install/mycobot_with_gripper/share/mycobot_with_gripper/config/mycobot_320.ros2_control.xacro
[0.131s] -- Up-to-date: /home/psy/2024.11.26.TurtleArm_Moveit/install/mycobot_with_gripper/share/mycobot_with_gripper/config/moveit.rviz
[0.131s] -- Up-to-date: /home/psy/2024.11.26.TurtleArm_Moveit/install/mycobot_with_gripper/share/mycobot_with_gripper/config/sensors_3d.yaml
[0.131s] -- Up-to-date: /home/psy/2024.11.26.TurtleArm_Moveit/install/mycobot_with_gripper/share/mycobot_with_gripper/config/mycobot_320.urdf.xacro
[0.131s] -- Up-to-date: /home/psy/2024.11.26.TurtleArm_Moveit/install/mycobot_with_gripper/share/mycobot_with_gripper/config/pilz_cartesian_limits.yaml
[0.131s] -- Up-to-date: /home/psy/2024.11.26.TurtleArm_Moveit/install/mycobot_with_gripper/share/mycobot_with_gripper/config/kinematics.yaml
[0.131s] -- Up-to-date: /home/psy/2024.11.26.TurtleArm_Moveit/install/mycobot_with_gripper/share/mycobot_with_gripper/config/mycobot_320.srdf
[0.132s] -- Up-to-date: /home/psy/2024.11.26.TurtleArm_Moveit/install/mycobot_with_gripper/share/mycobot_with_gripper/.setup_assistant
[0.133s] Invoked command in '/home/psy/2024.11.26.TurtleArm_Moveit/build/mycobot_with_gripper' returned '0': CMAKE_PREFIX_PATH=/opt/ros/humble /usr/bin/cmake --install /home/psy/2024.11.26.TurtleArm_Moveit/build/mycobot_with_gripper
