-- Install configuration: ""
-- Up-to-date: /home/psy/2024.11.26.TurtleArm_Moveit/install/mycobot_moveit/share/ament_index/resource_index/package_run_dependencies/mycobot_moveit
-- Up-to-date: /home/psy/2024.11.26.TurtleArm_Moveit/install/mycobot_moveit/share/ament_index/resource_index/parent_prefix_path/mycobot_moveit
-- Up-to-date: /home/psy/2024.11.26.TurtleArm_Moveit/install/mycobot_moveit/share/mycobot_moveit/environment/ament_prefix_path.sh
-- Up-to-date: /home/psy/2024.11.26.TurtleArm_Moveit/install/mycobot_moveit/share/mycobot_moveit/environment/ament_prefix_path.dsv
-- Up-to-date: /home/psy/2024.11.26.TurtleArm_Moveit/install/mycobot_moveit/share/mycobot_moveit/environment/path.sh
-- Up-to-date: /home/psy/2024.11.26.TurtleArm_Moveit/install/mycobot_moveit/share/mycobot_moveit/environment/path.dsv
-- Up-to-date: /home/psy/2024.11.26.TurtleArm_Moveit/install/mycobot_moveit/share/mycobot_moveit/local_setup.bash
-- Up-to-date: /home/psy/2024.11.26.TurtleArm_Moveit/install/mycobot_moveit/share/mycobot_moveit/local_setup.sh
-- Up-to-date: /home/psy/2024.11.26.TurtleArm_Moveit/install/mycobot_moveit/share/mycobot_moveit/local_setup.zsh
-- Up-to-date: /home/psy/2024.11.26.TurtleArm_Moveit/install/mycobot_moveit/share/mycobot_moveit/local_setup.dsv
-- Installing: /home/psy/2024.11.26.TurtleArm_Moveit/install/mycobot_moveit/share/mycobot_moveit/package.dsv
-- Up-to-date: /home/psy/2024.11.26.TurtleArm_Moveit/install/mycobot_moveit/share/ament_index/resource_index/packages/mycobot_moveit
-- Up-to-date: /home/psy/2024.11.26.TurtleArm_Moveit/install/mycobot_moveit/share/mycobot_moveit/cmake/mycobot_moveitConfig.cmake
-- Up-to-date: /home/psy/2024.11.26.TurtleArm_Moveit/install/mycobot_moveit/share/mycobot_moveit/cmake/mycobot_moveitConfig-version.cmake
-- Up-to-date: /home/psy/2024.11.26.TurtleArm_Moveit/install/mycobot_moveit/share/mycobot_moveit/package.xml
-- Up-to-date: /home/psy/2024.11.26.TurtleArm_Moveit/install/mycobot_moveit/share/mycobot_moveit/launch
-- Up-to-date: /home/psy/2024.11.26.TurtleArm_Moveit/install/mycobot_moveit/share/mycobot_moveit/launch/static_virtual_joint_tfs.launch.py
-- Up-to-date: /home/psy/2024.11.26.TurtleArm_Moveit/install/mycobot_moveit/share/mycobot_moveit/launch/warehouse_db.launch.py
-- Up-to-date: /home/psy/2024.11.26.TurtleArm_Moveit/install/mycobot_moveit/share/mycobot_moveit/launch/setup_assistant.launch.py
-- Up-to-date: /home/psy/2024.11.26.TurtleArm_Moveit/install/mycobot_moveit/share/mycobot_moveit/launch/demo.launch.py
-- Up-to-date: /home/psy/2024.11.26.TurtleArm_Moveit/install/mycobot_moveit/share/mycobot_moveit/launch/spawn_controllers.launch.py
-- Up-to-date: /home/psy/2024.11.26.TurtleArm_Moveit/install/mycobot_moveit/share/mycobot_moveit/launch/rsp.launch.py
-- Up-to-date: /home/psy/2024.11.26.TurtleArm_Moveit/install/mycobot_moveit/share/mycobot_moveit/launch/moveit_rviz.launch.py
-- Up-to-date: /home/psy/2024.11.26.TurtleArm_Moveit/install/mycobot_moveit/share/mycobot_moveit/launch/move_group.launch.py
-- Up-to-date: /home/psy/2024.11.26.TurtleArm_Moveit/install/mycobot_moveit/share/mycobot_moveit/config
-- Up-to-date: /home/psy/2024.11.26.TurtleArm_Moveit/install/mycobot_moveit/share/mycobot_moveit/config/firefighter.urdf.xacro
-- Up-to-date: /home/psy/2024.11.26.TurtleArm_Moveit/install/mycobot_moveit/share/mycobot_moveit/config/initial_positions.yaml
-- Up-to-date: /home/psy/2024.11.26.TurtleArm_Moveit/install/mycobot_moveit/share/mycobot_moveit/config/firefighter.srdf
-- Up-to-date: /home/psy/2024.11.26.TurtleArm_Moveit/install/mycobot_moveit/share/mycobot_moveit/config/moveit_controllers.yaml
-- Up-to-date: /home/psy/2024.11.26.TurtleArm_Moveit/install/mycobot_moveit/share/mycobot_moveit/config/firefighter.ros2_control.xacro
-- Up-to-date: /home/psy/2024.11.26.TurtleArm_Moveit/install/mycobot_moveit/share/mycobot_moveit/config/joint_limits.yaml
-- Up-to-date: /home/psy/2024.11.26.TurtleArm_Moveit/install/mycobot_moveit/share/mycobot_moveit/config/ros2_controllers.yaml
-- Up-to-date: /home/psy/2024.11.26.TurtleArm_Moveit/install/mycobot_moveit/share/mycobot_moveit/config/urdf
-- Up-to-date: /home/psy/2024.11.26.TurtleArm_Moveit/install/mycobot_moveit/share/mycobot_moveit/config/urdf/hand_left_outside.stl
-- Up-to-date: /home/psy/2024.11.26.TurtleArm_Moveit/install/mycobot_moveit/share/mycobot_moveit/config/urdf/hand_left_inside.stl
-- Up-to-date: /home/psy/2024.11.26.TurtleArm_Moveit/install/mycobot_moveit/share/mycobot_moveit/config/urdf/gripperlink.stl
-- Up-to-date: /home/psy/2024.11.26.TurtleArm_Moveit/install/mycobot_moveit/share/mycobot_moveit/config/urdf/gripper_holder.stl
-- Up-to-date: /home/psy/2024.11.26.TurtleArm_Moveit/install/mycobot_moveit/share/mycobot_moveit/config/urdf/link2.stl
-- Up-to-date: /home/psy/2024.11.26.TurtleArm_Moveit/install/mycobot_moveit/share/mycobot_moveit/config/urdf/hand_right_inside.stl
-- Up-to-date: /home/psy/2024.11.26.TurtleArm_Moveit/install/mycobot_moveit/share/mycobot_moveit/config/urdf/robot.urdf
-- Up-to-date: /home/psy/2024.11.26.TurtleArm_Moveit/install/mycobot_moveit/share/mycobot_moveit/config/urdf/link4.stl
-- Up-to-date: /home/psy/2024.11.26.TurtleArm_Moveit/install/mycobot_moveit/share/mycobot_moveit/config/urdf/mycobot_320_m5_custom.urdf
-- Up-to-date: /home/psy/2024.11.26.TurtleArm_Moveit/install/mycobot_moveit/share/mycobot_moveit/config/urdf/hand_right_front.stl
-- Up-to-date: /home/psy/2024.11.26.TurtleArm_Moveit/install/mycobot_moveit/share/mycobot_moveit/config/urdf/link5.stl
-- Up-to-date: /home/psy/2024.11.26.TurtleArm_Moveit/install/mycobot_moveit/share/mycobot_moveit/config/urdf/link6.stl
-- Up-to-date: /home/psy/2024.11.26.TurtleArm_Moveit/install/mycobot_moveit/share/mycobot_moveit/config/urdf/robot.csv
-- Up-to-date: /home/psy/2024.11.26.TurtleArm_Moveit/install/mycobot_moveit/share/mycobot_moveit/config/urdf/hand_left_front_link.stl
-- Up-to-date: /home/psy/2024.11.26.TurtleArm_Moveit/install/mycobot_moveit/share/mycobot_moveit/config/urdf/link3.stl
-- Up-to-date: /home/psy/2024.11.26.TurtleArm_Moveit/install/mycobot_moveit/share/mycobot_moveit/config/urdf/hand_left_front.stl
-- Up-to-date: /home/psy/2024.11.26.TurtleArm_Moveit/install/mycobot_moveit/share/mycobot_moveit/config/urdf/ARM.urdf
-- Up-to-date: /home/psy/2024.11.26.TurtleArm_Moveit/install/mycobot_moveit/share/mycobot_moveit/config/urdf/hand_right_front_link.stl
-- Up-to-date: /home/psy/2024.11.26.TurtleArm_Moveit/install/mycobot_moveit/share/mycobot_moveit/config/urdf/hand_base_link.stl
-- Up-to-date: /home/psy/2024.11.26.TurtleArm_Moveit/install/mycobot_moveit/share/mycobot_moveit/config/urdf/hand_right_outside.stl
-- Up-to-date: /home/psy/2024.11.26.TurtleArm_Moveit/install/mycobot_moveit/share/mycobot_moveit/config/urdf/handcamera.stl
-- Up-to-date: /home/psy/2024.11.26.TurtleArm_Moveit/install/mycobot_moveit/share/mycobot_moveit/config/urdf/link1.stl
-- Up-to-date: /home/psy/2024.11.26.TurtleArm_Moveit/install/mycobot_moveit/share/mycobot_moveit/config/urdf/base.stl
-- Up-to-date: /home/psy/2024.11.26.TurtleArm_Moveit/install/mycobot_moveit/share/mycobot_moveit/config/urdf/ARM.csv
-- Up-to-date: /home/psy/2024.11.26.TurtleArm_Moveit/install/mycobot_moveit/share/mycobot_moveit/config/moveit.rviz
-- Up-to-date: /home/psy/2024.11.26.TurtleArm_Moveit/install/mycobot_moveit/share/mycobot_moveit/config/meshes
-- Up-to-date: /home/psy/2024.11.26.TurtleArm_Moveit/install/mycobot_moveit/share/mycobot_moveit/config/meshes/base_link.STL
-- Up-to-date: /home/psy/2024.11.26.TurtleArm_Moveit/install/mycobot_moveit/share/mycobot_moveit/config/meshes/axis2_link.STL
-- Up-to-date: /home/psy/2024.11.26.TurtleArm_Moveit/install/mycobot_moveit/share/mycobot_moveit/config/meshes/axis1_link.STL
-- Up-to-date: /home/psy/2024.11.26.TurtleArm_Moveit/install/mycobot_moveit/share/mycobot_moveit/config/meshes/axis3_link.STL
-- Up-to-date: /home/psy/2024.11.26.TurtleArm_Moveit/install/mycobot_moveit/share/mycobot_moveit/config/meshes/axisG_link.STL
-- Up-to-date: /home/psy/2024.11.26.TurtleArm_Moveit/install/mycobot_moveit/share/mycobot_moveit/config/meshes/axis4_link.STL
-- Up-to-date: /home/psy/2024.11.26.TurtleArm_Moveit/install/mycobot_moveit/share/mycobot_moveit/config/pilz_cartesian_limits.yaml
-- Up-to-date: /home/psy/2024.11.26.TurtleArm_Moveit/install/mycobot_moveit/share/mycobot_moveit/config/kinematics.yaml
-- Up-to-date: /home/psy/2024.11.26.TurtleArm_Moveit/install/mycobot_moveit/share/mycobot_moveit/.setup_assistant
