[10.370s] Invoking command in '/home/pi/arm_ws/src/qr_cam': PYTHONPATH=/home/pi/arm_ws/build/qr_cam/prefix_override:/usr/lib/python3/dist-packages/colcon_core/task/python/colcon_distutils_commands:/home/pi/arm_ws/install/qr_cam/lib/python3.8/site-packages:${PYTHONPATH} /usr/bin/python3 -W ignore:setup.py install is deprecated setup.py egg_info --egg-base ../../build/qr_cam build --build-base /home/pi/arm_ws/build/qr_cam/build install --record /home/pi/arm_ws/build/qr_cam/install.log --install-scripts $base/lib/qr_cam --single-version-externally-managed install_data
[12.895s] running egg_info
[12.901s] writing ../../build/qr_cam/qr_cam.egg-info/PKG-INFO
[12.905s] writing dependency_links to ../../build/qr_cam/qr_cam.egg-info/dependency_links.txt
[12.907s] writing entry points to ../../build/qr_cam/qr_cam.egg-info/entry_points.txt
[12.908s] writing requirements to ../../build/qr_cam/qr_cam.egg-info/requires.txt
[12.910s] writing top-level names to ../../build/qr_cam/qr_cam.egg-info/top_level.txt
[13.280s] reading manifest file '../../build/qr_cam/qr_cam.egg-info/SOURCES.txt'
[13.289s] writing manifest file '../../build/qr_cam/qr_cam.egg-info/SOURCES.txt'
[13.291s] running build
[13.292s] running build_py
[13.296s] running install
[13.303s] running install_lib
[13.320s] running install_data
[13.322s] running install_egg_info
[13.339s] removing '/home/pi/arm_ws/install/qr_cam/lib/python3.8/site-packages/qr_cam-0.0.0-py3.8.egg-info' (and everything under it)
[13.342s] Copying ../../build/qr_cam/qr_cam.egg-info to /home/pi/arm_ws/install/qr_cam/lib/python3.8/site-packages/qr_cam-0.0.0-py3.8.egg-info
[13.355s] running install_scripts
[13.517s] Installing no_cam script to /home/pi/arm_ws/install/qr_cam/lib/qr_cam
[13.521s] writing list of installed files to '/home/pi/arm_ws/build/qr_cam/install.log'
[13.718s] Invoked command in '/home/pi/arm_ws/src/qr_cam' returned '0': PYTHONPATH=/home/pi/arm_ws/build/qr_cam/prefix_override:/usr/lib/python3/dist-packages/colcon_core/task/python/colcon_distutils_commands:/home/pi/arm_ws/install/qr_cam/lib/python3.8/site-packages:${PYTHONPATH} /usr/bin/python3 -W ignore:setup.py install is deprecated setup.py egg_info --egg-base ../../build/qr_cam build --build-base /home/pi/arm_ws/build/qr_cam/build install --record /home/pi/arm_ws/build/qr_cam/install.log --install-scripts $base/lib/qr_cam --single-version-externally-managed install_data
