[2.453s] Invoking command in '/home/kmw/trees_ws/src/launch_param_builder': CONDA_PROMPT_MODIFIER=(ros2_py310) PYTHONPATH=/home/kmw/trees_ws/build/launch_param_builder/prefix_override:/usr/lib/python3/dist-packages/colcon_core/task/python/colcon_distutils_commands:/home/kmw/trees_ws/install/launch_param_builder/lib/python3.10/site-packages:${PYTHONPATH} /usr/bin/python3 -W ignore:setup.py install is deprecated -W ignore:easy_install command is deprecated setup.py egg_info --egg-base ../../build/launch_param_builder build --build-base /home/kmw/trees_ws/build/launch_param_builder/build install --record /home/kmw/trees_ws/build/launch_param_builder/install.log --single-version-externally-managed install_data
[2.869s] /home/kmw/miniconda3/envs/ros2_py310/lib/python3.10/site-packages/setuptools/_distutils/dist.py:261: UserWarning: Unknown distribution option: 'tests_require'
[2.870s]   warnings.warn(msg)
[3.038s] running egg_info
[3.067s] creating ../../build/launch_param_builder/launch_param_builder.egg-info
[3.067s] writing ../../build/launch_param_builder/launch_param_builder.egg-info/PKG-INFO
[3.068s] writing dependency_links to ../../build/launch_param_builder/launch_param_builder.egg-info/dependency_links.txt
[3.068s] writing requirements to ../../build/launch_param_builder/launch_param_builder.egg-info/requires.txt
[3.068s] writing top-level names to ../../build/launch_param_builder/launch_param_builder.egg-info/top_level.txt
[3.068s] writing manifest file '../../build/launch_param_builder/launch_param_builder.egg-info/SOURCES.txt'
[3.115s] reading manifest file '../../build/launch_param_builder/launch_param_builder.egg-info/SOURCES.txt'
[3.115s] adding license file 'LICENSE'
[3.117s] writing manifest file '../../build/launch_param_builder/launch_param_builder.egg-info/SOURCES.txt'
[3.117s] running build
[3.117s] running build_py
[3.117s] creating /home/kmw/trees_ws/build/launch_param_builder/build/lib/launch_param_builder
[3.117s] copying launch_param_builder/__init__.py -> /home/kmw/trees_ws/build/launch_param_builder/build/lib/launch_param_builder
[3.117s] copying launch_param_builder/utils.py -> /home/kmw/trees_ws/build/launch_param_builder/build/lib/launch_param_builder
[3.118s] copying launch_param_builder/launch_param_builder.py -> /home/kmw/trees_ws/build/launch_param_builder/build/lib/launch_param_builder
[3.118s] running install
[3.124s] running install_lib
[3.151s] creating /home/kmw/trees_ws/install/launch_param_builder/lib/python3.10/site-packages/launch_param_builder
[3.151s] copying /home/kmw/trees_ws/build/launch_param_builder/build/lib/launch_param_builder/__init__.py -> /home/kmw/trees_ws/install/launch_param_builder/lib/python3.10/site-packages/launch_param_builder
[3.151s] copying /home/kmw/trees_ws/build/launch_param_builder/build/lib/launch_param_builder/utils.py -> /home/kmw/trees_ws/install/launch_param_builder/lib/python3.10/site-packages/launch_param_builder
[3.151s] copying /home/kmw/trees_ws/build/launch_param_builder/build/lib/launch_param_builder/launch_param_builder.py -> /home/kmw/trees_ws/install/launch_param_builder/lib/python3.10/site-packages/launch_param_builder
[3.152s] byte-compiling /home/kmw/trees_ws/install/launch_param_builder/lib/python3.10/site-packages/launch_param_builder/__init__.py to __init__.cpython-310.pyc
[3.153s] byte-compiling /home/kmw/trees_ws/install/launch_param_builder/lib/python3.10/site-packages/launch_param_builder/utils.py to utils.cpython-310.pyc
[3.154s] byte-compiling /home/kmw/trees_ws/install/launch_param_builder/lib/python3.10/site-packages/launch_param_builder/launch_param_builder.py to launch_param_builder.cpython-310.pyc
[3.155s] running install_data
[3.155s] creating /home/kmw/trees_ws/install/launch_param_builder/share/ament_index/resource_index/packages
[3.155s] copying resource/launch_param_builder -> /home/kmw/trees_ws/install/launch_param_builder/share/ament_index/resource_index/packages
[3.155s] creating /home/kmw/trees_ws/install/launch_param_builder/share/launch_param_builder/launch
[3.156s] copying example/launch_param_builder_example.launch.py -> /home/kmw/trees_ws/install/launch_param_builder/share/launch_param_builder/launch
[3.156s] creating /home/kmw/trees_ws/install/launch_param_builder/share/launch_param_builder/config
[3.156s] copying test/data/parameters_injection.yaml -> /home/kmw/trees_ws/install/launch_param_builder/share/launch_param_builder/config
[3.156s] copying test/data/param_file_to_inject.yaml -> /home/kmw/trees_ws/install/launch_param_builder/share/launch_param_builder/config
[3.156s] copying test/data/parameters.yaml -> /home/kmw/trees_ws/install/launch_param_builder/share/launch_param_builder/config
[3.156s] copying test/data/parameter.xacro -> /home/kmw/trees_ws/install/launch_param_builder/share/launch_param_builder/config
[3.157s] copying test/data/parameter_file -> /home/kmw/trees_ws/install/launch_param_builder/share/launch_param_builder/config
[3.157s] copying package.xml -> /home/kmw/trees_ws/install/launch_param_builder/share/launch_param_builder
[3.157s] creating /home/kmw/trees_ws/install/launch_param_builder/lib/launch_param_builder
[3.157s] copying example/example_node.py -> /home/kmw/trees_ws/install/launch_param_builder/lib/launch_param_builder
[3.157s] running install_egg_info
[3.182s] Copying ../../build/launch_param_builder/launch_param_builder.egg-info to /home/kmw/trees_ws/install/launch_param_builder/lib/python3.10/site-packages/launch_param_builder-0.1.1-py3.10.egg-info
[3.183s] running install_scripts
[3.367s] writing list of installed files to '/home/kmw/trees_ws/build/launch_param_builder/install.log'
