[0.011s] Invoking command in '/home/psy/2024.11.26.TurtleArm_Moveit/build/hello_moveit': CMAKE_PREFIX_PATH=${CMAKE_PREFIX_PATH}:/home/psy/2024.11.26.TurtleArm_Moveit/install/mycobot_ros2_controll:/home/psy/jsy_moveIt/install/mycobot_description:/opt/ros/humble /usr/bin/cmake --build /home/psy/2024.11.26.TurtleArm_Moveit/build/hello_moveit -- -j20 -l20
[0.065s] [ 20%] Built target marker_test
[0.067s] [ 40%] Built target control_teleop
[0.071s] [ 60%] Built target get_end_pose
[0.078s] [ 80%] Built target hello_moveit
[0.079s] [100%] Built target control_with_keyboard
[0.088s] Invoked command in '/home/psy/2024.11.26.TurtleArm_Moveit/build/hello_moveit' returned '0': CMAKE_PREFIX_PATH=${CMAKE_PREFIX_PATH}:/home/psy/2024.11.26.TurtleArm_Moveit/install/mycobot_ros2_controll:/home/psy/jsy_moveIt/install/mycobot_description:/opt/ros/humble /usr/bin/cmake --build /home/psy/2024.11.26.TurtleArm_Moveit/build/hello_moveit -- -j20 -l20
[0.117s] Invoking command in '/home/psy/2024.11.26.TurtleArm_Moveit/build/hello_moveit': CMAKE_PREFIX_PATH=${CMAKE_PREFIX_PATH}:/home/psy/2024.11.26.TurtleArm_Moveit/install/mycobot_ros2_controll:/home/psy/jsy_moveIt/install/mycobot_description:/opt/ros/humble /usr/bin/cmake --install /home/psy/2024.11.26.TurtleArm_Moveit/build/hello_moveit
[0.120s] -- Install configuration: ""
[0.120s] -- Up-to-date: /home/psy/2024.11.26.TurtleArm_Moveit/install/hello_moveit/lib/hello_moveit/hello_moveit
[0.120s] -- Up-to-date: /home/psy/2024.11.26.TurtleArm_Moveit/install/hello_moveit/lib/hello_moveit/get_end_pose
[0.120s] -- Up-to-date: /home/psy/2024.11.26.TurtleArm_Moveit/install/hello_moveit/lib/hello_moveit/control_with_keyboard
[0.120s] -- Up-to-date: /home/psy/2024.11.26.TurtleArm_Moveit/install/hello_moveit/lib/hello_moveit/marker_test
[0.120s] -- Up-to-date: /home/psy/2024.11.26.TurtleArm_Moveit/install/hello_moveit/lib/hello_moveit/control_teleop
[0.120s] -- Up-to-date: /home/psy/2024.11.26.TurtleArm_Moveit/install/hello_moveit/share/ament_index/resource_index/package_run_dependencies/hello_moveit
[0.120s] -- Up-to-date: /home/psy/2024.11.26.TurtleArm_Moveit/install/hello_moveit/share/ament_index/resource_index/parent_prefix_path/hello_moveit
[0.120s] -- Up-to-date: /home/psy/2024.11.26.TurtleArm_Moveit/install/hello_moveit/share/hello_moveit/environment/ament_prefix_path.sh
[0.120s] -- Up-to-date: /home/psy/2024.11.26.TurtleArm_Moveit/install/hello_moveit/share/hello_moveit/environment/ament_prefix_path.dsv
[0.120s] -- Up-to-date: /home/psy/2024.11.26.TurtleArm_Moveit/install/hello_moveit/share/hello_moveit/environment/path.sh
[0.121s] -- Up-to-date: /home/psy/2024.11.26.TurtleArm_Moveit/install/hello_moveit/share/hello_moveit/environment/path.dsv
[0.121s] -- Up-to-date: /home/psy/2024.11.26.TurtleArm_Moveit/install/hello_moveit/share/hello_moveit/local_setup.bash
[0.121s] -- Up-to-date: /home/psy/2024.11.26.TurtleArm_Moveit/install/hello_moveit/share/hello_moveit/local_setup.sh
[0.121s] -- Up-to-date: /home/psy/2024.11.26.TurtleArm_Moveit/install/hello_moveit/share/hello_moveit/local_setup.zsh
[0.121s] -- Up-to-date: /home/psy/2024.11.26.TurtleArm_Moveit/install/hello_moveit/share/hello_moveit/local_setup.dsv
[0.121s] -- Installing: /home/psy/2024.11.26.TurtleArm_Moveit/install/hello_moveit/share/hello_moveit/package.dsv
[0.121s] -- Up-to-date: /home/psy/2024.11.26.TurtleArm_Moveit/install/hello_moveit/share/ament_index/resource_index/packages/hello_moveit
[0.121s] -- Up-to-date: /home/psy/2024.11.26.TurtleArm_Moveit/install/hello_moveit/share/hello_moveit/cmake/hello_moveitConfig.cmake
[0.121s] -- Up-to-date: /home/psy/2024.11.26.TurtleArm_Moveit/install/hello_moveit/share/hello_moveit/cmake/hello_moveitConfig-version.cmake
[0.121s] -- Up-to-date: /home/psy/2024.11.26.TurtleArm_Moveit/install/hello_moveit/share/hello_moveit/package.xml
[0.122s] Invoked command in '/home/psy/2024.11.26.TurtleArm_Moveit/build/hello_moveit' returned '0': CMAKE_PREFIX_PATH=${CMAKE_PREFIX_PATH}:/home/psy/2024.11.26.TurtleArm_Moveit/install/mycobot_ros2_controll:/home/psy/jsy_moveIt/install/mycobot_description:/opt/ros/humble /usr/bin/cmake --install /home/psy/2024.11.26.TurtleArm_Moveit/build/hello_moveit
