[9.453s] Invoking command in '/home/pi/arm_ws/src/qr_cam': PYTHONPATH=/home/pi/arm_ws/build/qr_cam/prefix_override:/usr/lib/python3/dist-packages/colcon_core/task/python/colcon_distutils_commands:/home/pi/arm_ws/install/qr_cam/lib/python3.8/site-packages:${PYTHONPATH} /usr/bin/python3 -W ignore:setup.py install is deprecated setup.py egg_info --egg-base ../../build/qr_cam build --build-base /home/pi/arm_ws/build/qr_cam/build install --record /home/pi/arm_ws/build/qr_cam/install.log --install-scripts $base/lib/qr_cam --single-version-externally-managed install_data
[11.936s] running egg_info
[11.941s] writing ../../build/qr_cam/qr_cam.egg-info/PKG-INFO
[11.944s] writing dependency_links to ../../build/qr_cam/qr_cam.egg-info/dependency_links.txt
[11.946s] writing entry points to ../../build/qr_cam/qr_cam.egg-info/entry_points.txt
[11.947s] writing requirements to ../../build/qr_cam/qr_cam.egg-info/requires.txt
[11.949s] writing top-level names to ../../build/qr_cam/qr_cam.egg-info/top_level.txt
[12.305s] reading manifest file '../../build/qr_cam/qr_cam.egg-info/SOURCES.txt'
[12.314s] writing manifest file '../../build/qr_cam/qr_cam.egg-info/SOURCES.txt'
[12.316s] running build
[12.317s] running build_py
[12.319s] running install
[12.325s] running install_lib
[12.339s] running install_data
[12.340s] running install_egg_info
[12.356s] removing '/home/pi/arm_ws/install/qr_cam/lib/python3.8/site-packages/qr_cam-0.0.0-py3.8.egg-info' (and everything under it)
[12.361s] Copying ../../build/qr_cam/qr_cam.egg-info to /home/pi/arm_ws/install/qr_cam/lib/python3.8/site-packages/qr_cam-0.0.0-py3.8.egg-info
[12.374s] running install_scripts
[12.532s] Installing no_cam script to /home/pi/arm_ws/install/qr_cam/lib/qr_cam
[12.536s] writing list of installed files to '/home/pi/arm_ws/build/qr_cam/install.log'
[12.738s] Invoked command in '/home/pi/arm_ws/src/qr_cam' returned '0': PYTHONPATH=/home/pi/arm_ws/build/qr_cam/prefix_override:/usr/lib/python3/dist-packages/colcon_core/task/python/colcon_distutils_commands:/home/pi/arm_ws/install/qr_cam/lib/python3.8/site-packages:${PYTHONPATH} /usr/bin/python3 -W ignore:setup.py install is deprecated setup.py egg_info --egg-base ../../build/qr_cam build --build-base /home/pi/arm_ws/build/qr_cam/build install --record /home/pi/arm_ws/build/qr_cam/install.log --install-scripts $base/lib/qr_cam --single-version-externally-managed install_data
