[0.011s] Invoking command in '/home/psy/2024.11.26.TurtleArm_Moveit/build/mycobot_interfaces': CMAKE_PREFIX_PATH=${CMAKE_PREFIX_PATH}:/home/psy/mycobot320_moveit2-main/install/mycobot_ros2_controll:/opt/ros/humble /usr/bin/cmake --build /home/psy/2024.11.26.TurtleArm_Moveit/build/mycobot_interfaces -- -j20 -l20
[0.059s] [  3%] Built target mycobot_interfaces__cpp
[0.061s] [ 12%] Built target mycobot_interfaces__rosidl_generator_c
[0.073s] [ 12%] Built target ament_cmake_python_copy_mycobot_interfaces
[0.088s] [ 22%] Built target mycobot_interfaces__rosidl_typesupport_cpp
[0.089s] [ 32%] Built target mycobot_interfaces__rosidl_typesupport_fastrtps_cpp
[0.090s] [ 41%] Built target mycobot_interfaces__rosidl_typesupport_introspection_cpp
[0.092s] [ 51%] Built target mycobot_interfaces__rosidl_typesupport_c
[0.093s] [ 61%] Built target mycobot_interfaces__rosidl_typesupport_introspection_c
[0.094s] [ 70%] Built target mycobot_interfaces__rosidl_typesupport_fastrtps_c
[0.109s] [ 70%] Built target mycobot_interfaces
[0.124s] [ 74%] Built target mycobot_interfaces__py
[0.139s] [ 80%] Built target mycobot_interfaces__rosidl_generator_py
[0.151s] [ 87%] Built target mycobot_interfaces__rosidl_typesupport_c__pyext
[0.152s] [ 93%] Built target mycobot_interfaces__rosidl_typesupport_introspection_c__pyext
[0.153s] [100%] Built target mycobot_interfaces__rosidl_typesupport_fastrtps_c__pyext
[0.215s] running egg_info
[0.215s] writing mycobot_interfaces.egg-info/PKG-INFO
[0.215s] writing dependency_links to mycobot_interfaces.egg-info/dependency_links.txt
[0.215s] writing top-level names to mycobot_interfaces.egg-info/top_level.txt
[0.217s] reading manifest file 'mycobot_interfaces.egg-info/SOURCES.txt'
[0.217s] writing manifest file 'mycobot_interfaces.egg-info/SOURCES.txt'
[0.234s] [100%] Built target ament_cmake_python_build_mycobot_interfaces_egg
[0.251s] Invoked command in '/home/psy/2024.11.26.TurtleArm_Moveit/build/mycobot_interfaces' returned '0': CMAKE_PREFIX_PATH=${CMAKE_PREFIX_PATH}:/home/psy/mycobot320_moveit2-main/install/mycobot_ros2_controll:/opt/ros/humble /usr/bin/cmake --build /home/psy/2024.11.26.TurtleArm_Moveit/build/mycobot_interfaces -- -j20 -l20
[0.342s] Invoking command in '/home/psy/2024.11.26.TurtleArm_Moveit/build/mycobot_interfaces': CMAKE_PREFIX_PATH=${CMAKE_PREFIX_PATH}:/home/psy/mycobot320_moveit2-main/install/mycobot_ros2_controll:/opt/ros/humble /usr/bin/cmake --install /home/psy/2024.11.26.TurtleArm_Moveit/build/mycobot_interfaces
[0.360s] -- Install configuration: ""
[0.361s] -- Up-to-date: /home/psy/2024.11.26.TurtleArm_Moveit/install/mycobot_interfaces/share/ament_index/resource_index/rosidl_interfaces/mycobot_interfaces
[0.361s] -- Up-to-date: /home/psy/2024.11.26.TurtleArm_Moveit/install/mycobot_interfaces/include/mycobot_interfaces/mycobot_interfaces
[0.361s] -- Up-to-date: /home/psy/2024.11.26.TurtleArm_Moveit/install/mycobot_interfaces/include/mycobot_interfaces/mycobot_interfaces/srv
[0.361s] -- Up-to-date: /home/psy/2024.11.26.TurtleArm_Moveit/install/mycobot_interfaces/include/mycobot_interfaces/mycobot_interfaces/srv/detail
[0.361s] -- Up-to-date: /home/psy/2024.11.26.TurtleArm_Moveit/install/mycobot_interfaces/include/mycobot_interfaces/mycobot_interfaces/srv/detail/detection_rq__type_support.h
[0.361s] -- Up-to-date: /home/psy/2024.11.26.TurtleArm_Moveit/install/mycobot_interfaces/include/mycobot_interfaces/mycobot_interfaces/srv/detail/detection_rq__functions.c
[0.361s] -- Up-to-date: /home/psy/2024.11.26.TurtleArm_Moveit/install/mycobot_interfaces/include/mycobot_interfaces/mycobot_interfaces/srv/detail/detection_rq__functions.h
[0.361s] -- Up-to-date: /home/psy/2024.11.26.TurtleArm_Moveit/install/mycobot_interfaces/include/mycobot_interfaces/mycobot_interfaces/srv/detail/detection_rq__struct.h
[0.361s] -- Up-to-date: /home/psy/2024.11.26.TurtleArm_Moveit/install/mycobot_interfaces/include/mycobot_interfaces/mycobot_interfaces/srv/detection_rq.h
[0.362s] -- Up-to-date: /home/psy/2024.11.26.TurtleArm_Moveit/install/mycobot_interfaces/include/mycobot_interfaces/mycobot_interfaces/msg
[0.362s] -- Up-to-date: /home/psy/2024.11.26.TurtleArm_Moveit/install/mycobot_interfaces/include/mycobot_interfaces/mycobot_interfaces/msg/rosidl_generator_c__visibility_control.h
[0.362s] -- Up-to-date: /home/psy/2024.11.26.TurtleArm_Moveit/install/mycobot_interfaces/share/mycobot_interfaces/environment/library_path.sh
[0.362s] -- Up-to-date: /home/psy/2024.11.26.TurtleArm_Moveit/install/mycobot_interfaces/share/mycobot_interfaces/environment/library_path.dsv
[0.362s] -- Up-to-date: /home/psy/2024.11.26.TurtleArm_Moveit/install/mycobot_interfaces/lib/libmycobot_interfaces__rosidl_generator_c.so
[0.362s] -- Up-to-date: /home/psy/2024.11.26.TurtleArm_Moveit/install/mycobot_interfaces/include/mycobot_interfaces/mycobot_interfaces
[0.362s] -- Up-to-date: /home/psy/2024.11.26.TurtleArm_Moveit/install/mycobot_interfaces/include/mycobot_interfaces/mycobot_interfaces/srv
[0.362s] -- Up-to-date: /home/psy/2024.11.26.TurtleArm_Moveit/install/mycobot_interfaces/include/mycobot_interfaces/mycobot_interfaces/srv/detail
[0.362s] -- Up-to-date: /home/psy/2024.11.26.TurtleArm_Moveit/install/mycobot_interfaces/include/mycobot_interfaces/mycobot_interfaces/srv/detail/detection_rq__rosidl_typesupport_fastrtps_c.h
[0.363s] -- Up-to-date: /home/psy/2024.11.26.TurtleArm_Moveit/install/mycobot_interfaces/include/mycobot_interfaces/mycobot_interfaces/msg
[0.363s] -- Up-to-date: /home/psy/2024.11.26.TurtleArm_Moveit/install/mycobot_interfaces/include/mycobot_interfaces/mycobot_interfaces/msg/rosidl_typesupport_fastrtps_c__visibility_control.h
[0.363s] -- Up-to-date: /home/psy/2024.11.26.TurtleArm_Moveit/install/mycobot_interfaces/lib/libmycobot_interfaces__rosidl_typesupport_fastrtps_c.so
[0.363s] -- Up-to-date: /home/psy/2024.11.26.TurtleArm_Moveit/install/mycobot_interfaces/include/mycobot_interfaces/mycobot_interfaces
[0.363s] -- Up-to-date: /home/psy/2024.11.26.TurtleArm_Moveit/install/mycobot_interfaces/include/mycobot_interfaces/mycobot_interfaces/srv
[0.363s] -- Up-to-date: /home/psy/2024.11.26.TurtleArm_Moveit/install/mycobot_interfaces/include/mycobot_interfaces/mycobot_interfaces/srv/detail
[0.363s] -- Up-to-date: /home/psy/2024.11.26.TurtleArm_Moveit/install/mycobot_interfaces/include/mycobot_interfaces/mycobot_interfaces/srv/detail/detection_rq__type_support.c
[0.363s] -- Up-to-date: /home/psy/2024.11.26.TurtleArm_Moveit/install/mycobot_interfaces/include/mycobot_interfaces/mycobot_interfaces/srv/detail/detection_rq__rosidl_typesupport_introspection_c.h
[0.363s] -- Up-to-date: /home/psy/2024.11.26.TurtleArm_Moveit/install/mycobot_interfaces/include/mycobot_interfaces/mycobot_interfaces/msg
[0.364s] -- Up-to-date: /home/psy/2024.11.26.TurtleArm_Moveit/install/mycobot_interfaces/include/mycobot_interfaces/mycobot_interfaces/msg/rosidl_typesupport_introspection_c__visibility_control.h
[0.364s] -- Up-to-date: /home/psy/2024.11.26.TurtleArm_Moveit/install/mycobot_interfaces/lib/libmycobot_interfaces__rosidl_typesupport_introspection_c.so
[0.364s] -- Up-to-date: /home/psy/2024.11.26.TurtleArm_Moveit/install/mycobot_interfaces/lib/libmycobot_interfaces__rosidl_typesupport_c.so
[0.364s] -- Up-to-date: /home/psy/2024.11.26.TurtleArm_Moveit/install/mycobot_interfaces/include/mycobot_interfaces/mycobot_interfaces
[0.364s] -- Up-to-date: /home/psy/2024.11.26.TurtleArm_Moveit/install/mycobot_interfaces/include/mycobot_interfaces/mycobot_interfaces/srv
[0.364s] -- Up-to-date: /home/psy/2024.11.26.TurtleArm_Moveit/install/mycobot_interfaces/include/mycobot_interfaces/mycobot_interfaces/srv/detection_rq.hpp
[0.364s] -- Up-to-date: /home/psy/2024.11.26.TurtleArm_Moveit/install/mycobot_interfaces/include/mycobot_interfaces/mycobot_interfaces/srv/detail
[0.364s] -- Up-to-date: /home/psy/2024.11.26.TurtleArm_Moveit/install/mycobot_interfaces/include/mycobot_interfaces/mycobot_interfaces/srv/detail/detection_rq__struct.hpp
[0.364s] -- Up-to-date: /home/psy/2024.11.26.TurtleArm_Moveit/install/mycobot_interfaces/include/mycobot_interfaces/mycobot_interfaces/srv/detail/detection_rq__builder.hpp
[0.364s] -- Up-to-date: /home/psy/2024.11.26.TurtleArm_Moveit/install/mycobot_interfaces/include/mycobot_interfaces/mycobot_interfaces/srv/detail/detection_rq__traits.hpp
[0.364s] -- Up-to-date: /home/psy/2024.11.26.TurtleArm_Moveit/install/mycobot_interfaces/include/mycobot_interfaces/mycobot_interfaces
[0.365s] -- Up-to-date: /home/psy/2024.11.26.TurtleArm_Moveit/install/mycobot_interfaces/include/mycobot_interfaces/mycobot_interfaces/srv
[0.365s] -- Up-to-date: /home/psy/2024.11.26.TurtleArm_Moveit/install/mycobot_interfaces/include/mycobot_interfaces/mycobot_interfaces/srv/detail
[0.365s] -- Up-to-date: /home/psy/2024.11.26.TurtleArm_Moveit/install/mycobot_interfaces/include/mycobot_interfaces/mycobot_interfaces/srv/detail/detection_rq__rosidl_typesupport_fastrtps_cpp.hpp
[0.365s] -- Up-to-date: /home/psy/2024.11.26.TurtleArm_Moveit/install/mycobot_interfaces/include/mycobot_interfaces/mycobot_interfaces/srv/detail/dds_fastrtps
[0.365s] -- Up-to-date: /home/psy/2024.11.26.TurtleArm_Moveit/install/mycobot_interfaces/include/mycobot_interfaces/mycobot_interfaces/msg
[0.365s] -- Up-to-date: /home/psy/2024.11.26.TurtleArm_Moveit/install/mycobot_interfaces/include/mycobot_interfaces/mycobot_interfaces/msg/rosidl_typesupport_fastrtps_cpp__visibility_control.h
[0.365s] -- Up-to-date: /home/psy/2024.11.26.TurtleArm_Moveit/install/mycobot_interfaces/lib/libmycobot_interfaces__rosidl_typesupport_fastrtps_cpp.so
[0.365s] -- Up-to-date: /home/psy/2024.11.26.TurtleArm_Moveit/install/mycobot_interfaces/include/mycobot_interfaces/mycobot_interfaces
[0.365s] -- Up-to-date: /home/psy/2024.11.26.TurtleArm_Moveit/install/mycobot_interfaces/include/mycobot_interfaces/mycobot_interfaces/srv
[0.365s] -- Up-to-date: /home/psy/2024.11.26.TurtleArm_Moveit/install/mycobot_interfaces/include/mycobot_interfaces/mycobot_interfaces/srv/detail
[0.365s] -- Up-to-date: /home/psy/2024.11.26.TurtleArm_Moveit/install/mycobot_interfaces/include/mycobot_interfaces/mycobot_interfaces/srv/detail/detection_rq__rosidl_typesupport_introspection_cpp.hpp
[0.365s] -- Up-to-date: /home/psy/2024.11.26.TurtleArm_Moveit/install/mycobot_interfaces/include/mycobot_interfaces/mycobot_interfaces/srv/detail/detection_rq__type_support.cpp
[0.366s] -- Up-to-date: /home/psy/2024.11.26.TurtleArm_Moveit/install/mycobot_interfaces/lib/libmycobot_interfaces__rosidl_typesupport_introspection_cpp.so
[0.366s] -- Up-to-date: /home/psy/2024.11.26.TurtleArm_Moveit/install/mycobot_interfaces/lib/libmycobot_interfaces__rosidl_typesupport_cpp.so
[0.366s] -- Up-to-date: /home/psy/2024.11.26.TurtleArm_Moveit/install/mycobot_interfaces/share/mycobot_interfaces/environment/pythonpath.sh
[0.366s] -- Up-to-date: /home/psy/2024.11.26.TurtleArm_Moveit/install/mycobot_interfaces/share/mycobot_interfaces/environment/pythonpath.dsv
[0.366s] -- Up-to-date: /home/psy/2024.11.26.TurtleArm_Moveit/install/mycobot_interfaces/local/lib/python3.10/dist-packages/mycobot_interfaces-0.0.0-py3.10.egg-info
[0.366s] -- Installing: /home/psy/2024.11.26.TurtleArm_Moveit/install/mycobot_interfaces/local/lib/python3.10/dist-packages/mycobot_interfaces-0.0.0-py3.10.egg-info/PKG-INFO
[0.366s] -- Installing: /home/psy/2024.11.26.TurtleArm_Moveit/install/mycobot_interfaces/local/lib/python3.10/dist-packages/mycobot_interfaces-0.0.0-py3.10.egg-info/SOURCES.txt
[0.366s] -- Installing: /home/psy/2024.11.26.TurtleArm_Moveit/install/mycobot_interfaces/local/lib/python3.10/dist-packages/mycobot_interfaces-0.0.0-py3.10.egg-info/top_level.txt
[0.366s] -- Installing: /home/psy/2024.11.26.TurtleArm_Moveit/install/mycobot_interfaces/local/lib/python3.10/dist-packages/mycobot_interfaces-0.0.0-py3.10.egg-info/dependency_links.txt
[0.366s] -- Up-to-date: /home/psy/2024.11.26.TurtleArm_Moveit/install/mycobot_interfaces/local/lib/python3.10/dist-packages/mycobot_interfaces
[0.367s] -- Up-to-date: /home/psy/2024.11.26.TurtleArm_Moveit/install/mycobot_interfaces/local/lib/python3.10/dist-packages/mycobot_interfaces/srv
[0.367s] -- Up-to-date: /home/psy/2024.11.26.TurtleArm_Moveit/install/mycobot_interfaces/local/lib/python3.10/dist-packages/mycobot_interfaces/srv/__init__.py
[0.367s] -- Up-to-date: /home/psy/2024.11.26.TurtleArm_Moveit/install/mycobot_interfaces/local/lib/python3.10/dist-packages/mycobot_interfaces/srv/_detection_rq_s.c
[0.367s] -- Up-to-date: /home/psy/2024.11.26.TurtleArm_Moveit/install/mycobot_interfaces/local/lib/python3.10/dist-packages/mycobot_interfaces/srv/_detection_rq.py
[0.367s] -- Up-to-date: /home/psy/2024.11.26.TurtleArm_Moveit/install/mycobot_interfaces/local/lib/python3.10/dist-packages/mycobot_interfaces/__init__.py
[0.367s] -- Up-to-date: /home/psy/2024.11.26.TurtleArm_Moveit/install/mycobot_interfaces/local/lib/python3.10/dist-packages/mycobot_interfaces/_mycobot_interfaces_s.ep.rosidl_typesupport_c.c
[0.367s] -- Up-to-date: /home/psy/2024.11.26.TurtleArm_Moveit/install/mycobot_interfaces/local/lib/python3.10/dist-packages/mycobot_interfaces/mycobot_interfaces_s__rosidl_typesupport_fastrtps_c.cpython-310-x86_64-linux-gnu.so
[0.367s] -- Up-to-date: /home/psy/2024.11.26.TurtleArm_Moveit/install/mycobot_interfaces/local/lib/python3.10/dist-packages/mycobot_interfaces/mycobot_interfaces_s__rosidl_typesupport_introspection_c.cpython-310-x86_64-linux-gnu.so
[0.367s] -- Up-to-date: /home/psy/2024.11.26.TurtleArm_Moveit/install/mycobot_interfaces/local/lib/python3.10/dist-packages/mycobot_interfaces/libmycobot_interfaces__rosidl_generator_py.so
[0.367s] -- Up-to-date: /home/psy/2024.11.26.TurtleArm_Moveit/install/mycobot_interfaces/local/lib/python3.10/dist-packages/mycobot_interfaces/_mycobot_interfaces_s.ep.rosidl_typesupport_fastrtps_c.c
[0.367s] -- Up-to-date: /home/psy/2024.11.26.TurtleArm_Moveit/install/mycobot_interfaces/local/lib/python3.10/dist-packages/mycobot_interfaces/_mycobot_interfaces_s.ep.rosidl_typesupport_introspection_c.c
[0.367s] -- Up-to-date: /home/psy/2024.11.26.TurtleArm_Moveit/install/mycobot_interfaces/local/lib/python3.10/dist-packages/mycobot_interfaces/mycobot_interfaces_s__rosidl_typesupport_c.cpython-310-x86_64-linux-gnu.so
[0.392s] Listing '/home/psy/2024.11.26.TurtleArm_Moveit/install/mycobot_interfaces/local/lib/python3.10/dist-packages/mycobot_interfaces'...
[0.392s] Listing '/home/psy/2024.11.26.TurtleArm_Moveit/install/mycobot_interfaces/local/lib/python3.10/dist-packages/mycobot_interfaces/srv'...
[0.394s] -- Up-to-date: /home/psy/2024.11.26.TurtleArm_Moveit/install/mycobot_interfaces/local/lib/python3.10/dist-packages/mycobot_interfaces/mycobot_interfaces_s__rosidl_typesupport_fastrtps_c.cpython-310-x86_64-linux-gnu.so
[0.394s] -- Up-to-date: /home/psy/2024.11.26.TurtleArm_Moveit/install/mycobot_interfaces/local/lib/python3.10/dist-packages/mycobot_interfaces/mycobot_interfaces_s__rosidl_typesupport_introspection_c.cpython-310-x86_64-linux-gnu.so
[0.395s] -- Up-to-date: /home/psy/2024.11.26.TurtleArm_Moveit/install/mycobot_interfaces/local/lib/python3.10/dist-packages/mycobot_interfaces/mycobot_interfaces_s__rosidl_typesupport_c.cpython-310-x86_64-linux-gnu.so
[0.395s] -- Up-to-date: /home/psy/2024.11.26.TurtleArm_Moveit/install/mycobot_interfaces/lib/libmycobot_interfaces__rosidl_generator_py.so
[0.395s] -- Up-to-date: /home/psy/2024.11.26.TurtleArm_Moveit/install/mycobot_interfaces/share/mycobot_interfaces/srv/DetectionRQ.idl
[0.395s] -- Up-to-date: /home/psy/2024.11.26.TurtleArm_Moveit/install/mycobot_interfaces/share/mycobot_interfaces/srv/DetectionRQ.srv
[0.395s] -- Up-to-date: /home/psy/2024.11.26.TurtleArm_Moveit/install/mycobot_interfaces/share/mycobot_interfaces/srv/DetectionRQ_Request.msg
[0.396s] -- Up-to-date: /home/psy/2024.11.26.TurtleArm_Moveit/install/mycobot_interfaces/share/mycobot_interfaces/srv/DetectionRQ_Response.msg
[0.396s] -- Up-to-date: /home/psy/2024.11.26.TurtleArm_Moveit/install/mycobot_interfaces/share/ament_index/resource_index/package_run_dependencies/mycobot_interfaces
[0.396s] -- Up-to-date: /home/psy/2024.11.26.TurtleArm_Moveit/install/mycobot_interfaces/share/ament_index/resource_index/parent_prefix_path/mycobot_interfaces
[0.396s] -- Up-to-date: /home/psy/2024.11.26.TurtleArm_Moveit/install/mycobot_interfaces/share/mycobot_interfaces/environment/ament_prefix_path.sh
[0.396s] -- Up-to-date: /home/psy/2024.11.26.TurtleArm_Moveit/install/mycobot_interfaces/share/mycobot_interfaces/environment/ament_prefix_path.dsv
[0.396s] -- Up-to-date: /home/psy/2024.11.26.TurtleArm_Moveit/install/mycobot_interfaces/share/mycobot_interfaces/environment/path.sh
[0.396s] -- Up-to-date: /home/psy/2024.11.26.TurtleArm_Moveit/install/mycobot_interfaces/share/mycobot_interfaces/environment/path.dsv
[0.396s] -- Up-to-date: /home/psy/2024.11.26.TurtleArm_Moveit/install/mycobot_interfaces/share/mycobot_interfaces/local_setup.bash
[0.396s] -- Up-to-date: /home/psy/2024.11.26.TurtleArm_Moveit/install/mycobot_interfaces/share/mycobot_interfaces/local_setup.sh
[0.396s] -- Up-to-date: /home/psy/2024.11.26.TurtleArm_Moveit/install/mycobot_interfaces/share/mycobot_interfaces/local_setup.zsh
[0.396s] -- Up-to-date: /home/psy/2024.11.26.TurtleArm_Moveit/install/mycobot_interfaces/share/mycobot_interfaces/local_setup.dsv
[0.396s] -- Installing: /home/psy/2024.11.26.TurtleArm_Moveit/install/mycobot_interfaces/share/mycobot_interfaces/package.dsv
[0.396s] -- Up-to-date: /home/psy/2024.11.26.TurtleArm_Moveit/install/mycobot_interfaces/share/ament_index/resource_index/packages/mycobot_interfaces
[0.396s] -- Up-to-date: /home/psy/2024.11.26.TurtleArm_Moveit/install/mycobot_interfaces/share/mycobot_interfaces/cmake/export_mycobot_interfaces__rosidl_generator_cExport.cmake
[0.396s] -- Up-to-date: /home/psy/2024.11.26.TurtleArm_Moveit/install/mycobot_interfaces/share/mycobot_interfaces/cmake/export_mycobot_interfaces__rosidl_generator_cExport-noconfig.cmake
[0.396s] -- Up-to-date: /home/psy/2024.11.26.TurtleArm_Moveit/install/mycobot_interfaces/share/mycobot_interfaces/cmake/export_mycobot_interfaces__rosidl_typesupport_fastrtps_cExport.cmake
[0.396s] -- Up-to-date: /home/psy/2024.11.26.TurtleArm_Moveit/install/mycobot_interfaces/share/mycobot_interfaces/cmake/export_mycobot_interfaces__rosidl_typesupport_fastrtps_cExport-noconfig.cmake
[0.396s] -- Up-to-date: /home/psy/2024.11.26.TurtleArm_Moveit/install/mycobot_interfaces/share/mycobot_interfaces/cmake/mycobot_interfaces__rosidl_typesupport_introspection_cExport.cmake
[0.396s] -- Up-to-date: /home/psy/2024.11.26.TurtleArm_Moveit/install/mycobot_interfaces/share/mycobot_interfaces/cmake/mycobot_interfaces__rosidl_typesupport_introspection_cExport-noconfig.cmake
[0.397s] -- Up-to-date: /home/psy/2024.11.26.TurtleArm_Moveit/install/mycobot_interfaces/share/mycobot_interfaces/cmake/mycobot_interfaces__rosidl_typesupport_cExport.cmake
[0.397s] -- Up-to-date: /home/psy/2024.11.26.TurtleArm_Moveit/install/mycobot_interfaces/share/mycobot_interfaces/cmake/mycobot_interfaces__rosidl_typesupport_cExport-noconfig.cmake
[0.397s] -- Up-to-date: /home/psy/2024.11.26.TurtleArm_Moveit/install/mycobot_interfaces/share/mycobot_interfaces/cmake/export_mycobot_interfaces__rosidl_generator_cppExport.cmake
[0.397s] -- Up-to-date: /home/psy/2024.11.26.TurtleArm_Moveit/install/mycobot_interfaces/share/mycobot_interfaces/cmake/export_mycobot_interfaces__rosidl_typesupport_fastrtps_cppExport.cmake
[0.397s] -- Up-to-date: /home/psy/2024.11.26.TurtleArm_Moveit/install/mycobot_interfaces/share/mycobot_interfaces/cmake/export_mycobot_interfaces__rosidl_typesupport_fastrtps_cppExport-noconfig.cmake
[0.397s] -- Up-to-date: /home/psy/2024.11.26.TurtleArm_Moveit/install/mycobot_interfaces/share/mycobot_interfaces/cmake/mycobot_interfaces__rosidl_typesupport_introspection_cppExport.cmake
[0.397s] -- Up-to-date: /home/psy/2024.11.26.TurtleArm_Moveit/install/mycobot_interfaces/share/mycobot_interfaces/cmake/mycobot_interfaces__rosidl_typesupport_introspection_cppExport-noconfig.cmake
[0.398s] -- Up-to-date: /home/psy/2024.11.26.TurtleArm_Moveit/install/mycobot_interfaces/share/mycobot_interfaces/cmake/mycobot_interfaces__rosidl_typesupport_cppExport.cmake
[0.398s] -- Up-to-date: /home/psy/2024.11.26.TurtleArm_Moveit/install/mycobot_interfaces/share/mycobot_interfaces/cmake/mycobot_interfaces__rosidl_typesupport_cppExport-noconfig.cmake
[0.398s] -- Up-to-date: /home/psy/2024.11.26.TurtleArm_Moveit/install/mycobot_interfaces/share/mycobot_interfaces/cmake/export_mycobot_interfaces__rosidl_generator_pyExport.cmake
[0.398s] -- Up-to-date: /home/psy/2024.11.26.TurtleArm_Moveit/install/mycobot_interfaces/share/mycobot_interfaces/cmake/export_mycobot_interfaces__rosidl_generator_pyExport-noconfig.cmake
[0.398s] -- Up-to-date: /home/psy/2024.11.26.TurtleArm_Moveit/install/mycobot_interfaces/share/mycobot_interfaces/cmake/rosidl_cmake-extras.cmake
[0.398s] -- Up-to-date: /home/psy/2024.11.26.TurtleArm_Moveit/install/mycobot_interfaces/share/mycobot_interfaces/cmake/ament_cmake_export_dependencies-extras.cmake
[0.398s] -- Up-to-date: /home/psy/2024.11.26.TurtleArm_Moveit/install/mycobot_interfaces/share/mycobot_interfaces/cmake/ament_cmake_export_include_directories-extras.cmake
[0.398s] -- Up-to-date: /home/psy/2024.11.26.TurtleArm_Moveit/install/mycobot_interfaces/share/mycobot_interfaces/cmake/ament_cmake_export_libraries-extras.cmake
[0.398s] -- Up-to-date: /home/psy/2024.11.26.TurtleArm_Moveit/install/mycobot_interfaces/share/mycobot_interfaces/cmake/ament_cmake_export_targets-extras.cmake
[0.398s] -- Up-to-date: /home/psy/2024.11.26.TurtleArm_Moveit/install/mycobot_interfaces/share/mycobot_interfaces/cmake/rosidl_cmake_export_typesupport_targets-extras.cmake
[0.398s] -- Up-to-date: /home/psy/2024.11.26.TurtleArm_Moveit/install/mycobot_interfaces/share/mycobot_interfaces/cmake/rosidl_cmake_export_typesupport_libraries-extras.cmake
[0.398s] -- Up-to-date: /home/psy/2024.11.26.TurtleArm_Moveit/install/mycobot_interfaces/share/mycobot_interfaces/cmake/mycobot_interfacesConfig.cmake
[0.398s] -- Up-to-date: /home/psy/2024.11.26.TurtleArm_Moveit/install/mycobot_interfaces/share/mycobot_interfaces/cmake/mycobot_interfacesConfig-version.cmake
[0.398s] -- Up-to-date: /home/psy/2024.11.26.TurtleArm_Moveit/install/mycobot_interfaces/share/mycobot_interfaces/package.xml
[0.400s] Invoked command in '/home/psy/2024.11.26.TurtleArm_Moveit/build/mycobot_interfaces' returned '0': CMAKE_PREFIX_PATH=${CMAKE_PREFIX_PATH}:/home/psy/mycobot320_moveit2-main/install/mycobot_ros2_controll:/opt/ros/humble /usr/bin/cmake --install /home/psy/2024.11.26.TurtleArm_Moveit/build/mycobot_interfaces
