[6.160s] Invoking command in '/home/pi/arm_ws/src/turtle_con': PYTHONPATH=/home/pi/arm_ws/build/turtle_con/prefix_override:/usr/lib/python3/dist-packages/colcon_core/task/python/colcon_distutils_commands:/home/pi/arm_ws/install/turtle_con/lib/python3.8/site-packages:${PYTHONPATH} /usr/bin/python3 -W ignore:setup.py install is deprecated setup.py egg_info --egg-base ../../build/turtle_con build --build-base /home/pi/arm_ws/build/turtle_con/build install --record /home/pi/arm_ws/build/turtle_con/install.log --install-scripts $base/lib/turtle_con --single-version-externally-managed install_data
[8.484s] running egg_info
[8.488s] writing ../../build/turtle_con/turtle_con.egg-info/PKG-INFO
[8.491s] writing dependency_links to ../../build/turtle_con/turtle_con.egg-info/dependency_links.txt
[8.492s] writing entry points to ../../build/turtle_con/turtle_con.egg-info/entry_points.txt
[8.494s] writing requirements to ../../build/turtle_con/turtle_con.egg-info/requires.txt
[8.495s] writing top-level names to ../../build/turtle_con/turtle_con.egg-info/top_level.txt
[8.842s] reading manifest file '../../build/turtle_con/turtle_con.egg-info/SOURCES.txt'
[8.851s] writing manifest file '../../build/turtle_con/turtle_con.egg-info/SOURCES.txt'
[8.852s] running build
[8.853s] running build_py
[8.855s] copying turtle_con/with_qr.py -> /home/pi/arm_ws/build/turtle_con/build/lib/turtle_con
[8.859s] running install
[8.865s] running install_lib
[8.875s] copying /home/pi/arm_ws/build/turtle_con/build/lib/turtle_con/with_qr.py -> /home/pi/arm_ws/install/turtle_con/lib/python3.8/site-packages/turtle_con
[8.882s] byte-compiling /home/pi/arm_ws/install/turtle_con/lib/python3.8/site-packages/turtle_con/with_qr.py to with_qr.cpython-38.pyc
[8.903s] running install_data
[8.904s] running install_egg_info
[8.919s] removing '/home/pi/arm_ws/install/turtle_con/lib/python3.8/site-packages/turtle_con-0.0.0-py3.8.egg-info' (and everything under it)
[8.922s] Copying ../../build/turtle_con/turtle_con.egg-info to /home/pi/arm_ws/install/turtle_con/lib/python3.8/site-packages/turtle_con-0.0.0-py3.8.egg-info
[8.933s] running install_scripts
[9.081s] Installing move_qr script to /home/pi/arm_ws/install/turtle_con/lib/turtle_con
[9.083s] Installing qr_log script to /home/pi/arm_ws/install/turtle_con/lib/turtle_con
[9.084s] Installing turtle_ros2_con script to /home/pi/arm_ws/install/turtle_con/lib/turtle_con
[9.086s] Installing with_qr script to /home/pi/arm_ws/install/turtle_con/lib/turtle_con
[9.089s] writing list of installed files to '/home/pi/arm_ws/build/turtle_con/install.log'
[9.214s] Invoked command in '/home/pi/arm_ws/src/turtle_con' returned '0': PYTHONPATH=/home/pi/arm_ws/build/turtle_con/prefix_override:/usr/lib/python3/dist-packages/colcon_core/task/python/colcon_distutils_commands:/home/pi/arm_ws/install/turtle_con/lib/python3.8/site-packages:${PYTHONPATH} /usr/bin/python3 -W ignore:setup.py install is deprecated setup.py egg_info --egg-base ../../build/turtle_con build --build-base /home/pi/arm_ws/build/turtle_con/build install --record /home/pi/arm_ws/build/turtle_con/install.log --install-scripts $base/lib/turtle_con --single-version-externally-managed install_data
