[0.319s] Invoking command in '/home/psy/2024.11.26.TurtleArm_Moveit/src/mycobot320_moveit2/mycobot_ros2_controll': CMAKE_PREFIX_PATH=/home/psy/2024.11.26.TurtleArm_Moveit/install/mycobot_with_gripper:/home/psy/2024.11.26.TurtleArm_Moveit/install/mycobot_interfaces:/home/psy/2024.11.26.TurtleArm_Moveit/install/mycobot_ros2_cpp_cnt:/home/psy/2024.11.26.TurtleArm_Moveit/install/myarm_moveit:/home/psy/2024.11.26.TurtleArm_Moveit/install/moveit_srdf:/home/psy/2024.11.26.TurtleArm_Moveit/install/mycobot_moveit:/home/psy/2024.11.26.TurtleArm_Moveit/install/hello_moveit PYTHONPATH=/home/psy/2024.11.26.TurtleArm_Moveit/build/mycobot_ros2_controll/prefix_override:/usr/lib/python3/dist-packages/colcon_core/task/python/colcon_distutils_commands:/home/psy/2024.11.26.TurtleArm_Moveit/install/mycobot_ros2_controll/lib/python3.10/site-packages:${PYTHONPATH} /usr/bin/python3 -W ignore:setup.py install is deprecated -W ignore:easy_install command is deprecated setup.py egg_info --egg-base ../../../build/mycobot_ros2_controll build --build-base /home/psy/2024.11.26.TurtleArm_Moveit/build/mycobot_ros2_controll/build install --record /home/psy/2024.11.26.TurtleArm_Moveit/build/mycobot_ros2_controll/install.log --single-version-externally-managed install_data
[0.431s] running egg_info
[0.432s] writing ../../../build/mycobot_ros2_controll/mycobot_ros2_controll.egg-info/PKG-INFO
[0.432s] writing dependency_links to ../../../build/mycobot_ros2_controll/mycobot_ros2_controll.egg-info/dependency_links.txt
[0.432s] writing entry points to ../../../build/mycobot_ros2_controll/mycobot_ros2_controll.egg-info/entry_points.txt
[0.432s] writing requirements to ../../../build/mycobot_ros2_controll/mycobot_ros2_controll.egg-info/requires.txt
[0.432s] writing top-level names to ../../../build/mycobot_ros2_controll/mycobot_ros2_controll.egg-info/top_level.txt
[0.433s] reading manifest file '../../../build/mycobot_ros2_controll/mycobot_ros2_controll.egg-info/SOURCES.txt'
[0.433s] writing manifest file '../../../build/mycobot_ros2_controll/mycobot_ros2_controll.egg-info/SOURCES.txt'
[0.433s] running build
[0.433s] running build_py
[0.433s] running install
[0.434s] running install_lib
[0.434s] running install_data
[0.434s] running install_egg_info
[0.435s] removing '/home/psy/2024.11.26.TurtleArm_Moveit/install/mycobot_ros2_controll/lib/python3.10/site-packages/mycobot_ros2_controll-0.0.0-py3.10.egg-info' (and everything under it)
[0.435s] Copying ../../../build/mycobot_ros2_controll/mycobot_ros2_controll.egg-info to /home/psy/2024.11.26.TurtleArm_Moveit/install/mycobot_ros2_controll/lib/python3.10/site-packages/mycobot_ros2_controll-0.0.0-py3.10.egg-info
[0.436s] running install_scripts
[0.447s] Installing cam_pub script to /home/psy/2024.11.26.TurtleArm_Moveit/install/mycobot_ros2_controll/lib/mycobot_ros2_controll
[0.447s] Installing detect_cube_hsv script to /home/psy/2024.11.26.TurtleArm_Moveit/install/mycobot_ros2_controll/lib/mycobot_ros2_controll
[0.447s] Installing detect_cube_server script to /home/psy/2024.11.26.TurtleArm_Moveit/install/mycobot_ros2_controll/lib/mycobot_ros2_controll
[0.447s] Installing rviz_controll script to /home/psy/2024.11.26.TurtleArm_Moveit/install/mycobot_ros2_controll/lib/mycobot_ros2_controll
[0.447s] writing list of installed files to '/home/psy/2024.11.26.TurtleArm_Moveit/build/mycobot_ros2_controll/install.log'
[0.459s] Invoked command in '/home/psy/2024.11.26.TurtleArm_Moveit/src/mycobot320_moveit2/mycobot_ros2_controll' returned '0': CMAKE_PREFIX_PATH=/home/psy/2024.11.26.TurtleArm_Moveit/install/mycobot_with_gripper:/home/psy/2024.11.26.TurtleArm_Moveit/install/mycobot_interfaces:/home/psy/2024.11.26.TurtleArm_Moveit/install/mycobot_ros2_cpp_cnt:/home/psy/2024.11.26.TurtleArm_Moveit/install/myarm_moveit:/home/psy/2024.11.26.TurtleArm_Moveit/install/moveit_srdf:/home/psy/2024.11.26.TurtleArm_Moveit/install/mycobot_moveit:/home/psy/2024.11.26.TurtleArm_Moveit/install/hello_moveit PYTHONPATH=/home/psy/2024.11.26.TurtleArm_Moveit/build/mycobot_ros2_controll/prefix_override:/usr/lib/python3/dist-packages/colcon_core/task/python/colcon_distutils_commands:/home/psy/2024.11.26.TurtleArm_Moveit/install/mycobot_ros2_controll/lib/python3.10/site-packages:${PYTHONPATH} /usr/bin/python3 -W ignore:setup.py install is deprecated -W ignore:easy_install command is deprecated setup.py egg_info --egg-base ../../../build/mycobot_ros2_controll build --build-base /home/psy/2024.11.26.TurtleArm_Moveit/build/mycobot_ros2_controll/build install --record /home/psy/2024.11.26.TurtleArm_Moveit/build/mycobot_ros2_controll/install.log --single-version-externally-managed install_data
