[10.198s] Invoking command in '/home/pi/arm_ws/src/turtle_con': PYTHONPATH=/home/pi/arm_ws/build/turtle_con/prefix_override:/usr/lib/python3/dist-packages/colcon_core/task/python/colcon_distutils_commands:/home/pi/arm_ws/install/turtle_con/lib/python3.8/site-packages:${PYTHONPATH} /usr/bin/python3 -W ignore:setup.py install is deprecated setup.py egg_info --egg-base ../../build/turtle_con build --build-base /home/pi/arm_ws/build/turtle_con/build install --record /home/pi/arm_ws/build/turtle_con/install.log --install-scripts $base/lib/turtle_con --single-version-externally-managed install_data
[12.853s] running egg_info
[12.858s] writing ../../build/turtle_con/turtle_con.egg-info/PKG-INFO
[12.861s] writing dependency_links to ../../build/turtle_con/turtle_con.egg-info/dependency_links.txt
[12.863s] writing entry points to ../../build/turtle_con/turtle_con.egg-info/entry_points.txt
[12.866s] writing requirements to ../../build/turtle_con/turtle_con.egg-info/requires.txt
[12.867s] writing top-level names to ../../build/turtle_con/turtle_con.egg-info/top_level.txt
[13.239s] reading manifest file '../../build/turtle_con/turtle_con.egg-info/SOURCES.txt'
[13.250s] writing manifest file '../../build/turtle_con/turtle_con.egg-info/SOURCES.txt'
[13.251s] running build
[13.252s] running build_py
[13.255s] copying turtle_con/move_qr.py -> /home/pi/arm_ws/build/turtle_con/build/lib/turtle_con
[13.258s] running install
[13.265s] running install_lib
[13.276s] copying /home/pi/arm_ws/build/turtle_con/build/lib/turtle_con/move_qr.py -> /home/pi/arm_ws/install/turtle_con/lib/python3.8/site-packages/turtle_con
[13.284s] byte-compiling /home/pi/arm_ws/install/turtle_con/lib/python3.8/site-packages/turtle_con/move_qr.py to move_qr.cpython-38.pyc
[13.307s] running install_data
[13.309s] running install_egg_info
[13.323s] removing '/home/pi/arm_ws/install/turtle_con/lib/python3.8/site-packages/turtle_con-0.0.0-py3.8.egg-info' (and everything under it)
[13.327s] Copying ../../build/turtle_con/turtle_con.egg-info to /home/pi/arm_ws/install/turtle_con/lib/python3.8/site-packages/turtle_con-0.0.0-py3.8.egg-info
[13.339s] running install_scripts
[13.501s] Installing move_qr script to /home/pi/arm_ws/install/turtle_con/lib/turtle_con
[13.505s] Installing qr_log script to /home/pi/arm_ws/install/turtle_con/lib/turtle_con
[13.509s] Installing turtle_ros2_con script to /home/pi/arm_ws/install/turtle_con/lib/turtle_con
[13.513s] Installing with_qr script to /home/pi/arm_ws/install/turtle_con/lib/turtle_con
[13.519s] writing list of installed files to '/home/pi/arm_ws/build/turtle_con/install.log'
[13.702s] Invoked command in '/home/pi/arm_ws/src/turtle_con' returned '0': PYTHONPATH=/home/pi/arm_ws/build/turtle_con/prefix_override:/usr/lib/python3/dist-packages/colcon_core/task/python/colcon_distutils_commands:/home/pi/arm_ws/install/turtle_con/lib/python3.8/site-packages:${PYTHONPATH} /usr/bin/python3 -W ignore:setup.py install is deprecated setup.py egg_info --egg-base ../../build/turtle_con build --build-base /home/pi/arm_ws/build/turtle_con/build install --record /home/pi/arm_ws/build/turtle_con/install.log --install-scripts $base/lib/turtle_con --single-version-externally-managed install_data
