[6.275s] Invoking command in '/home/pi/arm_ws/src/turtle_con': PYTHONPATH=/home/pi/arm_ws/build/turtle_con/prefix_override:/usr/lib/python3/dist-packages/colcon_core/task/python/colcon_distutils_commands:/home/pi/arm_ws/install/turtle_con/lib/python3.8/site-packages:${PYTHONPATH} /usr/bin/python3 -W ignore:setup.py install is deprecated setup.py egg_info --egg-base ../../build/turtle_con build --build-base /home/pi/arm_ws/build/turtle_con/build install --record /home/pi/arm_ws/build/turtle_con/install.log --install-scripts $base/lib/turtle_con --single-version-externally-managed install_data
[8.674s] running egg_info
[8.676s] writing ../../build/turtle_con/turtle_con.egg-info/PKG-INFO
[8.677s] writing dependency_links to ../../build/turtle_con/turtle_con.egg-info/dependency_links.txt
[8.678s] writing entry points to ../../build/turtle_con/turtle_con.egg-info/entry_points.txt
[8.678s] writing requirements to ../../build/turtle_con/turtle_con.egg-info/requires.txt
[8.679s] writing top-level names to ../../build/turtle_con/turtle_con.egg-info/top_level.txt
[8.864s] reading manifest file '../../build/turtle_con/turtle_con.egg-info/SOURCES.txt'
[8.874s] writing manifest file '../../build/turtle_con/turtle_con.egg-info/SOURCES.txt'
[8.875s] running build
[8.876s] running build_py
[8.877s] copying turtle_con/turtle_ros2_con.py -> /home/pi/arm_ws/build/turtle_con/build/lib/turtle_con
[8.880s] running install
[8.887s] running install_lib
[8.896s] copying /home/pi/arm_ws/build/turtle_con/build/lib/turtle_con/turtle_ros2_con.py -> /home/pi/arm_ws/install/turtle_con/lib/python3.8/site-packages/turtle_con
[8.902s] byte-compiling /home/pi/arm_ws/install/turtle_con/lib/python3.8/site-packages/turtle_con/turtle_ros2_con.py to turtle_ros2_con.cpython-38.pyc
[8.920s] running install_data
[8.922s] running install_egg_info
[8.936s] removing '/home/pi/arm_ws/install/turtle_con/lib/python3.8/site-packages/turtle_con-0.0.0-py3.8.egg-info' (and everything under it)
[8.939s] Copying ../../build/turtle_con/turtle_con.egg-info to /home/pi/arm_ws/install/turtle_con/lib/python3.8/site-packages/turtle_con-0.0.0-py3.8.egg-info
[8.951s] running install_scripts
[9.105s] Installing turtle_ros2_con script to /home/pi/arm_ws/install/turtle_con/lib/turtle_con
[9.108s] writing list of installed files to '/home/pi/arm_ws/build/turtle_con/install.log'
[9.288s] Invoked command in '/home/pi/arm_ws/src/turtle_con' returned '0': PYTHONPATH=/home/pi/arm_ws/build/turtle_con/prefix_override:/usr/lib/python3/dist-packages/colcon_core/task/python/colcon_distutils_commands:/home/pi/arm_ws/install/turtle_con/lib/python3.8/site-packages:${PYTHONPATH} /usr/bin/python3 -W ignore:setup.py install is deprecated setup.py egg_info --egg-base ../../build/turtle_con build --build-base /home/pi/arm_ws/build/turtle_con/build install --record /home/pi/arm_ws/build/turtle_con/install.log --install-scripts $base/lib/turtle_con --single-version-externally-managed install_data
