[3.875s] Invoking command in '/home/kmw/trees_ws/src/launch_param_builder': CONDA_PROMPT_MODIFIER=(ros2_py310) PYTHONPATH=/home/kmw/trees_ws/build/launch_param_builder/prefix_override:/usr/lib/python3/dist-packages/colcon_core/task/python/colcon_distutils_commands:/home/kmw/trees_ws/install/launch_param_builder/lib/python3.10/site-packages:${PYTHONPATH} /usr/bin/python3 -W ignore:setup.py install is deprecated -W ignore:easy_install command is deprecated setup.py egg_info --egg-base ../../build/launch_param_builder build --build-base /home/kmw/trees_ws/build/launch_param_builder/build install --record /home/kmw/trees_ws/build/launch_param_builder/install.log --single-version-externally-managed install_data
[5.073s] /home/kmw/miniconda3/envs/ros2_py310/lib/python3.10/site-packages/setuptools/_distutils/dist.py:261: UserWarning: Unknown distribution option: 'tests_require'
[5.073s]   warnings.warn(msg)
[5.562s] running egg_info
[5.677s] writing ../../build/launch_param_builder/launch_param_builder.egg-info/PKG-INFO
[5.677s] writing dependency_links to ../../build/launch_param_builder/launch_param_builder.egg-info/dependency_links.txt
[5.680s] writing requirements to ../../build/launch_param_builder/launch_param_builder.egg-info/requires.txt
[5.687s] writing top-level names to ../../build/launch_param_builder/launch_param_builder.egg-info/top_level.txt
[5.855s] reading manifest file '../../build/launch_param_builder/launch_param_builder.egg-info/SOURCES.txt'
[5.863s] adding license file 'LICENSE'
[5.869s] writing manifest file '../../build/launch_param_builder/launch_param_builder.egg-info/SOURCES.txt'
[5.869s] running build
[5.869s] running build_py
[5.869s] copying launch_param_builder/__init__.py -> /home/kmw/trees_ws/build/launch_param_builder/build/lib/launch_param_builder
[5.870s] copying launch_param_builder/utils.py -> /home/kmw/trees_ws/build/launch_param_builder/build/lib/launch_param_builder
[5.870s] copying launch_param_builder/launch_param_builder.py -> /home/kmw/trees_ws/build/launch_param_builder/build/lib/launch_param_builder
[5.873s] running install
[5.902s] running install_lib
[5.999s] running install_data
[5.999s] copying resource/launch_param_builder -> /home/kmw/trees_ws/install/launch_param_builder/share/ament_index/resource_index/packages
[6.002s] copying example/launch_param_builder_example.launch.py -> /home/kmw/trees_ws/install/launch_param_builder/share/launch_param_builder/launch
[6.002s] copying test/data/parameters_injection.yaml -> /home/kmw/trees_ws/install/launch_param_builder/share/launch_param_builder/config
[6.002s] copying test/data/param_file_to_inject.yaml -> /home/kmw/trees_ws/install/launch_param_builder/share/launch_param_builder/config
[6.003s] copying test/data/parameters.yaml -> /home/kmw/trees_ws/install/launch_param_builder/share/launch_param_builder/config
[6.003s] copying test/data/parameter.xacro -> /home/kmw/trees_ws/install/launch_param_builder/share/launch_param_builder/config
[6.003s] copying test/data/parameter_file -> /home/kmw/trees_ws/install/launch_param_builder/share/launch_param_builder/config
[6.003s] copying package.xml -> /home/kmw/trees_ws/install/launch_param_builder/share/launch_param_builder
[6.003s] copying example/example_node.py -> /home/kmw/trees_ws/install/launch_param_builder/lib/launch_param_builder
[6.006s] running install_egg_info
[6.103s] removing '/home/kmw/trees_ws/install/launch_param_builder/lib/python3.10/site-packages/launch_param_builder-0.1.1-py3.10.egg-info' (and everything under it)
[6.104s] Copying ../../build/launch_param_builder/launch_param_builder.egg-info to /home/kmw/trees_ws/install/launch_param_builder/lib/python3.10/site-packages/launch_param_builder-0.1.1-py3.10.egg-info
[6.105s] running install_scripts
[6.666s] writing list of installed files to '/home/kmw/trees_ws/build/launch_param_builder/install.log'
[6.834s] Invoked command in '/home/kmw/trees_ws/src/launch_param_builder' returned '0': CONDA_PROMPT_MODIFIER=(ros2_py310) PYTHONPATH=/home/kmw/trees_ws/build/launch_param_builder/prefix_override:/usr/lib/python3/dist-packages/colcon_core/task/python/colcon_distutils_commands:/home/kmw/trees_ws/install/launch_param_builder/lib/python3.10/site-packages:${PYTHONPATH} /usr/bin/python3 -W ignore:setup.py install is deprecated -W ignore:easy_install command is deprecated setup.py egg_info --egg-base ../../build/launch_param_builder build --build-base /home/kmw/trees_ws/build/launch_param_builder/build install --record /home/kmw/trees_ws/build/launch_param_builder/install.log --single-version-externally-managed install_data
