[13.780s] Invoking command in '/home/pi/arm_ws/src/qr_cam': PYTHONPATH=/home/pi/arm_ws/build/qr_cam/prefix_override:/usr/lib/python3/dist-packages/colcon_core/task/python/colcon_distutils_commands:/home/pi/arm_ws/install/qr_cam/lib/python3.8/site-packages:${PYTHONPATH} /usr/bin/python3 -W ignore:setup.py install is deprecated setup.py egg_info --egg-base ../../build/qr_cam build --build-base /home/pi/arm_ws/build/qr_cam/build install --record /home/pi/arm_ws/build/qr_cam/install.log --install-scripts $base/lib/qr_cam --single-version-externally-managed install_data
[18.210s] running egg_info
[18.217s] writing ../../build/qr_cam/qr_cam.egg-info/PKG-INFO
[18.222s] writing dependency_links to ../../build/qr_cam/qr_cam.egg-info/dependency_links.txt
[18.227s] writing entry points to ../../build/qr_cam/qr_cam.egg-info/entry_points.txt
[18.231s] writing requirements to ../../build/qr_cam/qr_cam.egg-info/requires.txt
[18.235s] writing top-level names to ../../build/qr_cam/qr_cam.egg-info/top_level.txt
[18.664s] reading manifest file '../../build/qr_cam/qr_cam.egg-info/SOURCES.txt'
[18.682s] writing manifest file '../../build/qr_cam/qr_cam.egg-info/SOURCES.txt'
[18.685s] running build
[18.687s] running build_py
[18.690s] running install
[18.708s] running install_lib
[18.745s] running install_data
[18.750s] running install_egg_info
[18.782s] removing '/home/pi/arm_ws/install/qr_cam/lib/python3.8/site-packages/qr_cam-0.0.0-py3.8.egg-info' (and everything under it)
[18.795s] Copying ../../build/qr_cam/qr_cam.egg-info to /home/pi/arm_ws/install/qr_cam/lib/python3.8/site-packages/qr_cam-0.0.0-py3.8.egg-info
[18.815s] running install_scripts
[19.070s] Installing no_cam script to /home/pi/arm_ws/install/qr_cam/lib/qr_cam
[19.072s] writing list of installed files to '/home/pi/arm_ws/build/qr_cam/install.log'
[19.310s] Invoked command in '/home/pi/arm_ws/src/qr_cam' returned '0': PYTHONPATH=/home/pi/arm_ws/build/qr_cam/prefix_override:/usr/lib/python3/dist-packages/colcon_core/task/python/colcon_distutils_commands:/home/pi/arm_ws/install/qr_cam/lib/python3.8/site-packages:${PYTHONPATH} /usr/bin/python3 -W ignore:setup.py install is deprecated setup.py egg_info --egg-base ../../build/qr_cam build --build-base /home/pi/arm_ws/build/qr_cam/build install --record /home/pi/arm_ws/build/qr_cam/install.log --install-scripts $base/lib/qr_cam --single-version-externally-managed install_data
