[9.869s] Invoking command in '/home/pi/arm_ws/src/turtle_con': PYTHONPATH=/home/pi/arm_ws/build/turtle_con/prefix_override:/usr/lib/python3/dist-packages/colcon_core/task/python/colcon_distutils_commands:/home/pi/arm_ws/install/turtle_con/lib/python3.8/site-packages:${PYTHONPATH} /usr/bin/python3 -W ignore:setup.py install is deprecated setup.py egg_info --egg-base ../../build/turtle_con build --build-base /home/pi/arm_ws/build/turtle_con/build install --record /home/pi/arm_ws/build/turtle_con/install.log --install-scripts $base/lib/turtle_con --single-version-externally-managed install_data
[12.783s] running egg_info
[12.788s] writing ../../build/turtle_con/turtle_con.egg-info/PKG-INFO
[12.790s] writing dependency_links to ../../build/turtle_con/turtle_con.egg-info/dependency_links.txt
[12.793s] writing entry points to ../../build/turtle_con/turtle_con.egg-info/entry_points.txt
[12.795s] writing requirements to ../../build/turtle_con/turtle_con.egg-info/requires.txt
[12.796s] writing top-level names to ../../build/turtle_con/turtle_con.egg-info/top_level.txt
[13.262s] reading manifest file '../../build/turtle_con/turtle_con.egg-info/SOURCES.txt'
[13.279s] writing manifest file '../../build/turtle_con/turtle_con.egg-info/SOURCES.txt'
[13.285s] running build
[13.286s] running build_py
[13.290s] copying turtle_con/move_qr.py -> /home/pi/arm_ws/build/turtle_con/build/lib/turtle_con
[13.294s] running install
[13.300s] running install_lib
[13.311s] copying /home/pi/arm_ws/build/turtle_con/build/lib/turtle_con/move_qr.py -> /home/pi/arm_ws/install/turtle_con/lib/python3.8/site-packages/turtle_con
[13.318s] byte-compiling /home/pi/arm_ws/install/turtle_con/lib/python3.8/site-packages/turtle_con/move_qr.py to move_qr.cpython-38.pyc
[13.341s] running install_data
[13.343s] running install_egg_info
[13.358s] removing '/home/pi/arm_ws/install/turtle_con/lib/python3.8/site-packages/turtle_con-0.0.0-py3.8.egg-info' (and everything under it)
[13.362s] Copying ../../build/turtle_con/turtle_con.egg-info to /home/pi/arm_ws/install/turtle_con/lib/python3.8/site-packages/turtle_con-0.0.0-py3.8.egg-info
[13.375s] running install_scripts
[13.568s] Installing move_qr script to /home/pi/arm_ws/install/turtle_con/lib/turtle_con
[13.577s] Installing qr_log script to /home/pi/arm_ws/install/turtle_con/lib/turtle_con
[13.580s] Installing turtle_ros2_con script to /home/pi/arm_ws/install/turtle_con/lib/turtle_con
[13.584s] Installing with_qr script to /home/pi/arm_ws/install/turtle_con/lib/turtle_con
[13.590s] writing list of installed files to '/home/pi/arm_ws/build/turtle_con/install.log'
[13.821s] Invoked command in '/home/pi/arm_ws/src/turtle_con' returned '0': PYTHONPATH=/home/pi/arm_ws/build/turtle_con/prefix_override:/usr/lib/python3/dist-packages/colcon_core/task/python/colcon_distutils_commands:/home/pi/arm_ws/install/turtle_con/lib/python3.8/site-packages:${PYTHONPATH} /usr/bin/python3 -W ignore:setup.py install is deprecated setup.py egg_info --egg-base ../../build/turtle_con build --build-base /home/pi/arm_ws/build/turtle_con/build install --record /home/pi/arm_ws/build/turtle_con/install.log --install-scripts $base/lib/turtle_con --single-version-externally-managed install_data
