[9.237s] Invoking command in '/home/pi/arm_ws/src/turtle_con': PYTHONPATH=/home/pi/arm_ws/build/turtle_con/prefix_override:/usr/lib/python3/dist-packages/colcon_core/task/python/colcon_distutils_commands:/home/pi/arm_ws/install/turtle_con/lib/python3.8/site-packages:${PYTHONPATH} /usr/bin/python3 -W ignore:setup.py install is deprecated setup.py egg_info --egg-base ../../build/turtle_con build --build-base /home/pi/arm_ws/build/turtle_con/build install --record /home/pi/arm_ws/build/turtle_con/install.log --install-scripts $base/lib/turtle_con --single-version-externally-managed install_data
[11.710s] running egg_info
[11.716s] writing ../../build/turtle_con/turtle_con.egg-info/PKG-INFO
[11.719s] writing dependency_links to ../../build/turtle_con/turtle_con.egg-info/dependency_links.txt
[11.721s] writing entry points to ../../build/turtle_con/turtle_con.egg-info/entry_points.txt
[11.723s] writing requirements to ../../build/turtle_con/turtle_con.egg-info/requires.txt
[11.724s] writing top-level names to ../../build/turtle_con/turtle_con.egg-info/top_level.txt
[11.917s] reading manifest file '../../build/turtle_con/turtle_con.egg-info/SOURCES.txt'
[11.927s] writing manifest file '../../build/turtle_con/turtle_con.egg-info/SOURCES.txt'
[11.929s] running build
[11.930s] running build_py
[11.937s] running install
[11.944s] running install_lib
[11.963s] running install_data
[11.967s] running install_egg_info
[11.982s] removing '/home/pi/arm_ws/install/turtle_con/lib/python3.8/site-packages/turtle_con-0.0.0-py3.8.egg-info' (and everything under it)
[11.987s] Copying ../../build/turtle_con/turtle_con.egg-info to /home/pi/arm_ws/install/turtle_con/lib/python3.8/site-packages/turtle_con-0.0.0-py3.8.egg-info
[12.000s] running install_scripts
[12.173s] Installing move_qr script to /home/pi/arm_ws/install/turtle_con/lib/turtle_con
[12.177s] Installing qr_log script to /home/pi/arm_ws/install/turtle_con/lib/turtle_con
[12.180s] Installing turtle_ros2_con script to /home/pi/arm_ws/install/turtle_con/lib/turtle_con
[12.183s] Installing with_qr script to /home/pi/arm_ws/install/turtle_con/lib/turtle_con
[12.189s] writing list of installed files to '/home/pi/arm_ws/build/turtle_con/install.log'
[12.486s] Invoked command in '/home/pi/arm_ws/src/turtle_con' returned '0': PYTHONPATH=/home/pi/arm_ws/build/turtle_con/prefix_override:/usr/lib/python3/dist-packages/colcon_core/task/python/colcon_distutils_commands:/home/pi/arm_ws/install/turtle_con/lib/python3.8/site-packages:${PYTHONPATH} /usr/bin/python3 -W ignore:setup.py install is deprecated setup.py egg_info --egg-base ../../build/turtle_con build --build-base /home/pi/arm_ws/build/turtle_con/build install --record /home/pi/arm_ws/build/turtle_con/install.log --install-scripts $base/lib/turtle_con --single-version-externally-managed install_data
