[9.865s] Invoking command in '/home/pi/arm_ws/src/turtle_con': PYTHONPATH=/home/pi/arm_ws/build/turtle_con/prefix_override:/usr/lib/python3/dist-packages/colcon_core/task/python/colcon_distutils_commands:/home/pi/arm_ws/install/turtle_con/lib/python3.8/site-packages:${PYTHONPATH} /usr/bin/python3 -W ignore:setup.py install is deprecated setup.py egg_info --egg-base ../../build/turtle_con build --build-base /home/pi/arm_ws/build/turtle_con/build install --record /home/pi/arm_ws/build/turtle_con/install.log --install-scripts $base/lib/turtle_con --single-version-externally-managed install_data
[12.447s] running egg_info
[12.453s] writing ../../build/turtle_con/turtle_con.egg-info/PKG-INFO
[12.455s] writing dependency_links to ../../build/turtle_con/turtle_con.egg-info/dependency_links.txt
[12.457s] writing entry points to ../../build/turtle_con/turtle_con.egg-info/entry_points.txt
[12.460s] writing requirements to ../../build/turtle_con/turtle_con.egg-info/requires.txt
[12.461s] writing top-level names to ../../build/turtle_con/turtle_con.egg-info/top_level.txt
[12.828s] reading manifest file '../../build/turtle_con/turtle_con.egg-info/SOURCES.txt'
[12.837s] writing manifest file '../../build/turtle_con/turtle_con.egg-info/SOURCES.txt'
[12.839s] running build
[12.840s] running build_py
[12.841s] copying turtle_con/with_qr.py -> /home/pi/arm_ws/build/turtle_con/build/lib/turtle_con
[12.845s] running install
[12.852s] running install_lib
[12.863s] copying /home/pi/arm_ws/build/turtle_con/build/lib/turtle_con/with_qr.py -> /home/pi/arm_ws/install/turtle_con/lib/python3.8/site-packages/turtle_con
[12.870s] byte-compiling /home/pi/arm_ws/install/turtle_con/lib/python3.8/site-packages/turtle_con/with_qr.py to with_qr.cpython-38.pyc
[12.896s] running install_data
[12.897s] running install_egg_info
[12.915s] removing '/home/pi/arm_ws/install/turtle_con/lib/python3.8/site-packages/turtle_con-0.0.0-py3.8.egg-info' (and everything under it)
[12.919s] Copying ../../build/turtle_con/turtle_con.egg-info to /home/pi/arm_ws/install/turtle_con/lib/python3.8/site-packages/turtle_con-0.0.0-py3.8.egg-info
[12.932s] running install_scripts
[13.129s] Installing turtle_ros2_con script to /home/pi/arm_ws/install/turtle_con/lib/turtle_con
[13.132s] Installing with_qr script to /home/pi/arm_ws/install/turtle_con/lib/turtle_con
[13.136s] writing list of installed files to '/home/pi/arm_ws/build/turtle_con/install.log'
[13.381s] Invoked command in '/home/pi/arm_ws/src/turtle_con' returned '0': PYTHONPATH=/home/pi/arm_ws/build/turtle_con/prefix_override:/usr/lib/python3/dist-packages/colcon_core/task/python/colcon_distutils_commands:/home/pi/arm_ws/install/turtle_con/lib/python3.8/site-packages:${PYTHONPATH} /usr/bin/python3 -W ignore:setup.py install is deprecated setup.py egg_info --egg-base ../../build/turtle_con build --build-base /home/pi/arm_ws/build/turtle_con/build install --record /home/pi/arm_ws/build/turtle_con/install.log --install-scripts $base/lib/turtle_con --single-version-externally-managed install_data
