[0.118s] DEBUG:colcon:Command line arguments: ['/usr/bin/colcon', 'build']
[0.118s] DEBUG:colcon:Parsed command line arguments: Namespace(log_base=None, log_level=None, verb_name='build', build_base='build', install_base='install', merge_install=False, symlink_install=False, test_result_base=None, continue_on_error=False, executor='parallel', parallel_workers=8, event_handlers=None, ignore_user_meta=False, metas=['./colcon.meta'], base_paths=['.'], packages_ignore=None, packages_ignore_regex=None, paths=None, packages_up_to=None, packages_up_to_regex=None, packages_above=None, packages_above_and_dependencies=None, packages_above_depth=None, packages_select_by_dep=None, packages_skip_by_dep=None, packages_skip_up_to=None, packages_select_build_failed=False, packages_skip_build_finished=False, packages_select_test_failures=False, packages_skip_test_passed=False, packages_select=None, packages_skip=None, packages_select_regex=None, packages_skip_regex=None, packages_start=None, packages_end=None, allow_overriding=[], cmake_args=None, cmake_target=None, cmake_target_skip_unavailable=False, cmake_clean_cache=False, cmake_clean_first=False, cmake_force_configure=False, ament_cmake_args=None, catkin_cmake_args=None, catkin_skip_building_tests=False, mixin_files=None, mixin=None, verb_parser=<colcon_mixin.mixin.mixin_argument.MixinArgumentDecorator object at 0x709e3f536e90>, verb_extension=<colcon_core.verb.build.BuildVerb object at 0x709e3f617a90>, main=<bound method BuildVerb.main of <colcon_core.verb.build.BuildVerb object at 0x709e3f617a90>>, mixin_verb=('build',))
[0.291s] Level 1:colcon.colcon_core.package_discovery:discover_packages(colcon_meta) check parameters
[0.291s] Level 1:colcon.colcon_core.package_discovery:discover_packages(recursive) check parameters
[0.291s] Level 1:colcon.colcon_core.package_discovery:discover_packages(ignore) check parameters
[0.291s] Level 1:colcon.colcon_core.package_discovery:discover_packages(path) check parameters
[0.291s] Level 1:colcon.colcon_core.package_discovery:discover_packages(colcon_meta) discover
[0.291s] Level 1:colcon.colcon_core.package_discovery:discover_packages(recursive) discover
[0.291s] INFO:colcon.colcon_core.package_discovery:Crawling recursively for packages in '/home/kmw/cam_ws'
[0.291s] Level 1:colcon.colcon_core.package_identification:_identify(.) by extensions ['ignore', 'ignore_ament_install']
[0.291s] Level 1:colcon.colcon_core.package_identification:_identify(.) by extension 'ignore'
[0.291s] Level 1:colcon.colcon_core.package_identification:_identify(.) by extension 'ignore_ament_install'
[0.291s] Level 1:colcon.colcon_core.package_identification:_identify(.) by extensions ['colcon_pkg']
[0.291s] Level 1:colcon.colcon_core.package_identification:_identify(.) by extension 'colcon_pkg'
[0.292s] Level 1:colcon.colcon_core.package_identification:_identify(.) by extensions ['colcon_meta']
[0.292s] Level 1:colcon.colcon_core.package_identification:_identify(.) by extension 'colcon_meta'
[0.292s] Level 1:colcon.colcon_core.package_identification:_identify(.) by extensions ['ros']
[0.292s] Level 1:colcon.colcon_core.package_identification:_identify(.) by extension 'ros'
[0.302s] Level 1:colcon.colcon_core.package_identification:_identify(.) by extensions ['cmake', 'python']
[0.302s] Level 1:colcon.colcon_core.package_identification:_identify(.) by extension 'cmake'
[0.303s] Level 1:colcon.colcon_core.package_identification:_identify(.) by extension 'python'
[0.303s] Level 1:colcon.colcon_core.package_identification:_identify(.) by extensions ['python_setup_py']
[0.303s] Level 1:colcon.colcon_core.package_identification:_identify(.) by extension 'python_setup_py'
[0.303s] Level 1:colcon.colcon_core.package_identification:_identify(build) by extensions ['ignore', 'ignore_ament_install']
[0.303s] Level 1:colcon.colcon_core.package_identification:_identify(build) by extension 'ignore'
[0.303s] Level 1:colcon.colcon_core.package_identification:_identify(build) ignored
[0.303s] Level 1:colcon.colcon_core.package_identification:_identify(install) by extensions ['ignore', 'ignore_ament_install']
[0.303s] Level 1:colcon.colcon_core.package_identification:_identify(install) by extension 'ignore'
[0.303s] Level 1:colcon.colcon_core.package_identification:_identify(install) ignored
[0.303s] Level 1:colcon.colcon_core.package_identification:_identify(log) by extensions ['ignore', 'ignore_ament_install']
[0.303s] Level 1:colcon.colcon_core.package_identification:_identify(log) by extension 'ignore'
[0.303s] Level 1:colcon.colcon_core.package_identification:_identify(log) ignored
[0.304s] Level 1:colcon.colcon_core.package_identification:_identify(src) by extensions ['ignore', 'ignore_ament_install']
[0.304s] Level 1:colcon.colcon_core.package_identification:_identify(src) by extension 'ignore'
[0.304s] Level 1:colcon.colcon_core.package_identification:_identify(src) by extension 'ignore_ament_install'
[0.304s] Level 1:colcon.colcon_core.package_identification:_identify(src) by extensions ['colcon_pkg']
[0.304s] Level 1:colcon.colcon_core.package_identification:_identify(src) by extension 'colcon_pkg'
[0.304s] Level 1:colcon.colcon_core.package_identification:_identify(src) by extensions ['colcon_meta']
[0.304s] Level 1:colcon.colcon_core.package_identification:_identify(src) by extension 'colcon_meta'
[0.304s] Level 1:colcon.colcon_core.package_identification:_identify(src) by extensions ['ros']
[0.304s] Level 1:colcon.colcon_core.package_identification:_identify(src) by extension 'ros'
[0.304s] Level 1:colcon.colcon_core.package_identification:_identify(src) by extensions ['cmake', 'python']
[0.304s] Level 1:colcon.colcon_core.package_identification:_identify(src) by extension 'cmake'
[0.304s] Level 1:colcon.colcon_core.package_identification:_identify(src) by extension 'python'
[0.304s] Level 1:colcon.colcon_core.package_identification:_identify(src) by extensions ['python_setup_py']
[0.304s] Level 1:colcon.colcon_core.package_identification:_identify(src) by extension 'python_setup_py'
[0.304s] Level 1:colcon.colcon_core.package_identification:_identify(src/laserscan_to_pointcloud) by extensions ['ignore', 'ignore_ament_install']
[0.304s] Level 1:colcon.colcon_core.package_identification:_identify(src/laserscan_to_pointcloud) by extension 'ignore'
[0.304s] Level 1:colcon.colcon_core.package_identification:_identify(src/laserscan_to_pointcloud) by extension 'ignore_ament_install'
[0.304s] Level 1:colcon.colcon_core.package_identification:_identify(src/laserscan_to_pointcloud) by extensions ['colcon_pkg']
[0.305s] Level 1:colcon.colcon_core.package_identification:_identify(src/laserscan_to_pointcloud) by extension 'colcon_pkg'
[0.305s] Level 1:colcon.colcon_core.package_identification:_identify(src/laserscan_to_pointcloud) by extensions ['colcon_meta']
[0.305s] Level 1:colcon.colcon_core.package_identification:_identify(src/laserscan_to_pointcloud) by extension 'colcon_meta'
[0.305s] Level 1:colcon.colcon_core.package_identification:_identify(src/laserscan_to_pointcloud) by extensions ['ros']
[0.305s] Level 1:colcon.colcon_core.package_identification:_identify(src/laserscan_to_pointcloud) by extension 'ros'
[0.307s] DEBUG:colcon.colcon_core.package_identification:Package 'src/laserscan_to_pointcloud' with type 'ros.ament_cmake' and name 'laserscan_to_pointcloud'
[0.307s] Level 1:colcon.colcon_core.package_identification:_identify(src/projection) by extensions ['ignore', 'ignore_ament_install']
[0.308s] Level 1:colcon.colcon_core.package_identification:_identify(src/projection) by extension 'ignore'
[0.308s] Level 1:colcon.colcon_core.package_identification:_identify(src/projection) by extension 'ignore_ament_install'
[0.308s] Level 1:colcon.colcon_core.package_identification:_identify(src/projection) by extensions ['colcon_pkg']
[0.308s] Level 1:colcon.colcon_core.package_identification:_identify(src/projection) by extension 'colcon_pkg'
[0.308s] Level 1:colcon.colcon_core.package_identification:_identify(src/projection) by extensions ['colcon_meta']
[0.308s] Level 1:colcon.colcon_core.package_identification:_identify(src/projection) by extension 'colcon_meta'
[0.308s] Level 1:colcon.colcon_core.package_identification:_identify(src/projection) by extensions ['ros']
[0.308s] Level 1:colcon.colcon_core.package_identification:_identify(src/projection) by extension 'ros'
[0.309s] DEBUG:colcon.colcon_core.package_identification:Package 'src/projection' with type 'ros.ament_python' and name 'projection'
[0.309s] Level 1:colcon.colcon_core.package_identification:_identify(src/ros2_cv_cam) by extensions ['ignore', 'ignore_ament_install']
[0.309s] Level 1:colcon.colcon_core.package_identification:_identify(src/ros2_cv_cam) by extension 'ignore'
[0.309s] Level 1:colcon.colcon_core.package_identification:_identify(src/ros2_cv_cam) by extension 'ignore_ament_install'
[0.309s] Level 1:colcon.colcon_core.package_identification:_identify(src/ros2_cv_cam) by extensions ['colcon_pkg']
[0.309s] Level 1:colcon.colcon_core.package_identification:_identify(src/ros2_cv_cam) by extension 'colcon_pkg'
[0.309s] Level 1:colcon.colcon_core.package_identification:_identify(src/ros2_cv_cam) by extensions ['colcon_meta']
[0.309s] Level 1:colcon.colcon_core.package_identification:_identify(src/ros2_cv_cam) by extension 'colcon_meta'
[0.309s] Level 1:colcon.colcon_core.package_identification:_identify(src/ros2_cv_cam) by extensions ['ros']
[0.309s] Level 1:colcon.colcon_core.package_identification:_identify(src/ros2_cv_cam) by extension 'ros'
[0.310s] DEBUG:colcon.colcon_core.package_identification:Package 'src/ros2_cv_cam' with type 'ros.ament_python' and name 'ros2_cv_cam'
[0.310s] Level 1:colcon.colcon_core.package_discovery:discover_packages(recursive) using defaults
[0.310s] Level 1:colcon.colcon_core.package_discovery:discover_packages(ignore) discover
[0.310s] Level 1:colcon.colcon_core.package_discovery:discover_packages(ignore) using defaults
[0.310s] Level 1:colcon.colcon_core.package_discovery:discover_packages(path) discover
[0.310s] Level 1:colcon.colcon_core.package_discovery:discover_packages(path) using defaults
[0.342s] Level 1:colcon.colcon_core.package_discovery:discover_packages(prefix_path) check parameters
[0.342s] Level 1:colcon.colcon_core.package_discovery:discover_packages(prefix_path) discover
[0.343s] DEBUG:colcon.colcon_installed_package_information.package_discovery:Found 3 installed packages in /home/kmw/cam_ws/install
[0.344s] DEBUG:colcon.colcon_installed_package_information.package_discovery:Found 270 installed packages in /opt/ros/humble
[0.346s] Level 1:colcon.colcon_core.package_discovery:discover_packages(prefix_path) using defaults
[0.384s] Level 5:colcon.colcon_core.verb:set package 'laserscan_to_pointcloud' build argument 'cmake_args' from command line to 'None'
[0.384s] Level 5:colcon.colcon_core.verb:set package 'laserscan_to_pointcloud' build argument 'cmake_target' from command line to 'None'
[0.384s] Level 5:colcon.colcon_core.verb:set package 'laserscan_to_pointcloud' build argument 'cmake_target_skip_unavailable' from command line to 'False'
[0.384s] Level 5:colcon.colcon_core.verb:set package 'laserscan_to_pointcloud' build argument 'cmake_clean_cache' from command line to 'False'
[0.384s] Level 5:colcon.colcon_core.verb:set package 'laserscan_to_pointcloud' build argument 'cmake_clean_first' from command line to 'False'
[0.384s] Level 5:colcon.colcon_core.verb:set package 'laserscan_to_pointcloud' build argument 'cmake_force_configure' from command line to 'False'
[0.384s] Level 5:colcon.colcon_core.verb:set package 'laserscan_to_pointcloud' build argument 'ament_cmake_args' from command line to 'None'
[0.384s] Level 5:colcon.colcon_core.verb:set package 'laserscan_to_pointcloud' build argument 'catkin_cmake_args' from command line to 'None'
[0.384s] Level 5:colcon.colcon_core.verb:set package 'laserscan_to_pointcloud' build argument 'catkin_skip_building_tests' from command line to 'False'
[0.385s] DEBUG:colcon.colcon_core.verb:Building package 'laserscan_to_pointcloud' with the following arguments: {'ament_cmake_args': None, 'build_base': '/home/kmw/cam_ws/build/laserscan_to_pointcloud', 'catkin_cmake_args': None, 'catkin_skip_building_tests': False, 'cmake_args': None, 'cmake_clean_cache': False, 'cmake_clean_first': False, 'cmake_force_configure': False, 'cmake_target': None, 'cmake_target_skip_unavailable': False, 'install_base': '/home/kmw/cam_ws/install/laserscan_to_pointcloud', 'merge_install': False, 'path': '/home/kmw/cam_ws/src/laserscan_to_pointcloud', 'symlink_install': False, 'test_result_base': None}
[0.385s] Level 5:colcon.colcon_core.verb:set package 'projection' build argument 'cmake_args' from command line to 'None'
[0.385s] Level 5:colcon.colcon_core.verb:set package 'projection' build argument 'cmake_target' from command line to 'None'
[0.385s] Level 5:colcon.colcon_core.verb:set package 'projection' build argument 'cmake_target_skip_unavailable' from command line to 'False'
[0.385s] Level 5:colcon.colcon_core.verb:set package 'projection' build argument 'cmake_clean_cache' from command line to 'False'
[0.385s] Level 5:colcon.colcon_core.verb:set package 'projection' build argument 'cmake_clean_first' from command line to 'False'
[0.385s] Level 5:colcon.colcon_core.verb:set package 'projection' build argument 'cmake_force_configure' from command line to 'False'
[0.385s] Level 5:colcon.colcon_core.verb:set package 'projection' build argument 'ament_cmake_args' from command line to 'None'
[0.385s] Level 5:colcon.colcon_core.verb:set package 'projection' build argument 'catkin_cmake_args' from command line to 'None'
[0.385s] Level 5:colcon.colcon_core.verb:set package 'projection' build argument 'catkin_skip_building_tests' from command line to 'False'
[0.385s] DEBUG:colcon.colcon_core.verb:Building package 'projection' with the following arguments: {'ament_cmake_args': None, 'build_base': '/home/kmw/cam_ws/build/projection', 'catkin_cmake_args': None, 'catkin_skip_building_tests': False, 'cmake_args': None, 'cmake_clean_cache': False, 'cmake_clean_first': False, 'cmake_force_configure': False, 'cmake_target': None, 'cmake_target_skip_unavailable': False, 'install_base': '/home/kmw/cam_ws/install/projection', 'merge_install': False, 'path': '/home/kmw/cam_ws/src/projection', 'symlink_install': False, 'test_result_base': None}
[0.385s] Level 5:colcon.colcon_core.verb:set package 'ros2_cv_cam' build argument 'cmake_args' from command line to 'None'
[0.386s] Level 5:colcon.colcon_core.verb:set package 'ros2_cv_cam' build argument 'cmake_target' from command line to 'None'
[0.386s] Level 5:colcon.colcon_core.verb:set package 'ros2_cv_cam' build argument 'cmake_target_skip_unavailable' from command line to 'False'
[0.386s] Level 5:colcon.colcon_core.verb:set package 'ros2_cv_cam' build argument 'cmake_clean_cache' from command line to 'False'
[0.386s] Level 5:colcon.colcon_core.verb:set package 'ros2_cv_cam' build argument 'cmake_clean_first' from command line to 'False'
[0.386s] Level 5:colcon.colcon_core.verb:set package 'ros2_cv_cam' build argument 'cmake_force_configure' from command line to 'False'
[0.386s] Level 5:colcon.colcon_core.verb:set package 'ros2_cv_cam' build argument 'ament_cmake_args' from command line to 'None'
[0.386s] Level 5:colcon.colcon_core.verb:set package 'ros2_cv_cam' build argument 'catkin_cmake_args' from command line to 'None'
[0.386s] Level 5:colcon.colcon_core.verb:set package 'ros2_cv_cam' build argument 'catkin_skip_building_tests' from command line to 'False'
[0.386s] DEBUG:colcon.colcon_core.verb:Building package 'ros2_cv_cam' with the following arguments: {'ament_cmake_args': None, 'build_base': '/home/kmw/cam_ws/build/ros2_cv_cam', 'catkin_cmake_args': None, 'catkin_skip_building_tests': False, 'cmake_args': None, 'cmake_clean_cache': False, 'cmake_clean_first': False, 'cmake_force_configure': False, 'cmake_target': None, 'cmake_target_skip_unavailable': False, 'install_base': '/home/kmw/cam_ws/install/ros2_cv_cam', 'merge_install': False, 'path': '/home/kmw/cam_ws/src/ros2_cv_cam', 'symlink_install': False, 'test_result_base': None}
[0.386s] INFO:colcon.colcon_core.executor:Executing jobs using 'parallel' executor
[0.387s] DEBUG:colcon.colcon_parallel_executor.executor.parallel:run_until_complete
[0.387s] INFO:colcon.colcon_ros.task.ament_cmake.build:Building ROS package in '/home/kmw/cam_ws/src/laserscan_to_pointcloud' with build type 'ament_cmake'
[0.387s] INFO:colcon.colcon_cmake.task.cmake.build:Building CMake package in '/home/kmw/cam_ws/src/laserscan_to_pointcloud'
[0.389s] INFO:colcon.colcon_core.plugin_system:Skipping extension 'colcon_core.shell.bat': Not used on non-Windows systems
[0.389s] INFO:colcon.colcon_core.shell:Skip shell extension 'powershell' for command environment: Not usable outside of PowerShell
[0.389s] DEBUG:colcon.colcon_core.shell:Skip shell extension 'dsv' for command environment
[0.393s] INFO:colcon.colcon_ros.task.ament_python.build:Building ROS package in '/home/kmw/cam_ws/src/projection' with build type 'ament_python'
[0.393s] Level 1:colcon.colcon_core.shell:create_environment_hook('projection', 'ament_prefix_path')
[0.393s] INFO:colcon.colcon_core.shell:Creating environment hook '/home/kmw/cam_ws/install/projection/share/projection/hook/ament_prefix_path.ps1'
[0.394s] INFO:colcon.colcon_core.shell:Creating environment descriptor '/home/kmw/cam_ws/install/projection/share/projection/hook/ament_prefix_path.dsv'
[0.395s] INFO:colcon.colcon_core.shell:Creating environment hook '/home/kmw/cam_ws/install/projection/share/projection/hook/ament_prefix_path.sh'
[0.395s] INFO:colcon.colcon_core.shell:Skip shell extension 'powershell' for command environment: Not usable outside of PowerShell
[0.395s] DEBUG:colcon.colcon_core.shell:Skip shell extension 'dsv' for command environment
[0.398s] INFO:colcon.colcon_ros.task.ament_python.build:Building ROS package in '/home/kmw/cam_ws/src/ros2_cv_cam' with build type 'ament_python'
[0.398s] Level 1:colcon.colcon_core.shell:create_environment_hook('ros2_cv_cam', 'ament_prefix_path')
[0.399s] INFO:colcon.colcon_core.shell:Creating environment hook '/home/kmw/cam_ws/install/ros2_cv_cam/share/ros2_cv_cam/hook/ament_prefix_path.ps1'
[0.399s] INFO:colcon.colcon_core.shell:Creating environment descriptor '/home/kmw/cam_ws/install/ros2_cv_cam/share/ros2_cv_cam/hook/ament_prefix_path.dsv'
[0.400s] INFO:colcon.colcon_core.shell:Creating environment hook '/home/kmw/cam_ws/install/ros2_cv_cam/share/ros2_cv_cam/hook/ament_prefix_path.sh'
[0.400s] INFO:colcon.colcon_core.shell:Skip shell extension 'powershell' for command environment: Not usable outside of PowerShell
[0.400s] DEBUG:colcon.colcon_core.shell:Skip shell extension 'dsv' for command environment
[0.411s] DEBUG:colcon.colcon_core.event_handler.log_command:Invoking command in '/home/kmw/cam_ws/build/laserscan_to_pointcloud': CMAKE_PREFIX_PATH=${CMAKE_PREFIX_PATH}:/home/kmw/cam_ws/install/ros2_cv_cam:/home/kmw/cam_ws/install/projection:/opt/ros/humble CONDA_PROMPT_MODIFIER=(ros2_py310) /usr/bin/cmake --build /home/kmw/cam_ws/build/laserscan_to_pointcloud -- -j8 -l8
[0.702s] INFO:colcon.colcon_core.task.python.build:Building Python package in '/home/kmw/cam_ws/src/projection'
[0.703s] INFO:colcon.colcon_core.shell:Skip shell extension 'powershell' for command environment: Not usable outside of PowerShell
[0.703s] DEBUG:colcon.colcon_core.shell:Skip shell extension 'dsv' for command environment
[0.708s] DEBUG:colcon.colcon_core.event_handler.log_command:Invoked command in '/home/kmw/cam_ws/build/laserscan_to_pointcloud' returned '0': CMAKE_PREFIX_PATH=${CMAKE_PREFIX_PATH}:/home/kmw/cam_ws/install/ros2_cv_cam:/home/kmw/cam_ws/install/projection:/opt/ros/humble CONDA_PROMPT_MODIFIER=(ros2_py310) /usr/bin/cmake --build /home/kmw/cam_ws/build/laserscan_to_pointcloud -- -j8 -l8
[0.976s] INFO:colcon.colcon_core.task.python.build:Building Python package in '/home/kmw/cam_ws/src/ros2_cv_cam'
[0.976s] INFO:colcon.colcon_core.shell:Skip shell extension 'powershell' for command environment: Not usable outside of PowerShell
[0.976s] DEBUG:colcon.colcon_core.shell:Skip shell extension 'dsv' for command environment
[0.994s] DEBUG:colcon.colcon_core.event_handler.log_command:Invoking command in '/home/kmw/cam_ws/build/laserscan_to_pointcloud': CMAKE_PREFIX_PATH=${CMAKE_PREFIX_PATH}:/home/kmw/cam_ws/install/ros2_cv_cam:/home/kmw/cam_ws/install/projection:/opt/ros/humble CONDA_PROMPT_MODIFIER=(ros2_py310) /usr/bin/cmake --install /home/kmw/cam_ws/build/laserscan_to_pointcloud
[1.004s] Level 1:colcon.colcon_core.environment:create_environment_scripts_only(laserscan_to_pointcloud)
[1.005s] DEBUG:colcon.colcon_core.event_handler.log_command:Invoked command in '/home/kmw/cam_ws/build/laserscan_to_pointcloud' returned '0': CMAKE_PREFIX_PATH=${CMAKE_PREFIX_PATH}:/home/kmw/cam_ws/install/ros2_cv_cam:/home/kmw/cam_ws/install/projection:/opt/ros/humble CONDA_PROMPT_MODIFIER=(ros2_py310) /usr/bin/cmake --install /home/kmw/cam_ws/build/laserscan_to_pointcloud
[1.007s] Level 1:colcon.colcon_core.environment:checking '/home/kmw/cam_ws/install/laserscan_to_pointcloud' for CMake module files
[1.007s] Level 1:colcon.colcon_core.environment:checking '/home/kmw/cam_ws/install/laserscan_to_pointcloud' for CMake config files
[1.007s] Level 1:colcon.colcon_core.shell:create_environment_hook('laserscan_to_pointcloud', 'cmake_prefix_path')
[1.008s] INFO:colcon.colcon_core.shell:Creating environment hook '/home/kmw/cam_ws/install/laserscan_to_pointcloud/share/laserscan_to_pointcloud/hook/cmake_prefix_path.ps1'
[1.008s] INFO:colcon.colcon_core.shell:Creating environment descriptor '/home/kmw/cam_ws/install/laserscan_to_pointcloud/share/laserscan_to_pointcloud/hook/cmake_prefix_path.dsv'
[1.008s] INFO:colcon.colcon_core.shell:Creating environment hook '/home/kmw/cam_ws/install/laserscan_to_pointcloud/share/laserscan_to_pointcloud/hook/cmake_prefix_path.sh'
[1.009s] Level 1:colcon.colcon_core.environment:checking '/home/kmw/cam_ws/install/laserscan_to_pointcloud/lib'
[1.009s] Level 1:colcon.colcon_core.environment:checking '/home/kmw/cam_ws/install/laserscan_to_pointcloud/bin'
[1.009s] Level 1:colcon.colcon_core.environment:checking '/home/kmw/cam_ws/install/laserscan_to_pointcloud/lib/pkgconfig/laserscan_to_pointcloud.pc'
[1.010s] Level 1:colcon.colcon_core.environment:checking '/home/kmw/cam_ws/install/laserscan_to_pointcloud/lib/python3.10/site-packages'
[1.010s] Level 1:colcon.colcon_core.environment:checking '/home/kmw/cam_ws/install/laserscan_to_pointcloud/bin'
[1.010s] INFO:colcon.colcon_core.shell:Creating package script '/home/kmw/cam_ws/install/laserscan_to_pointcloud/share/laserscan_to_pointcloud/package.ps1'
[1.011s] INFO:colcon.colcon_core.shell:Creating package descriptor '/home/kmw/cam_ws/install/laserscan_to_pointcloud/share/laserscan_to_pointcloud/package.dsv'
[1.012s] INFO:colcon.colcon_core.shell:Creating package script '/home/kmw/cam_ws/install/laserscan_to_pointcloud/share/laserscan_to_pointcloud/package.sh'
[1.012s] INFO:colcon.colcon_core.shell:Creating package script '/home/kmw/cam_ws/install/laserscan_to_pointcloud/share/laserscan_to_pointcloud/package.bash'
[1.013s] INFO:colcon.colcon_core.shell:Creating package script '/home/kmw/cam_ws/install/laserscan_to_pointcloud/share/laserscan_to_pointcloud/package.zsh'
[1.014s] Level 1:colcon.colcon_core.environment:create_file_with_runtime_dependencies(/home/kmw/cam_ws/install/laserscan_to_pointcloud/share/colcon-core/packages/laserscan_to_pointcloud)
[1.042s] Level 1:colcon.colcon_core.environment:create_environment_scripts_only(laserscan_to_pointcloud)
[1.043s] Level 1:colcon.colcon_core.environment:checking '/home/kmw/cam_ws/install/laserscan_to_pointcloud' for CMake module files
[1.043s] Level 1:colcon.colcon_core.environment:checking '/home/kmw/cam_ws/install/laserscan_to_pointcloud' for CMake config files
[1.044s] Level 1:colcon.colcon_core.shell:create_environment_hook('laserscan_to_pointcloud', 'cmake_prefix_path')
[1.044s] INFO:colcon.colcon_core.shell:Creating environment hook '/home/kmw/cam_ws/install/laserscan_to_pointcloud/share/laserscan_to_pointcloud/hook/cmake_prefix_path.ps1'
[1.045s] INFO:colcon.colcon_core.shell:Creating environment descriptor '/home/kmw/cam_ws/install/laserscan_to_pointcloud/share/laserscan_to_pointcloud/hook/cmake_prefix_path.dsv'
[1.045s] INFO:colcon.colcon_core.shell:Creating environment hook '/home/kmw/cam_ws/install/laserscan_to_pointcloud/share/laserscan_to_pointcloud/hook/cmake_prefix_path.sh'
[1.046s] Level 1:colcon.colcon_core.environment:checking '/home/kmw/cam_ws/install/laserscan_to_pointcloud/lib'
[1.046s] Level 1:colcon.colcon_core.environment:checking '/home/kmw/cam_ws/install/laserscan_to_pointcloud/bin'
[1.046s] Level 1:colcon.colcon_core.environment:checking '/home/kmw/cam_ws/install/laserscan_to_pointcloud/lib/pkgconfig/laserscan_to_pointcloud.pc'
[1.047s] Level 1:colcon.colcon_core.environment:checking '/home/kmw/cam_ws/install/laserscan_to_pointcloud/lib/python3.10/site-packages'
[1.047s] Level 1:colcon.colcon_core.environment:checking '/home/kmw/cam_ws/install/laserscan_to_pointcloud/bin'
[1.048s] INFO:colcon.colcon_core.shell:Creating package script '/home/kmw/cam_ws/install/laserscan_to_pointcloud/share/laserscan_to_pointcloud/package.ps1'
[1.048s] INFO:colcon.colcon_core.shell:Creating package descriptor '/home/kmw/cam_ws/install/laserscan_to_pointcloud/share/laserscan_to_pointcloud/package.dsv'
[1.049s] INFO:colcon.colcon_core.shell:Creating package script '/home/kmw/cam_ws/install/laserscan_to_pointcloud/share/laserscan_to_pointcloud/package.sh'
[1.050s] INFO:colcon.colcon_core.shell:Creating package script '/home/kmw/cam_ws/install/laserscan_to_pointcloud/share/laserscan_to_pointcloud/package.bash'
[1.050s] INFO:colcon.colcon_core.shell:Creating package script '/home/kmw/cam_ws/install/laserscan_to_pointcloud/share/laserscan_to_pointcloud/package.zsh'
[1.051s] Level 1:colcon.colcon_core.environment:create_file_with_runtime_dependencies(/home/kmw/cam_ws/install/laserscan_to_pointcloud/share/colcon-core/packages/laserscan_to_pointcloud)
[1.363s] DEBUG:colcon.colcon_core.event_handler.log_command:Invoking command in '/home/kmw/cam_ws/src/projection': CONDA_PROMPT_MODIFIER=(ros2_py310) PYTHONPATH=/home/kmw/cam_ws/build/projection/prefix_override:/usr/lib/python3/dist-packages/colcon_core/task/python/colcon_distutils_commands:/home/kmw/cam_ws/install/projection/lib/python3.10/site-packages:${PYTHONPATH} /usr/bin/python3 -W ignore:setup.py install is deprecated setup.py egg_info --egg-base ../../build/projection build --build-base /home/kmw/cam_ws/build/projection/build install --record /home/kmw/cam_ws/build/projection/install.log --single-version-externally-managed install_data
[1.383s] DEBUG:colcon.colcon_core.event_handler.log_command:Invoking command in '/home/kmw/cam_ws/src/ros2_cv_cam': CONDA_PROMPT_MODIFIER=(ros2_py310) PYTHONPATH=/home/kmw/cam_ws/build/ros2_cv_cam/prefix_override:/usr/lib/python3/dist-packages/colcon_core/task/python/colcon_distutils_commands:/home/kmw/cam_ws/install/ros2_cv_cam/lib/python3.10/site-packages:${PYTHONPATH} /usr/bin/python3 -W ignore:setup.py install is deprecated setup.py egg_info --egg-base ../../build/ros2_cv_cam build --build-base /home/kmw/cam_ws/build/ros2_cv_cam/build install --record /home/kmw/cam_ws/build/ros2_cv_cam/install.log --single-version-externally-managed install_data
[1.693s] Level 1:colcon.colcon_core.environment:checking '/home/kmw/cam_ws/install/projection' for CMake module files
[1.694s] DEBUG:colcon.colcon_core.event_handler.log_command:Invoked command in '/home/kmw/cam_ws/src/projection' returned '0': CONDA_PROMPT_MODIFIER=(ros2_py310) PYTHONPATH=/home/kmw/cam_ws/build/projection/prefix_override:/usr/lib/python3/dist-packages/colcon_core/task/python/colcon_distutils_commands:/home/kmw/cam_ws/install/projection/lib/python3.10/site-packages:${PYTHONPATH} /usr/bin/python3 -W ignore:setup.py install is deprecated setup.py egg_info --egg-base ../../build/projection build --build-base /home/kmw/cam_ws/build/projection/build install --record /home/kmw/cam_ws/build/projection/install.log --single-version-externally-managed install_data
[1.694s] Level 1:colcon.colcon_core.environment:checking '/home/kmw/cam_ws/install/projection' for CMake config files
[1.695s] Level 1:colcon.colcon_core.environment:checking '/home/kmw/cam_ws/install/projection/lib'
[1.695s] Level 1:colcon.colcon_core.environment:checking '/home/kmw/cam_ws/install/projection/bin'
[1.695s] Level 1:colcon.colcon_core.environment:checking '/home/kmw/cam_ws/install/projection/lib/pkgconfig/projection.pc'
[1.696s] Level 1:colcon.colcon_core.environment:checking '/home/kmw/cam_ws/install/projection/lib/python3.10/site-packages'
[1.696s] Level 1:colcon.colcon_core.shell:create_environment_hook('projection', 'pythonpath')
[1.696s] INFO:colcon.colcon_core.shell:Creating environment hook '/home/kmw/cam_ws/install/projection/share/projection/hook/pythonpath.ps1'
[1.697s] INFO:colcon.colcon_core.shell:Creating environment descriptor '/home/kmw/cam_ws/install/projection/share/projection/hook/pythonpath.dsv'
[1.697s] INFO:colcon.colcon_core.shell:Creating environment hook '/home/kmw/cam_ws/install/projection/share/projection/hook/pythonpath.sh'
[1.698s] Level 1:colcon.colcon_core.environment:checking '/home/kmw/cam_ws/install/projection/bin'
[1.698s] Level 1:colcon.colcon_core.environment:create_environment_scripts_only(projection)
[1.698s] INFO:colcon.colcon_core.shell:Creating package script '/home/kmw/cam_ws/install/projection/share/projection/package.ps1'
[1.699s] INFO:colcon.colcon_core.shell:Creating package descriptor '/home/kmw/cam_ws/install/projection/share/projection/package.dsv'
[1.700s] INFO:colcon.colcon_core.shell:Creating package script '/home/kmw/cam_ws/install/projection/share/projection/package.sh'
[1.700s] INFO:colcon.colcon_core.shell:Creating package script '/home/kmw/cam_ws/install/projection/share/projection/package.bash'
[1.701s] INFO:colcon.colcon_core.shell:Creating package script '/home/kmw/cam_ws/install/projection/share/projection/package.zsh'
[1.701s] Level 1:colcon.colcon_core.environment:create_file_with_runtime_dependencies(/home/kmw/cam_ws/install/projection/share/colcon-core/packages/projection)
[1.710s] Level 1:colcon.colcon_core.environment:checking '/home/kmw/cam_ws/install/ros2_cv_cam' for CMake module files
[1.710s] DEBUG:colcon.colcon_core.event_handler.log_command:Invoked command in '/home/kmw/cam_ws/src/ros2_cv_cam' returned '0': CONDA_PROMPT_MODIFIER=(ros2_py310) PYTHONPATH=/home/kmw/cam_ws/build/ros2_cv_cam/prefix_override:/usr/lib/python3/dist-packages/colcon_core/task/python/colcon_distutils_commands:/home/kmw/cam_ws/install/ros2_cv_cam/lib/python3.10/site-packages:${PYTHONPATH} /usr/bin/python3 -W ignore:setup.py install is deprecated setup.py egg_info --egg-base ../../build/ros2_cv_cam build --build-base /home/kmw/cam_ws/build/ros2_cv_cam/build install --record /home/kmw/cam_ws/build/ros2_cv_cam/install.log --single-version-externally-managed install_data
[1.711s] Level 1:colcon.colcon_core.environment:checking '/home/kmw/cam_ws/install/ros2_cv_cam' for CMake config files
[1.711s] Level 1:colcon.colcon_core.environment:checking '/home/kmw/cam_ws/install/ros2_cv_cam/lib'
[1.711s] Level 1:colcon.colcon_core.environment:checking '/home/kmw/cam_ws/install/ros2_cv_cam/bin'
[1.711s] Level 1:colcon.colcon_core.environment:checking '/home/kmw/cam_ws/install/ros2_cv_cam/lib/pkgconfig/ros2_cv_cam.pc'
[1.712s] Level 1:colcon.colcon_core.environment:checking '/home/kmw/cam_ws/install/ros2_cv_cam/lib/python3.10/site-packages'
[1.712s] Level 1:colcon.colcon_core.shell:create_environment_hook('ros2_cv_cam', 'pythonpath')
[1.712s] INFO:colcon.colcon_core.shell:Creating environment hook '/home/kmw/cam_ws/install/ros2_cv_cam/share/ros2_cv_cam/hook/pythonpath.ps1'
[1.712s] INFO:colcon.colcon_core.shell:Creating environment descriptor '/home/kmw/cam_ws/install/ros2_cv_cam/share/ros2_cv_cam/hook/pythonpath.dsv'
[1.713s] INFO:colcon.colcon_core.shell:Creating environment hook '/home/kmw/cam_ws/install/ros2_cv_cam/share/ros2_cv_cam/hook/pythonpath.sh'
[1.713s] Level 1:colcon.colcon_core.environment:checking '/home/kmw/cam_ws/install/ros2_cv_cam/bin'
[1.713s] Level 1:colcon.colcon_core.environment:create_environment_scripts_only(ros2_cv_cam)
[1.714s] INFO:colcon.colcon_core.shell:Creating package script '/home/kmw/cam_ws/install/ros2_cv_cam/share/ros2_cv_cam/package.ps1'
[1.714s] INFO:colcon.colcon_core.shell:Creating package descriptor '/home/kmw/cam_ws/install/ros2_cv_cam/share/ros2_cv_cam/package.dsv'
[1.715s] INFO:colcon.colcon_core.shell:Creating package script '/home/kmw/cam_ws/install/ros2_cv_cam/share/ros2_cv_cam/package.sh'
[1.715s] INFO:colcon.colcon_core.shell:Creating package script '/home/kmw/cam_ws/install/ros2_cv_cam/share/ros2_cv_cam/package.bash'
[1.716s] INFO:colcon.colcon_core.shell:Creating package script '/home/kmw/cam_ws/install/ros2_cv_cam/share/ros2_cv_cam/package.zsh'
[1.717s] Level 1:colcon.colcon_core.environment:create_file_with_runtime_dependencies(/home/kmw/cam_ws/install/ros2_cv_cam/share/colcon-core/packages/ros2_cv_cam)
[1.717s] DEBUG:colcon.colcon_parallel_executor.executor.parallel:closing loop
[1.717s] DEBUG:colcon.colcon_parallel_executor.executor.parallel:loop closed
[1.718s] DEBUG:colcon.colcon_parallel_executor.executor.parallel:run_until_complete finished with '0'
[1.718s] DEBUG:colcon.colcon_core.event_reactor:joining thread
[1.723s] INFO:colcon.colcon_core.plugin_system:Skipping extension 'colcon_notification.desktop_notification.terminal_notifier': Not used on non-Darwin systems
[1.723s] INFO:colcon.colcon_core.plugin_system:Skipping extension 'colcon_notification.desktop_notification.win32': Not used on non-Windows systems
[1.723s] INFO:colcon.colcon_notification.desktop_notification:Sending desktop notification using 'notify2'
[1.733s] DEBUG:colcon.colcon_core.event_reactor:joined thread
[1.734s] INFO:colcon.colcon_core.shell:Creating prefix script '/home/kmw/cam_ws/install/local_setup.ps1'
[1.735s] INFO:colcon.colcon_core.shell:Creating prefix util module '/home/kmw/cam_ws/install/_local_setup_util_ps1.py'
[1.737s] INFO:colcon.colcon_core.shell:Creating prefix chain script '/home/kmw/cam_ws/install/setup.ps1'
[1.738s] INFO:colcon.colcon_core.shell:Creating prefix script '/home/kmw/cam_ws/install/local_setup.sh'
[1.739s] INFO:colcon.colcon_core.shell:Creating prefix util module '/home/kmw/cam_ws/install/_local_setup_util_sh.py'
[1.740s] INFO:colcon.colcon_core.shell:Creating prefix chain script '/home/kmw/cam_ws/install/setup.sh'
[1.742s] INFO:colcon.colcon_core.shell:Creating prefix script '/home/kmw/cam_ws/install/local_setup.bash'
[1.742s] INFO:colcon.colcon_core.shell:Creating prefix chain script '/home/kmw/cam_ws/install/setup.bash'
[1.743s] INFO:colcon.colcon_core.shell:Creating prefix script '/home/kmw/cam_ws/install/local_setup.zsh'
[1.743s] INFO:colcon.colcon_core.shell:Creating prefix chain script '/home/kmw/cam_ws/install/setup.zsh'
