[9.063s] Invoking command in '/home/pi/arm_ws/src/qr_cam': PYTHONPATH=/home/pi/arm_ws/build/qr_cam/prefix_override:/usr/lib/python3/dist-packages/colcon_core/task/python/colcon_distutils_commands:/home/pi/arm_ws/install/qr_cam/lib/python3.8/site-packages:${PYTHONPATH} /usr/bin/python3 -W ignore:setup.py install is deprecated setup.py egg_info --egg-base ../../build/qr_cam build --build-base /home/pi/arm_ws/build/qr_cam/build install --record /home/pi/arm_ws/build/qr_cam/install.log --install-scripts $base/lib/qr_cam --single-version-externally-managed install_data
[11.587s] running egg_info
[11.593s] writing ../../build/qr_cam/qr_cam.egg-info/PKG-INFO
[11.595s] writing dependency_links to ../../build/qr_cam/qr_cam.egg-info/dependency_links.txt
[11.597s] writing entry points to ../../build/qr_cam/qr_cam.egg-info/entry_points.txt
[11.598s] writing requirements to ../../build/qr_cam/qr_cam.egg-info/requires.txt
[11.600s] writing top-level names to ../../build/qr_cam/qr_cam.egg-info/top_level.txt
[11.960s] reading manifest file '../../build/qr_cam/qr_cam.egg-info/SOURCES.txt'
[11.969s] writing manifest file '../../build/qr_cam/qr_cam.egg-info/SOURCES.txt'
[11.973s] running build
[11.974s] running build_py
[11.975s] running install
[11.981s] running install_lib
[11.995s] running install_data
[11.996s] running install_egg_info
[12.012s] removing '/home/pi/arm_ws/install/qr_cam/lib/python3.8/site-packages/qr_cam-0.0.0-py3.8.egg-info' (and everything under it)
[12.016s] Copying ../../build/qr_cam/qr_cam.egg-info to /home/pi/arm_ws/install/qr_cam/lib/python3.8/site-packages/qr_cam-0.0.0-py3.8.egg-info
[12.029s] running install_scripts
[12.194s] Installing no_cam script to /home/pi/arm_ws/install/qr_cam/lib/qr_cam
[12.196s] writing list of installed files to '/home/pi/arm_ws/build/qr_cam/install.log'
[12.385s] Invoked command in '/home/pi/arm_ws/src/qr_cam' returned '0': PYTHONPATH=/home/pi/arm_ws/build/qr_cam/prefix_override:/usr/lib/python3/dist-packages/colcon_core/task/python/colcon_distutils_commands:/home/pi/arm_ws/install/qr_cam/lib/python3.8/site-packages:${PYTHONPATH} /usr/bin/python3 -W ignore:setup.py install is deprecated setup.py egg_info --egg-base ../../build/qr_cam build --build-base /home/pi/arm_ws/build/qr_cam/build install --record /home/pi/arm_ws/build/qr_cam/install.log --install-scripts $base/lib/qr_cam --single-version-externally-managed install_data
