[0.040s] Invoking command in '/home/kmw/trees_ws/build/moveit_resources_panda_description': CMAKE_PREFIX_PATH=/opt/ros/humble CONDA_PROMPT_MODIFIER=(ros2_py310) /usr/bin/cmake --build /home/kmw/trees_ws/build/moveit_resources_panda_description -- -j8 -l8
[0.363s] Invoked command in '/home/kmw/trees_ws/build/moveit_resources_panda_description' returned '0': CMAKE_PREFIX_PATH=/opt/ros/humble CONDA_PROMPT_MODIFIER=(ros2_py310) /usr/bin/cmake --build /home/kmw/trees_ws/build/moveit_resources_panda_description -- -j8 -l8
[0.366s] Invoking command in '/home/kmw/trees_ws/build/moveit_resources_panda_description': CMAKE_PREFIX_PATH=/opt/ros/humble CONDA_PROMPT_MODIFIER=(ros2_py310) /usr/bin/cmake --install /home/kmw/trees_ws/build/moveit_resources_panda_description
[0.401s] -- Install configuration: ""
[0.401s] -- Up-to-date: /home/kmw/trees_ws/install/moveit_resources_panda_description/share/ament_index/resource_index/package_run_dependencies/moveit_resources_panda_description
[0.401s] -- Up-to-date: /home/kmw/trees_ws/install/moveit_resources_panda_description/share/ament_index/resource_index/parent_prefix_path/moveit_resources_panda_description
[0.402s] -- Up-to-date: /home/kmw/trees_ws/install/moveit_resources_panda_description/share/moveit_resources_panda_description/environment/ament_prefix_path.sh
[0.402s] -- Up-to-date: /home/kmw/trees_ws/install/moveit_resources_panda_description/share/moveit_resources_panda_description/environment/ament_prefix_path.dsv
[0.402s] -- Up-to-date: /home/kmw/trees_ws/install/moveit_resources_panda_description/share/moveit_resources_panda_description/environment/path.sh
[0.402s] -- Up-to-date: /home/kmw/trees_ws/install/moveit_resources_panda_description/share/moveit_resources_panda_description/environment/path.dsv
[0.402s] -- Up-to-date: /home/kmw/trees_ws/install/moveit_resources_panda_description/share/moveit_resources_panda_description/local_setup.bash
[0.402s] -- Up-to-date: /home/kmw/trees_ws/install/moveit_resources_panda_description/share/moveit_resources_panda_description/local_setup.sh
[0.403s] -- Up-to-date: /home/kmw/trees_ws/install/moveit_resources_panda_description/share/moveit_resources_panda_description/local_setup.zsh
[0.404s] -- Up-to-date: /home/kmw/trees_ws/install/moveit_resources_panda_description/share/moveit_resources_panda_description/local_setup.dsv
[0.404s] -- Installing: /home/kmw/trees_ws/install/moveit_resources_panda_description/share/moveit_resources_panda_description/package.dsv
[0.407s] -- Up-to-date: /home/kmw/trees_ws/install/moveit_resources_panda_description/share/ament_index/resource_index/packages/moveit_resources_panda_description
[0.409s] -- Up-to-date: /home/kmw/trees_ws/install/moveit_resources_panda_description/share/moveit_resources_panda_description/cmake/moveit_resources_panda_descriptionConfig.cmake
[0.409s] -- Up-to-date: /home/kmw/trees_ws/install/moveit_resources_panda_description/share/moveit_resources_panda_description/cmake/moveit_resources_panda_descriptionConfig-version.cmake
[0.409s] -- Up-to-date: /home/kmw/trees_ws/install/moveit_resources_panda_description/share/moveit_resources_panda_description/package.xml
[0.410s] -- Up-to-date: /home/kmw/trees_ws/install/moveit_resources_panda_description/share/moveit_resources_panda_description/meshes
[0.410s] -- Up-to-date: /home/kmw/trees_ws/install/moveit_resources_panda_description/share/moveit_resources_panda_description/meshes/visual
[0.410s] -- Up-to-date: /home/kmw/trees_ws/install/moveit_resources_panda_description/share/moveit_resources_panda_description/meshes/visual/link0.dae
[0.410s] -- Up-to-date: /home/kmw/trees_ws/install/moveit_resources_panda_description/share/moveit_resources_panda_description/meshes/visual/finger.dae
[0.410s] -- Up-to-date: /home/kmw/trees_ws/install/moveit_resources_panda_description/share/moveit_resources_panda_description/meshes/visual/hand.dae
[0.410s] -- Up-to-date: /home/kmw/trees_ws/install/moveit_resources_panda_description/share/moveit_resources_panda_description/meshes/visual/link4.dae
[0.410s] -- Up-to-date: /home/kmw/trees_ws/install/moveit_resources_panda_description/share/moveit_resources_panda_description/meshes/visual/link3.dae
[0.410s] -- Up-to-date: /home/kmw/trees_ws/install/moveit_resources_panda_description/share/moveit_resources_panda_description/meshes/visual/link6.dae
[0.411s] -- Up-to-date: /home/kmw/trees_ws/install/moveit_resources_panda_description/share/moveit_resources_panda_description/meshes/visual/link7.dae
[0.411s] -- Up-to-date: /home/kmw/trees_ws/install/moveit_resources_panda_description/share/moveit_resources_panda_description/meshes/visual/link1.dae
[0.411s] -- Up-to-date: /home/kmw/trees_ws/install/moveit_resources_panda_description/share/moveit_resources_panda_description/meshes/visual/link2.dae
[0.411s] -- Up-to-date: /home/kmw/trees_ws/install/moveit_resources_panda_description/share/moveit_resources_panda_description/meshes/visual/link5.dae
[0.411s] -- Up-to-date: /home/kmw/trees_ws/install/moveit_resources_panda_description/share/moveit_resources_panda_description/meshes/collision
[0.414s] -- Up-to-date: /home/kmw/trees_ws/install/moveit_resources_panda_description/share/moveit_resources_panda_description/meshes/collision/link0.stl
[0.415s] -- Up-to-date: /home/kmw/trees_ws/install/moveit_resources_panda_description/share/moveit_resources_panda_description/meshes/collision/link3.stl
[0.415s] -- Up-to-date: /home/kmw/trees_ws/install/moveit_resources_panda_description/share/moveit_resources_panda_description/meshes/collision/link7.stl
[0.415s] -- Up-to-date: /home/kmw/trees_ws/install/moveit_resources_panda_description/share/moveit_resources_panda_description/meshes/collision/link1.stl
[0.415s] -- Up-to-date: /home/kmw/trees_ws/install/moveit_resources_panda_description/share/moveit_resources_panda_description/meshes/collision/hand.stl
[0.415s] -- Up-to-date: /home/kmw/trees_ws/install/moveit_resources_panda_description/share/moveit_resources_panda_description/meshes/collision/link5.stl
[0.415s] -- Up-to-date: /home/kmw/trees_ws/install/moveit_resources_panda_description/share/moveit_resources_panda_description/meshes/collision/finger.stl
[0.415s] -- Up-to-date: /home/kmw/trees_ws/install/moveit_resources_panda_description/share/moveit_resources_panda_description/meshes/collision/link4.stl
[0.415s] -- Up-to-date: /home/kmw/trees_ws/install/moveit_resources_panda_description/share/moveit_resources_panda_description/meshes/collision/link6.stl
[0.415s] -- Up-to-date: /home/kmw/trees_ws/install/moveit_resources_panda_description/share/moveit_resources_panda_description/meshes/collision/link2.stl
[0.415s] -- Up-to-date: /home/kmw/trees_ws/install/moveit_resources_panda_description/share/moveit_resources_panda_description/urdf
[0.415s] -- Up-to-date: /home/kmw/trees_ws/install/moveit_resources_panda_description/share/moveit_resources_panda_description/urdf/panda.urdf
[0.450s] Invoked command in '/home/kmw/trees_ws/build/moveit_resources_panda_description' returned '0': CMAKE_PREFIX_PATH=/opt/ros/humble CONDA_PROMPT_MODIFIER=(ros2_py310) /usr/bin/cmake --install /home/kmw/trees_ws/build/moveit_resources_panda_description
