[10.371s] Invoking command in '/home/pi/arm_ws/src/qr_cam': PYTHONPATH=/home/pi/arm_ws/build/qr_cam/prefix_override:/usr/lib/python3/dist-packages/colcon_core/task/python/colcon_distutils_commands:/home/pi/arm_ws/install/qr_cam/lib/python3.8/site-packages:${PYTHONPATH} /usr/bin/python3 -W ignore:setup.py install is deprecated setup.py egg_info --egg-base ../../build/qr_cam build --build-base /home/pi/arm_ws/build/qr_cam/build install --record /home/pi/arm_ws/build/qr_cam/install.log --install-scripts $base/lib/qr_cam --single-version-externally-managed install_data
[13.164s] running egg_info
[13.169s] writing ../../build/qr_cam/qr_cam.egg-info/PKG-INFO
[13.172s] writing dependency_links to ../../build/qr_cam/qr_cam.egg-info/dependency_links.txt
[13.174s] writing entry points to ../../build/qr_cam/qr_cam.egg-info/entry_points.txt
[13.176s] writing requirements to ../../build/qr_cam/qr_cam.egg-info/requires.txt
[13.178s] writing top-level names to ../../build/qr_cam/qr_cam.egg-info/top_level.txt
[13.556s] reading manifest file '../../build/qr_cam/qr_cam.egg-info/SOURCES.txt'
[13.569s] writing manifest file '../../build/qr_cam/qr_cam.egg-info/SOURCES.txt'
[13.571s] running build
[13.573s] running build_py
[13.574s] running install
[13.579s] running install_lib
[13.602s] running install_data
[13.604s] running install_egg_info
[13.636s] removing '/home/pi/arm_ws/install/qr_cam/lib/python3.8/site-packages/qr_cam-0.0.0-py3.8.egg-info' (and everything under it)
[13.640s] Copying ../../build/qr_cam/qr_cam.egg-info to /home/pi/arm_ws/install/qr_cam/lib/python3.8/site-packages/qr_cam-0.0.0-py3.8.egg-info
[13.655s] running install_scripts
[13.822s] Installing no_cam script to /home/pi/arm_ws/install/qr_cam/lib/qr_cam
[13.826s] writing list of installed files to '/home/pi/arm_ws/build/qr_cam/install.log'
[14.049s] Invoked command in '/home/pi/arm_ws/src/qr_cam' returned '0': PYTHONPATH=/home/pi/arm_ws/build/qr_cam/prefix_override:/usr/lib/python3/dist-packages/colcon_core/task/python/colcon_distutils_commands:/home/pi/arm_ws/install/qr_cam/lib/python3.8/site-packages:${PYTHONPATH} /usr/bin/python3 -W ignore:setup.py install is deprecated setup.py egg_info --egg-base ../../build/qr_cam build --build-base /home/pi/arm_ws/build/qr_cam/build install --record /home/pi/arm_ws/build/qr_cam/install.log --install-scripts $base/lib/qr_cam --single-version-externally-managed install_data
