/home/kmw/cam_ws/install/projection/lib/python3.10/site-packages/projection/projector.py
/home/kmw/cam_ws/install/projection/lib/python3.10/site-packages/projection/lidar.py
/home/kmw/cam_ws/install/projection/lib/python3.10/site-packages/projection/__init__.py
/home/kmw/cam_ws/install/projection/lib/python3.10/site-packages/projection/image_pub.py
/home/kmw/cam_ws/install/projection/lib/python3.10/site-packages/projection/__pycache__/projector.cpython-310.pyc
/home/kmw/cam_ws/install/projection/lib/python3.10/site-packages/projection/__pycache__/lidar.cpython-310.pyc
/home/kmw/cam_ws/install/projection/lib/python3.10/site-packages/projection/__pycache__/__init__.cpython-310.pyc
/home/kmw/cam_ws/install/projection/lib/python3.10/site-packages/projection/__pycache__/image_pub.cpython-310.pyc
/home/kmw/cam_ws/install/projection/share/ament_index/resource_index/packages/projection
/home/kmw/cam_ws/install/projection/share/projection/package.xml
/home/kmw/cam_ws/install/projection/share/projection/launch/projection_test.launch.py
/home/kmw/cam_ws/install/projection/lib/python3.10/site-packages/projection-0.0.1-py3.10.egg-info/SOURCES.txt
/home/kmw/cam_ws/install/projection/lib/python3.10/site-packages/projection-0.0.1-py3.10.egg-info/PKG-INFO
/home/kmw/cam_ws/install/projection/lib/python3.10/site-packages/projection-0.0.1-py3.10.egg-info/requires.txt
/home/kmw/cam_ws/install/projection/lib/python3.10/site-packages/projection-0.0.1-py3.10.egg-info/zip-safe
/home/kmw/cam_ws/install/projection/lib/python3.10/site-packages/projection-0.0.1-py3.10.egg-info/top_level.txt
/home/kmw/cam_ws/install/projection/lib/python3.10/site-packages/projection-0.0.1-py3.10.egg-info/entry_points.txt
/home/kmw/cam_ws/install/projection/lib/python3.10/site-packages/projection-0.0.1-py3.10.egg-info/dependency_links.txt
/home/kmw/cam_ws/install/projection/lib/projection/img_pub
/home/kmw/cam_ws/install/projection/lib/projection/lidar
/home/kmw/cam_ws/install/projection/lib/projection/projector
