[2.154s] DEBUG:colcon:Command line arguments: ['/usr/bin/colcon', 'build']
[2.155s] DEBUG:colcon:Parsed command line arguments: Namespace(allow_overriding=[], ament_cmake_args=None, base_paths=['.'], build_base='build', catkin_cmake_args=None, catkin_skip_building_tests=False, cmake_args=None, cmake_clean_cache=False, cmake_clean_first=False, cmake_force_configure=False, cmake_target=None, cmake_target_skip_unavailable=False, continue_on_error=False, event_handlers=None, executor='parallel', ignore_user_meta=False, install_base='install', log_base=None, log_level=None, main=<bound method BuildVerb.main of <colcon_core.verb.build.BuildVerb object at 0xffffa26171c0>>, merge_install=False, metas=['./colcon.meta'], mixin=None, mixin_files=None, mixin_verb=('build',), packages_above=None, packages_above_and_dependencies=None, packages_above_depth=None, packages_end=None, packages_ignore=None, packages_ignore_regex=None, packages_select=None, packages_select_build_failed=False, packages_select_by_dep=None, packages_select_regex=None, packages_select_test_failures=False, packages_skip=None, packages_skip_build_finished=False, packages_skip_by_dep=None, packages_skip_regex=None, packages_skip_test_passed=False, packages_skip_up_to=None, packages_start=None, packages_up_to=None, packages_up_to_regex=None, parallel_workers=4, paths=None, symlink_install=False, test_result_base=None, verb_extension=<colcon_core.verb.build.BuildVerb object at 0xffffa26171c0>, verb_name='build', verb_parser=<colcon_mixin.mixin.mixin_argument.MixinArgumentDecorator object at 0xffffa25000a0>)
[3.432s] Level 1:colcon.colcon_core.package_discovery:discover_packages(colcon_meta) check parameters
[3.433s] Level 1:colcon.colcon_core.package_discovery:discover_packages(recursive) check parameters
[3.433s] Level 1:colcon.colcon_core.package_discovery:discover_packages(ignore) check parameters
[3.434s] Level 1:colcon.colcon_core.package_discovery:discover_packages(path) check parameters
[3.434s] Level 1:colcon.colcon_core.package_discovery:discover_packages(colcon_meta) discover
[3.435s] Level 1:colcon.colcon_core.package_discovery:discover_packages(recursive) discover
[3.435s] INFO:colcon.colcon_core.package_discovery:Crawling recursively for packages in '/home/pi/arm_ws'
[3.436s] Level 1:colcon.colcon_core.package_identification:_identify(.) by extensions ['ignore', 'ignore_ament_install']
[3.437s] Level 1:colcon.colcon_core.package_identification:_identify(.) by extension 'ignore'
[3.438s] Level 1:colcon.colcon_core.package_identification:_identify(.) by extension 'ignore_ament_install'
[3.438s] Level 1:colcon.colcon_core.package_identification:_identify(.) by extensions ['colcon_pkg']
[3.439s] Level 1:colcon.colcon_core.package_identification:_identify(.) by extension 'colcon_pkg'
[3.439s] Level 1:colcon.colcon_core.package_identification:_identify(.) by extensions ['colcon_meta']
[3.439s] Level 1:colcon.colcon_core.package_identification:_identify(.) by extension 'colcon_meta'
[3.440s] Level 1:colcon.colcon_core.package_identification:_identify(.) by extensions ['ros']
[3.440s] Level 1:colcon.colcon_core.package_identification:_identify(.) by extension 'ros'
[3.551s] Level 1:colcon.colcon_core.package_identification:_identify(.) by extensions ['cmake', 'python']
[3.552s] Level 1:colcon.colcon_core.package_identification:_identify(.) by extension 'cmake'
[3.552s] Level 1:colcon.colcon_core.package_identification:_identify(.) by extension 'python'
[3.553s] Level 1:colcon.colcon_core.package_identification:_identify(.) by extensions ['python_setup_py']
[3.553s] Level 1:colcon.colcon_core.package_identification:_identify(.) by extension 'python_setup_py'
[3.554s] Level 1:colcon.colcon_core.package_identification:_identify(FTServo_Python) by extensions ['ignore', 'ignore_ament_install']
[3.555s] Level 1:colcon.colcon_core.package_identification:_identify(FTServo_Python) by extension 'ignore'
[3.556s] Level 1:colcon.colcon_core.package_identification:_identify(FTServo_Python) by extension 'ignore_ament_install'
[3.556s] Level 1:colcon.colcon_core.package_identification:_identify(FTServo_Python) by extensions ['colcon_pkg']
[3.557s] Level 1:colcon.colcon_core.package_identification:_identify(FTServo_Python) by extension 'colcon_pkg'
[3.557s] Level 1:colcon.colcon_core.package_identification:_identify(FTServo_Python) by extensions ['colcon_meta']
[3.557s] Level 1:colcon.colcon_core.package_identification:_identify(FTServo_Python) by extension 'colcon_meta'
[3.558s] Level 1:colcon.colcon_core.package_identification:_identify(FTServo_Python) by extensions ['ros']
[3.559s] Level 1:colcon.colcon_core.package_identification:_identify(FTServo_Python) by extension 'ros'
[3.559s] Level 1:colcon.colcon_core.package_identification:_identify(FTServo_Python) by extensions ['cmake', 'python']
[3.560s] Level 1:colcon.colcon_core.package_identification:_identify(FTServo_Python) by extension 'cmake'
[3.560s] Level 1:colcon.colcon_core.package_identification:_identify(FTServo_Python) by extension 'python'
[3.561s] Level 1:colcon.colcon_core.package_identification:_identify(FTServo_Python) by extensions ['python_setup_py']
[3.561s] Level 1:colcon.colcon_core.package_identification:_identify(FTServo_Python) by extension 'python_setup_py'
[3.562s] Level 1:colcon.colcon_core.package_identification:_identify(FTServo_Python/scscl) by extensions ['ignore', 'ignore_ament_install']
[3.563s] Level 1:colcon.colcon_core.package_identification:_identify(FTServo_Python/scscl) by extension 'ignore'
[3.563s] Level 1:colcon.colcon_core.package_identification:_identify(FTServo_Python/scscl) by extension 'ignore_ament_install'
[3.564s] Level 1:colcon.colcon_core.package_identification:_identify(FTServo_Python/scscl) by extensions ['colcon_pkg']
[3.564s] Level 1:colcon.colcon_core.package_identification:_identify(FTServo_Python/scscl) by extension 'colcon_pkg'
[3.565s] Level 1:colcon.colcon_core.package_identification:_identify(FTServo_Python/scscl) by extensions ['colcon_meta']
[3.565s] Level 1:colcon.colcon_core.package_identification:_identify(FTServo_Python/scscl) by extension 'colcon_meta'
[3.566s] Level 1:colcon.colcon_core.package_identification:_identify(FTServo_Python/scscl) by extensions ['ros']
[3.566s] Level 1:colcon.colcon_core.package_identification:_identify(FTServo_Python/scscl) by extension 'ros'
[3.567s] Level 1:colcon.colcon_core.package_identification:_identify(FTServo_Python/scscl) by extensions ['cmake', 'python']
[3.567s] Level 1:colcon.colcon_core.package_identification:_identify(FTServo_Python/scscl) by extension 'cmake'
[3.568s] Level 1:colcon.colcon_core.package_identification:_identify(FTServo_Python/scscl) by extension 'python'
[3.568s] Level 1:colcon.colcon_core.package_identification:_identify(FTServo_Python/scscl) by extensions ['python_setup_py']
[3.568s] Level 1:colcon.colcon_core.package_identification:_identify(FTServo_Python/scscl) by extension 'python_setup_py'
[3.570s] Level 1:colcon.colcon_core.package_identification:_identify(FTServo_Python/scservo_sdk) by extensions ['ignore', 'ignore_ament_install']
[3.571s] Level 1:colcon.colcon_core.package_identification:_identify(FTServo_Python/scservo_sdk) by extension 'ignore'
[3.571s] Level 1:colcon.colcon_core.package_identification:_identify(FTServo_Python/scservo_sdk) by extension 'ignore_ament_install'
[3.572s] Level 1:colcon.colcon_core.package_identification:_identify(FTServo_Python/scservo_sdk) by extensions ['colcon_pkg']
[3.572s] Level 1:colcon.colcon_core.package_identification:_identify(FTServo_Python/scservo_sdk) by extension 'colcon_pkg'
[3.572s] Level 1:colcon.colcon_core.package_identification:_identify(FTServo_Python/scservo_sdk) by extensions ['colcon_meta']
[3.573s] Level 1:colcon.colcon_core.package_identification:_identify(FTServo_Python/scservo_sdk) by extension 'colcon_meta'
[3.573s] Level 1:colcon.colcon_core.package_identification:_identify(FTServo_Python/scservo_sdk) by extensions ['ros']
[3.574s] Level 1:colcon.colcon_core.package_identification:_identify(FTServo_Python/scservo_sdk) by extension 'ros'
[3.574s] Level 1:colcon.colcon_core.package_identification:_identify(FTServo_Python/scservo_sdk) by extensions ['cmake', 'python']
[3.575s] Level 1:colcon.colcon_core.package_identification:_identify(FTServo_Python/scservo_sdk) by extension 'cmake'
[3.575s] Level 1:colcon.colcon_core.package_identification:_identify(FTServo_Python/scservo_sdk) by extension 'python'
[3.576s] Level 1:colcon.colcon_core.package_identification:_identify(FTServo_Python/scservo_sdk) by extensions ['python_setup_py']
[3.576s] Level 1:colcon.colcon_core.package_identification:_identify(FTServo_Python/scservo_sdk) by extension 'python_setup_py'
[3.577s] Level 1:colcon.colcon_core.package_identification:_identify(FTServo_Python/sms_sts) by extensions ['ignore', 'ignore_ament_install']
[3.578s] Level 1:colcon.colcon_core.package_identification:_identify(FTServo_Python/sms_sts) by extension 'ignore'
[3.579s] Level 1:colcon.colcon_core.package_identification:_identify(FTServo_Python/sms_sts) by extension 'ignore_ament_install'
[3.579s] Level 1:colcon.colcon_core.package_identification:_identify(FTServo_Python/sms_sts) by extensions ['colcon_pkg']
[3.579s] Level 1:colcon.colcon_core.package_identification:_identify(FTServo_Python/sms_sts) by extension 'colcon_pkg'
[3.580s] Level 1:colcon.colcon_core.package_identification:_identify(FTServo_Python/sms_sts) by extensions ['colcon_meta']
[3.580s] Level 1:colcon.colcon_core.package_identification:_identify(FTServo_Python/sms_sts) by extension 'colcon_meta'
[3.581s] Level 1:colcon.colcon_core.package_identification:_identify(FTServo_Python/sms_sts) by extensions ['ros']
[3.582s] Level 1:colcon.colcon_core.package_identification:_identify(FTServo_Python/sms_sts) by extension 'ros'
[3.583s] Level 1:colcon.colcon_core.package_identification:_identify(FTServo_Python/sms_sts) by extensions ['cmake', 'python']
[3.583s] Level 1:colcon.colcon_core.package_identification:_identify(FTServo_Python/sms_sts) by extension 'cmake'
[3.584s] Level 1:colcon.colcon_core.package_identification:_identify(FTServo_Python/sms_sts) by extension 'python'
[3.584s] Level 1:colcon.colcon_core.package_identification:_identify(FTServo_Python/sms_sts) by extensions ['python_setup_py']
[3.584s] Level 1:colcon.colcon_core.package_identification:_identify(FTServo_Python/sms_sts) by extension 'python_setup_py'
[3.586s] Level 1:colcon.colcon_core.package_identification:_identify(FTServo_Python/sms_sts/build) by extensions ['ignore', 'ignore_ament_install']
[3.587s] Level 1:colcon.colcon_core.package_identification:_identify(FTServo_Python/sms_sts/build) by extension 'ignore'
[3.587s] Level 1:colcon.colcon_core.package_identification:_identify(FTServo_Python/sms_sts/build) ignored
[3.589s] Level 1:colcon.colcon_core.package_identification:_identify(FTServo_Python/sms_sts/install) by extensions ['ignore', 'ignore_ament_install']
[3.589s] Level 1:colcon.colcon_core.package_identification:_identify(FTServo_Python/sms_sts/install) by extension 'ignore'
[3.590s] Level 1:colcon.colcon_core.package_identification:_identify(FTServo_Python/sms_sts/install) ignored
[3.591s] Level 1:colcon.colcon_core.package_identification:_identify(FTServo_Python/sms_sts/log) by extensions ['ignore', 'ignore_ament_install']
[3.592s] Level 1:colcon.colcon_core.package_identification:_identify(FTServo_Python/sms_sts/log) by extension 'ignore'
[3.592s] Level 1:colcon.colcon_core.package_identification:_identify(FTServo_Python/sms_sts/log) ignored
[3.593s] Level 1:colcon.colcon_core.package_identification:_identify(FTServo_Python/sms_sts/src) by extensions ['ignore', 'ignore_ament_install']
[3.594s] Level 1:colcon.colcon_core.package_identification:_identify(FTServo_Python/sms_sts/src) by extension 'ignore'
[3.595s] Level 1:colcon.colcon_core.package_identification:_identify(FTServo_Python/sms_sts/src) by extension 'ignore_ament_install'
[3.595s] Level 1:colcon.colcon_core.package_identification:_identify(FTServo_Python/sms_sts/src) by extensions ['colcon_pkg']
[3.596s] Level 1:colcon.colcon_core.package_identification:_identify(FTServo_Python/sms_sts/src) by extension 'colcon_pkg'
[3.596s] Level 1:colcon.colcon_core.package_identification:_identify(FTServo_Python/sms_sts/src) by extensions ['colcon_meta']
[3.597s] Level 1:colcon.colcon_core.package_identification:_identify(FTServo_Python/sms_sts/src) by extension 'colcon_meta'
[3.597s] Level 1:colcon.colcon_core.package_identification:_identify(FTServo_Python/sms_sts/src) by extensions ['ros']
[3.598s] Level 1:colcon.colcon_core.package_identification:_identify(FTServo_Python/sms_sts/src) by extension 'ros'
[3.599s] Level 1:colcon.colcon_core.package_identification:_identify(FTServo_Python/sms_sts/src) by extensions ['cmake', 'python']
[3.599s] Level 1:colcon.colcon_core.package_identification:_identify(FTServo_Python/sms_sts/src) by extension 'cmake'
[3.599s] Level 1:colcon.colcon_core.package_identification:_identify(FTServo_Python/sms_sts/src) by extension 'python'
[3.600s] Level 1:colcon.colcon_core.package_identification:_identify(FTServo_Python/sms_sts/src) by extensions ['python_setup_py']
[3.600s] Level 1:colcon.colcon_core.package_identification:_identify(FTServo_Python/sms_sts/src) by extension 'python_setup_py'
[3.601s] Level 1:colcon.colcon_core.package_identification:_identify(build) by extensions ['ignore', 'ignore_ament_install']
[3.602s] Level 1:colcon.colcon_core.package_identification:_identify(build) by extension 'ignore'
[3.602s] Level 1:colcon.colcon_core.package_identification:_identify(build) ignored
[3.603s] Level 1:colcon.colcon_core.package_identification:_identify(install) by extensions ['ignore', 'ignore_ament_install']
[3.604s] Level 1:colcon.colcon_core.package_identification:_identify(install) by extension 'ignore'
[3.605s] Level 1:colcon.colcon_core.package_identification:_identify(install) ignored
[3.607s] Level 1:colcon.colcon_core.package_identification:_identify(log) by extensions ['ignore', 'ignore_ament_install']
[3.607s] Level 1:colcon.colcon_core.package_identification:_identify(log) by extension 'ignore'
[3.608s] Level 1:colcon.colcon_core.package_identification:_identify(log) ignored
[3.609s] Level 1:colcon.colcon_core.package_identification:_identify(src) by extensions ['ignore', 'ignore_ament_install']
[3.609s] Level 1:colcon.colcon_core.package_identification:_identify(src) by extension 'ignore'
[3.610s] Level 1:colcon.colcon_core.package_identification:_identify(src) by extension 'ignore_ament_install'
[3.610s] Level 1:colcon.colcon_core.package_identification:_identify(src) by extensions ['colcon_pkg']
[3.611s] Level 1:colcon.colcon_core.package_identification:_identify(src) by extension 'colcon_pkg'
[3.611s] Level 1:colcon.colcon_core.package_identification:_identify(src) by extensions ['colcon_meta']
[3.611s] Level 1:colcon.colcon_core.package_identification:_identify(src) by extension 'colcon_meta'
[3.612s] Level 1:colcon.colcon_core.package_identification:_identify(src) by extensions ['ros']
[3.612s] Level 1:colcon.colcon_core.package_identification:_identify(src) by extension 'ros'
[3.613s] Level 1:colcon.colcon_core.package_identification:_identify(src) by extensions ['cmake', 'python']
[3.613s] Level 1:colcon.colcon_core.package_identification:_identify(src) by extension 'cmake'
[3.614s] Level 1:colcon.colcon_core.package_identification:_identify(src) by extension 'python'
[3.614s] Level 1:colcon.colcon_core.package_identification:_identify(src) by extensions ['python_setup_py']
[3.615s] Level 1:colcon.colcon_core.package_identification:_identify(src) by extension 'python_setup_py'
[3.616s] Level 1:colcon.colcon_core.package_identification:_identify(src/turtle_con) by extensions ['ignore', 'ignore_ament_install']
[3.617s] Level 1:colcon.colcon_core.package_identification:_identify(src/turtle_con) by extension 'ignore'
[3.617s] Level 1:colcon.colcon_core.package_identification:_identify(src/turtle_con) by extension 'ignore_ament_install'
[3.618s] Level 1:colcon.colcon_core.package_identification:_identify(src/turtle_con) by extensions ['colcon_pkg']
[3.618s] Level 1:colcon.colcon_core.package_identification:_identify(src/turtle_con) by extension 'colcon_pkg'
[3.618s] Level 1:colcon.colcon_core.package_identification:_identify(src/turtle_con) by extensions ['colcon_meta']
[3.619s] Level 1:colcon.colcon_core.package_identification:_identify(src/turtle_con) by extension 'colcon_meta'
[3.619s] Level 1:colcon.colcon_core.package_identification:_identify(src/turtle_con) by extensions ['ros']
[3.620s] Level 1:colcon.colcon_core.package_identification:_identify(src/turtle_con) by extension 'ros'
[3.640s] DEBUG:colcon.colcon_core.package_identification:Package 'src/turtle_con' with type 'ros.ament_python' and name 'turtle_con'
[3.641s] Level 1:colcon.colcon_core.package_discovery:discover_packages(recursive) using defaults
[3.641s] Level 1:colcon.colcon_core.package_discovery:discover_packages(ignore) discover
[3.641s] Level 1:colcon.colcon_core.package_discovery:discover_packages(ignore) using defaults
[3.642s] Level 1:colcon.colcon_core.package_discovery:discover_packages(path) discover
[3.642s] Level 1:colcon.colcon_core.package_discovery:discover_packages(path) using defaults
[3.789s] Level 1:colcon.colcon_core.package_discovery:discover_packages(prefix_path) check parameters
[3.790s] Level 1:colcon.colcon_core.package_discovery:discover_packages(prefix_path) discover
[3.808s] DEBUG:colcon.colcon_installed_package_information.package_discovery:Found 1 installed packages in /home/pi/arm_ws/install
[3.832s] DEBUG:colcon.colcon_installed_package_information.package_discovery:Found 299 installed packages in /opt/ros/foxy
[3.861s] Level 1:colcon.colcon_core.package_discovery:discover_packages(prefix_path) using defaults
[4.933s] Level 5:colcon.colcon_core.verb:set package 'turtle_con' build argument 'cmake_args' from command line to 'None'
[4.933s] Level 5:colcon.colcon_core.verb:set package 'turtle_con' build argument 'cmake_target' from command line to 'None'
[4.933s] Level 5:colcon.colcon_core.verb:set package 'turtle_con' build argument 'cmake_target_skip_unavailable' from command line to 'False'
[4.934s] Level 5:colcon.colcon_core.verb:set package 'turtle_con' build argument 'cmake_clean_cache' from command line to 'False'
[4.934s] Level 5:colcon.colcon_core.verb:set package 'turtle_con' build argument 'cmake_clean_first' from command line to 'False'
[4.935s] Level 5:colcon.colcon_core.verb:set package 'turtle_con' build argument 'cmake_force_configure' from command line to 'False'
[4.935s] Level 5:colcon.colcon_core.verb:set package 'turtle_con' build argument 'ament_cmake_args' from command line to 'None'
[4.935s] Level 5:colcon.colcon_core.verb:set package 'turtle_con' build argument 'catkin_cmake_args' from command line to 'None'
[4.935s] Level 5:colcon.colcon_core.verb:set package 'turtle_con' build argument 'catkin_skip_building_tests' from command line to 'False'
[4.936s] DEBUG:colcon.colcon_core.verb:Building package 'turtle_con' with the following arguments: {'ament_cmake_args': None, 'build_base': '/home/pi/arm_ws/build/turtle_con', 'catkin_cmake_args': None, 'catkin_skip_building_tests': False, 'cmake_args': None, 'cmake_clean_cache': False, 'cmake_clean_first': False, 'cmake_force_configure': False, 'cmake_target': None, 'cmake_target_skip_unavailable': False, 'install_base': '/home/pi/arm_ws/install/turtle_con', 'merge_install': False, 'path': '/home/pi/arm_ws/src/turtle_con', 'symlink_install': False, 'test_result_base': None}
[4.937s] INFO:colcon.colcon_core.executor:Executing jobs using 'parallel' executor
[4.945s] DEBUG:colcon.colcon_parallel_executor.executor.parallel:run_until_complete
[4.949s] INFO:colcon.colcon_ros.task.ament_python.build:Building ROS package in '/home/pi/arm_ws/src/turtle_con' with build type 'ament_python'
[4.951s] Level 1:colcon.colcon_core.shell:create_environment_hook('turtle_con', 'ament_prefix_path')
[4.969s] INFO:colcon.colcon_core.plugin_system:Skipping extension 'colcon_core.shell.bat': Not used on non-Windows systems
[4.972s] INFO:colcon.colcon_core.shell:Creating environment hook '/home/pi/arm_ws/install/turtle_con/share/turtle_con/hook/ament_prefix_path.ps1'
[4.978s] INFO:colcon.colcon_core.shell:Creating environment descriptor '/home/pi/arm_ws/install/turtle_con/share/turtle_con/hook/ament_prefix_path.dsv'
[4.984s] INFO:colcon.colcon_core.shell:Creating environment hook '/home/pi/arm_ws/install/turtle_con/share/turtle_con/hook/ament_prefix_path.sh'
[4.992s] INFO:colcon.colcon_core.shell:Skip shell extension 'powershell' for command environment: Not usable outside of PowerShell
[4.993s] DEBUG:colcon.colcon_core.shell:Skip shell extension 'dsv' for command environment
[7.447s] INFO:colcon.colcon_core.task.python.build:Building Python package in '/home/pi/arm_ws/src/turtle_con'
[7.450s] INFO:colcon.colcon_core.shell:Skip shell extension 'powershell' for command environment: Not usable outside of PowerShell
[7.451s] DEBUG:colcon.colcon_core.shell:Skip shell extension 'dsv' for command environment
[11.311s] DEBUG:colcon.colcon_core.event_handler.log_command:Invoking command in '/home/pi/arm_ws/src/turtle_con': PYTHONPATH=/home/pi/arm_ws/build/turtle_con/prefix_override:/usr/lib/python3/dist-packages/colcon_core/task/python/colcon_distutils_commands:/home/pi/arm_ws/install/turtle_con/lib/python3.8/site-packages:${PYTHONPATH} /usr/bin/python3 -W ignore:setup.py install is deprecated setup.py egg_info --egg-base ../../build/turtle_con build --build-base /home/pi/arm_ws/build/turtle_con/build install --record /home/pi/arm_ws/build/turtle_con/install.log --install-scripts $base/lib/turtle_con --single-version-externally-managed install_data
[14.319s] DEBUG:colcon.colcon_core.event_handler.log_command:Invoked command in '/home/pi/arm_ws/src/turtle_con' returned '0': PYTHONPATH=/home/pi/arm_ws/build/turtle_con/prefix_override:/usr/lib/python3/dist-packages/colcon_core/task/python/colcon_distutils_commands:/home/pi/arm_ws/install/turtle_con/lib/python3.8/site-packages:${PYTHONPATH} /usr/bin/python3 -W ignore:setup.py install is deprecated setup.py egg_info --egg-base ../../build/turtle_con build --build-base /home/pi/arm_ws/build/turtle_con/build install --record /home/pi/arm_ws/build/turtle_con/install.log --install-scripts $base/lib/turtle_con --single-version-externally-managed install_data
[14.343s] Level 1:colcon.colcon_core.environment:checking '/home/pi/arm_ws/install/turtle_con' for CMake module files
[14.346s] Level 1:colcon.colcon_core.environment:checking '/home/pi/arm_ws/install/turtle_con' for CMake config files
[14.350s] Level 1:colcon.colcon_core.environment:checking '/home/pi/arm_ws/install/turtle_con/lib'
[14.350s] Level 1:colcon.colcon_core.environment:checking '/home/pi/arm_ws/install/turtle_con/bin'
[14.351s] Level 1:colcon.colcon_core.environment:checking '/home/pi/arm_ws/install/turtle_con/lib/pkgconfig/turtle_con.pc'
[14.351s] Level 1:colcon.colcon_core.environment:checking '/home/pi/arm_ws/install/turtle_con/lib/python3.8/site-packages'
[14.352s] Level 1:colcon.colcon_core.shell:create_environment_hook('turtle_con', 'pythonpath')
[14.352s] INFO:colcon.colcon_core.shell:Creating environment hook '/home/pi/arm_ws/install/turtle_con/share/turtle_con/hook/pythonpath.ps1'
[14.354s] INFO:colcon.colcon_core.shell:Creating environment descriptor '/home/pi/arm_ws/install/turtle_con/share/turtle_con/hook/pythonpath.dsv'
[14.356s] INFO:colcon.colcon_core.shell:Creating environment hook '/home/pi/arm_ws/install/turtle_con/share/turtle_con/hook/pythonpath.sh'
[14.359s] Level 1:colcon.colcon_core.environment:checking '/home/pi/arm_ws/install/turtle_con/bin'
[14.359s] Level 1:colcon.colcon_core.environment:create_environment_scripts_only(turtle_con)
[14.360s] INFO:colcon.colcon_core.shell:Creating package script '/home/pi/arm_ws/install/turtle_con/share/turtle_con/package.ps1'
[14.364s] INFO:colcon.colcon_core.shell:Creating package descriptor '/home/pi/arm_ws/install/turtle_con/share/turtle_con/package.dsv'
[14.367s] INFO:colcon.colcon_core.shell:Creating package script '/home/pi/arm_ws/install/turtle_con/share/turtle_con/package.sh'
[14.370s] INFO:colcon.colcon_core.shell:Creating package script '/home/pi/arm_ws/install/turtle_con/share/turtle_con/package.bash'
[14.373s] INFO:colcon.colcon_core.shell:Creating package script '/home/pi/arm_ws/install/turtle_con/share/turtle_con/package.zsh'
[14.377s] Level 1:colcon.colcon_core.environment:create_file_with_runtime_dependencies(/home/pi/arm_ws/install/turtle_con/share/colcon-core/packages/turtle_con)
[14.379s] DEBUG:colcon.colcon_parallel_executor.executor.parallel:closing loop
[14.380s] DEBUG:colcon.colcon_parallel_executor.executor.parallel:loop closed
[14.380s] DEBUG:colcon.colcon_parallel_executor.executor.parallel:run_until_complete finished with '0'
[14.380s] DEBUG:colcon.colcon_core.event_reactor:joining thread
[14.414s] INFO:colcon.colcon_core.plugin_system:Skipping extension 'colcon_notification.desktop_notification.terminal_notifier': Not used on non-Darwin systems
[14.415s] INFO:colcon.colcon_core.plugin_system:Skipping extension 'colcon_notification.desktop_notification.win32': Not used on non-Windows systems
[14.416s] INFO:colcon.colcon_notification.desktop_notification:Sending desktop notification using 'notify2'
[14.448s] DEBUG:colcon.colcon_core.event_reactor:joined thread
[14.451s] INFO:colcon.colcon_core.shell:Creating prefix script '/home/pi/arm_ws/install/local_setup.ps1'
[14.461s] INFO:colcon.colcon_core.shell:Creating prefix util module '/home/pi/arm_ws/install/_local_setup_util_ps1.py'
[14.477s] INFO:colcon.colcon_core.shell:Creating prefix chain script '/home/pi/arm_ws/install/setup.ps1'
[14.489s] INFO:colcon.colcon_core.shell:Creating prefix script '/home/pi/arm_ws/install/local_setup.sh'
[14.494s] INFO:colcon.colcon_core.shell:Creating prefix util module '/home/pi/arm_ws/install/_local_setup_util_sh.py'
[14.501s] INFO:colcon.colcon_core.shell:Creating prefix chain script '/home/pi/arm_ws/install/setup.sh'
[14.511s] INFO:colcon.colcon_core.shell:Creating prefix script '/home/pi/arm_ws/install/local_setup.bash'
[14.516s] INFO:colcon.colcon_core.shell:Creating prefix chain script '/home/pi/arm_ws/install/setup.bash'
[14.526s] INFO:colcon.colcon_core.shell:Creating prefix script '/home/pi/arm_ws/install/local_setup.zsh'
[14.532s] INFO:colcon.colcon_core.shell:Creating prefix chain script '/home/pi/arm_ws/install/setup.zsh'
