[0.018s] Invoking command in '/home/kmw/trees_ws/build/rosparam_shortcuts': CMAKE_PREFIX_PATH=/opt/ros/humble CONDA_PROMPT_MODIFIER=(ros2_py310) /usr/bin/cmake /home/kmw/trees_ws/src/rosparam_shortcuts -DCMAKE_INSTALL_PREFIX=/home/kmw/trees_ws/install/rosparam_shortcuts
[0.302s] -- The C compiler identification is GNU 11.4.0
[0.532s] -- The CXX compiler identification is GNU 11.4.0
[0.560s] -- Detecting C compiler ABI info
[0.824s] -- Detecting C compiler ABI info - done
[0.861s] -- Check for working C compiler: /usr/bin/cc - skipped
[0.861s] -- Detecting C compile features
[0.862s] -- Detecting C compile features - done
[0.874s] -- Detecting CXX compiler ABI info
[1.193s] -- Detecting CXX compiler ABI info - done
[1.216s] -- Check for working CXX compiler: /usr/bin/c++ - skipped
[1.219s] -- Detecting CXX compile features
[1.221s] -- Detecting CXX compile features - done
[1.229s] -- Found ament_cmake: 1.3.10 (/opt/ros/humble/share/ament_cmake/cmake)
[2.928s] -- Found Python3: /home/kmw/miniconda3/envs/ros2_py310/bin/python3 (found version "3.10.14") found components: Interpreter 
[3.476s] -- Found eigen3_cmake_module: 0.1.1 (/opt/ros/humble/share/eigen3_cmake_module/cmake)
[3.497s] -- Found Eigen3: TRUE (found version "3.4.0") 
[3.505s] -- Found geometry_msgs: 4.2.4 (/opt/ros/humble/share/geometry_msgs/cmake)
[3.632s] -- Found rosidl_generator_c: 3.1.5 (/opt/ros/humble/share/rosidl_generator_c/cmake)
[3.655s] -- Found rosidl_adapter: 3.1.5 (/opt/ros/humble/share/rosidl_adapter/cmake)
[3.676s] -- Found rosidl_generator_cpp: 3.1.5 (/opt/ros/humble/share/rosidl_generator_cpp/cmake)
[3.705s] -- Using all available rosidl_typesupport_c: rosidl_typesupport_fastrtps_c;rosidl_typesupport_introspection_c
[3.739s] -- Using all available rosidl_typesupport_cpp: rosidl_typesupport_fastrtps_cpp;rosidl_typesupport_introspection_cpp
[3.833s] -- Found rclcpp: 16.0.10 (/opt/ros/humble/share/rclcpp/cmake)
[4.004s] -- Found rmw_implementation_cmake: 6.1.2 (/opt/ros/humble/share/rmw_implementation_cmake/cmake)
[4.015s] -- Found rmw_fastrtps_cpp: 6.2.7 (/opt/ros/humble/share/rmw_fastrtps_cpp/cmake)
[4.357s] -- Found OpenSSL: /usr/lib/x86_64-linux-gnu/libcrypto.so (found version "3.0.2")  
[4.494s] -- Found FastRTPS: /opt/ros/humble/include  
[4.664s] -- Using RMW implementation 'rmw_fastrtps_cpp' as default
[4.722s] -- Looking for pthread.h
[5.012s] -- Looking for pthread.h - found
[5.012s] -- Performing Test CMAKE_HAVE_LIBC_PTHREAD
[5.264s] -- Performing Test CMAKE_HAVE_LIBC_PTHREAD - Success
[5.265s] -- Found Threads: TRUE  
[5.452s] -- Found tf2_eigen: 0.25.8 (/opt/ros/humble/share/tf2_eigen/cmake)
[5.969s] -- Found ament_lint_auto: 0.12.11 (/opt/ros/humble/share/ament_lint_auto/cmake)
[5.981s] -- Found ament_cmake_gtest: 1.3.10 (/opt/ros/humble/share/ament_cmake_gtest/cmake)
[6.013s] -- Configuring incomplete, errors occurred!
[6.013s] See also "/home/kmw/trees_ws/build/rosparam_shortcuts/CMakeFiles/CMakeOutput.log".
[6.016s] [31mCMake Error at CMakeLists.txt:97 (find_package):
[6.016s]   By not providing "Findros_testing.cmake" in CMAKE_MODULE_PATH this project
[6.016s]   has asked CMake to find a package configuration file provided by
[6.016s]   "ros_testing", but CMake did not find one.
[6.016s] 
[6.016s]   Could not find a package configuration file provided by "ros_testing" with
[6.017s]   any of the following names:
[6.017s] 
[6.017s]     ros_testingConfig.cmake
[6.017s]     ros_testing-config.cmake
[6.017s] 
[6.017s]   Add the installation prefix of "ros_testing" to CMAKE_PREFIX_PATH or set
[6.017s]   "ros_testing_DIR" to a directory containing one of the above files.  If
[6.017s]   "ros_testing" provides a separate development package or SDK, be sure it
[6.017s]   has been installed.
[6.017s] 
[6.018s] [0m
[6.068s] Invoked command in '/home/kmw/trees_ws/build/rosparam_shortcuts' returned '1': CMAKE_PREFIX_PATH=/opt/ros/humble CONDA_PROMPT_MODIFIER=(ros2_py310) /usr/bin/cmake /home/kmw/trees_ws/src/rosparam_shortcuts -DCMAKE_INSTALL_PREFIX=/home/kmw/trees_ws/install/rosparam_shortcuts
