[0.144s] Invoking command in '/home/kmw/trees_ws/build/rosparam_shortcuts': CMAKE_PREFIX_PATH=/opt/ros/humble CONDA_PROMPT_MODIFIER=(ros2_py310) /usr/bin/cmake /home/kmw/trees_ws/src/rosparam_shortcuts -DCMAKE_INSTALL_PREFIX=/home/kmw/trees_ws/install/rosparam_shortcuts
[0.170s] -- Found ament_cmake: 1.3.10 (/opt/ros/humble/share/ament_cmake/cmake)
[0.459s] -- Found eigen3_cmake_module: 0.1.1 (/opt/ros/humble/share/eigen3_cmake_module/cmake)
[0.461s] -- Found geometry_msgs: 4.2.4 (/opt/ros/humble/share/geometry_msgs/cmake)
[0.493s] -- Found rosidl_generator_c: 3.1.5 (/opt/ros/humble/share/rosidl_generator_c/cmake)
[0.496s] -- Found rosidl_adapter: 3.1.5 (/opt/ros/humble/share/rosidl_adapter/cmake)
[0.503s] -- Found rosidl_generator_cpp: 3.1.5 (/opt/ros/humble/share/rosidl_generator_cpp/cmake)
[0.513s] -- Using all available rosidl_typesupport_c: rosidl_typesupport_fastrtps_c;rosidl_typesupport_introspection_c
[0.527s] -- Using all available rosidl_typesupport_cpp: rosidl_typesupport_fastrtps_cpp;rosidl_typesupport_introspection_cpp
[0.572s] -- Found rclcpp: 16.0.10 (/opt/ros/humble/share/rclcpp/cmake)
[0.600s] -- Found rmw_implementation_cmake: 6.1.2 (/opt/ros/humble/share/rmw_implementation_cmake/cmake)
[0.602s] -- Found rmw_fastrtps_cpp: 6.2.7 (/opt/ros/humble/share/rmw_fastrtps_cpp/cmake)
[0.725s] -- Using RMW implementation 'rmw_fastrtps_cpp' as default
[0.772s] -- Found tf2_eigen: 0.25.8 (/opt/ros/humble/share/tf2_eigen/cmake)
[0.876s] -- Found ament_lint_auto: 0.12.11 (/opt/ros/humble/share/ament_lint_auto/cmake)
[0.876s] -- Found ament_cmake_gtest: 1.3.10 (/opt/ros/humble/share/ament_cmake_gtest/cmake)
[0.879s] -- Found ros_testing: 0.4.0 (/opt/ros/humble/share/ros_testing/cmake)
[0.882s] -- Found launch_testing_ament_cmake: 1.0.6 (/opt/ros/humble/share/launch_testing_ament_cmake/cmake)
[0.884s] -- Found python_cmake_module: 0.10.0 (/opt/ros/humble/share/python_cmake_module/cmake)
[0.901s] -- Found PythonInterp: /home/kmw/miniconda3/envs/ros2_py310/bin/python3 (found suitable version "3.10.14", minimum required is "3.6") 
[0.905s] -- Found PythonLibs: /home/kmw/miniconda3/envs/ros2_py310/lib/libpython3.10.so (found suitable version "3.10.14", minimum required is "3.5") 
[0.905s] -- Using PYTHON_EXECUTABLE: /home/kmw/miniconda3/envs/ros2_py310/bin/python3
[0.906s] -- Using PYTHON_INCLUDE_DIRS: /home/kmw/miniconda3/envs/ros2_py310/include/python3.10
[0.906s] -- Using PYTHON_LIBRARIES: /home/kmw/miniconda3/envs/ros2_py310/lib/libpython3.10.so
[0.923s] -- Found PythonExtra: .so  
[1.054s] -- Found gtest sources under '/opt/ros/humble/src/gtest_vendor': C++ tests using 'Google Test' will be built
[1.063s] -- Added test 'copyright' to check source files copyright and LICENSE
[1.064s] -- Added test 'lint_cmake' to check CMake code style
[1.065s] -- Added test 'pep257' to check Python code against some of the docstring style conventions in PEP 257
[1.067s] -- Added test 'xmllint' to check XML markup files
[1.069s] -- Configuring done
[1.102s] -- Generating done
[1.115s] -- Build files have been written to: /home/kmw/trees_ws/build/rosparam_shortcuts
[1.131s] Invoked command in '/home/kmw/trees_ws/build/rosparam_shortcuts' returned '0': CMAKE_PREFIX_PATH=/opt/ros/humble CONDA_PROMPT_MODIFIER=(ros2_py310) /usr/bin/cmake /home/kmw/trees_ws/src/rosparam_shortcuts -DCMAKE_INSTALL_PREFIX=/home/kmw/trees_ws/install/rosparam_shortcuts
[1.134s] Invoking command in '/home/kmw/trees_ws/build/rosparam_shortcuts': CMAKE_PREFIX_PATH=/opt/ros/humble CONDA_PROMPT_MODIFIER=(ros2_py310) /usr/bin/cmake --build /home/kmw/trees_ws/build/rosparam_shortcuts -- -j8 -l8
[1.196s] [  7%] [32mBuilding CXX object gtest/CMakeFiles/gtest.dir/src/gtest-all.cc.o[0m
[1.197s] [ 15%] [32mBuilding CXX object gtest/CMakeFiles/gtest_main.dir/src/gtest_main.cc.o[0m
[1.201s] [ 30%] [32mBuilding CXX object CMakeFiles/rosparam_shortcuts.dir/src/node_parameters.cpp.o[0m
[1.201s] [ 30%] [32mBuilding CXX object CMakeFiles/rosparam_shortcuts.dir/src/rosparam_shortcuts.cpp.o[0m
[3.396s] [ 38%] [32m[1mLinking CXX static library libgtest_main.a[0m
[3.449s] [ 38%] Built target gtest_main
[7.916s] [ 46%] [32m[1mLinking CXX static library libgtest.a[0m
[8.147s] [ 46%] Built target gtest
[12.665s] [ 53%] [32m[1mLinking CXX shared library librosparam_shortcuts.so[0m
[13.351s] [ 53%] Built target rosparam_shortcuts
[13.435s] [ 61%] [32mBuilding CXX object CMakeFiles/rosparam_shortcuts_example.dir/src/example.cpp.o[0m
[13.443s] [ 69%] [32mBuilding CXX object CMakeFiles/rosparam_shortcuts_node_parameters_example.dir/src/node_parameters_example.cpp.o[0m
[13.452s] [ 76%] [32mBuilding CXX object CMakeFiles/test_node_parameters.dir/test/test_node_parameters.cpp.o[0m
[25.914s] [ 84%] [32m[1mLinking CXX executable node_parameters_example[0m
[26.741s] [ 84%] Built target rosparam_shortcuts_node_parameters_example
[27.510s] [ 92%] [32m[1mLinking CXX executable example[0m
[28.249s] [ 92%] Built target rosparam_shortcuts_example
[32.533s] [100%] [32m[1mLinking CXX executable test_node_parameters[0m
[33.511s] [100%] Built target test_node_parameters
[33.555s] Invoked command in '/home/kmw/trees_ws/build/rosparam_shortcuts' returned '0': CMAKE_PREFIX_PATH=/opt/ros/humble CONDA_PROMPT_MODIFIER=(ros2_py310) /usr/bin/cmake --build /home/kmw/trees_ws/build/rosparam_shortcuts -- -j8 -l8
[33.562s] Invoking command in '/home/kmw/trees_ws/build/rosparam_shortcuts': CMAKE_PREFIX_PATH=/opt/ros/humble CONDA_PROMPT_MODIFIER=(ros2_py310) /usr/bin/cmake --install /home/kmw/trees_ws/build/rosparam_shortcuts
[33.591s] -- Install configuration: ""
[33.591s] -- Installing: /home/kmw/trees_ws/install/rosparam_shortcuts/lib/librosparam_shortcuts.so
[33.593s] -- Set runtime path of "/home/kmw/trees_ws/install/rosparam_shortcuts/lib/librosparam_shortcuts.so" to ""
[33.601s] -- Installing: /home/kmw/trees_ws/install/rosparam_shortcuts/lib/rosparam_shortcuts/example
[33.603s] -- Set runtime path of "/home/kmw/trees_ws/install/rosparam_shortcuts/lib/rosparam_shortcuts/example" to ""
[33.603s] -- Installing: /home/kmw/trees_ws/install/rosparam_shortcuts/lib/rosparam_shortcuts/node_parameters_example
[33.603s] -- Set runtime path of "/home/kmw/trees_ws/install/rosparam_shortcuts/lib/rosparam_shortcuts/node_parameters_example" to ""
[33.603s] -- Installing: /home/kmw/trees_ws/install/rosparam_shortcuts/include
[33.603s] -- Installing: /home/kmw/trees_ws/install/rosparam_shortcuts/include/rosparam_shortcuts
[33.603s] -- Installing: /home/kmw/trees_ws/install/rosparam_shortcuts/include/rosparam_shortcuts/node_parameters.h
[33.604s] -- Installing: /home/kmw/trees_ws/install/rosparam_shortcuts/include/rosparam_shortcuts/rosparam_shortcuts.h
[33.605s] -- Installing: /home/kmw/trees_ws/install/rosparam_shortcuts/share/rosparam_shortcuts/launch
[33.605s] -- Installing: /home/kmw/trees_ws/install/rosparam_shortcuts/share/rosparam_shortcuts/launch/example.launch.py
[33.606s] -- Installing: /home/kmw/trees_ws/install/rosparam_shortcuts/share/rosparam_shortcuts/config
[33.606s] -- Installing: /home/kmw/trees_ws/install/rosparam_shortcuts/share/rosparam_shortcuts/config/example.yaml
[33.607s] -- Installing: /home/kmw/trees_ws/install/rosparam_shortcuts/share/rosparam_shortcuts/environment/library_path.sh
[33.607s] -- Installing: /home/kmw/trees_ws/install/rosparam_shortcuts/share/rosparam_shortcuts/environment/library_path.dsv
[33.614s] -- Installing: /home/kmw/trees_ws/install/rosparam_shortcuts/share/ament_index/resource_index/package_run_dependencies/rosparam_shortcuts
[33.614s] -- Installing: /home/kmw/trees_ws/install/rosparam_shortcuts/share/ament_index/resource_index/parent_prefix_path/rosparam_shortcuts
[33.614s] -- Installing: /home/kmw/trees_ws/install/rosparam_shortcuts/share/rosparam_shortcuts/environment/ament_prefix_path.sh
[33.615s] -- Installing: /home/kmw/trees_ws/install/rosparam_shortcuts/share/rosparam_shortcuts/environment/ament_prefix_path.dsv
[33.616s] -- Installing: /home/kmw/trees_ws/install/rosparam_shortcuts/share/rosparam_shortcuts/environment/path.sh
[33.621s] -- Installing: /home/kmw/trees_ws/install/rosparam_shortcuts/share/rosparam_shortcuts/environment/path.dsv
[33.622s] -- Installing: /home/kmw/trees_ws/install/rosparam_shortcuts/share/rosparam_shortcuts/local_setup.bash
[33.623s] -- Installing: /home/kmw/trees_ws/install/rosparam_shortcuts/share/rosparam_shortcuts/local_setup.sh
[33.623s] -- Installing: /home/kmw/trees_ws/install/rosparam_shortcuts/share/rosparam_shortcuts/local_setup.zsh
[33.624s] -- Installing: /home/kmw/trees_ws/install/rosparam_shortcuts/share/rosparam_shortcuts/local_setup.dsv
[33.624s] -- Installing: /home/kmw/trees_ws/install/rosparam_shortcuts/share/rosparam_shortcuts/package.dsv
[33.625s] -- Installing: /home/kmw/trees_ws/install/rosparam_shortcuts/share/ament_index/resource_index/packages/rosparam_shortcuts
[33.626s] -- Installing: /home/kmw/trees_ws/install/rosparam_shortcuts/share/rosparam_shortcuts/cmake/export_rosparam_shortcutsExport.cmake
[33.632s] -- Installing: /home/kmw/trees_ws/install/rosparam_shortcuts/share/rosparam_shortcuts/cmake/export_rosparam_shortcutsExport-noconfig.cmake
[33.632s] -- Installing: /home/kmw/trees_ws/install/rosparam_shortcuts/share/rosparam_shortcuts/cmake/ament_cmake_export_targets-extras.cmake
[33.632s] -- Installing: /home/kmw/trees_ws/install/rosparam_shortcuts/share/rosparam_shortcuts/cmake/ament_cmake_export_dependencies-extras.cmake
[33.633s] -- Installing: /home/kmw/trees_ws/install/rosparam_shortcuts/share/rosparam_shortcuts/cmake/rosparam_shortcutsConfig.cmake
[33.633s] -- Installing: /home/kmw/trees_ws/install/rosparam_shortcuts/share/rosparam_shortcuts/cmake/rosparam_shortcutsConfig-version.cmake
[33.637s] -- Installing: /home/kmw/trees_ws/install/rosparam_shortcuts/share/rosparam_shortcuts/package.xml
[33.639s] Invoked command in '/home/kmw/trees_ws/build/rosparam_shortcuts' returned '0': CMAKE_PREFIX_PATH=/opt/ros/humble CONDA_PROMPT_MODIFIER=(ros2_py310) /usr/bin/cmake --install /home/kmw/trees_ws/build/rosparam_shortcuts
