[3.325s] Invoking command in '/home/kmw/trees_ws/src/py_trees_ros_tutorials': AMENT_PREFIX_PATH=/home/kmw/trees_ws/install/py_trees_ros:/home/kmw/trees_ws/install/test_tree:/home/kmw/trees_ws/install/py_trees_ros_viewer:/home/kmw/trees_ws/install/py_trees_ros_tutorials:/opt/ros/humble CONDA_PROMPT_MODIFIER=(ros2_py310) PATH=/home/kmw/trees_ws/install/py_trees_ros/bin:/home/kmw/trees_ws/install/py_trees_ros_viewer/bin:/opt/ros/humble/bin:/home/kmw/gems/bin:/home/kmw/gems/bin:/home/kmw/miniconda3/envs/ros2_py310/bin:/home/kmw/miniconda3/condabin:/home/kmw/.cargo/bin:/home/kmw/.local/bin:/usr/local/sbin:/usr/local/bin:/usr/sbin:/usr/bin:/sbin:/bin:/usr/games:/usr/local/games:/snap/bin:/snap/bin PYTHONPATH=/home/kmw/trees_ws/build/py_trees_ros_tutorials/prefix_override:/usr/lib/python3/dist-packages/colcon_core/task/python/colcon_distutils_commands:/home/kmw/trees_ws/install/py_trees_ros_tutorials/lib/python3.10/site-packages:/home/kmw/trees_ws/install/py_trees_ros/lib/python3.10/site-packages:/home/kmw/trees_ws/install/test_tree/lib/python3.10/site-packages:/home/kmw/trees_ws/install/py_trees_ros_viewer/lib/python3.10/site-packages:/home/kmw/trees_ws/install/py_trees_ros_tutorials/lib/python3.10/site-packages:/opt/ros/humble/lib/python3.10/site-packages:/opt/ros/humble/local/lib/python3.10/dist-packages:/home/kmw/miniconda3/envs/ros2_py310/lib/python3.10/site-packages/ /usr/bin/python3 -W ignore:setup.py install is deprecated -W ignore:easy_install command is deprecated setup.py egg_info --egg-base ../../build/py_trees_ros_tutorials build --build-base /home/kmw/trees_ws/build/py_trees_ros_tutorials/build install --record /home/kmw/trees_ws/build/py_trees_ros_tutorials/install.log --single-version-externally-managed install_data
[3.390s] /home/kmw/trees_ws/src/py_trees_ros_tutorials/setup.py:5: DeprecationWarning: The distutils package is deprecated and slated for removal in Python 3.12. Use setuptools or check PEP 632 for potential alternatives
[3.390s]   from distutils import log
[3.399s] /home/kmw/miniconda3/envs/ros2_py310/lib/python3.10/site-packages/_distutils_hack/__init__.py:15: UserWarning: Distutils was imported before Setuptools, but importing Setuptools also replaces the `distutils` module in `sys.modules`. This may lead to undesirable behaviors or errors. To avoid these issues, avoid using distutils directly, ensure that setuptools is installed in the traditional way (e.g. not an editable install), and/or make sure that setuptools is always imported before distutils.
[3.399s]   warnings.warn(
[3.400s] /home/kmw/miniconda3/envs/ros2_py310/lib/python3.10/site-packages/_distutils_hack/__init__.py:30: UserWarning: Setuptools is replacing distutils. Support for replacing an already imported distutils is deprecated. In the future, this condition will fail. Register concerns at https://github.com/pypa/setuptools/issues/new?template=distutils-deprecation.yml
[3.400s]   warnings.warn(
[4.137s] running egg_info
[4.178s] writing ../../build/py_trees_ros_tutorials/py_trees_ros_tutorials.egg-info/PKG-INFO
[4.180s] writing dependency_links to ../../build/py_trees_ros_tutorials/py_trees_ros_tutorials.egg-info/dependency_links.txt
[4.181s] writing entry points to ../../build/py_trees_ros_tutorials/py_trees_ros_tutorials.egg-info/entry_points.txt
[4.182s] writing top-level names to ../../build/py_trees_ros_tutorials/py_trees_ros_tutorials.egg-info/top_level.txt
[4.264s] reading manifest file '../../build/py_trees_ros_tutorials/py_trees_ros_tutorials.egg-info/SOURCES.txt'
[4.266s] adding license file 'LICENSE'
[4.269s] writing manifest file '../../build/py_trees_ros_tutorials/py_trees_ros_tutorials.egg-info/SOURCES.txt'
[4.269s] running build
[4.270s] running build_py
[4.270s] copying py_trees_ros_tutorials/behaviours.py -> /home/kmw/trees_ws/build/py_trees_ros_tutorials/build/lib/py_trees_ros_tutorials
[4.271s] copying py_trees_ros_tutorials/seven_docking_cancelling_failing.py -> /home/kmw/trees_ws/build/py_trees_ros_tutorials/build/lib/py_trees_ros_tutorials
[4.271s] copying py_trees_ros_tutorials/five_action_clients.py -> /home/kmw/trees_ws/build/py_trees_ros_tutorials/build/lib/py_trees_ros_tutorials
[4.272s] copying py_trees_ros_tutorials/__init__.py -> /home/kmw/trees_ws/build/py_trees_ros_tutorials/build/lib/py_trees_ros_tutorials
[4.272s] copying py_trees_ros_tutorials/six_context_switching.py -> /home/kmw/trees_ws/build/py_trees_ros_tutorials/build/lib/py_trees_ros_tutorials
[4.272s] copying py_trees_ros_tutorials/eight_dynamic_application_loading.py -> /home/kmw/trees_ws/build/py_trees_ros_tutorials/build/lib/py_trees_ros_tutorials
[4.273s] copying py_trees_ros_tutorials/one_data_gathering.py -> /home/kmw/trees_ws/build/py_trees_ros_tutorials/build/lib/py_trees_ros_tutorials
[4.273s] copying py_trees_ros_tutorials/two_battery_check.py -> /home/kmw/trees_ws/build/py_trees_ros_tutorials/build/lib/py_trees_ros_tutorials
[4.274s] copying py_trees_ros_tutorials/version.py -> /home/kmw/trees_ws/build/py_trees_ros_tutorials/build/lib/py_trees_ros_tutorials
[4.275s] copying py_trees_ros_tutorials/mock/move_base.py -> /home/kmw/trees_ws/build/py_trees_ros_tutorials/build/lib/py_trees_ros_tutorials/mock
[4.275s] copying py_trees_ros_tutorials/mock/led_strip.py -> /home/kmw/trees_ws/build/py_trees_ros_tutorials/build/lib/py_trees_ros_tutorials/mock
[4.275s] copying py_trees_ros_tutorials/mock/rotate.py -> /home/kmw/trees_ws/build/py_trees_ros_tutorials/build/lib/py_trees_ros_tutorials/mock
[4.276s] copying py_trees_ros_tutorials/mock/safety_sensors.py -> /home/kmw/trees_ws/build/py_trees_ros_tutorials/build/lib/py_trees_ros_tutorials/mock
[4.276s] copying py_trees_ros_tutorials/mock/__init__.py -> /home/kmw/trees_ws/build/py_trees_ros_tutorials/build/lib/py_trees_ros_tutorials/mock
[4.276s] copying py_trees_ros_tutorials/mock/battery.py -> /home/kmw/trees_ws/build/py_trees_ros_tutorials/build/lib/py_trees_ros_tutorials/mock
[4.277s] copying py_trees_ros_tutorials/mock/dashboard.py -> /home/kmw/trees_ws/build/py_trees_ros_tutorials/build/lib/py_trees_ros_tutorials/mock
[4.277s] copying py_trees_ros_tutorials/mock/launch.py -> /home/kmw/trees_ws/build/py_trees_ros_tutorials/build/lib/py_trees_ros_tutorials/mock
[4.278s] copying py_trees_ros_tutorials/mock/actions.py -> /home/kmw/trees_ws/build/py_trees_ros_tutorials/build/lib/py_trees_ros_tutorials/mock
[4.278s] copying py_trees_ros_tutorials/mock/dock.py -> /home/kmw/trees_ws/build/py_trees_ros_tutorials/build/lib/py_trees_ros_tutorials/mock
[4.279s] copying py_trees_ros_tutorials/mock/gui/configuration_group_box.py -> /home/kmw/trees_ws/build/py_trees_ros_tutorials/build/lib/py_trees_ros_tutorials/mock/gui
[4.279s] copying py_trees_ros_tutorials/mock/gui/__init__.py -> /home/kmw/trees_ws/build/py_trees_ros_tutorials/build/lib/py_trees_ros_tutorials/mock/gui
[4.280s] copying py_trees_ros_tutorials/mock/gui/main_window_rc.py -> /home/kmw/trees_ws/build/py_trees_ros_tutorials/build/lib/py_trees_ros_tutorials/mock/gui
[4.282s] copying py_trees_ros_tutorials/mock/gui/main_window.py -> /home/kmw/trees_ws/build/py_trees_ros_tutorials/build/lib/py_trees_ros_tutorials/mock/gui
[4.282s] copying py_trees_ros_tutorials/mock/gui/configuration_group_box_ui.py -> /home/kmw/trees_ws/build/py_trees_ros_tutorials/build/lib/py_trees_ros_tutorials/mock/gui
[4.283s] copying py_trees_ros_tutorials/mock/gui/dashboard_group_box.py -> /home/kmw/trees_ws/build/py_trees_ros_tutorials/build/lib/py_trees_ros_tutorials/mock/gui
[4.283s] copying py_trees_ros_tutorials/mock/gui/dashboard_group_box_ui.py -> /home/kmw/trees_ws/build/py_trees_ros_tutorials/build/lib/py_trees_ros_tutorials/mock/gui
[4.284s] copying py_trees_ros_tutorials/mock/gui/main_window_ui.py -> /home/kmw/trees_ws/build/py_trees_ros_tutorials/build/lib/py_trees_ros_tutorials/mock/gui
[4.285s] copying py_trees_ros_tutorials/mock/gui/dashboard_group_box.ui -> /home/kmw/trees_ws/build/py_trees_ros_tutorials/build/lib/py_trees_ros_tutorials/mock/gui
[4.286s] copying py_trees_ros_tutorials/mock/gui/configuration_group_box.ui -> /home/kmw/trees_ws/build/py_trees_ros_tutorials/build/lib/py_trees_ros_tutorials/mock/gui
[4.286s] copying py_trees_ros_tutorials/mock/gui/configuration_group_box.py -> /home/kmw/trees_ws/build/py_trees_ros_tutorials/build/lib/py_trees_ros_tutorials/mock/gui
[4.287s] copying py_trees_ros_tutorials/mock/gui/__init__.py -> /home/kmw/trees_ws/build/py_trees_ros_tutorials/build/lib/py_trees_ros_tutorials/mock/gui
[4.287s] copying py_trees_ros_tutorials/mock/gui/main_window_rc.py -> /home/kmw/trees_ws/build/py_trees_ros_tutorials/build/lib/py_trees_ros_tutorials/mock/gui
[4.288s] copying py_trees_ros_tutorials/mock/gui/main_window.py -> /home/kmw/trees_ws/build/py_trees_ros_tutorials/build/lib/py_trees_ros_tutorials/mock/gui
[4.288s] copying py_trees_ros_tutorials/mock/gui/gen.bash -> /home/kmw/trees_ws/build/py_trees_ros_tutorials/build/lib/py_trees_ros_tutorials/mock/gui
[4.289s] copying py_trees_ros_tutorials/mock/gui/configuration_group_box_ui.py -> /home/kmw/trees_ws/build/py_trees_ros_tutorials/build/lib/py_trees_ros_tutorials/mock/gui
[4.289s] copying py_trees_ros_tutorials/mock/gui/tuxrobot.png -> /home/kmw/trees_ws/build/py_trees_ros_tutorials/build/lib/py_trees_ros_tutorials/mock/gui
[4.290s] copying py_trees_ros_tutorials/mock/gui/main_window.ui -> /home/kmw/trees_ws/build/py_trees_ros_tutorials/build/lib/py_trees_ros_tutorials/mock/gui
[4.290s] copying py_trees_ros_tutorials/mock/gui/main_window.qrc -> /home/kmw/trees_ws/build/py_trees_ros_tutorials/build/lib/py_trees_ros_tutorials/mock/gui
[4.291s] copying py_trees_ros_tutorials/mock/gui/dashboard_group_box.py -> /home/kmw/trees_ws/build/py_trees_ros_tutorials/build/lib/py_trees_ros_tutorials/mock/gui
[4.291s] copying py_trees_ros_tutorials/mock/gui/dashboard_group_box_ui.py -> /home/kmw/trees_ws/build/py_trees_ros_tutorials/build/lib/py_trees_ros_tutorials/mock/gui
[4.292s] copying py_trees_ros_tutorials/mock/gui/main_window_ui.py -> /home/kmw/trees_ws/build/py_trees_ros_tutorials/build/lib/py_trees_ros_tutorials/mock/gui
[4.293s] running install
[4.304s] running install_lib
[4.345s] running install_data
[4.346s] copying package.xml -> /home/kmw/trees_ws/install/py_trees_ros_tutorials/share/py_trees_ros_tutorials
[4.346s] copying resources/py_trees_ros_tutorials -> /home/kmw/trees_ws/install/py_trees_ros_tutorials/share/ament_index/resource_index/packages
[4.347s] copying launch/tutorial_one_data_gathering_launch.py -> /home/kmw/trees_ws/install/py_trees_ros_tutorials/share/py_trees_ros_tutorials/launch
[4.347s] copying launch/tutorial_six_context_switching_launch.py -> /home/kmw/trees_ws/install/py_trees_ros_tutorials/share/py_trees_ros_tutorials/launch
[4.347s] copying launch/tutorial_three_introspect_the_blackboard_launch.py -> /home/kmw/trees_ws/install/py_trees_ros_tutorials/share/py_trees_ros_tutorials/launch
[4.348s] copying launch/mock_robot_launch.py -> /home/kmw/trees_ws/install/py_trees_ros_tutorials/share/py_trees_ros_tutorials/launch
[4.348s] copying launch/tutorial_eight_dynamic_application_loading_launch.py -> /home/kmw/trees_ws/install/py_trees_ros_tutorials/share/py_trees_ros_tutorials/launch
[4.349s] copying launch/tutorial_four_introspect_the_tree_launch.py -> /home/kmw/trees_ws/install/py_trees_ros_tutorials/share/py_trees_ros_tutorials/launch
[4.349s] copying launch/tutorial_two_battery_check_launch.py -> /home/kmw/trees_ws/install/py_trees_ros_tutorials/share/py_trees_ros_tutorials/launch
[4.350s] copying launch/tutorial_seven_docking_cancelling_failing_launch.py -> /home/kmw/trees_ws/install/py_trees_ros_tutorials/share/py_trees_ros_tutorials/launch
[4.350s] copying launch/tutorial_five_action_clients_launch.py -> /home/kmw/trees_ws/install/py_trees_ros_tutorials/share/py_trees_ros_tutorials/launch
[4.350s] running install_egg_info
[4.389s] removing '/home/kmw/trees_ws/install/py_trees_ros_tutorials/lib/python3.10/site-packages/py_trees_ros_tutorials-2.1.0-py3.10.egg-info' (and everything under it)
[4.390s] Copying ../../build/py_trees_ros_tutorials/py_trees_ros_tutorials.egg-info to /home/kmw/trees_ws/install/py_trees_ros_tutorials/lib/python3.10/site-packages/py_trees_ros_tutorials-2.1.0-py3.10.egg-info
[4.391s] running install_scripts
[4.471s] Installing mock-battery script to /home/kmw/trees_ws/install/py_trees_ros_tutorials/lib/py_trees_ros_tutorials
[4.472s] Installing mock-dashboard script to /home/kmw/trees_ws/install/py_trees_ros_tutorials/lib/py_trees_ros_tutorials
[4.472s] Installing mock-dock-client script to /home/kmw/trees_ws/install/py_trees_ros_tutorials/lib/py_trees_ros_tutorials
[4.472s] Installing mock-docking-controller script to /home/kmw/trees_ws/install/py_trees_ros_tutorials/lib/py_trees_ros_tutorials
[4.473s] Installing mock-led-strip script to /home/kmw/trees_ws/install/py_trees_ros_tutorials/lib/py_trees_ros_tutorials
[4.473s] Installing mock-move-base script to /home/kmw/trees_ws/install/py_trees_ros_tutorials/lib/py_trees_ros_tutorials
[4.473s] Installing mock-move-base-client script to /home/kmw/trees_ws/install/py_trees_ros_tutorials/lib/py_trees_ros_tutorials
[4.474s] Installing mock-rotate-client script to /home/kmw/trees_ws/install/py_trees_ros_tutorials/lib/py_trees_ros_tutorials
[4.474s] Installing mock-rotation-controller script to /home/kmw/trees_ws/install/py_trees_ros_tutorials/lib/py_trees_ros_tutorials
[4.474s] Installing mock-safety-sensors script to /home/kmw/trees_ws/install/py_trees_ros_tutorials/lib/py_trees_ros_tutorials
[4.475s] Installing tree-action-clients script to /home/kmw/trees_ws/install/py_trees_ros_tutorials/lib/py_trees_ros_tutorials
[4.475s] Installing tree-battery-check script to /home/kmw/trees_ws/install/py_trees_ros_tutorials/lib/py_trees_ros_tutorials
[4.475s] Installing tree-context-switching script to /home/kmw/trees_ws/install/py_trees_ros_tutorials/lib/py_trees_ros_tutorials
[4.476s] Installing tree-data-gathering script to /home/kmw/trees_ws/install/py_trees_ros_tutorials/lib/py_trees_ros_tutorials
[4.476s] Installing tree-docking-cancelling-failing script to /home/kmw/trees_ws/install/py_trees_ros_tutorials/lib/py_trees_ros_tutorials
[4.476s] Installing tree-dynamic-application-loading script to /home/kmw/trees_ws/install/py_trees_ros_tutorials/lib/py_trees_ros_tutorials
[4.478s] writing list of installed files to '/home/kmw/trees_ws/build/py_trees_ros_tutorials/install.log'
[4.640s] Invoked command in '/home/kmw/trees_ws/src/py_trees_ros_tutorials' returned '0': AMENT_PREFIX_PATH=/home/kmw/trees_ws/install/py_trees_ros:/home/kmw/trees_ws/install/test_tree:/home/kmw/trees_ws/install/py_trees_ros_viewer:/home/kmw/trees_ws/install/py_trees_ros_tutorials:/opt/ros/humble CONDA_PROMPT_MODIFIER=(ros2_py310) PATH=/home/kmw/trees_ws/install/py_trees_ros/bin:/home/kmw/trees_ws/install/py_trees_ros_viewer/bin:/opt/ros/humble/bin:/home/kmw/gems/bin:/home/kmw/gems/bin:/home/kmw/miniconda3/envs/ros2_py310/bin:/home/kmw/miniconda3/condabin:/home/kmw/.cargo/bin:/home/kmw/.local/bin:/usr/local/sbin:/usr/local/bin:/usr/sbin:/usr/bin:/sbin:/bin:/usr/games:/usr/local/games:/snap/bin:/snap/bin PYTHONPATH=/home/kmw/trees_ws/build/py_trees_ros_tutorials/prefix_override:/usr/lib/python3/dist-packages/colcon_core/task/python/colcon_distutils_commands:/home/kmw/trees_ws/install/py_trees_ros_tutorials/lib/python3.10/site-packages:/home/kmw/trees_ws/install/py_trees_ros/lib/python3.10/site-packages:/home/kmw/trees_ws/install/test_tree/lib/python3.10/site-packages:/home/kmw/trees_ws/install/py_trees_ros_viewer/lib/python3.10/site-packages:/home/kmw/trees_ws/install/py_trees_ros_tutorials/lib/python3.10/site-packages:/opt/ros/humble/lib/python3.10/site-packages:/opt/ros/humble/local/lib/python3.10/dist-packages:/home/kmw/miniconda3/envs/ros2_py310/lib/python3.10/site-packages/ /usr/bin/python3 -W ignore:setup.py install is deprecated -W ignore:easy_install command is deprecated setup.py egg_info --egg-base ../../build/py_trees_ros_tutorials build --build-base /home/kmw/trees_ws/build/py_trees_ros_tutorials/build install --record /home/kmw/trees_ws/build/py_trees_ros_tutorials/install.log --single-version-externally-managed install_data
