[9.441s] Invoking command in '/home/pi/arm_ws/src/turtle_con': PYTHONPATH=/home/pi/arm_ws/build/turtle_con/prefix_override:/usr/lib/python3/dist-packages/colcon_core/task/python/colcon_distutils_commands:/home/pi/arm_ws/install/turtle_con/lib/python3.8/site-packages:${PYTHONPATH} /usr/bin/python3 -W ignore:setup.py install is deprecated setup.py egg_info --egg-base ../../build/turtle_con build --build-base /home/pi/arm_ws/build/turtle_con/build install --record /home/pi/arm_ws/build/turtle_con/install.log --install-scripts $base/lib/turtle_con --single-version-externally-managed install_data
[11.914s] running egg_info
[11.920s] writing ../../build/turtle_con/turtle_con.egg-info/PKG-INFO
[11.922s] writing dependency_links to ../../build/turtle_con/turtle_con.egg-info/dependency_links.txt
[11.924s] writing entry points to ../../build/turtle_con/turtle_con.egg-info/entry_points.txt
[11.926s] writing requirements to ../../build/turtle_con/turtle_con.egg-info/requires.txt
[11.928s] writing top-level names to ../../build/turtle_con/turtle_con.egg-info/top_level.txt
[12.284s] reading manifest file '../../build/turtle_con/turtle_con.egg-info/SOURCES.txt'
[12.294s] writing manifest file '../../build/turtle_con/turtle_con.egg-info/SOURCES.txt'
[12.295s] running build
[12.296s] running build_py
[12.300s] running install
[12.307s] running install_lib
[12.323s] running install_data
[12.325s] running install_egg_info
[12.341s] removing '/home/pi/arm_ws/install/turtle_con/lib/python3.8/site-packages/turtle_con-0.0.0-py3.8.egg-info' (and everything under it)
[12.345s] Copying ../../build/turtle_con/turtle_con.egg-info to /home/pi/arm_ws/install/turtle_con/lib/python3.8/site-packages/turtle_con-0.0.0-py3.8.egg-info
[12.358s] running install_scripts
[12.530s] Installing move_qr script to /home/pi/arm_ws/install/turtle_con/lib/turtle_con
[12.533s] Installing turtle_ros2_con script to /home/pi/arm_ws/install/turtle_con/lib/turtle_con
[12.535s] Installing with_qr script to /home/pi/arm_ws/install/turtle_con/lib/turtle_con
[12.541s] writing list of installed files to '/home/pi/arm_ws/build/turtle_con/install.log'
[12.815s] Invoked command in '/home/pi/arm_ws/src/turtle_con' returned '0': PYTHONPATH=/home/pi/arm_ws/build/turtle_con/prefix_override:/usr/lib/python3/dist-packages/colcon_core/task/python/colcon_distutils_commands:/home/pi/arm_ws/install/turtle_con/lib/python3.8/site-packages:${PYTHONPATH} /usr/bin/python3 -W ignore:setup.py install is deprecated setup.py egg_info --egg-base ../../build/turtle_con build --build-base /home/pi/arm_ws/build/turtle_con/build install --record /home/pi/arm_ws/build/turtle_con/install.log --install-scripts $base/lib/turtle_con --single-version-externally-managed install_data
