[10.395s] Invoking command in '/home/pi/arm_ws/src/turtle_con': PYTHONPATH=/home/pi/arm_ws/build/turtle_con/prefix_override:/usr/lib/python3/dist-packages/colcon_core/task/python/colcon_distutils_commands:/home/pi/arm_ws/install/turtle_con/lib/python3.8/site-packages:${PYTHONPATH} /usr/bin/python3 -W ignore:setup.py install is deprecated setup.py egg_info --egg-base ../../build/turtle_con build --build-base /home/pi/arm_ws/build/turtle_con/build install --record /home/pi/arm_ws/build/turtle_con/install.log --install-scripts $base/lib/turtle_con --single-version-externally-managed install_data
[13.517s] running egg_info
[13.526s] writing ../../build/turtle_con/turtle_con.egg-info/PKG-INFO
[13.527s] writing dependency_links to ../../build/turtle_con/turtle_con.egg-info/dependency_links.txt
[13.532s] writing entry points to ../../build/turtle_con/turtle_con.egg-info/entry_points.txt
[13.536s] writing requirements to ../../build/turtle_con/turtle_con.egg-info/requires.txt
[13.539s] writing top-level names to ../../build/turtle_con/turtle_con.egg-info/top_level.txt
[13.909s] reading manifest file '../../build/turtle_con/turtle_con.egg-info/SOURCES.txt'
[13.919s] writing manifest file '../../build/turtle_con/turtle_con.egg-info/SOURCES.txt'
[13.920s] running build
[13.921s] running build_py
[13.923s] copying turtle_con/qr_log.py -> /home/pi/arm_ws/build/turtle_con/build/lib/turtle_con
[13.927s] running install
[13.934s] running install_lib
[13.944s] copying /home/pi/arm_ws/build/turtle_con/build/lib/turtle_con/qr_log.py -> /home/pi/arm_ws/install/turtle_con/lib/python3.8/site-packages/turtle_con
[13.951s] byte-compiling /home/pi/arm_ws/install/turtle_con/lib/python3.8/site-packages/turtle_con/qr_log.py to qr_log.cpython-38.pyc
[13.974s] running install_data
[13.975s] running install_egg_info
[13.989s] removing '/home/pi/arm_ws/install/turtle_con/lib/python3.8/site-packages/turtle_con-0.0.0-py3.8.egg-info' (and everything under it)
[14.007s] Copying ../../build/turtle_con/turtle_con.egg-info to /home/pi/arm_ws/install/turtle_con/lib/python3.8/site-packages/turtle_con-0.0.0-py3.8.egg-info
[14.014s] running install_scripts
[14.162s] Installing move_qr script to /home/pi/arm_ws/install/turtle_con/lib/turtle_con
[14.164s] Installing qr_log script to /home/pi/arm_ws/install/turtle_con/lib/turtle_con
[14.166s] Installing turtle_ros2_con script to /home/pi/arm_ws/install/turtle_con/lib/turtle_con
[14.168s] Installing with_qr script to /home/pi/arm_ws/install/turtle_con/lib/turtle_con
[14.172s] writing list of installed files to '/home/pi/arm_ws/build/turtle_con/install.log'
[14.343s] Invoked command in '/home/pi/arm_ws/src/turtle_con' returned '0': PYTHONPATH=/home/pi/arm_ws/build/turtle_con/prefix_override:/usr/lib/python3/dist-packages/colcon_core/task/python/colcon_distutils_commands:/home/pi/arm_ws/install/turtle_con/lib/python3.8/site-packages:${PYTHONPATH} /usr/bin/python3 -W ignore:setup.py install is deprecated setup.py egg_info --egg-base ../../build/turtle_con build --build-base /home/pi/arm_ws/build/turtle_con/build install --record /home/pi/arm_ws/build/turtle_con/install.log --install-scripts $base/lib/turtle_con --single-version-externally-managed install_data
