[0.121s] DEBUG:colcon:Command line arguments: ['/usr/bin/colcon', 'build']
[0.121s] DEBUG:colcon:Parsed command line arguments: Namespace(log_base=None, log_level=None, verb_name='build', build_base='build', install_base='install', merge_install=False, symlink_install=False, test_result_base=None, continue_on_error=False, executor='parallel', parallel_workers=20, event_handlers=None, ignore_user_meta=False, metas=['./colcon.meta'], base_paths=['.'], packages_ignore=None, packages_ignore_regex=None, paths=None, packages_up_to=None, packages_up_to_regex=None, packages_above=None, packages_above_and_dependencies=None, packages_above_depth=None, packages_select_by_dep=None, packages_skip_by_dep=None, packages_skip_up_to=None, packages_select_build_failed=False, packages_skip_build_finished=False, packages_select_test_failures=False, packages_skip_test_passed=False, packages_select=None, packages_skip=None, packages_select_regex=None, packages_skip_regex=None, packages_start=None, packages_end=None, allow_overriding=[], cmake_args=None, cmake_target=None, cmake_target_skip_unavailable=False, cmake_clean_cache=False, cmake_clean_first=False, cmake_force_configure=False, ament_cmake_args=None, catkin_cmake_args=None, catkin_skip_building_tests=False, mixin_files=None, mixin=None, verb_parser=<colcon_mixin.mixin.mixin_argument.MixinArgumentDecorator object at 0x7038ae7c2bc0>, verb_extension=<colcon_core.verb.build.BuildVerb object at 0x7038ae7c2710>, main=<bound method BuildVerb.main of <colcon_core.verb.build.BuildVerb object at 0x7038ae7c2710>>, mixin_verb=('build',))
[0.237s] Level 1:colcon.colcon_core.package_discovery:discover_packages(colcon_meta) check parameters
[0.237s] Level 1:colcon.colcon_core.package_discovery:discover_packages(recursive) check parameters
[0.237s] Level 1:colcon.colcon_core.package_discovery:discover_packages(ignore) check parameters
[0.237s] Level 1:colcon.colcon_core.package_discovery:discover_packages(path) check parameters
[0.237s] Level 1:colcon.colcon_core.package_discovery:discover_packages(colcon_meta) discover
[0.237s] Level 1:colcon.colcon_core.package_discovery:discover_packages(recursive) discover
[0.237s] INFO:colcon.colcon_core.package_discovery:Crawling recursively for packages in '/home/psy/2024.11.26.TurtleArm_Moveit'
[0.237s] Level 1:colcon.colcon_core.package_identification:_identify(.) by extensions ['ignore', 'ignore_ament_install']
[0.237s] Level 1:colcon.colcon_core.package_identification:_identify(.) by extension 'ignore'
[0.237s] Level 1:colcon.colcon_core.package_identification:_identify(.) by extension 'ignore_ament_install'
[0.237s] Level 1:colcon.colcon_core.package_identification:_identify(.) by extensions ['colcon_pkg']
[0.237s] Level 1:colcon.colcon_core.package_identification:_identify(.) by extension 'colcon_pkg'
[0.237s] Level 1:colcon.colcon_core.package_identification:_identify(.) by extensions ['colcon_meta']
[0.237s] Level 1:colcon.colcon_core.package_identification:_identify(.) by extension 'colcon_meta'
[0.237s] Level 1:colcon.colcon_core.package_identification:_identify(.) by extensions ['ros']
[0.237s] Level 1:colcon.colcon_core.package_identification:_identify(.) by extension 'ros'
[0.244s] Level 1:colcon.colcon_core.package_identification:_identify(.) by extensions ['cmake', 'python']
[0.244s] Level 1:colcon.colcon_core.package_identification:_identify(.) by extension 'cmake'
[0.244s] Level 1:colcon.colcon_core.package_identification:_identify(.) by extension 'python'
[0.244s] Level 1:colcon.colcon_core.package_identification:_identify(.) by extensions ['python_setup_py']
[0.244s] Level 1:colcon.colcon_core.package_identification:_identify(.) by extension 'python_setup_py'
[0.244s] Level 1:colcon.colcon_core.package_identification:_identify(build) by extensions ['ignore', 'ignore_ament_install']
[0.244s] Level 1:colcon.colcon_core.package_identification:_identify(build) by extension 'ignore'
[0.244s] Level 1:colcon.colcon_core.package_identification:_identify(build) ignored
[0.244s] Level 1:colcon.colcon_core.package_identification:_identify(install) by extensions ['ignore', 'ignore_ament_install']
[0.245s] Level 1:colcon.colcon_core.package_identification:_identify(install) by extension 'ignore'
[0.245s] Level 1:colcon.colcon_core.package_identification:_identify(install) ignored
[0.245s] Level 1:colcon.colcon_core.package_identification:_identify(log) by extensions ['ignore', 'ignore_ament_install']
[0.245s] Level 1:colcon.colcon_core.package_identification:_identify(log) by extension 'ignore'
[0.245s] Level 1:colcon.colcon_core.package_identification:_identify(log) ignored
[0.245s] Level 1:colcon.colcon_core.package_identification:_identify(src) by extensions ['ignore', 'ignore_ament_install']
[0.245s] Level 1:colcon.colcon_core.package_identification:_identify(src) by extension 'ignore'
[0.245s] Level 1:colcon.colcon_core.package_identification:_identify(src) by extension 'ignore_ament_install'
[0.245s] Level 1:colcon.colcon_core.package_identification:_identify(src) by extensions ['colcon_pkg']
[0.245s] Level 1:colcon.colcon_core.package_identification:_identify(src) by extension 'colcon_pkg'
[0.245s] Level 1:colcon.colcon_core.package_identification:_identify(src) by extensions ['colcon_meta']
[0.245s] Level 1:colcon.colcon_core.package_identification:_identify(src) by extension 'colcon_meta'
[0.245s] Level 1:colcon.colcon_core.package_identification:_identify(src) by extensions ['ros']
[0.245s] Level 1:colcon.colcon_core.package_identification:_identify(src) by extension 'ros'
[0.245s] Level 1:colcon.colcon_core.package_identification:_identify(src) by extensions ['cmake', 'python']
[0.245s] Level 1:colcon.colcon_core.package_identification:_identify(src) by extension 'cmake'
[0.245s] Level 1:colcon.colcon_core.package_identification:_identify(src) by extension 'python'
[0.245s] Level 1:colcon.colcon_core.package_identification:_identify(src) by extensions ['python_setup_py']
[0.245s] Level 1:colcon.colcon_core.package_identification:_identify(src) by extension 'python_setup_py'
[0.245s] Level 1:colcon.colcon_core.package_identification:_identify(src/mycobot320_moveit2) by extensions ['ignore', 'ignore_ament_install']
[0.245s] Level 1:colcon.colcon_core.package_identification:_identify(src/mycobot320_moveit2) by extension 'ignore'
[0.245s] Level 1:colcon.colcon_core.package_identification:_identify(src/mycobot320_moveit2) by extension 'ignore_ament_install'
[0.245s] Level 1:colcon.colcon_core.package_identification:_identify(src/mycobot320_moveit2) by extensions ['colcon_pkg']
[0.245s] Level 1:colcon.colcon_core.package_identification:_identify(src/mycobot320_moveit2) by extension 'colcon_pkg'
[0.245s] Level 1:colcon.colcon_core.package_identification:_identify(src/mycobot320_moveit2) by extensions ['colcon_meta']
[0.245s] Level 1:colcon.colcon_core.package_identification:_identify(src/mycobot320_moveit2) by extension 'colcon_meta'
[0.245s] Level 1:colcon.colcon_core.package_identification:_identify(src/mycobot320_moveit2) by extensions ['ros']
[0.245s] Level 1:colcon.colcon_core.package_identification:_identify(src/mycobot320_moveit2) by extension 'ros'
[0.245s] Level 1:colcon.colcon_core.package_identification:_identify(src/mycobot320_moveit2) by extensions ['cmake', 'python']
[0.245s] Level 1:colcon.colcon_core.package_identification:_identify(src/mycobot320_moveit2) by extension 'cmake'
[0.245s] Level 1:colcon.colcon_core.package_identification:_identify(src/mycobot320_moveit2) by extension 'python'
[0.245s] Level 1:colcon.colcon_core.package_identification:_identify(src/mycobot320_moveit2) by extensions ['python_setup_py']
[0.245s] Level 1:colcon.colcon_core.package_identification:_identify(src/mycobot320_moveit2) by extension 'python_setup_py'
[0.246s] Level 1:colcon.colcon_core.package_identification:_identify(src/mycobot320_moveit2/hello_moveit) by extensions ['ignore', 'ignore_ament_install']
[0.246s] Level 1:colcon.colcon_core.package_identification:_identify(src/mycobot320_moveit2/hello_moveit) by extension 'ignore'
[0.246s] Level 1:colcon.colcon_core.package_identification:_identify(src/mycobot320_moveit2/hello_moveit) by extension 'ignore_ament_install'
[0.246s] Level 1:colcon.colcon_core.package_identification:_identify(src/mycobot320_moveit2/hello_moveit) by extensions ['colcon_pkg']
[0.246s] Level 1:colcon.colcon_core.package_identification:_identify(src/mycobot320_moveit2/hello_moveit) by extension 'colcon_pkg'
[0.246s] Level 1:colcon.colcon_core.package_identification:_identify(src/mycobot320_moveit2/hello_moveit) by extensions ['colcon_meta']
[0.246s] Level 1:colcon.colcon_core.package_identification:_identify(src/mycobot320_moveit2/hello_moveit) by extension 'colcon_meta'
[0.246s] Level 1:colcon.colcon_core.package_identification:_identify(src/mycobot320_moveit2/hello_moveit) by extensions ['ros']
[0.246s] Level 1:colcon.colcon_core.package_identification:_identify(src/mycobot320_moveit2/hello_moveit) by extension 'ros'
[0.248s] DEBUG:colcon.colcon_core.package_identification:Package 'src/mycobot320_moveit2/hello_moveit' with type 'ros.ament_cmake' and name 'hello_moveit'
[0.248s] Level 1:colcon.colcon_core.package_identification:_identify(src/mycobot320_moveit2/moveit_srdf) by extensions ['ignore', 'ignore_ament_install']
[0.248s] Level 1:colcon.colcon_core.package_identification:_identify(src/mycobot320_moveit2/moveit_srdf) by extension 'ignore'
[0.248s] Level 1:colcon.colcon_core.package_identification:_identify(src/mycobot320_moveit2/moveit_srdf) by extension 'ignore_ament_install'
[0.248s] Level 1:colcon.colcon_core.package_identification:_identify(src/mycobot320_moveit2/moveit_srdf) by extensions ['colcon_pkg']
[0.248s] Level 1:colcon.colcon_core.package_identification:_identify(src/mycobot320_moveit2/moveit_srdf) by extension 'colcon_pkg'
[0.248s] Level 1:colcon.colcon_core.package_identification:_identify(src/mycobot320_moveit2/moveit_srdf) by extensions ['colcon_meta']
[0.248s] Level 1:colcon.colcon_core.package_identification:_identify(src/mycobot320_moveit2/moveit_srdf) by extension 'colcon_meta'
[0.248s] Level 1:colcon.colcon_core.package_identification:_identify(src/mycobot320_moveit2/moveit_srdf) by extensions ['ros']
[0.248s] Level 1:colcon.colcon_core.package_identification:_identify(src/mycobot320_moveit2/moveit_srdf) by extension 'ros'
[0.249s] DEBUG:colcon.colcon_core.package_identification:Package 'src/mycobot320_moveit2/moveit_srdf' with type 'ros.ament_cmake' and name 'moveit_srdf'
[0.249s] Level 1:colcon.colcon_core.package_identification:_identify(src/mycobot320_moveit2/myarm_moveit) by extensions ['ignore', 'ignore_ament_install']
[0.249s] Level 1:colcon.colcon_core.package_identification:_identify(src/mycobot320_moveit2/myarm_moveit) by extension 'ignore'
[0.249s] Level 1:colcon.colcon_core.package_identification:_identify(src/mycobot320_moveit2/myarm_moveit) by extension 'ignore_ament_install'
[0.249s] Level 1:colcon.colcon_core.package_identification:_identify(src/mycobot320_moveit2/myarm_moveit) by extensions ['colcon_pkg']
[0.249s] Level 1:colcon.colcon_core.package_identification:_identify(src/mycobot320_moveit2/myarm_moveit) by extension 'colcon_pkg'
[0.249s] Level 1:colcon.colcon_core.package_identification:_identify(src/mycobot320_moveit2/myarm_moveit) by extensions ['colcon_meta']
[0.249s] Level 1:colcon.colcon_core.package_identification:_identify(src/mycobot320_moveit2/myarm_moveit) by extension 'colcon_meta'
[0.249s] Level 1:colcon.colcon_core.package_identification:_identify(src/mycobot320_moveit2/myarm_moveit) by extensions ['ros']
[0.249s] Level 1:colcon.colcon_core.package_identification:_identify(src/mycobot320_moveit2/myarm_moveit) by extension 'ros'
[0.249s] DEBUG:colcon.colcon_core.package_identification:Package 'src/mycobot320_moveit2/myarm_moveit' with type 'ros.ament_cmake' and name 'myarm_moveit'
[0.250s] Level 1:colcon.colcon_core.package_identification:_identify(src/mycobot320_moveit2/mycobot_interfaces) by extensions ['ignore', 'ignore_ament_install']
[0.250s] Level 1:colcon.colcon_core.package_identification:_identify(src/mycobot320_moveit2/mycobot_interfaces) by extension 'ignore'
[0.250s] Level 1:colcon.colcon_core.package_identification:_identify(src/mycobot320_moveit2/mycobot_interfaces) by extension 'ignore_ament_install'
[0.250s] Level 1:colcon.colcon_core.package_identification:_identify(src/mycobot320_moveit2/mycobot_interfaces) by extensions ['colcon_pkg']
[0.250s] Level 1:colcon.colcon_core.package_identification:_identify(src/mycobot320_moveit2/mycobot_interfaces) by extension 'colcon_pkg'
[0.250s] Level 1:colcon.colcon_core.package_identification:_identify(src/mycobot320_moveit2/mycobot_interfaces) by extensions ['colcon_meta']
[0.250s] Level 1:colcon.colcon_core.package_identification:_identify(src/mycobot320_moveit2/mycobot_interfaces) by extension 'colcon_meta'
[0.250s] Level 1:colcon.colcon_core.package_identification:_identify(src/mycobot320_moveit2/mycobot_interfaces) by extensions ['ros']
[0.250s] Level 1:colcon.colcon_core.package_identification:_identify(src/mycobot320_moveit2/mycobot_interfaces) by extension 'ros'
[0.250s] DEBUG:colcon.colcon_core.package_identification:Package 'src/mycobot320_moveit2/mycobot_interfaces' with type 'ros.ament_cmake' and name 'mycobot_interfaces'
[0.250s] Level 1:colcon.colcon_core.package_identification:_identify(src/mycobot320_moveit2/mycobot_moveit) by extensions ['ignore', 'ignore_ament_install']
[0.250s] Level 1:colcon.colcon_core.package_identification:_identify(src/mycobot320_moveit2/mycobot_moveit) by extension 'ignore'
[0.250s] Level 1:colcon.colcon_core.package_identification:_identify(src/mycobot320_moveit2/mycobot_moveit) by extension 'ignore_ament_install'
[0.250s] Level 1:colcon.colcon_core.package_identification:_identify(src/mycobot320_moveit2/mycobot_moveit) by extensions ['colcon_pkg']
[0.250s] Level 1:colcon.colcon_core.package_identification:_identify(src/mycobot320_moveit2/mycobot_moveit) by extension 'colcon_pkg'
[0.250s] Level 1:colcon.colcon_core.package_identification:_identify(src/mycobot320_moveit2/mycobot_moveit) by extensions ['colcon_meta']
[0.250s] Level 1:colcon.colcon_core.package_identification:_identify(src/mycobot320_moveit2/mycobot_moveit) by extension 'colcon_meta'
[0.250s] Level 1:colcon.colcon_core.package_identification:_identify(src/mycobot320_moveit2/mycobot_moveit) by extensions ['ros']
[0.250s] Level 1:colcon.colcon_core.package_identification:_identify(src/mycobot320_moveit2/mycobot_moveit) by extension 'ros'
[0.251s] DEBUG:colcon.colcon_core.package_identification:Package 'src/mycobot320_moveit2/mycobot_moveit' with type 'ros.ament_cmake' and name 'mycobot_moveit'
[0.251s] Level 1:colcon.colcon_core.package_identification:_identify(src/mycobot320_moveit2/mycobot_ros2_controll) by extensions ['ignore', 'ignore_ament_install']
[0.251s] Level 1:colcon.colcon_core.package_identification:_identify(src/mycobot320_moveit2/mycobot_ros2_controll) by extension 'ignore'
[0.251s] Level 1:colcon.colcon_core.package_identification:_identify(src/mycobot320_moveit2/mycobot_ros2_controll) by extension 'ignore_ament_install'
[0.251s] Level 1:colcon.colcon_core.package_identification:_identify(src/mycobot320_moveit2/mycobot_ros2_controll) by extensions ['colcon_pkg']
[0.251s] Level 1:colcon.colcon_core.package_identification:_identify(src/mycobot320_moveit2/mycobot_ros2_controll) by extension 'colcon_pkg'
[0.251s] Level 1:colcon.colcon_core.package_identification:_identify(src/mycobot320_moveit2/mycobot_ros2_controll) by extensions ['colcon_meta']
[0.251s] Level 1:colcon.colcon_core.package_identification:_identify(src/mycobot320_moveit2/mycobot_ros2_controll) by extension 'colcon_meta'
[0.251s] Level 1:colcon.colcon_core.package_identification:_identify(src/mycobot320_moveit2/mycobot_ros2_controll) by extensions ['ros']
[0.251s] Level 1:colcon.colcon_core.package_identification:_identify(src/mycobot320_moveit2/mycobot_ros2_controll) by extension 'ros'
[0.252s] DEBUG:colcon.colcon_core.package_identification:Package 'src/mycobot320_moveit2/mycobot_ros2_controll' with type 'ros.ament_python' and name 'mycobot_ros2_controll'
[0.252s] Level 1:colcon.colcon_core.package_identification:_identify(src/mycobot320_moveit2/mycobot_ros2_cpp_cnt) by extensions ['ignore', 'ignore_ament_install']
[0.252s] Level 1:colcon.colcon_core.package_identification:_identify(src/mycobot320_moveit2/mycobot_ros2_cpp_cnt) by extension 'ignore'
[0.252s] Level 1:colcon.colcon_core.package_identification:_identify(src/mycobot320_moveit2/mycobot_ros2_cpp_cnt) by extension 'ignore_ament_install'
[0.252s] Level 1:colcon.colcon_core.package_identification:_identify(src/mycobot320_moveit2/mycobot_ros2_cpp_cnt) by extensions ['colcon_pkg']
[0.252s] Level 1:colcon.colcon_core.package_identification:_identify(src/mycobot320_moveit2/mycobot_ros2_cpp_cnt) by extension 'colcon_pkg'
[0.252s] Level 1:colcon.colcon_core.package_identification:_identify(src/mycobot320_moveit2/mycobot_ros2_cpp_cnt) by extensions ['colcon_meta']
[0.252s] Level 1:colcon.colcon_core.package_identification:_identify(src/mycobot320_moveit2/mycobot_ros2_cpp_cnt) by extension 'colcon_meta'
[0.252s] Level 1:colcon.colcon_core.package_identification:_identify(src/mycobot320_moveit2/mycobot_ros2_cpp_cnt) by extensions ['ros']
[0.252s] Level 1:colcon.colcon_core.package_identification:_identify(src/mycobot320_moveit2/mycobot_ros2_cpp_cnt) by extension 'ros'
[0.253s] DEBUG:colcon.colcon_core.package_identification:Package 'src/mycobot320_moveit2/mycobot_ros2_cpp_cnt' with type 'ros.ament_cmake' and name 'mycobot_ros2_cpp_cnt'
[0.253s] Level 1:colcon.colcon_core.package_identification:_identify(src/mycobot320_moveit2/mycobot_with_gripper) by extensions ['ignore', 'ignore_ament_install']
[0.253s] Level 1:colcon.colcon_core.package_identification:_identify(src/mycobot320_moveit2/mycobot_with_gripper) by extension 'ignore'
[0.253s] Level 1:colcon.colcon_core.package_identification:_identify(src/mycobot320_moveit2/mycobot_with_gripper) by extension 'ignore_ament_install'
[0.253s] Level 1:colcon.colcon_core.package_identification:_identify(src/mycobot320_moveit2/mycobot_with_gripper) by extensions ['colcon_pkg']
[0.253s] Level 1:colcon.colcon_core.package_identification:_identify(src/mycobot320_moveit2/mycobot_with_gripper) by extension 'colcon_pkg'
[0.253s] Level 1:colcon.colcon_core.package_identification:_identify(src/mycobot320_moveit2/mycobot_with_gripper) by extensions ['colcon_meta']
[0.253s] Level 1:colcon.colcon_core.package_identification:_identify(src/mycobot320_moveit2/mycobot_with_gripper) by extension 'colcon_meta'
[0.253s] Level 1:colcon.colcon_core.package_identification:_identify(src/mycobot320_moveit2/mycobot_with_gripper) by extensions ['ros']
[0.253s] Level 1:colcon.colcon_core.package_identification:_identify(src/mycobot320_moveit2/mycobot_with_gripper) by extension 'ros'
[0.254s] DEBUG:colcon.colcon_core.package_identification:Package 'src/mycobot320_moveit2/mycobot_with_gripper' with type 'ros.ament_cmake' and name 'mycobot_with_gripper'
[0.254s] Level 1:colcon.colcon_core.package_discovery:discover_packages(recursive) using defaults
[0.254s] Level 1:colcon.colcon_core.package_discovery:discover_packages(ignore) discover
[0.254s] Level 1:colcon.colcon_core.package_discovery:discover_packages(ignore) using defaults
[0.254s] Level 1:colcon.colcon_core.package_discovery:discover_packages(path) discover
[0.254s] Level 1:colcon.colcon_core.package_discovery:discover_packages(path) using defaults
[0.276s] Level 1:colcon.colcon_core.package_discovery:discover_packages(prefix_path) check parameters
[0.276s] Level 1:colcon.colcon_core.package_discovery:discover_packages(prefix_path) discover
[0.277s] DEBUG:colcon.colcon_installed_package_information.package_discovery:Found 349 installed packages in /opt/ros/humble
[0.278s] Level 1:colcon.colcon_core.package_discovery:discover_packages(prefix_path) using defaults
[0.298s] Level 5:colcon.colcon_core.verb:set package 'hello_moveit' build argument 'cmake_args' from command line to 'None'
[0.298s] Level 5:colcon.colcon_core.verb:set package 'hello_moveit' build argument 'cmake_target' from command line to 'None'
[0.298s] Level 5:colcon.colcon_core.verb:set package 'hello_moveit' build argument 'cmake_target_skip_unavailable' from command line to 'False'
[0.298s] Level 5:colcon.colcon_core.verb:set package 'hello_moveit' build argument 'cmake_clean_cache' from command line to 'False'
[0.298s] Level 5:colcon.colcon_core.verb:set package 'hello_moveit' build argument 'cmake_clean_first' from command line to 'False'
[0.298s] Level 5:colcon.colcon_core.verb:set package 'hello_moveit' build argument 'cmake_force_configure' from command line to 'False'
[0.298s] Level 5:colcon.colcon_core.verb:set package 'hello_moveit' build argument 'ament_cmake_args' from command line to 'None'
[0.298s] Level 5:colcon.colcon_core.verb:set package 'hello_moveit' build argument 'catkin_cmake_args' from command line to 'None'
[0.298s] Level 5:colcon.colcon_core.verb:set package 'hello_moveit' build argument 'catkin_skip_building_tests' from command line to 'False'
[0.298s] DEBUG:colcon.colcon_core.verb:Building package 'hello_moveit' with the following arguments: {'ament_cmake_args': None, 'build_base': '/home/psy/2024.11.26.TurtleArm_Moveit/build/hello_moveit', 'catkin_cmake_args': None, 'catkin_skip_building_tests': False, 'cmake_args': None, 'cmake_clean_cache': False, 'cmake_clean_first': False, 'cmake_force_configure': False, 'cmake_target': None, 'cmake_target_skip_unavailable': False, 'install_base': '/home/psy/2024.11.26.TurtleArm_Moveit/install/hello_moveit', 'merge_install': False, 'path': '/home/psy/2024.11.26.TurtleArm_Moveit/src/mycobot320_moveit2/hello_moveit', 'symlink_install': False, 'test_result_base': None}
[0.299s] Level 5:colcon.colcon_core.verb:set package 'mycobot_interfaces' build argument 'cmake_args' from command line to 'None'
[0.299s] Level 5:colcon.colcon_core.verb:set package 'mycobot_interfaces' build argument 'cmake_target' from command line to 'None'
[0.299s] Level 5:colcon.colcon_core.verb:set package 'mycobot_interfaces' build argument 'cmake_target_skip_unavailable' from command line to 'False'
[0.299s] Level 5:colcon.colcon_core.verb:set package 'mycobot_interfaces' build argument 'cmake_clean_cache' from command line to 'False'
[0.299s] Level 5:colcon.colcon_core.verb:set package 'mycobot_interfaces' build argument 'cmake_clean_first' from command line to 'False'
[0.299s] Level 5:colcon.colcon_core.verb:set package 'mycobot_interfaces' build argument 'cmake_force_configure' from command line to 'False'
[0.299s] Level 5:colcon.colcon_core.verb:set package 'mycobot_interfaces' build argument 'ament_cmake_args' from command line to 'None'
[0.299s] Level 5:colcon.colcon_core.verb:set package 'mycobot_interfaces' build argument 'catkin_cmake_args' from command line to 'None'
[0.299s] Level 5:colcon.colcon_core.verb:set package 'mycobot_interfaces' build argument 'catkin_skip_building_tests' from command line to 'False'
[0.299s] DEBUG:colcon.colcon_core.verb:Building package 'mycobot_interfaces' with the following arguments: {'ament_cmake_args': None, 'build_base': '/home/psy/2024.11.26.TurtleArm_Moveit/build/mycobot_interfaces', 'catkin_cmake_args': None, 'catkin_skip_building_tests': False, 'cmake_args': None, 'cmake_clean_cache': False, 'cmake_clean_first': False, 'cmake_force_configure': False, 'cmake_target': None, 'cmake_target_skip_unavailable': False, 'install_base': '/home/psy/2024.11.26.TurtleArm_Moveit/install/mycobot_interfaces', 'merge_install': False, 'path': '/home/psy/2024.11.26.TurtleArm_Moveit/src/mycobot320_moveit2/mycobot_interfaces', 'symlink_install': False, 'test_result_base': None}
[0.299s] Level 5:colcon.colcon_core.verb:set package 'mycobot_moveit' build argument 'cmake_args' from command line to 'None'
[0.299s] Level 5:colcon.colcon_core.verb:set package 'mycobot_moveit' build argument 'cmake_target' from command line to 'None'
[0.299s] Level 5:colcon.colcon_core.verb:set package 'mycobot_moveit' build argument 'cmake_target_skip_unavailable' from command line to 'False'
[0.299s] Level 5:colcon.colcon_core.verb:set package 'mycobot_moveit' build argument 'cmake_clean_cache' from command line to 'False'
[0.299s] Level 5:colcon.colcon_core.verb:set package 'mycobot_moveit' build argument 'cmake_clean_first' from command line to 'False'
[0.299s] Level 5:colcon.colcon_core.verb:set package 'mycobot_moveit' build argument 'cmake_force_configure' from command line to 'False'
[0.299s] Level 5:colcon.colcon_core.verb:set package 'mycobot_moveit' build argument 'ament_cmake_args' from command line to 'None'
[0.299s] Level 5:colcon.colcon_core.verb:set package 'mycobot_moveit' build argument 'catkin_cmake_args' from command line to 'None'
[0.299s] Level 5:colcon.colcon_core.verb:set package 'mycobot_moveit' build argument 'catkin_skip_building_tests' from command line to 'False'
[0.299s] DEBUG:colcon.colcon_core.verb:Building package 'mycobot_moveit' with the following arguments: {'ament_cmake_args': None, 'build_base': '/home/psy/2024.11.26.TurtleArm_Moveit/build/mycobot_moveit', 'catkin_cmake_args': None, 'catkin_skip_building_tests': False, 'cmake_args': None, 'cmake_clean_cache': False, 'cmake_clean_first': False, 'cmake_force_configure': False, 'cmake_target': None, 'cmake_target_skip_unavailable': False, 'install_base': '/home/psy/2024.11.26.TurtleArm_Moveit/install/mycobot_moveit', 'merge_install': False, 'path': '/home/psy/2024.11.26.TurtleArm_Moveit/src/mycobot320_moveit2/mycobot_moveit', 'symlink_install': False, 'test_result_base': None}
[0.299s] Level 5:colcon.colcon_core.verb:set package 'mycobot_with_gripper' build argument 'cmake_args' from command line to 'None'
[0.299s] Level 5:colcon.colcon_core.verb:set package 'mycobot_with_gripper' build argument 'cmake_target' from command line to 'None'
[0.299s] Level 5:colcon.colcon_core.verb:set package 'mycobot_with_gripper' build argument 'cmake_target_skip_unavailable' from command line to 'False'
[0.299s] Level 5:colcon.colcon_core.verb:set package 'mycobot_with_gripper' build argument 'cmake_clean_cache' from command line to 'False'
[0.299s] Level 5:colcon.colcon_core.verb:set package 'mycobot_with_gripper' build argument 'cmake_clean_first' from command line to 'False'
[0.299s] Level 5:colcon.colcon_core.verb:set package 'mycobot_with_gripper' build argument 'cmake_force_configure' from command line to 'False'
[0.299s] Level 5:colcon.colcon_core.verb:set package 'mycobot_with_gripper' build argument 'ament_cmake_args' from command line to 'None'
[0.299s] Level 5:colcon.colcon_core.verb:set package 'mycobot_with_gripper' build argument 'catkin_cmake_args' from command line to 'None'
[0.299s] Level 5:colcon.colcon_core.verb:set package 'mycobot_with_gripper' build argument 'catkin_skip_building_tests' from command line to 'False'
[0.299s] DEBUG:colcon.colcon_core.verb:Building package 'mycobot_with_gripper' with the following arguments: {'ament_cmake_args': None, 'build_base': '/home/psy/2024.11.26.TurtleArm_Moveit/build/mycobot_with_gripper', 'catkin_cmake_args': None, 'catkin_skip_building_tests': False, 'cmake_args': None, 'cmake_clean_cache': False, 'cmake_clean_first': False, 'cmake_force_configure': False, 'cmake_target': None, 'cmake_target_skip_unavailable': False, 'install_base': '/home/psy/2024.11.26.TurtleArm_Moveit/install/mycobot_with_gripper', 'merge_install': False, 'path': '/home/psy/2024.11.26.TurtleArm_Moveit/src/mycobot320_moveit2/mycobot_with_gripper', 'symlink_install': False, 'test_result_base': None}
[0.299s] Level 5:colcon.colcon_core.verb:set package 'moveit_srdf' build argument 'cmake_args' from command line to 'None'
[0.299s] Level 5:colcon.colcon_core.verb:set package 'moveit_srdf' build argument 'cmake_target' from command line to 'None'
[0.299s] Level 5:colcon.colcon_core.verb:set package 'moveit_srdf' build argument 'cmake_target_skip_unavailable' from command line to 'False'
[0.299s] Level 5:colcon.colcon_core.verb:set package 'moveit_srdf' build argument 'cmake_clean_cache' from command line to 'False'
[0.299s] Level 5:colcon.colcon_core.verb:set package 'moveit_srdf' build argument 'cmake_clean_first' from command line to 'False'
[0.299s] Level 5:colcon.colcon_core.verb:set package 'moveit_srdf' build argument 'cmake_force_configure' from command line to 'False'
[0.299s] Level 5:colcon.colcon_core.verb:set package 'moveit_srdf' build argument 'ament_cmake_args' from command line to 'None'
[0.299s] Level 5:colcon.colcon_core.verb:set package 'moveit_srdf' build argument 'catkin_cmake_args' from command line to 'None'
[0.299s] Level 5:colcon.colcon_core.verb:set package 'moveit_srdf' build argument 'catkin_skip_building_tests' from command line to 'False'
[0.299s] DEBUG:colcon.colcon_core.verb:Building package 'moveit_srdf' with the following arguments: {'ament_cmake_args': None, 'build_base': '/home/psy/2024.11.26.TurtleArm_Moveit/build/moveit_srdf', 'catkin_cmake_args': None, 'catkin_skip_building_tests': False, 'cmake_args': None, 'cmake_clean_cache': False, 'cmake_clean_first': False, 'cmake_force_configure': False, 'cmake_target': None, 'cmake_target_skip_unavailable': False, 'install_base': '/home/psy/2024.11.26.TurtleArm_Moveit/install/moveit_srdf', 'merge_install': False, 'path': '/home/psy/2024.11.26.TurtleArm_Moveit/src/mycobot320_moveit2/moveit_srdf', 'symlink_install': False, 'test_result_base': None}
[0.300s] Level 5:colcon.colcon_core.verb:set package 'myarm_moveit' build argument 'cmake_args' from command line to 'None'
[0.300s] Level 5:colcon.colcon_core.verb:set package 'myarm_moveit' build argument 'cmake_target' from command line to 'None'
[0.300s] Level 5:colcon.colcon_core.verb:set package 'myarm_moveit' build argument 'cmake_target_skip_unavailable' from command line to 'False'
[0.300s] Level 5:colcon.colcon_core.verb:set package 'myarm_moveit' build argument 'cmake_clean_cache' from command line to 'False'
[0.300s] Level 5:colcon.colcon_core.verb:set package 'myarm_moveit' build argument 'cmake_clean_first' from command line to 'False'
[0.300s] Level 5:colcon.colcon_core.verb:set package 'myarm_moveit' build argument 'cmake_force_configure' from command line to 'False'
[0.300s] Level 5:colcon.colcon_core.verb:set package 'myarm_moveit' build argument 'ament_cmake_args' from command line to 'None'
[0.300s] Level 5:colcon.colcon_core.verb:set package 'myarm_moveit' build argument 'catkin_cmake_args' from command line to 'None'
[0.300s] Level 5:colcon.colcon_core.verb:set package 'myarm_moveit' build argument 'catkin_skip_building_tests' from command line to 'False'
[0.300s] DEBUG:colcon.colcon_core.verb:Building package 'myarm_moveit' with the following arguments: {'ament_cmake_args': None, 'build_base': '/home/psy/2024.11.26.TurtleArm_Moveit/build/myarm_moveit', 'catkin_cmake_args': None, 'catkin_skip_building_tests': False, 'cmake_args': None, 'cmake_clean_cache': False, 'cmake_clean_first': False, 'cmake_force_configure': False, 'cmake_target': None, 'cmake_target_skip_unavailable': False, 'install_base': '/home/psy/2024.11.26.TurtleArm_Moveit/install/myarm_moveit', 'merge_install': False, 'path': '/home/psy/2024.11.26.TurtleArm_Moveit/src/mycobot320_moveit2/myarm_moveit', 'symlink_install': False, 'test_result_base': None}
[0.300s] Level 5:colcon.colcon_core.verb:set package 'mycobot_ros2_controll' build argument 'cmake_args' from command line to 'None'
[0.300s] Level 5:colcon.colcon_core.verb:set package 'mycobot_ros2_controll' build argument 'cmake_target' from command line to 'None'
[0.300s] Level 5:colcon.colcon_core.verb:set package 'mycobot_ros2_controll' build argument 'cmake_target_skip_unavailable' from command line to 'False'
[0.300s] Level 5:colcon.colcon_core.verb:set package 'mycobot_ros2_controll' build argument 'cmake_clean_cache' from command line to 'False'
[0.300s] Level 5:colcon.colcon_core.verb:set package 'mycobot_ros2_controll' build argument 'cmake_clean_first' from command line to 'False'
[0.300s] Level 5:colcon.colcon_core.verb:set package 'mycobot_ros2_controll' build argument 'cmake_force_configure' from command line to 'False'
[0.300s] Level 5:colcon.colcon_core.verb:set package 'mycobot_ros2_controll' build argument 'ament_cmake_args' from command line to 'None'
[0.300s] Level 5:colcon.colcon_core.verb:set package 'mycobot_ros2_controll' build argument 'catkin_cmake_args' from command line to 'None'
[0.300s] Level 5:colcon.colcon_core.verb:set package 'mycobot_ros2_controll' build argument 'catkin_skip_building_tests' from command line to 'False'
[0.300s] DEBUG:colcon.colcon_core.verb:Building package 'mycobot_ros2_controll' with the following arguments: {'ament_cmake_args': None, 'build_base': '/home/psy/2024.11.26.TurtleArm_Moveit/build/mycobot_ros2_controll', 'catkin_cmake_args': None, 'catkin_skip_building_tests': False, 'cmake_args': None, 'cmake_clean_cache': False, 'cmake_clean_first': False, 'cmake_force_configure': False, 'cmake_target': None, 'cmake_target_skip_unavailable': False, 'install_base': '/home/psy/2024.11.26.TurtleArm_Moveit/install/mycobot_ros2_controll', 'merge_install': False, 'path': '/home/psy/2024.11.26.TurtleArm_Moveit/src/mycobot320_moveit2/mycobot_ros2_controll', 'symlink_install': False, 'test_result_base': None}
[0.300s] Level 5:colcon.colcon_core.verb:set package 'mycobot_ros2_cpp_cnt' build argument 'cmake_args' from command line to 'None'
[0.300s] Level 5:colcon.colcon_core.verb:set package 'mycobot_ros2_cpp_cnt' build argument 'cmake_target' from command line to 'None'
[0.300s] Level 5:colcon.colcon_core.verb:set package 'mycobot_ros2_cpp_cnt' build argument 'cmake_target_skip_unavailable' from command line to 'False'
[0.300s] Level 5:colcon.colcon_core.verb:set package 'mycobot_ros2_cpp_cnt' build argument 'cmake_clean_cache' from command line to 'False'
[0.300s] Level 5:colcon.colcon_core.verb:set package 'mycobot_ros2_cpp_cnt' build argument 'cmake_clean_first' from command line to 'False'
[0.300s] Level 5:colcon.colcon_core.verb:set package 'mycobot_ros2_cpp_cnt' build argument 'cmake_force_configure' from command line to 'False'
[0.300s] Level 5:colcon.colcon_core.verb:set package 'mycobot_ros2_cpp_cnt' build argument 'ament_cmake_args' from command line to 'None'
[0.300s] Level 5:colcon.colcon_core.verb:set package 'mycobot_ros2_cpp_cnt' build argument 'catkin_cmake_args' from command line to 'None'
[0.300s] Level 5:colcon.colcon_core.verb:set package 'mycobot_ros2_cpp_cnt' build argument 'catkin_skip_building_tests' from command line to 'False'
[0.300s] DEBUG:colcon.colcon_core.verb:Building package 'mycobot_ros2_cpp_cnt' with the following arguments: {'ament_cmake_args': None, 'build_base': '/home/psy/2024.11.26.TurtleArm_Moveit/build/mycobot_ros2_cpp_cnt', 'catkin_cmake_args': None, 'catkin_skip_building_tests': False, 'cmake_args': None, 'cmake_clean_cache': False, 'cmake_clean_first': False, 'cmake_force_configure': False, 'cmake_target': None, 'cmake_target_skip_unavailable': False, 'install_base': '/home/psy/2024.11.26.TurtleArm_Moveit/install/mycobot_ros2_cpp_cnt', 'merge_install': False, 'path': '/home/psy/2024.11.26.TurtleArm_Moveit/src/mycobot320_moveit2/mycobot_ros2_cpp_cnt', 'symlink_install': False, 'test_result_base': None}
[0.300s] INFO:colcon.colcon_core.executor:Executing jobs using 'parallel' executor
[0.301s] DEBUG:colcon.colcon_parallel_executor.executor.parallel:run_until_complete
[0.301s] INFO:colcon.colcon_ros.task.ament_cmake.build:Building ROS package in '/home/psy/2024.11.26.TurtleArm_Moveit/src/mycobot320_moveit2/mycobot_interfaces' with build type 'ament_cmake'
[0.301s] INFO:colcon.colcon_cmake.task.cmake.build:Building CMake package in '/home/psy/2024.11.26.TurtleArm_Moveit/src/mycobot320_moveit2/mycobot_interfaces'
[0.303s] INFO:colcon.colcon_core.plugin_system:Skipping extension 'colcon_core.shell.bat': Not used on non-Windows systems
[0.303s] INFO:colcon.colcon_core.shell:Skip shell extension 'powershell' for command environment: Not usable outside of PowerShell
[0.303s] DEBUG:colcon.colcon_core.shell:Skip shell extension 'dsv' for command environment
[0.305s] INFO:colcon.colcon_ros.task.ament_cmake.build:Building ROS package in '/home/psy/2024.11.26.TurtleArm_Moveit/src/mycobot320_moveit2/mycobot_moveit' with build type 'ament_cmake'
[0.305s] INFO:colcon.colcon_cmake.task.cmake.build:Building CMake package in '/home/psy/2024.11.26.TurtleArm_Moveit/src/mycobot320_moveit2/mycobot_moveit'
[0.305s] INFO:colcon.colcon_core.shell:Skip shell extension 'powershell' for command environment: Not usable outside of PowerShell
[0.305s] DEBUG:colcon.colcon_core.shell:Skip shell extension 'dsv' for command environment
[0.306s] INFO:colcon.colcon_ros.task.ament_cmake.build:Building ROS package in '/home/psy/2024.11.26.TurtleArm_Moveit/src/mycobot320_moveit2/mycobot_with_gripper' with build type 'ament_cmake'
[0.306s] INFO:colcon.colcon_cmake.task.cmake.build:Building CMake package in '/home/psy/2024.11.26.TurtleArm_Moveit/src/mycobot320_moveit2/mycobot_with_gripper'
[0.306s] INFO:colcon.colcon_core.shell:Skip shell extension 'powershell' for command environment: Not usable outside of PowerShell
[0.306s] DEBUG:colcon.colcon_core.shell:Skip shell extension 'dsv' for command environment
[0.307s] INFO:colcon.colcon_ros.task.ament_cmake.build:Building ROS package in '/home/psy/2024.11.26.TurtleArm_Moveit/src/mycobot320_moveit2/hello_moveit' with build type 'ament_cmake'
[0.308s] INFO:colcon.colcon_cmake.task.cmake.build:Building CMake package in '/home/psy/2024.11.26.TurtleArm_Moveit/src/mycobot320_moveit2/hello_moveit'
[0.308s] INFO:colcon.colcon_core.shell:Skip shell extension 'powershell' for command environment: Not usable outside of PowerShell
[0.308s] DEBUG:colcon.colcon_core.shell:Skip shell extension 'dsv' for command environment
[0.311s] DEBUG:colcon.colcon_core.event_handler.log_command:Invoking command in '/home/psy/2024.11.26.TurtleArm_Moveit/build/mycobot_interfaces': CMAKE_PREFIX_PATH=/opt/ros/humble /usr/bin/cmake --build /home/psy/2024.11.26.TurtleArm_Moveit/build/mycobot_interfaces -- -j20 -l20
[0.314s] DEBUG:colcon.colcon_core.event_handler.log_command:Invoking command in '/home/psy/2024.11.26.TurtleArm_Moveit/build/mycobot_moveit': CMAKE_PREFIX_PATH=/opt/ros/humble /usr/bin/cmake --build /home/psy/2024.11.26.TurtleArm_Moveit/build/mycobot_moveit -- -j20 -l20
[0.316s] DEBUG:colcon.colcon_core.event_handler.log_command:Invoking command in '/home/psy/2024.11.26.TurtleArm_Moveit/build/mycobot_with_gripper': CMAKE_PREFIX_PATH=/opt/ros/humble /usr/bin/cmake --build /home/psy/2024.11.26.TurtleArm_Moveit/build/mycobot_with_gripper -- -j20 -l20
[0.318s] DEBUG:colcon.colcon_core.event_handler.log_command:Invoking command in '/home/psy/2024.11.26.TurtleArm_Moveit/build/hello_moveit': CMAKE_PREFIX_PATH=/opt/ros/humble /usr/bin/cmake --build /home/psy/2024.11.26.TurtleArm_Moveit/build/hello_moveit -- -j20 -l20
[0.367s] DEBUG:colcon.colcon_core.event_handler.log_command:Invoked command in '/home/psy/2024.11.26.TurtleArm_Moveit/build/mycobot_with_gripper' returned '0': CMAKE_PREFIX_PATH=/opt/ros/humble /usr/bin/cmake --build /home/psy/2024.11.26.TurtleArm_Moveit/build/mycobot_with_gripper -- -j20 -l20
[0.371s] DEBUG:colcon.colcon_core.event_handler.log_command:Invoked command in '/home/psy/2024.11.26.TurtleArm_Moveit/build/mycobot_moveit' returned '0': CMAKE_PREFIX_PATH=/opt/ros/humble /usr/bin/cmake --build /home/psy/2024.11.26.TurtleArm_Moveit/build/mycobot_moveit -- -j20 -l20
[0.413s] DEBUG:colcon.colcon_core.event_handler.log_command:Invoking command in '/home/psy/2024.11.26.TurtleArm_Moveit/build/mycobot_with_gripper': CMAKE_PREFIX_PATH=/opt/ros/humble /usr/bin/cmake --install /home/psy/2024.11.26.TurtleArm_Moveit/build/mycobot_with_gripper
[0.417s] DEBUG:colcon.colcon_core.event_handler.log_command:Invoking command in '/home/psy/2024.11.26.TurtleArm_Moveit/build/mycobot_moveit': CMAKE_PREFIX_PATH=/opt/ros/humble /usr/bin/cmake --install /home/psy/2024.11.26.TurtleArm_Moveit/build/mycobot_moveit
[0.431s] Level 1:colcon.colcon_core.environment:create_environment_scripts_only(mycobot_with_gripper)
[0.439s] DEBUG:colcon.colcon_core.event_handler.log_command:Invoked command in '/home/psy/2024.11.26.TurtleArm_Moveit/build/mycobot_with_gripper' returned '0': CMAKE_PREFIX_PATH=/opt/ros/humble /usr/bin/cmake --install /home/psy/2024.11.26.TurtleArm_Moveit/build/mycobot_with_gripper
[0.440s] Level 1:colcon.colcon_core.environment:checking '/home/psy/2024.11.26.TurtleArm_Moveit/install/mycobot_with_gripper' for CMake module files
[0.441s] Level 1:colcon.colcon_core.environment:checking '/home/psy/2024.11.26.TurtleArm_Moveit/install/mycobot_with_gripper' for CMake config files
[0.441s] Level 1:colcon.colcon_core.shell:create_environment_hook('mycobot_with_gripper', 'cmake_prefix_path')
[0.441s] INFO:colcon.colcon_core.shell:Creating environment hook '/home/psy/2024.11.26.TurtleArm_Moveit/install/mycobot_with_gripper/share/mycobot_with_gripper/hook/cmake_prefix_path.ps1'
[0.442s] INFO:colcon.colcon_core.shell:Creating environment descriptor '/home/psy/2024.11.26.TurtleArm_Moveit/install/mycobot_with_gripper/share/mycobot_with_gripper/hook/cmake_prefix_path.dsv'
[0.442s] INFO:colcon.colcon_core.shell:Creating environment hook '/home/psy/2024.11.26.TurtleArm_Moveit/install/mycobot_with_gripper/share/mycobot_with_gripper/hook/cmake_prefix_path.sh'
[0.442s] Level 1:colcon.colcon_core.environment:checking '/home/psy/2024.11.26.TurtleArm_Moveit/install/mycobot_with_gripper/bin'
[0.442s] Level 1:colcon.colcon_core.environment:checking '/home/psy/2024.11.26.TurtleArm_Moveit/install/mycobot_with_gripper/lib/pkgconfig/mycobot_with_gripper.pc'
[0.443s] Level 1:colcon.colcon_core.environment:checking '/home/psy/2024.11.26.TurtleArm_Moveit/install/mycobot_with_gripper/lib/python3.10/site-packages'
[0.443s] Level 1:colcon.colcon_core.environment:checking '/home/psy/2024.11.26.TurtleArm_Moveit/install/mycobot_with_gripper/bin'
[0.443s] INFO:colcon.colcon_core.shell:Creating package script '/home/psy/2024.11.26.TurtleArm_Moveit/install/mycobot_with_gripper/share/mycobot_with_gripper/package.ps1'
[0.443s] INFO:colcon.colcon_core.shell:Creating package descriptor '/home/psy/2024.11.26.TurtleArm_Moveit/install/mycobot_with_gripper/share/mycobot_with_gripper/package.dsv'
[0.444s] INFO:colcon.colcon_core.shell:Creating package script '/home/psy/2024.11.26.TurtleArm_Moveit/install/mycobot_with_gripper/share/mycobot_with_gripper/package.sh'
[0.444s] INFO:colcon.colcon_core.shell:Creating package script '/home/psy/2024.11.26.TurtleArm_Moveit/install/mycobot_with_gripper/share/mycobot_with_gripper/package.bash'
[0.445s] INFO:colcon.colcon_core.shell:Creating package script '/home/psy/2024.11.26.TurtleArm_Moveit/install/mycobot_with_gripper/share/mycobot_with_gripper/package.zsh'
[0.445s] Level 1:colcon.colcon_core.environment:create_file_with_runtime_dependencies(/home/psy/2024.11.26.TurtleArm_Moveit/install/mycobot_with_gripper/share/colcon-core/packages/mycobot_with_gripper)
[0.447s] Level 1:colcon.colcon_core.environment:create_environment_scripts_only(mycobot_moveit)
[0.447s] Level 1:colcon.colcon_core.environment:checking '/home/psy/2024.11.26.TurtleArm_Moveit/install/mycobot_moveit' for CMake module files
[0.447s] DEBUG:colcon.colcon_core.event_handler.log_command:Invoked command in '/home/psy/2024.11.26.TurtleArm_Moveit/build/mycobot_moveit' returned '0': CMAKE_PREFIX_PATH=/opt/ros/humble /usr/bin/cmake --install /home/psy/2024.11.26.TurtleArm_Moveit/build/mycobot_moveit
[0.447s] Level 1:colcon.colcon_core.environment:checking '/home/psy/2024.11.26.TurtleArm_Moveit/install/mycobot_moveit' for CMake config files
[0.447s] Level 1:colcon.colcon_core.shell:create_environment_hook('mycobot_moveit', 'cmake_prefix_path')
[0.447s] INFO:colcon.colcon_core.shell:Creating environment hook '/home/psy/2024.11.26.TurtleArm_Moveit/install/mycobot_moveit/share/mycobot_moveit/hook/cmake_prefix_path.ps1'
[0.448s] INFO:colcon.colcon_core.shell:Creating environment descriptor '/home/psy/2024.11.26.TurtleArm_Moveit/install/mycobot_moveit/share/mycobot_moveit/hook/cmake_prefix_path.dsv'
[0.448s] INFO:colcon.colcon_core.shell:Creating environment hook '/home/psy/2024.11.26.TurtleArm_Moveit/install/mycobot_moveit/share/mycobot_moveit/hook/cmake_prefix_path.sh'
[0.448s] Level 1:colcon.colcon_core.environment:checking '/home/psy/2024.11.26.TurtleArm_Moveit/install/mycobot_moveit/bin'
[0.448s] Level 1:colcon.colcon_core.environment:checking '/home/psy/2024.11.26.TurtleArm_Moveit/install/mycobot_moveit/lib/pkgconfig/mycobot_moveit.pc'
[0.448s] Level 1:colcon.colcon_core.environment:checking '/home/psy/2024.11.26.TurtleArm_Moveit/install/mycobot_moveit/lib/python3.10/site-packages'
[0.448s] Level 1:colcon.colcon_core.environment:checking '/home/psy/2024.11.26.TurtleArm_Moveit/install/mycobot_moveit/bin'
[0.449s] INFO:colcon.colcon_core.shell:Creating package script '/home/psy/2024.11.26.TurtleArm_Moveit/install/mycobot_moveit/share/mycobot_moveit/package.ps1'
[0.449s] INFO:colcon.colcon_core.shell:Creating package descriptor '/home/psy/2024.11.26.TurtleArm_Moveit/install/mycobot_moveit/share/mycobot_moveit/package.dsv'
[0.449s] INFO:colcon.colcon_core.shell:Creating package script '/home/psy/2024.11.26.TurtleArm_Moveit/install/mycobot_moveit/share/mycobot_moveit/package.sh'
[0.449s] INFO:colcon.colcon_core.shell:Creating package script '/home/psy/2024.11.26.TurtleArm_Moveit/install/mycobot_moveit/share/mycobot_moveit/package.bash'
[0.449s] INFO:colcon.colcon_core.shell:Creating package script '/home/psy/2024.11.26.TurtleArm_Moveit/install/mycobot_moveit/share/mycobot_moveit/package.zsh'
[0.449s] Level 1:colcon.colcon_core.environment:create_file_with_runtime_dependencies(/home/psy/2024.11.26.TurtleArm_Moveit/install/mycobot_moveit/share/colcon-core/packages/mycobot_moveit)
[0.451s] DEBUG:colcon.colcon_core.event_handler.log_command:Invoked command in '/home/psy/2024.11.26.TurtleArm_Moveit/build/hello_moveit' returned '0': CMAKE_PREFIX_PATH=/opt/ros/humble /usr/bin/cmake --build /home/psy/2024.11.26.TurtleArm_Moveit/build/hello_moveit -- -j20 -l20
[0.459s] Level 1:colcon.colcon_core.environment:create_environment_scripts_only(mycobot_with_gripper)
[0.459s] Level 1:colcon.colcon_core.environment:checking '/home/psy/2024.11.26.TurtleArm_Moveit/install/mycobot_with_gripper' for CMake module files
[0.459s] Level 1:colcon.colcon_core.environment:checking '/home/psy/2024.11.26.TurtleArm_Moveit/install/mycobot_with_gripper' for CMake config files
[0.460s] Level 1:colcon.colcon_core.shell:create_environment_hook('mycobot_with_gripper', 'cmake_prefix_path')
[0.460s] INFO:colcon.colcon_core.shell:Creating environment hook '/home/psy/2024.11.26.TurtleArm_Moveit/install/mycobot_with_gripper/share/mycobot_with_gripper/hook/cmake_prefix_path.ps1'
[0.460s] INFO:colcon.colcon_core.shell:Creating environment descriptor '/home/psy/2024.11.26.TurtleArm_Moveit/install/mycobot_with_gripper/share/mycobot_with_gripper/hook/cmake_prefix_path.dsv'
[0.461s] INFO:colcon.colcon_core.shell:Creating environment hook '/home/psy/2024.11.26.TurtleArm_Moveit/install/mycobot_with_gripper/share/mycobot_with_gripper/hook/cmake_prefix_path.sh'
[0.461s] Level 1:colcon.colcon_core.environment:checking '/home/psy/2024.11.26.TurtleArm_Moveit/install/mycobot_with_gripper/bin'
[0.461s] Level 1:colcon.colcon_core.environment:checking '/home/psy/2024.11.26.TurtleArm_Moveit/install/mycobot_with_gripper/lib/pkgconfig/mycobot_with_gripper.pc'
[0.461s] Level 1:colcon.colcon_core.environment:checking '/home/psy/2024.11.26.TurtleArm_Moveit/install/mycobot_with_gripper/lib/python3.10/site-packages'
[0.462s] Level 1:colcon.colcon_core.environment:checking '/home/psy/2024.11.26.TurtleArm_Moveit/install/mycobot_with_gripper/bin'
[0.462s] INFO:colcon.colcon_core.shell:Creating package script '/home/psy/2024.11.26.TurtleArm_Moveit/install/mycobot_with_gripper/share/mycobot_with_gripper/package.ps1'
[0.462s] INFO:colcon.colcon_core.shell:Creating package descriptor '/home/psy/2024.11.26.TurtleArm_Moveit/install/mycobot_with_gripper/share/mycobot_with_gripper/package.dsv'
[0.463s] INFO:colcon.colcon_core.shell:Creating package script '/home/psy/2024.11.26.TurtleArm_Moveit/install/mycobot_with_gripper/share/mycobot_with_gripper/package.sh'
[0.463s] INFO:colcon.colcon_core.shell:Creating package script '/home/psy/2024.11.26.TurtleArm_Moveit/install/mycobot_with_gripper/share/mycobot_with_gripper/package.bash'
[0.463s] INFO:colcon.colcon_core.shell:Creating package script '/home/psy/2024.11.26.TurtleArm_Moveit/install/mycobot_with_gripper/share/mycobot_with_gripper/package.zsh'
[0.464s] Level 1:colcon.colcon_core.environment:create_file_with_runtime_dependencies(/home/psy/2024.11.26.TurtleArm_Moveit/install/mycobot_with_gripper/share/colcon-core/packages/mycobot_with_gripper)
[0.465s] Level 1:colcon.colcon_core.environment:create_environment_scripts_only(mycobot_moveit)
[0.465s] Level 1:colcon.colcon_core.environment:checking '/home/psy/2024.11.26.TurtleArm_Moveit/install/mycobot_moveit' for CMake module files
[0.466s] Level 1:colcon.colcon_core.environment:checking '/home/psy/2024.11.26.TurtleArm_Moveit/install/mycobot_moveit' for CMake config files
[0.466s] Level 1:colcon.colcon_core.shell:create_environment_hook('mycobot_moveit', 'cmake_prefix_path')
[0.466s] INFO:colcon.colcon_core.shell:Creating environment hook '/home/psy/2024.11.26.TurtleArm_Moveit/install/mycobot_moveit/share/mycobot_moveit/hook/cmake_prefix_path.ps1'
[0.466s] INFO:colcon.colcon_core.shell:Creating environment descriptor '/home/psy/2024.11.26.TurtleArm_Moveit/install/mycobot_moveit/share/mycobot_moveit/hook/cmake_prefix_path.dsv'
[0.466s] INFO:colcon.colcon_core.shell:Creating environment hook '/home/psy/2024.11.26.TurtleArm_Moveit/install/mycobot_moveit/share/mycobot_moveit/hook/cmake_prefix_path.sh'
[0.466s] Level 1:colcon.colcon_core.environment:checking '/home/psy/2024.11.26.TurtleArm_Moveit/install/mycobot_moveit/bin'
[0.466s] Level 1:colcon.colcon_core.environment:checking '/home/psy/2024.11.26.TurtleArm_Moveit/install/mycobot_moveit/lib/pkgconfig/mycobot_moveit.pc'
[0.467s] Level 1:colcon.colcon_core.environment:checking '/home/psy/2024.11.26.TurtleArm_Moveit/install/mycobot_moveit/lib/python3.10/site-packages'
[0.467s] Level 1:colcon.colcon_core.environment:checking '/home/psy/2024.11.26.TurtleArm_Moveit/install/mycobot_moveit/bin'
[0.467s] INFO:colcon.colcon_core.shell:Creating package script '/home/psy/2024.11.26.TurtleArm_Moveit/install/mycobot_moveit/share/mycobot_moveit/package.ps1'
[0.467s] INFO:colcon.colcon_core.shell:Creating package descriptor '/home/psy/2024.11.26.TurtleArm_Moveit/install/mycobot_moveit/share/mycobot_moveit/package.dsv'
[0.467s] INFO:colcon.colcon_core.shell:Creating package script '/home/psy/2024.11.26.TurtleArm_Moveit/install/mycobot_moveit/share/mycobot_moveit/package.sh'
[0.467s] INFO:colcon.colcon_core.shell:Creating package script '/home/psy/2024.11.26.TurtleArm_Moveit/install/mycobot_moveit/share/mycobot_moveit/package.bash'
[0.468s] INFO:colcon.colcon_core.shell:Creating package script '/home/psy/2024.11.26.TurtleArm_Moveit/install/mycobot_moveit/share/mycobot_moveit/package.zsh'
[0.468s] Level 1:colcon.colcon_core.environment:create_file_with_runtime_dependencies(/home/psy/2024.11.26.TurtleArm_Moveit/install/mycobot_moveit/share/colcon-core/packages/mycobot_moveit)
[0.468s] INFO:colcon.colcon_ros.task.ament_cmake.build:Building ROS package in '/home/psy/2024.11.26.TurtleArm_Moveit/src/mycobot320_moveit2/moveit_srdf' with build type 'ament_cmake'
[0.468s] INFO:colcon.colcon_cmake.task.cmake.build:Building CMake package in '/home/psy/2024.11.26.TurtleArm_Moveit/src/mycobot320_moveit2/moveit_srdf'
[0.468s] INFO:colcon.colcon_core.shell:Skip shell extension 'powershell' for command environment: Not usable outside of PowerShell
[0.468s] DEBUG:colcon.colcon_core.shell:Skip shell extension 'dsv' for command environment
[0.470s] INFO:colcon.colcon_ros.task.ament_cmake.build:Building ROS package in '/home/psy/2024.11.26.TurtleArm_Moveit/src/mycobot320_moveit2/myarm_moveit' with build type 'ament_cmake'
[0.470s] INFO:colcon.colcon_cmake.task.cmake.build:Building CMake package in '/home/psy/2024.11.26.TurtleArm_Moveit/src/mycobot320_moveit2/myarm_moveit'
[0.470s] INFO:colcon.colcon_core.shell:Skip shell extension 'powershell' for command environment: Not usable outside of PowerShell
[0.470s] DEBUG:colcon.colcon_core.shell:Skip shell extension 'dsv' for command environment
[0.474s] DEBUG:colcon.colcon_core.event_handler.log_command:Invoking command in '/home/psy/2024.11.26.TurtleArm_Moveit/build/moveit_srdf': AMENT_PREFIX_PATH=/home/psy/2024.11.26.TurtleArm_Moveit/install/mycobot_moveit:${AMENT_PREFIX_PATH} CMAKE_PREFIX_PATH=/home/psy/2024.11.26.TurtleArm_Moveit/install/mycobot_moveit:/opt/ros/humble /usr/bin/cmake --build /home/psy/2024.11.26.TurtleArm_Moveit/build/moveit_srdf -- -j20 -l20
[0.476s] DEBUG:colcon.colcon_core.event_handler.log_command:Invoking command in '/home/psy/2024.11.26.TurtleArm_Moveit/build/myarm_moveit': AMENT_PREFIX_PATH=/home/psy/2024.11.26.TurtleArm_Moveit/install/mycobot_moveit:${AMENT_PREFIX_PATH} CMAKE_PREFIX_PATH=/home/psy/2024.11.26.TurtleArm_Moveit/install/mycobot_moveit:/opt/ros/humble /usr/bin/cmake --build /home/psy/2024.11.26.TurtleArm_Moveit/build/myarm_moveit -- -j20 -l20
[0.477s] DEBUG:colcon.colcon_core.event_handler.log_command:Invoking command in '/home/psy/2024.11.26.TurtleArm_Moveit/build/hello_moveit': CMAKE_PREFIX_PATH=/opt/ros/humble /usr/bin/cmake --install /home/psy/2024.11.26.TurtleArm_Moveit/build/hello_moveit
[0.487s] Level 1:colcon.colcon_core.environment:create_environment_scripts_only(hello_moveit)
[0.487s] Level 1:colcon.colcon_core.environment:checking '/home/psy/2024.11.26.TurtleArm_Moveit/install/hello_moveit' for CMake module files
[0.487s] DEBUG:colcon.colcon_core.event_handler.log_command:Invoked command in '/home/psy/2024.11.26.TurtleArm_Moveit/build/hello_moveit' returned '0': CMAKE_PREFIX_PATH=/opt/ros/humble /usr/bin/cmake --install /home/psy/2024.11.26.TurtleArm_Moveit/build/hello_moveit
[0.488s] Level 1:colcon.colcon_core.environment:checking '/home/psy/2024.11.26.TurtleArm_Moveit/install/hello_moveit' for CMake config files
[0.488s] Level 1:colcon.colcon_core.shell:create_environment_hook('hello_moveit', 'cmake_prefix_path')
[0.488s] INFO:colcon.colcon_core.shell:Creating environment hook '/home/psy/2024.11.26.TurtleArm_Moveit/install/hello_moveit/share/hello_moveit/hook/cmake_prefix_path.ps1'
[0.489s] INFO:colcon.colcon_core.shell:Creating environment descriptor '/home/psy/2024.11.26.TurtleArm_Moveit/install/hello_moveit/share/hello_moveit/hook/cmake_prefix_path.dsv'
[0.489s] INFO:colcon.colcon_core.shell:Creating environment hook '/home/psy/2024.11.26.TurtleArm_Moveit/install/hello_moveit/share/hello_moveit/hook/cmake_prefix_path.sh'
[0.489s] Level 1:colcon.colcon_core.environment:checking '/home/psy/2024.11.26.TurtleArm_Moveit/install/hello_moveit/lib'
[0.490s] Level 1:colcon.colcon_core.environment:checking '/home/psy/2024.11.26.TurtleArm_Moveit/install/hello_moveit/bin'
[0.490s] Level 1:colcon.colcon_core.environment:checking '/home/psy/2024.11.26.TurtleArm_Moveit/install/hello_moveit/lib/pkgconfig/hello_moveit.pc'
[0.490s] Level 1:colcon.colcon_core.environment:checking '/home/psy/2024.11.26.TurtleArm_Moveit/install/hello_moveit/lib/python3.10/site-packages'
[0.490s] Level 1:colcon.colcon_core.environment:checking '/home/psy/2024.11.26.TurtleArm_Moveit/install/hello_moveit/bin'
[0.490s] INFO:colcon.colcon_core.shell:Creating package script '/home/psy/2024.11.26.TurtleArm_Moveit/install/hello_moveit/share/hello_moveit/package.ps1'
[0.490s] INFO:colcon.colcon_core.shell:Creating package descriptor '/home/psy/2024.11.26.TurtleArm_Moveit/install/hello_moveit/share/hello_moveit/package.dsv'
[0.490s] INFO:colcon.colcon_core.shell:Creating package script '/home/psy/2024.11.26.TurtleArm_Moveit/install/hello_moveit/share/hello_moveit/package.sh'
[0.491s] INFO:colcon.colcon_core.shell:Creating package script '/home/psy/2024.11.26.TurtleArm_Moveit/install/hello_moveit/share/hello_moveit/package.bash'
[0.491s] INFO:colcon.colcon_core.shell:Creating package script '/home/psy/2024.11.26.TurtleArm_Moveit/install/hello_moveit/share/hello_moveit/package.zsh'
[0.491s] Level 1:colcon.colcon_core.environment:create_file_with_runtime_dependencies(/home/psy/2024.11.26.TurtleArm_Moveit/install/hello_moveit/share/colcon-core/packages/hello_moveit)
[0.496s] DEBUG:colcon.colcon_core.event_handler.log_command:Invoked command in '/home/psy/2024.11.26.TurtleArm_Moveit/build/moveit_srdf' returned '0': AMENT_PREFIX_PATH=/home/psy/2024.11.26.TurtleArm_Moveit/install/mycobot_moveit:${AMENT_PREFIX_PATH} CMAKE_PREFIX_PATH=/home/psy/2024.11.26.TurtleArm_Moveit/install/mycobot_moveit:/opt/ros/humble /usr/bin/cmake --build /home/psy/2024.11.26.TurtleArm_Moveit/build/moveit_srdf -- -j20 -l20
[0.503s] DEBUG:colcon.colcon_core.event_handler.log_command:Invoked command in '/home/psy/2024.11.26.TurtleArm_Moveit/build/myarm_moveit' returned '0': AMENT_PREFIX_PATH=/home/psy/2024.11.26.TurtleArm_Moveit/install/mycobot_moveit:${AMENT_PREFIX_PATH} CMAKE_PREFIX_PATH=/home/psy/2024.11.26.TurtleArm_Moveit/install/mycobot_moveit:/opt/ros/humble /usr/bin/cmake --build /home/psy/2024.11.26.TurtleArm_Moveit/build/myarm_moveit -- -j20 -l20
[0.510s] DEBUG:colcon.colcon_core.event_handler.log_command:Invoking command in '/home/psy/2024.11.26.TurtleArm_Moveit/build/moveit_srdf': AMENT_PREFIX_PATH=/home/psy/2024.11.26.TurtleArm_Moveit/install/mycobot_moveit:${AMENT_PREFIX_PATH} CMAKE_PREFIX_PATH=/home/psy/2024.11.26.TurtleArm_Moveit/install/mycobot_moveit:/opt/ros/humble /usr/bin/cmake --install /home/psy/2024.11.26.TurtleArm_Moveit/build/moveit_srdf
[0.515s] Level 1:colcon.colcon_core.environment:create_environment_scripts_only(hello_moveit)
[0.515s] Level 1:colcon.colcon_core.environment:checking '/home/psy/2024.11.26.TurtleArm_Moveit/install/hello_moveit' for CMake module files
[0.516s] Level 1:colcon.colcon_core.environment:checking '/home/psy/2024.11.26.TurtleArm_Moveit/install/hello_moveit' for CMake config files
[0.516s] Level 1:colcon.colcon_core.shell:create_environment_hook('hello_moveit', 'cmake_prefix_path')
[0.516s] INFO:colcon.colcon_core.shell:Creating environment hook '/home/psy/2024.11.26.TurtleArm_Moveit/install/hello_moveit/share/hello_moveit/hook/cmake_prefix_path.ps1'
[0.516s] INFO:colcon.colcon_core.shell:Creating environment descriptor '/home/psy/2024.11.26.TurtleArm_Moveit/install/hello_moveit/share/hello_moveit/hook/cmake_prefix_path.dsv'
[0.517s] INFO:colcon.colcon_core.shell:Creating environment hook '/home/psy/2024.11.26.TurtleArm_Moveit/install/hello_moveit/share/hello_moveit/hook/cmake_prefix_path.sh'
[0.517s] Level 1:colcon.colcon_core.environment:checking '/home/psy/2024.11.26.TurtleArm_Moveit/install/hello_moveit/lib'
[0.518s] Level 1:colcon.colcon_core.environment:checking '/home/psy/2024.11.26.TurtleArm_Moveit/install/hello_moveit/bin'
[0.519s] Level 1:colcon.colcon_core.environment:checking '/home/psy/2024.11.26.TurtleArm_Moveit/install/hello_moveit/lib/pkgconfig/hello_moveit.pc'
[0.519s] Level 1:colcon.colcon_core.environment:checking '/home/psy/2024.11.26.TurtleArm_Moveit/install/hello_moveit/lib/python3.10/site-packages'
[0.519s] Level 1:colcon.colcon_core.environment:checking '/home/psy/2024.11.26.TurtleArm_Moveit/install/hello_moveit/bin'
[0.519s] INFO:colcon.colcon_core.shell:Creating package script '/home/psy/2024.11.26.TurtleArm_Moveit/install/hello_moveit/share/hello_moveit/package.ps1'
[0.520s] INFO:colcon.colcon_core.shell:Creating package descriptor '/home/psy/2024.11.26.TurtleArm_Moveit/install/hello_moveit/share/hello_moveit/package.dsv'
[0.520s] INFO:colcon.colcon_core.shell:Creating package script '/home/psy/2024.11.26.TurtleArm_Moveit/install/hello_moveit/share/hello_moveit/package.sh'
[0.521s] INFO:colcon.colcon_core.shell:Creating package script '/home/psy/2024.11.26.TurtleArm_Moveit/install/hello_moveit/share/hello_moveit/package.bash'
[0.521s] INFO:colcon.colcon_core.shell:Creating package script '/home/psy/2024.11.26.TurtleArm_Moveit/install/hello_moveit/share/hello_moveit/package.zsh'
[0.522s] Level 1:colcon.colcon_core.environment:create_file_with_runtime_dependencies(/home/psy/2024.11.26.TurtleArm_Moveit/install/hello_moveit/share/colcon-core/packages/hello_moveit)
[0.524s] Level 1:colcon.colcon_core.environment:create_environment_scripts_only(moveit_srdf)
[0.524s] Level 1:colcon.colcon_core.environment:checking '/home/psy/2024.11.26.TurtleArm_Moveit/install/moveit_srdf' for CMake module files
[0.524s] DEBUG:colcon.colcon_core.event_handler.log_command:Invoking command in '/home/psy/2024.11.26.TurtleArm_Moveit/build/myarm_moveit': AMENT_PREFIX_PATH=/home/psy/2024.11.26.TurtleArm_Moveit/install/mycobot_moveit:${AMENT_PREFIX_PATH} CMAKE_PREFIX_PATH=/home/psy/2024.11.26.TurtleArm_Moveit/install/mycobot_moveit:/opt/ros/humble /usr/bin/cmake --install /home/psy/2024.11.26.TurtleArm_Moveit/build/myarm_moveit
[0.525s] DEBUG:colcon.colcon_core.event_handler.log_command:Invoked command in '/home/psy/2024.11.26.TurtleArm_Moveit/build/moveit_srdf' returned '0': AMENT_PREFIX_PATH=/home/psy/2024.11.26.TurtleArm_Moveit/install/mycobot_moveit:${AMENT_PREFIX_PATH} CMAKE_PREFIX_PATH=/home/psy/2024.11.26.TurtleArm_Moveit/install/mycobot_moveit:/opt/ros/humble /usr/bin/cmake --install /home/psy/2024.11.26.TurtleArm_Moveit/build/moveit_srdf
[0.525s] Level 1:colcon.colcon_core.environment:checking '/home/psy/2024.11.26.TurtleArm_Moveit/install/moveit_srdf' for CMake config files
[0.525s] Level 1:colcon.colcon_core.shell:create_environment_hook('moveit_srdf', 'cmake_prefix_path')
[0.525s] INFO:colcon.colcon_core.shell:Creating environment hook '/home/psy/2024.11.26.TurtleArm_Moveit/install/moveit_srdf/share/moveit_srdf/hook/cmake_prefix_path.ps1'
[0.525s] INFO:colcon.colcon_core.shell:Creating environment descriptor '/home/psy/2024.11.26.TurtleArm_Moveit/install/moveit_srdf/share/moveit_srdf/hook/cmake_prefix_path.dsv'
[0.525s] INFO:colcon.colcon_core.shell:Creating environment hook '/home/psy/2024.11.26.TurtleArm_Moveit/install/moveit_srdf/share/moveit_srdf/hook/cmake_prefix_path.sh'
[0.526s] Level 1:colcon.colcon_core.environment:checking '/home/psy/2024.11.26.TurtleArm_Moveit/install/moveit_srdf/bin'
[0.526s] Level 1:colcon.colcon_core.environment:checking '/home/psy/2024.11.26.TurtleArm_Moveit/install/moveit_srdf/lib/pkgconfig/moveit_srdf.pc'
[0.526s] Level 1:colcon.colcon_core.environment:checking '/home/psy/2024.11.26.TurtleArm_Moveit/install/moveit_srdf/lib/python3.10/site-packages'
[0.526s] Level 1:colcon.colcon_core.environment:checking '/home/psy/2024.11.26.TurtleArm_Moveit/install/moveit_srdf/bin'
[0.526s] INFO:colcon.colcon_core.shell:Creating package script '/home/psy/2024.11.26.TurtleArm_Moveit/install/moveit_srdf/share/moveit_srdf/package.ps1'
[0.526s] INFO:colcon.colcon_core.shell:Creating package descriptor '/home/psy/2024.11.26.TurtleArm_Moveit/install/moveit_srdf/share/moveit_srdf/package.dsv'
[0.526s] INFO:colcon.colcon_core.shell:Creating package script '/home/psy/2024.11.26.TurtleArm_Moveit/install/moveit_srdf/share/moveit_srdf/package.sh'
[0.527s] INFO:colcon.colcon_core.shell:Creating package script '/home/psy/2024.11.26.TurtleArm_Moveit/install/moveit_srdf/share/moveit_srdf/package.bash'
[0.527s] INFO:colcon.colcon_core.shell:Creating package script '/home/psy/2024.11.26.TurtleArm_Moveit/install/moveit_srdf/share/moveit_srdf/package.zsh'
[0.527s] Level 1:colcon.colcon_core.environment:create_file_with_runtime_dependencies(/home/psy/2024.11.26.TurtleArm_Moveit/install/moveit_srdf/share/colcon-core/packages/moveit_srdf)
[0.531s] Level 1:colcon.colcon_core.environment:create_environment_scripts_only(myarm_moveit)
[0.531s] Level 1:colcon.colcon_core.environment:checking '/home/psy/2024.11.26.TurtleArm_Moveit/install/myarm_moveit' for CMake module files
[0.531s] DEBUG:colcon.colcon_core.event_handler.log_command:Invoked command in '/home/psy/2024.11.26.TurtleArm_Moveit/build/myarm_moveit' returned '0': AMENT_PREFIX_PATH=/home/psy/2024.11.26.TurtleArm_Moveit/install/mycobot_moveit:${AMENT_PREFIX_PATH} CMAKE_PREFIX_PATH=/home/psy/2024.11.26.TurtleArm_Moveit/install/mycobot_moveit:/opt/ros/humble /usr/bin/cmake --install /home/psy/2024.11.26.TurtleArm_Moveit/build/myarm_moveit
[0.531s] Level 1:colcon.colcon_core.environment:checking '/home/psy/2024.11.26.TurtleArm_Moveit/install/myarm_moveit' for CMake config files
[0.531s] Level 1:colcon.colcon_core.shell:create_environment_hook('myarm_moveit', 'cmake_prefix_path')
[0.531s] INFO:colcon.colcon_core.shell:Creating environment hook '/home/psy/2024.11.26.TurtleArm_Moveit/install/myarm_moveit/share/myarm_moveit/hook/cmake_prefix_path.ps1'
[0.532s] INFO:colcon.colcon_core.shell:Creating environment descriptor '/home/psy/2024.11.26.TurtleArm_Moveit/install/myarm_moveit/share/myarm_moveit/hook/cmake_prefix_path.dsv'
[0.532s] INFO:colcon.colcon_core.shell:Creating environment hook '/home/psy/2024.11.26.TurtleArm_Moveit/install/myarm_moveit/share/myarm_moveit/hook/cmake_prefix_path.sh'
[0.532s] Level 1:colcon.colcon_core.environment:checking '/home/psy/2024.11.26.TurtleArm_Moveit/install/myarm_moveit/bin'
[0.532s] Level 1:colcon.colcon_core.environment:checking '/home/psy/2024.11.26.TurtleArm_Moveit/install/myarm_moveit/lib/pkgconfig/myarm_moveit.pc'
[0.532s] Level 1:colcon.colcon_core.environment:checking '/home/psy/2024.11.26.TurtleArm_Moveit/install/myarm_moveit/lib/python3.10/site-packages'
[0.532s] Level 1:colcon.colcon_core.environment:checking '/home/psy/2024.11.26.TurtleArm_Moveit/install/myarm_moveit/bin'
[0.532s] INFO:colcon.colcon_core.shell:Creating package script '/home/psy/2024.11.26.TurtleArm_Moveit/install/myarm_moveit/share/myarm_moveit/package.ps1'
[0.533s] INFO:colcon.colcon_core.shell:Creating package descriptor '/home/psy/2024.11.26.TurtleArm_Moveit/install/myarm_moveit/share/myarm_moveit/package.dsv'
[0.533s] INFO:colcon.colcon_core.shell:Creating package script '/home/psy/2024.11.26.TurtleArm_Moveit/install/myarm_moveit/share/myarm_moveit/package.sh'
[0.533s] INFO:colcon.colcon_core.shell:Creating package script '/home/psy/2024.11.26.TurtleArm_Moveit/install/myarm_moveit/share/myarm_moveit/package.bash'
[0.533s] INFO:colcon.colcon_core.shell:Creating package script '/home/psy/2024.11.26.TurtleArm_Moveit/install/myarm_moveit/share/myarm_moveit/package.zsh'
[0.533s] Level 1:colcon.colcon_core.environment:create_file_with_runtime_dependencies(/home/psy/2024.11.26.TurtleArm_Moveit/install/myarm_moveit/share/colcon-core/packages/myarm_moveit)
[0.541s] Level 1:colcon.colcon_core.environment:create_environment_scripts_only(moveit_srdf)
[0.542s] Level 1:colcon.colcon_core.environment:checking '/home/psy/2024.11.26.TurtleArm_Moveit/install/moveit_srdf' for CMake module files
[0.542s] Level 1:colcon.colcon_core.environment:checking '/home/psy/2024.11.26.TurtleArm_Moveit/install/moveit_srdf' for CMake config files
[0.542s] Level 1:colcon.colcon_core.shell:create_environment_hook('moveit_srdf', 'cmake_prefix_path')
[0.542s] INFO:colcon.colcon_core.shell:Creating environment hook '/home/psy/2024.11.26.TurtleArm_Moveit/install/moveit_srdf/share/moveit_srdf/hook/cmake_prefix_path.ps1'
[0.542s] INFO:colcon.colcon_core.shell:Creating environment descriptor '/home/psy/2024.11.26.TurtleArm_Moveit/install/moveit_srdf/share/moveit_srdf/hook/cmake_prefix_path.dsv'
[0.543s] INFO:colcon.colcon_core.shell:Creating environment hook '/home/psy/2024.11.26.TurtleArm_Moveit/install/moveit_srdf/share/moveit_srdf/hook/cmake_prefix_path.sh'
[0.543s] Level 1:colcon.colcon_core.environment:checking '/home/psy/2024.11.26.TurtleArm_Moveit/install/moveit_srdf/bin'
[0.543s] Level 1:colcon.colcon_core.environment:checking '/home/psy/2024.11.26.TurtleArm_Moveit/install/moveit_srdf/lib/pkgconfig/moveit_srdf.pc'
[0.543s] Level 1:colcon.colcon_core.environment:checking '/home/psy/2024.11.26.TurtleArm_Moveit/install/moveit_srdf/lib/python3.10/site-packages'
[0.543s] Level 1:colcon.colcon_core.environment:checking '/home/psy/2024.11.26.TurtleArm_Moveit/install/moveit_srdf/bin'
[0.543s] INFO:colcon.colcon_core.shell:Creating package script '/home/psy/2024.11.26.TurtleArm_Moveit/install/moveit_srdf/share/moveit_srdf/package.ps1'
[0.544s] INFO:colcon.colcon_core.shell:Creating package descriptor '/home/psy/2024.11.26.TurtleArm_Moveit/install/moveit_srdf/share/moveit_srdf/package.dsv'
[0.544s] INFO:colcon.colcon_core.shell:Creating package script '/home/psy/2024.11.26.TurtleArm_Moveit/install/moveit_srdf/share/moveit_srdf/package.sh'
[0.544s] INFO:colcon.colcon_core.shell:Creating package script '/home/psy/2024.11.26.TurtleArm_Moveit/install/moveit_srdf/share/moveit_srdf/package.bash'
[0.544s] INFO:colcon.colcon_core.shell:Creating package script '/home/psy/2024.11.26.TurtleArm_Moveit/install/moveit_srdf/share/moveit_srdf/package.zsh'
[0.545s] Level 1:colcon.colcon_core.environment:create_file_with_runtime_dependencies(/home/psy/2024.11.26.TurtleArm_Moveit/install/moveit_srdf/share/colcon-core/packages/moveit_srdf)
[0.547s] Level 1:colcon.colcon_core.environment:create_environment_scripts_only(myarm_moveit)
[0.547s] Level 1:colcon.colcon_core.environment:checking '/home/psy/2024.11.26.TurtleArm_Moveit/install/myarm_moveit' for CMake module files
[0.548s] Level 1:colcon.colcon_core.environment:checking '/home/psy/2024.11.26.TurtleArm_Moveit/install/myarm_moveit' for CMake config files
[0.548s] Level 1:colcon.colcon_core.shell:create_environment_hook('myarm_moveit', 'cmake_prefix_path')
[0.548s] INFO:colcon.colcon_core.shell:Creating environment hook '/home/psy/2024.11.26.TurtleArm_Moveit/install/myarm_moveit/share/myarm_moveit/hook/cmake_prefix_path.ps1'
[0.548s] INFO:colcon.colcon_core.shell:Creating environment descriptor '/home/psy/2024.11.26.TurtleArm_Moveit/install/myarm_moveit/share/myarm_moveit/hook/cmake_prefix_path.dsv'
[0.548s] INFO:colcon.colcon_core.shell:Creating environment hook '/home/psy/2024.11.26.TurtleArm_Moveit/install/myarm_moveit/share/myarm_moveit/hook/cmake_prefix_path.sh'
[0.549s] Level 1:colcon.colcon_core.environment:checking '/home/psy/2024.11.26.TurtleArm_Moveit/install/myarm_moveit/bin'
[0.549s] Level 1:colcon.colcon_core.environment:checking '/home/psy/2024.11.26.TurtleArm_Moveit/install/myarm_moveit/lib/pkgconfig/myarm_moveit.pc'
[0.549s] Level 1:colcon.colcon_core.environment:checking '/home/psy/2024.11.26.TurtleArm_Moveit/install/myarm_moveit/lib/python3.10/site-packages'
[0.549s] Level 1:colcon.colcon_core.environment:checking '/home/psy/2024.11.26.TurtleArm_Moveit/install/myarm_moveit/bin'
[0.549s] INFO:colcon.colcon_core.shell:Creating package script '/home/psy/2024.11.26.TurtleArm_Moveit/install/myarm_moveit/share/myarm_moveit/package.ps1'
[0.550s] INFO:colcon.colcon_core.shell:Creating package descriptor '/home/psy/2024.11.26.TurtleArm_Moveit/install/myarm_moveit/share/myarm_moveit/package.dsv'
[0.550s] INFO:colcon.colcon_core.shell:Creating package script '/home/psy/2024.11.26.TurtleArm_Moveit/install/myarm_moveit/share/myarm_moveit/package.sh'
[0.550s] INFO:colcon.colcon_core.shell:Creating package script '/home/psy/2024.11.26.TurtleArm_Moveit/install/myarm_moveit/share/myarm_moveit/package.bash'
[0.550s] INFO:colcon.colcon_core.shell:Creating package script '/home/psy/2024.11.26.TurtleArm_Moveit/install/myarm_moveit/share/myarm_moveit/package.zsh'
[0.550s] Level 1:colcon.colcon_core.environment:create_file_with_runtime_dependencies(/home/psy/2024.11.26.TurtleArm_Moveit/install/myarm_moveit/share/colcon-core/packages/myarm_moveit)
[0.574s] DEBUG:colcon.colcon_core.event_handler.log_command:Invoked command in '/home/psy/2024.11.26.TurtleArm_Moveit/build/mycobot_interfaces' returned '0': CMAKE_PREFIX_PATH=/opt/ros/humble /usr/bin/cmake --build /home/psy/2024.11.26.TurtleArm_Moveit/build/mycobot_interfaces -- -j20 -l20
[0.656s] DEBUG:colcon.colcon_core.event_handler.log_command:Invoking command in '/home/psy/2024.11.26.TurtleArm_Moveit/build/mycobot_interfaces': CMAKE_PREFIX_PATH=/opt/ros/humble /usr/bin/cmake --install /home/psy/2024.11.26.TurtleArm_Moveit/build/mycobot_interfaces
[0.739s] Level 1:colcon.colcon_core.environment:create_environment_scripts_only(mycobot_interfaces)
[0.739s] Level 1:colcon.colcon_core.environment:checking '/home/psy/2024.11.26.TurtleArm_Moveit/install/mycobot_interfaces' for CMake module files
[0.739s] DEBUG:colcon.colcon_core.event_handler.log_command:Invoked command in '/home/psy/2024.11.26.TurtleArm_Moveit/build/mycobot_interfaces' returned '0': CMAKE_PREFIX_PATH=/opt/ros/humble /usr/bin/cmake --install /home/psy/2024.11.26.TurtleArm_Moveit/build/mycobot_interfaces
[0.740s] Level 1:colcon.colcon_core.environment:checking '/home/psy/2024.11.26.TurtleArm_Moveit/install/mycobot_interfaces' for CMake config files
[0.740s] Level 1:colcon.colcon_core.shell:create_environment_hook('mycobot_interfaces', 'cmake_prefix_path')
[0.741s] INFO:colcon.colcon_core.shell:Creating environment hook '/home/psy/2024.11.26.TurtleArm_Moveit/install/mycobot_interfaces/share/mycobot_interfaces/hook/cmake_prefix_path.ps1'
[0.742s] INFO:colcon.colcon_core.shell:Creating environment descriptor '/home/psy/2024.11.26.TurtleArm_Moveit/install/mycobot_interfaces/share/mycobot_interfaces/hook/cmake_prefix_path.dsv'
[0.742s] INFO:colcon.colcon_core.shell:Creating environment hook '/home/psy/2024.11.26.TurtleArm_Moveit/install/mycobot_interfaces/share/mycobot_interfaces/hook/cmake_prefix_path.sh'
[0.743s] Level 1:colcon.colcon_core.environment:checking '/home/psy/2024.11.26.TurtleArm_Moveit/install/mycobot_interfaces/lib'
[0.743s] Level 1:colcon.colcon_core.shell:create_environment_hook('mycobot_interfaces', 'ld_library_path_lib')
[0.743s] INFO:colcon.colcon_core.shell:Creating environment hook '/home/psy/2024.11.26.TurtleArm_Moveit/install/mycobot_interfaces/share/mycobot_interfaces/hook/ld_library_path_lib.ps1'
[0.744s] INFO:colcon.colcon_core.shell:Creating environment descriptor '/home/psy/2024.11.26.TurtleArm_Moveit/install/mycobot_interfaces/share/mycobot_interfaces/hook/ld_library_path_lib.dsv'
[0.744s] INFO:colcon.colcon_core.shell:Creating environment hook '/home/psy/2024.11.26.TurtleArm_Moveit/install/mycobot_interfaces/share/mycobot_interfaces/hook/ld_library_path_lib.sh'
[0.745s] Level 1:colcon.colcon_core.environment:checking '/home/psy/2024.11.26.TurtleArm_Moveit/install/mycobot_interfaces/bin'
[0.745s] Level 1:colcon.colcon_core.environment:checking '/home/psy/2024.11.26.TurtleArm_Moveit/install/mycobot_interfaces/lib/pkgconfig/mycobot_interfaces.pc'
[0.745s] Level 1:colcon.colcon_core.environment:checking '/home/psy/2024.11.26.TurtleArm_Moveit/install/mycobot_interfaces/lib/python3.10/site-packages'
[0.745s] Level 1:colcon.colcon_core.environment:checking '/home/psy/2024.11.26.TurtleArm_Moveit/install/mycobot_interfaces/bin'
[0.746s] INFO:colcon.colcon_core.shell:Creating package script '/home/psy/2024.11.26.TurtleArm_Moveit/install/mycobot_interfaces/share/mycobot_interfaces/package.ps1'
[0.746s] INFO:colcon.colcon_core.shell:Creating package descriptor '/home/psy/2024.11.26.TurtleArm_Moveit/install/mycobot_interfaces/share/mycobot_interfaces/package.dsv'
[0.747s] INFO:colcon.colcon_core.shell:Creating package script '/home/psy/2024.11.26.TurtleArm_Moveit/install/mycobot_interfaces/share/mycobot_interfaces/package.sh'
[0.747s] INFO:colcon.colcon_core.shell:Creating package script '/home/psy/2024.11.26.TurtleArm_Moveit/install/mycobot_interfaces/share/mycobot_interfaces/package.bash'
[0.747s] INFO:colcon.colcon_core.shell:Creating package script '/home/psy/2024.11.26.TurtleArm_Moveit/install/mycobot_interfaces/share/mycobot_interfaces/package.zsh'
[0.748s] Level 1:colcon.colcon_core.environment:create_file_with_runtime_dependencies(/home/psy/2024.11.26.TurtleArm_Moveit/install/mycobot_interfaces/share/colcon-core/packages/mycobot_interfaces)
[0.809s] Level 1:colcon.colcon_core.environment:create_environment_scripts_only(mycobot_interfaces)
[0.809s] Level 1:colcon.colcon_core.environment:checking '/home/psy/2024.11.26.TurtleArm_Moveit/install/mycobot_interfaces' for CMake module files
[0.809s] Level 1:colcon.colcon_core.environment:checking '/home/psy/2024.11.26.TurtleArm_Moveit/install/mycobot_interfaces' for CMake config files
[0.810s] Level 1:colcon.colcon_core.shell:create_environment_hook('mycobot_interfaces', 'cmake_prefix_path')
[0.810s] INFO:colcon.colcon_core.shell:Creating environment hook '/home/psy/2024.11.26.TurtleArm_Moveit/install/mycobot_interfaces/share/mycobot_interfaces/hook/cmake_prefix_path.ps1'
[0.810s] INFO:colcon.colcon_core.shell:Creating environment descriptor '/home/psy/2024.11.26.TurtleArm_Moveit/install/mycobot_interfaces/share/mycobot_interfaces/hook/cmake_prefix_path.dsv'
[0.810s] INFO:colcon.colcon_core.shell:Creating environment hook '/home/psy/2024.11.26.TurtleArm_Moveit/install/mycobot_interfaces/share/mycobot_interfaces/hook/cmake_prefix_path.sh'
[0.810s] Level 1:colcon.colcon_core.environment:checking '/home/psy/2024.11.26.TurtleArm_Moveit/install/mycobot_interfaces/lib'
[0.810s] Level 1:colcon.colcon_core.shell:create_environment_hook('mycobot_interfaces', 'ld_library_path_lib')
[0.811s] INFO:colcon.colcon_core.shell:Creating environment hook '/home/psy/2024.11.26.TurtleArm_Moveit/install/mycobot_interfaces/share/mycobot_interfaces/hook/ld_library_path_lib.ps1'
[0.811s] INFO:colcon.colcon_core.shell:Creating environment descriptor '/home/psy/2024.11.26.TurtleArm_Moveit/install/mycobot_interfaces/share/mycobot_interfaces/hook/ld_library_path_lib.dsv'
[0.811s] INFO:colcon.colcon_core.shell:Creating environment hook '/home/psy/2024.11.26.TurtleArm_Moveit/install/mycobot_interfaces/share/mycobot_interfaces/hook/ld_library_path_lib.sh'
[0.811s] Level 1:colcon.colcon_core.environment:checking '/home/psy/2024.11.26.TurtleArm_Moveit/install/mycobot_interfaces/bin'
[0.811s] Level 1:colcon.colcon_core.environment:checking '/home/psy/2024.11.26.TurtleArm_Moveit/install/mycobot_interfaces/lib/pkgconfig/mycobot_interfaces.pc'
[0.811s] Level 1:colcon.colcon_core.environment:checking '/home/psy/2024.11.26.TurtleArm_Moveit/install/mycobot_interfaces/lib/python3.10/site-packages'
[0.811s] Level 1:colcon.colcon_core.environment:checking '/home/psy/2024.11.26.TurtleArm_Moveit/install/mycobot_interfaces/bin'
[0.811s] INFO:colcon.colcon_core.shell:Creating package script '/home/psy/2024.11.26.TurtleArm_Moveit/install/mycobot_interfaces/share/mycobot_interfaces/package.ps1'
[0.812s] INFO:colcon.colcon_core.shell:Creating package descriptor '/home/psy/2024.11.26.TurtleArm_Moveit/install/mycobot_interfaces/share/mycobot_interfaces/package.dsv'
[0.812s] INFO:colcon.colcon_core.shell:Creating package script '/home/psy/2024.11.26.TurtleArm_Moveit/install/mycobot_interfaces/share/mycobot_interfaces/package.sh'
[0.812s] INFO:colcon.colcon_core.shell:Creating package script '/home/psy/2024.11.26.TurtleArm_Moveit/install/mycobot_interfaces/share/mycobot_interfaces/package.bash'
[0.813s] INFO:colcon.colcon_core.shell:Creating package script '/home/psy/2024.11.26.TurtleArm_Moveit/install/mycobot_interfaces/share/mycobot_interfaces/package.zsh'
[0.813s] Level 1:colcon.colcon_core.environment:create_file_with_runtime_dependencies(/home/psy/2024.11.26.TurtleArm_Moveit/install/mycobot_interfaces/share/colcon-core/packages/mycobot_interfaces)
[0.813s] INFO:colcon.colcon_ros.task.ament_python.build:Building ROS package in '/home/psy/2024.11.26.TurtleArm_Moveit/src/mycobot320_moveit2/mycobot_ros2_controll' with build type 'ament_python'
[0.813s] Level 1:colcon.colcon_core.shell:create_environment_hook('mycobot_ros2_controll', 'ament_prefix_path')
[0.813s] INFO:colcon.colcon_core.shell:Creating environment hook '/home/psy/2024.11.26.TurtleArm_Moveit/install/mycobot_ros2_controll/share/mycobot_ros2_controll/hook/ament_prefix_path.ps1'
[0.814s] INFO:colcon.colcon_core.shell:Creating environment descriptor '/home/psy/2024.11.26.TurtleArm_Moveit/install/mycobot_ros2_controll/share/mycobot_ros2_controll/hook/ament_prefix_path.dsv'
[0.814s] INFO:colcon.colcon_core.shell:Creating environment hook '/home/psy/2024.11.26.TurtleArm_Moveit/install/mycobot_ros2_controll/share/mycobot_ros2_controll/hook/ament_prefix_path.sh'
[0.814s] INFO:colcon.colcon_core.shell:Skip shell extension 'powershell' for command environment: Not usable outside of PowerShell
[0.814s] DEBUG:colcon.colcon_core.shell:Skip shell extension 'dsv' for command environment
[0.958s] INFO:colcon.colcon_core.task.python.build:Building Python package in '/home/psy/2024.11.26.TurtleArm_Moveit/src/mycobot320_moveit2/mycobot_ros2_controll'
[0.958s] INFO:colcon.colcon_core.shell:Skip shell extension 'powershell' for command environment: Not usable outside of PowerShell
[0.958s] DEBUG:colcon.colcon_core.shell:Skip shell extension 'dsv' for command environment
[1.209s] DEBUG:colcon.colcon_core.event_handler.log_command:Invoking command in '/home/psy/2024.11.26.TurtleArm_Moveit/src/mycobot320_moveit2/mycobot_ros2_controll': AMENT_PREFIX_PATH=/home/psy/2024.11.26.TurtleArm_Moveit/install/mycobot_with_gripper:/home/psy/2024.11.26.TurtleArm_Moveit/install/mycobot_interfaces:${AMENT_PREFIX_PATH} CMAKE_PREFIX_PATH=/home/psy/2024.11.26.TurtleArm_Moveit/install/mycobot_with_gripper:/home/psy/2024.11.26.TurtleArm_Moveit/install/mycobot_interfaces LD_LIBRARY_PATH=/home/psy/2024.11.26.TurtleArm_Moveit/install/mycobot_interfaces/lib:${LD_LIBRARY_PATH} PYTHONPATH=/home/psy/2024.11.26.TurtleArm_Moveit/build/mycobot_ros2_controll/prefix_override:/usr/lib/python3/dist-packages/colcon_core/task/python/colcon_distutils_commands:/home/psy/2024.11.26.TurtleArm_Moveit/install/mycobot_ros2_controll/lib/python3.10/site-packages:/home/psy/2024.11.26.TurtleArm_Moveit/install/mycobot_interfaces/local/lib/python3.10/dist-packages:${PYTHONPATH} /usr/bin/python3 -W ignore:setup.py install is deprecated -W ignore:easy_install command is deprecated setup.py egg_info --egg-base ../../../build/mycobot_ros2_controll build --build-base /home/psy/2024.11.26.TurtleArm_Moveit/build/mycobot_ros2_controll/build install --record /home/psy/2024.11.26.TurtleArm_Moveit/build/mycobot_ros2_controll/install.log --single-version-externally-managed install_data
[1.360s] Level 1:colcon.colcon_core.environment:checking '/home/psy/2024.11.26.TurtleArm_Moveit/install/mycobot_ros2_controll' for CMake module files
[1.360s] DEBUG:colcon.colcon_core.event_handler.log_command:Invoked command in '/home/psy/2024.11.26.TurtleArm_Moveit/src/mycobot320_moveit2/mycobot_ros2_controll' returned '0': AMENT_PREFIX_PATH=/home/psy/2024.11.26.TurtleArm_Moveit/install/mycobot_with_gripper:/home/psy/2024.11.26.TurtleArm_Moveit/install/mycobot_interfaces:${AMENT_PREFIX_PATH} CMAKE_PREFIX_PATH=/home/psy/2024.11.26.TurtleArm_Moveit/install/mycobot_with_gripper:/home/psy/2024.11.26.TurtleArm_Moveit/install/mycobot_interfaces LD_LIBRARY_PATH=/home/psy/2024.11.26.TurtleArm_Moveit/install/mycobot_interfaces/lib:${LD_LIBRARY_PATH} PYTHONPATH=/home/psy/2024.11.26.TurtleArm_Moveit/build/mycobot_ros2_controll/prefix_override:/usr/lib/python3/dist-packages/colcon_core/task/python/colcon_distutils_commands:/home/psy/2024.11.26.TurtleArm_Moveit/install/mycobot_ros2_controll/lib/python3.10/site-packages:/home/psy/2024.11.26.TurtleArm_Moveit/install/mycobot_interfaces/local/lib/python3.10/dist-packages:${PYTHONPATH} /usr/bin/python3 -W ignore:setup.py install is deprecated -W ignore:easy_install command is deprecated setup.py egg_info --egg-base ../../../build/mycobot_ros2_controll build --build-base /home/psy/2024.11.26.TurtleArm_Moveit/build/mycobot_ros2_controll/build install --record /home/psy/2024.11.26.TurtleArm_Moveit/build/mycobot_ros2_controll/install.log --single-version-externally-managed install_data
[1.360s] Level 1:colcon.colcon_core.environment:checking '/home/psy/2024.11.26.TurtleArm_Moveit/install/mycobot_ros2_controll' for CMake config files
[1.361s] Level 1:colcon.colcon_core.environment:checking '/home/psy/2024.11.26.TurtleArm_Moveit/install/mycobot_ros2_controll/lib'
[1.361s] Level 1:colcon.colcon_core.environment:checking '/home/psy/2024.11.26.TurtleArm_Moveit/install/mycobot_ros2_controll/bin'
[1.361s] Level 1:colcon.colcon_core.environment:checking '/home/psy/2024.11.26.TurtleArm_Moveit/install/mycobot_ros2_controll/lib/pkgconfig/mycobot_ros2_controll.pc'
[1.361s] Level 1:colcon.colcon_core.environment:checking '/home/psy/2024.11.26.TurtleArm_Moveit/install/mycobot_ros2_controll/lib/python3.10/site-packages'
[1.361s] Level 1:colcon.colcon_core.shell:create_environment_hook('mycobot_ros2_controll', 'pythonpath')
[1.361s] INFO:colcon.colcon_core.shell:Creating environment hook '/home/psy/2024.11.26.TurtleArm_Moveit/install/mycobot_ros2_controll/share/mycobot_ros2_controll/hook/pythonpath.ps1'
[1.361s] INFO:colcon.colcon_core.shell:Creating environment descriptor '/home/psy/2024.11.26.TurtleArm_Moveit/install/mycobot_ros2_controll/share/mycobot_ros2_controll/hook/pythonpath.dsv'
[1.362s] INFO:colcon.colcon_core.shell:Creating environment hook '/home/psy/2024.11.26.TurtleArm_Moveit/install/mycobot_ros2_controll/share/mycobot_ros2_controll/hook/pythonpath.sh'
[1.362s] Level 1:colcon.colcon_core.environment:checking '/home/psy/2024.11.26.TurtleArm_Moveit/install/mycobot_ros2_controll/bin'
[1.362s] Level 1:colcon.colcon_core.environment:create_environment_scripts_only(mycobot_ros2_controll)
[1.362s] INFO:colcon.colcon_core.shell:Creating package script '/home/psy/2024.11.26.TurtleArm_Moveit/install/mycobot_ros2_controll/share/mycobot_ros2_controll/package.ps1'
[1.362s] INFO:colcon.colcon_core.shell:Creating package descriptor '/home/psy/2024.11.26.TurtleArm_Moveit/install/mycobot_ros2_controll/share/mycobot_ros2_controll/package.dsv'
[1.363s] INFO:colcon.colcon_core.shell:Creating package script '/home/psy/2024.11.26.TurtleArm_Moveit/install/mycobot_ros2_controll/share/mycobot_ros2_controll/package.sh'
[1.363s] INFO:colcon.colcon_core.shell:Creating package script '/home/psy/2024.11.26.TurtleArm_Moveit/install/mycobot_ros2_controll/share/mycobot_ros2_controll/package.bash'
[1.363s] INFO:colcon.colcon_core.shell:Creating package script '/home/psy/2024.11.26.TurtleArm_Moveit/install/mycobot_ros2_controll/share/mycobot_ros2_controll/package.zsh'
[1.363s] Level 1:colcon.colcon_core.environment:create_file_with_runtime_dependencies(/home/psy/2024.11.26.TurtleArm_Moveit/install/mycobot_ros2_controll/share/colcon-core/packages/mycobot_ros2_controll)
[1.363s] INFO:colcon.colcon_ros.task.ament_cmake.build:Building ROS package in '/home/psy/2024.11.26.TurtleArm_Moveit/src/mycobot320_moveit2/mycobot_ros2_cpp_cnt' with build type 'ament_cmake'
[1.363s] INFO:colcon.colcon_cmake.task.cmake.build:Building CMake package in '/home/psy/2024.11.26.TurtleArm_Moveit/src/mycobot320_moveit2/mycobot_ros2_cpp_cnt'
[1.363s] INFO:colcon.colcon_core.shell:Skip shell extension 'powershell' for command environment: Not usable outside of PowerShell
[1.363s] DEBUG:colcon.colcon_core.shell:Skip shell extension 'dsv' for command environment
[1.372s] DEBUG:colcon.colcon_core.event_handler.log_command:Invoking command in '/home/psy/2024.11.26.TurtleArm_Moveit/build/mycobot_ros2_cpp_cnt': AMENT_PREFIX_PATH=/home/psy/2024.11.26.TurtleArm_Moveit/install/mycobot_ros2_controll:/home/psy/2024.11.26.TurtleArm_Moveit/install/mycobot_with_gripper:/home/psy/2024.11.26.TurtleArm_Moveit/install/mycobot_interfaces:${AMENT_PREFIX_PATH} CMAKE_PREFIX_PATH=/home/psy/2024.11.26.TurtleArm_Moveit/install/mycobot_with_gripper:/home/psy/2024.11.26.TurtleArm_Moveit/install/mycobot_interfaces:/opt/ros/humble LD_LIBRARY_PATH=/home/psy/2024.11.26.TurtleArm_Moveit/install/mycobot_interfaces/lib:${LD_LIBRARY_PATH} PYTHONPATH=/home/psy/2024.11.26.TurtleArm_Moveit/install/mycobot_ros2_controll/lib/python3.10/site-packages:/home/psy/2024.11.26.TurtleArm_Moveit/install/mycobot_interfaces/local/lib/python3.10/dist-packages:${PYTHONPATH} /usr/bin/cmake --build /home/psy/2024.11.26.TurtleArm_Moveit/build/mycobot_ros2_cpp_cnt -- -j20 -l20
[1.474s] DEBUG:colcon.colcon_core.event_handler.log_command:Invoked command in '/home/psy/2024.11.26.TurtleArm_Moveit/build/mycobot_ros2_cpp_cnt' returned '0': AMENT_PREFIX_PATH=/home/psy/2024.11.26.TurtleArm_Moveit/install/mycobot_ros2_controll:/home/psy/2024.11.26.TurtleArm_Moveit/install/mycobot_with_gripper:/home/psy/2024.11.26.TurtleArm_Moveit/install/mycobot_interfaces:${AMENT_PREFIX_PATH} CMAKE_PREFIX_PATH=/home/psy/2024.11.26.TurtleArm_Moveit/install/mycobot_with_gripper:/home/psy/2024.11.26.TurtleArm_Moveit/install/mycobot_interfaces:/opt/ros/humble LD_LIBRARY_PATH=/home/psy/2024.11.26.TurtleArm_Moveit/install/mycobot_interfaces/lib:${LD_LIBRARY_PATH} PYTHONPATH=/home/psy/2024.11.26.TurtleArm_Moveit/install/mycobot_ros2_controll/lib/python3.10/site-packages:/home/psy/2024.11.26.TurtleArm_Moveit/install/mycobot_interfaces/local/lib/python3.10/dist-packages:${PYTHONPATH} /usr/bin/cmake --build /home/psy/2024.11.26.TurtleArm_Moveit/build/mycobot_ros2_cpp_cnt -- -j20 -l20
[1.507s] DEBUG:colcon.colcon_core.event_handler.log_command:Invoking command in '/home/psy/2024.11.26.TurtleArm_Moveit/build/mycobot_ros2_cpp_cnt': AMENT_PREFIX_PATH=/home/psy/2024.11.26.TurtleArm_Moveit/install/mycobot_ros2_controll:/home/psy/2024.11.26.TurtleArm_Moveit/install/mycobot_with_gripper:/home/psy/2024.11.26.TurtleArm_Moveit/install/mycobot_interfaces:${AMENT_PREFIX_PATH} CMAKE_PREFIX_PATH=/home/psy/2024.11.26.TurtleArm_Moveit/install/mycobot_with_gripper:/home/psy/2024.11.26.TurtleArm_Moveit/install/mycobot_interfaces:/opt/ros/humble LD_LIBRARY_PATH=/home/psy/2024.11.26.TurtleArm_Moveit/install/mycobot_interfaces/lib:${LD_LIBRARY_PATH} PYTHONPATH=/home/psy/2024.11.26.TurtleArm_Moveit/install/mycobot_ros2_controll/lib/python3.10/site-packages:/home/psy/2024.11.26.TurtleArm_Moveit/install/mycobot_interfaces/local/lib/python3.10/dist-packages:${PYTHONPATH} /usr/bin/cmake --install /home/psy/2024.11.26.TurtleArm_Moveit/build/mycobot_ros2_cpp_cnt
[1.519s] Level 1:colcon.colcon_core.environment:create_environment_scripts_only(mycobot_ros2_cpp_cnt)
[1.519s] Level 1:colcon.colcon_core.environment:checking '/home/psy/2024.11.26.TurtleArm_Moveit/install/mycobot_ros2_cpp_cnt' for CMake module files
[1.520s] DEBUG:colcon.colcon_core.event_handler.log_command:Invoked command in '/home/psy/2024.11.26.TurtleArm_Moveit/build/mycobot_ros2_cpp_cnt' returned '0': AMENT_PREFIX_PATH=/home/psy/2024.11.26.TurtleArm_Moveit/install/mycobot_ros2_controll:/home/psy/2024.11.26.TurtleArm_Moveit/install/mycobot_with_gripper:/home/psy/2024.11.26.TurtleArm_Moveit/install/mycobot_interfaces:${AMENT_PREFIX_PATH} CMAKE_PREFIX_PATH=/home/psy/2024.11.26.TurtleArm_Moveit/install/mycobot_with_gripper:/home/psy/2024.11.26.TurtleArm_Moveit/install/mycobot_interfaces:/opt/ros/humble LD_LIBRARY_PATH=/home/psy/2024.11.26.TurtleArm_Moveit/install/mycobot_interfaces/lib:${LD_LIBRARY_PATH} PYTHONPATH=/home/psy/2024.11.26.TurtleArm_Moveit/install/mycobot_ros2_controll/lib/python3.10/site-packages:/home/psy/2024.11.26.TurtleArm_Moveit/install/mycobot_interfaces/local/lib/python3.10/dist-packages:${PYTHONPATH} /usr/bin/cmake --install /home/psy/2024.11.26.TurtleArm_Moveit/build/mycobot_ros2_cpp_cnt
[1.520s] Level 1:colcon.colcon_core.environment:checking '/home/psy/2024.11.26.TurtleArm_Moveit/install/mycobot_ros2_cpp_cnt' for CMake config files
[1.520s] Level 1:colcon.colcon_core.shell:create_environment_hook('mycobot_ros2_cpp_cnt', 'cmake_prefix_path')
[1.520s] INFO:colcon.colcon_core.shell:Creating environment hook '/home/psy/2024.11.26.TurtleArm_Moveit/install/mycobot_ros2_cpp_cnt/share/mycobot_ros2_cpp_cnt/hook/cmake_prefix_path.ps1'
[1.521s] INFO:colcon.colcon_core.shell:Creating environment descriptor '/home/psy/2024.11.26.TurtleArm_Moveit/install/mycobot_ros2_cpp_cnt/share/mycobot_ros2_cpp_cnt/hook/cmake_prefix_path.dsv'
[1.521s] INFO:colcon.colcon_core.shell:Creating environment hook '/home/psy/2024.11.26.TurtleArm_Moveit/install/mycobot_ros2_cpp_cnt/share/mycobot_ros2_cpp_cnt/hook/cmake_prefix_path.sh'
[1.522s] Level 1:colcon.colcon_core.environment:checking '/home/psy/2024.11.26.TurtleArm_Moveit/install/mycobot_ros2_cpp_cnt/lib'
[1.522s] Level 1:colcon.colcon_core.environment:checking '/home/psy/2024.11.26.TurtleArm_Moveit/install/mycobot_ros2_cpp_cnt/bin'
[1.522s] Level 1:colcon.colcon_core.environment:checking '/home/psy/2024.11.26.TurtleArm_Moveit/install/mycobot_ros2_cpp_cnt/lib/pkgconfig/mycobot_ros2_cpp_cnt.pc'
[1.522s] Level 1:colcon.colcon_core.environment:checking '/home/psy/2024.11.26.TurtleArm_Moveit/install/mycobot_ros2_cpp_cnt/lib/python3.10/site-packages'
[1.522s] Level 1:colcon.colcon_core.environment:checking '/home/psy/2024.11.26.TurtleArm_Moveit/install/mycobot_ros2_cpp_cnt/bin'
[1.523s] INFO:colcon.colcon_core.shell:Creating package script '/home/psy/2024.11.26.TurtleArm_Moveit/install/mycobot_ros2_cpp_cnt/share/mycobot_ros2_cpp_cnt/package.ps1'
[1.523s] INFO:colcon.colcon_core.shell:Creating package descriptor '/home/psy/2024.11.26.TurtleArm_Moveit/install/mycobot_ros2_cpp_cnt/share/mycobot_ros2_cpp_cnt/package.dsv'
[1.524s] INFO:colcon.colcon_core.shell:Creating package script '/home/psy/2024.11.26.TurtleArm_Moveit/install/mycobot_ros2_cpp_cnt/share/mycobot_ros2_cpp_cnt/package.sh'
[1.524s] INFO:colcon.colcon_core.shell:Creating package script '/home/psy/2024.11.26.TurtleArm_Moveit/install/mycobot_ros2_cpp_cnt/share/mycobot_ros2_cpp_cnt/package.bash'
[1.524s] INFO:colcon.colcon_core.shell:Creating package script '/home/psy/2024.11.26.TurtleArm_Moveit/install/mycobot_ros2_cpp_cnt/share/mycobot_ros2_cpp_cnt/package.zsh'
[1.525s] Level 1:colcon.colcon_core.environment:create_file_with_runtime_dependencies(/home/psy/2024.11.26.TurtleArm_Moveit/install/mycobot_ros2_cpp_cnt/share/colcon-core/packages/mycobot_ros2_cpp_cnt)
[1.562s] Level 1:colcon.colcon_core.environment:create_environment_scripts_only(mycobot_ros2_cpp_cnt)
[1.562s] Level 1:colcon.colcon_core.environment:checking '/home/psy/2024.11.26.TurtleArm_Moveit/install/mycobot_ros2_cpp_cnt' for CMake module files
[1.563s] Level 1:colcon.colcon_core.environment:checking '/home/psy/2024.11.26.TurtleArm_Moveit/install/mycobot_ros2_cpp_cnt' for CMake config files
[1.563s] Level 1:colcon.colcon_core.shell:create_environment_hook('mycobot_ros2_cpp_cnt', 'cmake_prefix_path')
[1.563s] INFO:colcon.colcon_core.shell:Creating environment hook '/home/psy/2024.11.26.TurtleArm_Moveit/install/mycobot_ros2_cpp_cnt/share/mycobot_ros2_cpp_cnt/hook/cmake_prefix_path.ps1'
[1.563s] INFO:colcon.colcon_core.shell:Creating environment descriptor '/home/psy/2024.11.26.TurtleArm_Moveit/install/mycobot_ros2_cpp_cnt/share/mycobot_ros2_cpp_cnt/hook/cmake_prefix_path.dsv'
[1.564s] INFO:colcon.colcon_core.shell:Creating environment hook '/home/psy/2024.11.26.TurtleArm_Moveit/install/mycobot_ros2_cpp_cnt/share/mycobot_ros2_cpp_cnt/hook/cmake_prefix_path.sh'
[1.564s] Level 1:colcon.colcon_core.environment:checking '/home/psy/2024.11.26.TurtleArm_Moveit/install/mycobot_ros2_cpp_cnt/lib'
[1.564s] Level 1:colcon.colcon_core.environment:checking '/home/psy/2024.11.26.TurtleArm_Moveit/install/mycobot_ros2_cpp_cnt/bin'
[1.564s] Level 1:colcon.colcon_core.environment:checking '/home/psy/2024.11.26.TurtleArm_Moveit/install/mycobot_ros2_cpp_cnt/lib/pkgconfig/mycobot_ros2_cpp_cnt.pc'
[1.564s] Level 1:colcon.colcon_core.environment:checking '/home/psy/2024.11.26.TurtleArm_Moveit/install/mycobot_ros2_cpp_cnt/lib/python3.10/site-packages'
[1.565s] Level 1:colcon.colcon_core.environment:checking '/home/psy/2024.11.26.TurtleArm_Moveit/install/mycobot_ros2_cpp_cnt/bin'
[1.565s] INFO:colcon.colcon_core.shell:Creating package script '/home/psy/2024.11.26.TurtleArm_Moveit/install/mycobot_ros2_cpp_cnt/share/mycobot_ros2_cpp_cnt/package.ps1'
[1.566s] INFO:colcon.colcon_core.shell:Creating package descriptor '/home/psy/2024.11.26.TurtleArm_Moveit/install/mycobot_ros2_cpp_cnt/share/mycobot_ros2_cpp_cnt/package.dsv'
[1.566s] INFO:colcon.colcon_core.shell:Creating package script '/home/psy/2024.11.26.TurtleArm_Moveit/install/mycobot_ros2_cpp_cnt/share/mycobot_ros2_cpp_cnt/package.sh'
[1.567s] INFO:colcon.colcon_core.shell:Creating package script '/home/psy/2024.11.26.TurtleArm_Moveit/install/mycobot_ros2_cpp_cnt/share/mycobot_ros2_cpp_cnt/package.bash'
[1.567s] INFO:colcon.colcon_core.shell:Creating package script '/home/psy/2024.11.26.TurtleArm_Moveit/install/mycobot_ros2_cpp_cnt/share/mycobot_ros2_cpp_cnt/package.zsh'
[1.567s] Level 1:colcon.colcon_core.environment:create_file_with_runtime_dependencies(/home/psy/2024.11.26.TurtleArm_Moveit/install/mycobot_ros2_cpp_cnt/share/colcon-core/packages/mycobot_ros2_cpp_cnt)
[1.568s] DEBUG:colcon.colcon_parallel_executor.executor.parallel:closing loop
[1.568s] DEBUG:colcon.colcon_parallel_executor.executor.parallel:loop closed
[1.568s] DEBUG:colcon.colcon_parallel_executor.executor.parallel:run_until_complete finished with '0'
[1.568s] DEBUG:colcon.colcon_core.event_reactor:joining thread
[1.578s] INFO:colcon.colcon_core.plugin_system:Skipping extension 'colcon_notification.desktop_notification.terminal_notifier': Not used on non-Darwin systems
[1.578s] INFO:colcon.colcon_core.plugin_system:Skipping extension 'colcon_notification.desktop_notification.win32': Not used on non-Windows systems
[1.578s] INFO:colcon.colcon_notification.desktop_notification:Sending desktop notification using 'notify2'
[1.606s] DEBUG:colcon.colcon_core.event_reactor:joined thread
[1.606s] INFO:colcon.colcon_core.shell:Creating prefix script '/home/psy/2024.11.26.TurtleArm_Moveit/install/local_setup.ps1'
[1.607s] INFO:colcon.colcon_core.shell:Creating prefix util module '/home/psy/2024.11.26.TurtleArm_Moveit/install/_local_setup_util_ps1.py'
[1.608s] INFO:colcon.colcon_core.shell:Creating prefix chain script '/home/psy/2024.11.26.TurtleArm_Moveit/install/setup.ps1'
[1.609s] INFO:colcon.colcon_core.shell:Creating prefix script '/home/psy/2024.11.26.TurtleArm_Moveit/install/local_setup.sh'
[1.609s] INFO:colcon.colcon_core.shell:Creating prefix util module '/home/psy/2024.11.26.TurtleArm_Moveit/install/_local_setup_util_sh.py'
[1.609s] INFO:colcon.colcon_core.shell:Creating prefix chain script '/home/psy/2024.11.26.TurtleArm_Moveit/install/setup.sh'
[1.610s] INFO:colcon.colcon_core.shell:Creating prefix script '/home/psy/2024.11.26.TurtleArm_Moveit/install/local_setup.bash'
[1.610s] INFO:colcon.colcon_core.shell:Creating prefix chain script '/home/psy/2024.11.26.TurtleArm_Moveit/install/setup.bash'
[1.611s] INFO:colcon.colcon_core.shell:Creating prefix script '/home/psy/2024.11.26.TurtleArm_Moveit/install/local_setup.zsh'
[1.611s] INFO:colcon.colcon_core.shell:Creating prefix chain script '/home/psy/2024.11.26.TurtleArm_Moveit/install/setup.zsh'
