[0.229s] DEBUG:colcon:Command line arguments: ['/usr/bin/colcon', 'build', '--packages-select', 'test_tree']
[0.229s] DEBUG:colcon:Parsed command line arguments: Namespace(log_base=None, log_level=None, verb_name='build', build_base='build', install_base='install', merge_install=False, symlink_install=False, test_result_base=None, continue_on_error=False, executor='parallel', parallel_workers=8, event_handlers=None, ignore_user_meta=False, metas=['./colcon.meta'], base_paths=['.'], packages_ignore=None, packages_ignore_regex=None, paths=None, packages_up_to=None, packages_up_to_regex=None, packages_above=None, packages_above_and_dependencies=None, packages_above_depth=None, packages_select_by_dep=None, packages_skip_by_dep=None, packages_skip_up_to=None, packages_select_build_failed=False, packages_skip_build_finished=False, packages_select_test_failures=False, packages_skip_test_passed=False, packages_select=['test_tree'], packages_skip=None, packages_select_regex=None, packages_skip_regex=None, packages_start=None, packages_end=None, allow_overriding=[], cmake_args=None, cmake_target=None, cmake_target_skip_unavailable=False, cmake_clean_cache=False, cmake_clean_first=False, cmake_force_configure=False, ament_cmake_args=None, catkin_cmake_args=None, catkin_skip_building_tests=False, mixin_files=None, mixin=None, verb_parser=<colcon_mixin.mixin.mixin_argument.MixinArgumentDecorator object at 0x797274e79f00>, verb_extension=<colcon_core.verb.build.BuildVerb object at 0x797274f634c0>, main=<bound method BuildVerb.main of <colcon_core.verb.build.BuildVerb object at 0x797274f634c0>>, mixin_verb=('build',))
[0.304s] Level 1:colcon.colcon_core.package_discovery:discover_packages(colcon_meta) check parameters
[0.304s] Level 1:colcon.colcon_core.package_discovery:discover_packages(recursive) check parameters
[0.304s] Level 1:colcon.colcon_core.package_discovery:discover_packages(ignore) check parameters
[0.304s] Level 1:colcon.colcon_core.package_discovery:discover_packages(path) check parameters
[0.304s] Level 1:colcon.colcon_core.package_discovery:discover_packages(colcon_meta) discover
[0.304s] Level 1:colcon.colcon_core.package_discovery:discover_packages(recursive) discover
[0.304s] INFO:colcon.colcon_core.package_discovery:Crawling recursively for packages in '/home/kmw/trees_ws'
[0.304s] Level 1:colcon.colcon_core.package_identification:_identify(.) by extensions ['ignore', 'ignore_ament_install']
[0.304s] Level 1:colcon.colcon_core.package_identification:_identify(.) by extension 'ignore'
[0.305s] Level 1:colcon.colcon_core.package_identification:_identify(.) by extension 'ignore_ament_install'
[0.305s] Level 1:colcon.colcon_core.package_identification:_identify(.) by extensions ['colcon_pkg']
[0.305s] Level 1:colcon.colcon_core.package_identification:_identify(.) by extension 'colcon_pkg'
[0.305s] Level 1:colcon.colcon_core.package_identification:_identify(.) by extensions ['colcon_meta']
[0.305s] Level 1:colcon.colcon_core.package_identification:_identify(.) by extension 'colcon_meta'
[0.305s] Level 1:colcon.colcon_core.package_identification:_identify(.) by extensions ['ros']
[0.305s] Level 1:colcon.colcon_core.package_identification:_identify(.) by extension 'ros'
[0.353s] Level 1:colcon.colcon_core.package_identification:_identify(.) by extensions ['cmake', 'python']
[0.353s] Level 1:colcon.colcon_core.package_identification:_identify(.) by extension 'cmake'
[0.353s] Level 1:colcon.colcon_core.package_identification:_identify(.) by extension 'python'
[0.353s] Level 1:colcon.colcon_core.package_identification:_identify(.) by extensions ['python_setup_py']
[0.353s] Level 1:colcon.colcon_core.package_identification:_identify(.) by extension 'python_setup_py'
[0.354s] Level 1:colcon.colcon_core.package_identification:_identify(build) by extensions ['ignore', 'ignore_ament_install']
[0.354s] Level 1:colcon.colcon_core.package_identification:_identify(build) by extension 'ignore'
[0.354s] Level 1:colcon.colcon_core.package_identification:_identify(build) ignored
[0.354s] Level 1:colcon.colcon_core.package_identification:_identify(install) by extensions ['ignore', 'ignore_ament_install']
[0.354s] Level 1:colcon.colcon_core.package_identification:_identify(install) by extension 'ignore'
[0.354s] Level 1:colcon.colcon_core.package_identification:_identify(install) ignored
[0.355s] Level 1:colcon.colcon_core.package_identification:_identify(log) by extensions ['ignore', 'ignore_ament_install']
[0.355s] Level 1:colcon.colcon_core.package_identification:_identify(log) by extension 'ignore'
[0.355s] Level 1:colcon.colcon_core.package_identification:_identify(log) ignored
[0.355s] Level 1:colcon.colcon_core.package_identification:_identify(src) by extensions ['ignore', 'ignore_ament_install']
[0.355s] Level 1:colcon.colcon_core.package_identification:_identify(src) by extension 'ignore'
[0.355s] Level 1:colcon.colcon_core.package_identification:_identify(src) by extension 'ignore_ament_install'
[0.355s] Level 1:colcon.colcon_core.package_identification:_identify(src) by extensions ['colcon_pkg']
[0.355s] Level 1:colcon.colcon_core.package_identification:_identify(src) by extension 'colcon_pkg'
[0.355s] Level 1:colcon.colcon_core.package_identification:_identify(src) by extensions ['colcon_meta']
[0.356s] Level 1:colcon.colcon_core.package_identification:_identify(src) by extension 'colcon_meta'
[0.356s] Level 1:colcon.colcon_core.package_identification:_identify(src) by extensions ['ros']
[0.356s] Level 1:colcon.colcon_core.package_identification:_identify(src) by extension 'ros'
[0.356s] Level 1:colcon.colcon_core.package_identification:_identify(src) by extensions ['cmake', 'python']
[0.356s] Level 1:colcon.colcon_core.package_identification:_identify(src) by extension 'cmake'
[0.356s] Level 1:colcon.colcon_core.package_identification:_identify(src) by extension 'python'
[0.356s] Level 1:colcon.colcon_core.package_identification:_identify(src) by extensions ['python_setup_py']
[0.356s] Level 1:colcon.colcon_core.package_identification:_identify(src) by extension 'python_setup_py'
[0.356s] Level 1:colcon.colcon_core.package_identification:_identify(src/py_trees_ros) by extensions ['ignore', 'ignore_ament_install']
[0.356s] Level 1:colcon.colcon_core.package_identification:_identify(src/py_trees_ros) by extension 'ignore'
[0.357s] Level 1:colcon.colcon_core.package_identification:_identify(src/py_trees_ros) by extension 'ignore_ament_install'
[0.357s] Level 1:colcon.colcon_core.package_identification:_identify(src/py_trees_ros) by extensions ['colcon_pkg']
[0.357s] Level 1:colcon.colcon_core.package_identification:_identify(src/py_trees_ros) by extension 'colcon_pkg'
[0.357s] Level 1:colcon.colcon_core.package_identification:_identify(src/py_trees_ros) by extensions ['colcon_meta']
[0.357s] Level 1:colcon.colcon_core.package_identification:_identify(src/py_trees_ros) by extension 'colcon_meta'
[0.357s] Level 1:colcon.colcon_core.package_identification:_identify(src/py_trees_ros) by extensions ['ros']
[0.357s] Level 1:colcon.colcon_core.package_identification:_identify(src/py_trees_ros) by extension 'ros'
[0.363s] DEBUG:colcon.colcon_core.package_identification:Package 'src/py_trees_ros' with type 'ros.ament_python' and name 'py_trees_ros'
[0.363s] Level 1:colcon.colcon_core.package_identification:_identify(src/test_tree) by extensions ['ignore', 'ignore_ament_install']
[0.364s] Level 1:colcon.colcon_core.package_identification:_identify(src/test_tree) by extension 'ignore'
[0.364s] Level 1:colcon.colcon_core.package_identification:_identify(src/test_tree) by extension 'ignore_ament_install'
[0.364s] Level 1:colcon.colcon_core.package_identification:_identify(src/test_tree) by extensions ['colcon_pkg']
[0.364s] Level 1:colcon.colcon_core.package_identification:_identify(src/test_tree) by extension 'colcon_pkg'
[0.364s] Level 1:colcon.colcon_core.package_identification:_identify(src/test_tree) by extensions ['colcon_meta']
[0.364s] Level 1:colcon.colcon_core.package_identification:_identify(src/test_tree) by extension 'colcon_meta'
[0.364s] Level 1:colcon.colcon_core.package_identification:_identify(src/test_tree) by extensions ['ros']
[0.364s] Level 1:colcon.colcon_core.package_identification:_identify(src/test_tree) by extension 'ros'
[0.366s] DEBUG:colcon.colcon_core.package_identification:Package 'src/test_tree' with type 'ros.ament_python' and name 'test_tree'
[0.366s] Level 1:colcon.colcon_core.package_discovery:discover_packages(recursive) using defaults
[0.366s] Level 1:colcon.colcon_core.package_discovery:discover_packages(ignore) discover
[0.366s] Level 1:colcon.colcon_core.package_discovery:discover_packages(ignore) using defaults
[0.366s] Level 1:colcon.colcon_core.package_discovery:discover_packages(path) discover
[0.366s] Level 1:colcon.colcon_core.package_discovery:discover_packages(path) using defaults
[0.402s] INFO:colcon.colcon_core.package_selection:Skipping not selected package 'py_trees_ros' in 'src/py_trees_ros'
[0.403s] Level 1:colcon.colcon_core.package_discovery:discover_packages(prefix_path) check parameters
[0.403s] Level 1:colcon.colcon_core.package_discovery:discover_packages(prefix_path) discover
[0.406s] DEBUG:colcon.colcon_installed_package_information.package_discovery:Found 9 installed packages in /home/kmw/trees_ws/install
[0.409s] DEBUG:colcon.colcon_installed_package_information.package_discovery:Found 324 installed packages in /opt/ros/humble
[0.413s] Level 1:colcon.colcon_core.package_discovery:discover_packages(prefix_path) using defaults
[0.517s] Level 5:colcon.colcon_core.verb:set package 'test_tree' build argument 'cmake_args' from command line to 'None'
[0.517s] Level 5:colcon.colcon_core.verb:set package 'test_tree' build argument 'cmake_target' from command line to 'None'
[0.517s] Level 5:colcon.colcon_core.verb:set package 'test_tree' build argument 'cmake_target_skip_unavailable' from command line to 'False'
[0.517s] Level 5:colcon.colcon_core.verb:set package 'test_tree' build argument 'cmake_clean_cache' from command line to 'False'
[0.517s] Level 5:colcon.colcon_core.verb:set package 'test_tree' build argument 'cmake_clean_first' from command line to 'False'
[0.517s] Level 5:colcon.colcon_core.verb:set package 'test_tree' build argument 'cmake_force_configure' from command line to 'False'
[0.517s] Level 5:colcon.colcon_core.verb:set package 'test_tree' build argument 'ament_cmake_args' from command line to 'None'
[0.517s] Level 5:colcon.colcon_core.verb:set package 'test_tree' build argument 'catkin_cmake_args' from command line to 'None'
[0.517s] Level 5:colcon.colcon_core.verb:set package 'test_tree' build argument 'catkin_skip_building_tests' from command line to 'False'
[0.517s] DEBUG:colcon.colcon_core.verb:Building package 'test_tree' with the following arguments: {'ament_cmake_args': None, 'build_base': '/home/kmw/trees_ws/build/test_tree', 'catkin_cmake_args': None, 'catkin_skip_building_tests': False, 'cmake_args': None, 'cmake_clean_cache': False, 'cmake_clean_first': False, 'cmake_force_configure': False, 'cmake_target': None, 'cmake_target_skip_unavailable': False, 'install_base': '/home/kmw/trees_ws/install/test_tree', 'merge_install': False, 'path': '/home/kmw/trees_ws/src/test_tree', 'symlink_install': False, 'test_result_base': None}
[0.518s] INFO:colcon.colcon_core.executor:Executing jobs using 'parallel' executor
[0.526s] DEBUG:colcon.colcon_parallel_executor.executor.parallel:run_until_complete
[0.527s] INFO:colcon.colcon_ros.task.ament_python.build:Building ROS package in '/home/kmw/trees_ws/src/test_tree' with build type 'ament_python'
[0.527s] Level 1:colcon.colcon_core.shell:create_environment_hook('test_tree', 'ament_prefix_path')
[0.532s] INFO:colcon.colcon_core.plugin_system:Skipping extension 'colcon_core.shell.bat': Not used on non-Windows systems
[0.533s] INFO:colcon.colcon_core.shell:Creating environment hook '/home/kmw/trees_ws/install/test_tree/share/test_tree/hook/ament_prefix_path.ps1'
[0.534s] INFO:colcon.colcon_core.shell:Creating environment descriptor '/home/kmw/trees_ws/install/test_tree/share/test_tree/hook/ament_prefix_path.dsv'
[0.535s] INFO:colcon.colcon_core.shell:Creating environment hook '/home/kmw/trees_ws/install/test_tree/share/test_tree/hook/ament_prefix_path.sh'
[0.537s] INFO:colcon.colcon_core.shell:Skip shell extension 'powershell' for command environment: Not usable outside of PowerShell
[0.537s] DEBUG:colcon.colcon_core.shell:Skip shell extension 'dsv' for command environment
[1.009s] INFO:colcon.colcon_core.task.python.build:Building Python package in '/home/kmw/trees_ws/src/test_tree'
[1.010s] INFO:colcon.colcon_core.shell:Skip shell extension 'powershell' for command environment: Not usable outside of PowerShell
[1.010s] DEBUG:colcon.colcon_core.shell:Skip shell extension 'dsv' for command environment
[2.392s] DEBUG:colcon.colcon_core.event_handler.log_command:Invoking command in '/home/kmw/trees_ws/src/test_tree': AMENT_PREFIX_PATH=/home/kmw/trees_ws/install/py_trees_ros:/home/kmw/trees_ws/install/ros_bt_py:/home/kmw/trees_ws/install/ros_bt_py_web_gui:/home/kmw/trees_ws/install/ros_bt_py_interfaces:/home/kmw/trees_ws/install/spot_bt_ros:/home/kmw/trees_ws/install/test_tree:/home/kmw/trees_ws/install/py_trees_ros_viewer:/home/kmw/trees_ws/install/py_trees_ros_tutorials:/opt/ros/humble CONDA_PROMPT_MODIFIER=(ros2_py310) PATH=/home/kmw/trees_ws/install/py_trees_ros/bin:/home/kmw/trees_ws/install/py_trees_ros_viewer/bin:/opt/ros/humble/bin:/home/kmw/gems/bin:/home/kmw/gems/bin:/home/kmw/miniconda3/envs/ros2_py310/bin:/home/kmw/miniconda3/condabin:/home/kmw/.cargo/bin:/home/kmw/.local/bin:/usr/local/sbin:/usr/local/bin:/usr/sbin:/usr/bin:/sbin:/bin:/usr/games:/usr/local/games:/snap/bin:/snap/bin PYTHONPATH=/home/kmw/trees_ws/build/test_tree/prefix_override:/usr/lib/python3/dist-packages/colcon_core/task/python/colcon_distutils_commands:/home/kmw/trees_ws/install/test_tree/lib/python3.10/site-packages:/home/kmw/trees_ws/install/py_trees_ros/lib/python3.10/site-packages:/home/kmw/trees_ws/install/ros_bt_py/lib/python3.10/site-packages:/home/kmw/trees_ws/install/ros_bt_py_interfaces/lib/python3.10/site-packages:/home/kmw/trees_ws/build/test_tree:/home/kmw/trees_ws/build/spot_bt_ros:/home/kmw/trees_ws/build/py_trees_ros_viewer:/home/kmw/trees_ws/build/py_trees_ros_tutorials:/home/kmw/trees_ws/build/py_trees_ros:/home/kmw/trees_ws/install/spot_bt_ros/lib/python3.10/site-packages:/home/kmw/trees_ws/install/test_tree/lib/python3.10/site-packages:/home/kmw/trees_ws/install/py_trees_ros_viewer/lib/python3.10/site-packages:/home/kmw/trees_ws/install/py_trees_ros_tutorials/lib/python3.10/site-packages:/opt/ros/humble/lib/python3.10/site-packages:/opt/ros/humble/local/lib/python3.10/dist-packages:/home/kmw/miniconda3/envs/ros2_py310/lib/python3.10/site-packages/ /usr/bin/python3 -W ignore:setup.py install is deprecated -W ignore:easy_install command is deprecated setup.py egg_info --egg-base ../../build/test_tree build --build-base /home/kmw/trees_ws/build/test_tree/build install --record /home/kmw/trees_ws/build/test_tree/install.log --single-version-externally-managed install_data
[3.612s] DEBUG:colcon.colcon_core.event_handler.log_command:Invoked command in '/home/kmw/trees_ws/src/test_tree' returned '0': AMENT_PREFIX_PATH=/home/kmw/trees_ws/install/py_trees_ros:/home/kmw/trees_ws/install/ros_bt_py:/home/kmw/trees_ws/install/ros_bt_py_web_gui:/home/kmw/trees_ws/install/ros_bt_py_interfaces:/home/kmw/trees_ws/install/spot_bt_ros:/home/kmw/trees_ws/install/test_tree:/home/kmw/trees_ws/install/py_trees_ros_viewer:/home/kmw/trees_ws/install/py_trees_ros_tutorials:/opt/ros/humble CONDA_PROMPT_MODIFIER=(ros2_py310) PATH=/home/kmw/trees_ws/install/py_trees_ros/bin:/home/kmw/trees_ws/install/py_trees_ros_viewer/bin:/opt/ros/humble/bin:/home/kmw/gems/bin:/home/kmw/gems/bin:/home/kmw/miniconda3/envs/ros2_py310/bin:/home/kmw/miniconda3/condabin:/home/kmw/.cargo/bin:/home/kmw/.local/bin:/usr/local/sbin:/usr/local/bin:/usr/sbin:/usr/bin:/sbin:/bin:/usr/games:/usr/local/games:/snap/bin:/snap/bin PYTHONPATH=/home/kmw/trees_ws/build/test_tree/prefix_override:/usr/lib/python3/dist-packages/colcon_core/task/python/colcon_distutils_commands:/home/kmw/trees_ws/install/test_tree/lib/python3.10/site-packages:/home/kmw/trees_ws/install/py_trees_ros/lib/python3.10/site-packages:/home/kmw/trees_ws/install/ros_bt_py/lib/python3.10/site-packages:/home/kmw/trees_ws/install/ros_bt_py_interfaces/lib/python3.10/site-packages:/home/kmw/trees_ws/build/test_tree:/home/kmw/trees_ws/build/spot_bt_ros:/home/kmw/trees_ws/build/py_trees_ros_viewer:/home/kmw/trees_ws/build/py_trees_ros_tutorials:/home/kmw/trees_ws/build/py_trees_ros:/home/kmw/trees_ws/install/spot_bt_ros/lib/python3.10/site-packages:/home/kmw/trees_ws/install/test_tree/lib/python3.10/site-packages:/home/kmw/trees_ws/install/py_trees_ros_viewer/lib/python3.10/site-packages:/home/kmw/trees_ws/install/py_trees_ros_tutorials/lib/python3.10/site-packages:/opt/ros/humble/lib/python3.10/site-packages:/opt/ros/humble/local/lib/python3.10/dist-packages:/home/kmw/miniconda3/envs/ros2_py310/lib/python3.10/site-packages/ /usr/bin/python3 -W ignore:setup.py install is deprecated -W ignore:easy_install command is deprecated setup.py egg_info --egg-base ../../build/test_tree build --build-base /home/kmw/trees_ws/build/test_tree/build install --record /home/kmw/trees_ws/build/test_tree/install.log --single-version-externally-managed install_data
[3.621s] Level 1:colcon.colcon_core.environment:checking '/home/kmw/trees_ws/install/test_tree' for CMake module files
[3.622s] Level 1:colcon.colcon_core.environment:checking '/home/kmw/trees_ws/install/test_tree' for CMake config files
[3.624s] Level 1:colcon.colcon_core.environment:checking '/home/kmw/trees_ws/install/test_tree/lib'
[3.625s] Level 1:colcon.colcon_core.environment:checking '/home/kmw/trees_ws/install/test_tree/bin'
[3.625s] Level 1:colcon.colcon_core.environment:checking '/home/kmw/trees_ws/install/test_tree/lib/pkgconfig/test_tree.pc'
[3.626s] Level 1:colcon.colcon_core.environment:checking '/home/kmw/trees_ws/install/test_tree/lib/python3.10/site-packages'
[3.626s] Level 1:colcon.colcon_core.shell:create_environment_hook('test_tree', 'pythonpath')
[3.627s] INFO:colcon.colcon_core.shell:Creating environment hook '/home/kmw/trees_ws/install/test_tree/share/test_tree/hook/pythonpath.ps1'
[3.628s] INFO:colcon.colcon_core.shell:Creating environment descriptor '/home/kmw/trees_ws/install/test_tree/share/test_tree/hook/pythonpath.dsv'
[3.629s] INFO:colcon.colcon_core.shell:Creating environment hook '/home/kmw/trees_ws/install/test_tree/share/test_tree/hook/pythonpath.sh'
[3.631s] Level 1:colcon.colcon_core.environment:checking '/home/kmw/trees_ws/install/test_tree/bin'
[3.631s] Level 1:colcon.colcon_core.environment:create_environment_scripts_only(test_tree)
[3.632s] INFO:colcon.colcon_core.shell:Creating package script '/home/kmw/trees_ws/install/test_tree/share/test_tree/package.ps1'
[3.634s] INFO:colcon.colcon_core.shell:Creating package descriptor '/home/kmw/trees_ws/install/test_tree/share/test_tree/package.dsv'
[3.636s] INFO:colcon.colcon_core.shell:Creating package script '/home/kmw/trees_ws/install/test_tree/share/test_tree/package.sh'
[3.638s] INFO:colcon.colcon_core.shell:Creating package script '/home/kmw/trees_ws/install/test_tree/share/test_tree/package.bash'
[3.640s] INFO:colcon.colcon_core.shell:Creating package script '/home/kmw/trees_ws/install/test_tree/share/test_tree/package.zsh'
[3.642s] Level 1:colcon.colcon_core.environment:create_file_with_runtime_dependencies(/home/kmw/trees_ws/install/test_tree/share/colcon-core/packages/test_tree)
[3.642s] DEBUG:colcon.colcon_parallel_executor.executor.parallel:closing loop
[3.643s] DEBUG:colcon.colcon_parallel_executor.executor.parallel:loop closed
[3.643s] DEBUG:colcon.colcon_parallel_executor.executor.parallel:run_until_complete finished with '0'
[3.643s] DEBUG:colcon.colcon_core.event_reactor:joining thread
[3.658s] INFO:colcon.colcon_core.plugin_system:Skipping extension 'colcon_notification.desktop_notification.terminal_notifier': Not used on non-Darwin systems
[3.659s] INFO:colcon.colcon_core.plugin_system:Skipping extension 'colcon_notification.desktop_notification.win32': Not used on non-Windows systems
[3.659s] INFO:colcon.colcon_notification.desktop_notification:Sending desktop notification using 'notify2'
[3.686s] DEBUG:colcon.colcon_core.event_reactor:joined thread
[3.687s] INFO:colcon.colcon_core.shell:Creating prefix script '/home/kmw/trees_ws/install/local_setup.ps1'
[3.689s] INFO:colcon.colcon_core.shell:Creating prefix util module '/home/kmw/trees_ws/install/_local_setup_util_ps1.py'
[3.694s] INFO:colcon.colcon_core.shell:Creating prefix chain script '/home/kmw/trees_ws/install/setup.ps1'
[3.699s] INFO:colcon.colcon_core.shell:Creating prefix script '/home/kmw/trees_ws/install/local_setup.sh'
[3.701s] INFO:colcon.colcon_core.shell:Creating prefix util module '/home/kmw/trees_ws/install/_local_setup_util_sh.py'
[3.704s] INFO:colcon.colcon_core.shell:Creating prefix chain script '/home/kmw/trees_ws/install/setup.sh'
[3.709s] INFO:colcon.colcon_core.shell:Creating prefix script '/home/kmw/trees_ws/install/local_setup.bash'
[3.711s] INFO:colcon.colcon_core.shell:Creating prefix chain script '/home/kmw/trees_ws/install/setup.bash'
[3.716s] INFO:colcon.colcon_core.shell:Creating prefix script '/home/kmw/trees_ws/install/local_setup.zsh'
[3.718s] INFO:colcon.colcon_core.shell:Creating prefix chain script '/home/kmw/trees_ws/install/setup.zsh'
