running egg_info
writing ../../build/tree_apply/tree_apply.egg-info/PKG-INFO
writing dependency_links to ../../build/tree_apply/tree_apply.egg-info/dependency_links.txt
writing entry points to ../../build/tree_apply/tree_apply.egg-info/entry_points.txt
writing requirements to ../../build/tree_apply/tree_apply.egg-info/requires.txt
writing top-level names to ../../build/tree_apply/tree_apply.egg-info/top_level.txt
reading manifest file '../../build/tree_apply/tree_apply.egg-info/SOURCES.txt'
writing manifest file '../../build/tree_apply/tree_apply.egg-info/SOURCES.txt'
running build
running build_py
copying tree_apply/__init__.py -> /home/kmw/trees_ws/build/tree_apply/build/lib/tree_apply
copying tree_apply/cobot_node.py -> /home/kmw/trees_ws/build/tree_apply/build/lib/tree_apply
copying tree_apply/bt_executor.py -> /home/kmw/trees_ws/build/tree_apply/build/lib/tree_apply
running install
running install_lib
copying /home/kmw/trees_ws/build/tree_apply/build/lib/tree_apply/cobot_node.py -> /home/kmw/trees_ws/install/tree_apply/lib/python3.10/site-packages/tree_apply
byte-compiling /home/kmw/trees_ws/install/tree_apply/lib/python3.10/site-packages/tree_apply/cobot_node.py to cobot_node.cpython-310.pyc
running install_data
copying resource/tree_apply -> /home/kmw/trees_ws/install/tree_apply/share/ament_index/resource_index/packages
copying package.xml -> /home/kmw/trees_ws/install/tree_apply/share/tree_apply
running install_egg_info
removing '/home/kmw/trees_ws/install/tree_apply/lib/python3.10/site-packages/tree_apply-0.0.0-py3.10.egg-info' (and everything under it)
Copying ../../build/tree_apply/tree_apply.egg-info to /home/kmw/trees_ws/install/tree_apply/lib/python3.10/site-packages/tree_apply-0.0.0-py3.10.egg-info
running install_scripts
Installing bt script to /home/kmw/trees_ws/install/tree_apply/lib/tree_apply
Installing cobot_node script to /home/kmw/trees_ws/install/tree_apply/lib/tree_apply
writing list of installed files to '/home/kmw/trees_ws/build/tree_apply/install.log'
