running egg_info
creating ../../build/qr_cam/qr_cam.egg-info
writing ../../build/qr_cam/qr_cam.egg-info/PKG-INFO
writing dependency_links to ../../build/qr_cam/qr_cam.egg-info/dependency_links.txt
writing entry points to ../../build/qr_cam/qr_cam.egg-info/entry_points.txt
writing requirements to ../../build/qr_cam/qr_cam.egg-info/requires.txt
writing top-level names to ../../build/qr_cam/qr_cam.egg-info/top_level.txt
writing manifest file '../../build/qr_cam/qr_cam.egg-info/SOURCES.txt'
reading manifest file '../../build/qr_cam/qr_cam.egg-info/SOURCES.txt'
writing manifest file '../../build/qr_cam/qr_cam.egg-info/SOURCES.txt'
running build
running build_py
creating /home/pi/arm_ws/build/qr_cam/build
creating /home/pi/arm_ws/build/qr_cam/build/lib
creating /home/pi/arm_ws/build/qr_cam/build/lib/qr_cam
copying qr_cam/no_cam.py -> /home/pi/arm_ws/build/qr_cam/build/lib/qr_cam
copying qr_cam/__init__.py -> /home/pi/arm_ws/build/qr_cam/build/lib/qr_cam
running install
running install_lib
creating /home/pi/arm_ws/install/qr_cam/lib/python3.8/site-packages/qr_cam
copying /home/pi/arm_ws/build/qr_cam/build/lib/qr_cam/no_cam.py -> /home/pi/arm_ws/install/qr_cam/lib/python3.8/site-packages/qr_cam
copying /home/pi/arm_ws/build/qr_cam/build/lib/qr_cam/__init__.py -> /home/pi/arm_ws/install/qr_cam/lib/python3.8/site-packages/qr_cam
byte-compiling /home/pi/arm_ws/install/qr_cam/lib/python3.8/site-packages/qr_cam/no_cam.py to no_cam.cpython-38.pyc
byte-compiling /home/pi/arm_ws/install/qr_cam/lib/python3.8/site-packages/qr_cam/__init__.py to __init__.cpython-38.pyc
running install_data
creating /home/pi/arm_ws/install/qr_cam/share/ament_index
creating /home/pi/arm_ws/install/qr_cam/share/ament_index/resource_index
creating /home/pi/arm_ws/install/qr_cam/share/ament_index/resource_index/packages
copying resource/qr_cam -> /home/pi/arm_ws/install/qr_cam/share/ament_index/resource_index/packages
copying package.xml -> /home/pi/arm_ws/install/qr_cam/share/qr_cam
running install_egg_info
Copying ../../build/qr_cam/qr_cam.egg-info to /home/pi/arm_ws/install/qr_cam/lib/python3.8/site-packages/qr_cam-0.0.0-py3.8.egg-info
running install_scripts
Installing no_cam script to /home/pi/arm_ws/install/qr_cam/lib/qr_cam
writing list of installed files to '/home/pi/arm_ws/build/qr_cam/install.log'
