[6.552s] Invoking command in '/home/pi/arm_ws/src/turtle_con': PYTHONPATH=/home/pi/arm_ws/build/turtle_con/prefix_override:/usr/lib/python3/dist-packages/colcon_core/task/python/colcon_distutils_commands:/home/pi/arm_ws/install/turtle_con/lib/python3.8/site-packages:${PYTHONPATH} /usr/bin/python3 -W ignore:setup.py install is deprecated setup.py egg_info --egg-base ../../build/turtle_con build --build-base /home/pi/arm_ws/build/turtle_con/build install --record /home/pi/arm_ws/build/turtle_con/install.log --install-scripts $base/lib/turtle_con --single-version-externally-managed install_data
[8.924s] running egg_info
[8.929s] writing ../../build/turtle_con/turtle_con.egg-info/PKG-INFO
[8.932s] writing dependency_links to ../../build/turtle_con/turtle_con.egg-info/dependency_links.txt
[8.934s] writing entry points to ../../build/turtle_con/turtle_con.egg-info/entry_points.txt
[8.935s] writing requirements to ../../build/turtle_con/turtle_con.egg-info/requires.txt
[8.937s] writing top-level names to ../../build/turtle_con/turtle_con.egg-info/top_level.txt
[9.284s] reading manifest file '../../build/turtle_con/turtle_con.egg-info/SOURCES.txt'
[9.293s] writing manifest file '../../build/turtle_con/turtle_con.egg-info/SOURCES.txt'
[9.294s] running build
[9.295s] running build_py
[9.297s] running install
[9.304s] running install_lib
[9.318s] byte-compiling /home/pi/arm_ws/install/turtle_con/lib/python3.8/site-packages/turtle_con/turtle_ros2_con.py to turtle_ros2_con.cpython-38.pyc
[9.331s] Sorry: IndentationError: unindent does not match any outer indentation level (turtle_ros2_con.py, line 139)
[9.332s] running install_data
[9.333s] running install_egg_info
[9.347s] removing '/home/pi/arm_ws/install/turtle_con/lib/python3.8/site-packages/turtle_con-0.0.0-py3.8.egg-info' (and everything under it)
[9.351s] Copying ../../build/turtle_con/turtle_con.egg-info to /home/pi/arm_ws/install/turtle_con/lib/python3.8/site-packages/turtle_con-0.0.0-py3.8.egg-info
[9.362s] running install_scripts
[9.517s] Installing turtle_ros2_con script to /home/pi/arm_ws/install/turtle_con/lib/turtle_con
[9.520s] writing list of installed files to '/home/pi/arm_ws/build/turtle_con/install.log'
[9.698s] Invoked command in '/home/pi/arm_ws/src/turtle_con' returned '0': PYTHONPATH=/home/pi/arm_ws/build/turtle_con/prefix_override:/usr/lib/python3/dist-packages/colcon_core/task/python/colcon_distutils_commands:/home/pi/arm_ws/install/turtle_con/lib/python3.8/site-packages:${PYTHONPATH} /usr/bin/python3 -W ignore:setup.py install is deprecated setup.py egg_info --egg-base ../../build/turtle_con build --build-base /home/pi/arm_ws/build/turtle_con/build install --record /home/pi/arm_ws/build/turtle_con/install.log --install-scripts $base/lib/turtle_con --single-version-externally-managed install_data
