[6.974s] Invoking command in '/home/pi/arm_ws/src/turtle_con': PYTHONPATH=/home/pi/arm_ws/build/turtle_con/prefix_override:/usr/lib/python3/dist-packages/colcon_core/task/python/colcon_distutils_commands:/home/pi/arm_ws/install/turtle_con/lib/python3.8/site-packages:${PYTHONPATH} /usr/bin/python3 -W ignore:setup.py install is deprecated setup.py egg_info --egg-base ../../build/turtle_con build --build-base /home/pi/arm_ws/build/turtle_con/build install --record /home/pi/arm_ws/build/turtle_con/install.log --install-scripts $base/lib/turtle_con --single-version-externally-managed install_data
[9.345s] running egg_info
[9.350s] writing ../../build/turtle_con/turtle_con.egg-info/PKG-INFO
[9.354s] writing dependency_links to ../../build/turtle_con/turtle_con.egg-info/dependency_links.txt
[9.356s] writing entry points to ../../build/turtle_con/turtle_con.egg-info/entry_points.txt
[9.358s] writing requirements to ../../build/turtle_con/turtle_con.egg-info/requires.txt
[9.359s] writing top-level names to ../../build/turtle_con/turtle_con.egg-info/top_level.txt
[9.717s] reading manifest file '../../build/turtle_con/turtle_con.egg-info/SOURCES.txt'
[9.727s] writing manifest file '../../build/turtle_con/turtle_con.egg-info/SOURCES.txt'
[9.728s] running build
[9.729s] running build_py
[9.732s] copying turtle_con/turtle_ros2_con.py -> /home/pi/arm_ws/build/turtle_con/build/lib/turtle_con
[9.735s] running install
[9.743s] running install_lib
[9.753s] copying /home/pi/arm_ws/build/turtle_con/build/lib/turtle_con/turtle_ros2_con.py -> /home/pi/arm_ws/install/turtle_con/lib/python3.8/site-packages/turtle_con
[9.759s] byte-compiling /home/pi/arm_ws/install/turtle_con/lib/python3.8/site-packages/turtle_con/turtle_ros2_con.py to turtle_ros2_con.cpython-38.pyc
[9.772s] Sorry: IndentationError: unexpected indent (turtle_ros2_con.py, line 125)
[9.773s] running install_data
[9.776s] running install_egg_info
[9.791s] removing '/home/pi/arm_ws/install/turtle_con/lib/python3.8/site-packages/turtle_con-0.0.0-py3.8.egg-info' (and everything under it)
[9.795s] Copying ../../build/turtle_con/turtle_con.egg-info to /home/pi/arm_ws/install/turtle_con/lib/python3.8/site-packages/turtle_con-0.0.0-py3.8.egg-info
[9.807s] running install_scripts
[9.961s] Installing turtle_ros2_con script to /home/pi/arm_ws/install/turtle_con/lib/turtle_con
[9.965s] writing list of installed files to '/home/pi/arm_ws/build/turtle_con/install.log'
[10.143s] Invoked command in '/home/pi/arm_ws/src/turtle_con' returned '0': PYTHONPATH=/home/pi/arm_ws/build/turtle_con/prefix_override:/usr/lib/python3/dist-packages/colcon_core/task/python/colcon_distutils_commands:/home/pi/arm_ws/install/turtle_con/lib/python3.8/site-packages:${PYTHONPATH} /usr/bin/python3 -W ignore:setup.py install is deprecated setup.py egg_info --egg-base ../../build/turtle_con build --build-base /home/pi/arm_ws/build/turtle_con/build install --record /home/pi/arm_ws/build/turtle_con/install.log --install-scripts $base/lib/turtle_con --single-version-externally-managed install_data
