[0.018s] Invoking command in '/home/kmw/trees_ws/build/ros_bt_py_web_gui': AMENT_PREFIX_PATH=/home/kmw/trees_ws/install/ros_bt_py_interfaces:${AMENT_PREFIX_PATH} CMAKE_PREFIX_PATH=/home/kmw/trees_ws/install/ros_bt_py_interfaces:/home/kmw/trees_ws/install/spot_bt_ros:/home/kmw/trees_ws/install/test_tree:/home/kmw/trees_ws/install/py_trees_ros_viewer:/home/kmw/trees_ws/install/py_trees_ros_tutorials:/home/kmw/trees_ws/install/py_trees_ros:/opt/ros/humble CONDA_PROMPT_MODIFIER=(ros2_py310) LD_LIBRARY_PATH=/home/kmw/trees_ws/install/ros_bt_py_interfaces/lib:${LD_LIBRARY_PATH} PYTHONPATH=/home/kmw/trees_ws/install/ros_bt_py_interfaces/lib/python3.10/site-packages:${PYTHONPATH} /usr/bin/cmake /home/kmw/trees_ws/src/ros2_ros_bt_py/ros_bt_py_web_gui -DCMAKE_INSTALL_PREFIX=/home/kmw/trees_ws/install/ros_bt_py_web_gui
[0.131s] -- The C compiler identification is GNU 11.4.0
[0.229s] -- The CXX compiler identification is GNU 11.4.0
[0.242s] -- Detecting C compiler ABI info
[0.366s] -- Detecting C compiler ABI info - done
[0.382s] -- Check for working C compiler: /usr/bin/cc - skipped
[0.382s] -- Detecting C compile features
[0.383s] -- Detecting C compile features - done
[0.388s] -- Detecting CXX compiler ABI info
[0.539s] -- Detecting CXX compiler ABI info - done
[0.557s] -- Check for working CXX compiler: /usr/bin/c++ - skipped
[0.557s] -- Detecting CXX compile features
[0.558s] -- Detecting CXX compile features - done
[0.563s] -- Found ament_cmake: 1.3.10 (/opt/ros/humble/share/ament_cmake/cmake)
[1.278s] -- Found Python3: /home/kmw/miniconda3/envs/ros2_py310/bin/python3 (found version "3.10.14") found components: Interpreter 
[1.477s] -- Found rclpy: 3.3.14 (/opt/ros/humble/share/rclpy/cmake)
[1.641s] -- Configuring done
[1.647s] -- Generating done
[1.650s] -- Build files have been written to: /home/kmw/trees_ws/build/ros_bt_py_web_gui
[1.660s] Invoked command in '/home/kmw/trees_ws/build/ros_bt_py_web_gui' returned '0': AMENT_PREFIX_PATH=/home/kmw/trees_ws/install/ros_bt_py_interfaces:${AMENT_PREFIX_PATH} CMAKE_PREFIX_PATH=/home/kmw/trees_ws/install/ros_bt_py_interfaces:/home/kmw/trees_ws/install/spot_bt_ros:/home/kmw/trees_ws/install/test_tree:/home/kmw/trees_ws/install/py_trees_ros_viewer:/home/kmw/trees_ws/install/py_trees_ros_tutorials:/home/kmw/trees_ws/install/py_trees_ros:/opt/ros/humble CONDA_PROMPT_MODIFIER=(ros2_py310) LD_LIBRARY_PATH=/home/kmw/trees_ws/install/ros_bt_py_interfaces/lib:${LD_LIBRARY_PATH} PYTHONPATH=/home/kmw/trees_ws/install/ros_bt_py_interfaces/lib/python3.10/site-packages:${PYTHONPATH} /usr/bin/cmake /home/kmw/trees_ws/src/ros2_ros_bt_py/ros_bt_py_web_gui -DCMAKE_INSTALL_PREFIX=/home/kmw/trees_ws/install/ros_bt_py_web_gui
[1.665s] Invoking command in '/home/kmw/trees_ws/build/ros_bt_py_web_gui': AMENT_PREFIX_PATH=/home/kmw/trees_ws/install/ros_bt_py_interfaces:${AMENT_PREFIX_PATH} CMAKE_PREFIX_PATH=/home/kmw/trees_ws/install/ros_bt_py_interfaces:/home/kmw/trees_ws/install/spot_bt_ros:/home/kmw/trees_ws/install/test_tree:/home/kmw/trees_ws/install/py_trees_ros_viewer:/home/kmw/trees_ws/install/py_trees_ros_tutorials:/home/kmw/trees_ws/install/py_trees_ros:/opt/ros/humble CONDA_PROMPT_MODIFIER=(ros2_py310) LD_LIBRARY_PATH=/home/kmw/trees_ws/install/ros_bt_py_interfaces/lib:${LD_LIBRARY_PATH} PYTHONPATH=/home/kmw/trees_ws/install/ros_bt_py_interfaces/lib/python3.10/site-packages:${PYTHONPATH} /usr/bin/cmake --build /home/kmw/trees_ws/build/ros_bt_py_web_gui -- -j8 -l8
[1.739s] Invoked command in '/home/kmw/trees_ws/build/ros_bt_py_web_gui' returned '0': AMENT_PREFIX_PATH=/home/kmw/trees_ws/install/ros_bt_py_interfaces:${AMENT_PREFIX_PATH} CMAKE_PREFIX_PATH=/home/kmw/trees_ws/install/ros_bt_py_interfaces:/home/kmw/trees_ws/install/spot_bt_ros:/home/kmw/trees_ws/install/test_tree:/home/kmw/trees_ws/install/py_trees_ros_viewer:/home/kmw/trees_ws/install/py_trees_ros_tutorials:/home/kmw/trees_ws/install/py_trees_ros:/opt/ros/humble CONDA_PROMPT_MODIFIER=(ros2_py310) LD_LIBRARY_PATH=/home/kmw/trees_ws/install/ros_bt_py_interfaces/lib:${LD_LIBRARY_PATH} PYTHONPATH=/home/kmw/trees_ws/install/ros_bt_py_interfaces/lib/python3.10/site-packages:${PYTHONPATH} /usr/bin/cmake --build /home/kmw/trees_ws/build/ros_bt_py_web_gui -- -j8 -l8
[1.743s] Invoking command in '/home/kmw/trees_ws/build/ros_bt_py_web_gui': AMENT_PREFIX_PATH=/home/kmw/trees_ws/install/ros_bt_py_interfaces:${AMENT_PREFIX_PATH} CMAKE_PREFIX_PATH=/home/kmw/trees_ws/install/ros_bt_py_interfaces:/home/kmw/trees_ws/install/spot_bt_ros:/home/kmw/trees_ws/install/test_tree:/home/kmw/trees_ws/install/py_trees_ros_viewer:/home/kmw/trees_ws/install/py_trees_ros_tutorials:/home/kmw/trees_ws/install/py_trees_ros:/opt/ros/humble CONDA_PROMPT_MODIFIER=(ros2_py310) LD_LIBRARY_PATH=/home/kmw/trees_ws/install/ros_bt_py_interfaces/lib:${LD_LIBRARY_PATH} PYTHONPATH=/home/kmw/trees_ws/install/ros_bt_py_interfaces/lib/python3.10/site-packages:${PYTHONPATH} /usr/bin/cmake --install /home/kmw/trees_ws/build/ros_bt_py_web_gui
[1.762s] -- Install configuration: ""
[1.762s] -- Installing: /home/kmw/trees_ws/install/ros_bt_py_web_gui/share/ros_bt_py_web_gui/launch
[1.763s] -- Installing: /home/kmw/trees_ws/install/ros_bt_py_web_gui/share/ros_bt_py_web_gui/launch/ros_bt_py_web_gui.launch.py
[1.763s] -- Installing: /home/kmw/trees_ws/install/ros_bt_py_web_gui/share/ros_bt_py_web_gui/html
[1.763s] -- Installing: /home/kmw/trees_ws/install/ros_bt_py_web_gui/share/ros_bt_py_web_gui/html/robots.txt
[1.764s] -- Installing: /home/kmw/trees_ws/install/ros_bt_py_web_gui/share/ros_bt_py_web_gui/html/index.html
[1.764s] -- Installing: /home/kmw/trees_ws/install/ros_bt_py_web_gui/share/ros_bt_py_web_gui/html/assets
[1.764s] -- Installing: /home/kmw/trees_ws/install/ros_bt_py_web_gui/share/ros_bt_py_web_gui/html/assets/source-sans-pro-vietnamese-400-normal-de1f7870.woff2
[1.764s] -- Installing: /home/kmw/trees_ws/install/ros_bt_py_web_gui/share/ros_bt_py_web_gui/html/assets/index-fb3bb3b9.js
[1.765s] -- Installing: /home/kmw/trees_ws/install/ros_bt_py_web_gui/share/ros_bt_py_web_gui/html/assets/d3-9cd3fbd4.js
[1.765s] -- Installing: /home/kmw/trees_ws/install/ros_bt_py_web_gui/share/ros_bt_py_web_gui/html/assets/source-sans-pro-latin-400-normal-69491b82.woff
[1.765s] -- Installing: /home/kmw/trees_ws/install/ros_bt_py_web_gui/share/ros_bt_py_web_gui/html/assets/source-sans-pro-cyrillic-ext-400-normal-4ba425fa.woff2
[1.766s] -- Installing: /home/kmw/trees_ws/install/ros_bt_py_web_gui/share/ros_bt_py_web_gui/html/assets/source-sans-pro-latin-400-normal-7b348b30.woff2
[1.766s] -- Installing: /home/kmw/trees_ws/install/ros_bt_py_web_gui/share/ros_bt_py_web_gui/html/assets/source-sans-pro-greek-ext-400-normal-c267e677.woff
[1.766s] -- Installing: /home/kmw/trees_ws/install/ros_bt_py_web_gui/share/ros_bt_py_web_gui/html/assets/source-sans-pro-greek-ext-400-normal-f2a19d8c.woff2
[1.766s] -- Installing: /home/kmw/trees_ws/install/ros_bt_py_web_gui/share/ros_bt_py_web_gui/html/assets/source-sans-pro-cyrillic-ext-400-normal-86893cf4.woff
[1.766s] -- Installing: /home/kmw/trees_ws/install/ros_bt_py_web_gui/share/ros_bt_py_web_gui/html/assets/vue-extras-932ecbcf.js
[1.767s] -- Installing: /home/kmw/trees_ws/install/ros_bt_py_web_gui/share/ros_bt_py_web_gui/html/assets/roslib-2533a6fc.js
[1.767s] -- Installing: /home/kmw/trees_ws/install/ros_bt_py_web_gui/share/ros_bt_py_web_gui/html/assets/fusejs-a1032ea1.js
[1.768s] -- Installing: /home/kmw/trees_ws/install/ros_bt_py_web_gui/share/ros_bt_py_web_gui/html/assets/source-sans-pro-vietnamese-400-normal-bb1c0391.woff
[1.768s] -- Installing: /home/kmw/trees_ws/install/ros_bt_py_web_gui/share/ros_bt_py_web_gui/html/assets/index-2a0ae87f.css
[1.769s] -- Installing: /home/kmw/trees_ws/install/ros_bt_py_web_gui/share/ros_bt_py_web_gui/html/assets/source-sans-pro-cyrillic-400-normal-d6072cf4.woff
[1.769s] -- Installing: /home/kmw/trees_ws/install/ros_bt_py_web_gui/share/ros_bt_py_web_gui/html/assets/source-sans-pro-greek-400-normal-586ab659.woff
[1.769s] -- Installing: /home/kmw/trees_ws/install/ros_bt_py_web_gui/share/ros_bt_py_web_gui/html/assets/source-sans-pro-cyrillic-400-normal-c73c9d26.woff2
[1.769s] -- Installing: /home/kmw/trees_ws/install/ros_bt_py_web_gui/share/ros_bt_py_web_gui/html/assets/source-sans-pro-latin-ext-400-normal-2ffb1c70.woff
[1.770s] -- Installing: /home/kmw/trees_ws/install/ros_bt_py_web_gui/share/ros_bt_py_web_gui/html/assets/jsoneditor-e59672c6.js
[1.772s] -- Installing: /home/kmw/trees_ws/install/ros_bt_py_web_gui/share/ros_bt_py_web_gui/html/assets/source-sans-pro-greek-400-normal-9755c83c.woff2
[1.772s] -- Installing: /home/kmw/trees_ws/install/ros_bt_py_web_gui/share/ros_bt_py_web_gui/html/assets/jsoneditor-icons-45c98bf0.svg
[1.772s] -- Installing: /home/kmw/trees_ws/install/ros_bt_py_web_gui/share/ros_bt_py_web_gui/html/assets/source-sans-pro-latin-ext-400-normal-39cf9abc.woff2
[1.773s] -- Installing: /home/kmw/trees_ws/install/ros_bt_py_web_gui/share/ros_bt_py_web_gui/html/assets/jsyaml-38530ef5.js
[1.773s] -- Installing: /home/kmw/trees_ws/install/ros_bt_py_web_gui/share/ros_bt_py_web_gui/html/assets/fontawesome-a8893a9e.js
[1.773s] -- Installing: /home/kmw/trees_ws/install/ros_bt_py_web_gui/share/ros_bt_py_web_gui/html/assets/ros_bt_py-07e41243.svg
[1.773s] -- Installing: /home/kmw/trees_ws/install/ros_bt_py_web_gui/share/ros_bt_py_web_gui/html/favicon.ico
[1.773s] -- Installing: /home/kmw/trees_ws/install/ros_bt_py_web_gui/lib/ros_bt_py_web_gui/show_editor_url.py
[1.774s] -- Installing: /home/kmw/trees_ws/install/ros_bt_py_web_gui/share/ament_index/resource_index/package_run_dependencies/ros_bt_py_web_gui
[1.774s] -- Installing: /home/kmw/trees_ws/install/ros_bt_py_web_gui/share/ament_index/resource_index/parent_prefix_path/ros_bt_py_web_gui
[1.775s] -- Installing: /home/kmw/trees_ws/install/ros_bt_py_web_gui/share/ros_bt_py_web_gui/environment/ament_prefix_path.sh
[1.775s] -- Installing: /home/kmw/trees_ws/install/ros_bt_py_web_gui/share/ros_bt_py_web_gui/environment/ament_prefix_path.dsv
[1.775s] -- Installing: /home/kmw/trees_ws/install/ros_bt_py_web_gui/share/ros_bt_py_web_gui/environment/path.sh
[1.776s] -- Installing: /home/kmw/trees_ws/install/ros_bt_py_web_gui/share/ros_bt_py_web_gui/environment/path.dsv
[1.776s] -- Installing: /home/kmw/trees_ws/install/ros_bt_py_web_gui/share/ros_bt_py_web_gui/local_setup.bash
[1.776s] -- Installing: /home/kmw/trees_ws/install/ros_bt_py_web_gui/share/ros_bt_py_web_gui/local_setup.sh
[1.776s] -- Installing: /home/kmw/trees_ws/install/ros_bt_py_web_gui/share/ros_bt_py_web_gui/local_setup.zsh
[1.777s] -- Installing: /home/kmw/trees_ws/install/ros_bt_py_web_gui/share/ros_bt_py_web_gui/local_setup.dsv
[1.777s] -- Installing: /home/kmw/trees_ws/install/ros_bt_py_web_gui/share/ros_bt_py_web_gui/package.dsv
[1.777s] -- Installing: /home/kmw/trees_ws/install/ros_bt_py_web_gui/share/ament_index/resource_index/packages/ros_bt_py_web_gui
[1.777s] -- Installing: /home/kmw/trees_ws/install/ros_bt_py_web_gui/share/ros_bt_py_web_gui/cmake/ros_bt_py_web_guiConfig.cmake
[1.777s] -- Installing: /home/kmw/trees_ws/install/ros_bt_py_web_gui/share/ros_bt_py_web_gui/cmake/ros_bt_py_web_guiConfig-version.cmake
[1.778s] -- Installing: /home/kmw/trees_ws/install/ros_bt_py_web_gui/share/ros_bt_py_web_gui/package.xml
[1.782s] Invoked command in '/home/kmw/trees_ws/build/ros_bt_py_web_gui' returned '0': AMENT_PREFIX_PATH=/home/kmw/trees_ws/install/ros_bt_py_interfaces:${AMENT_PREFIX_PATH} CMAKE_PREFIX_PATH=/home/kmw/trees_ws/install/ros_bt_py_interfaces:/home/kmw/trees_ws/install/spot_bt_ros:/home/kmw/trees_ws/install/test_tree:/home/kmw/trees_ws/install/py_trees_ros_viewer:/home/kmw/trees_ws/install/py_trees_ros_tutorials:/home/kmw/trees_ws/install/py_trees_ros:/opt/ros/humble CONDA_PROMPT_MODIFIER=(ros2_py310) LD_LIBRARY_PATH=/home/kmw/trees_ws/install/ros_bt_py_interfaces/lib:${LD_LIBRARY_PATH} PYTHONPATH=/home/kmw/trees_ws/install/ros_bt_py_interfaces/lib/python3.10/site-packages:${PYTHONPATH} /usr/bin/cmake --install /home/kmw/trees_ws/build/ros_bt_py_web_gui
