[0.828s] DEBUG:colcon:Command line arguments: ['/usr/bin/colcon', 'build']
[0.828s] DEBUG:colcon:Parsed command line arguments: Namespace(allow_overriding=[], ament_cmake_args=None, base_paths=['.'], build_base='build', catkin_cmake_args=None, catkin_skip_building_tests=False, cmake_args=None, cmake_clean_cache=False, cmake_clean_first=False, cmake_force_configure=False, cmake_target=None, cmake_target_skip_unavailable=False, continue_on_error=False, event_handlers=None, executor='parallel', ignore_user_meta=False, install_base='install', log_base=None, log_level=None, main=<bound method BuildVerb.main of <colcon_core.verb.build.BuildVerb object at 0xffffbb9ad340>>, merge_install=False, metas=['./colcon.meta'], mixin=None, mixin_files=None, mixin_verb=('build',), packages_above=None, packages_above_and_dependencies=None, packages_above_depth=None, packages_end=None, packages_ignore=None, packages_ignore_regex=None, packages_select=None, packages_select_build_failed=False, packages_select_by_dep=None, packages_select_regex=None, packages_select_test_failures=False, packages_skip=None, packages_skip_build_finished=False, packages_skip_by_dep=None, packages_skip_regex=None, packages_skip_test_passed=False, packages_skip_up_to=None, packages_start=None, packages_up_to=None, packages_up_to_regex=None, parallel_workers=4, paths=None, symlink_install=False, test_result_base=None, verb_extension=<colcon_core.verb.build.BuildVerb object at 0xffffbb9ad340>, verb_name='build', verb_parser=<colcon_mixin.mixin.mixin_argument.MixinArgumentDecorator object at 0xffffbb897220>)
[1.495s] Level 1:colcon.colcon_core.package_discovery:discover_packages(colcon_meta) check parameters
[1.495s] Level 1:colcon.colcon_core.package_discovery:discover_packages(recursive) check parameters
[1.495s] Level 1:colcon.colcon_core.package_discovery:discover_packages(ignore) check parameters
[1.495s] Level 1:colcon.colcon_core.package_discovery:discover_packages(path) check parameters
[1.495s] Level 1:colcon.colcon_core.package_discovery:discover_packages(colcon_meta) discover
[1.496s] Level 1:colcon.colcon_core.package_discovery:discover_packages(recursive) discover
[1.496s] INFO:colcon.colcon_core.package_discovery:Crawling recursively for packages in '/home/pi/sensor_fusion'
[1.496s] Level 1:colcon.colcon_core.package_identification:_identify(.) by extensions ['ignore', 'ignore_ament_install']
[1.497s] Level 1:colcon.colcon_core.package_identification:_identify(.) by extension 'ignore'
[1.497s] Level 1:colcon.colcon_core.package_identification:_identify(.) by extension 'ignore_ament_install'
[1.497s] Level 1:colcon.colcon_core.package_identification:_identify(.) by extensions ['colcon_pkg']
[1.497s] Level 1:colcon.colcon_core.package_identification:_identify(.) by extension 'colcon_pkg'
[1.497s] Level 1:colcon.colcon_core.package_identification:_identify(.) by extensions ['colcon_meta']
[1.497s] Level 1:colcon.colcon_core.package_identification:_identify(.) by extension 'colcon_meta'
[1.498s] Level 1:colcon.colcon_core.package_identification:_identify(.) by extensions ['ros']
[1.498s] Level 1:colcon.colcon_core.package_identification:_identify(.) by extension 'ros'
[1.541s] Level 1:colcon.colcon_core.package_identification:_identify(.) by extensions ['cmake', 'python']
[1.542s] Level 1:colcon.colcon_core.package_identification:_identify(.) by extension 'cmake'
[1.542s] Level 1:colcon.colcon_core.package_identification:_identify(.) by extension 'python'
[1.542s] Level 1:colcon.colcon_core.package_identification:_identify(.) by extensions ['python_setup_py']
[1.542s] Level 1:colcon.colcon_core.package_identification:_identify(.) by extension 'python_setup_py'
[1.543s] Level 1:colcon.colcon_core.package_identification:_identify(build) by extensions ['ignore', 'ignore_ament_install']
[1.543s] Level 1:colcon.colcon_core.package_identification:_identify(build) by extension 'ignore'
[1.543s] Level 1:colcon.colcon_core.package_identification:_identify(build) ignored
[1.543s] Level 1:colcon.colcon_core.package_identification:_identify(install) by extensions ['ignore', 'ignore_ament_install']
[1.544s] Level 1:colcon.colcon_core.package_identification:_identify(install) by extension 'ignore'
[1.544s] Level 1:colcon.colcon_core.package_identification:_identify(install) ignored
[1.544s] Level 1:colcon.colcon_core.package_identification:_identify(log) by extensions ['ignore', 'ignore_ament_install']
[1.545s] Level 1:colcon.colcon_core.package_identification:_identify(log) by extension 'ignore'
[1.545s] Level 1:colcon.colcon_core.package_identification:_identify(log) ignored
[1.545s] Level 1:colcon.colcon_core.package_identification:_identify(src) by extensions ['ignore', 'ignore_ament_install']
[1.545s] Level 1:colcon.colcon_core.package_identification:_identify(src) by extension 'ignore'
[1.546s] Level 1:colcon.colcon_core.package_identification:_identify(src) by extension 'ignore_ament_install'
[1.546s] Level 1:colcon.colcon_core.package_identification:_identify(src) by extensions ['colcon_pkg']
[1.546s] Level 1:colcon.colcon_core.package_identification:_identify(src) by extension 'colcon_pkg'
[1.546s] Level 1:colcon.colcon_core.package_identification:_identify(src) by extensions ['colcon_meta']
[1.546s] Level 1:colcon.colcon_core.package_identification:_identify(src) by extension 'colcon_meta'
[1.546s] Level 1:colcon.colcon_core.package_identification:_identify(src) by extensions ['ros']
[1.547s] Level 1:colcon.colcon_core.package_identification:_identify(src) by extension 'ros'
[1.547s] Level 1:colcon.colcon_core.package_identification:_identify(src) by extensions ['cmake', 'python']
[1.547s] Level 1:colcon.colcon_core.package_identification:_identify(src) by extension 'cmake'
[1.547s] Level 1:colcon.colcon_core.package_identification:_identify(src) by extension 'python'
[1.547s] Level 1:colcon.colcon_core.package_identification:_identify(src) by extensions ['python_setup_py']
[1.547s] Level 1:colcon.colcon_core.package_identification:_identify(src) by extension 'python_setup_py'
[1.548s] Level 1:colcon.colcon_core.package_identification:_identify(src/lidar_cam) by extensions ['ignore', 'ignore_ament_install']
[1.548s] Level 1:colcon.colcon_core.package_identification:_identify(src/lidar_cam) by extension 'ignore'
[1.548s] Level 1:colcon.colcon_core.package_identification:_identify(src/lidar_cam) by extension 'ignore_ament_install'
[1.548s] Level 1:colcon.colcon_core.package_identification:_identify(src/lidar_cam) by extensions ['colcon_pkg']
[1.549s] Level 1:colcon.colcon_core.package_identification:_identify(src/lidar_cam) by extension 'colcon_pkg'
[1.549s] Level 1:colcon.colcon_core.package_identification:_identify(src/lidar_cam) by extensions ['colcon_meta']
[1.549s] Level 1:colcon.colcon_core.package_identification:_identify(src/lidar_cam) by extension 'colcon_meta'
[1.549s] Level 1:colcon.colcon_core.package_identification:_identify(src/lidar_cam) by extensions ['ros']
[1.549s] Level 1:colcon.colcon_core.package_identification:_identify(src/lidar_cam) by extension 'ros'
[1.558s] DEBUG:colcon.colcon_core.package_identification:Package 'src/lidar_cam' with type 'ros.ament_python' and name 'lidar_cam'
[1.558s] Level 1:colcon.colcon_core.package_identification:_identify(src/lidar_object) by extensions ['ignore', 'ignore_ament_install']
[1.559s] Level 1:colcon.colcon_core.package_identification:_identify(src/lidar_object) by extension 'ignore'
[1.559s] Level 1:colcon.colcon_core.package_identification:_identify(src/lidar_object) by extension 'ignore_ament_install'
[1.559s] Level 1:colcon.colcon_core.package_identification:_identify(src/lidar_object) by extensions ['colcon_pkg']
[1.559s] Level 1:colcon.colcon_core.package_identification:_identify(src/lidar_object) by extension 'colcon_pkg'
[1.559s] Level 1:colcon.colcon_core.package_identification:_identify(src/lidar_object) by extensions ['colcon_meta']
[1.559s] Level 1:colcon.colcon_core.package_identification:_identify(src/lidar_object) by extension 'colcon_meta'
[1.560s] Level 1:colcon.colcon_core.package_identification:_identify(src/lidar_object) by extensions ['ros']
[1.560s] Level 1:colcon.colcon_core.package_identification:_identify(src/lidar_object) by extension 'ros'
[1.562s] DEBUG:colcon.colcon_core.package_identification:Package 'src/lidar_object' with type 'ros.ament_python' and name 'lidar_object'
[1.562s] Level 1:colcon.colcon_core.package_identification:_identify(src/ros2_cv_webcam) by extensions ['ignore', 'ignore_ament_install']
[1.563s] Level 1:colcon.colcon_core.package_identification:_identify(src/ros2_cv_webcam) by extension 'ignore'
[1.563s] Level 1:colcon.colcon_core.package_identification:_identify(src/ros2_cv_webcam) by extension 'ignore_ament_install'
[1.563s] Level 1:colcon.colcon_core.package_identification:_identify(src/ros2_cv_webcam) by extensions ['colcon_pkg']
[1.564s] Level 1:colcon.colcon_core.package_identification:_identify(src/ros2_cv_webcam) by extension 'colcon_pkg'
[1.564s] Level 1:colcon.colcon_core.package_identification:_identify(src/ros2_cv_webcam) by extensions ['colcon_meta']
[1.564s] Level 1:colcon.colcon_core.package_identification:_identify(src/ros2_cv_webcam) by extension 'colcon_meta'
[1.564s] Level 1:colcon.colcon_core.package_identification:_identify(src/ros2_cv_webcam) by extensions ['ros']
[1.564s] Level 1:colcon.colcon_core.package_identification:_identify(src/ros2_cv_webcam) by extension 'ros'
[1.568s] DEBUG:colcon.colcon_core.package_identification:Package 'src/ros2_cv_webcam' with type 'ros.ament_python' and name 'ros2_cv_webcam'
[1.568s] Level 1:colcon.colcon_core.package_identification:_identify(src/ydlidar_ros2_driver) by extensions ['ignore', 'ignore_ament_install']
[1.569s] Level 1:colcon.colcon_core.package_identification:_identify(src/ydlidar_ros2_driver) by extension 'ignore'
[1.569s] Level 1:colcon.colcon_core.package_identification:_identify(src/ydlidar_ros2_driver) by extension 'ignore_ament_install'
[1.569s] Level 1:colcon.colcon_core.package_identification:_identify(src/ydlidar_ros2_driver) by extensions ['colcon_pkg']
[1.569s] Level 1:colcon.colcon_core.package_identification:_identify(src/ydlidar_ros2_driver) by extension 'colcon_pkg'
[1.569s] Level 1:colcon.colcon_core.package_identification:_identify(src/ydlidar_ros2_driver) by extensions ['colcon_meta']
[1.570s] Level 1:colcon.colcon_core.package_identification:_identify(src/ydlidar_ros2_driver) by extension 'colcon_meta'
[1.570s] Level 1:colcon.colcon_core.package_identification:_identify(src/ydlidar_ros2_driver) by extensions ['ros']
[1.570s] Level 1:colcon.colcon_core.package_identification:_identify(src/ydlidar_ros2_driver) by extension 'ros'
[1.573s] DEBUG:colcon.colcon_core.package_identification:Package 'src/ydlidar_ros2_driver' with type 'ros.ament_cmake' and name 'ydlidar_ros2_driver'
[1.573s] Level 1:colcon.colcon_core.package_discovery:discover_packages(recursive) using defaults
[1.573s] Level 1:colcon.colcon_core.package_discovery:discover_packages(ignore) discover
[1.573s] Level 1:colcon.colcon_core.package_discovery:discover_packages(ignore) using defaults
[1.573s] Level 1:colcon.colcon_core.package_discovery:discover_packages(path) discover
[1.573s] Level 1:colcon.colcon_core.package_discovery:discover_packages(path) using defaults
[1.633s] Level 1:colcon.colcon_core.package_discovery:discover_packages(prefix_path) check parameters
[1.633s] Level 1:colcon.colcon_core.package_discovery:discover_packages(prefix_path) discover
[1.637s] WARNING:colcon.colcon_ros.prefix_path.ament:The path '/home/pi/sensor_fusion/install/ydlidar_ros2_driver' in the environment variable AMENT_PREFIX_PATH doesn't exist
[1.638s] WARNING:colcon.colcon_ros.prefix_path.ament:The path '/home/pi/sensor_fusion/install/ros2_cv_webcam' in the environment variable AMENT_PREFIX_PATH doesn't exist
[1.638s] WARNING:colcon.colcon_ros.prefix_path.ament:The path '/home/pi/sensor_fusion/install/lidar_object' in the environment variable AMENT_PREFIX_PATH doesn't exist
[1.638s] WARNING:colcon.colcon_ros.prefix_path.ament:The path '/home/pi/sensor_fusion/install/lidar_cam' in the environment variable AMENT_PREFIX_PATH doesn't exist
[1.638s] WARNING:colcon.colcon_ros.prefix_path.ament:The path '/home/pi/sensor_fusion/install/leg_detection' in the environment variable AMENT_PREFIX_PATH doesn't exist
[1.639s] WARNING:colcon.colcon_ros.prefix_path.catkin:The path '/home/pi/sensor_fusion/install/ydlidar_ros2_driver' in the environment variable CMAKE_PREFIX_PATH doesn't exist
[1.642s] DEBUG:colcon.colcon_installed_package_information.package_discovery:Found 0 installed packages in /home/pi/sensor_fusion/install
[1.650s] DEBUG:colcon.colcon_installed_package_information.package_discovery:Found 296 installed packages in /opt/ros/foxy
[1.699s] Level 1:colcon.colcon_core.package_discovery:discover_packages(prefix_path) using defaults
[2.048s] Level 5:colcon.colcon_core.verb:set package 'lidar_cam' build argument 'cmake_args' from command line to 'None'
[2.048s] Level 5:colcon.colcon_core.verb:set package 'lidar_cam' build argument 'cmake_target' from command line to 'None'
[2.048s] Level 5:colcon.colcon_core.verb:set package 'lidar_cam' build argument 'cmake_target_skip_unavailable' from command line to 'False'
[2.048s] Level 5:colcon.colcon_core.verb:set package 'lidar_cam' build argument 'cmake_clean_cache' from command line to 'False'
[2.048s] Level 5:colcon.colcon_core.verb:set package 'lidar_cam' build argument 'cmake_clean_first' from command line to 'False'
[2.049s] Level 5:colcon.colcon_core.verb:set package 'lidar_cam' build argument 'cmake_force_configure' from command line to 'False'
[2.049s] Level 5:colcon.colcon_core.verb:set package 'lidar_cam' build argument 'ament_cmake_args' from command line to 'None'
[2.049s] Level 5:colcon.colcon_core.verb:set package 'lidar_cam' build argument 'catkin_cmake_args' from command line to 'None'
[2.049s] Level 5:colcon.colcon_core.verb:set package 'lidar_cam' build argument 'catkin_skip_building_tests' from command line to 'False'
[2.049s] DEBUG:colcon.colcon_core.verb:Building package 'lidar_cam' with the following arguments: {'ament_cmake_args': None, 'build_base': '/home/pi/sensor_fusion/build/lidar_cam', 'catkin_cmake_args': None, 'catkin_skip_building_tests': False, 'cmake_args': None, 'cmake_clean_cache': False, 'cmake_clean_first': False, 'cmake_force_configure': False, 'cmake_target': None, 'cmake_target_skip_unavailable': False, 'install_base': '/home/pi/sensor_fusion/install/lidar_cam', 'merge_install': False, 'path': '/home/pi/sensor_fusion/src/lidar_cam', 'symlink_install': False, 'test_result_base': None}
[2.050s] Level 5:colcon.colcon_core.verb:set package 'lidar_object' build argument 'cmake_args' from command line to 'None'
[2.051s] Level 5:colcon.colcon_core.verb:set package 'lidar_object' build argument 'cmake_target' from command line to 'None'
[2.051s] Level 5:colcon.colcon_core.verb:set package 'lidar_object' build argument 'cmake_target_skip_unavailable' from command line to 'False'
[2.051s] Level 5:colcon.colcon_core.verb:set package 'lidar_object' build argument 'cmake_clean_cache' from command line to 'False'
[2.051s] Level 5:colcon.colcon_core.verb:set package 'lidar_object' build argument 'cmake_clean_first' from command line to 'False'
[2.051s] Level 5:colcon.colcon_core.verb:set package 'lidar_object' build argument 'cmake_force_configure' from command line to 'False'
[2.051s] Level 5:colcon.colcon_core.verb:set package 'lidar_object' build argument 'ament_cmake_args' from command line to 'None'
[2.051s] Level 5:colcon.colcon_core.verb:set package 'lidar_object' build argument 'catkin_cmake_args' from command line to 'None'
[2.051s] Level 5:colcon.colcon_core.verb:set package 'lidar_object' build argument 'catkin_skip_building_tests' from command line to 'False'
[2.051s] DEBUG:colcon.colcon_core.verb:Building package 'lidar_object' with the following arguments: {'ament_cmake_args': None, 'build_base': '/home/pi/sensor_fusion/build/lidar_object', 'catkin_cmake_args': None, 'catkin_skip_building_tests': False, 'cmake_args': None, 'cmake_clean_cache': False, 'cmake_clean_first': False, 'cmake_force_configure': False, 'cmake_target': None, 'cmake_target_skip_unavailable': False, 'install_base': '/home/pi/sensor_fusion/install/lidar_object', 'merge_install': False, 'path': '/home/pi/sensor_fusion/src/lidar_object', 'symlink_install': False, 'test_result_base': None}
[2.053s] Level 5:colcon.colcon_core.verb:set package 'ros2_cv_webcam' build argument 'cmake_args' from command line to 'None'
[2.053s] Level 5:colcon.colcon_core.verb:set package 'ros2_cv_webcam' build argument 'cmake_target' from command line to 'None'
[2.053s] Level 5:colcon.colcon_core.verb:set package 'ros2_cv_webcam' build argument 'cmake_target_skip_unavailable' from command line to 'False'
[2.053s] Level 5:colcon.colcon_core.verb:set package 'ros2_cv_webcam' build argument 'cmake_clean_cache' from command line to 'False'
[2.053s] Level 5:colcon.colcon_core.verb:set package 'ros2_cv_webcam' build argument 'cmake_clean_first' from command line to 'False'
[2.053s] Level 5:colcon.colcon_core.verb:set package 'ros2_cv_webcam' build argument 'cmake_force_configure' from command line to 'False'
[2.053s] Level 5:colcon.colcon_core.verb:set package 'ros2_cv_webcam' build argument 'ament_cmake_args' from command line to 'None'
[2.054s] Level 5:colcon.colcon_core.verb:set package 'ros2_cv_webcam' build argument 'catkin_cmake_args' from command line to 'None'
[2.054s] Level 5:colcon.colcon_core.verb:set package 'ros2_cv_webcam' build argument 'catkin_skip_building_tests' from command line to 'False'
[2.054s] DEBUG:colcon.colcon_core.verb:Building package 'ros2_cv_webcam' with the following arguments: {'ament_cmake_args': None, 'build_base': '/home/pi/sensor_fusion/build/ros2_cv_webcam', 'catkin_cmake_args': None, 'catkin_skip_building_tests': False, 'cmake_args': None, 'cmake_clean_cache': False, 'cmake_clean_first': False, 'cmake_force_configure': False, 'cmake_target': None, 'cmake_target_skip_unavailable': False, 'install_base': '/home/pi/sensor_fusion/install/ros2_cv_webcam', 'merge_install': False, 'path': '/home/pi/sensor_fusion/src/ros2_cv_webcam', 'symlink_install': False, 'test_result_base': None}
[2.055s] Level 5:colcon.colcon_core.verb:set package 'ydlidar_ros2_driver' build argument 'cmake_args' from command line to 'None'
[2.055s] Level 5:colcon.colcon_core.verb:set package 'ydlidar_ros2_driver' build argument 'cmake_target' from command line to 'None'
[2.055s] Level 5:colcon.colcon_core.verb:set package 'ydlidar_ros2_driver' build argument 'cmake_target_skip_unavailable' from command line to 'False'
[2.055s] Level 5:colcon.colcon_core.verb:set package 'ydlidar_ros2_driver' build argument 'cmake_clean_cache' from command line to 'False'
[2.056s] Level 5:colcon.colcon_core.verb:set package 'ydlidar_ros2_driver' build argument 'cmake_clean_first' from command line to 'False'
[2.056s] Level 5:colcon.colcon_core.verb:set package 'ydlidar_ros2_driver' build argument 'cmake_force_configure' from command line to 'False'
[2.056s] Level 5:colcon.colcon_core.verb:set package 'ydlidar_ros2_driver' build argument 'ament_cmake_args' from command line to 'None'
[2.056s] Level 5:colcon.colcon_core.verb:set package 'ydlidar_ros2_driver' build argument 'catkin_cmake_args' from command line to 'None'
[2.056s] Level 5:colcon.colcon_core.verb:set package 'ydlidar_ros2_driver' build argument 'catkin_skip_building_tests' from command line to 'False'
[2.056s] DEBUG:colcon.colcon_core.verb:Building package 'ydlidar_ros2_driver' with the following arguments: {'ament_cmake_args': None, 'build_base': '/home/pi/sensor_fusion/build/ydlidar_ros2_driver', 'catkin_cmake_args': None, 'catkin_skip_building_tests': False, 'cmake_args': None, 'cmake_clean_cache': False, 'cmake_clean_first': False, 'cmake_force_configure': False, 'cmake_target': None, 'cmake_target_skip_unavailable': False, 'install_base': '/home/pi/sensor_fusion/install/ydlidar_ros2_driver', 'merge_install': False, 'path': '/home/pi/sensor_fusion/src/ydlidar_ros2_driver', 'symlink_install': False, 'test_result_base': None}
[2.057s] INFO:colcon.colcon_core.executor:Executing jobs using 'parallel' executor
[2.060s] DEBUG:colcon.colcon_parallel_executor.executor.parallel:run_until_complete
[2.061s] INFO:colcon.colcon_ros.task.ament_python.build:Building ROS package in '/home/pi/sensor_fusion/src/lidar_cam' with build type 'ament_python'
[2.062s] Level 1:colcon.colcon_core.shell:create_environment_hook('lidar_cam', 'ament_prefix_path')
[2.070s] INFO:colcon.colcon_core.plugin_system:Skipping extension 'colcon_core.shell.bat': Not used on non-Windows systems
[2.071s] INFO:colcon.colcon_core.shell:Creating environment hook '/home/pi/sensor_fusion/install/lidar_cam/share/lidar_cam/hook/ament_prefix_path.ps1'
[2.074s] INFO:colcon.colcon_core.shell:Creating environment descriptor '/home/pi/sensor_fusion/install/lidar_cam/share/lidar_cam/hook/ament_prefix_path.dsv'
[2.076s] INFO:colcon.colcon_core.shell:Creating environment hook '/home/pi/sensor_fusion/install/lidar_cam/share/lidar_cam/hook/ament_prefix_path.sh'
[2.079s] INFO:colcon.colcon_core.shell:Skip shell extension 'powershell' for command environment: Not usable outside of PowerShell
[2.079s] DEBUG:colcon.colcon_core.shell:Skip shell extension 'dsv' for command environment
[2.100s] INFO:colcon.colcon_ros.task.ament_python.build:Building ROS package in '/home/pi/sensor_fusion/src/lidar_object' with build type 'ament_python'
[2.101s] Level 1:colcon.colcon_core.shell:create_environment_hook('lidar_object', 'ament_prefix_path')
[2.102s] INFO:colcon.colcon_core.shell:Creating environment hook '/home/pi/sensor_fusion/install/lidar_object/share/lidar_object/hook/ament_prefix_path.ps1'
[2.106s] INFO:colcon.colcon_core.shell:Creating environment descriptor '/home/pi/sensor_fusion/install/lidar_object/share/lidar_object/hook/ament_prefix_path.dsv'
[2.108s] INFO:colcon.colcon_core.shell:Creating environment hook '/home/pi/sensor_fusion/install/lidar_object/share/lidar_object/hook/ament_prefix_path.sh'
[2.111s] INFO:colcon.colcon_core.shell:Skip shell extension 'powershell' for command environment: Not usable outside of PowerShell
[2.111s] DEBUG:colcon.colcon_core.shell:Skip shell extension 'dsv' for command environment
[2.132s] INFO:colcon.colcon_ros.task.ament_python.build:Building ROS package in '/home/pi/sensor_fusion/src/ros2_cv_webcam' with build type 'ament_python'
[2.133s] Level 1:colcon.colcon_core.shell:create_environment_hook('ros2_cv_webcam', 'ament_prefix_path')
[2.135s] INFO:colcon.colcon_core.shell:Creating environment hook '/home/pi/sensor_fusion/install/ros2_cv_webcam/share/ros2_cv_webcam/hook/ament_prefix_path.ps1'
[2.138s] INFO:colcon.colcon_core.shell:Creating environment descriptor '/home/pi/sensor_fusion/install/ros2_cv_webcam/share/ros2_cv_webcam/hook/ament_prefix_path.dsv'
[2.140s] INFO:colcon.colcon_core.shell:Creating environment hook '/home/pi/sensor_fusion/install/ros2_cv_webcam/share/ros2_cv_webcam/hook/ament_prefix_path.sh'
[2.143s] INFO:colcon.colcon_core.shell:Skip shell extension 'powershell' for command environment: Not usable outside of PowerShell
[2.143s] DEBUG:colcon.colcon_core.shell:Skip shell extension 'dsv' for command environment
[2.165s] INFO:colcon.colcon_ros.task.ament_cmake.build:Building ROS package in '/home/pi/sensor_fusion/src/ydlidar_ros2_driver' with build type 'ament_cmake'
[2.166s] INFO:colcon.colcon_cmake.task.cmake.build:Building CMake package in '/home/pi/sensor_fusion/src/ydlidar_ros2_driver'
[2.168s] INFO:colcon.colcon_core.shell:Skip shell extension 'powershell' for command environment: Not usable outside of PowerShell
[2.168s] DEBUG:colcon.colcon_core.shell:Skip shell extension 'dsv' for command environment
[3.162s] INFO:colcon.colcon_core.task.python.build:Building Python package in '/home/pi/sensor_fusion/src/lidar_cam'
[3.164s] INFO:colcon.colcon_core.shell:Skip shell extension 'powershell' for command environment: Not usable outside of PowerShell
[3.164s] DEBUG:colcon.colcon_core.shell:Skip shell extension 'dsv' for command environment
[4.140s] INFO:colcon.colcon_core.task.python.build:Building Python package in '/home/pi/sensor_fusion/src/lidar_object'
[4.142s] INFO:colcon.colcon_core.shell:Skip shell extension 'powershell' for command environment: Not usable outside of PowerShell
[4.142s] DEBUG:colcon.colcon_core.shell:Skip shell extension 'dsv' for command environment
[5.132s] INFO:colcon.colcon_core.task.python.build:Building Python package in '/home/pi/sensor_fusion/src/ros2_cv_webcam'
[5.133s] INFO:colcon.colcon_core.shell:Skip shell extension 'powershell' for command environment: Not usable outside of PowerShell
[5.133s] DEBUG:colcon.colcon_core.shell:Skip shell extension 'dsv' for command environment
[5.163s] DEBUG:colcon.colcon_core.event_handler.log_command:Invoking command in '/home/pi/sensor_fusion/build/ydlidar_ros2_driver': CMAKE_PREFIX_PATH=${CMAKE_PREFIX_PATH}:/home/pi/sensor_fusion/install/ros2_cv_webcam:/home/pi/sensor_fusion/install/lidar_object:/home/pi/sensor_fusion/install/lidar_cam:/home/pi/sensor_fusion/install/leg_detection:/opt/ros/foxy /usr/bin/cmake /home/pi/sensor_fusion/src/ydlidar_ros2_driver -DCMAKE_INSTALL_PREFIX=/home/pi/sensor_fusion/install/ydlidar_ros2_driver
[8.310s] DEBUG:colcon.colcon_core.event_handler.log_command:Invoking command in '/home/pi/sensor_fusion/src/lidar_cam': PYTHONPATH=/home/pi/sensor_fusion/build/lidar_cam/prefix_override:/usr/lib/python3/dist-packages/colcon_core/task/python/colcon_distutils_commands:/home/pi/sensor_fusion/install/lidar_cam/lib/python3.8/site-packages:${PYTHONPATH} /usr/bin/python3 -W ignore:setup.py install is deprecated setup.py egg_info --egg-base ../../build/lidar_cam build --build-base /home/pi/sensor_fusion/build/lidar_cam/build install --record /home/pi/sensor_fusion/build/lidar_cam/install.log --install-scripts $base/lib/lidar_cam --single-version-externally-managed install_data
[8.356s] DEBUG:colcon.colcon_core.event_handler.log_command:Invoking command in '/home/pi/sensor_fusion/src/lidar_object': PYTHONPATH=/home/pi/sensor_fusion/build/lidar_object/prefix_override:/usr/lib/python3/dist-packages/colcon_core/task/python/colcon_distutils_commands:/home/pi/sensor_fusion/install/lidar_object/lib/python3.8/site-packages:${PYTHONPATH} /usr/bin/python3 -W ignore:setup.py install is deprecated setup.py egg_info --egg-base ../../build/lidar_object build --build-base /home/pi/sensor_fusion/build/lidar_object/build install --record /home/pi/sensor_fusion/build/lidar_object/install.log --install-scripts $base/lib/lidar_object --single-version-externally-managed install_data
[8.674s] DEBUG:colcon.colcon_core.event_handler.log_command:Invoking command in '/home/pi/sensor_fusion/src/ros2_cv_webcam': PYTHONPATH=/home/pi/sensor_fusion/build/ros2_cv_webcam/prefix_override:/usr/lib/python3/dist-packages/colcon_core/task/python/colcon_distutils_commands:/home/pi/sensor_fusion/install/ros2_cv_webcam/lib/python3.8/site-packages:${PYTHONPATH} /usr/bin/python3 -W ignore:setup.py install is deprecated setup.py egg_info --egg-base ../../build/ros2_cv_webcam build --build-base /home/pi/sensor_fusion/build/ros2_cv_webcam/build install --record /home/pi/sensor_fusion/build/ros2_cv_webcam/install.log --install-scripts $base/lib/ros2_cv_webcam --single-version-externally-managed install_data
[10.499s] DEBUG:colcon.colcon_core.event_handler.log_command:Invoked command in '/home/pi/sensor_fusion/src/lidar_cam' returned '0': PYTHONPATH=/home/pi/sensor_fusion/build/lidar_cam/prefix_override:/usr/lib/python3/dist-packages/colcon_core/task/python/colcon_distutils_commands:/home/pi/sensor_fusion/install/lidar_cam/lib/python3.8/site-packages:${PYTHONPATH} /usr/bin/python3 -W ignore:setup.py install is deprecated setup.py egg_info --egg-base ../../build/lidar_cam build --build-base /home/pi/sensor_fusion/build/lidar_cam/build install --record /home/pi/sensor_fusion/build/lidar_cam/install.log --install-scripts $base/lib/lidar_cam --single-version-externally-managed install_data
[10.530s] Level 1:colcon.colcon_core.environment:checking '/home/pi/sensor_fusion/install/lidar_cam' for CMake module files
[10.533s] Level 1:colcon.colcon_core.environment:checking '/home/pi/sensor_fusion/install/lidar_cam' for CMake config files
[10.537s] Level 1:colcon.colcon_core.environment:checking '/home/pi/sensor_fusion/install/lidar_cam/lib'
[10.538s] Level 1:colcon.colcon_core.environment:checking '/home/pi/sensor_fusion/install/lidar_cam/bin'
[10.539s] Level 1:colcon.colcon_core.environment:checking '/home/pi/sensor_fusion/install/lidar_cam/lib/pkgconfig/lidar_cam.pc'
[10.540s] Level 1:colcon.colcon_core.environment:checking '/home/pi/sensor_fusion/install/lidar_cam/lib/python3.8/site-packages'
[10.540s] Level 1:colcon.colcon_core.shell:create_environment_hook('lidar_cam', 'pythonpath')
[10.542s] INFO:colcon.colcon_core.shell:Creating environment hook '/home/pi/sensor_fusion/install/lidar_cam/share/lidar_cam/hook/pythonpath.ps1'
[10.544s] INFO:colcon.colcon_core.shell:Creating environment descriptor '/home/pi/sensor_fusion/install/lidar_cam/share/lidar_cam/hook/pythonpath.dsv'
[10.547s] INFO:colcon.colcon_core.shell:Creating environment hook '/home/pi/sensor_fusion/install/lidar_cam/share/lidar_cam/hook/pythonpath.sh'
[10.551s] Level 1:colcon.colcon_core.environment:checking '/home/pi/sensor_fusion/install/lidar_cam/bin'
[10.552s] Level 1:colcon.colcon_core.environment:create_environment_scripts_only(lidar_cam)
[10.554s] INFO:colcon.colcon_core.shell:Creating package script '/home/pi/sensor_fusion/install/lidar_cam/share/lidar_cam/package.ps1'
[10.559s] INFO:colcon.colcon_core.shell:Creating package descriptor '/home/pi/sensor_fusion/install/lidar_cam/share/lidar_cam/package.dsv'
[10.562s] INFO:colcon.colcon_core.shell:Creating package script '/home/pi/sensor_fusion/install/lidar_cam/share/lidar_cam/package.sh'
[10.566s] INFO:colcon.colcon_core.shell:Creating package script '/home/pi/sensor_fusion/install/lidar_cam/share/lidar_cam/package.bash'
[10.572s] INFO:colcon.colcon_core.shell:Creating package script '/home/pi/sensor_fusion/install/lidar_cam/share/lidar_cam/package.zsh'
[10.578s] Level 1:colcon.colcon_core.environment:create_file_with_runtime_dependencies(/home/pi/sensor_fusion/install/lidar_cam/share/colcon-core/packages/lidar_cam)
[10.588s] Level 1:colcon.colcon_core.environment:checking '/home/pi/sensor_fusion/install/lidar_object' for CMake module files
[10.593s] DEBUG:colcon.colcon_core.event_handler.log_command:Invoked command in '/home/pi/sensor_fusion/src/lidar_object' returned '0': PYTHONPATH=/home/pi/sensor_fusion/build/lidar_object/prefix_override:/usr/lib/python3/dist-packages/colcon_core/task/python/colcon_distutils_commands:/home/pi/sensor_fusion/install/lidar_object/lib/python3.8/site-packages:${PYTHONPATH} /usr/bin/python3 -W ignore:setup.py install is deprecated setup.py egg_info --egg-base ../../build/lidar_object build --build-base /home/pi/sensor_fusion/build/lidar_object/build install --record /home/pi/sensor_fusion/build/lidar_object/install.log --install-scripts $base/lib/lidar_object --single-version-externally-managed install_data
[10.597s] Level 1:colcon.colcon_core.environment:checking '/home/pi/sensor_fusion/install/lidar_object' for CMake config files
[10.603s] Level 1:colcon.colcon_core.environment:checking '/home/pi/sensor_fusion/install/lidar_object/lib'
[10.604s] Level 1:colcon.colcon_core.environment:checking '/home/pi/sensor_fusion/install/lidar_object/bin'
[10.605s] Level 1:colcon.colcon_core.environment:checking '/home/pi/sensor_fusion/install/lidar_object/lib/pkgconfig/lidar_object.pc'
[10.607s] Level 1:colcon.colcon_core.environment:checking '/home/pi/sensor_fusion/install/lidar_object/lib/python3.8/site-packages'
[10.608s] Level 1:colcon.colcon_core.shell:create_environment_hook('lidar_object', 'pythonpath')
[10.610s] INFO:colcon.colcon_core.shell:Creating environment hook '/home/pi/sensor_fusion/install/lidar_object/share/lidar_object/hook/pythonpath.ps1'
[10.613s] INFO:colcon.colcon_core.shell:Creating environment descriptor '/home/pi/sensor_fusion/install/lidar_object/share/lidar_object/hook/pythonpath.dsv'
[10.616s] INFO:colcon.colcon_core.shell:Creating environment hook '/home/pi/sensor_fusion/install/lidar_object/share/lidar_object/hook/pythonpath.sh'
[10.621s] Level 1:colcon.colcon_core.environment:checking '/home/pi/sensor_fusion/install/lidar_object/bin'
[10.621s] Level 1:colcon.colcon_core.environment:create_environment_scripts_only(lidar_object)
[10.623s] INFO:colcon.colcon_core.shell:Creating package script '/home/pi/sensor_fusion/install/lidar_object/share/lidar_object/package.ps1'
[10.628s] INFO:colcon.colcon_core.shell:Creating package descriptor '/home/pi/sensor_fusion/install/lidar_object/share/lidar_object/package.dsv'
[10.633s] INFO:colcon.colcon_core.shell:Creating package script '/home/pi/sensor_fusion/install/lidar_object/share/lidar_object/package.sh'
[10.637s] INFO:colcon.colcon_core.shell:Creating package script '/home/pi/sensor_fusion/install/lidar_object/share/lidar_object/package.bash'
[10.643s] INFO:colcon.colcon_core.shell:Creating package script '/home/pi/sensor_fusion/install/lidar_object/share/lidar_object/package.zsh'
[10.647s] Level 1:colcon.colcon_core.environment:create_file_with_runtime_dependencies(/home/pi/sensor_fusion/install/lidar_object/share/colcon-core/packages/lidar_object)
[10.741s] Level 1:colcon.colcon_core.environment:checking '/home/pi/sensor_fusion/install/ros2_cv_webcam' for CMake module files
[10.743s] DEBUG:colcon.colcon_core.event_handler.log_command:Invoked command in '/home/pi/sensor_fusion/src/ros2_cv_webcam' returned '0': PYTHONPATH=/home/pi/sensor_fusion/build/ros2_cv_webcam/prefix_override:/usr/lib/python3/dist-packages/colcon_core/task/python/colcon_distutils_commands:/home/pi/sensor_fusion/install/ros2_cv_webcam/lib/python3.8/site-packages:${PYTHONPATH} /usr/bin/python3 -W ignore:setup.py install is deprecated setup.py egg_info --egg-base ../../build/ros2_cv_webcam build --build-base /home/pi/sensor_fusion/build/ros2_cv_webcam/build install --record /home/pi/sensor_fusion/build/ros2_cv_webcam/install.log --install-scripts $base/lib/ros2_cv_webcam --single-version-externally-managed install_data
[10.744s] Level 1:colcon.colcon_core.environment:checking '/home/pi/sensor_fusion/install/ros2_cv_webcam' for CMake config files
[10.747s] Level 1:colcon.colcon_core.environment:checking '/home/pi/sensor_fusion/install/ros2_cv_webcam/lib'
[10.748s] Level 1:colcon.colcon_core.environment:checking '/home/pi/sensor_fusion/install/ros2_cv_webcam/bin'
[10.748s] Level 1:colcon.colcon_core.environment:checking '/home/pi/sensor_fusion/install/ros2_cv_webcam/lib/pkgconfig/ros2_cv_webcam.pc'
[10.749s] Level 1:colcon.colcon_core.environment:checking '/home/pi/sensor_fusion/install/ros2_cv_webcam/lib/python3.8/site-packages'
[10.749s] Level 1:colcon.colcon_core.shell:create_environment_hook('ros2_cv_webcam', 'pythonpath')
[10.750s] INFO:colcon.colcon_core.shell:Creating environment hook '/home/pi/sensor_fusion/install/ros2_cv_webcam/share/ros2_cv_webcam/hook/pythonpath.ps1'
[10.752s] INFO:colcon.colcon_core.shell:Creating environment descriptor '/home/pi/sensor_fusion/install/ros2_cv_webcam/share/ros2_cv_webcam/hook/pythonpath.dsv'
[10.754s] INFO:colcon.colcon_core.shell:Creating environment hook '/home/pi/sensor_fusion/install/ros2_cv_webcam/share/ros2_cv_webcam/hook/pythonpath.sh'
[10.757s] Level 1:colcon.colcon_core.environment:checking '/home/pi/sensor_fusion/install/ros2_cv_webcam/bin'
[10.757s] Level 1:colcon.colcon_core.environment:create_environment_scripts_only(ros2_cv_webcam)
[10.758s] INFO:colcon.colcon_core.shell:Creating package script '/home/pi/sensor_fusion/install/ros2_cv_webcam/share/ros2_cv_webcam/package.ps1'
[10.761s] INFO:colcon.colcon_core.shell:Creating package descriptor '/home/pi/sensor_fusion/install/ros2_cv_webcam/share/ros2_cv_webcam/package.dsv'
[10.763s] INFO:colcon.colcon_core.shell:Creating package script '/home/pi/sensor_fusion/install/ros2_cv_webcam/share/ros2_cv_webcam/package.sh'
[10.765s] INFO:colcon.colcon_core.shell:Creating package script '/home/pi/sensor_fusion/install/ros2_cv_webcam/share/ros2_cv_webcam/package.bash'
[10.767s] INFO:colcon.colcon_core.shell:Creating package script '/home/pi/sensor_fusion/install/ros2_cv_webcam/share/ros2_cv_webcam/package.zsh'
[10.769s] Level 1:colcon.colcon_core.environment:create_file_with_runtime_dependencies(/home/pi/sensor_fusion/install/ros2_cv_webcam/share/colcon-core/packages/ros2_cv_webcam)
[17.297s] DEBUG:colcon.colcon_core.event_handler.log_command:Invoked command in '/home/pi/sensor_fusion/build/ydlidar_ros2_driver' returned '0': CMAKE_PREFIX_PATH=${CMAKE_PREFIX_PATH}:/home/pi/sensor_fusion/install/ros2_cv_webcam:/home/pi/sensor_fusion/install/lidar_object:/home/pi/sensor_fusion/install/lidar_cam:/home/pi/sensor_fusion/install/leg_detection:/opt/ros/foxy /usr/bin/cmake /home/pi/sensor_fusion/src/ydlidar_ros2_driver -DCMAKE_INSTALL_PREFIX=/home/pi/sensor_fusion/install/ydlidar_ros2_driver
[17.310s] DEBUG:colcon.colcon_core.event_handler.log_command:Invoking command in '/home/pi/sensor_fusion/build/ydlidar_ros2_driver': CMAKE_PREFIX_PATH=${CMAKE_PREFIX_PATH}:/home/pi/sensor_fusion/install/ros2_cv_webcam:/home/pi/sensor_fusion/install/lidar_object:/home/pi/sensor_fusion/install/lidar_cam:/home/pi/sensor_fusion/install/leg_detection:/opt/ros/foxy /usr/bin/cmake --build /home/pi/sensor_fusion/build/ydlidar_ros2_driver -- -j4 -l4
[342.488s] DEBUG:colcon.colcon_parallel_executor.executor.parallel:run_until_complete was interrupted
[342.529s] DEBUG:colcon.colcon_parallel_executor.executor.parallel:run_until_complete again
[342.736s] DEBUG:colcon.colcon_core.event_handler.log_command:Invoked command in '/home/pi/sensor_fusion/build/ydlidar_ros2_driver' returned '-2': CMAKE_PREFIX_PATH=${CMAKE_PREFIX_PATH}:/home/pi/sensor_fusion/install/ros2_cv_webcam:/home/pi/sensor_fusion/install/lidar_object:/home/pi/sensor_fusion/install/lidar_cam:/home/pi/sensor_fusion/install/leg_detection:/opt/ros/foxy /usr/bin/cmake --build /home/pi/sensor_fusion/build/ydlidar_ros2_driver -- -j4 -l4
[344.303s] Level 1:colcon.colcon_core.environment:create_environment_scripts_only(ydlidar_ros2_driver)
[344.305s] Level 1:colcon.colcon_core.environment:checking '/home/pi/sensor_fusion/install/ydlidar_ros2_driver' for CMake module files
[344.314s] Level 1:colcon.colcon_core.environment:checking '/home/pi/sensor_fusion/install/ydlidar_ros2_driver' for CMake config files
[344.315s] Level 1:colcon.colcon_core.environment:checking '/home/pi/sensor_fusion/install/ydlidar_ros2_driver/bin'
[344.315s] Level 1:colcon.colcon_core.environment:checking '/home/pi/sensor_fusion/install/ydlidar_ros2_driver/lib/pkgconfig/ydlidar_ros2_driver.pc'
[344.316s] Level 1:colcon.colcon_core.environment:checking '/home/pi/sensor_fusion/install/ydlidar_ros2_driver/lib/python3.8/site-packages'
[344.317s] Level 1:colcon.colcon_core.environment:checking '/home/pi/sensor_fusion/install/ydlidar_ros2_driver/bin'
[344.319s] INFO:colcon.colcon_core.shell:Creating package script '/home/pi/sensor_fusion/install/ydlidar_ros2_driver/share/ydlidar_ros2_driver/package.ps1'
[344.325s] INFO:colcon.colcon_core.shell:Creating package descriptor '/home/pi/sensor_fusion/install/ydlidar_ros2_driver/share/ydlidar_ros2_driver/package.dsv'
[344.329s] INFO:colcon.colcon_core.shell:Creating package script '/home/pi/sensor_fusion/install/ydlidar_ros2_driver/share/ydlidar_ros2_driver/package.sh'
[344.332s] INFO:colcon.colcon_core.shell:Creating package script '/home/pi/sensor_fusion/install/ydlidar_ros2_driver/share/ydlidar_ros2_driver/package.bash'
[344.338s] INFO:colcon.colcon_core.shell:Creating package script '/home/pi/sensor_fusion/install/ydlidar_ros2_driver/share/ydlidar_ros2_driver/package.zsh'
[344.341s] Level 1:colcon.colcon_core.environment:create_file_with_runtime_dependencies(/home/pi/sensor_fusion/install/ydlidar_ros2_driver/share/colcon-core/packages/ydlidar_ros2_driver)
[344.353s] DEBUG:colcon.colcon_parallel_executor.executor.parallel:run_until_complete finished
[344.354s] DEBUG:colcon.colcon_parallel_executor.executor.parallel:closing loop
[344.355s] DEBUG:colcon.colcon_parallel_executor.executor.parallel:loop closed
[344.356s] DEBUG:colcon.colcon_core.event_reactor:joining thread
[344.422s] INFO:colcon.colcon_core.plugin_system:Skipping extension 'colcon_notification.desktop_notification.terminal_notifier': Not used on non-Darwin systems
[344.423s] INFO:colcon.colcon_core.plugin_system:Skipping extension 'colcon_notification.desktop_notification.win32': Not used on non-Windows systems
[344.423s] INFO:colcon.colcon_notification.desktop_notification:Sending desktop notification using 'notify2'
[344.461s] DEBUG:colcon.colcon_core.event_reactor:joined thread
[344.463s] INFO:colcon.colcon_core.shell:Creating prefix script '/home/pi/sensor_fusion/install/local_setup.ps1'
[344.467s] INFO:colcon.colcon_core.shell:Creating prefix util module '/home/pi/sensor_fusion/install/_local_setup_util_ps1.py'
[344.475s] INFO:colcon.colcon_core.shell:Creating prefix chain script '/home/pi/sensor_fusion/install/setup.ps1'
[344.486s] INFO:colcon.colcon_core.shell:Creating prefix script '/home/pi/sensor_fusion/install/local_setup.sh'
[344.489s] INFO:colcon.colcon_core.shell:Creating prefix util module '/home/pi/sensor_fusion/install/_local_setup_util_sh.py'
[344.492s] INFO:colcon.colcon_core.shell:Creating prefix chain script '/home/pi/sensor_fusion/install/setup.sh'
[344.498s] INFO:colcon.colcon_core.shell:Creating prefix script '/home/pi/sensor_fusion/install/local_setup.bash'
[344.500s] INFO:colcon.colcon_core.shell:Creating prefix chain script '/home/pi/sensor_fusion/install/setup.bash'
[344.507s] INFO:colcon.colcon_core.shell:Creating prefix script '/home/pi/sensor_fusion/install/local_setup.zsh'
[344.509s] INFO:colcon.colcon_core.shell:Creating prefix chain script '/home/pi/sensor_fusion/install/setup.zsh'
