[0.051s] Invoking command in '/home/kmw/trees_ws/build/moveit_resources': AMENT_PREFIX_PATH=/home/kmw/trees_ws/install/moveit_resources_panda_moveit_config:/home/kmw/trees_ws/install/moveit_resources_fanuc_moveit_config:/home/kmw/trees_ws/install/moveit_resources_pr2_description:/home/kmw/trees_ws/install/moveit_resources_panda_description:/home/kmw/trees_ws/install/moveit_resources_fanuc_description:${AMENT_PREFIX_PATH} CMAKE_PREFIX_PATH=/home/kmw/trees_ws/install/moveit_resources_panda_moveit_config:/home/kmw/trees_ws/install/moveit_resources_fanuc_moveit_config:/home/kmw/trees_ws/install/moveit_resources_pr2_description:/home/kmw/trees_ws/install/moveit_resources_panda_description:/home/kmw/trees_ws/install/moveit_resources_fanuc_description:/opt/ros/humble CONDA_PROMPT_MODIFIER=(ros2_py310) /usr/bin/cmake --build /home/kmw/trees_ws/build/moveit_resources -- -j8 -l8
[0.130s] Invoked command in '/home/kmw/trees_ws/build/moveit_resources' returned '0': AMENT_PREFIX_PATH=/home/kmw/trees_ws/install/moveit_resources_panda_moveit_config:/home/kmw/trees_ws/install/moveit_resources_fanuc_moveit_config:/home/kmw/trees_ws/install/moveit_resources_pr2_description:/home/kmw/trees_ws/install/moveit_resources_panda_description:/home/kmw/trees_ws/install/moveit_resources_fanuc_description:${AMENT_PREFIX_PATH} CMAKE_PREFIX_PATH=/home/kmw/trees_ws/install/moveit_resources_panda_moveit_config:/home/kmw/trees_ws/install/moveit_resources_fanuc_moveit_config:/home/kmw/trees_ws/install/moveit_resources_pr2_description:/home/kmw/trees_ws/install/moveit_resources_panda_description:/home/kmw/trees_ws/install/moveit_resources_fanuc_description:/opt/ros/humble CONDA_PROMPT_MODIFIER=(ros2_py310) /usr/bin/cmake --build /home/kmw/trees_ws/build/moveit_resources -- -j8 -l8
[0.132s] Invoking command in '/home/kmw/trees_ws/build/moveit_resources': AMENT_PREFIX_PATH=/home/kmw/trees_ws/install/moveit_resources_panda_moveit_config:/home/kmw/trees_ws/install/moveit_resources_fanuc_moveit_config:/home/kmw/trees_ws/install/moveit_resources_pr2_description:/home/kmw/trees_ws/install/moveit_resources_panda_description:/home/kmw/trees_ws/install/moveit_resources_fanuc_description:${AMENT_PREFIX_PATH} CMAKE_PREFIX_PATH=/home/kmw/trees_ws/install/moveit_resources_panda_moveit_config:/home/kmw/trees_ws/install/moveit_resources_fanuc_moveit_config:/home/kmw/trees_ws/install/moveit_resources_pr2_description:/home/kmw/trees_ws/install/moveit_resources_panda_description:/home/kmw/trees_ws/install/moveit_resources_fanuc_description:/opt/ros/humble CONDA_PROMPT_MODIFIER=(ros2_py310) /usr/bin/cmake --install /home/kmw/trees_ws/build/moveit_resources
[0.144s] -- Install configuration: ""
[0.145s] -- Installing: /home/kmw/trees_ws/install/moveit_resources/share/ament_index/resource_index/package_run_dependencies/moveit_resources
[0.145s] -- Installing: /home/kmw/trees_ws/install/moveit_resources/share/ament_index/resource_index/parent_prefix_path/moveit_resources
[0.145s] -- Installing: /home/kmw/trees_ws/install/moveit_resources/share/moveit_resources/environment/ament_prefix_path.sh
[0.145s] -- Installing: /home/kmw/trees_ws/install/moveit_resources/share/moveit_resources/environment/ament_prefix_path.dsv
[0.145s] -- Installing: /home/kmw/trees_ws/install/moveit_resources/share/moveit_resources/environment/path.sh
[0.145s] -- Installing: /home/kmw/trees_ws/install/moveit_resources/share/moveit_resources/environment/path.dsv
[0.145s] -- Installing: /home/kmw/trees_ws/install/moveit_resources/share/moveit_resources/local_setup.bash
[0.145s] -- Installing: /home/kmw/trees_ws/install/moveit_resources/share/moveit_resources/local_setup.sh
[0.145s] -- Installing: /home/kmw/trees_ws/install/moveit_resources/share/moveit_resources/local_setup.zsh
[0.146s] -- Installing: /home/kmw/trees_ws/install/moveit_resources/share/moveit_resources/local_setup.dsv
[0.146s] -- Installing: /home/kmw/trees_ws/install/moveit_resources/share/moveit_resources/package.dsv
[0.146s] -- Installing: /home/kmw/trees_ws/install/moveit_resources/share/ament_index/resource_index/packages/moveit_resources
[0.149s] -- Installing: /home/kmw/trees_ws/install/moveit_resources/share/moveit_resources/cmake/moveit_resourcesConfig.cmake
[0.149s] -- Installing: /home/kmw/trees_ws/install/moveit_resources/share/moveit_resources/cmake/moveit_resourcesConfig-version.cmake
[0.149s] -- Installing: /home/kmw/trees_ws/install/moveit_resources/share/moveit_resources/package.xml
[0.202s] Invoked command in '/home/kmw/trees_ws/build/moveit_resources' returned '0': AMENT_PREFIX_PATH=/home/kmw/trees_ws/install/moveit_resources_panda_moveit_config:/home/kmw/trees_ws/install/moveit_resources_fanuc_moveit_config:/home/kmw/trees_ws/install/moveit_resources_pr2_description:/home/kmw/trees_ws/install/moveit_resources_panda_description:/home/kmw/trees_ws/install/moveit_resources_fanuc_description:${AMENT_PREFIX_PATH} CMAKE_PREFIX_PATH=/home/kmw/trees_ws/install/moveit_resources_panda_moveit_config:/home/kmw/trees_ws/install/moveit_resources_fanuc_moveit_config:/home/kmw/trees_ws/install/moveit_resources_pr2_description:/home/kmw/trees_ws/install/moveit_resources_panda_description:/home/kmw/trees_ws/install/moveit_resources_fanuc_description:/opt/ros/humble CONDA_PROMPT_MODIFIER=(ros2_py310) /usr/bin/cmake --install /home/kmw/trees_ws/build/moveit_resources
