[0.062s] Invoking command in '/home/pi/sensor_fusion/build/ydlidar_ros2_driver': CMAKE_PREFIX_PATH=${CMAKE_PREFIX_PATH}:/home/pi/sensor_fusion/install/ros2_cv_webcam:/home/pi/sensor_fusion/install/lidar_object:/home/pi/sensor_fusion/install/lidar_cam:/home/pi/sensor_fusion/install/leg_detection:/opt/ros/foxy /usr/bin/cmake --build /home/pi/sensor_fusion/build/ydlidar_ros2_driver -- -j4 -l4
[0.422s] [ 66%] Built target ydlidar_ros2_driver_client
[0.424s] [ 66%] Built target ydlidar_ros2_driver_filter
[0.441s] [100%] Built target ydlidar_ros2_driver_node
[0.486s] Invoked command in '/home/pi/sensor_fusion/build/ydlidar_ros2_driver' returned '0': CMAKE_PREFIX_PATH=${CMAKE_PREFIX_PATH}:/home/pi/sensor_fusion/install/ros2_cv_webcam:/home/pi/sensor_fusion/install/lidar_object:/home/pi/sensor_fusion/install/lidar_cam:/home/pi/sensor_fusion/install/leg_detection:/opt/ros/foxy /usr/bin/cmake --build /home/pi/sensor_fusion/build/ydlidar_ros2_driver -- -j4 -l4
[0.695s] Invoking command in '/home/pi/sensor_fusion/build/ydlidar_ros2_driver': CMAKE_PREFIX_PATH=${CMAKE_PREFIX_PATH}:/home/pi/sensor_fusion/install/ros2_cv_webcam:/home/pi/sensor_fusion/install/lidar_object:/home/pi/sensor_fusion/install/lidar_cam:/home/pi/sensor_fusion/install/leg_detection:/opt/ros/foxy /usr/bin/cmake --install /home/pi/sensor_fusion/build/ydlidar_ros2_driver
[0.734s] -- Install configuration: ""
[0.738s] -- Up-to-date: /home/pi/sensor_fusion/install/ydlidar_ros2_driver/lib/ydlidar_ros2_driver/ydlidar_ros2_driver_node
[0.742s] -- Up-to-date: /home/pi/sensor_fusion/install/ydlidar_ros2_driver/lib/ydlidar_ros2_driver/ydlidar_ros2_driver_client
[0.745s] -- Up-to-date: /home/pi/sensor_fusion/install/ydlidar_ros2_driver/lib/ydlidar_ros2_driver/ydlidar_ros2_driver_filter
[0.746s] -- Up-to-date: /home/pi/sensor_fusion/install/ydlidar_ros2_driver/share/ydlidar_ros2_driver/launch
[0.747s] -- Up-to-date: /home/pi/sensor_fusion/install/ydlidar_ros2_driver/share/ydlidar_ros2_driver/launch/ydlidar_launch_view.py
[0.747s] -- Up-to-date: /home/pi/sensor_fusion/install/ydlidar_ros2_driver/share/ydlidar_ros2_driver/launch/ydlidar_launch.py
[0.748s] -- Up-to-date: /home/pi/sensor_fusion/install/ydlidar_ros2_driver/share/ydlidar_ros2_driver/launch/ydlidar.py
[0.749s] -- Up-to-date: /home/pi/sensor_fusion/install/ydlidar_ros2_driver/share/ydlidar_ros2_driver/params
[0.749s] -- Up-to-date: /home/pi/sensor_fusion/install/ydlidar_ros2_driver/share/ydlidar_ros2_driver/params/G2.yaml
[0.750s] -- Up-to-date: /home/pi/sensor_fusion/install/ydlidar_ros2_driver/share/ydlidar_ros2_driver/params/X4.yaml
[0.750s] -- Up-to-date: /home/pi/sensor_fusion/install/ydlidar_ros2_driver/share/ydlidar_ros2_driver/params/X2.yaml.save
[0.751s] -- Up-to-date: /home/pi/sensor_fusion/install/ydlidar_ros2_driver/share/ydlidar_ros2_driver/params/GS2.yaml
[0.751s] -- Up-to-date: /home/pi/sensor_fusion/install/ydlidar_ros2_driver/share/ydlidar_ros2_driver/params/G1.yaml
[0.752s] -- Up-to-date: /home/pi/sensor_fusion/install/ydlidar_ros2_driver/share/ydlidar_ros2_driver/params/TG.yaml
[0.752s] -- Up-to-date: /home/pi/sensor_fusion/install/ydlidar_ros2_driver/share/ydlidar_ros2_driver/params/X2.yaml
[0.753s] -- Up-to-date: /home/pi/sensor_fusion/install/ydlidar_ros2_driver/share/ydlidar_ros2_driver/params/G6.yaml
[0.753s] -- Up-to-date: /home/pi/sensor_fusion/install/ydlidar_ros2_driver/share/ydlidar_ros2_driver/params/TminiPro.yaml
[0.754s] -- Up-to-date: /home/pi/sensor_fusion/install/ydlidar_ros2_driver/share/ydlidar_ros2_driver/params/X4-Pro.yaml
[0.754s] -- Up-to-date: /home/pi/sensor_fusion/install/ydlidar_ros2_driver/share/ydlidar_ros2_driver/params/TEA.yaml
[0.755s] -- Up-to-date: /home/pi/sensor_fusion/install/ydlidar_ros2_driver/share/ydlidar_ros2_driver/params/ydlidar.yaml
[0.755s] -- Up-to-date: /home/pi/sensor_fusion/install/ydlidar_ros2_driver/share/ydlidar_ros2_driver/startup
[0.756s] -- Up-to-date: /home/pi/sensor_fusion/install/ydlidar_ros2_driver/share/ydlidar_ros2_driver/startup/initenv.sh
[0.756s] -- Up-to-date: /home/pi/sensor_fusion/install/ydlidar_ros2_driver/share/ydlidar_ros2_driver/config
[0.757s] -- Up-to-date: /home/pi/sensor_fusion/install/ydlidar_ros2_driver/share/ydlidar_ros2_driver/config/ydlidar.rviz
[0.757s] -- Up-to-date: /home/pi/sensor_fusion/install/ydlidar_ros2_driver/share/ament_index/resource_index/package_run_dependencies/ydlidar_ros2_driver
[0.758s] -- Up-to-date: /home/pi/sensor_fusion/install/ydlidar_ros2_driver/share/ament_index/resource_index/parent_prefix_path/ydlidar_ros2_driver
[0.758s] -- Up-to-date: /home/pi/sensor_fusion/install/ydlidar_ros2_driver/share/ydlidar_ros2_driver/environment/ament_prefix_path.sh
[0.759s] -- Up-to-date: /home/pi/sensor_fusion/install/ydlidar_ros2_driver/share/ydlidar_ros2_driver/environment/ament_prefix_path.dsv
[0.759s] -- Up-to-date: /home/pi/sensor_fusion/install/ydlidar_ros2_driver/share/ydlidar_ros2_driver/environment/path.sh
[0.760s] -- Up-to-date: /home/pi/sensor_fusion/install/ydlidar_ros2_driver/share/ydlidar_ros2_driver/environment/path.dsv
[0.760s] -- Up-to-date: /home/pi/sensor_fusion/install/ydlidar_ros2_driver/share/ydlidar_ros2_driver/local_setup.bash
[0.761s] -- Up-to-date: /home/pi/sensor_fusion/install/ydlidar_ros2_driver/share/ydlidar_ros2_driver/local_setup.sh
[0.761s] -- Up-to-date: /home/pi/sensor_fusion/install/ydlidar_ros2_driver/share/ydlidar_ros2_driver/local_setup.zsh
[0.762s] -- Up-to-date: /home/pi/sensor_fusion/install/ydlidar_ros2_driver/share/ydlidar_ros2_driver/local_setup.dsv
[0.766s] -- Installing: /home/pi/sensor_fusion/install/ydlidar_ros2_driver/share/ydlidar_ros2_driver/package.dsv
[0.767s] -- Up-to-date: /home/pi/sensor_fusion/install/ydlidar_ros2_driver/share/ament_index/resource_index/packages/ydlidar_ros2_driver
[0.768s] -- Up-to-date: /home/pi/sensor_fusion/install/ydlidar_ros2_driver/share/ydlidar_ros2_driver/cmake/ydlidar_ros2_driverConfig.cmake
[0.769s] -- Up-to-date: /home/pi/sensor_fusion/install/ydlidar_ros2_driver/share/ydlidar_ros2_driver/cmake/ydlidar_ros2_driverConfig-version.cmake
[0.771s] -- Up-to-date: /home/pi/sensor_fusion/install/ydlidar_ros2_driver/share/ydlidar_ros2_driver/package.xml
[0.772s] Invoked command in '/home/pi/sensor_fusion/build/ydlidar_ros2_driver' returned '0': CMAKE_PREFIX_PATH=${CMAKE_PREFIX_PATH}:/home/pi/sensor_fusion/install/ros2_cv_webcam:/home/pi/sensor_fusion/install/lidar_object:/home/pi/sensor_fusion/install/lidar_cam:/home/pi/sensor_fusion/install/leg_detection:/opt/ros/foxy /usr/bin/cmake --install /home/pi/sensor_fusion/build/ydlidar_ros2_driver
