[9.832s] Invoking command in '/home/pi/arm_ws/src/qr_cam': PYTHONPATH=/home/pi/arm_ws/build/qr_cam/prefix_override:/usr/lib/python3/dist-packages/colcon_core/task/python/colcon_distutils_commands:/home/pi/arm_ws/install/qr_cam/lib/python3.8/site-packages:${PYTHONPATH} /usr/bin/python3 -W ignore:setup.py install is deprecated setup.py egg_info --egg-base ../../build/qr_cam build --build-base /home/pi/arm_ws/build/qr_cam/build install --record /home/pi/arm_ws/build/qr_cam/install.log --install-scripts $base/lib/qr_cam --single-version-externally-managed install_data
[12.442s] running egg_info
[12.448s] writing ../../build/qr_cam/qr_cam.egg-info/PKG-INFO
[12.450s] writing dependency_links to ../../build/qr_cam/qr_cam.egg-info/dependency_links.txt
[12.452s] writing entry points to ../../build/qr_cam/qr_cam.egg-info/entry_points.txt
[12.454s] writing requirements to ../../build/qr_cam/qr_cam.egg-info/requires.txt
[12.456s] writing top-level names to ../../build/qr_cam/qr_cam.egg-info/top_level.txt
[12.826s] reading manifest file '../../build/qr_cam/qr_cam.egg-info/SOURCES.txt'
[12.835s] writing manifest file '../../build/qr_cam/qr_cam.egg-info/SOURCES.txt'
[12.836s] running build
[12.838s] running build_py
[12.839s] copying qr_cam/no_cam.py -> /home/pi/arm_ws/build/qr_cam/build/lib/qr_cam
[12.841s] running install
[12.848s] running install_lib
[12.860s] copying /home/pi/arm_ws/build/qr_cam/build/lib/qr_cam/no_cam.py -> /home/pi/arm_ws/install/qr_cam/lib/python3.8/site-packages/qr_cam
[12.866s] byte-compiling /home/pi/arm_ws/install/qr_cam/lib/python3.8/site-packages/qr_cam/no_cam.py to no_cam.cpython-38.pyc
[12.885s] running install_data
[12.886s] running install_egg_info
[12.901s] removing '/home/pi/arm_ws/install/qr_cam/lib/python3.8/site-packages/qr_cam-0.0.0-py3.8.egg-info' (and everything under it)
[12.905s] Copying ../../build/qr_cam/qr_cam.egg-info to /home/pi/arm_ws/install/qr_cam/lib/python3.8/site-packages/qr_cam-0.0.0-py3.8.egg-info
[12.916s] running install_scripts
[13.086s] Installing no_cam script to /home/pi/arm_ws/install/qr_cam/lib/qr_cam
[13.090s] writing list of installed files to '/home/pi/arm_ws/build/qr_cam/install.log'
[13.439s] Invoked command in '/home/pi/arm_ws/src/qr_cam' returned '0': PYTHONPATH=/home/pi/arm_ws/build/qr_cam/prefix_override:/usr/lib/python3/dist-packages/colcon_core/task/python/colcon_distutils_commands:/home/pi/arm_ws/install/qr_cam/lib/python3.8/site-packages:${PYTHONPATH} /usr/bin/python3 -W ignore:setup.py install is deprecated setup.py egg_info --egg-base ../../build/qr_cam build --build-base /home/pi/arm_ws/build/qr_cam/build install --record /home/pi/arm_ws/build/qr_cam/install.log --install-scripts $base/lib/qr_cam --single-version-externally-managed install_data
