[1.690s] Invoking command in '/home/kmw/cam_ws/src/ros2_cv_cam': CONDA_PROMPT_MODIFIER=(ros2_py310) PYTHONPATH=/home/kmw/cam_ws/build/ros2_cv_cam/prefix_override:/usr/lib/python3/dist-packages/colcon_core/task/python/colcon_distutils_commands:/home/kmw/cam_ws/install/ros2_cv_cam/lib/python3.10/site-packages:${PYTHONPATH} /usr/bin/python3 -W ignore:setup.py install is deprecated setup.py egg_info --egg-base ../../build/ros2_cv_cam build --build-base /home/kmw/cam_ws/build/ros2_cv_cam/build install --record /home/kmw/cam_ws/build/ros2_cv_cam/install.log --single-version-externally-managed install_data
[2.015s] /home/kmw/miniconda3/envs/ros2_py310/lib/python3.10/site-packages/setuptools/_distutils/dist.py:261: UserWarning: Unknown distribution option: 'tests_require'
[2.016s]   warnings.warn(msg)
[2.260s] running egg_info
[2.300s] writing ../../build/ros2_cv_cam/ros2_cv_cam.egg-info/PKG-INFO
[2.301s] writing dependency_links to ../../build/ros2_cv_cam/ros2_cv_cam.egg-info/dependency_links.txt
[2.301s] writing entry points to ../../build/ros2_cv_cam/ros2_cv_cam.egg-info/entry_points.txt
[2.301s] writing requirements to ../../build/ros2_cv_cam/ros2_cv_cam.egg-info/requires.txt
[2.302s] writing top-level names to ../../build/ros2_cv_cam/ros2_cv_cam.egg-info/top_level.txt
[2.384s] reading manifest file '../../build/ros2_cv_cam/ros2_cv_cam.egg-info/SOURCES.txt'
[2.387s] writing manifest file '../../build/ros2_cv_cam/ros2_cv_cam.egg-info/SOURCES.txt'
[2.387s] running build
[2.387s] running build_py
[2.388s] copying ros2_cv_cam/cam_sub.py -> /home/kmw/cam_ws/build/ros2_cv_cam/build/lib/ros2_cv_cam
[2.388s] copying ros2_cv_cam/img_sub.py -> /home/kmw/cam_ws/build/ros2_cv_cam/build/lib/ros2_cv_cam
[2.388s] copying ros2_cv_cam/__init__.py -> /home/kmw/cam_ws/build/ros2_cv_cam/build/lib/ros2_cv_cam
[2.389s] running install
[2.399s] running install_lib
[2.439s] copying /home/kmw/cam_ws/build/ros2_cv_cam/build/lib/ros2_cv_cam/img_sub.py -> /home/kmw/cam_ws/install/ros2_cv_cam/lib/python3.10/site-packages/ros2_cv_cam
[2.440s] byte-compiling /home/kmw/cam_ws/install/ros2_cv_cam/lib/python3.10/site-packages/ros2_cv_cam/img_sub.py to img_sub.cpython-310.pyc
[2.441s] running install_data
[2.442s] copying resource/ros2_cv_cam -> /home/kmw/cam_ws/install/ros2_cv_cam/share/ament_index/resource_index/packages
[2.442s] copying package.xml -> /home/kmw/cam_ws/install/ros2_cv_cam/share/ros2_cv_cam
[2.443s] running install_egg_info
[2.485s] removing '/home/kmw/cam_ws/install/ros2_cv_cam/lib/python3.10/site-packages/ros2_cv_cam-0.0.0-py3.10.egg-info' (and everything under it)
[2.485s] Copying ../../build/ros2_cv_cam/ros2_cv_cam.egg-info to /home/kmw/cam_ws/install/ros2_cv_cam/lib/python3.10/site-packages/ros2_cv_cam-0.0.0-py3.10.egg-info
[2.486s] running install_scripts
[2.799s] Installing cam_sub script to /home/kmw/cam_ws/install/ros2_cv_cam/lib/ros2_cv_cam
[2.799s] Installing img_sub script to /home/kmw/cam_ws/install/ros2_cv_cam/lib/ros2_cv_cam
[2.799s] writing list of installed files to '/home/kmw/cam_ws/build/ros2_cv_cam/install.log'
[2.872s] Invoked command in '/home/kmw/cam_ws/src/ros2_cv_cam' returned '0': CONDA_PROMPT_MODIFIER=(ros2_py310) PYTHONPATH=/home/kmw/cam_ws/build/ros2_cv_cam/prefix_override:/usr/lib/python3/dist-packages/colcon_core/task/python/colcon_distutils_commands:/home/kmw/cam_ws/install/ros2_cv_cam/lib/python3.10/site-packages:${PYTHONPATH} /usr/bin/python3 -W ignore:setup.py install is deprecated setup.py egg_info --egg-base ../../build/ros2_cv_cam build --build-base /home/kmw/cam_ws/build/ros2_cv_cam/build install --record /home/kmw/cam_ws/build/ros2_cv_cam/install.log --single-version-externally-managed install_data
