-- Found ament_cmake: 1.3.10 (/opt/ros/humble/share/ament_cmake/cmake)
-- Found rosidl_default_generators: 1.2.0 (/opt/ros/humble/share/rosidl_default_generators/cmake)
-- Using all available rosidl_typesupport_c: rosidl_typesupport_fastrtps_c;rosidl_typesupport_introspection_c
-- Found rosidl_adapter: 3.1.5 (/opt/ros/humble/share/rosidl_adapter/cmake)
-- Using all available rosidl_typesupport_cpp: rosidl_typesupport_fastrtps_cpp;rosidl_typesupport_introspection_cpp
[31mCMake Error at CMakeLists.txt:14 (find_package):
  By not providing "Findvision_msgs.cmake" in CMAKE_MODULE_PATH this project
  has asked CMake to find a package configuration file provided by
  "vision_msgs", but CMake did not find one.

  Could not find a package configuration file provided by "vision_msgs" with
  any of the following names:

    vision_msgsConfig.cmake
    vision_msgs-config.cmake

  Add the installation prefix of "vision_msgs" to CMAKE_PREFIX_PATH or set
  "vision_msgs_DIR" to a directory containing one of the above files.  If
  "vision_msgs" provides a separate development package or SDK, be sure it
  has been installed.

[0m
-- Configuring incomplete, errors occurred!
See also "/home/kmw/trees_ws/build/mycobot_interfaces/CMakeFiles/CMakeOutput.log".
