[0.051s] Invoking command in '/home/kmw/trees_ws/build/mycobot_interfaces': CMAKE_PREFIX_PATH=/opt/ros/humble CONDA_PROMPT_MODIFIER=(ros2_py310) /usr/bin/cmake /home/kmw/trees_ws/src/mycobot320_moveit2-main/mycobot_interfaces -DCMAKE_INSTALL_PREFIX=/home/kmw/trees_ws/install/mycobot_interfaces
[0.098s] -- Found ament_cmake: 1.3.10 (/opt/ros/humble/share/ament_cmake/cmake)
[0.464s] -- Found rosidl_default_generators: 1.2.0 (/opt/ros/humble/share/rosidl_default_generators/cmake)
[0.468s] -- Using all available rosidl_typesupport_c: rosidl_typesupport_fastrtps_c;rosidl_typesupport_introspection_c
[0.474s] -- Found rosidl_adapter: 3.1.5 (/opt/ros/humble/share/rosidl_adapter/cmake)
[0.540s] -- Using all available rosidl_typesupport_cpp: rosidl_typesupport_fastrtps_cpp;rosidl_typesupport_introspection_cpp
[0.613s] [31mCMake Error at CMakeLists.txt:14 (find_package):
[0.613s]   By not providing "Findvision_msgs.cmake" in CMAKE_MODULE_PATH this project
[0.613s]   has asked CMake to find a package configuration file provided by
[0.613s]   "vision_msgs", but CMake did not find one.
[0.613s] 
[0.613s]   Could not find a package configuration file provided by "vision_msgs" with
[0.613s]   any of the following names:
[0.614s] 
[0.614s]     vision_msgsConfig.cmake
[0.614s]     vision_msgs-config.cmake
[0.614s] 
[0.614s]   Add the installation prefix of "vision_msgs" to CMAKE_PREFIX_PATH or set
[0.614s]   "vision_msgs_DIR" to a directory containing one of the above files.  If
[0.614s]   "vision_msgs" provides a separate development package or SDK, be sure it
[0.615s]   has been installed.
[0.615s] 
[0.615s] [0m
[0.615s] -- Configuring incomplete, errors occurred!
[0.615s] See also "/home/kmw/trees_ws/build/mycobot_interfaces/CMakeFiles/CMakeOutput.log".
[0.652s] Invoked command in '/home/kmw/trees_ws/build/mycobot_interfaces' returned '1': CMAKE_PREFIX_PATH=/opt/ros/humble CONDA_PROMPT_MODIFIER=(ros2_py310) /usr/bin/cmake /home/kmw/trees_ws/src/mycobot320_moveit2-main/mycobot_interfaces -DCMAKE_INSTALL_PREFIX=/home/kmw/trees_ws/install/mycobot_interfaces
