[1.071s] Invoking command in '/home/kmw/cam_ws/src/projection': CONDA_PROMPT_MODIFIER=(ros2_py310) PYTHONPATH=/home/kmw/cam_ws/build/projection/prefix_override:/usr/lib/python3/dist-packages/colcon_core/task/python/colcon_distutils_commands:/home/kmw/cam_ws/install/projection/lib/python3.10/site-packages:${PYTHONPATH} /usr/bin/python3 -W ignore:setup.py install is deprecated setup.py egg_info --egg-base ../../build/projection build --build-base /home/kmw/cam_ws/build/projection/build install --record /home/kmw/cam_ws/build/projection/install.log --single-version-externally-managed install_data
[1.415s] running egg_info
[1.416s] writing ../../build/projection/projection.egg-info/PKG-INFO
[1.416s] writing dependency_links to ../../build/projection/projection.egg-info/dependency_links.txt
[1.417s] writing entry points to ../../build/projection/projection.egg-info/entry_points.txt
[1.417s] writing requirements to ../../build/projection/projection.egg-info/requires.txt
[1.417s] writing top-level names to ../../build/projection/projection.egg-info/top_level.txt
[1.419s] reading manifest file '../../build/projection/projection.egg-info/SOURCES.txt'
[1.420s] writing manifest file '../../build/projection/projection.egg-info/SOURCES.txt'
[1.420s] running build
[1.421s] running build_py
[1.421s] running install
[1.421s] running install_lib
[1.423s] running install_data
[1.423s] running install_egg_info
[1.429s] removing '/home/kmw/cam_ws/install/projection/lib/python3.10/site-packages/projection-0.0.1-py3.10.egg-info' (and everything under it)
[1.430s] Copying ../../build/projection/projection.egg-info to /home/kmw/cam_ws/install/projection/lib/python3.10/site-packages/projection-0.0.1-py3.10.egg-info
[1.431s] running install_scripts
[1.462s] Installing lidar script to /home/kmw/cam_ws/install/projection/lib/projection
[1.462s] writing list of installed files to '/home/kmw/cam_ws/build/projection/install.log'
[1.494s] Invoked command in '/home/kmw/cam_ws/src/projection' returned '0': CONDA_PROMPT_MODIFIER=(ros2_py310) PYTHONPATH=/home/kmw/cam_ws/build/projection/prefix_override:/usr/lib/python3/dist-packages/colcon_core/task/python/colcon_distutils_commands:/home/kmw/cam_ws/install/projection/lib/python3.10/site-packages:${PYTHONPATH} /usr/bin/python3 -W ignore:setup.py install is deprecated setup.py egg_info --egg-base ../../build/projection build --build-base /home/kmw/cam_ws/build/projection/build install --record /home/kmw/cam_ws/build/projection/install.log --single-version-externally-managed install_data
