[6.982s] Invoking command in '/home/pi/arm_ws/src/turtle_con': PYTHONPATH=/home/pi/arm_ws/build/turtle_con/prefix_override:/usr/lib/python3/dist-packages/colcon_core/task/python/colcon_distutils_commands:/home/pi/arm_ws/install/turtle_con/lib/python3.8/site-packages:${PYTHONPATH} /usr/bin/python3 -W ignore:setup.py install is deprecated setup.py egg_info --egg-base ../../build/turtle_con build --build-base /home/pi/arm_ws/build/turtle_con/build install --record /home/pi/arm_ws/build/turtle_con/install.log --install-scripts $base/lib/turtle_con --single-version-externally-managed install_data
[9.352s] running egg_info
[9.357s] writing ../../build/turtle_con/turtle_con.egg-info/PKG-INFO
[9.361s] writing dependency_links to ../../build/turtle_con/turtle_con.egg-info/dependency_links.txt
[9.363s] writing entry points to ../../build/turtle_con/turtle_con.egg-info/entry_points.txt
[9.365s] writing requirements to ../../build/turtle_con/turtle_con.egg-info/requires.txt
[9.366s] writing top-level names to ../../build/turtle_con/turtle_con.egg-info/top_level.txt
[9.724s] reading manifest file '../../build/turtle_con/turtle_con.egg-info/SOURCES.txt'
[9.734s] writing manifest file '../../build/turtle_con/turtle_con.egg-info/SOURCES.txt'
[9.736s] running build
[9.737s] running build_py
[9.739s] copying turtle_con/turtle_ros2_con.py -> /home/pi/arm_ws/build/turtle_con/build/lib/turtle_con
[9.742s] running install
[9.749s] running install_lib
[9.759s] copying /home/pi/arm_ws/build/turtle_con/build/lib/turtle_con/turtle_ros2_con.py -> /home/pi/arm_ws/install/turtle_con/lib/python3.8/site-packages/turtle_con
[9.766s] byte-compiling /home/pi/arm_ws/install/turtle_con/lib/python3.8/site-packages/turtle_con/turtle_ros2_con.py to turtle_ros2_con.cpython-38.pyc
[9.786s] running install_data
[9.789s] running install_egg_info
[9.804s] removing '/home/pi/arm_ws/install/turtle_con/lib/python3.8/site-packages/turtle_con-0.0.0-py3.8.egg-info' (and everything under it)
[9.808s] Copying ../../build/turtle_con/turtle_con.egg-info to /home/pi/arm_ws/install/turtle_con/lib/python3.8/site-packages/turtle_con-0.0.0-py3.8.egg-info
[9.820s] running install_scripts
[9.973s] Installing turtle_ros2_con script to /home/pi/arm_ws/install/turtle_con/lib/turtle_con
[9.977s] writing list of installed files to '/home/pi/arm_ws/build/turtle_con/install.log'
[10.155s] Invoked command in '/home/pi/arm_ws/src/turtle_con' returned '0': PYTHONPATH=/home/pi/arm_ws/build/turtle_con/prefix_override:/usr/lib/python3/dist-packages/colcon_core/task/python/colcon_distutils_commands:/home/pi/arm_ws/install/turtle_con/lib/python3.8/site-packages:${PYTHONPATH} /usr/bin/python3 -W ignore:setup.py install is deprecated setup.py egg_info --egg-base ../../build/turtle_con build --build-base /home/pi/arm_ws/build/turtle_con/build install --record /home/pi/arm_ws/build/turtle_con/install.log --install-scripts $base/lib/turtle_con --single-version-externally-managed install_data
