[15.335s] Invoking command in '/home/pi/arm_ws/src/turtle_con': PYTHONPATH=/home/pi/arm_ws/build/turtle_con/prefix_override:/usr/lib/python3/dist-packages/colcon_core/task/python/colcon_distutils_commands:/home/pi/arm_ws/install/turtle_con/lib/python3.8/site-packages:${PYTHONPATH} /usr/bin/python3 -W ignore:setup.py install is deprecated setup.py egg_info --egg-base ../../build/turtle_con build --build-base /home/pi/arm_ws/build/turtle_con/build install --record /home/pi/arm_ws/build/turtle_con/install.log --install-scripts $base/lib/turtle_con --single-version-externally-managed install_data
[19.379s] running egg_info
[19.385s] writing ../../build/turtle_con/turtle_con.egg-info/PKG-INFO
[19.388s] writing dependency_links to ../../build/turtle_con/turtle_con.egg-info/dependency_links.txt
[19.390s] writing entry points to ../../build/turtle_con/turtle_con.egg-info/entry_points.txt
[19.392s] writing requirements to ../../build/turtle_con/turtle_con.egg-info/requires.txt
[19.394s] writing top-level names to ../../build/turtle_con/turtle_con.egg-info/top_level.txt
[19.981s] reading manifest file '../../build/turtle_con/turtle_con.egg-info/SOURCES.txt'
[19.992s] writing manifest file '../../build/turtle_con/turtle_con.egg-info/SOURCES.txt'
[19.994s] running build
[19.995s] running build_py
[19.997s] copying turtle_con/move_qr.py -> /home/pi/arm_ws/build/turtle_con/build/lib/turtle_con
[20.000s] running install
[20.007s] running install_lib
[20.018s] copying /home/pi/arm_ws/build/turtle_con/build/lib/turtle_con/move_qr.py -> /home/pi/arm_ws/install/turtle_con/lib/python3.8/site-packages/turtle_con
[20.024s] byte-compiling /home/pi/arm_ws/install/turtle_con/lib/python3.8/site-packages/turtle_con/move_qr.py to move_qr.cpython-38.pyc
[20.060s] running install_data
[20.068s] running install_egg_info
[20.091s] removing '/home/pi/arm_ws/install/turtle_con/lib/python3.8/site-packages/turtle_con-0.0.0-py3.8.egg-info' (and everything under it)
[20.102s] Copying ../../build/turtle_con/turtle_con.egg-info to /home/pi/arm_ws/install/turtle_con/lib/python3.8/site-packages/turtle_con-0.0.0-py3.8.egg-info
[20.152s] running install_scripts
[20.390s] Installing turtle_ros2_con script to /home/pi/arm_ws/install/turtle_con/lib/turtle_con
[20.398s] Installing with_qr script to /home/pi/arm_ws/install/turtle_con/lib/turtle_con
[20.400s] writing list of installed files to '/home/pi/arm_ws/build/turtle_con/install.log'
[20.657s] Invoked command in '/home/pi/arm_ws/src/turtle_con' returned '0': PYTHONPATH=/home/pi/arm_ws/build/turtle_con/prefix_override:/usr/lib/python3/dist-packages/colcon_core/task/python/colcon_distutils_commands:/home/pi/arm_ws/install/turtle_con/lib/python3.8/site-packages:${PYTHONPATH} /usr/bin/python3 -W ignore:setup.py install is deprecated setup.py egg_info --egg-base ../../build/turtle_con build --build-base /home/pi/arm_ws/build/turtle_con/build install --record /home/pi/arm_ws/build/turtle_con/install.log --install-scripts $base/lib/turtle_con --single-version-externally-managed install_data
