[10.574s] Invoking command in '/home/pi/arm_ws/src/qr_cam': PYTHONPATH=/home/pi/arm_ws/build/qr_cam/prefix_override:/usr/lib/python3/dist-packages/colcon_core/task/python/colcon_distutils_commands:/home/pi/arm_ws/install/qr_cam/lib/python3.8/site-packages:${PYTHONPATH} /usr/bin/python3 -W ignore:setup.py install is deprecated setup.py egg_info --egg-base ../../build/qr_cam build --build-base /home/pi/arm_ws/build/qr_cam/build install --record /home/pi/arm_ws/build/qr_cam/install.log --install-scripts $base/lib/qr_cam --single-version-externally-managed install_data
[13.394s] running egg_info
[13.398s] writing ../../build/qr_cam/qr_cam.egg-info/PKG-INFO
[13.401s] writing dependency_links to ../../build/qr_cam/qr_cam.egg-info/dependency_links.txt
[13.403s] writing entry points to ../../build/qr_cam/qr_cam.egg-info/entry_points.txt
[13.406s] writing requirements to ../../build/qr_cam/qr_cam.egg-info/requires.txt
[13.407s] writing top-level names to ../../build/qr_cam/qr_cam.egg-info/top_level.txt
[13.780s] reading manifest file '../../build/qr_cam/qr_cam.egg-info/SOURCES.txt'
[13.791s] writing manifest file '../../build/qr_cam/qr_cam.egg-info/SOURCES.txt'
[13.792s] running build
[13.793s] running build_py
[13.799s] running install
[13.804s] running install_lib
[13.819s] running install_data
[13.822s] running install_egg_info
[13.837s] removing '/home/pi/arm_ws/install/qr_cam/lib/python3.8/site-packages/qr_cam-0.0.0-py3.8.egg-info' (and everything under it)
[13.841s] Copying ../../build/qr_cam/qr_cam.egg-info to /home/pi/arm_ws/install/qr_cam/lib/python3.8/site-packages/qr_cam-0.0.0-py3.8.egg-info
[13.855s] running install_scripts
[14.019s] Installing no_cam script to /home/pi/arm_ws/install/qr_cam/lib/qr_cam
[14.022s] writing list of installed files to '/home/pi/arm_ws/build/qr_cam/install.log'
[14.239s] Invoked command in '/home/pi/arm_ws/src/qr_cam' returned '0': PYTHONPATH=/home/pi/arm_ws/build/qr_cam/prefix_override:/usr/lib/python3/dist-packages/colcon_core/task/python/colcon_distutils_commands:/home/pi/arm_ws/install/qr_cam/lib/python3.8/site-packages:${PYTHONPATH} /usr/bin/python3 -W ignore:setup.py install is deprecated setup.py egg_info --egg-base ../../build/qr_cam build --build-base /home/pi/arm_ws/build/qr_cam/build install --record /home/pi/arm_ws/build/qr_cam/install.log --install-scripts $base/lib/qr_cam --single-version-externally-managed install_data
