[6.202s] Invoking command in '/home/pi/sensor_fusion/src/ros2_cv_webcam': PYTHONPATH=/home/pi/sensor_fusion/build/ros2_cv_webcam/prefix_override:/usr/lib/python3/dist-packages/colcon_core/task/python/colcon_distutils_commands:/home/pi/sensor_fusion/install/ros2_cv_webcam/lib/python3.8/site-packages:${PYTHONPATH} /usr/bin/python3 -W ignore:setup.py install is deprecated setup.py egg_info --egg-base ../../build/ros2_cv_webcam build --build-base /home/pi/sensor_fusion/build/ros2_cv_webcam/build install --record /home/pi/sensor_fusion/build/ros2_cv_webcam/install.log --install-scripts $base/lib/ros2_cv_webcam --single-version-externally-managed install_data
[8.018s] running egg_info
[8.022s] writing ../../build/ros2_cv_webcam/ros2_cv_webcam.egg-info/PKG-INFO
[8.029s] writing dependency_links to ../../build/ros2_cv_webcam/ros2_cv_webcam.egg-info/dependency_links.txt
[8.031s] writing entry points to ../../build/ros2_cv_webcam/ros2_cv_webcam.egg-info/entry_points.txt
[8.034s] writing requirements to ../../build/ros2_cv_webcam/ros2_cv_webcam.egg-info/requires.txt
[8.036s] writing top-level names to ../../build/ros2_cv_webcam/ros2_cv_webcam.egg-info/top_level.txt
[8.337s] reading manifest file '../../build/ros2_cv_webcam/ros2_cv_webcam.egg-info/SOURCES.txt'
[8.355s] writing manifest file '../../build/ros2_cv_webcam/ros2_cv_webcam.egg-info/SOURCES.txt'
[8.356s] running build
[8.356s] running build_py
[8.364s] running install
[8.365s] running install_lib
[8.391s] running install_data
[8.394s] running install_egg_info
[8.408s] removing '/home/pi/sensor_fusion/install/ros2_cv_webcam/lib/python3.8/site-packages/ros2_cv_webcam-0.0.0-py3.8.egg-info' (and everything under it)
[8.412s] Copying ../../build/ros2_cv_webcam/ros2_cv_webcam.egg-info to /home/pi/sensor_fusion/install/ros2_cv_webcam/lib/python3.8/site-packages/ros2_cv_webcam-0.0.0-py3.8.egg-info
[8.428s] running install_scripts
[8.547s] Installing img_publisher script to /home/pi/sensor_fusion/install/ros2_cv_webcam/lib/ros2_cv_webcam
[8.550s] Installing img_subscriber = ros2_cv_webcam.webcam_sub:mainqr_detect script to /home/pi/sensor_fusion/install/ros2_cv_webcam/lib/ros2_cv_webcam
[8.555s] writing list of installed files to '/home/pi/sensor_fusion/build/ros2_cv_webcam/install.log'
[8.720s] Invoked command in '/home/pi/sensor_fusion/src/ros2_cv_webcam' returned '0': PYTHONPATH=/home/pi/sensor_fusion/build/ros2_cv_webcam/prefix_override:/usr/lib/python3/dist-packages/colcon_core/task/python/colcon_distutils_commands:/home/pi/sensor_fusion/install/ros2_cv_webcam/lib/python3.8/site-packages:${PYTHONPATH} /usr/bin/python3 -W ignore:setup.py install is deprecated setup.py egg_info --egg-base ../../build/ros2_cv_webcam build --build-base /home/pi/sensor_fusion/build/ros2_cv_webcam/build install --record /home/pi/sensor_fusion/build/ros2_cv_webcam/install.log --install-scripts $base/lib/ros2_cv_webcam --single-version-externally-managed install_data
