running egg_info
creating ../../../build/mycobot_ros2_controll/mycobot_ros2_controll.egg-info
writing ../../../build/mycobot_ros2_controll/mycobot_ros2_controll.egg-info/PKG-INFO
writing dependency_links to ../../../build/mycobot_ros2_controll/mycobot_ros2_controll.egg-info/dependency_links.txt
writing entry points to ../../../build/mycobot_ros2_controll/mycobot_ros2_controll.egg-info/entry_points.txt
writing requirements to ../../../build/mycobot_ros2_controll/mycobot_ros2_controll.egg-info/requires.txt
writing top-level names to ../../../build/mycobot_ros2_controll/mycobot_ros2_controll.egg-info/top_level.txt
writing manifest file '../../../build/mycobot_ros2_controll/mycobot_ros2_controll.egg-info/SOURCES.txt'
reading manifest file '../../../build/mycobot_ros2_controll/mycobot_ros2_controll.egg-info/SOURCES.txt'
writing manifest file '../../../build/mycobot_ros2_controll/mycobot_ros2_controll.egg-info/SOURCES.txt'
running build
running build_py
creating /home/psy/2024.11.26.TurtleArm_Moveit/build/mycobot_ros2_controll/build
creating /home/psy/2024.11.26.TurtleArm_Moveit/build/mycobot_ros2_controll/build/lib
creating /home/psy/2024.11.26.TurtleArm_Moveit/build/mycobot_ros2_controll/build/lib/mycobot_ros2_controll
copying mycobot_ros2_controll/__init__.py -> /home/psy/2024.11.26.TurtleArm_Moveit/build/mycobot_ros2_controll/build/lib/mycobot_ros2_controll
copying mycobot_ros2_controll/camera_pub.py -> /home/psy/2024.11.26.TurtleArm_Moveit/build/mycobot_ros2_controll/build/lib/mycobot_ros2_controll
copying mycobot_ros2_controll/detect_cube_client.py -> /home/psy/2024.11.26.TurtleArm_Moveit/build/mycobot_ros2_controll/build/lib/mycobot_ros2_controll
copying mycobot_ros2_controll/detect_cube_hsv.py -> /home/psy/2024.11.26.TurtleArm_Moveit/build/mycobot_ros2_controll/build/lib/mycobot_ros2_controll
copying mycobot_ros2_controll/rviz_controll.py -> /home/psy/2024.11.26.TurtleArm_Moveit/build/mycobot_ros2_controll/build/lib/mycobot_ros2_controll
copying mycobot_ros2_controll/detect_cube_server.py -> /home/psy/2024.11.26.TurtleArm_Moveit/build/mycobot_ros2_controll/build/lib/mycobot_ros2_controll
running install
running install_lib
creating /home/psy/2024.11.26.TurtleArm_Moveit/install/mycobot_ros2_controll/lib/python3.10/site-packages/mycobot_ros2_controll
copying /home/psy/2024.11.26.TurtleArm_Moveit/build/mycobot_ros2_controll/build/lib/mycobot_ros2_controll/__init__.py -> /home/psy/2024.11.26.TurtleArm_Moveit/install/mycobot_ros2_controll/lib/python3.10/site-packages/mycobot_ros2_controll
copying /home/psy/2024.11.26.TurtleArm_Moveit/build/mycobot_ros2_controll/build/lib/mycobot_ros2_controll/camera_pub.py -> /home/psy/2024.11.26.TurtleArm_Moveit/install/mycobot_ros2_controll/lib/python3.10/site-packages/mycobot_ros2_controll
copying /home/psy/2024.11.26.TurtleArm_Moveit/build/mycobot_ros2_controll/build/lib/mycobot_ros2_controll/detect_cube_client.py -> /home/psy/2024.11.26.TurtleArm_Moveit/install/mycobot_ros2_controll/lib/python3.10/site-packages/mycobot_ros2_controll
copying /home/psy/2024.11.26.TurtleArm_Moveit/build/mycobot_ros2_controll/build/lib/mycobot_ros2_controll/detect_cube_hsv.py -> /home/psy/2024.11.26.TurtleArm_Moveit/install/mycobot_ros2_controll/lib/python3.10/site-packages/mycobot_ros2_controll
copying /home/psy/2024.11.26.TurtleArm_Moveit/build/mycobot_ros2_controll/build/lib/mycobot_ros2_controll/rviz_controll.py -> /home/psy/2024.11.26.TurtleArm_Moveit/install/mycobot_ros2_controll/lib/python3.10/site-packages/mycobot_ros2_controll
copying /home/psy/2024.11.26.TurtleArm_Moveit/build/mycobot_ros2_controll/build/lib/mycobot_ros2_controll/detect_cube_server.py -> /home/psy/2024.11.26.TurtleArm_Moveit/install/mycobot_ros2_controll/lib/python3.10/site-packages/mycobot_ros2_controll
byte-compiling /home/psy/2024.11.26.TurtleArm_Moveit/install/mycobot_ros2_controll/lib/python3.10/site-packages/mycobot_ros2_controll/__init__.py to __init__.cpython-310.pyc
byte-compiling /home/psy/2024.11.26.TurtleArm_Moveit/install/mycobot_ros2_controll/lib/python3.10/site-packages/mycobot_ros2_controll/camera_pub.py to camera_pub.cpython-310.pyc
byte-compiling /home/psy/2024.11.26.TurtleArm_Moveit/install/mycobot_ros2_controll/lib/python3.10/site-packages/mycobot_ros2_controll/detect_cube_client.py to detect_cube_client.cpython-310.pyc
byte-compiling /home/psy/2024.11.26.TurtleArm_Moveit/install/mycobot_ros2_controll/lib/python3.10/site-packages/mycobot_ros2_controll/detect_cube_hsv.py to detect_cube_hsv.cpython-310.pyc
byte-compiling /home/psy/2024.11.26.TurtleArm_Moveit/install/mycobot_ros2_controll/lib/python3.10/site-packages/mycobot_ros2_controll/rviz_controll.py to rviz_controll.cpython-310.pyc
byte-compiling /home/psy/2024.11.26.TurtleArm_Moveit/install/mycobot_ros2_controll/lib/python3.10/site-packages/mycobot_ros2_controll/detect_cube_server.py to detect_cube_server.cpython-310.pyc
running install_data
creating /home/psy/2024.11.26.TurtleArm_Moveit/install/mycobot_ros2_controll/share/ament_index
creating /home/psy/2024.11.26.TurtleArm_Moveit/install/mycobot_ros2_controll/share/ament_index/resource_index
creating /home/psy/2024.11.26.TurtleArm_Moveit/install/mycobot_ros2_controll/share/ament_index/resource_index/packages
copying resource/mycobot_ros2_controll -> /home/psy/2024.11.26.TurtleArm_Moveit/install/mycobot_ros2_controll/share/ament_index/resource_index/packages
copying package.xml -> /home/psy/2024.11.26.TurtleArm_Moveit/install/mycobot_ros2_controll/share/mycobot_ros2_controll
creating /home/psy/2024.11.26.TurtleArm_Moveit/install/mycobot_ros2_controll/share/mycobot_ros2_controll/launch
copying launch/rviz_controll.launch.py -> /home/psy/2024.11.26.TurtleArm_Moveit/install/mycobot_ros2_controll/share/mycobot_ros2_controll/launch
creating /home/psy/2024.11.26.TurtleArm_Moveit/install/mycobot_ros2_controll/share/mycobot_ros2_controll/config
copying config/example.yaml -> /home/psy/2024.11.26.TurtleArm_Moveit/install/mycobot_ros2_controll/share/mycobot_ros2_controll/config
running install_egg_info
Copying ../../../build/mycobot_ros2_controll/mycobot_ros2_controll.egg-info to /home/psy/2024.11.26.TurtleArm_Moveit/install/mycobot_ros2_controll/lib/python3.10/site-packages/mycobot_ros2_controll-0.0.0-py3.10.egg-info
running install_scripts
Installing cam_pub script to /home/psy/2024.11.26.TurtleArm_Moveit/install/mycobot_ros2_controll/lib/mycobot_ros2_controll
Installing detect_cube_hsv script to /home/psy/2024.11.26.TurtleArm_Moveit/install/mycobot_ros2_controll/lib/mycobot_ros2_controll
Installing detect_cube_server script to /home/psy/2024.11.26.TurtleArm_Moveit/install/mycobot_ros2_controll/lib/mycobot_ros2_controll
Installing rviz_controll script to /home/psy/2024.11.26.TurtleArm_Moveit/install/mycobot_ros2_controll/lib/mycobot_ros2_controll
writing list of installed files to '/home/psy/2024.11.26.TurtleArm_Moveit/build/mycobot_ros2_controll/install.log'
