[10.889s] Invoking command in '/home/pi/arm_ws/src/turtle_con': PYTHONPATH=/home/pi/arm_ws/build/turtle_con/prefix_override:/usr/lib/python3/dist-packages/colcon_core/task/python/colcon_distutils_commands:/home/pi/arm_ws/install/turtle_con/lib/python3.8/site-packages:${PYTHONPATH} /usr/bin/python3 -W ignore:setup.py install is deprecated setup.py egg_info --egg-base ../../build/turtle_con build --build-base /home/pi/arm_ws/build/turtle_con/build install --record /home/pi/arm_ws/build/turtle_con/install.log --install-scripts $base/lib/turtle_con --single-version-externally-managed install_data
[13.778s] running egg_info
[13.784s] writing ../../build/turtle_con/turtle_con.egg-info/PKG-INFO
[13.786s] writing dependency_links to ../../build/turtle_con/turtle_con.egg-info/dependency_links.txt
[13.789s] writing entry points to ../../build/turtle_con/turtle_con.egg-info/entry_points.txt
[13.790s] writing requirements to ../../build/turtle_con/turtle_con.egg-info/requires.txt
[13.791s] writing top-level names to ../../build/turtle_con/turtle_con.egg-info/top_level.txt
[14.176s] reading manifest file '../../build/turtle_con/turtle_con.egg-info/SOURCES.txt'
[14.186s] writing manifest file '../../build/turtle_con/turtle_con.egg-info/SOURCES.txt'
[14.188s] running build
[14.189s] running build_py
[14.191s] copying turtle_con/with_qr.py -> /home/pi/arm_ws/build/turtle_con/build/lib/turtle_con
[14.207s] running install
[14.219s] running install_lib
[14.220s] copying /home/pi/arm_ws/build/turtle_con/build/lib/turtle_con/with_qr.py -> /home/pi/arm_ws/install/turtle_con/lib/python3.8/site-packages/turtle_con
[14.230s] byte-compiling /home/pi/arm_ws/install/turtle_con/lib/python3.8/site-packages/turtle_con/with_qr.py to with_qr.cpython-38.pyc
[14.250s] running install_data
[14.252s] running install_egg_info
[14.269s] removing '/home/pi/arm_ws/install/turtle_con/lib/python3.8/site-packages/turtle_con-0.0.0-py3.8.egg-info' (and everything under it)
[14.274s] Copying ../../build/turtle_con/turtle_con.egg-info to /home/pi/arm_ws/install/turtle_con/lib/python3.8/site-packages/turtle_con-0.0.0-py3.8.egg-info
[14.288s] running install_scripts
[14.503s] Installing turtle_ros2_con script to /home/pi/arm_ws/install/turtle_con/lib/turtle_con
[14.506s] Installing with_qr script to /home/pi/arm_ws/install/turtle_con/lib/turtle_con
[14.514s] writing list of installed files to '/home/pi/arm_ws/build/turtle_con/install.log'
[14.741s] Invoked command in '/home/pi/arm_ws/src/turtle_con' returned '0': PYTHONPATH=/home/pi/arm_ws/build/turtle_con/prefix_override:/usr/lib/python3/dist-packages/colcon_core/task/python/colcon_distutils_commands:/home/pi/arm_ws/install/turtle_con/lib/python3.8/site-packages:${PYTHONPATH} /usr/bin/python3 -W ignore:setup.py install is deprecated setup.py egg_info --egg-base ../../build/turtle_con build --build-base /home/pi/arm_ws/build/turtle_con/build install --record /home/pi/arm_ws/build/turtle_con/install.log --install-scripts $base/lib/turtle_con --single-version-externally-managed install_data
