[6.250s] Invoking command in '/home/pi/sensor_fusion/src/lidar_object': PYTHONPATH=/home/pi/sensor_fusion/build/lidar_object/prefix_override:/usr/lib/python3/dist-packages/colcon_core/task/python/colcon_distutils_commands:/home/pi/sensor_fusion/install/lidar_object/lib/python3.8/site-packages:${PYTHONPATH} /usr/bin/python3 -W ignore:setup.py install is deprecated setup.py egg_info --egg-base ../../build/lidar_object build --build-base /home/pi/sensor_fusion/build/lidar_object/build install --record /home/pi/sensor_fusion/build/lidar_object/install.log --install-scripts $base/lib/lidar_object --single-version-externally-managed install_data
[7.862s] running egg_info
[7.864s] creating ../../build/lidar_object/lidar_object.egg-info
[7.865s] writing ../../build/lidar_object/lidar_object.egg-info/PKG-INFO
[7.867s] writing dependency_links to ../../build/lidar_object/lidar_object.egg-info/dependency_links.txt
[7.868s] writing entry points to ../../build/lidar_object/lidar_object.egg-info/entry_points.txt
[7.870s] writing requirements to ../../build/lidar_object/lidar_object.egg-info/requires.txt
[7.870s] writing top-level names to ../../build/lidar_object/lidar_object.egg-info/top_level.txt
[7.878s] writing manifest file '../../build/lidar_object/lidar_object.egg-info/SOURCES.txt'
[8.042s] reading manifest file '../../build/lidar_object/lidar_object.egg-info/SOURCES.txt'
[8.046s] writing manifest file '../../build/lidar_object/lidar_object.egg-info/SOURCES.txt'
[8.048s] running build
[8.049s] running build_py
[8.051s] creating /home/pi/sensor_fusion/build/lidar_object/build
[8.052s] creating /home/pi/sensor_fusion/build/lidar_object/build/lib
[8.055s] creating /home/pi/sensor_fusion/build/lidar_object/build/lib/lidar_object
[8.056s] copying lidar_object/detection_lidar.py -> /home/pi/sensor_fusion/build/lidar_object/build/lib/lidar_object
[8.057s] copying lidar_object/__init__.py -> /home/pi/sensor_fusion/build/lidar_object/build/lib/lidar_object
[8.059s] running install
[8.061s] running install_lib
[8.070s] creating /home/pi/sensor_fusion/install/lidar_object/lib/python3.8/site-packages/lidar_object
[8.071s] copying /home/pi/sensor_fusion/build/lidar_object/build/lib/lidar_object/detection_lidar.py -> /home/pi/sensor_fusion/install/lidar_object/lib/python3.8/site-packages/lidar_object
[8.076s] copying /home/pi/sensor_fusion/build/lidar_object/build/lib/lidar_object/__init__.py -> /home/pi/sensor_fusion/install/lidar_object/lib/python3.8/site-packages/lidar_object
[8.078s] byte-compiling /home/pi/sensor_fusion/install/lidar_object/lib/python3.8/site-packages/lidar_object/detection_lidar.py to detection_lidar.cpython-38.pyc
[8.088s] byte-compiling /home/pi/sensor_fusion/install/lidar_object/lib/python3.8/site-packages/lidar_object/__init__.py to __init__.cpython-38.pyc
[8.095s] running install_data
[8.096s] creating /home/pi/sensor_fusion/install/lidar_object/share/ament_index
[8.103s] creating /home/pi/sensor_fusion/install/lidar_object/share/ament_index/resource_index
[8.107s] creating /home/pi/sensor_fusion/install/lidar_object/share/ament_index/resource_index/packages
[8.108s] copying resource/lidar_object -> /home/pi/sensor_fusion/install/lidar_object/share/ament_index/resource_index/packages
[8.109s] copying package.xml -> /home/pi/sensor_fusion/install/lidar_object/share/lidar_object
[8.109s] running install_egg_info
[8.110s] Copying ../../build/lidar_object/lidar_object.egg-info to /home/pi/sensor_fusion/install/lidar_object/lib/python3.8/site-packages/lidar_object-0.0.0-py3.8.egg-info
[8.112s] running install_scripts
[8.218s] Installing detection script to /home/pi/sensor_fusion/install/lidar_object/lib/lidar_object
[8.223s] writing list of installed files to '/home/pi/sensor_fusion/build/lidar_object/install.log'
[8.491s] Invoked command in '/home/pi/sensor_fusion/src/lidar_object' returned '0': PYTHONPATH=/home/pi/sensor_fusion/build/lidar_object/prefix_override:/usr/lib/python3/dist-packages/colcon_core/task/python/colcon_distutils_commands:/home/pi/sensor_fusion/install/lidar_object/lib/python3.8/site-packages:${PYTHONPATH} /usr/bin/python3 -W ignore:setup.py install is deprecated setup.py egg_info --egg-base ../../build/lidar_object build --build-base /home/pi/sensor_fusion/build/lidar_object/build install --record /home/pi/sensor_fusion/build/lidar_object/install.log --install-scripts $base/lib/lidar_object --single-version-externally-managed install_data
