[0.954s] Invoking command in '/home/kmw/trees_ws/src/tree_apply': CONDA_PROMPT_MODIFIER=(ros2_py310) PYTHONPATH=/home/kmw/trees_ws/build/tree_apply/prefix_override:/usr/lib/python3/dist-packages/colcon_core/task/python/colcon_distutils_commands:/home/kmw/trees_ws/install/tree_apply/lib/python3.10/site-packages:${PYTHONPATH} /usr/bin/python3 -W ignore:setup.py install is deprecated -W ignore:easy_install command is deprecated setup.py egg_info --egg-base ../../build/tree_apply build --build-base /home/kmw/trees_ws/build/tree_apply/build install --record /home/kmw/trees_ws/build/tree_apply/install.log --single-version-externally-managed install_data
[1.131s] /home/kmw/miniconda3/envs/ros2_py310/lib/python3.10/site-packages/setuptools/_distutils/dist.py:261: UserWarning: Unknown distribution option: 'tests_require'
[1.132s]   warnings.warn(msg)
[1.251s] running egg_info
[1.270s] writing ../../build/tree_apply/tree_apply.egg-info/PKG-INFO
[1.270s] writing dependency_links to ../../build/tree_apply/tree_apply.egg-info/dependency_links.txt
[1.271s] writing entry points to ../../build/tree_apply/tree_apply.egg-info/entry_points.txt
[1.271s] writing requirements to ../../build/tree_apply/tree_apply.egg-info/requires.txt
[1.271s] writing top-level names to ../../build/tree_apply/tree_apply.egg-info/top_level.txt
[1.311s] reading manifest file '../../build/tree_apply/tree_apply.egg-info/SOURCES.txt'
[1.313s] writing manifest file '../../build/tree_apply/tree_apply.egg-info/SOURCES.txt'
[1.313s] running build
[1.313s] running build_py
[1.313s] copying tree_apply/__init__.py -> /home/kmw/trees_ws/build/tree_apply/build/lib/tree_apply
[1.313s] copying tree_apply/cobot_node.py -> /home/kmw/trees_ws/build/tree_apply/build/lib/tree_apply
[1.313s] copying tree_apply/bt_executor.py -> /home/kmw/trees_ws/build/tree_apply/build/lib/tree_apply
[1.314s] running install
[1.318s] running install_lib
[1.340s] running install_data
[1.340s] copying resource/tree_apply -> /home/kmw/trees_ws/install/tree_apply/share/ament_index/resource_index/packages
[1.340s] copying package.xml -> /home/kmw/trees_ws/install/tree_apply/share/tree_apply
[1.340s] running install_egg_info
[1.361s] removing '/home/kmw/trees_ws/install/tree_apply/lib/python3.10/site-packages/tree_apply-0.0.0-py3.10.egg-info' (and everything under it)
[1.361s] Copying ../../build/tree_apply/tree_apply.egg-info to /home/kmw/trees_ws/install/tree_apply/lib/python3.10/site-packages/tree_apply-0.0.0-py3.10.egg-info
[1.362s] running install_scripts
[1.517s] Installing bt script to /home/kmw/trees_ws/install/tree_apply/lib/tree_apply
[1.517s] Installing cobot_node script to /home/kmw/trees_ws/install/tree_apply/lib/tree_apply
[1.518s] writing list of installed files to '/home/kmw/trees_ws/build/tree_apply/install.log'
[1.548s] Invoked command in '/home/kmw/trees_ws/src/tree_apply' returned '0': CONDA_PROMPT_MODIFIER=(ros2_py310) PYTHONPATH=/home/kmw/trees_ws/build/tree_apply/prefix_override:/usr/lib/python3/dist-packages/colcon_core/task/python/colcon_distutils_commands:/home/kmw/trees_ws/install/tree_apply/lib/python3.10/site-packages:${PYTHONPATH} /usr/bin/python3 -W ignore:setup.py install is deprecated -W ignore:easy_install command is deprecated setup.py egg_info --egg-base ../../build/tree_apply build --build-base /home/kmw/trees_ws/build/tree_apply/build install --record /home/kmw/trees_ws/build/tree_apply/install.log --single-version-externally-managed install_data
