running egg_info
creating ../../build/ros2_cv_cam/ros2_cv_cam.egg-info
writing ../../build/ros2_cv_cam/ros2_cv_cam.egg-info/PKG-INFO
writing dependency_links to ../../build/ros2_cv_cam/ros2_cv_cam.egg-info/dependency_links.txt
writing entry points to ../../build/ros2_cv_cam/ros2_cv_cam.egg-info/entry_points.txt
writing requirements to ../../build/ros2_cv_cam/ros2_cv_cam.egg-info/requires.txt
writing top-level names to ../../build/ros2_cv_cam/ros2_cv_cam.egg-info/top_level.txt
writing manifest file '../../build/ros2_cv_cam/ros2_cv_cam.egg-info/SOURCES.txt'
reading manifest file '../../build/ros2_cv_cam/ros2_cv_cam.egg-info/SOURCES.txt'
writing manifest file '../../build/ros2_cv_cam/ros2_cv_cam.egg-info/SOURCES.txt'
running build
running build_py
creating /home/kmw/cam_ws/build/ros2_cv_cam/build
creating /home/kmw/cam_ws/build/ros2_cv_cam/build/lib
creating /home/kmw/cam_ws/build/ros2_cv_cam/build/lib/ros2_cv_cam
copying ros2_cv_cam/cam_sub.py -> /home/kmw/cam_ws/build/ros2_cv_cam/build/lib/ros2_cv_cam
copying ros2_cv_cam/__init__.py -> /home/kmw/cam_ws/build/ros2_cv_cam/build/lib/ros2_cv_cam
running install
running install_lib
creating /home/kmw/cam_ws/install/ros2_cv_cam/lib/python3.10/site-packages/ros2_cv_cam
copying /home/kmw/cam_ws/build/ros2_cv_cam/build/lib/ros2_cv_cam/cam_sub.py -> /home/kmw/cam_ws/install/ros2_cv_cam/lib/python3.10/site-packages/ros2_cv_cam
copying /home/kmw/cam_ws/build/ros2_cv_cam/build/lib/ros2_cv_cam/__init__.py -> /home/kmw/cam_ws/install/ros2_cv_cam/lib/python3.10/site-packages/ros2_cv_cam
byte-compiling /home/kmw/cam_ws/install/ros2_cv_cam/lib/python3.10/site-packages/ros2_cv_cam/cam_sub.py to cam_sub.cpython-310.pyc
byte-compiling /home/kmw/cam_ws/install/ros2_cv_cam/lib/python3.10/site-packages/ros2_cv_cam/__init__.py to __init__.cpython-310.pyc
running install_data
creating /home/kmw/cam_ws/install/ros2_cv_cam/share/ament_index
creating /home/kmw/cam_ws/install/ros2_cv_cam/share/ament_index/resource_index
creating /home/kmw/cam_ws/install/ros2_cv_cam/share/ament_index/resource_index/packages
copying resource/ros2_cv_cam -> /home/kmw/cam_ws/install/ros2_cv_cam/share/ament_index/resource_index/packages
copying package.xml -> /home/kmw/cam_ws/install/ros2_cv_cam/share/ros2_cv_cam
running install_egg_info
Copying ../../build/ros2_cv_cam/ros2_cv_cam.egg-info to /home/kmw/cam_ws/install/ros2_cv_cam/lib/python3.10/site-packages/ros2_cv_cam-0.0.0-py3.10.egg-info
running install_scripts
Installing img_sub script to /home/kmw/cam_ws/install/ros2_cv_cam/lib/ros2_cv_cam
writing list of installed files to '/home/kmw/cam_ws/build/ros2_cv_cam/install.log'
