[2.159s] DEBUG:colcon:Command line arguments: ['/usr/bin/colcon', 'build']
[2.160s] DEBUG:colcon:Parsed command line arguments: Namespace(allow_overriding=[], ament_cmake_args=None, base_paths=['.'], build_base='build', catkin_cmake_args=None, catkin_skip_building_tests=False, cmake_args=None, cmake_clean_cache=False, cmake_clean_first=False, cmake_force_configure=False, cmake_target=None, cmake_target_skip_unavailable=False, continue_on_error=False, event_handlers=None, executor='parallel', ignore_user_meta=False, install_base='install', log_base=None, log_level=None, main=<bound method BuildVerb.main of <colcon_core.verb.build.BuildVerb object at 0xffffa2d341c0>>, merge_install=False, metas=['./colcon.meta'], mixin=None, mixin_files=None, mixin_verb=('build',), packages_above=None, packages_above_and_dependencies=None, packages_above_depth=None, packages_end=None, packages_ignore=None, packages_ignore_regex=None, packages_select=None, packages_select_build_failed=False, packages_select_by_dep=None, packages_select_regex=None, packages_select_test_failures=False, packages_skip=None, packages_skip_build_finished=False, packages_skip_by_dep=None, packages_skip_regex=None, packages_skip_test_passed=False, packages_skip_up_to=None, packages_start=None, packages_up_to=None, packages_up_to_regex=None, parallel_workers=4, paths=None, symlink_install=False, test_result_base=None, verb_extension=<colcon_core.verb.build.BuildVerb object at 0xffffa2d341c0>, verb_name='build', verb_parser=<colcon_mixin.mixin.mixin_argument.MixinArgumentDecorator object at 0xffffa2c1d0a0>)
[3.640s] Level 1:colcon.colcon_core.package_discovery:discover_packages(colcon_meta) check parameters
[3.641s] Level 1:colcon.colcon_core.package_discovery:discover_packages(recursive) check parameters
[3.642s] Level 1:colcon.colcon_core.package_discovery:discover_packages(ignore) check parameters
[3.642s] Level 1:colcon.colcon_core.package_discovery:discover_packages(path) check parameters
[3.642s] Level 1:colcon.colcon_core.package_discovery:discover_packages(colcon_meta) discover
[3.643s] Level 1:colcon.colcon_core.package_discovery:discover_packages(recursive) discover
[3.643s] INFO:colcon.colcon_core.package_discovery:Crawling recursively for packages in '/home/pi/arm_ws'
[3.644s] Level 1:colcon.colcon_core.package_identification:_identify(.) by extensions ['ignore', 'ignore_ament_install']
[3.645s] Level 1:colcon.colcon_core.package_identification:_identify(.) by extension 'ignore'
[3.646s] Level 1:colcon.colcon_core.package_identification:_identify(.) by extension 'ignore_ament_install'
[3.646s] Level 1:colcon.colcon_core.package_identification:_identify(.) by extensions ['colcon_pkg']
[3.647s] Level 1:colcon.colcon_core.package_identification:_identify(.) by extension 'colcon_pkg'
[3.647s] Level 1:colcon.colcon_core.package_identification:_identify(.) by extensions ['colcon_meta']
[3.647s] Level 1:colcon.colcon_core.package_identification:_identify(.) by extension 'colcon_meta'
[3.648s] Level 1:colcon.colcon_core.package_identification:_identify(.) by extensions ['ros']
[3.648s] Level 1:colcon.colcon_core.package_identification:_identify(.) by extension 'ros'
[3.760s] Level 1:colcon.colcon_core.package_identification:_identify(.) by extensions ['cmake', 'python']
[3.761s] Level 1:colcon.colcon_core.package_identification:_identify(.) by extension 'cmake'
[3.762s] Level 1:colcon.colcon_core.package_identification:_identify(.) by extension 'python'
[3.762s] Level 1:colcon.colcon_core.package_identification:_identify(.) by extensions ['python_setup_py']
[3.762s] Level 1:colcon.colcon_core.package_identification:_identify(.) by extension 'python_setup_py'
[3.764s] Level 1:colcon.colcon_core.package_identification:_identify(FTServo_Python) by extensions ['ignore', 'ignore_ament_install']
[3.765s] Level 1:colcon.colcon_core.package_identification:_identify(FTServo_Python) by extension 'ignore'
[3.765s] Level 1:colcon.colcon_core.package_identification:_identify(FTServo_Python) by extension 'ignore_ament_install'
[3.766s] Level 1:colcon.colcon_core.package_identification:_identify(FTServo_Python) by extensions ['colcon_pkg']
[3.766s] Level 1:colcon.colcon_core.package_identification:_identify(FTServo_Python) by extension 'colcon_pkg'
[3.767s] Level 1:colcon.colcon_core.package_identification:_identify(FTServo_Python) by extensions ['colcon_meta']
[3.767s] Level 1:colcon.colcon_core.package_identification:_identify(FTServo_Python) by extension 'colcon_meta'
[3.767s] Level 1:colcon.colcon_core.package_identification:_identify(FTServo_Python) by extensions ['ros']
[3.768s] Level 1:colcon.colcon_core.package_identification:_identify(FTServo_Python) by extension 'ros'
[3.769s] Level 1:colcon.colcon_core.package_identification:_identify(FTServo_Python) by extensions ['cmake', 'python']
[3.769s] Level 1:colcon.colcon_core.package_identification:_identify(FTServo_Python) by extension 'cmake'
[3.769s] Level 1:colcon.colcon_core.package_identification:_identify(FTServo_Python) by extension 'python'
[3.770s] Level 1:colcon.colcon_core.package_identification:_identify(FTServo_Python) by extensions ['python_setup_py']
[3.770s] Level 1:colcon.colcon_core.package_identification:_identify(FTServo_Python) by extension 'python_setup_py'
[3.771s] Level 1:colcon.colcon_core.package_identification:_identify(FTServo_Python/scscl) by extensions ['ignore', 'ignore_ament_install']
[3.772s] Level 1:colcon.colcon_core.package_identification:_identify(FTServo_Python/scscl) by extension 'ignore'
[3.773s] Level 1:colcon.colcon_core.package_identification:_identify(FTServo_Python/scscl) by extension 'ignore_ament_install'
[3.774s] Level 1:colcon.colcon_core.package_identification:_identify(FTServo_Python/scscl) by extensions ['colcon_pkg']
[3.774s] Level 1:colcon.colcon_core.package_identification:_identify(FTServo_Python/scscl) by extension 'colcon_pkg'
[3.774s] Level 1:colcon.colcon_core.package_identification:_identify(FTServo_Python/scscl) by extensions ['colcon_meta']
[3.775s] Level 1:colcon.colcon_core.package_identification:_identify(FTServo_Python/scscl) by extension 'colcon_meta'
[3.775s] Level 1:colcon.colcon_core.package_identification:_identify(FTServo_Python/scscl) by extensions ['ros']
[3.775s] Level 1:colcon.colcon_core.package_identification:_identify(FTServo_Python/scscl) by extension 'ros'
[3.776s] Level 1:colcon.colcon_core.package_identification:_identify(FTServo_Python/scscl) by extensions ['cmake', 'python']
[3.777s] Level 1:colcon.colcon_core.package_identification:_identify(FTServo_Python/scscl) by extension 'cmake'
[3.777s] Level 1:colcon.colcon_core.package_identification:_identify(FTServo_Python/scscl) by extension 'python'
[3.778s] Level 1:colcon.colcon_core.package_identification:_identify(FTServo_Python/scscl) by extensions ['python_setup_py']
[3.778s] Level 1:colcon.colcon_core.package_identification:_identify(FTServo_Python/scscl) by extension 'python_setup_py'
[3.779s] Level 1:colcon.colcon_core.package_identification:_identify(FTServo_Python/scservo_sdk) by extensions ['ignore', 'ignore_ament_install']
[3.780s] Level 1:colcon.colcon_core.package_identification:_identify(FTServo_Python/scservo_sdk) by extension 'ignore'
[3.781s] Level 1:colcon.colcon_core.package_identification:_identify(FTServo_Python/scservo_sdk) by extension 'ignore_ament_install'
[3.781s] Level 1:colcon.colcon_core.package_identification:_identify(FTServo_Python/scservo_sdk) by extensions ['colcon_pkg']
[3.781s] Level 1:colcon.colcon_core.package_identification:_identify(FTServo_Python/scservo_sdk) by extension 'colcon_pkg'
[3.782s] Level 1:colcon.colcon_core.package_identification:_identify(FTServo_Python/scservo_sdk) by extensions ['colcon_meta']
[3.782s] Level 1:colcon.colcon_core.package_identification:_identify(FTServo_Python/scservo_sdk) by extension 'colcon_meta'
[3.783s] Level 1:colcon.colcon_core.package_identification:_identify(FTServo_Python/scservo_sdk) by extensions ['ros']
[3.783s] Level 1:colcon.colcon_core.package_identification:_identify(FTServo_Python/scservo_sdk) by extension 'ros'
[3.784s] Level 1:colcon.colcon_core.package_identification:_identify(FTServo_Python/scservo_sdk) by extensions ['cmake', 'python']
[3.784s] Level 1:colcon.colcon_core.package_identification:_identify(FTServo_Python/scservo_sdk) by extension 'cmake'
[3.785s] Level 1:colcon.colcon_core.package_identification:_identify(FTServo_Python/scservo_sdk) by extension 'python'
[3.785s] Level 1:colcon.colcon_core.package_identification:_identify(FTServo_Python/scservo_sdk) by extensions ['python_setup_py']
[3.786s] Level 1:colcon.colcon_core.package_identification:_identify(FTServo_Python/scservo_sdk) by extension 'python_setup_py'
[3.787s] Level 1:colcon.colcon_core.package_identification:_identify(FTServo_Python/sms_sts) by extensions ['ignore', 'ignore_ament_install']
[3.788s] Level 1:colcon.colcon_core.package_identification:_identify(FTServo_Python/sms_sts) by extension 'ignore'
[3.788s] Level 1:colcon.colcon_core.package_identification:_identify(FTServo_Python/sms_sts) by extension 'ignore_ament_install'
[3.789s] Level 1:colcon.colcon_core.package_identification:_identify(FTServo_Python/sms_sts) by extensions ['colcon_pkg']
[3.789s] Level 1:colcon.colcon_core.package_identification:_identify(FTServo_Python/sms_sts) by extension 'colcon_pkg'
[3.790s] Level 1:colcon.colcon_core.package_identification:_identify(FTServo_Python/sms_sts) by extensions ['colcon_meta']
[3.790s] Level 1:colcon.colcon_core.package_identification:_identify(FTServo_Python/sms_sts) by extension 'colcon_meta'
[3.790s] Level 1:colcon.colcon_core.package_identification:_identify(FTServo_Python/sms_sts) by extensions ['ros']
[3.791s] Level 1:colcon.colcon_core.package_identification:_identify(FTServo_Python/sms_sts) by extension 'ros'
[3.792s] Level 1:colcon.colcon_core.package_identification:_identify(FTServo_Python/sms_sts) by extensions ['cmake', 'python']
[3.792s] Level 1:colcon.colcon_core.package_identification:_identify(FTServo_Python/sms_sts) by extension 'cmake'
[3.792s] Level 1:colcon.colcon_core.package_identification:_identify(FTServo_Python/sms_sts) by extension 'python'
[3.793s] Level 1:colcon.colcon_core.package_identification:_identify(FTServo_Python/sms_sts) by extensions ['python_setup_py']
[3.793s] Level 1:colcon.colcon_core.package_identification:_identify(FTServo_Python/sms_sts) by extension 'python_setup_py'
[3.794s] Level 1:colcon.colcon_core.package_identification:_identify(FTServo_Python/sms_sts/build) by extensions ['ignore', 'ignore_ament_install']
[3.795s] Level 1:colcon.colcon_core.package_identification:_identify(FTServo_Python/sms_sts/build) by extension 'ignore'
[3.795s] Level 1:colcon.colcon_core.package_identification:_identify(FTServo_Python/sms_sts/build) ignored
[3.797s] Level 1:colcon.colcon_core.package_identification:_identify(FTServo_Python/sms_sts/install) by extensions ['ignore', 'ignore_ament_install']
[3.798s] Level 1:colcon.colcon_core.package_identification:_identify(FTServo_Python/sms_sts/install) by extension 'ignore'
[3.798s] Level 1:colcon.colcon_core.package_identification:_identify(FTServo_Python/sms_sts/install) ignored
[3.800s] Level 1:colcon.colcon_core.package_identification:_identify(FTServo_Python/sms_sts/log) by extensions ['ignore', 'ignore_ament_install']
[3.800s] Level 1:colcon.colcon_core.package_identification:_identify(FTServo_Python/sms_sts/log) by extension 'ignore'
[3.801s] Level 1:colcon.colcon_core.package_identification:_identify(FTServo_Python/sms_sts/log) ignored
[3.802s] Level 1:colcon.colcon_core.package_identification:_identify(FTServo_Python/sms_sts/src) by extensions ['ignore', 'ignore_ament_install']
[3.803s] Level 1:colcon.colcon_core.package_identification:_identify(FTServo_Python/sms_sts/src) by extension 'ignore'
[3.803s] Level 1:colcon.colcon_core.package_identification:_identify(FTServo_Python/sms_sts/src) by extension 'ignore_ament_install'
[3.804s] Level 1:colcon.colcon_core.package_identification:_identify(FTServo_Python/sms_sts/src) by extensions ['colcon_pkg']
[3.804s] Level 1:colcon.colcon_core.package_identification:_identify(FTServo_Python/sms_sts/src) by extension 'colcon_pkg'
[3.805s] Level 1:colcon.colcon_core.package_identification:_identify(FTServo_Python/sms_sts/src) by extensions ['colcon_meta']
[3.805s] Level 1:colcon.colcon_core.package_identification:_identify(FTServo_Python/sms_sts/src) by extension 'colcon_meta'
[3.806s] Level 1:colcon.colcon_core.package_identification:_identify(FTServo_Python/sms_sts/src) by extensions ['ros']
[3.806s] Level 1:colcon.colcon_core.package_identification:_identify(FTServo_Python/sms_sts/src) by extension 'ros'
[3.807s] Level 1:colcon.colcon_core.package_identification:_identify(FTServo_Python/sms_sts/src) by extensions ['cmake', 'python']
[3.807s] Level 1:colcon.colcon_core.package_identification:_identify(FTServo_Python/sms_sts/src) by extension 'cmake'
[3.808s] Level 1:colcon.colcon_core.package_identification:_identify(FTServo_Python/sms_sts/src) by extension 'python'
[3.808s] Level 1:colcon.colcon_core.package_identification:_identify(FTServo_Python/sms_sts/src) by extensions ['python_setup_py']
[3.808s] Level 1:colcon.colcon_core.package_identification:_identify(FTServo_Python/sms_sts/src) by extension 'python_setup_py'
[3.810s] Level 1:colcon.colcon_core.package_identification:_identify(build) by extensions ['ignore', 'ignore_ament_install']
[3.810s] Level 1:colcon.colcon_core.package_identification:_identify(build) by extension 'ignore'
[3.811s] Level 1:colcon.colcon_core.package_identification:_identify(build) ignored
[3.812s] Level 1:colcon.colcon_core.package_identification:_identify(install) by extensions ['ignore', 'ignore_ament_install']
[3.813s] Level 1:colcon.colcon_core.package_identification:_identify(install) by extension 'ignore'
[3.813s] Level 1:colcon.colcon_core.package_identification:_identify(install) ignored
[3.815s] Level 1:colcon.colcon_core.package_identification:_identify(log) by extensions ['ignore', 'ignore_ament_install']
[3.816s] Level 1:colcon.colcon_core.package_identification:_identify(log) by extension 'ignore'
[3.816s] Level 1:colcon.colcon_core.package_identification:_identify(log) ignored
[3.817s] Level 1:colcon.colcon_core.package_identification:_identify(src) by extensions ['ignore', 'ignore_ament_install']
[3.818s] Level 1:colcon.colcon_core.package_identification:_identify(src) by extension 'ignore'
[3.818s] Level 1:colcon.colcon_core.package_identification:_identify(src) by extension 'ignore_ament_install'
[3.819s] Level 1:colcon.colcon_core.package_identification:_identify(src) by extensions ['colcon_pkg']
[3.819s] Level 1:colcon.colcon_core.package_identification:_identify(src) by extension 'colcon_pkg'
[3.819s] Level 1:colcon.colcon_core.package_identification:_identify(src) by extensions ['colcon_meta']
[3.820s] Level 1:colcon.colcon_core.package_identification:_identify(src) by extension 'colcon_meta'
[3.820s] Level 1:colcon.colcon_core.package_identification:_identify(src) by extensions ['ros']
[3.821s] Level 1:colcon.colcon_core.package_identification:_identify(src) by extension 'ros'
[3.821s] Level 1:colcon.colcon_core.package_identification:_identify(src) by extensions ['cmake', 'python']
[3.822s] Level 1:colcon.colcon_core.package_identification:_identify(src) by extension 'cmake'
[3.822s] Level 1:colcon.colcon_core.package_identification:_identify(src) by extension 'python'
[3.823s] Level 1:colcon.colcon_core.package_identification:_identify(src) by extensions ['python_setup_py']
[3.823s] Level 1:colcon.colcon_core.package_identification:_identify(src) by extension 'python_setup_py'
[3.824s] Level 1:colcon.colcon_core.package_identification:_identify(src/turtle_con) by extensions ['ignore', 'ignore_ament_install']
[3.825s] Level 1:colcon.colcon_core.package_identification:_identify(src/turtle_con) by extension 'ignore'
[3.825s] Level 1:colcon.colcon_core.package_identification:_identify(src/turtle_con) by extension 'ignore_ament_install'
[3.826s] Level 1:colcon.colcon_core.package_identification:_identify(src/turtle_con) by extensions ['colcon_pkg']
[3.826s] Level 1:colcon.colcon_core.package_identification:_identify(src/turtle_con) by extension 'colcon_pkg'
[3.827s] Level 1:colcon.colcon_core.package_identification:_identify(src/turtle_con) by extensions ['colcon_meta']
[3.827s] Level 1:colcon.colcon_core.package_identification:_identify(src/turtle_con) by extension 'colcon_meta'
[3.828s] Level 1:colcon.colcon_core.package_identification:_identify(src/turtle_con) by extensions ['ros']
[3.828s] Level 1:colcon.colcon_core.package_identification:_identify(src/turtle_con) by extension 'ros'
[3.848s] DEBUG:colcon.colcon_core.package_identification:Package 'src/turtle_con' with type 'ros.ament_python' and name 'turtle_con'
[3.849s] Level 1:colcon.colcon_core.package_discovery:discover_packages(recursive) using defaults
[3.849s] Level 1:colcon.colcon_core.package_discovery:discover_packages(ignore) discover
[3.850s] Level 1:colcon.colcon_core.package_discovery:discover_packages(ignore) using defaults
[3.850s] Level 1:colcon.colcon_core.package_discovery:discover_packages(path) discover
[3.850s] Level 1:colcon.colcon_core.package_discovery:discover_packages(path) using defaults
[3.998s] Level 1:colcon.colcon_core.package_discovery:discover_packages(prefix_path) check parameters
[3.998s] Level 1:colcon.colcon_core.package_discovery:discover_packages(prefix_path) discover
[4.016s] DEBUG:colcon.colcon_installed_package_information.package_discovery:Found 1 installed packages in /home/pi/arm_ws/install
[4.040s] DEBUG:colcon.colcon_installed_package_information.package_discovery:Found 299 installed packages in /opt/ros/foxy
[4.070s] Level 1:colcon.colcon_core.package_discovery:discover_packages(prefix_path) using defaults
[5.131s] Level 5:colcon.colcon_core.verb:set package 'turtle_con' build argument 'cmake_args' from command line to 'None'
[5.131s] Level 5:colcon.colcon_core.verb:set package 'turtle_con' build argument 'cmake_target' from command line to 'None'
[5.132s] Level 5:colcon.colcon_core.verb:set package 'turtle_con' build argument 'cmake_target_skip_unavailable' from command line to 'False'
[5.132s] Level 5:colcon.colcon_core.verb:set package 'turtle_con' build argument 'cmake_clean_cache' from command line to 'False'
[5.132s] Level 5:colcon.colcon_core.verb:set package 'turtle_con' build argument 'cmake_clean_first' from command line to 'False'
[5.133s] Level 5:colcon.colcon_core.verb:set package 'turtle_con' build argument 'cmake_force_configure' from command line to 'False'
[5.133s] Level 5:colcon.colcon_core.verb:set package 'turtle_con' build argument 'ament_cmake_args' from command line to 'None'
[5.133s] Level 5:colcon.colcon_core.verb:set package 'turtle_con' build argument 'catkin_cmake_args' from command line to 'None'
[5.134s] Level 5:colcon.colcon_core.verb:set package 'turtle_con' build argument 'catkin_skip_building_tests' from command line to 'False'
[5.134s] DEBUG:colcon.colcon_core.verb:Building package 'turtle_con' with the following arguments: {'ament_cmake_args': None, 'build_base': '/home/pi/arm_ws/build/turtle_con', 'catkin_cmake_args': None, 'catkin_skip_building_tests': False, 'cmake_args': None, 'cmake_clean_cache': False, 'cmake_clean_first': False, 'cmake_force_configure': False, 'cmake_target': None, 'cmake_target_skip_unavailable': False, 'install_base': '/home/pi/arm_ws/install/turtle_con', 'merge_install': False, 'path': '/home/pi/arm_ws/src/turtle_con', 'symlink_install': False, 'test_result_base': None}
[5.135s] INFO:colcon.colcon_core.executor:Executing jobs using 'parallel' executor
[5.143s] DEBUG:colcon.colcon_parallel_executor.executor.parallel:run_until_complete
[5.146s] INFO:colcon.colcon_ros.task.ament_python.build:Building ROS package in '/home/pi/arm_ws/src/turtle_con' with build type 'ament_python'
[5.147s] Level 1:colcon.colcon_core.shell:create_environment_hook('turtle_con', 'ament_prefix_path')
[5.166s] INFO:colcon.colcon_core.plugin_system:Skipping extension 'colcon_core.shell.bat': Not used on non-Windows systems
[5.169s] INFO:colcon.colcon_core.shell:Creating environment hook '/home/pi/arm_ws/install/turtle_con/share/turtle_con/hook/ament_prefix_path.ps1'
[5.175s] INFO:colcon.colcon_core.shell:Creating environment descriptor '/home/pi/arm_ws/install/turtle_con/share/turtle_con/hook/ament_prefix_path.dsv'
[5.181s] INFO:colcon.colcon_core.shell:Creating environment hook '/home/pi/arm_ws/install/turtle_con/share/turtle_con/hook/ament_prefix_path.sh'
[5.189s] INFO:colcon.colcon_core.shell:Skip shell extension 'powershell' for command environment: Not usable outside of PowerShell
[5.189s] DEBUG:colcon.colcon_core.shell:Skip shell extension 'dsv' for command environment
[7.622s] INFO:colcon.colcon_core.task.python.build:Building Python package in '/home/pi/arm_ws/src/turtle_con'
[7.626s] INFO:colcon.colcon_core.shell:Skip shell extension 'powershell' for command environment: Not usable outside of PowerShell
[7.626s] DEBUG:colcon.colcon_core.shell:Skip shell extension 'dsv' for command environment
[11.561s] DEBUG:colcon.colcon_core.event_handler.log_command:Invoking command in '/home/pi/arm_ws/src/turtle_con': PYTHONPATH=/home/pi/arm_ws/build/turtle_con/prefix_override:/usr/lib/python3/dist-packages/colcon_core/task/python/colcon_distutils_commands:/home/pi/arm_ws/install/turtle_con/lib/python3.8/site-packages:${PYTHONPATH} /usr/bin/python3 -W ignore:setup.py install is deprecated setup.py egg_info --egg-base ../../build/turtle_con build --build-base /home/pi/arm_ws/build/turtle_con/build install --record /home/pi/arm_ws/build/turtle_con/install.log --install-scripts $base/lib/turtle_con --single-version-externally-managed install_data
[14.526s] DEBUG:colcon.colcon_core.event_handler.log_command:Invoked command in '/home/pi/arm_ws/src/turtle_con' returned '0': PYTHONPATH=/home/pi/arm_ws/build/turtle_con/prefix_override:/usr/lib/python3/dist-packages/colcon_core/task/python/colcon_distutils_commands:/home/pi/arm_ws/install/turtle_con/lib/python3.8/site-packages:${PYTHONPATH} /usr/bin/python3 -W ignore:setup.py install is deprecated setup.py egg_info --egg-base ../../build/turtle_con build --build-base /home/pi/arm_ws/build/turtle_con/build install --record /home/pi/arm_ws/build/turtle_con/install.log --install-scripts $base/lib/turtle_con --single-version-externally-managed install_data
[14.549s] Level 1:colcon.colcon_core.environment:checking '/home/pi/arm_ws/install/turtle_con' for CMake module files
[14.556s] Level 1:colcon.colcon_core.environment:checking '/home/pi/arm_ws/install/turtle_con' for CMake config files
[14.565s] Level 1:colcon.colcon_core.environment:checking '/home/pi/arm_ws/install/turtle_con/lib'
[14.567s] Level 1:colcon.colcon_core.environment:checking '/home/pi/arm_ws/install/turtle_con/bin'
[14.567s] Level 1:colcon.colcon_core.environment:checking '/home/pi/arm_ws/install/turtle_con/lib/pkgconfig/turtle_con.pc'
[14.570s] Level 1:colcon.colcon_core.environment:checking '/home/pi/arm_ws/install/turtle_con/lib/python3.8/site-packages'
[14.570s] Level 1:colcon.colcon_core.shell:create_environment_hook('turtle_con', 'pythonpath')
[14.573s] INFO:colcon.colcon_core.shell:Creating environment hook '/home/pi/arm_ws/install/turtle_con/share/turtle_con/hook/pythonpath.ps1'
[14.577s] INFO:colcon.colcon_core.shell:Creating environment descriptor '/home/pi/arm_ws/install/turtle_con/share/turtle_con/hook/pythonpath.dsv'
[14.581s] INFO:colcon.colcon_core.shell:Creating environment hook '/home/pi/arm_ws/install/turtle_con/share/turtle_con/hook/pythonpath.sh'
[14.587s] Level 1:colcon.colcon_core.environment:checking '/home/pi/arm_ws/install/turtle_con/bin'
[14.587s] Level 1:colcon.colcon_core.environment:create_environment_scripts_only(turtle_con)
[14.591s] INFO:colcon.colcon_core.shell:Creating package script '/home/pi/arm_ws/install/turtle_con/share/turtle_con/package.ps1'
[14.599s] INFO:colcon.colcon_core.shell:Creating package descriptor '/home/pi/arm_ws/install/turtle_con/share/turtle_con/package.dsv'
[14.605s] INFO:colcon.colcon_core.shell:Creating package script '/home/pi/arm_ws/install/turtle_con/share/turtle_con/package.sh'
[14.613s] INFO:colcon.colcon_core.shell:Creating package script '/home/pi/arm_ws/install/turtle_con/share/turtle_con/package.bash'
[14.621s] INFO:colcon.colcon_core.shell:Creating package script '/home/pi/arm_ws/install/turtle_con/share/turtle_con/package.zsh'
[14.630s] Level 1:colcon.colcon_core.environment:create_file_with_runtime_dependencies(/home/pi/arm_ws/install/turtle_con/share/colcon-core/packages/turtle_con)
[14.633s] DEBUG:colcon.colcon_parallel_executor.executor.parallel:closing loop
[14.635s] DEBUG:colcon.colcon_parallel_executor.executor.parallel:loop closed
[14.636s] DEBUG:colcon.colcon_parallel_executor.executor.parallel:run_until_complete finished with '0'
[14.637s] DEBUG:colcon.colcon_core.event_reactor:joining thread
[14.688s] INFO:colcon.colcon_core.plugin_system:Skipping extension 'colcon_notification.desktop_notification.terminal_notifier': Not used on non-Darwin systems
[14.689s] INFO:colcon.colcon_core.plugin_system:Skipping extension 'colcon_notification.desktop_notification.win32': Not used on non-Windows systems
[14.690s] INFO:colcon.colcon_notification.desktop_notification:Sending desktop notification using 'notify2'
[14.723s] DEBUG:colcon.colcon_core.event_reactor:joined thread
[14.726s] INFO:colcon.colcon_core.shell:Creating prefix script '/home/pi/arm_ws/install/local_setup.ps1'
[14.736s] INFO:colcon.colcon_core.shell:Creating prefix util module '/home/pi/arm_ws/install/_local_setup_util_ps1.py'
[14.752s] INFO:colcon.colcon_core.shell:Creating prefix chain script '/home/pi/arm_ws/install/setup.ps1'
[14.763s] INFO:colcon.colcon_core.shell:Creating prefix script '/home/pi/arm_ws/install/local_setup.sh'
[14.769s] INFO:colcon.colcon_core.shell:Creating prefix util module '/home/pi/arm_ws/install/_local_setup_util_sh.py'
[14.775s] INFO:colcon.colcon_core.shell:Creating prefix chain script '/home/pi/arm_ws/install/setup.sh'
[14.786s] INFO:colcon.colcon_core.shell:Creating prefix script '/home/pi/arm_ws/install/local_setup.bash'
[14.791s] INFO:colcon.colcon_core.shell:Creating prefix chain script '/home/pi/arm_ws/install/setup.bash'
[14.801s] INFO:colcon.colcon_core.shell:Creating prefix script '/home/pi/arm_ws/install/local_setup.zsh'
[14.806s] INFO:colcon.colcon_core.shell:Creating prefix chain script '/home/pi/arm_ws/install/setup.zsh'
