[2.781s] DEBUG:colcon:Command line arguments: ['/usr/bin/colcon', 'build']
[2.782s] DEBUG:colcon:Parsed command line arguments: Namespace(allow_overriding=[], ament_cmake_args=None, base_paths=['.'], build_base='build', catkin_cmake_args=None, catkin_skip_building_tests=False, cmake_args=None, cmake_clean_cache=False, cmake_clean_first=False, cmake_force_configure=False, cmake_target=None, cmake_target_skip_unavailable=False, continue_on_error=False, event_handlers=None, executor='parallel', ignore_user_meta=False, install_base='install', log_base=None, log_level=None, main=<bound method BuildVerb.main of <colcon_core.verb.build.BuildVerb object at 0xffffb88413a0>>, merge_install=False, metas=['./colcon.meta'], mixin=None, mixin_files=None, mixin_verb=('build',), packages_above=None, packages_above_and_dependencies=None, packages_above_depth=None, packages_end=None, packages_ignore=None, packages_ignore_regex=None, packages_select=None, packages_select_build_failed=False, packages_select_by_dep=None, packages_select_regex=None, packages_select_test_failures=False, packages_skip=None, packages_skip_build_finished=False, packages_skip_by_dep=None, packages_skip_regex=None, packages_skip_test_passed=False, packages_skip_up_to=None, packages_start=None, packages_up_to=None, packages_up_to_regex=None, parallel_workers=4, paths=None, symlink_install=False, test_result_base=None, verb_extension=<colcon_core.verb.build.BuildVerb object at 0xffffb88413a0>, verb_name='build', verb_parser=<colcon_mixin.mixin.mixin_argument.MixinArgumentDecorator object at 0xffffb872a280>)
[5.184s] Level 1:colcon.colcon_core.package_discovery:discover_packages(colcon_meta) check parameters
[5.185s] Level 1:colcon.colcon_core.package_discovery:discover_packages(recursive) check parameters
[5.186s] Level 1:colcon.colcon_core.package_discovery:discover_packages(ignore) check parameters
[5.186s] Level 1:colcon.colcon_core.package_discovery:discover_packages(path) check parameters
[5.186s] Level 1:colcon.colcon_core.package_discovery:discover_packages(colcon_meta) discover
[5.187s] Level 1:colcon.colcon_core.package_discovery:discover_packages(recursive) discover
[5.188s] INFO:colcon.colcon_core.package_discovery:Crawling recursively for packages in '/home/pi/arm_ws'
[5.189s] Level 1:colcon.colcon_core.package_identification:_identify(.) by extensions ['ignore', 'ignore_ament_install']
[5.190s] Level 1:colcon.colcon_core.package_identification:_identify(.) by extension 'ignore'
[5.191s] Level 1:colcon.colcon_core.package_identification:_identify(.) by extension 'ignore_ament_install'
[5.192s] Level 1:colcon.colcon_core.package_identification:_identify(.) by extensions ['colcon_pkg']
[5.192s] Level 1:colcon.colcon_core.package_identification:_identify(.) by extension 'colcon_pkg'
[5.193s] Level 1:colcon.colcon_core.package_identification:_identify(.) by extensions ['colcon_meta']
[5.193s] Level 1:colcon.colcon_core.package_identification:_identify(.) by extension 'colcon_meta'
[5.194s] Level 1:colcon.colcon_core.package_identification:_identify(.) by extensions ['ros']
[5.194s] Level 1:colcon.colcon_core.package_identification:_identify(.) by extension 'ros'
[5.319s] Level 1:colcon.colcon_core.package_identification:_identify(.) by extensions ['cmake', 'python']
[5.320s] Level 1:colcon.colcon_core.package_identification:_identify(.) by extension 'cmake'
[5.321s] Level 1:colcon.colcon_core.package_identification:_identify(.) by extension 'python'
[5.322s] Level 1:colcon.colcon_core.package_identification:_identify(.) by extensions ['python_setup_py']
[5.322s] Level 1:colcon.colcon_core.package_identification:_identify(.) by extension 'python_setup_py'
[5.324s] Level 1:colcon.colcon_core.package_identification:_identify(FTServo_Python) by extensions ['ignore', 'ignore_ament_install']
[5.325s] Level 1:colcon.colcon_core.package_identification:_identify(FTServo_Python) by extension 'ignore'
[5.326s] Level 1:colcon.colcon_core.package_identification:_identify(FTServo_Python) by extension 'ignore_ament_install'
[5.327s] Level 1:colcon.colcon_core.package_identification:_identify(FTServo_Python) by extensions ['colcon_pkg']
[5.327s] Level 1:colcon.colcon_core.package_identification:_identify(FTServo_Python) by extension 'colcon_pkg'
[5.328s] Level 1:colcon.colcon_core.package_identification:_identify(FTServo_Python) by extensions ['colcon_meta']
[5.328s] Level 1:colcon.colcon_core.package_identification:_identify(FTServo_Python) by extension 'colcon_meta'
[5.329s] Level 1:colcon.colcon_core.package_identification:_identify(FTServo_Python) by extensions ['ros']
[5.329s] Level 1:colcon.colcon_core.package_identification:_identify(FTServo_Python) by extension 'ros'
[5.330s] Level 1:colcon.colcon_core.package_identification:_identify(FTServo_Python) by extensions ['cmake', 'python']
[5.331s] Level 1:colcon.colcon_core.package_identification:_identify(FTServo_Python) by extension 'cmake'
[5.331s] Level 1:colcon.colcon_core.package_identification:_identify(FTServo_Python) by extension 'python'
[5.332s] Level 1:colcon.colcon_core.package_identification:_identify(FTServo_Python) by extensions ['python_setup_py']
[5.332s] Level 1:colcon.colcon_core.package_identification:_identify(FTServo_Python) by extension 'python_setup_py'
[5.334s] Level 1:colcon.colcon_core.package_identification:_identify(FTServo_Python/scscl) by extensions ['ignore', 'ignore_ament_install']
[5.335s] Level 1:colcon.colcon_core.package_identification:_identify(FTServo_Python/scscl) by extension 'ignore'
[5.336s] Level 1:colcon.colcon_core.package_identification:_identify(FTServo_Python/scscl) by extension 'ignore_ament_install'
[5.336s] Level 1:colcon.colcon_core.package_identification:_identify(FTServo_Python/scscl) by extensions ['colcon_pkg']
[5.337s] Level 1:colcon.colcon_core.package_identification:_identify(FTServo_Python/scscl) by extension 'colcon_pkg'
[5.337s] Level 1:colcon.colcon_core.package_identification:_identify(FTServo_Python/scscl) by extensions ['colcon_meta']
[5.338s] Level 1:colcon.colcon_core.package_identification:_identify(FTServo_Python/scscl) by extension 'colcon_meta'
[5.339s] Level 1:colcon.colcon_core.package_identification:_identify(FTServo_Python/scscl) by extensions ['ros']
[5.339s] Level 1:colcon.colcon_core.package_identification:_identify(FTServo_Python/scscl) by extension 'ros'
[5.340s] Level 1:colcon.colcon_core.package_identification:_identify(FTServo_Python/scscl) by extensions ['cmake', 'python']
[5.340s] Level 1:colcon.colcon_core.package_identification:_identify(FTServo_Python/scscl) by extension 'cmake'
[5.341s] Level 1:colcon.colcon_core.package_identification:_identify(FTServo_Python/scscl) by extension 'python'
[5.342s] Level 1:colcon.colcon_core.package_identification:_identify(FTServo_Python/scscl) by extensions ['python_setup_py']
[5.342s] Level 1:colcon.colcon_core.package_identification:_identify(FTServo_Python/scscl) by extension 'python_setup_py'
[5.344s] Level 1:colcon.colcon_core.package_identification:_identify(FTServo_Python/scservo_sdk) by extensions ['ignore', 'ignore_ament_install']
[5.345s] Level 1:colcon.colcon_core.package_identification:_identify(FTServo_Python/scservo_sdk) by extension 'ignore'
[5.346s] Level 1:colcon.colcon_core.package_identification:_identify(FTServo_Python/scservo_sdk) by extension 'ignore_ament_install'
[5.347s] Level 1:colcon.colcon_core.package_identification:_identify(FTServo_Python/scservo_sdk) by extensions ['colcon_pkg']
[5.347s] Level 1:colcon.colcon_core.package_identification:_identify(FTServo_Python/scservo_sdk) by extension 'colcon_pkg'
[5.348s] Level 1:colcon.colcon_core.package_identification:_identify(FTServo_Python/scservo_sdk) by extensions ['colcon_meta']
[5.348s] Level 1:colcon.colcon_core.package_identification:_identify(FTServo_Python/scservo_sdk) by extension 'colcon_meta'
[5.349s] Level 1:colcon.colcon_core.package_identification:_identify(FTServo_Python/scservo_sdk) by extensions ['ros']
[5.349s] Level 1:colcon.colcon_core.package_identification:_identify(FTServo_Python/scservo_sdk) by extension 'ros'
[5.350s] Level 1:colcon.colcon_core.package_identification:_identify(FTServo_Python/scservo_sdk) by extensions ['cmake', 'python']
[5.351s] Level 1:colcon.colcon_core.package_identification:_identify(FTServo_Python/scservo_sdk) by extension 'cmake'
[5.351s] Level 1:colcon.colcon_core.package_identification:_identify(FTServo_Python/scservo_sdk) by extension 'python'
[5.352s] Level 1:colcon.colcon_core.package_identification:_identify(FTServo_Python/scservo_sdk) by extensions ['python_setup_py']
[5.352s] Level 1:colcon.colcon_core.package_identification:_identify(FTServo_Python/scservo_sdk) by extension 'python_setup_py'
[5.354s] Level 1:colcon.colcon_core.package_identification:_identify(FTServo_Python/sms_sts) by extensions ['ignore', 'ignore_ament_install']
[5.355s] Level 1:colcon.colcon_core.package_identification:_identify(FTServo_Python/sms_sts) by extension 'ignore'
[5.355s] Level 1:colcon.colcon_core.package_identification:_identify(FTServo_Python/sms_sts) by extension 'ignore_ament_install'
[5.356s] Level 1:colcon.colcon_core.package_identification:_identify(FTServo_Python/sms_sts) by extensions ['colcon_pkg']
[5.356s] Level 1:colcon.colcon_core.package_identification:_identify(FTServo_Python/sms_sts) by extension 'colcon_pkg'
[5.357s] Level 1:colcon.colcon_core.package_identification:_identify(FTServo_Python/sms_sts) by extensions ['colcon_meta']
[5.357s] Level 1:colcon.colcon_core.package_identification:_identify(FTServo_Python/sms_sts) by extension 'colcon_meta'
[5.358s] Level 1:colcon.colcon_core.package_identification:_identify(FTServo_Python/sms_sts) by extensions ['ros']
[5.358s] Level 1:colcon.colcon_core.package_identification:_identify(FTServo_Python/sms_sts) by extension 'ros'
[5.360s] Level 1:colcon.colcon_core.package_identification:_identify(FTServo_Python/sms_sts) by extensions ['cmake', 'python']
[5.360s] Level 1:colcon.colcon_core.package_identification:_identify(FTServo_Python/sms_sts) by extension 'cmake'
[5.361s] Level 1:colcon.colcon_core.package_identification:_identify(FTServo_Python/sms_sts) by extension 'python'
[5.361s] Level 1:colcon.colcon_core.package_identification:_identify(FTServo_Python/sms_sts) by extensions ['python_setup_py']
[5.361s] Level 1:colcon.colcon_core.package_identification:_identify(FTServo_Python/sms_sts) by extension 'python_setup_py'
[5.363s] Level 1:colcon.colcon_core.package_identification:_identify(FTServo_Python/sms_sts/build) by extensions ['ignore', 'ignore_ament_install']
[5.364s] Level 1:colcon.colcon_core.package_identification:_identify(FTServo_Python/sms_sts/build) by extension 'ignore'
[5.365s] Level 1:colcon.colcon_core.package_identification:_identify(FTServo_Python/sms_sts/build) ignored
[5.366s] Level 1:colcon.colcon_core.package_identification:_identify(FTServo_Python/sms_sts/install) by extensions ['ignore', 'ignore_ament_install']
[5.367s] Level 1:colcon.colcon_core.package_identification:_identify(FTServo_Python/sms_sts/install) by extension 'ignore'
[5.368s] Level 1:colcon.colcon_core.package_identification:_identify(FTServo_Python/sms_sts/install) ignored
[5.369s] Level 1:colcon.colcon_core.package_identification:_identify(FTServo_Python/sms_sts/log) by extensions ['ignore', 'ignore_ament_install']
[5.370s] Level 1:colcon.colcon_core.package_identification:_identify(FTServo_Python/sms_sts/log) by extension 'ignore'
[5.371s] Level 1:colcon.colcon_core.package_identification:_identify(FTServo_Python/sms_sts/log) ignored
[5.372s] Level 1:colcon.colcon_core.package_identification:_identify(FTServo_Python/sms_sts/src) by extensions ['ignore', 'ignore_ament_install']
[5.373s] Level 1:colcon.colcon_core.package_identification:_identify(FTServo_Python/sms_sts/src) by extension 'ignore'
[5.373s] Level 1:colcon.colcon_core.package_identification:_identify(FTServo_Python/sms_sts/src) by extension 'ignore_ament_install'
[5.374s] Level 1:colcon.colcon_core.package_identification:_identify(FTServo_Python/sms_sts/src) by extensions ['colcon_pkg']
[5.375s] Level 1:colcon.colcon_core.package_identification:_identify(FTServo_Python/sms_sts/src) by extension 'colcon_pkg'
[5.375s] Level 1:colcon.colcon_core.package_identification:_identify(FTServo_Python/sms_sts/src) by extensions ['colcon_meta']
[5.376s] Level 1:colcon.colcon_core.package_identification:_identify(FTServo_Python/sms_sts/src) by extension 'colcon_meta'
[5.376s] Level 1:colcon.colcon_core.package_identification:_identify(FTServo_Python/sms_sts/src) by extensions ['ros']
[5.377s] Level 1:colcon.colcon_core.package_identification:_identify(FTServo_Python/sms_sts/src) by extension 'ros'
[5.378s] Level 1:colcon.colcon_core.package_identification:_identify(FTServo_Python/sms_sts/src) by extensions ['cmake', 'python']
[5.378s] Level 1:colcon.colcon_core.package_identification:_identify(FTServo_Python/sms_sts/src) by extension 'cmake'
[5.379s] Level 1:colcon.colcon_core.package_identification:_identify(FTServo_Python/sms_sts/src) by extension 'python'
[5.379s] Level 1:colcon.colcon_core.package_identification:_identify(FTServo_Python/sms_sts/src) by extensions ['python_setup_py']
[5.380s] Level 1:colcon.colcon_core.package_identification:_identify(FTServo_Python/sms_sts/src) by extension 'python_setup_py'
[5.381s] Level 1:colcon.colcon_core.package_identification:_identify(build) by extensions ['ignore', 'ignore_ament_install']
[5.382s] Level 1:colcon.colcon_core.package_identification:_identify(build) by extension 'ignore'
[5.383s] Level 1:colcon.colcon_core.package_identification:_identify(build) ignored
[5.384s] Level 1:colcon.colcon_core.package_identification:_identify(install) by extensions ['ignore', 'ignore_ament_install']
[5.385s] Level 1:colcon.colcon_core.package_identification:_identify(install) by extension 'ignore'
[5.386s] Level 1:colcon.colcon_core.package_identification:_identify(install) ignored
[5.391s] Level 1:colcon.colcon_core.package_identification:_identify(log) by extensions ['ignore', 'ignore_ament_install']
[5.392s] Level 1:colcon.colcon_core.package_identification:_identify(log) by extension 'ignore'
[5.392s] Level 1:colcon.colcon_core.package_identification:_identify(log) ignored
[5.393s] Level 1:colcon.colcon_core.package_identification:_identify(src) by extensions ['ignore', 'ignore_ament_install']
[5.394s] Level 1:colcon.colcon_core.package_identification:_identify(src) by extension 'ignore'
[5.395s] Level 1:colcon.colcon_core.package_identification:_identify(src) by extension 'ignore_ament_install'
[5.396s] Level 1:colcon.colcon_core.package_identification:_identify(src) by extensions ['colcon_pkg']
[5.396s] Level 1:colcon.colcon_core.package_identification:_identify(src) by extension 'colcon_pkg'
[5.396s] Level 1:colcon.colcon_core.package_identification:_identify(src) by extensions ['colcon_meta']
[5.397s] Level 1:colcon.colcon_core.package_identification:_identify(src) by extension 'colcon_meta'
[5.397s] Level 1:colcon.colcon_core.package_identification:_identify(src) by extensions ['ros']
[5.398s] Level 1:colcon.colcon_core.package_identification:_identify(src) by extension 'ros'
[5.399s] Level 1:colcon.colcon_core.package_identification:_identify(src) by extensions ['cmake', 'python']
[5.399s] Level 1:colcon.colcon_core.package_identification:_identify(src) by extension 'cmake'
[5.400s] Level 1:colcon.colcon_core.package_identification:_identify(src) by extension 'python'
[5.400s] Level 1:colcon.colcon_core.package_identification:_identify(src) by extensions ['python_setup_py']
[5.400s] Level 1:colcon.colcon_core.package_identification:_identify(src) by extension 'python_setup_py'
[5.402s] Level 1:colcon.colcon_core.package_identification:_identify(src/qr_cam) by extensions ['ignore', 'ignore_ament_install']
[5.403s] Level 1:colcon.colcon_core.package_identification:_identify(src/qr_cam) by extension 'ignore'
[5.403s] Level 1:colcon.colcon_core.package_identification:_identify(src/qr_cam) by extension 'ignore_ament_install'
[5.404s] Level 1:colcon.colcon_core.package_identification:_identify(src/qr_cam) by extensions ['colcon_pkg']
[5.404s] Level 1:colcon.colcon_core.package_identification:_identify(src/qr_cam) by extension 'colcon_pkg'
[5.405s] Level 1:colcon.colcon_core.package_identification:_identify(src/qr_cam) by extensions ['colcon_meta']
[5.405s] Level 1:colcon.colcon_core.package_identification:_identify(src/qr_cam) by extension 'colcon_meta'
[5.406s] Level 1:colcon.colcon_core.package_identification:_identify(src/qr_cam) by extensions ['ros']
[5.407s] Level 1:colcon.colcon_core.package_identification:_identify(src/qr_cam) by extension 'ros'
[5.432s] DEBUG:colcon.colcon_core.package_identification:Package 'src/qr_cam' with type 'ros.ament_python' and name 'qr_cam'
[5.434s] Level 1:colcon.colcon_core.package_identification:_identify(src/turtle_con) by extensions ['ignore', 'ignore_ament_install']
[5.435s] Level 1:colcon.colcon_core.package_identification:_identify(src/turtle_con) by extension 'ignore'
[5.435s] Level 1:colcon.colcon_core.package_identification:_identify(src/turtle_con) by extension 'ignore_ament_install'
[5.436s] Level 1:colcon.colcon_core.package_identification:_identify(src/turtle_con) by extensions ['colcon_pkg']
[5.437s] Level 1:colcon.colcon_core.package_identification:_identify(src/turtle_con) by extension 'colcon_pkg'
[5.437s] Level 1:colcon.colcon_core.package_identification:_identify(src/turtle_con) by extensions ['colcon_meta']
[5.438s] Level 1:colcon.colcon_core.package_identification:_identify(src/turtle_con) by extension 'colcon_meta'
[5.439s] Level 1:colcon.colcon_core.package_identification:_identify(src/turtle_con) by extensions ['ros']
[5.439s] Level 1:colcon.colcon_core.package_identification:_identify(src/turtle_con) by extension 'ros'
[5.448s] DEBUG:colcon.colcon_core.package_identification:Package 'src/turtle_con' with type 'ros.ament_python' and name 'turtle_con'
[5.448s] Level 1:colcon.colcon_core.package_discovery:discover_packages(recursive) using defaults
[5.449s] Level 1:colcon.colcon_core.package_discovery:discover_packages(ignore) discover
[5.449s] Level 1:colcon.colcon_core.package_discovery:discover_packages(ignore) using defaults
[5.450s] Level 1:colcon.colcon_core.package_discovery:discover_packages(path) discover
[5.450s] Level 1:colcon.colcon_core.package_discovery:discover_packages(path) using defaults
[5.615s] Level 1:colcon.colcon_core.package_discovery:discover_packages(prefix_path) check parameters
[5.615s] Level 1:colcon.colcon_core.package_discovery:discover_packages(prefix_path) discover
[5.637s] DEBUG:colcon.colcon_installed_package_information.package_discovery:Found 2 installed packages in /home/pi/arm_ws/install
[5.663s] DEBUG:colcon.colcon_installed_package_information.package_discovery:Found 299 installed packages in /opt/ros/foxy
[5.695s] Level 1:colcon.colcon_core.package_discovery:discover_packages(prefix_path) using defaults
[6.901s] Level 5:colcon.colcon_core.verb:set package 'qr_cam' build argument 'cmake_args' from command line to 'None'
[6.902s] Level 5:colcon.colcon_core.verb:set package 'qr_cam' build argument 'cmake_target' from command line to 'None'
[6.902s] Level 5:colcon.colcon_core.verb:set package 'qr_cam' build argument 'cmake_target_skip_unavailable' from command line to 'False'
[6.902s] Level 5:colcon.colcon_core.verb:set package 'qr_cam' build argument 'cmake_clean_cache' from command line to 'False'
[6.903s] Level 5:colcon.colcon_core.verb:set package 'qr_cam' build argument 'cmake_clean_first' from command line to 'False'
[6.903s] Level 5:colcon.colcon_core.verb:set package 'qr_cam' build argument 'cmake_force_configure' from command line to 'False'
[6.904s] Level 5:colcon.colcon_core.verb:set package 'qr_cam' build argument 'ament_cmake_args' from command line to 'None'
[6.904s] Level 5:colcon.colcon_core.verb:set package 'qr_cam' build argument 'catkin_cmake_args' from command line to 'None'
[6.904s] Level 5:colcon.colcon_core.verb:set package 'qr_cam' build argument 'catkin_skip_building_tests' from command line to 'False'
[6.905s] DEBUG:colcon.colcon_core.verb:Building package 'qr_cam' with the following arguments: {'ament_cmake_args': None, 'build_base': '/home/pi/arm_ws/build/qr_cam', 'catkin_cmake_args': None, 'catkin_skip_building_tests': False, 'cmake_args': None, 'cmake_clean_cache': False, 'cmake_clean_first': False, 'cmake_force_configure': False, 'cmake_target': None, 'cmake_target_skip_unavailable': False, 'install_base': '/home/pi/arm_ws/install/qr_cam', 'merge_install': False, 'path': '/home/pi/arm_ws/src/qr_cam', 'symlink_install': False, 'test_result_base': None}
[6.909s] Level 5:colcon.colcon_core.verb:set package 'turtle_con' build argument 'cmake_args' from command line to 'None'
[6.910s] Level 5:colcon.colcon_core.verb:set package 'turtle_con' build argument 'cmake_target' from command line to 'None'
[6.910s] Level 5:colcon.colcon_core.verb:set package 'turtle_con' build argument 'cmake_target_skip_unavailable' from command line to 'False'
[6.910s] Level 5:colcon.colcon_core.verb:set package 'turtle_con' build argument 'cmake_clean_cache' from command line to 'False'
[6.911s] Level 5:colcon.colcon_core.verb:set package 'turtle_con' build argument 'cmake_clean_first' from command line to 'False'
[6.911s] Level 5:colcon.colcon_core.verb:set package 'turtle_con' build argument 'cmake_force_configure' from command line to 'False'
[6.911s] Level 5:colcon.colcon_core.verb:set package 'turtle_con' build argument 'ament_cmake_args' from command line to 'None'
[6.912s] Level 5:colcon.colcon_core.verb:set package 'turtle_con' build argument 'catkin_cmake_args' from command line to 'None'
[6.912s] Level 5:colcon.colcon_core.verb:set package 'turtle_con' build argument 'catkin_skip_building_tests' from command line to 'False'
[6.912s] DEBUG:colcon.colcon_core.verb:Building package 'turtle_con' with the following arguments: {'ament_cmake_args': None, 'build_base': '/home/pi/arm_ws/build/turtle_con', 'catkin_cmake_args': None, 'catkin_skip_building_tests': False, 'cmake_args': None, 'cmake_clean_cache': False, 'cmake_clean_first': False, 'cmake_force_configure': False, 'cmake_target': None, 'cmake_target_skip_unavailable': False, 'install_base': '/home/pi/arm_ws/install/turtle_con', 'merge_install': False, 'path': '/home/pi/arm_ws/src/turtle_con', 'symlink_install': False, 'test_result_base': None}
[6.913s] INFO:colcon.colcon_core.executor:Executing jobs using 'parallel' executor
[6.922s] DEBUG:colcon.colcon_parallel_executor.executor.parallel:run_until_complete
[6.924s] INFO:colcon.colcon_ros.task.ament_python.build:Building ROS package in '/home/pi/arm_ws/src/qr_cam' with build type 'ament_python'
[6.925s] Level 1:colcon.colcon_core.shell:create_environment_hook('qr_cam', 'ament_prefix_path')
[6.944s] INFO:colcon.colcon_core.plugin_system:Skipping extension 'colcon_core.shell.bat': Not used on non-Windows systems
[6.947s] INFO:colcon.colcon_core.shell:Creating environment hook '/home/pi/arm_ws/install/qr_cam/share/qr_cam/hook/ament_prefix_path.ps1'
[6.952s] INFO:colcon.colcon_core.shell:Creating environment descriptor '/home/pi/arm_ws/install/qr_cam/share/qr_cam/hook/ament_prefix_path.dsv'
[6.958s] INFO:colcon.colcon_core.shell:Creating environment hook '/home/pi/arm_ws/install/qr_cam/share/qr_cam/hook/ament_prefix_path.sh'
[6.966s] INFO:colcon.colcon_core.shell:Skip shell extension 'powershell' for command environment: Not usable outside of PowerShell
[6.967s] DEBUG:colcon.colcon_core.shell:Skip shell extension 'dsv' for command environment
[7.059s] INFO:colcon.colcon_ros.task.ament_python.build:Building ROS package in '/home/pi/arm_ws/src/turtle_con' with build type 'ament_python'
[7.065s] Level 1:colcon.colcon_core.shell:create_environment_hook('turtle_con', 'ament_prefix_path')
[7.069s] INFO:colcon.colcon_core.shell:Creating environment hook '/home/pi/arm_ws/install/turtle_con/share/turtle_con/hook/ament_prefix_path.ps1'
[7.076s] INFO:colcon.colcon_core.shell:Creating environment descriptor '/home/pi/arm_ws/install/turtle_con/share/turtle_con/hook/ament_prefix_path.dsv'
[7.081s] INFO:colcon.colcon_core.shell:Creating environment hook '/home/pi/arm_ws/install/turtle_con/share/turtle_con/hook/ament_prefix_path.sh'
[7.088s] INFO:colcon.colcon_core.shell:Skip shell extension 'powershell' for command environment: Not usable outside of PowerShell
[7.089s] DEBUG:colcon.colcon_core.shell:Skip shell extension 'dsv' for command environment
[10.569s] INFO:colcon.colcon_core.task.python.build:Building Python package in '/home/pi/arm_ws/src/qr_cam'
[10.573s] INFO:colcon.colcon_core.shell:Skip shell extension 'powershell' for command environment: Not usable outside of PowerShell
[10.573s] DEBUG:colcon.colcon_core.shell:Skip shell extension 'dsv' for command environment
[13.937s] INFO:colcon.colcon_core.task.python.build:Building Python package in '/home/pi/arm_ws/src/turtle_con'
[13.941s] INFO:colcon.colcon_core.shell:Skip shell extension 'powershell' for command environment: Not usable outside of PowerShell
[13.942s] DEBUG:colcon.colcon_core.shell:Skip shell extension 'dsv' for command environment
[20.361s] DEBUG:colcon.colcon_core.event_handler.log_command:Invoking command in '/home/pi/arm_ws/src/turtle_con': PYTHONPATH=/home/pi/arm_ws/build/turtle_con/prefix_override:/usr/lib/python3/dist-packages/colcon_core/task/python/colcon_distutils_commands:/home/pi/arm_ws/install/turtle_con/lib/python3.8/site-packages:${PYTHONPATH} /usr/bin/python3 -W ignore:setup.py install is deprecated setup.py egg_info --egg-base ../../build/turtle_con build --build-base /home/pi/arm_ws/build/turtle_con/build install --record /home/pi/arm_ws/build/turtle_con/install.log --install-scripts $base/lib/turtle_con --single-version-externally-managed install_data
[20.936s] DEBUG:colcon.colcon_core.event_handler.log_command:Invoking command in '/home/pi/arm_ws/src/qr_cam': PYTHONPATH=/home/pi/arm_ws/build/qr_cam/prefix_override:/usr/lib/python3/dist-packages/colcon_core/task/python/colcon_distutils_commands:/home/pi/arm_ws/install/qr_cam/lib/python3.8/site-packages:${PYTHONPATH} /usr/bin/python3 -W ignore:setup.py install is deprecated setup.py egg_info --egg-base ../../build/qr_cam build --build-base /home/pi/arm_ws/build/qr_cam/build install --record /home/pi/arm_ws/build/qr_cam/install.log --install-scripts $base/lib/qr_cam --single-version-externally-managed install_data
[25.721s] DEBUG:colcon.colcon_core.event_handler.log_command:Invoked command in '/home/pi/arm_ws/src/turtle_con' returned '0': PYTHONPATH=/home/pi/arm_ws/build/turtle_con/prefix_override:/usr/lib/python3/dist-packages/colcon_core/task/python/colcon_distutils_commands:/home/pi/arm_ws/install/turtle_con/lib/python3.8/site-packages:${PYTHONPATH} /usr/bin/python3 -W ignore:setup.py install is deprecated setup.py egg_info --egg-base ../../build/turtle_con build --build-base /home/pi/arm_ws/build/turtle_con/build install --record /home/pi/arm_ws/build/turtle_con/install.log --install-scripts $base/lib/turtle_con --single-version-externally-managed install_data
[25.785s] Level 1:colcon.colcon_core.environment:checking '/home/pi/arm_ws/install/turtle_con' for CMake module files
[25.795s] Level 1:colcon.colcon_core.environment:checking '/home/pi/arm_ws/install/turtle_con' for CMake config files
[25.816s] Level 1:colcon.colcon_core.environment:checking '/home/pi/arm_ws/install/turtle_con/lib'
[25.826s] Level 1:colcon.colcon_core.environment:checking '/home/pi/arm_ws/install/turtle_con/bin'
[25.827s] Level 1:colcon.colcon_core.environment:checking '/home/pi/arm_ws/install/turtle_con/lib/pkgconfig/turtle_con.pc'
[25.829s] Level 1:colcon.colcon_core.environment:checking '/home/pi/arm_ws/install/turtle_con/lib/python3.8/site-packages'
[25.830s] Level 1:colcon.colcon_core.shell:create_environment_hook('turtle_con', 'pythonpath')
[25.833s] INFO:colcon.colcon_core.shell:Creating environment hook '/home/pi/arm_ws/install/turtle_con/share/turtle_con/hook/pythonpath.ps1'
[25.838s] INFO:colcon.colcon_core.shell:Creating environment descriptor '/home/pi/arm_ws/install/turtle_con/share/turtle_con/hook/pythonpath.dsv'
[25.842s] INFO:colcon.colcon_core.shell:Creating environment hook '/home/pi/arm_ws/install/turtle_con/share/turtle_con/hook/pythonpath.sh'
[25.847s] Level 1:colcon.colcon_core.environment:checking '/home/pi/arm_ws/install/turtle_con/bin'
[25.848s] Level 1:colcon.colcon_core.environment:create_environment_scripts_only(turtle_con)
[25.851s] INFO:colcon.colcon_core.shell:Creating package script '/home/pi/arm_ws/install/turtle_con/share/turtle_con/package.ps1'
[25.860s] INFO:colcon.colcon_core.shell:Creating package descriptor '/home/pi/arm_ws/install/turtle_con/share/turtle_con/package.dsv'
[25.866s] INFO:colcon.colcon_core.shell:Creating package script '/home/pi/arm_ws/install/turtle_con/share/turtle_con/package.sh'
[25.875s] INFO:colcon.colcon_core.shell:Creating package script '/home/pi/arm_ws/install/turtle_con/share/turtle_con/package.bash'
[25.883s] INFO:colcon.colcon_core.shell:Creating package script '/home/pi/arm_ws/install/turtle_con/share/turtle_con/package.zsh'
[25.892s] Level 1:colcon.colcon_core.environment:create_file_with_runtime_dependencies(/home/pi/arm_ws/install/turtle_con/share/colcon-core/packages/turtle_con)
[26.324s] Level 1:colcon.colcon_core.environment:checking '/home/pi/arm_ws/install/qr_cam' for CMake module files
[26.329s] DEBUG:colcon.colcon_core.event_handler.log_command:Invoked command in '/home/pi/arm_ws/src/qr_cam' returned '0': PYTHONPATH=/home/pi/arm_ws/build/qr_cam/prefix_override:/usr/lib/python3/dist-packages/colcon_core/task/python/colcon_distutils_commands:/home/pi/arm_ws/install/qr_cam/lib/python3.8/site-packages:${PYTHONPATH} /usr/bin/python3 -W ignore:setup.py install is deprecated setup.py egg_info --egg-base ../../build/qr_cam build --build-base /home/pi/arm_ws/build/qr_cam/build install --record /home/pi/arm_ws/build/qr_cam/install.log --install-scripts $base/lib/qr_cam --single-version-externally-managed install_data
[26.333s] Level 1:colcon.colcon_core.environment:checking '/home/pi/arm_ws/install/qr_cam' for CMake config files
[26.341s] Level 1:colcon.colcon_core.environment:checking '/home/pi/arm_ws/install/qr_cam/lib'
[26.342s] Level 1:colcon.colcon_core.environment:checking '/home/pi/arm_ws/install/qr_cam/bin'
[26.342s] Level 1:colcon.colcon_core.environment:checking '/home/pi/arm_ws/install/qr_cam/lib/pkgconfig/qr_cam.pc'
[26.344s] Level 1:colcon.colcon_core.environment:checking '/home/pi/arm_ws/install/qr_cam/lib/python3.8/site-packages'
[26.345s] Level 1:colcon.colcon_core.shell:create_environment_hook('qr_cam', 'pythonpath')
[26.348s] INFO:colcon.colcon_core.shell:Creating environment hook '/home/pi/arm_ws/install/qr_cam/share/qr_cam/hook/pythonpath.ps1'
[26.352s] INFO:colcon.colcon_core.shell:Creating environment descriptor '/home/pi/arm_ws/install/qr_cam/share/qr_cam/hook/pythonpath.dsv'
[26.357s] INFO:colcon.colcon_core.shell:Creating environment hook '/home/pi/arm_ws/install/qr_cam/share/qr_cam/hook/pythonpath.sh'
[26.363s] Level 1:colcon.colcon_core.environment:checking '/home/pi/arm_ws/install/qr_cam/bin'
[26.364s] Level 1:colcon.colcon_core.environment:create_environment_scripts_only(qr_cam)
[26.368s] INFO:colcon.colcon_core.shell:Creating package script '/home/pi/arm_ws/install/qr_cam/share/qr_cam/package.ps1'
[26.373s] INFO:colcon.colcon_core.shell:Creating package descriptor '/home/pi/arm_ws/install/qr_cam/share/qr_cam/package.dsv'
[26.378s] INFO:colcon.colcon_core.shell:Creating package script '/home/pi/arm_ws/install/qr_cam/share/qr_cam/package.sh'
[26.388s] INFO:colcon.colcon_core.shell:Creating package script '/home/pi/arm_ws/install/qr_cam/share/qr_cam/package.bash'
[26.392s] INFO:colcon.colcon_core.shell:Creating package script '/home/pi/arm_ws/install/qr_cam/share/qr_cam/package.zsh'
[26.397s] Level 1:colcon.colcon_core.environment:create_file_with_runtime_dependencies(/home/pi/arm_ws/install/qr_cam/share/colcon-core/packages/qr_cam)
[26.403s] DEBUG:colcon.colcon_parallel_executor.executor.parallel:closing loop
[26.405s] DEBUG:colcon.colcon_parallel_executor.executor.parallel:loop closed
[26.406s] DEBUG:colcon.colcon_parallel_executor.executor.parallel:run_until_complete finished with '0'
[26.407s] DEBUG:colcon.colcon_core.event_reactor:joining thread
[26.463s] INFO:colcon.colcon_core.plugin_system:Skipping extension 'colcon_notification.desktop_notification.terminal_notifier': Not used on non-Darwin systems
[26.464s] INFO:colcon.colcon_core.plugin_system:Skipping extension 'colcon_notification.desktop_notification.win32': Not used on non-Windows systems
[26.465s] INFO:colcon.colcon_notification.desktop_notification:Sending desktop notification using 'notify2'
[35.347s] DEBUG:colcon.colcon_notification.desktop_notification.notify2:Failed to initialize notify2: org.freedesktop.DBus.Error.TimedOut: Failed to activate service 'org.freedesktop.Notifications': timed out (service_start_timeout=120000ms)
[35.348s] DEBUG:colcon.colcon_core.event_reactor:joined thread
[35.351s] INFO:colcon.colcon_core.shell:Creating prefix script '/home/pi/arm_ws/install/local_setup.ps1'
[35.367s] INFO:colcon.colcon_core.shell:Creating prefix util module '/home/pi/arm_ws/install/_local_setup_util_ps1.py'
[35.402s] INFO:colcon.colcon_core.shell:Creating prefix chain script '/home/pi/arm_ws/install/setup.ps1'
[35.424s] INFO:colcon.colcon_core.shell:Creating prefix script '/home/pi/arm_ws/install/local_setup.sh'
[35.430s] INFO:colcon.colcon_core.shell:Creating prefix util module '/home/pi/arm_ws/install/_local_setup_util_sh.py'
[35.437s] INFO:colcon.colcon_core.shell:Creating prefix chain script '/home/pi/arm_ws/install/setup.sh'
[35.450s] INFO:colcon.colcon_core.shell:Creating prefix script '/home/pi/arm_ws/install/local_setup.bash'
[35.455s] INFO:colcon.colcon_core.shell:Creating prefix chain script '/home/pi/arm_ws/install/setup.bash'
[35.467s] INFO:colcon.colcon_core.shell:Creating prefix script '/home/pi/arm_ws/install/local_setup.zsh'
[35.473s] INFO:colcon.colcon_core.shell:Creating prefix chain script '/home/pi/arm_ws/install/setup.zsh'
