[0.011s] Invoking command in '/home/psy/2024.11.26.TurtleArm_Moveit/build/mycobot_interfaces': CMAKE_PREFIX_PATH=/opt/ros/humble /usr/bin/cmake /home/psy/2024.11.26.TurtleArm_Moveit/src/mycobot320_moveit2/mycobot_interfaces -DCMAKE_INSTALL_PREFIX=/home/psy/2024.11.26.TurtleArm_Moveit/install/mycobot_interfaces
[0.051s] -- The C compiler identification is GNU 11.4.0
[0.089s] -- The CXX compiler identification is GNU 11.4.0
[0.094s] -- Detecting C compiler ABI info
[0.141s] -- Detecting C compiler ABI info - done
[0.147s] -- Check for working C compiler: /usr/bin/cc - skipped
[0.147s] -- Detecting C compile features
[0.147s] -- Detecting C compile features - done
[0.149s] -- Detecting CXX compiler ABI info
[0.196s] -- Detecting CXX compiler ABI info - done
[0.200s] -- Check for working CXX compiler: /usr/bin/c++ - skipped
[0.200s] -- Detecting CXX compile features
[0.201s] -- Detecting CXX compile features - done
[0.202s] -- Found ament_cmake: 1.3.10 (/opt/ros/humble/share/ament_cmake/cmake)
[0.304s] -- Found Python3: /usr/bin/python3 (found version "3.10.12") found components: Interpreter 
[0.356s] -- Found rosidl_default_generators: 1.2.0 (/opt/ros/humble/share/rosidl_default_generators/cmake)
[0.359s] -- Using all available rosidl_typesupport_c: rosidl_typesupport_fastrtps_c;rosidl_typesupport_introspection_c
[0.363s] -- Found rosidl_adapter: 3.1.5 (/opt/ros/humble/share/rosidl_adapter/cmake)
[0.398s] -- Using all available rosidl_typesupport_cpp: rosidl_typesupport_fastrtps_cpp;rosidl_typesupport_introspection_cpp
[0.429s] -- Found vision_msgs: 4.1.1 (/opt/ros/humble/share/vision_msgs/cmake)
[0.637s] -- Found ament_cmake_ros: 0.10.0 (/opt/ros/humble/share/ament_cmake_ros/cmake)
[0.829s] -- Using all available rosidl_typesupport_c: rosidl_typesupport_fastrtps_c;rosidl_typesupport_introspection_c
[1.027s] -- Using all available rosidl_typesupport_cpp: rosidl_typesupport_fastrtps_cpp;rosidl_typesupport_introspection_cpp
[1.042s] -- Found PythonInterp: /usr/bin/python3 (found suitable version "3.10.12", minimum required is "3.6") 
[1.043s] -- Found python_cmake_module: 0.10.0 (/opt/ros/humble/share/python_cmake_module/cmake)
[1.060s] -- Found PythonLibs: /usr/lib/x86_64-linux-gnu/libpython3.10.so (found suitable version "3.10.12", minimum required is "3.5") 
[1.060s] -- Using PYTHON_EXECUTABLE: /usr/bin/python3
[1.060s] -- Using PYTHON_INCLUDE_DIRS: /usr/include/python3.10
[1.060s] -- Using PYTHON_LIBRARIES: /usr/lib/x86_64-linux-gnu/libpython3.10.so
[1.075s] -- Found PythonExtra: .so  
[1.112s] -- Found ament_lint_auto: 0.12.11 (/opt/ros/humble/share/ament_lint_auto/cmake)
[1.123s] -- Added test 'lint_cmake' to check CMake code style
[1.123s] -- Added test 'xmllint' to check XML markup files
[1.124s] -- Configuring done
[1.140s] -- Generating done
[1.141s] -- Build files have been written to: /home/psy/2024.11.26.TurtleArm_Moveit/build/mycobot_interfaces
[1.147s] Invoked command in '/home/psy/2024.11.26.TurtleArm_Moveit/build/mycobot_interfaces' returned '0': CMAKE_PREFIX_PATH=/opt/ros/humble /usr/bin/cmake /home/psy/2024.11.26.TurtleArm_Moveit/src/mycobot320_moveit2/mycobot_interfaces -DCMAKE_INSTALL_PREFIX=/home/psy/2024.11.26.TurtleArm_Moveit/install/mycobot_interfaces
[1.147s] Invoking command in '/home/psy/2024.11.26.TurtleArm_Moveit/build/mycobot_interfaces': CMAKE_PREFIX_PATH=/opt/ros/humble /usr/bin/cmake --build /home/psy/2024.11.26.TurtleArm_Moveit/build/mycobot_interfaces -- -j20 -l20
[1.173s] [  3%] [34m[1mGenerating C code for ROS interfaces[0m
[1.181s] [  6%] [34m[1mGenerating C++ code for ROS interfaces[0m
[1.186s] [  6%] Built target ament_cmake_python_copy_mycobot_interfaces
[1.325s] running egg_info
[1.325s] creating mycobot_interfaces.egg-info
[1.325s] writing mycobot_interfaces.egg-info/PKG-INFO
[1.325s] writing dependency_links to mycobot_interfaces.egg-info/dependency_links.txt
[1.325s] writing top-level names to mycobot_interfaces.egg-info/top_level.txt
[1.325s] writing manifest file 'mycobot_interfaces.egg-info/SOURCES.txt'
[1.326s] reading manifest file 'mycobot_interfaces.egg-info/SOURCES.txt'
[1.327s] writing manifest file 'mycobot_interfaces.egg-info/SOURCES.txt'
[1.328s] [  9%] [32mBuilding C object CMakeFiles/mycobot_interfaces__rosidl_generator_c.dir/rosidl_generator_c/mycobot_interfaces/srv/detail/detection_rq__functions.c.o[0m
[1.341s] [  9%] Built target ament_cmake_python_build_mycobot_interfaces_egg
[1.347s] [  9%] Built target mycobot_interfaces__cpp
[1.353s] [ 12%] [34m[1mGenerating C++ type support for eProsima Fast-RTPS[0m
[1.355s] [ 19%] [34m[1mGenerating C++ introspection for ROS interfaces[0m
[1.355s] [ 19%] [34m[1mGenerating C++ type support dispatch for ROS interfaces[0m
[1.373s] [ 22%] [32m[1mLinking C shared library libmycobot_interfaces__rosidl_generator_c.so[0m
[1.406s] [ 22%] Built target mycobot_interfaces__rosidl_generator_c
[1.413s] [ 25%] [34m[1mGenerating C type support dispatch for ROS interfaces[0m
[1.415s] [ 32%] [34m[1mGenerating C introspection for ROS interfaces[0m
[1.415s] [ 32%] [34m[1mGenerating C type support for eProsima Fast-RTPS[0m
[1.496s] [ 35%] [32mBuilding CXX object CMakeFiles/mycobot_interfaces__rosidl_typesupport_cpp.dir/rosidl_typesupport_cpp/mycobot_interfaces/srv/detection_rq__type_support.cpp.o[0m
[1.520s] [ 38%] [32mBuilding CXX object CMakeFiles/mycobot_interfaces__rosidl_typesupport_introspection_cpp.dir/rosidl_typesupport_introspection_cpp/mycobot_interfaces/srv/detail/detection_rq__type_support.cpp.o[0m
[1.550s] [ 41%] [32mBuilding CXX object CMakeFiles/mycobot_interfaces__rosidl_typesupport_fastrtps_cpp.dir/rosidl_typesupport_fastrtps_cpp/mycobot_interfaces/srv/detail/dds_fastrtps/detection_rq__type_support.cpp.o[0m
[1.583s] [ 45%] [32mBuilding C object CMakeFiles/mycobot_interfaces__rosidl_typesupport_introspection_c.dir/rosidl_typesupport_introspection_c/mycobot_interfaces/srv/detail/detection_rq__type_support.c.o[0m
[1.595s] [ 48%] [32mBuilding CXX object CMakeFiles/mycobot_interfaces__rosidl_typesupport_c.dir/rosidl_typesupport_c/mycobot_interfaces/srv/detection_rq__type_support.cpp.o[0m
[1.608s] [ 51%] [32m[1mLinking C shared library libmycobot_interfaces__rosidl_typesupport_introspection_c.so[0m
[1.609s] [ 54%] [32mBuilding CXX object CMakeFiles/mycobot_interfaces__rosidl_typesupport_fastrtps_c.dir/rosidl_typesupport_fastrtps_c/mycobot_interfaces/srv/detail/detection_rq__type_support_c.cpp.o[0m
[1.619s] [ 58%] [32m[1mLinking CXX shared library libmycobot_interfaces__rosidl_typesupport_c.so[0m
[1.632s] [ 58%] Built target mycobot_interfaces__rosidl_typesupport_introspection_c
[1.648s] [ 58%] Built target mycobot_interfaces__rosidl_typesupport_c
[1.661s] [ 61%] [32m[1mLinking CXX shared library libmycobot_interfaces__rosidl_typesupport_cpp.so[0m
[1.693s] [ 61%] Built target mycobot_interfaces__rosidl_typesupport_cpp
[1.771s] [ 64%] [32m[1mLinking CXX shared library libmycobot_interfaces__rosidl_typesupport_introspection_cpp.so[0m
[1.799s] [ 67%] [32m[1mLinking CXX shared library libmycobot_interfaces__rosidl_typesupport_fastrtps_cpp.so[0m
[1.808s] [ 70%] [32m[1mLinking CXX shared library libmycobot_interfaces__rosidl_typesupport_fastrtps_c.so[0m
[1.840s] [ 70%] Built target mycobot_interfaces__rosidl_typesupport_introspection_cpp
[1.867s] [ 70%] Built target mycobot_interfaces__rosidl_typesupport_fastrtps_c
[1.875s] [ 70%] Built target mycobot_interfaces__rosidl_typesupport_fastrtps_cpp
[1.891s] [ 70%] Built target mycobot_interfaces
[1.909s] [ 74%] [34m[1mGenerating Python code for ROS interfaces[0m
[2.118s] [ 74%] Built target mycobot_interfaces__py
[2.136s] [ 77%] [32mBuilding C object CMakeFiles/mycobot_interfaces__rosidl_generator_py.dir/rosidl_generator_py/mycobot_interfaces/srv/_detection_rq_s.c.o[0m
[2.216s] [ 80%] [32m[1mLinking C shared library rosidl_generator_py/mycobot_interfaces/libmycobot_interfaces__rosidl_generator_py.so[0m
[2.259s] [ 80%] Built target mycobot_interfaces__rosidl_generator_py
[2.277s] [ 83%] [32mBuilding C object CMakeFiles/mycobot_interfaces__rosidl_typesupport_fastrtps_c__pyext.dir/rosidl_generator_py/mycobot_interfaces/_mycobot_interfaces_s.ep.rosidl_typesupport_fastrtps_c.c.o[0m
[2.277s] [ 90%] [32mBuilding C object CMakeFiles/mycobot_interfaces__rosidl_typesupport_introspection_c__pyext.dir/rosidl_generator_py/mycobot_interfaces/_mycobot_interfaces_s.ep.rosidl_typesupport_introspection_c.c.o[0m
[2.277s] [ 90%] [32mBuilding C object CMakeFiles/mycobot_interfaces__rosidl_typesupport_c__pyext.dir/rosidl_generator_py/mycobot_interfaces/_mycobot_interfaces_s.ep.rosidl_typesupport_c.c.o[0m
[2.344s] [ 93%] [32m[1mLinking C shared library rosidl_generator_py/mycobot_interfaces/mycobot_interfaces_s__rosidl_typesupport_c.cpython-310-x86_64-linux-gnu.so[0m
[2.370s] [ 96%] [32m[1mLinking C shared library rosidl_generator_py/mycobot_interfaces/mycobot_interfaces_s__rosidl_typesupport_fastrtps_c.cpython-310-x86_64-linux-gnu.so[0m
[2.371s] [100%] [32m[1mLinking C shared library rosidl_generator_py/mycobot_interfaces/mycobot_interfaces_s__rosidl_typesupport_introspection_c.cpython-310-x86_64-linux-gnu.so[0m
[2.384s] [100%] Built target mycobot_interfaces__rosidl_typesupport_c__pyext
[2.407s] [100%] Built target mycobot_interfaces__rosidl_typesupport_fastrtps_c__pyext
[2.408s] [100%] Built target mycobot_interfaces__rosidl_typesupport_introspection_c__pyext
[2.418s] Invoked command in '/home/psy/2024.11.26.TurtleArm_Moveit/build/mycobot_interfaces' returned '0': CMAKE_PREFIX_PATH=/opt/ros/humble /usr/bin/cmake --build /home/psy/2024.11.26.TurtleArm_Moveit/build/mycobot_interfaces -- -j20 -l20
[2.464s] Invoking command in '/home/psy/2024.11.26.TurtleArm_Moveit/build/mycobot_interfaces': CMAKE_PREFIX_PATH=/opt/ros/humble /usr/bin/cmake --install /home/psy/2024.11.26.TurtleArm_Moveit/build/mycobot_interfaces
[2.471s] -- Install configuration: ""
[2.471s] -- Installing: /home/psy/2024.11.26.TurtleArm_Moveit/install/mycobot_interfaces/share/ament_index/resource_index/rosidl_interfaces/mycobot_interfaces
[2.471s] -- Installing: /home/psy/2024.11.26.TurtleArm_Moveit/install/mycobot_interfaces/include/mycobot_interfaces/mycobot_interfaces
[2.471s] -- Installing: /home/psy/2024.11.26.TurtleArm_Moveit/install/mycobot_interfaces/include/mycobot_interfaces/mycobot_interfaces/srv
[2.471s] -- Installing: /home/psy/2024.11.26.TurtleArm_Moveit/install/mycobot_interfaces/include/mycobot_interfaces/mycobot_interfaces/srv/detail
[2.471s] -- Installing: /home/psy/2024.11.26.TurtleArm_Moveit/install/mycobot_interfaces/include/mycobot_interfaces/mycobot_interfaces/srv/detail/detection_rq__type_support.h
[2.471s] -- Installing: /home/psy/2024.11.26.TurtleArm_Moveit/install/mycobot_interfaces/include/mycobot_interfaces/mycobot_interfaces/srv/detail/detection_rq__functions.c
[2.471s] -- Installing: /home/psy/2024.11.26.TurtleArm_Moveit/install/mycobot_interfaces/include/mycobot_interfaces/mycobot_interfaces/srv/detail/detection_rq__functions.h
[2.471s] -- Installing: /home/psy/2024.11.26.TurtleArm_Moveit/install/mycobot_interfaces/include/mycobot_interfaces/mycobot_interfaces/srv/detail/detection_rq__struct.h
[2.471s] -- Installing: /home/psy/2024.11.26.TurtleArm_Moveit/install/mycobot_interfaces/include/mycobot_interfaces/mycobot_interfaces/srv/detection_rq.h
[2.472s] -- Installing: /home/psy/2024.11.26.TurtleArm_Moveit/install/mycobot_interfaces/include/mycobot_interfaces/mycobot_interfaces/msg
[2.472s] -- Installing: /home/psy/2024.11.26.TurtleArm_Moveit/install/mycobot_interfaces/include/mycobot_interfaces/mycobot_interfaces/msg/rosidl_generator_c__visibility_control.h
[2.472s] -- Installing: /home/psy/2024.11.26.TurtleArm_Moveit/install/mycobot_interfaces/share/mycobot_interfaces/environment/library_path.sh
[2.472s] -- Installing: /home/psy/2024.11.26.TurtleArm_Moveit/install/mycobot_interfaces/share/mycobot_interfaces/environment/library_path.dsv
[2.472s] -- Installing: /home/psy/2024.11.26.TurtleArm_Moveit/install/mycobot_interfaces/lib/libmycobot_interfaces__rosidl_generator_c.so
[2.472s] -- Set runtime path of "/home/psy/2024.11.26.TurtleArm_Moveit/install/mycobot_interfaces/lib/libmycobot_interfaces__rosidl_generator_c.so" to ""
[2.472s] -- Up-to-date: /home/psy/2024.11.26.TurtleArm_Moveit/install/mycobot_interfaces/include/mycobot_interfaces/mycobot_interfaces
[2.472s] -- Up-to-date: /home/psy/2024.11.26.TurtleArm_Moveit/install/mycobot_interfaces/include/mycobot_interfaces/mycobot_interfaces/srv
[2.473s] -- Up-to-date: /home/psy/2024.11.26.TurtleArm_Moveit/install/mycobot_interfaces/include/mycobot_interfaces/mycobot_interfaces/srv/detail
[2.473s] -- Installing: /home/psy/2024.11.26.TurtleArm_Moveit/install/mycobot_interfaces/include/mycobot_interfaces/mycobot_interfaces/srv/detail/detection_rq__rosidl_typesupport_fastrtps_c.h
[2.473s] -- Up-to-date: /home/psy/2024.11.26.TurtleArm_Moveit/install/mycobot_interfaces/include/mycobot_interfaces/mycobot_interfaces/msg
[2.473s] -- Installing: /home/psy/2024.11.26.TurtleArm_Moveit/install/mycobot_interfaces/include/mycobot_interfaces/mycobot_interfaces/msg/rosidl_typesupport_fastrtps_c__visibility_control.h
[2.473s] -- Installing: /home/psy/2024.11.26.TurtleArm_Moveit/install/mycobot_interfaces/lib/libmycobot_interfaces__rosidl_typesupport_fastrtps_c.so
[2.473s] -- Set runtime path of "/home/psy/2024.11.26.TurtleArm_Moveit/install/mycobot_interfaces/lib/libmycobot_interfaces__rosidl_typesupport_fastrtps_c.so" to ""
[2.473s] -- Up-to-date: /home/psy/2024.11.26.TurtleArm_Moveit/install/mycobot_interfaces/include/mycobot_interfaces/mycobot_interfaces
[2.473s] -- Up-to-date: /home/psy/2024.11.26.TurtleArm_Moveit/install/mycobot_interfaces/include/mycobot_interfaces/mycobot_interfaces/srv
[2.473s] -- Up-to-date: /home/psy/2024.11.26.TurtleArm_Moveit/install/mycobot_interfaces/include/mycobot_interfaces/mycobot_interfaces/srv/detail
[2.473s] -- Installing: /home/psy/2024.11.26.TurtleArm_Moveit/install/mycobot_interfaces/include/mycobot_interfaces/mycobot_interfaces/srv/detail/detection_rq__type_support.c
[2.473s] -- Installing: /home/psy/2024.11.26.TurtleArm_Moveit/install/mycobot_interfaces/include/mycobot_interfaces/mycobot_interfaces/srv/detail/detection_rq__rosidl_typesupport_introspection_c.h
[2.473s] -- Up-to-date: /home/psy/2024.11.26.TurtleArm_Moveit/install/mycobot_interfaces/include/mycobot_interfaces/mycobot_interfaces/msg
[2.473s] -- Installing: /home/psy/2024.11.26.TurtleArm_Moveit/install/mycobot_interfaces/include/mycobot_interfaces/mycobot_interfaces/msg/rosidl_typesupport_introspection_c__visibility_control.h
[2.473s] -- Installing: /home/psy/2024.11.26.TurtleArm_Moveit/install/mycobot_interfaces/lib/libmycobot_interfaces__rosidl_typesupport_introspection_c.so
[2.473s] -- Set runtime path of "/home/psy/2024.11.26.TurtleArm_Moveit/install/mycobot_interfaces/lib/libmycobot_interfaces__rosidl_typesupport_introspection_c.so" to ""
[2.474s] -- Installing: /home/psy/2024.11.26.TurtleArm_Moveit/install/mycobot_interfaces/lib/libmycobot_interfaces__rosidl_typesupport_c.so
[2.474s] -- Set runtime path of "/home/psy/2024.11.26.TurtleArm_Moveit/install/mycobot_interfaces/lib/libmycobot_interfaces__rosidl_typesupport_c.so" to ""
[2.474s] -- Up-to-date: /home/psy/2024.11.26.TurtleArm_Moveit/install/mycobot_interfaces/include/mycobot_interfaces/mycobot_interfaces
[2.474s] -- Up-to-date: /home/psy/2024.11.26.TurtleArm_Moveit/install/mycobot_interfaces/include/mycobot_interfaces/mycobot_interfaces/srv
[2.474s] -- Installing: /home/psy/2024.11.26.TurtleArm_Moveit/install/mycobot_interfaces/include/mycobot_interfaces/mycobot_interfaces/srv/detection_rq.hpp
[2.474s] -- Up-to-date: /home/psy/2024.11.26.TurtleArm_Moveit/install/mycobot_interfaces/include/mycobot_interfaces/mycobot_interfaces/srv/detail
[2.474s] -- Installing: /home/psy/2024.11.26.TurtleArm_Moveit/install/mycobot_interfaces/include/mycobot_interfaces/mycobot_interfaces/srv/detail/detection_rq__struct.hpp
[2.474s] -- Installing: /home/psy/2024.11.26.TurtleArm_Moveit/install/mycobot_interfaces/include/mycobot_interfaces/mycobot_interfaces/srv/detail/detection_rq__builder.hpp
[2.474s] -- Installing: /home/psy/2024.11.26.TurtleArm_Moveit/install/mycobot_interfaces/include/mycobot_interfaces/mycobot_interfaces/srv/detail/detection_rq__traits.hpp
[2.474s] -- Up-to-date: /home/psy/2024.11.26.TurtleArm_Moveit/install/mycobot_interfaces/include/mycobot_interfaces/mycobot_interfaces
[2.474s] -- Up-to-date: /home/psy/2024.11.26.TurtleArm_Moveit/install/mycobot_interfaces/include/mycobot_interfaces/mycobot_interfaces/srv
[2.474s] -- Up-to-date: /home/psy/2024.11.26.TurtleArm_Moveit/install/mycobot_interfaces/include/mycobot_interfaces/mycobot_interfaces/srv/detail
[2.474s] -- Installing: /home/psy/2024.11.26.TurtleArm_Moveit/install/mycobot_interfaces/include/mycobot_interfaces/mycobot_interfaces/srv/detail/detection_rq__rosidl_typesupport_fastrtps_cpp.hpp
[2.475s] -- Installing: /home/psy/2024.11.26.TurtleArm_Moveit/install/mycobot_interfaces/include/mycobot_interfaces/mycobot_interfaces/srv/detail/dds_fastrtps
[2.475s] -- Up-to-date: /home/psy/2024.11.26.TurtleArm_Moveit/install/mycobot_interfaces/include/mycobot_interfaces/mycobot_interfaces/msg
[2.475s] -- Installing: /home/psy/2024.11.26.TurtleArm_Moveit/install/mycobot_interfaces/include/mycobot_interfaces/mycobot_interfaces/msg/rosidl_typesupport_fastrtps_cpp__visibility_control.h
[2.475s] -- Installing: /home/psy/2024.11.26.TurtleArm_Moveit/install/mycobot_interfaces/lib/libmycobot_interfaces__rosidl_typesupport_fastrtps_cpp.so
[2.475s] -- Set runtime path of "/home/psy/2024.11.26.TurtleArm_Moveit/install/mycobot_interfaces/lib/libmycobot_interfaces__rosidl_typesupport_fastrtps_cpp.so" to ""
[2.475s] -- Up-to-date: /home/psy/2024.11.26.TurtleArm_Moveit/install/mycobot_interfaces/include/mycobot_interfaces/mycobot_interfaces
[2.475s] -- Up-to-date: /home/psy/2024.11.26.TurtleArm_Moveit/install/mycobot_interfaces/include/mycobot_interfaces/mycobot_interfaces/srv
[2.475s] -- Up-to-date: /home/psy/2024.11.26.TurtleArm_Moveit/install/mycobot_interfaces/include/mycobot_interfaces/mycobot_interfaces/srv/detail
[2.475s] -- Installing: /home/psy/2024.11.26.TurtleArm_Moveit/install/mycobot_interfaces/include/mycobot_interfaces/mycobot_interfaces/srv/detail/detection_rq__rosidl_typesupport_introspection_cpp.hpp
[2.475s] -- Installing: /home/psy/2024.11.26.TurtleArm_Moveit/install/mycobot_interfaces/include/mycobot_interfaces/mycobot_interfaces/srv/detail/detection_rq__type_support.cpp
[2.475s] -- Installing: /home/psy/2024.11.26.TurtleArm_Moveit/install/mycobot_interfaces/lib/libmycobot_interfaces__rosidl_typesupport_introspection_cpp.so
[2.475s] -- Set runtime path of "/home/psy/2024.11.26.TurtleArm_Moveit/install/mycobot_interfaces/lib/libmycobot_interfaces__rosidl_typesupport_introspection_cpp.so" to ""
[2.475s] -- Installing: /home/psy/2024.11.26.TurtleArm_Moveit/install/mycobot_interfaces/lib/libmycobot_interfaces__rosidl_typesupport_cpp.so
[2.475s] -- Set runtime path of "/home/psy/2024.11.26.TurtleArm_Moveit/install/mycobot_interfaces/lib/libmycobot_interfaces__rosidl_typesupport_cpp.so" to ""
[2.475s] -- Installing: /home/psy/2024.11.26.TurtleArm_Moveit/install/mycobot_interfaces/share/mycobot_interfaces/environment/pythonpath.sh
[2.476s] -- Installing: /home/psy/2024.11.26.TurtleArm_Moveit/install/mycobot_interfaces/share/mycobot_interfaces/environment/pythonpath.dsv
[2.476s] -- Installing: /home/psy/2024.11.26.TurtleArm_Moveit/install/mycobot_interfaces/local/lib/python3.10/dist-packages/mycobot_interfaces-0.0.0-py3.10.egg-info
[2.476s] -- Installing: /home/psy/2024.11.26.TurtleArm_Moveit/install/mycobot_interfaces/local/lib/python3.10/dist-packages/mycobot_interfaces-0.0.0-py3.10.egg-info/PKG-INFO
[2.476s] -- Installing: /home/psy/2024.11.26.TurtleArm_Moveit/install/mycobot_interfaces/local/lib/python3.10/dist-packages/mycobot_interfaces-0.0.0-py3.10.egg-info/SOURCES.txt
[2.476s] -- Installing: /home/psy/2024.11.26.TurtleArm_Moveit/install/mycobot_interfaces/local/lib/python3.10/dist-packages/mycobot_interfaces-0.0.0-py3.10.egg-info/top_level.txt
[2.476s] -- Installing: /home/psy/2024.11.26.TurtleArm_Moveit/install/mycobot_interfaces/local/lib/python3.10/dist-packages/mycobot_interfaces-0.0.0-py3.10.egg-info/dependency_links.txt
[2.476s] -- Installing: /home/psy/2024.11.26.TurtleArm_Moveit/install/mycobot_interfaces/local/lib/python3.10/dist-packages/mycobot_interfaces
[2.476s] -- Installing: /home/psy/2024.11.26.TurtleArm_Moveit/install/mycobot_interfaces/local/lib/python3.10/dist-packages/mycobot_interfaces/srv
[2.476s] -- Installing: /home/psy/2024.11.26.TurtleArm_Moveit/install/mycobot_interfaces/local/lib/python3.10/dist-packages/mycobot_interfaces/srv/__init__.py
[2.476s] -- Installing: /home/psy/2024.11.26.TurtleArm_Moveit/install/mycobot_interfaces/local/lib/python3.10/dist-packages/mycobot_interfaces/srv/_detection_rq_s.c
[2.476s] -- Installing: /home/psy/2024.11.26.TurtleArm_Moveit/install/mycobot_interfaces/local/lib/python3.10/dist-packages/mycobot_interfaces/srv/_detection_rq.py
[2.476s] -- Installing: /home/psy/2024.11.26.TurtleArm_Moveit/install/mycobot_interfaces/local/lib/python3.10/dist-packages/mycobot_interfaces/__init__.py
[2.476s] -- Installing: /home/psy/2024.11.26.TurtleArm_Moveit/install/mycobot_interfaces/local/lib/python3.10/dist-packages/mycobot_interfaces/_mycobot_interfaces_s.ep.rosidl_typesupport_c.c
[2.476s] -- Installing: /home/psy/2024.11.26.TurtleArm_Moveit/install/mycobot_interfaces/local/lib/python3.10/dist-packages/mycobot_interfaces/mycobot_interfaces_s__rosidl_typesupport_fastrtps_c.cpython-310-x86_64-linux-gnu.so
[2.476s] -- Installing: /home/psy/2024.11.26.TurtleArm_Moveit/install/mycobot_interfaces/local/lib/python3.10/dist-packages/mycobot_interfaces/mycobot_interfaces_s__rosidl_typesupport_introspection_c.cpython-310-x86_64-linux-gnu.so
[2.476s] -- Installing: /home/psy/2024.11.26.TurtleArm_Moveit/install/mycobot_interfaces/local/lib/python3.10/dist-packages/mycobot_interfaces/libmycobot_interfaces__rosidl_generator_py.so
[2.477s] -- Installing: /home/psy/2024.11.26.TurtleArm_Moveit/install/mycobot_interfaces/local/lib/python3.10/dist-packages/mycobot_interfaces/_mycobot_interfaces_s.ep.rosidl_typesupport_fastrtps_c.c
[2.477s] -- Installing: /home/psy/2024.11.26.TurtleArm_Moveit/install/mycobot_interfaces/local/lib/python3.10/dist-packages/mycobot_interfaces/_mycobot_interfaces_s.ep.rosidl_typesupport_introspection_c.c
[2.477s] -- Installing: /home/psy/2024.11.26.TurtleArm_Moveit/install/mycobot_interfaces/local/lib/python3.10/dist-packages/mycobot_interfaces/mycobot_interfaces_s__rosidl_typesupport_c.cpython-310-x86_64-linux-gnu.so
[2.501s] Listing '/home/psy/2024.11.26.TurtleArm_Moveit/install/mycobot_interfaces/local/lib/python3.10/dist-packages/mycobot_interfaces'...
[2.501s] Compiling '/home/psy/2024.11.26.TurtleArm_Moveit/install/mycobot_interfaces/local/lib/python3.10/dist-packages/mycobot_interfaces/__init__.py'...
[2.502s] Listing '/home/psy/2024.11.26.TurtleArm_Moveit/install/mycobot_interfaces/local/lib/python3.10/dist-packages/mycobot_interfaces/srv'...
[2.502s] Compiling '/home/psy/2024.11.26.TurtleArm_Moveit/install/mycobot_interfaces/local/lib/python3.10/dist-packages/mycobot_interfaces/srv/__init__.py'...
[2.502s] Compiling '/home/psy/2024.11.26.TurtleArm_Moveit/install/mycobot_interfaces/local/lib/python3.10/dist-packages/mycobot_interfaces/srv/_detection_rq.py'...
[2.505s] -- Installing: /home/psy/2024.11.26.TurtleArm_Moveit/install/mycobot_interfaces/local/lib/python3.10/dist-packages/mycobot_interfaces/mycobot_interfaces_s__rosidl_typesupport_fastrtps_c.cpython-310-x86_64-linux-gnu.so
[2.505s] -- Set runtime path of "/home/psy/2024.11.26.TurtleArm_Moveit/install/mycobot_interfaces/local/lib/python3.10/dist-packages/mycobot_interfaces/mycobot_interfaces_s__rosidl_typesupport_fastrtps_c.cpython-310-x86_64-linux-gnu.so" to ""
[2.505s] -- Installing: /home/psy/2024.11.26.TurtleArm_Moveit/install/mycobot_interfaces/local/lib/python3.10/dist-packages/mycobot_interfaces/mycobot_interfaces_s__rosidl_typesupport_introspection_c.cpython-310-x86_64-linux-gnu.so
[2.505s] -- Set runtime path of "/home/psy/2024.11.26.TurtleArm_Moveit/install/mycobot_interfaces/local/lib/python3.10/dist-packages/mycobot_interfaces/mycobot_interfaces_s__rosidl_typesupport_introspection_c.cpython-310-x86_64-linux-gnu.so" to ""
[2.505s] -- Installing: /home/psy/2024.11.26.TurtleArm_Moveit/install/mycobot_interfaces/local/lib/python3.10/dist-packages/mycobot_interfaces/mycobot_interfaces_s__rosidl_typesupport_c.cpython-310-x86_64-linux-gnu.so
[2.506s] -- Set runtime path of "/home/psy/2024.11.26.TurtleArm_Moveit/install/mycobot_interfaces/local/lib/python3.10/dist-packages/mycobot_interfaces/mycobot_interfaces_s__rosidl_typesupport_c.cpython-310-x86_64-linux-gnu.so" to ""
[2.506s] -- Installing: /home/psy/2024.11.26.TurtleArm_Moveit/install/mycobot_interfaces/lib/libmycobot_interfaces__rosidl_generator_py.so
[2.506s] -- Set runtime path of "/home/psy/2024.11.26.TurtleArm_Moveit/install/mycobot_interfaces/lib/libmycobot_interfaces__rosidl_generator_py.so" to ""
[2.506s] -- Installing: /home/psy/2024.11.26.TurtleArm_Moveit/install/mycobot_interfaces/share/mycobot_interfaces/srv/DetectionRQ.idl
[2.506s] -- Installing: /home/psy/2024.11.26.TurtleArm_Moveit/install/mycobot_interfaces/share/mycobot_interfaces/srv/DetectionRQ.srv
[2.506s] -- Installing: /home/psy/2024.11.26.TurtleArm_Moveit/install/mycobot_interfaces/share/mycobot_interfaces/srv/DetectionRQ_Request.msg
[2.506s] -- Installing: /home/psy/2024.11.26.TurtleArm_Moveit/install/mycobot_interfaces/share/mycobot_interfaces/srv/DetectionRQ_Response.msg
[2.506s] -- Installing: /home/psy/2024.11.26.TurtleArm_Moveit/install/mycobot_interfaces/share/ament_index/resource_index/package_run_dependencies/mycobot_interfaces
[2.506s] -- Installing: /home/psy/2024.11.26.TurtleArm_Moveit/install/mycobot_interfaces/share/ament_index/resource_index/parent_prefix_path/mycobot_interfaces
[2.506s] -- Installing: /home/psy/2024.11.26.TurtleArm_Moveit/install/mycobot_interfaces/share/mycobot_interfaces/environment/ament_prefix_path.sh
[2.506s] -- Installing: /home/psy/2024.11.26.TurtleArm_Moveit/install/mycobot_interfaces/share/mycobot_interfaces/environment/ament_prefix_path.dsv
[2.507s] -- Installing: /home/psy/2024.11.26.TurtleArm_Moveit/install/mycobot_interfaces/share/mycobot_interfaces/environment/path.sh
[2.507s] -- Installing: /home/psy/2024.11.26.TurtleArm_Moveit/install/mycobot_interfaces/share/mycobot_interfaces/environment/path.dsv
[2.507s] -- Installing: /home/psy/2024.11.26.TurtleArm_Moveit/install/mycobot_interfaces/share/mycobot_interfaces/local_setup.bash
[2.507s] -- Installing: /home/psy/2024.11.26.TurtleArm_Moveit/install/mycobot_interfaces/share/mycobot_interfaces/local_setup.sh
[2.507s] -- Installing: /home/psy/2024.11.26.TurtleArm_Moveit/install/mycobot_interfaces/share/mycobot_interfaces/local_setup.zsh
[2.507s] -- Installing: /home/psy/2024.11.26.TurtleArm_Moveit/install/mycobot_interfaces/share/mycobot_interfaces/local_setup.dsv
[2.507s] -- Installing: /home/psy/2024.11.26.TurtleArm_Moveit/install/mycobot_interfaces/share/mycobot_interfaces/package.dsv
[2.507s] -- Installing: /home/psy/2024.11.26.TurtleArm_Moveit/install/mycobot_interfaces/share/ament_index/resource_index/packages/mycobot_interfaces
[2.507s] -- Installing: /home/psy/2024.11.26.TurtleArm_Moveit/install/mycobot_interfaces/share/mycobot_interfaces/cmake/export_mycobot_interfaces__rosidl_generator_cExport.cmake
[2.507s] -- Installing: /home/psy/2024.11.26.TurtleArm_Moveit/install/mycobot_interfaces/share/mycobot_interfaces/cmake/export_mycobot_interfaces__rosidl_generator_cExport-noconfig.cmake
[2.508s] -- Installing: /home/psy/2024.11.26.TurtleArm_Moveit/install/mycobot_interfaces/share/mycobot_interfaces/cmake/export_mycobot_interfaces__rosidl_typesupport_fastrtps_cExport.cmake
[2.508s] -- Installing: /home/psy/2024.11.26.TurtleArm_Moveit/install/mycobot_interfaces/share/mycobot_interfaces/cmake/export_mycobot_interfaces__rosidl_typesupport_fastrtps_cExport-noconfig.cmake
[2.508s] -- Installing: /home/psy/2024.11.26.TurtleArm_Moveit/install/mycobot_interfaces/share/mycobot_interfaces/cmake/mycobot_interfaces__rosidl_typesupport_introspection_cExport.cmake
[2.508s] -- Installing: /home/psy/2024.11.26.TurtleArm_Moveit/install/mycobot_interfaces/share/mycobot_interfaces/cmake/mycobot_interfaces__rosidl_typesupport_introspection_cExport-noconfig.cmake
[2.508s] -- Installing: /home/psy/2024.11.26.TurtleArm_Moveit/install/mycobot_interfaces/share/mycobot_interfaces/cmake/mycobot_interfaces__rosidl_typesupport_cExport.cmake
[2.508s] -- Installing: /home/psy/2024.11.26.TurtleArm_Moveit/install/mycobot_interfaces/share/mycobot_interfaces/cmake/mycobot_interfaces__rosidl_typesupport_cExport-noconfig.cmake
[2.508s] -- Installing: /home/psy/2024.11.26.TurtleArm_Moveit/install/mycobot_interfaces/share/mycobot_interfaces/cmake/export_mycobot_interfaces__rosidl_generator_cppExport.cmake
[2.508s] -- Installing: /home/psy/2024.11.26.TurtleArm_Moveit/install/mycobot_interfaces/share/mycobot_interfaces/cmake/export_mycobot_interfaces__rosidl_typesupport_fastrtps_cppExport.cmake
[2.508s] -- Installing: /home/psy/2024.11.26.TurtleArm_Moveit/install/mycobot_interfaces/share/mycobot_interfaces/cmake/export_mycobot_interfaces__rosidl_typesupport_fastrtps_cppExport-noconfig.cmake
[2.508s] -- Installing: /home/psy/2024.11.26.TurtleArm_Moveit/install/mycobot_interfaces/share/mycobot_interfaces/cmake/mycobot_interfaces__rosidl_typesupport_introspection_cppExport.cmake
[2.509s] -- Installing: /home/psy/2024.11.26.TurtleArm_Moveit/install/mycobot_interfaces/share/mycobot_interfaces/cmake/mycobot_interfaces__rosidl_typesupport_introspection_cppExport-noconfig.cmake
[2.509s] -- Installing: /home/psy/2024.11.26.TurtleArm_Moveit/install/mycobot_interfaces/share/mycobot_interfaces/cmake/mycobot_interfaces__rosidl_typesupport_cppExport.cmake
[2.509s] -- Installing: /home/psy/2024.11.26.TurtleArm_Moveit/install/mycobot_interfaces/share/mycobot_interfaces/cmake/mycobot_interfaces__rosidl_typesupport_cppExport-noconfig.cmake
[2.509s] -- Installing: /home/psy/2024.11.26.TurtleArm_Moveit/install/mycobot_interfaces/share/mycobot_interfaces/cmake/export_mycobot_interfaces__rosidl_generator_pyExport.cmake
[2.509s] -- Installing: /home/psy/2024.11.26.TurtleArm_Moveit/install/mycobot_interfaces/share/mycobot_interfaces/cmake/export_mycobot_interfaces__rosidl_generator_pyExport-noconfig.cmake
[2.509s] -- Installing: /home/psy/2024.11.26.TurtleArm_Moveit/install/mycobot_interfaces/share/mycobot_interfaces/cmake/rosidl_cmake-extras.cmake
[2.509s] -- Installing: /home/psy/2024.11.26.TurtleArm_Moveit/install/mycobot_interfaces/share/mycobot_interfaces/cmake/ament_cmake_export_dependencies-extras.cmake
[2.509s] -- Installing: /home/psy/2024.11.26.TurtleArm_Moveit/install/mycobot_interfaces/share/mycobot_interfaces/cmake/ament_cmake_export_include_directories-extras.cmake
[2.509s] -- Installing: /home/psy/2024.11.26.TurtleArm_Moveit/install/mycobot_interfaces/share/mycobot_interfaces/cmake/ament_cmake_export_libraries-extras.cmake
[2.509s] -- Installing: /home/psy/2024.11.26.TurtleArm_Moveit/install/mycobot_interfaces/share/mycobot_interfaces/cmake/ament_cmake_export_targets-extras.cmake
[2.510s] -- Installing: /home/psy/2024.11.26.TurtleArm_Moveit/install/mycobot_interfaces/share/mycobot_interfaces/cmake/rosidl_cmake_export_typesupport_targets-extras.cmake
[2.510s] -- Installing: /home/psy/2024.11.26.TurtleArm_Moveit/install/mycobot_interfaces/share/mycobot_interfaces/cmake/rosidl_cmake_export_typesupport_libraries-extras.cmake
[2.510s] -- Installing: /home/psy/2024.11.26.TurtleArm_Moveit/install/mycobot_interfaces/share/mycobot_interfaces/cmake/mycobot_interfacesConfig.cmake
[2.510s] -- Installing: /home/psy/2024.11.26.TurtleArm_Moveit/install/mycobot_interfaces/share/mycobot_interfaces/cmake/mycobot_interfacesConfig-version.cmake
[2.510s] -- Installing: /home/psy/2024.11.26.TurtleArm_Moveit/install/mycobot_interfaces/share/mycobot_interfaces/package.xml
[2.512s] Invoked command in '/home/psy/2024.11.26.TurtleArm_Moveit/build/mycobot_interfaces' returned '0': CMAKE_PREFIX_PATH=/opt/ros/humble /usr/bin/cmake --install /home/psy/2024.11.26.TurtleArm_Moveit/build/mycobot_interfaces
