[0.074s] DEBUG:colcon:Command line arguments: ['/usr/bin/colcon', 'build']
[0.074s] DEBUG:colcon:Parsed command line arguments: Namespace(log_base=None, log_level=None, verb_name='build', build_base='build', install_base='install', merge_install=False, symlink_install=False, test_result_base=None, continue_on_error=False, executor='parallel', parallel_workers=20, event_handlers=None, ignore_user_meta=False, metas=['./colcon.meta'], base_paths=['.'], packages_ignore=None, packages_ignore_regex=None, paths=None, packages_up_to=None, packages_up_to_regex=None, packages_above=None, packages_above_and_dependencies=None, packages_above_depth=None, packages_select_by_dep=None, packages_skip_by_dep=None, packages_skip_up_to=None, packages_select_build_failed=False, packages_skip_build_finished=False, packages_select_test_failures=False, packages_skip_test_passed=False, packages_select=None, packages_skip=None, packages_select_regex=None, packages_skip_regex=None, packages_start=None, packages_end=None, allow_overriding=[], cmake_args=None, cmake_target=None, cmake_target_skip_unavailable=False, cmake_clean_cache=False, cmake_clean_first=False, cmake_force_configure=False, ament_cmake_args=None, catkin_cmake_args=None, catkin_skip_building_tests=False, mixin_files=None, mixin=None, verb_parser=<colcon_mixin.mixin.mixin_argument.MixinArgumentDecorator object at 0x77ba41606bc0>, verb_extension=<colcon_core.verb.build.BuildVerb object at 0x77ba41606710>, main=<bound method BuildVerb.main of <colcon_core.verb.build.BuildVerb object at 0x77ba41606710>>, mixin_verb=('build',))
[0.164s] Level 1:colcon.colcon_core.package_discovery:discover_packages(colcon_meta) check parameters
[0.164s] Level 1:colcon.colcon_core.package_discovery:discover_packages(recursive) check parameters
[0.164s] Level 1:colcon.colcon_core.package_discovery:discover_packages(ignore) check parameters
[0.164s] Level 1:colcon.colcon_core.package_discovery:discover_packages(path) check parameters
[0.164s] Level 1:colcon.colcon_core.package_discovery:discover_packages(colcon_meta) discover
[0.164s] Level 1:colcon.colcon_core.package_discovery:discover_packages(recursive) discover
[0.164s] INFO:colcon.colcon_core.package_discovery:Crawling recursively for packages in '/home/psy/2024.11.26.TurtleArm_Moveit'
[0.164s] Level 1:colcon.colcon_core.package_identification:_identify(.) by extensions ['ignore', 'ignore_ament_install']
[0.164s] Level 1:colcon.colcon_core.package_identification:_identify(.) by extension 'ignore'
[0.164s] Level 1:colcon.colcon_core.package_identification:_identify(.) by extension 'ignore_ament_install'
[0.164s] Level 1:colcon.colcon_core.package_identification:_identify(.) by extensions ['colcon_pkg']
[0.164s] Level 1:colcon.colcon_core.package_identification:_identify(.) by extension 'colcon_pkg'
[0.164s] Level 1:colcon.colcon_core.package_identification:_identify(.) by extensions ['colcon_meta']
[0.164s] Level 1:colcon.colcon_core.package_identification:_identify(.) by extension 'colcon_meta'
[0.164s] Level 1:colcon.colcon_core.package_identification:_identify(.) by extensions ['ros']
[0.164s] Level 1:colcon.colcon_core.package_identification:_identify(.) by extension 'ros'
[0.170s] Level 1:colcon.colcon_core.package_identification:_identify(.) by extensions ['cmake', 'python']
[0.170s] Level 1:colcon.colcon_core.package_identification:_identify(.) by extension 'cmake'
[0.170s] Level 1:colcon.colcon_core.package_identification:_identify(.) by extension 'python'
[0.170s] Level 1:colcon.colcon_core.package_identification:_identify(.) by extensions ['python_setup_py']
[0.171s] Level 1:colcon.colcon_core.package_identification:_identify(.) by extension 'python_setup_py'
[0.171s] Level 1:colcon.colcon_core.package_identification:_identify(build) by extensions ['ignore', 'ignore_ament_install']
[0.171s] Level 1:colcon.colcon_core.package_identification:_identify(build) by extension 'ignore'
[0.171s] Level 1:colcon.colcon_core.package_identification:_identify(build) ignored
[0.171s] Level 1:colcon.colcon_core.package_identification:_identify(install) by extensions ['ignore', 'ignore_ament_install']
[0.171s] Level 1:colcon.colcon_core.package_identification:_identify(install) by extension 'ignore'
[0.171s] Level 1:colcon.colcon_core.package_identification:_identify(install) ignored
[0.171s] Level 1:colcon.colcon_core.package_identification:_identify(log) by extensions ['ignore', 'ignore_ament_install']
[0.171s] Level 1:colcon.colcon_core.package_identification:_identify(log) by extension 'ignore'
[0.171s] Level 1:colcon.colcon_core.package_identification:_identify(log) ignored
[0.173s] Level 1:colcon.colcon_core.package_identification:_identify(src) by extensions ['ignore', 'ignore_ament_install']
[0.173s] Level 1:colcon.colcon_core.package_identification:_identify(src) by extension 'ignore'
[0.173s] Level 1:colcon.colcon_core.package_identification:_identify(src) by extension 'ignore_ament_install'
[0.173s] Level 1:colcon.colcon_core.package_identification:_identify(src) by extensions ['colcon_pkg']
[0.173s] Level 1:colcon.colcon_core.package_identification:_identify(src) by extension 'colcon_pkg'
[0.173s] Level 1:colcon.colcon_core.package_identification:_identify(src) by extensions ['colcon_meta']
[0.173s] Level 1:colcon.colcon_core.package_identification:_identify(src) by extension 'colcon_meta'
[0.173s] Level 1:colcon.colcon_core.package_identification:_identify(src) by extensions ['ros']
[0.173s] Level 1:colcon.colcon_core.package_identification:_identify(src) by extension 'ros'
[0.173s] Level 1:colcon.colcon_core.package_identification:_identify(src) by extensions ['cmake', 'python']
[0.173s] Level 1:colcon.colcon_core.package_identification:_identify(src) by extension 'cmake'
[0.173s] Level 1:colcon.colcon_core.package_identification:_identify(src) by extension 'python'
[0.174s] Level 1:colcon.colcon_core.package_identification:_identify(src) by extensions ['python_setup_py']
[0.174s] Level 1:colcon.colcon_core.package_identification:_identify(src) by extension 'python_setup_py'
[0.174s] Level 1:colcon.colcon_core.package_identification:_identify(src/mycobot320_moveit2) by extensions ['ignore', 'ignore_ament_install']
[0.174s] Level 1:colcon.colcon_core.package_identification:_identify(src/mycobot320_moveit2) by extension 'ignore'
[0.174s] Level 1:colcon.colcon_core.package_identification:_identify(src/mycobot320_moveit2) by extension 'ignore_ament_install'
[0.174s] Level 1:colcon.colcon_core.package_identification:_identify(src/mycobot320_moveit2) by extensions ['colcon_pkg']
[0.174s] Level 1:colcon.colcon_core.package_identification:_identify(src/mycobot320_moveit2) by extension 'colcon_pkg'
[0.174s] Level 1:colcon.colcon_core.package_identification:_identify(src/mycobot320_moveit2) by extensions ['colcon_meta']
[0.174s] Level 1:colcon.colcon_core.package_identification:_identify(src/mycobot320_moveit2) by extension 'colcon_meta'
[0.174s] Level 1:colcon.colcon_core.package_identification:_identify(src/mycobot320_moveit2) by extensions ['ros']
[0.174s] Level 1:colcon.colcon_core.package_identification:_identify(src/mycobot320_moveit2) by extension 'ros'
[0.174s] Level 1:colcon.colcon_core.package_identification:_identify(src/mycobot320_moveit2) by extensions ['cmake', 'python']
[0.174s] Level 1:colcon.colcon_core.package_identification:_identify(src/mycobot320_moveit2) by extension 'cmake'
[0.174s] Level 1:colcon.colcon_core.package_identification:_identify(src/mycobot320_moveit2) by extension 'python'
[0.174s] Level 1:colcon.colcon_core.package_identification:_identify(src/mycobot320_moveit2) by extensions ['python_setup_py']
[0.174s] Level 1:colcon.colcon_core.package_identification:_identify(src/mycobot320_moveit2) by extension 'python_setup_py'
[0.174s] Level 1:colcon.colcon_core.package_identification:_identify(src/mycobot320_moveit2/hello_moveit) by extensions ['ignore', 'ignore_ament_install']
[0.174s] Level 1:colcon.colcon_core.package_identification:_identify(src/mycobot320_moveit2/hello_moveit) by extension 'ignore'
[0.174s] Level 1:colcon.colcon_core.package_identification:_identify(src/mycobot320_moveit2/hello_moveit) by extension 'ignore_ament_install'
[0.174s] Level 1:colcon.colcon_core.package_identification:_identify(src/mycobot320_moveit2/hello_moveit) by extensions ['colcon_pkg']
[0.174s] Level 1:colcon.colcon_core.package_identification:_identify(src/mycobot320_moveit2/hello_moveit) by extension 'colcon_pkg'
[0.174s] Level 1:colcon.colcon_core.package_identification:_identify(src/mycobot320_moveit2/hello_moveit) by extensions ['colcon_meta']
[0.174s] Level 1:colcon.colcon_core.package_identification:_identify(src/mycobot320_moveit2/hello_moveit) by extension 'colcon_meta'
[0.174s] Level 1:colcon.colcon_core.package_identification:_identify(src/mycobot320_moveit2/hello_moveit) by extensions ['ros']
[0.174s] Level 1:colcon.colcon_core.package_identification:_identify(src/mycobot320_moveit2/hello_moveit) by extension 'ros'
[0.176s] DEBUG:colcon.colcon_core.package_identification:Package 'src/mycobot320_moveit2/hello_moveit' with type 'ros.ament_cmake' and name 'hello_moveit'
[0.176s] Level 1:colcon.colcon_core.package_identification:_identify(src/mycobot320_moveit2/moveit_srdf) by extensions ['ignore', 'ignore_ament_install']
[0.176s] Level 1:colcon.colcon_core.package_identification:_identify(src/mycobot320_moveit2/moveit_srdf) by extension 'ignore'
[0.176s] Level 1:colcon.colcon_core.package_identification:_identify(src/mycobot320_moveit2/moveit_srdf) by extension 'ignore_ament_install'
[0.176s] Level 1:colcon.colcon_core.package_identification:_identify(src/mycobot320_moveit2/moveit_srdf) by extensions ['colcon_pkg']
[0.176s] Level 1:colcon.colcon_core.package_identification:_identify(src/mycobot320_moveit2/moveit_srdf) by extension 'colcon_pkg'
[0.177s] Level 1:colcon.colcon_core.package_identification:_identify(src/mycobot320_moveit2/moveit_srdf) by extensions ['colcon_meta']
[0.177s] Level 1:colcon.colcon_core.package_identification:_identify(src/mycobot320_moveit2/moveit_srdf) by extension 'colcon_meta'
[0.177s] Level 1:colcon.colcon_core.package_identification:_identify(src/mycobot320_moveit2/moveit_srdf) by extensions ['ros']
[0.177s] Level 1:colcon.colcon_core.package_identification:_identify(src/mycobot320_moveit2/moveit_srdf) by extension 'ros'
[0.177s] DEBUG:colcon.colcon_core.package_identification:Package 'src/mycobot320_moveit2/moveit_srdf' with type 'ros.ament_cmake' and name 'moveit_srdf'
[0.178s] Level 1:colcon.colcon_core.package_identification:_identify(src/mycobot320_moveit2/myarm_moveit) by extensions ['ignore', 'ignore_ament_install']
[0.178s] Level 1:colcon.colcon_core.package_identification:_identify(src/mycobot320_moveit2/myarm_moveit) by extension 'ignore'
[0.178s] Level 1:colcon.colcon_core.package_identification:_identify(src/mycobot320_moveit2/myarm_moveit) by extension 'ignore_ament_install'
[0.178s] Level 1:colcon.colcon_core.package_identification:_identify(src/mycobot320_moveit2/myarm_moveit) by extensions ['colcon_pkg']
[0.178s] Level 1:colcon.colcon_core.package_identification:_identify(src/mycobot320_moveit2/myarm_moveit) by extension 'colcon_pkg'
[0.178s] Level 1:colcon.colcon_core.package_identification:_identify(src/mycobot320_moveit2/myarm_moveit) by extensions ['colcon_meta']
[0.178s] Level 1:colcon.colcon_core.package_identification:_identify(src/mycobot320_moveit2/myarm_moveit) by extension 'colcon_meta'
[0.178s] Level 1:colcon.colcon_core.package_identification:_identify(src/mycobot320_moveit2/myarm_moveit) by extensions ['ros']
[0.178s] Level 1:colcon.colcon_core.package_identification:_identify(src/mycobot320_moveit2/myarm_moveit) by extension 'ros'
[0.179s] DEBUG:colcon.colcon_core.package_identification:Package 'src/mycobot320_moveit2/myarm_moveit' with type 'ros.ament_cmake' and name 'myarm_moveit'
[0.179s] Level 1:colcon.colcon_core.package_identification:_identify(src/mycobot320_moveit2/mycobot_interfaces) by extensions ['ignore', 'ignore_ament_install']
[0.179s] Level 1:colcon.colcon_core.package_identification:_identify(src/mycobot320_moveit2/mycobot_interfaces) by extension 'ignore'
[0.179s] Level 1:colcon.colcon_core.package_identification:_identify(src/mycobot320_moveit2/mycobot_interfaces) by extension 'ignore_ament_install'
[0.179s] Level 1:colcon.colcon_core.package_identification:_identify(src/mycobot320_moveit2/mycobot_interfaces) by extensions ['colcon_pkg']
[0.179s] Level 1:colcon.colcon_core.package_identification:_identify(src/mycobot320_moveit2/mycobot_interfaces) by extension 'colcon_pkg'
[0.179s] Level 1:colcon.colcon_core.package_identification:_identify(src/mycobot320_moveit2/mycobot_interfaces) by extensions ['colcon_meta']
[0.179s] Level 1:colcon.colcon_core.package_identification:_identify(src/mycobot320_moveit2/mycobot_interfaces) by extension 'colcon_meta'
[0.179s] Level 1:colcon.colcon_core.package_identification:_identify(src/mycobot320_moveit2/mycobot_interfaces) by extensions ['ros']
[0.179s] Level 1:colcon.colcon_core.package_identification:_identify(src/mycobot320_moveit2/mycobot_interfaces) by extension 'ros'
[0.179s] DEBUG:colcon.colcon_core.package_identification:Package 'src/mycobot320_moveit2/mycobot_interfaces' with type 'ros.ament_cmake' and name 'mycobot_interfaces'
[0.180s] Level 1:colcon.colcon_core.package_identification:_identify(src/mycobot320_moveit2/mycobot_moveit) by extensions ['ignore', 'ignore_ament_install']
[0.180s] Level 1:colcon.colcon_core.package_identification:_identify(src/mycobot320_moveit2/mycobot_moveit) by extension 'ignore'
[0.180s] Level 1:colcon.colcon_core.package_identification:_identify(src/mycobot320_moveit2/mycobot_moveit) by extension 'ignore_ament_install'
[0.180s] Level 1:colcon.colcon_core.package_identification:_identify(src/mycobot320_moveit2/mycobot_moveit) by extensions ['colcon_pkg']
[0.180s] Level 1:colcon.colcon_core.package_identification:_identify(src/mycobot320_moveit2/mycobot_moveit) by extension 'colcon_pkg'
[0.180s] Level 1:colcon.colcon_core.package_identification:_identify(src/mycobot320_moveit2/mycobot_moveit) by extensions ['colcon_meta']
[0.180s] Level 1:colcon.colcon_core.package_identification:_identify(src/mycobot320_moveit2/mycobot_moveit) by extension 'colcon_meta'
[0.180s] Level 1:colcon.colcon_core.package_identification:_identify(src/mycobot320_moveit2/mycobot_moveit) by extensions ['ros']
[0.180s] Level 1:colcon.colcon_core.package_identification:_identify(src/mycobot320_moveit2/mycobot_moveit) by extension 'ros'
[0.180s] DEBUG:colcon.colcon_core.package_identification:Package 'src/mycobot320_moveit2/mycobot_moveit' with type 'ros.ament_cmake' and name 'mycobot_moveit'
[0.180s] Level 1:colcon.colcon_core.package_identification:_identify(src/mycobot320_moveit2/mycobot_ros2_controll) by extensions ['ignore', 'ignore_ament_install']
[0.180s] Level 1:colcon.colcon_core.package_identification:_identify(src/mycobot320_moveit2/mycobot_ros2_controll) by extension 'ignore'
[0.180s] Level 1:colcon.colcon_core.package_identification:_identify(src/mycobot320_moveit2/mycobot_ros2_controll) by extension 'ignore_ament_install'
[0.181s] Level 1:colcon.colcon_core.package_identification:_identify(src/mycobot320_moveit2/mycobot_ros2_controll) by extensions ['colcon_pkg']
[0.181s] Level 1:colcon.colcon_core.package_identification:_identify(src/mycobot320_moveit2/mycobot_ros2_controll) by extension 'colcon_pkg'
[0.181s] Level 1:colcon.colcon_core.package_identification:_identify(src/mycobot320_moveit2/mycobot_ros2_controll) by extensions ['colcon_meta']
[0.181s] Level 1:colcon.colcon_core.package_identification:_identify(src/mycobot320_moveit2/mycobot_ros2_controll) by extension 'colcon_meta'
[0.181s] Level 1:colcon.colcon_core.package_identification:_identify(src/mycobot320_moveit2/mycobot_ros2_controll) by extensions ['ros']
[0.181s] Level 1:colcon.colcon_core.package_identification:_identify(src/mycobot320_moveit2/mycobot_ros2_controll) by extension 'ros'
[0.181s] DEBUG:colcon.colcon_core.package_identification:Package 'src/mycobot320_moveit2/mycobot_ros2_controll' with type 'ros.ament_python' and name 'mycobot_ros2_controll'
[0.182s] Level 1:colcon.colcon_core.package_identification:_identify(src/mycobot320_moveit2/mycobot_ros2_cpp_cnt) by extensions ['ignore', 'ignore_ament_install']
[0.182s] Level 1:colcon.colcon_core.package_identification:_identify(src/mycobot320_moveit2/mycobot_ros2_cpp_cnt) by extension 'ignore'
[0.182s] Level 1:colcon.colcon_core.package_identification:_identify(src/mycobot320_moveit2/mycobot_ros2_cpp_cnt) by extension 'ignore_ament_install'
[0.182s] Level 1:colcon.colcon_core.package_identification:_identify(src/mycobot320_moveit2/mycobot_ros2_cpp_cnt) by extensions ['colcon_pkg']
[0.182s] Level 1:colcon.colcon_core.package_identification:_identify(src/mycobot320_moveit2/mycobot_ros2_cpp_cnt) by extension 'colcon_pkg'
[0.182s] Level 1:colcon.colcon_core.package_identification:_identify(src/mycobot320_moveit2/mycobot_ros2_cpp_cnt) by extensions ['colcon_meta']
[0.182s] Level 1:colcon.colcon_core.package_identification:_identify(src/mycobot320_moveit2/mycobot_ros2_cpp_cnt) by extension 'colcon_meta'
[0.182s] Level 1:colcon.colcon_core.package_identification:_identify(src/mycobot320_moveit2/mycobot_ros2_cpp_cnt) by extensions ['ros']
[0.182s] Level 1:colcon.colcon_core.package_identification:_identify(src/mycobot320_moveit2/mycobot_ros2_cpp_cnt) by extension 'ros'
[0.183s] DEBUG:colcon.colcon_core.package_identification:Package 'src/mycobot320_moveit2/mycobot_ros2_cpp_cnt' with type 'ros.ament_cmake' and name 'mycobot_ros2_cpp_cnt'
[0.183s] Level 1:colcon.colcon_core.package_identification:_identify(src/mycobot320_moveit2/mycobot_with_gripper) by extensions ['ignore', 'ignore_ament_install']
[0.183s] Level 1:colcon.colcon_core.package_identification:_identify(src/mycobot320_moveit2/mycobot_with_gripper) by extension 'ignore'
[0.183s] Level 1:colcon.colcon_core.package_identification:_identify(src/mycobot320_moveit2/mycobot_with_gripper) by extension 'ignore_ament_install'
[0.183s] Level 1:colcon.colcon_core.package_identification:_identify(src/mycobot320_moveit2/mycobot_with_gripper) by extensions ['colcon_pkg']
[0.183s] Level 1:colcon.colcon_core.package_identification:_identify(src/mycobot320_moveit2/mycobot_with_gripper) by extension 'colcon_pkg'
[0.183s] Level 1:colcon.colcon_core.package_identification:_identify(src/mycobot320_moveit2/mycobot_with_gripper) by extensions ['colcon_meta']
[0.183s] Level 1:colcon.colcon_core.package_identification:_identify(src/mycobot320_moveit2/mycobot_with_gripper) by extension 'colcon_meta'
[0.183s] Level 1:colcon.colcon_core.package_identification:_identify(src/mycobot320_moveit2/mycobot_with_gripper) by extensions ['ros']
[0.183s] Level 1:colcon.colcon_core.package_identification:_identify(src/mycobot320_moveit2/mycobot_with_gripper) by extension 'ros'
[0.183s] DEBUG:colcon.colcon_core.package_identification:Package 'src/mycobot320_moveit2/mycobot_with_gripper' with type 'ros.ament_cmake' and name 'mycobot_with_gripper'
[0.183s] Level 1:colcon.colcon_core.package_discovery:discover_packages(recursive) using defaults
[0.183s] Level 1:colcon.colcon_core.package_discovery:discover_packages(ignore) discover
[0.184s] Level 1:colcon.colcon_core.package_discovery:discover_packages(ignore) using defaults
[0.184s] Level 1:colcon.colcon_core.package_discovery:discover_packages(path) discover
[0.184s] Level 1:colcon.colcon_core.package_discovery:discover_packages(path) using defaults
[0.202s] Level 1:colcon.colcon_core.package_discovery:discover_packages(prefix_path) check parameters
[0.202s] Level 1:colcon.colcon_core.package_discovery:discover_packages(prefix_path) discover
[0.203s] DEBUG:colcon.colcon_installed_package_information.package_discovery:Found 349 installed packages in /opt/ros/humble
[0.204s] Level 1:colcon.colcon_core.package_discovery:discover_packages(prefix_path) using defaults
[0.228s] Level 5:colcon.colcon_core.verb:set package 'hello_moveit' build argument 'cmake_args' from command line to 'None'
[0.228s] Level 5:colcon.colcon_core.verb:set package 'hello_moveit' build argument 'cmake_target' from command line to 'None'
[0.228s] Level 5:colcon.colcon_core.verb:set package 'hello_moveit' build argument 'cmake_target_skip_unavailable' from command line to 'False'
[0.228s] Level 5:colcon.colcon_core.verb:set package 'hello_moveit' build argument 'cmake_clean_cache' from command line to 'False'
[0.228s] Level 5:colcon.colcon_core.verb:set package 'hello_moveit' build argument 'cmake_clean_first' from command line to 'False'
[0.228s] Level 5:colcon.colcon_core.verb:set package 'hello_moveit' build argument 'cmake_force_configure' from command line to 'False'
[0.228s] Level 5:colcon.colcon_core.verb:set package 'hello_moveit' build argument 'ament_cmake_args' from command line to 'None'
[0.228s] Level 5:colcon.colcon_core.verb:set package 'hello_moveit' build argument 'catkin_cmake_args' from command line to 'None'
[0.228s] Level 5:colcon.colcon_core.verb:set package 'hello_moveit' build argument 'catkin_skip_building_tests' from command line to 'False'
[0.228s] DEBUG:colcon.colcon_core.verb:Building package 'hello_moveit' with the following arguments: {'ament_cmake_args': None, 'build_base': '/home/psy/2024.11.26.TurtleArm_Moveit/build/hello_moveit', 'catkin_cmake_args': None, 'catkin_skip_building_tests': False, 'cmake_args': None, 'cmake_clean_cache': False, 'cmake_clean_first': False, 'cmake_force_configure': False, 'cmake_target': None, 'cmake_target_skip_unavailable': False, 'install_base': '/home/psy/2024.11.26.TurtleArm_Moveit/install/hello_moveit', 'merge_install': False, 'path': '/home/psy/2024.11.26.TurtleArm_Moveit/src/mycobot320_moveit2/hello_moveit', 'symlink_install': False, 'test_result_base': None}
[0.228s] Level 5:colcon.colcon_core.verb:set package 'mycobot_interfaces' build argument 'cmake_args' from command line to 'None'
[0.228s] Level 5:colcon.colcon_core.verb:set package 'mycobot_interfaces' build argument 'cmake_target' from command line to 'None'
[0.228s] Level 5:colcon.colcon_core.verb:set package 'mycobot_interfaces' build argument 'cmake_target_skip_unavailable' from command line to 'False'
[0.228s] Level 5:colcon.colcon_core.verb:set package 'mycobot_interfaces' build argument 'cmake_clean_cache' from command line to 'False'
[0.228s] Level 5:colcon.colcon_core.verb:set package 'mycobot_interfaces' build argument 'cmake_clean_first' from command line to 'False'
[0.228s] Level 5:colcon.colcon_core.verb:set package 'mycobot_interfaces' build argument 'cmake_force_configure' from command line to 'False'
[0.228s] Level 5:colcon.colcon_core.verb:set package 'mycobot_interfaces' build argument 'ament_cmake_args' from command line to 'None'
[0.228s] Level 5:colcon.colcon_core.verb:set package 'mycobot_interfaces' build argument 'catkin_cmake_args' from command line to 'None'
[0.228s] Level 5:colcon.colcon_core.verb:set package 'mycobot_interfaces' build argument 'catkin_skip_building_tests' from command line to 'False'
[0.228s] DEBUG:colcon.colcon_core.verb:Building package 'mycobot_interfaces' with the following arguments: {'ament_cmake_args': None, 'build_base': '/home/psy/2024.11.26.TurtleArm_Moveit/build/mycobot_interfaces', 'catkin_cmake_args': None, 'catkin_skip_building_tests': False, 'cmake_args': None, 'cmake_clean_cache': False, 'cmake_clean_first': False, 'cmake_force_configure': False, 'cmake_target': None, 'cmake_target_skip_unavailable': False, 'install_base': '/home/psy/2024.11.26.TurtleArm_Moveit/install/mycobot_interfaces', 'merge_install': False, 'path': '/home/psy/2024.11.26.TurtleArm_Moveit/src/mycobot320_moveit2/mycobot_interfaces', 'symlink_install': False, 'test_result_base': None}
[0.228s] Level 5:colcon.colcon_core.verb:set package 'mycobot_moveit' build argument 'cmake_args' from command line to 'None'
[0.228s] Level 5:colcon.colcon_core.verb:set package 'mycobot_moveit' build argument 'cmake_target' from command line to 'None'
[0.228s] Level 5:colcon.colcon_core.verb:set package 'mycobot_moveit' build argument 'cmake_target_skip_unavailable' from command line to 'False'
[0.228s] Level 5:colcon.colcon_core.verb:set package 'mycobot_moveit' build argument 'cmake_clean_cache' from command line to 'False'
[0.228s] Level 5:colcon.colcon_core.verb:set package 'mycobot_moveit' build argument 'cmake_clean_first' from command line to 'False'
[0.228s] Level 5:colcon.colcon_core.verb:set package 'mycobot_moveit' build argument 'cmake_force_configure' from command line to 'False'
[0.228s] Level 5:colcon.colcon_core.verb:set package 'mycobot_moveit' build argument 'ament_cmake_args' from command line to 'None'
[0.228s] Level 5:colcon.colcon_core.verb:set package 'mycobot_moveit' build argument 'catkin_cmake_args' from command line to 'None'
[0.229s] Level 5:colcon.colcon_core.verb:set package 'mycobot_moveit' build argument 'catkin_skip_building_tests' from command line to 'False'
[0.229s] DEBUG:colcon.colcon_core.verb:Building package 'mycobot_moveit' with the following arguments: {'ament_cmake_args': None, 'build_base': '/home/psy/2024.11.26.TurtleArm_Moveit/build/mycobot_moveit', 'catkin_cmake_args': None, 'catkin_skip_building_tests': False, 'cmake_args': None, 'cmake_clean_cache': False, 'cmake_clean_first': False, 'cmake_force_configure': False, 'cmake_target': None, 'cmake_target_skip_unavailable': False, 'install_base': '/home/psy/2024.11.26.TurtleArm_Moveit/install/mycobot_moveit', 'merge_install': False, 'path': '/home/psy/2024.11.26.TurtleArm_Moveit/src/mycobot320_moveit2/mycobot_moveit', 'symlink_install': False, 'test_result_base': None}
[0.229s] Level 5:colcon.colcon_core.verb:set package 'mycobot_with_gripper' build argument 'cmake_args' from command line to 'None'
[0.229s] Level 5:colcon.colcon_core.verb:set package 'mycobot_with_gripper' build argument 'cmake_target' from command line to 'None'
[0.229s] Level 5:colcon.colcon_core.verb:set package 'mycobot_with_gripper' build argument 'cmake_target_skip_unavailable' from command line to 'False'
[0.229s] Level 5:colcon.colcon_core.verb:set package 'mycobot_with_gripper' build argument 'cmake_clean_cache' from command line to 'False'
[0.229s] Level 5:colcon.colcon_core.verb:set package 'mycobot_with_gripper' build argument 'cmake_clean_first' from command line to 'False'
[0.229s] Level 5:colcon.colcon_core.verb:set package 'mycobot_with_gripper' build argument 'cmake_force_configure' from command line to 'False'
[0.229s] Level 5:colcon.colcon_core.verb:set package 'mycobot_with_gripper' build argument 'ament_cmake_args' from command line to 'None'
[0.229s] Level 5:colcon.colcon_core.verb:set package 'mycobot_with_gripper' build argument 'catkin_cmake_args' from command line to 'None'
[0.229s] Level 5:colcon.colcon_core.verb:set package 'mycobot_with_gripper' build argument 'catkin_skip_building_tests' from command line to 'False'
[0.229s] DEBUG:colcon.colcon_core.verb:Building package 'mycobot_with_gripper' with the following arguments: {'ament_cmake_args': None, 'build_base': '/home/psy/2024.11.26.TurtleArm_Moveit/build/mycobot_with_gripper', 'catkin_cmake_args': None, 'catkin_skip_building_tests': False, 'cmake_args': None, 'cmake_clean_cache': False, 'cmake_clean_first': False, 'cmake_force_configure': False, 'cmake_target': None, 'cmake_target_skip_unavailable': False, 'install_base': '/home/psy/2024.11.26.TurtleArm_Moveit/install/mycobot_with_gripper', 'merge_install': False, 'path': '/home/psy/2024.11.26.TurtleArm_Moveit/src/mycobot320_moveit2/mycobot_with_gripper', 'symlink_install': False, 'test_result_base': None}
[0.229s] Level 5:colcon.colcon_core.verb:set package 'moveit_srdf' build argument 'cmake_args' from command line to 'None'
[0.229s] Level 5:colcon.colcon_core.verb:set package 'moveit_srdf' build argument 'cmake_target' from command line to 'None'
[0.229s] Level 5:colcon.colcon_core.verb:set package 'moveit_srdf' build argument 'cmake_target_skip_unavailable' from command line to 'False'
[0.229s] Level 5:colcon.colcon_core.verb:set package 'moveit_srdf' build argument 'cmake_clean_cache' from command line to 'False'
[0.229s] Level 5:colcon.colcon_core.verb:set package 'moveit_srdf' build argument 'cmake_clean_first' from command line to 'False'
[0.229s] Level 5:colcon.colcon_core.verb:set package 'moveit_srdf' build argument 'cmake_force_configure' from command line to 'False'
[0.229s] Level 5:colcon.colcon_core.verb:set package 'moveit_srdf' build argument 'ament_cmake_args' from command line to 'None'
[0.229s] Level 5:colcon.colcon_core.verb:set package 'moveit_srdf' build argument 'catkin_cmake_args' from command line to 'None'
[0.229s] Level 5:colcon.colcon_core.verb:set package 'moveit_srdf' build argument 'catkin_skip_building_tests' from command line to 'False'
[0.229s] DEBUG:colcon.colcon_core.verb:Building package 'moveit_srdf' with the following arguments: {'ament_cmake_args': None, 'build_base': '/home/psy/2024.11.26.TurtleArm_Moveit/build/moveit_srdf', 'catkin_cmake_args': None, 'catkin_skip_building_tests': False, 'cmake_args': None, 'cmake_clean_cache': False, 'cmake_clean_first': False, 'cmake_force_configure': False, 'cmake_target': None, 'cmake_target_skip_unavailable': False, 'install_base': '/home/psy/2024.11.26.TurtleArm_Moveit/install/moveit_srdf', 'merge_install': False, 'path': '/home/psy/2024.11.26.TurtleArm_Moveit/src/mycobot320_moveit2/moveit_srdf', 'symlink_install': False, 'test_result_base': None}
[0.229s] Level 5:colcon.colcon_core.verb:set package 'myarm_moveit' build argument 'cmake_args' from command line to 'None'
[0.229s] Level 5:colcon.colcon_core.verb:set package 'myarm_moveit' build argument 'cmake_target' from command line to 'None'
[0.229s] Level 5:colcon.colcon_core.verb:set package 'myarm_moveit' build argument 'cmake_target_skip_unavailable' from command line to 'False'
[0.229s] Level 5:colcon.colcon_core.verb:set package 'myarm_moveit' build argument 'cmake_clean_cache' from command line to 'False'
[0.229s] Level 5:colcon.colcon_core.verb:set package 'myarm_moveit' build argument 'cmake_clean_first' from command line to 'False'
[0.229s] Level 5:colcon.colcon_core.verb:set package 'myarm_moveit' build argument 'cmake_force_configure' from command line to 'False'
[0.229s] Level 5:colcon.colcon_core.verb:set package 'myarm_moveit' build argument 'ament_cmake_args' from command line to 'None'
[0.229s] Level 5:colcon.colcon_core.verb:set package 'myarm_moveit' build argument 'catkin_cmake_args' from command line to 'None'
[0.229s] Level 5:colcon.colcon_core.verb:set package 'myarm_moveit' build argument 'catkin_skip_building_tests' from command line to 'False'
[0.229s] DEBUG:colcon.colcon_core.verb:Building package 'myarm_moveit' with the following arguments: {'ament_cmake_args': None, 'build_base': '/home/psy/2024.11.26.TurtleArm_Moveit/build/myarm_moveit', 'catkin_cmake_args': None, 'catkin_skip_building_tests': False, 'cmake_args': None, 'cmake_clean_cache': False, 'cmake_clean_first': False, 'cmake_force_configure': False, 'cmake_target': None, 'cmake_target_skip_unavailable': False, 'install_base': '/home/psy/2024.11.26.TurtleArm_Moveit/install/myarm_moveit', 'merge_install': False, 'path': '/home/psy/2024.11.26.TurtleArm_Moveit/src/mycobot320_moveit2/myarm_moveit', 'symlink_install': False, 'test_result_base': None}
[0.230s] Level 5:colcon.colcon_core.verb:set package 'mycobot_ros2_controll' build argument 'cmake_args' from command line to 'None'
[0.230s] Level 5:colcon.colcon_core.verb:set package 'mycobot_ros2_controll' build argument 'cmake_target' from command line to 'None'
[0.230s] Level 5:colcon.colcon_core.verb:set package 'mycobot_ros2_controll' build argument 'cmake_target_skip_unavailable' from command line to 'False'
[0.230s] Level 5:colcon.colcon_core.verb:set package 'mycobot_ros2_controll' build argument 'cmake_clean_cache' from command line to 'False'
[0.230s] Level 5:colcon.colcon_core.verb:set package 'mycobot_ros2_controll' build argument 'cmake_clean_first' from command line to 'False'
[0.230s] Level 5:colcon.colcon_core.verb:set package 'mycobot_ros2_controll' build argument 'cmake_force_configure' from command line to 'False'
[0.230s] Level 5:colcon.colcon_core.verb:set package 'mycobot_ros2_controll' build argument 'ament_cmake_args' from command line to 'None'
[0.230s] Level 5:colcon.colcon_core.verb:set package 'mycobot_ros2_controll' build argument 'catkin_cmake_args' from command line to 'None'
[0.230s] Level 5:colcon.colcon_core.verb:set package 'mycobot_ros2_controll' build argument 'catkin_skip_building_tests' from command line to 'False'
[0.230s] DEBUG:colcon.colcon_core.verb:Building package 'mycobot_ros2_controll' with the following arguments: {'ament_cmake_args': None, 'build_base': '/home/psy/2024.11.26.TurtleArm_Moveit/build/mycobot_ros2_controll', 'catkin_cmake_args': None, 'catkin_skip_building_tests': False, 'cmake_args': None, 'cmake_clean_cache': False, 'cmake_clean_first': False, 'cmake_force_configure': False, 'cmake_target': None, 'cmake_target_skip_unavailable': False, 'install_base': '/home/psy/2024.11.26.TurtleArm_Moveit/install/mycobot_ros2_controll', 'merge_install': False, 'path': '/home/psy/2024.11.26.TurtleArm_Moveit/src/mycobot320_moveit2/mycobot_ros2_controll', 'symlink_install': False, 'test_result_base': None}
[0.230s] Level 5:colcon.colcon_core.verb:set package 'mycobot_ros2_cpp_cnt' build argument 'cmake_args' from command line to 'None'
[0.230s] Level 5:colcon.colcon_core.verb:set package 'mycobot_ros2_cpp_cnt' build argument 'cmake_target' from command line to 'None'
[0.230s] Level 5:colcon.colcon_core.verb:set package 'mycobot_ros2_cpp_cnt' build argument 'cmake_target_skip_unavailable' from command line to 'False'
[0.230s] Level 5:colcon.colcon_core.verb:set package 'mycobot_ros2_cpp_cnt' build argument 'cmake_clean_cache' from command line to 'False'
[0.230s] Level 5:colcon.colcon_core.verb:set package 'mycobot_ros2_cpp_cnt' build argument 'cmake_clean_first' from command line to 'False'
[0.230s] Level 5:colcon.colcon_core.verb:set package 'mycobot_ros2_cpp_cnt' build argument 'cmake_force_configure' from command line to 'False'
[0.230s] Level 5:colcon.colcon_core.verb:set package 'mycobot_ros2_cpp_cnt' build argument 'ament_cmake_args' from command line to 'None'
[0.230s] Level 5:colcon.colcon_core.verb:set package 'mycobot_ros2_cpp_cnt' build argument 'catkin_cmake_args' from command line to 'None'
[0.230s] Level 5:colcon.colcon_core.verb:set package 'mycobot_ros2_cpp_cnt' build argument 'catkin_skip_building_tests' from command line to 'False'
[0.230s] DEBUG:colcon.colcon_core.verb:Building package 'mycobot_ros2_cpp_cnt' with the following arguments: {'ament_cmake_args': None, 'build_base': '/home/psy/2024.11.26.TurtleArm_Moveit/build/mycobot_ros2_cpp_cnt', 'catkin_cmake_args': None, 'catkin_skip_building_tests': False, 'cmake_args': None, 'cmake_clean_cache': False, 'cmake_clean_first': False, 'cmake_force_configure': False, 'cmake_target': None, 'cmake_target_skip_unavailable': False, 'install_base': '/home/psy/2024.11.26.TurtleArm_Moveit/install/mycobot_ros2_cpp_cnt', 'merge_install': False, 'path': '/home/psy/2024.11.26.TurtleArm_Moveit/src/mycobot320_moveit2/mycobot_ros2_cpp_cnt', 'symlink_install': False, 'test_result_base': None}
[0.230s] INFO:colcon.colcon_core.executor:Executing jobs using 'parallel' executor
[0.231s] DEBUG:colcon.colcon_parallel_executor.executor.parallel:run_until_complete
[0.231s] INFO:colcon.colcon_ros.task.ament_cmake.build:Building ROS package in '/home/psy/2024.11.26.TurtleArm_Moveit/src/mycobot320_moveit2/mycobot_interfaces' with build type 'ament_cmake'
[0.231s] INFO:colcon.colcon_cmake.task.cmake.build:Building CMake package in '/home/psy/2024.11.26.TurtleArm_Moveit/src/mycobot320_moveit2/mycobot_interfaces'
[0.232s] INFO:colcon.colcon_core.plugin_system:Skipping extension 'colcon_core.shell.bat': Not used on non-Windows systems
[0.232s] INFO:colcon.colcon_core.shell:Skip shell extension 'powershell' for command environment: Not usable outside of PowerShell
[0.232s] DEBUG:colcon.colcon_core.shell:Skip shell extension 'dsv' for command environment
[0.236s] INFO:colcon.colcon_ros.task.ament_cmake.build:Building ROS package in '/home/psy/2024.11.26.TurtleArm_Moveit/src/mycobot320_moveit2/mycobot_moveit' with build type 'ament_cmake'
[0.236s] INFO:colcon.colcon_cmake.task.cmake.build:Building CMake package in '/home/psy/2024.11.26.TurtleArm_Moveit/src/mycobot320_moveit2/mycobot_moveit'
[0.237s] INFO:colcon.colcon_core.shell:Skip shell extension 'powershell' for command environment: Not usable outside of PowerShell
[0.237s] DEBUG:colcon.colcon_core.shell:Skip shell extension 'dsv' for command environment
[0.238s] INFO:colcon.colcon_ros.task.ament_cmake.build:Building ROS package in '/home/psy/2024.11.26.TurtleArm_Moveit/src/mycobot320_moveit2/mycobot_with_gripper' with build type 'ament_cmake'
[0.238s] INFO:colcon.colcon_cmake.task.cmake.build:Building CMake package in '/home/psy/2024.11.26.TurtleArm_Moveit/src/mycobot320_moveit2/mycobot_with_gripper'
[0.238s] INFO:colcon.colcon_core.shell:Skip shell extension 'powershell' for command environment: Not usable outside of PowerShell
[0.238s] DEBUG:colcon.colcon_core.shell:Skip shell extension 'dsv' for command environment
[0.240s] INFO:colcon.colcon_ros.task.ament_cmake.build:Building ROS package in '/home/psy/2024.11.26.TurtleArm_Moveit/src/mycobot320_moveit2/hello_moveit' with build type 'ament_cmake'
[0.240s] INFO:colcon.colcon_cmake.task.cmake.build:Building CMake package in '/home/psy/2024.11.26.TurtleArm_Moveit/src/mycobot320_moveit2/hello_moveit'
[0.240s] INFO:colcon.colcon_core.shell:Skip shell extension 'powershell' for command environment: Not usable outside of PowerShell
[0.240s] DEBUG:colcon.colcon_core.shell:Skip shell extension 'dsv' for command environment
[0.245s] DEBUG:colcon.colcon_core.event_handler.log_command:Invoking command in '/home/psy/2024.11.26.TurtleArm_Moveit/build/mycobot_interfaces': CMAKE_PREFIX_PATH=/opt/ros/humble /usr/bin/cmake --build /home/psy/2024.11.26.TurtleArm_Moveit/build/mycobot_interfaces -- -j20 -l20
[0.248s] DEBUG:colcon.colcon_core.event_handler.log_command:Invoking command in '/home/psy/2024.11.26.TurtleArm_Moveit/build/mycobot_moveit': CMAKE_PREFIX_PATH=/opt/ros/humble /usr/bin/cmake --build /home/psy/2024.11.26.TurtleArm_Moveit/build/mycobot_moveit -- -j20 -l20
[0.250s] DEBUG:colcon.colcon_core.event_handler.log_command:Invoking command in '/home/psy/2024.11.26.TurtleArm_Moveit/build/mycobot_with_gripper': CMAKE_PREFIX_PATH=/opt/ros/humble /usr/bin/cmake --build /home/psy/2024.11.26.TurtleArm_Moveit/build/mycobot_with_gripper -- -j20 -l20
[0.252s] DEBUG:colcon.colcon_core.event_handler.log_command:Invoking command in '/home/psy/2024.11.26.TurtleArm_Moveit/build/hello_moveit': CMAKE_PREFIX_PATH=/opt/ros/humble /usr/bin/cmake --build /home/psy/2024.11.26.TurtleArm_Moveit/build/hello_moveit -- -j20 -l20
[0.283s] DEBUG:colcon.colcon_core.event_handler.log_command:Invoked command in '/home/psy/2024.11.26.TurtleArm_Moveit/build/mycobot_moveit' returned '0': CMAKE_PREFIX_PATH=/opt/ros/humble /usr/bin/cmake --build /home/psy/2024.11.26.TurtleArm_Moveit/build/mycobot_moveit -- -j20 -l20
[0.284s] DEBUG:colcon.colcon_core.event_handler.log_command:Invoked command in '/home/psy/2024.11.26.TurtleArm_Moveit/build/mycobot_with_gripper' returned '0': CMAKE_PREFIX_PATH=/opt/ros/humble /usr/bin/cmake --build /home/psy/2024.11.26.TurtleArm_Moveit/build/mycobot_with_gripper -- -j20 -l20
[0.317s] DEBUG:colcon.colcon_core.event_handler.log_command:Invoking command in '/home/psy/2024.11.26.TurtleArm_Moveit/build/mycobot_with_gripper': CMAKE_PREFIX_PATH=/opt/ros/humble /usr/bin/cmake --install /home/psy/2024.11.26.TurtleArm_Moveit/build/mycobot_with_gripper
[0.320s] DEBUG:colcon.colcon_core.event_handler.log_command:Invoking command in '/home/psy/2024.11.26.TurtleArm_Moveit/build/mycobot_moveit': CMAKE_PREFIX_PATH=/opt/ros/humble /usr/bin/cmake --install /home/psy/2024.11.26.TurtleArm_Moveit/build/mycobot_moveit
[0.333s] Level 1:colcon.colcon_core.environment:create_environment_scripts_only(mycobot_moveit)
[0.343s] Level 1:colcon.colcon_core.environment:checking '/home/psy/2024.11.26.TurtleArm_Moveit/install/mycobot_moveit' for CMake module files
[0.344s] DEBUG:colcon.colcon_core.event_handler.log_command:Invoked command in '/home/psy/2024.11.26.TurtleArm_Moveit/build/mycobot_moveit' returned '0': CMAKE_PREFIX_PATH=/opt/ros/humble /usr/bin/cmake --install /home/psy/2024.11.26.TurtleArm_Moveit/build/mycobot_moveit
[0.346s] Level 1:colcon.colcon_core.environment:checking '/home/psy/2024.11.26.TurtleArm_Moveit/install/mycobot_moveit' for CMake config files
[0.347s] Level 1:colcon.colcon_core.shell:create_environment_hook('mycobot_moveit', 'cmake_prefix_path')
[0.347s] INFO:colcon.colcon_core.shell:Creating environment hook '/home/psy/2024.11.26.TurtleArm_Moveit/install/mycobot_moveit/share/mycobot_moveit/hook/cmake_prefix_path.ps1'
[0.347s] INFO:colcon.colcon_core.shell:Creating environment descriptor '/home/psy/2024.11.26.TurtleArm_Moveit/install/mycobot_moveit/share/mycobot_moveit/hook/cmake_prefix_path.dsv'
[0.348s] INFO:colcon.colcon_core.shell:Creating environment hook '/home/psy/2024.11.26.TurtleArm_Moveit/install/mycobot_moveit/share/mycobot_moveit/hook/cmake_prefix_path.sh'
[0.348s] Level 1:colcon.colcon_core.environment:checking '/home/psy/2024.11.26.TurtleArm_Moveit/install/mycobot_moveit/bin'
[0.348s] Level 1:colcon.colcon_core.environment:checking '/home/psy/2024.11.26.TurtleArm_Moveit/install/mycobot_moveit/lib/pkgconfig/mycobot_moveit.pc'
[0.348s] Level 1:colcon.colcon_core.environment:checking '/home/psy/2024.11.26.TurtleArm_Moveit/install/mycobot_moveit/lib/python3.10/site-packages'
[0.348s] Level 1:colcon.colcon_core.environment:checking '/home/psy/2024.11.26.TurtleArm_Moveit/install/mycobot_moveit/bin'
[0.348s] INFO:colcon.colcon_core.shell:Creating package script '/home/psy/2024.11.26.TurtleArm_Moveit/install/mycobot_moveit/share/mycobot_moveit/package.ps1'
[0.349s] INFO:colcon.colcon_core.shell:Creating package descriptor '/home/psy/2024.11.26.TurtleArm_Moveit/install/mycobot_moveit/share/mycobot_moveit/package.dsv'
[0.349s] INFO:colcon.colcon_core.shell:Creating package script '/home/psy/2024.11.26.TurtleArm_Moveit/install/mycobot_moveit/share/mycobot_moveit/package.sh'
[0.349s] INFO:colcon.colcon_core.shell:Creating package script '/home/psy/2024.11.26.TurtleArm_Moveit/install/mycobot_moveit/share/mycobot_moveit/package.bash'
[0.350s] INFO:colcon.colcon_core.shell:Creating package script '/home/psy/2024.11.26.TurtleArm_Moveit/install/mycobot_moveit/share/mycobot_moveit/package.zsh'
[0.350s] Level 1:colcon.colcon_core.environment:create_file_with_runtime_dependencies(/home/psy/2024.11.26.TurtleArm_Moveit/install/mycobot_moveit/share/colcon-core/packages/mycobot_moveit)
[0.352s] Level 1:colcon.colcon_core.environment:create_environment_scripts_only(mycobot_with_gripper)
[0.352s] Level 1:colcon.colcon_core.environment:checking '/home/psy/2024.11.26.TurtleArm_Moveit/install/mycobot_with_gripper' for CMake module files
[0.352s] DEBUG:colcon.colcon_core.event_handler.log_command:Invoked command in '/home/psy/2024.11.26.TurtleArm_Moveit/build/mycobot_with_gripper' returned '0': CMAKE_PREFIX_PATH=/opt/ros/humble /usr/bin/cmake --install /home/psy/2024.11.26.TurtleArm_Moveit/build/mycobot_with_gripper
[0.353s] Level 1:colcon.colcon_core.environment:checking '/home/psy/2024.11.26.TurtleArm_Moveit/install/mycobot_with_gripper' for CMake config files
[0.353s] Level 1:colcon.colcon_core.shell:create_environment_hook('mycobot_with_gripper', 'cmake_prefix_path')
[0.353s] INFO:colcon.colcon_core.shell:Creating environment hook '/home/psy/2024.11.26.TurtleArm_Moveit/install/mycobot_with_gripper/share/mycobot_with_gripper/hook/cmake_prefix_path.ps1'
[0.354s] INFO:colcon.colcon_core.shell:Creating environment descriptor '/home/psy/2024.11.26.TurtleArm_Moveit/install/mycobot_with_gripper/share/mycobot_with_gripper/hook/cmake_prefix_path.dsv'
[0.354s] INFO:colcon.colcon_core.shell:Creating environment hook '/home/psy/2024.11.26.TurtleArm_Moveit/install/mycobot_with_gripper/share/mycobot_with_gripper/hook/cmake_prefix_path.sh'
[0.354s] Level 1:colcon.colcon_core.environment:checking '/home/psy/2024.11.26.TurtleArm_Moveit/install/mycobot_with_gripper/bin'
[0.354s] Level 1:colcon.colcon_core.environment:checking '/home/psy/2024.11.26.TurtleArm_Moveit/install/mycobot_with_gripper/lib/pkgconfig/mycobot_with_gripper.pc'
[0.354s] Level 1:colcon.colcon_core.environment:checking '/home/psy/2024.11.26.TurtleArm_Moveit/install/mycobot_with_gripper/lib/python3.10/site-packages'
[0.354s] Level 1:colcon.colcon_core.environment:checking '/home/psy/2024.11.26.TurtleArm_Moveit/install/mycobot_with_gripper/bin'
[0.354s] INFO:colcon.colcon_core.shell:Creating package script '/home/psy/2024.11.26.TurtleArm_Moveit/install/mycobot_with_gripper/share/mycobot_with_gripper/package.ps1'
[0.355s] INFO:colcon.colcon_core.shell:Creating package descriptor '/home/psy/2024.11.26.TurtleArm_Moveit/install/mycobot_with_gripper/share/mycobot_with_gripper/package.dsv'
[0.355s] INFO:colcon.colcon_core.shell:Creating package script '/home/psy/2024.11.26.TurtleArm_Moveit/install/mycobot_with_gripper/share/mycobot_with_gripper/package.sh'
[0.355s] INFO:colcon.colcon_core.shell:Creating package script '/home/psy/2024.11.26.TurtleArm_Moveit/install/mycobot_with_gripper/share/mycobot_with_gripper/package.bash'
[0.355s] INFO:colcon.colcon_core.shell:Creating package script '/home/psy/2024.11.26.TurtleArm_Moveit/install/mycobot_with_gripper/share/mycobot_with_gripper/package.zsh'
[0.355s] Level 1:colcon.colcon_core.environment:create_file_with_runtime_dependencies(/home/psy/2024.11.26.TurtleArm_Moveit/install/mycobot_with_gripper/share/colcon-core/packages/mycobot_with_gripper)
[0.357s] DEBUG:colcon.colcon_core.event_handler.log_command:Invoked command in '/home/psy/2024.11.26.TurtleArm_Moveit/build/hello_moveit' returned '0': CMAKE_PREFIX_PATH=/opt/ros/humble /usr/bin/cmake --build /home/psy/2024.11.26.TurtleArm_Moveit/build/hello_moveit -- -j20 -l20
[0.365s] Level 1:colcon.colcon_core.environment:create_environment_scripts_only(mycobot_moveit)
[0.365s] Level 1:colcon.colcon_core.environment:checking '/home/psy/2024.11.26.TurtleArm_Moveit/install/mycobot_moveit' for CMake module files
[0.365s] Level 1:colcon.colcon_core.environment:checking '/home/psy/2024.11.26.TurtleArm_Moveit/install/mycobot_moveit' for CMake config files
[0.365s] Level 1:colcon.colcon_core.shell:create_environment_hook('mycobot_moveit', 'cmake_prefix_path')
[0.365s] INFO:colcon.colcon_core.shell:Creating environment hook '/home/psy/2024.11.26.TurtleArm_Moveit/install/mycobot_moveit/share/mycobot_moveit/hook/cmake_prefix_path.ps1'
[0.366s] INFO:colcon.colcon_core.shell:Creating environment descriptor '/home/psy/2024.11.26.TurtleArm_Moveit/install/mycobot_moveit/share/mycobot_moveit/hook/cmake_prefix_path.dsv'
[0.366s] INFO:colcon.colcon_core.shell:Creating environment hook '/home/psy/2024.11.26.TurtleArm_Moveit/install/mycobot_moveit/share/mycobot_moveit/hook/cmake_prefix_path.sh'
[0.366s] Level 1:colcon.colcon_core.environment:checking '/home/psy/2024.11.26.TurtleArm_Moveit/install/mycobot_moveit/bin'
[0.366s] Level 1:colcon.colcon_core.environment:checking '/home/psy/2024.11.26.TurtleArm_Moveit/install/mycobot_moveit/lib/pkgconfig/mycobot_moveit.pc'
[0.366s] Level 1:colcon.colcon_core.environment:checking '/home/psy/2024.11.26.TurtleArm_Moveit/install/mycobot_moveit/lib/python3.10/site-packages'
[0.366s] Level 1:colcon.colcon_core.environment:checking '/home/psy/2024.11.26.TurtleArm_Moveit/install/mycobot_moveit/bin'
[0.366s] INFO:colcon.colcon_core.shell:Creating package script '/home/psy/2024.11.26.TurtleArm_Moveit/install/mycobot_moveit/share/mycobot_moveit/package.ps1'
[0.367s] INFO:colcon.colcon_core.shell:Creating package descriptor '/home/psy/2024.11.26.TurtleArm_Moveit/install/mycobot_moveit/share/mycobot_moveit/package.dsv'
[0.367s] INFO:colcon.colcon_core.shell:Creating package script '/home/psy/2024.11.26.TurtleArm_Moveit/install/mycobot_moveit/share/mycobot_moveit/package.sh'
[0.367s] INFO:colcon.colcon_core.shell:Creating package script '/home/psy/2024.11.26.TurtleArm_Moveit/install/mycobot_moveit/share/mycobot_moveit/package.bash'
[0.367s] INFO:colcon.colcon_core.shell:Creating package script '/home/psy/2024.11.26.TurtleArm_Moveit/install/mycobot_moveit/share/mycobot_moveit/package.zsh'
[0.367s] Level 1:colcon.colcon_core.environment:create_file_with_runtime_dependencies(/home/psy/2024.11.26.TurtleArm_Moveit/install/mycobot_moveit/share/colcon-core/packages/mycobot_moveit)
[0.368s] INFO:colcon.colcon_ros.task.ament_cmake.build:Building ROS package in '/home/psy/2024.11.26.TurtleArm_Moveit/src/mycobot320_moveit2/moveit_srdf' with build type 'ament_cmake'
[0.368s] INFO:colcon.colcon_cmake.task.cmake.build:Building CMake package in '/home/psy/2024.11.26.TurtleArm_Moveit/src/mycobot320_moveit2/moveit_srdf'
[0.368s] INFO:colcon.colcon_core.shell:Skip shell extension 'powershell' for command environment: Not usable outside of PowerShell
[0.368s] DEBUG:colcon.colcon_core.shell:Skip shell extension 'dsv' for command environment
[0.369s] INFO:colcon.colcon_ros.task.ament_cmake.build:Building ROS package in '/home/psy/2024.11.26.TurtleArm_Moveit/src/mycobot320_moveit2/myarm_moveit' with build type 'ament_cmake'
[0.370s] INFO:colcon.colcon_cmake.task.cmake.build:Building CMake package in '/home/psy/2024.11.26.TurtleArm_Moveit/src/mycobot320_moveit2/myarm_moveit'
[0.370s] INFO:colcon.colcon_core.shell:Skip shell extension 'powershell' for command environment: Not usable outside of PowerShell
[0.370s] DEBUG:colcon.colcon_core.shell:Skip shell extension 'dsv' for command environment
[0.372s] Level 1:colcon.colcon_core.environment:create_environment_scripts_only(mycobot_with_gripper)
[0.372s] Level 1:colcon.colcon_core.environment:checking '/home/psy/2024.11.26.TurtleArm_Moveit/install/mycobot_with_gripper' for CMake module files
[0.372s] Level 1:colcon.colcon_core.environment:checking '/home/psy/2024.11.26.TurtleArm_Moveit/install/mycobot_with_gripper' for CMake config files
[0.372s] Level 1:colcon.colcon_core.shell:create_environment_hook('mycobot_with_gripper', 'cmake_prefix_path')
[0.372s] INFO:colcon.colcon_core.shell:Creating environment hook '/home/psy/2024.11.26.TurtleArm_Moveit/install/mycobot_with_gripper/share/mycobot_with_gripper/hook/cmake_prefix_path.ps1'
[0.372s] INFO:colcon.colcon_core.shell:Creating environment descriptor '/home/psy/2024.11.26.TurtleArm_Moveit/install/mycobot_with_gripper/share/mycobot_with_gripper/hook/cmake_prefix_path.dsv'
[0.372s] INFO:colcon.colcon_core.shell:Creating environment hook '/home/psy/2024.11.26.TurtleArm_Moveit/install/mycobot_with_gripper/share/mycobot_with_gripper/hook/cmake_prefix_path.sh'
[0.373s] Level 1:colcon.colcon_core.environment:checking '/home/psy/2024.11.26.TurtleArm_Moveit/install/mycobot_with_gripper/bin'
[0.373s] Level 1:colcon.colcon_core.environment:checking '/home/psy/2024.11.26.TurtleArm_Moveit/install/mycobot_with_gripper/lib/pkgconfig/mycobot_with_gripper.pc'
[0.373s] Level 1:colcon.colcon_core.environment:checking '/home/psy/2024.11.26.TurtleArm_Moveit/install/mycobot_with_gripper/lib/python3.10/site-packages'
[0.373s] Level 1:colcon.colcon_core.environment:checking '/home/psy/2024.11.26.TurtleArm_Moveit/install/mycobot_with_gripper/bin'
[0.373s] INFO:colcon.colcon_core.shell:Creating package script '/home/psy/2024.11.26.TurtleArm_Moveit/install/mycobot_with_gripper/share/mycobot_with_gripper/package.ps1'
[0.373s] INFO:colcon.colcon_core.shell:Creating package descriptor '/home/psy/2024.11.26.TurtleArm_Moveit/install/mycobot_with_gripper/share/mycobot_with_gripper/package.dsv'
[0.374s] INFO:colcon.colcon_core.shell:Creating package script '/home/psy/2024.11.26.TurtleArm_Moveit/install/mycobot_with_gripper/share/mycobot_with_gripper/package.sh'
[0.374s] INFO:colcon.colcon_core.shell:Creating package script '/home/psy/2024.11.26.TurtleArm_Moveit/install/mycobot_with_gripper/share/mycobot_with_gripper/package.bash'
[0.374s] INFO:colcon.colcon_core.shell:Creating package script '/home/psy/2024.11.26.TurtleArm_Moveit/install/mycobot_with_gripper/share/mycobot_with_gripper/package.zsh'
[0.374s] Level 1:colcon.colcon_core.environment:create_file_with_runtime_dependencies(/home/psy/2024.11.26.TurtleArm_Moveit/install/mycobot_with_gripper/share/colcon-core/packages/mycobot_with_gripper)
[0.377s] DEBUG:colcon.colcon_core.event_handler.log_command:Invoking command in '/home/psy/2024.11.26.TurtleArm_Moveit/build/moveit_srdf': AMENT_PREFIX_PATH=/home/psy/2024.11.26.TurtleArm_Moveit/install/mycobot_moveit:${AMENT_PREFIX_PATH} CMAKE_PREFIX_PATH=/home/psy/2024.11.26.TurtleArm_Moveit/install/mycobot_moveit:/opt/ros/humble /usr/bin/cmake --build /home/psy/2024.11.26.TurtleArm_Moveit/build/moveit_srdf -- -j20 -l20
[0.378s] DEBUG:colcon.colcon_core.event_handler.log_command:Invoking command in '/home/psy/2024.11.26.TurtleArm_Moveit/build/myarm_moveit': AMENT_PREFIX_PATH=/home/psy/2024.11.26.TurtleArm_Moveit/install/mycobot_moveit:${AMENT_PREFIX_PATH} CMAKE_PREFIX_PATH=/home/psy/2024.11.26.TurtleArm_Moveit/install/mycobot_moveit:/opt/ros/humble /usr/bin/cmake --build /home/psy/2024.11.26.TurtleArm_Moveit/build/myarm_moveit -- -j20 -l20
[0.380s] DEBUG:colcon.colcon_core.event_handler.log_command:Invoking command in '/home/psy/2024.11.26.TurtleArm_Moveit/build/hello_moveit': CMAKE_PREFIX_PATH=/opt/ros/humble /usr/bin/cmake --install /home/psy/2024.11.26.TurtleArm_Moveit/build/hello_moveit
[0.389s] Level 1:colcon.colcon_core.environment:create_environment_scripts_only(hello_moveit)
[0.390s] Level 1:colcon.colcon_core.environment:checking '/home/psy/2024.11.26.TurtleArm_Moveit/install/hello_moveit' for CMake module files
[0.390s] DEBUG:colcon.colcon_core.event_handler.log_command:Invoked command in '/home/psy/2024.11.26.TurtleArm_Moveit/build/hello_moveit' returned '0': CMAKE_PREFIX_PATH=/opt/ros/humble /usr/bin/cmake --install /home/psy/2024.11.26.TurtleArm_Moveit/build/hello_moveit
[0.391s] Level 1:colcon.colcon_core.environment:checking '/home/psy/2024.11.26.TurtleArm_Moveit/install/hello_moveit' for CMake config files
[0.391s] Level 1:colcon.colcon_core.shell:create_environment_hook('hello_moveit', 'cmake_prefix_path')
[0.391s] INFO:colcon.colcon_core.shell:Creating environment hook '/home/psy/2024.11.26.TurtleArm_Moveit/install/hello_moveit/share/hello_moveit/hook/cmake_prefix_path.ps1'
[0.392s] INFO:colcon.colcon_core.shell:Creating environment descriptor '/home/psy/2024.11.26.TurtleArm_Moveit/install/hello_moveit/share/hello_moveit/hook/cmake_prefix_path.dsv'
[0.392s] INFO:colcon.colcon_core.shell:Creating environment hook '/home/psy/2024.11.26.TurtleArm_Moveit/install/hello_moveit/share/hello_moveit/hook/cmake_prefix_path.sh'
[0.392s] Level 1:colcon.colcon_core.environment:checking '/home/psy/2024.11.26.TurtleArm_Moveit/install/hello_moveit/lib'
[0.393s] Level 1:colcon.colcon_core.environment:checking '/home/psy/2024.11.26.TurtleArm_Moveit/install/hello_moveit/bin'
[0.393s] Level 1:colcon.colcon_core.environment:checking '/home/psy/2024.11.26.TurtleArm_Moveit/install/hello_moveit/lib/pkgconfig/hello_moveit.pc'
[0.393s] Level 1:colcon.colcon_core.environment:checking '/home/psy/2024.11.26.TurtleArm_Moveit/install/hello_moveit/lib/python3.10/site-packages'
[0.393s] Level 1:colcon.colcon_core.environment:checking '/home/psy/2024.11.26.TurtleArm_Moveit/install/hello_moveit/bin'
[0.393s] INFO:colcon.colcon_core.shell:Creating package script '/home/psy/2024.11.26.TurtleArm_Moveit/install/hello_moveit/share/hello_moveit/package.ps1'
[0.394s] INFO:colcon.colcon_core.shell:Creating package descriptor '/home/psy/2024.11.26.TurtleArm_Moveit/install/hello_moveit/share/hello_moveit/package.dsv'
[0.394s] INFO:colcon.colcon_core.shell:Creating package script '/home/psy/2024.11.26.TurtleArm_Moveit/install/hello_moveit/share/hello_moveit/package.sh'
[0.395s] INFO:colcon.colcon_core.shell:Creating package script '/home/psy/2024.11.26.TurtleArm_Moveit/install/hello_moveit/share/hello_moveit/package.bash'
[0.395s] INFO:colcon.colcon_core.shell:Creating package script '/home/psy/2024.11.26.TurtleArm_Moveit/install/hello_moveit/share/hello_moveit/package.zsh'
[0.395s] Level 1:colcon.colcon_core.environment:create_file_with_runtime_dependencies(/home/psy/2024.11.26.TurtleArm_Moveit/install/hello_moveit/share/colcon-core/packages/hello_moveit)
[0.398s] DEBUG:colcon.colcon_core.event_handler.log_command:Invoked command in '/home/psy/2024.11.26.TurtleArm_Moveit/build/moveit_srdf' returned '0': AMENT_PREFIX_PATH=/home/psy/2024.11.26.TurtleArm_Moveit/install/mycobot_moveit:${AMENT_PREFIX_PATH} CMAKE_PREFIX_PATH=/home/psy/2024.11.26.TurtleArm_Moveit/install/mycobot_moveit:/opt/ros/humble /usr/bin/cmake --build /home/psy/2024.11.26.TurtleArm_Moveit/build/moveit_srdf -- -j20 -l20
[0.401s] DEBUG:colcon.colcon_core.event_handler.log_command:Invoked command in '/home/psy/2024.11.26.TurtleArm_Moveit/build/myarm_moveit' returned '0': AMENT_PREFIX_PATH=/home/psy/2024.11.26.TurtleArm_Moveit/install/mycobot_moveit:${AMENT_PREFIX_PATH} CMAKE_PREFIX_PATH=/home/psy/2024.11.26.TurtleArm_Moveit/install/mycobot_moveit:/opt/ros/humble /usr/bin/cmake --build /home/psy/2024.11.26.TurtleArm_Moveit/build/myarm_moveit -- -j20 -l20
[0.411s] DEBUG:colcon.colcon_core.event_handler.log_command:Invoking command in '/home/psy/2024.11.26.TurtleArm_Moveit/build/moveit_srdf': AMENT_PREFIX_PATH=/home/psy/2024.11.26.TurtleArm_Moveit/install/mycobot_moveit:${AMENT_PREFIX_PATH} CMAKE_PREFIX_PATH=/home/psy/2024.11.26.TurtleArm_Moveit/install/mycobot_moveit:/opt/ros/humble /usr/bin/cmake --install /home/psy/2024.11.26.TurtleArm_Moveit/build/moveit_srdf
[0.416s] DEBUG:colcon.colcon_core.event_handler.log_command:Invoking command in '/home/psy/2024.11.26.TurtleArm_Moveit/build/myarm_moveit': AMENT_PREFIX_PATH=/home/psy/2024.11.26.TurtleArm_Moveit/install/mycobot_moveit:${AMENT_PREFIX_PATH} CMAKE_PREFIX_PATH=/home/psy/2024.11.26.TurtleArm_Moveit/install/mycobot_moveit:/opt/ros/humble /usr/bin/cmake --install /home/psy/2024.11.26.TurtleArm_Moveit/build/myarm_moveit
[0.421s] Level 1:colcon.colcon_core.environment:create_environment_scripts_only(moveit_srdf)
[0.421s] Level 1:colcon.colcon_core.environment:checking '/home/psy/2024.11.26.TurtleArm_Moveit/install/moveit_srdf' for CMake module files
[0.421s] DEBUG:colcon.colcon_core.event_handler.log_command:Invoked command in '/home/psy/2024.11.26.TurtleArm_Moveit/build/moveit_srdf' returned '0': AMENT_PREFIX_PATH=/home/psy/2024.11.26.TurtleArm_Moveit/install/mycobot_moveit:${AMENT_PREFIX_PATH} CMAKE_PREFIX_PATH=/home/psy/2024.11.26.TurtleArm_Moveit/install/mycobot_moveit:/opt/ros/humble /usr/bin/cmake --install /home/psy/2024.11.26.TurtleArm_Moveit/build/moveit_srdf
[0.424s] Level 1:colcon.colcon_core.environment:checking '/home/psy/2024.11.26.TurtleArm_Moveit/install/moveit_srdf' for CMake config files
[0.424s] Level 1:colcon.colcon_core.shell:create_environment_hook('moveit_srdf', 'cmake_prefix_path')
[0.425s] INFO:colcon.colcon_core.shell:Creating environment hook '/home/psy/2024.11.26.TurtleArm_Moveit/install/moveit_srdf/share/moveit_srdf/hook/cmake_prefix_path.ps1'
[0.425s] INFO:colcon.colcon_core.shell:Creating environment descriptor '/home/psy/2024.11.26.TurtleArm_Moveit/install/moveit_srdf/share/moveit_srdf/hook/cmake_prefix_path.dsv'
[0.425s] INFO:colcon.colcon_core.shell:Creating environment hook '/home/psy/2024.11.26.TurtleArm_Moveit/install/moveit_srdf/share/moveit_srdf/hook/cmake_prefix_path.sh'
[0.426s] Level 1:colcon.colcon_core.environment:checking '/home/psy/2024.11.26.TurtleArm_Moveit/install/moveit_srdf/bin'
[0.426s] Level 1:colcon.colcon_core.environment:checking '/home/psy/2024.11.26.TurtleArm_Moveit/install/moveit_srdf/lib/pkgconfig/moveit_srdf.pc'
[0.426s] Level 1:colcon.colcon_core.environment:checking '/home/psy/2024.11.26.TurtleArm_Moveit/install/moveit_srdf/lib/python3.10/site-packages'
[0.426s] Level 1:colcon.colcon_core.environment:checking '/home/psy/2024.11.26.TurtleArm_Moveit/install/moveit_srdf/bin'
[0.426s] INFO:colcon.colcon_core.shell:Creating package script '/home/psy/2024.11.26.TurtleArm_Moveit/install/moveit_srdf/share/moveit_srdf/package.ps1'
[0.427s] INFO:colcon.colcon_core.shell:Creating package descriptor '/home/psy/2024.11.26.TurtleArm_Moveit/install/moveit_srdf/share/moveit_srdf/package.dsv'
[0.427s] INFO:colcon.colcon_core.shell:Creating package script '/home/psy/2024.11.26.TurtleArm_Moveit/install/moveit_srdf/share/moveit_srdf/package.sh'
[0.427s] INFO:colcon.colcon_core.shell:Creating package script '/home/psy/2024.11.26.TurtleArm_Moveit/install/moveit_srdf/share/moveit_srdf/package.bash'
[0.427s] INFO:colcon.colcon_core.shell:Creating package script '/home/psy/2024.11.26.TurtleArm_Moveit/install/moveit_srdf/share/moveit_srdf/package.zsh'
[0.427s] Level 1:colcon.colcon_core.environment:create_file_with_runtime_dependencies(/home/psy/2024.11.26.TurtleArm_Moveit/install/moveit_srdf/share/colcon-core/packages/moveit_srdf)
[0.428s] Level 1:colcon.colcon_core.environment:create_environment_scripts_only(hello_moveit)
[0.428s] Level 1:colcon.colcon_core.environment:checking '/home/psy/2024.11.26.TurtleArm_Moveit/install/hello_moveit' for CMake module files
[0.429s] Level 1:colcon.colcon_core.environment:checking '/home/psy/2024.11.26.TurtleArm_Moveit/install/hello_moveit' for CMake config files
[0.429s] Level 1:colcon.colcon_core.shell:create_environment_hook('hello_moveit', 'cmake_prefix_path')
[0.429s] INFO:colcon.colcon_core.shell:Creating environment hook '/home/psy/2024.11.26.TurtleArm_Moveit/install/hello_moveit/share/hello_moveit/hook/cmake_prefix_path.ps1'
[0.429s] INFO:colcon.colcon_core.shell:Creating environment descriptor '/home/psy/2024.11.26.TurtleArm_Moveit/install/hello_moveit/share/hello_moveit/hook/cmake_prefix_path.dsv'
[0.429s] INFO:colcon.colcon_core.shell:Creating environment hook '/home/psy/2024.11.26.TurtleArm_Moveit/install/hello_moveit/share/hello_moveit/hook/cmake_prefix_path.sh'
[0.429s] Level 1:colcon.colcon_core.environment:checking '/home/psy/2024.11.26.TurtleArm_Moveit/install/hello_moveit/lib'
[0.430s] Level 1:colcon.colcon_core.environment:checking '/home/psy/2024.11.26.TurtleArm_Moveit/install/hello_moveit/bin'
[0.430s] Level 1:colcon.colcon_core.environment:checking '/home/psy/2024.11.26.TurtleArm_Moveit/install/hello_moveit/lib/pkgconfig/hello_moveit.pc'
[0.430s] Level 1:colcon.colcon_core.environment:checking '/home/psy/2024.11.26.TurtleArm_Moveit/install/hello_moveit/lib/python3.10/site-packages'
[0.430s] Level 1:colcon.colcon_core.environment:checking '/home/psy/2024.11.26.TurtleArm_Moveit/install/hello_moveit/bin'
[0.430s] INFO:colcon.colcon_core.shell:Creating package script '/home/psy/2024.11.26.TurtleArm_Moveit/install/hello_moveit/share/hello_moveit/package.ps1'
[0.430s] INFO:colcon.colcon_core.shell:Creating package descriptor '/home/psy/2024.11.26.TurtleArm_Moveit/install/hello_moveit/share/hello_moveit/package.dsv'
[0.430s] INFO:colcon.colcon_core.shell:Creating package script '/home/psy/2024.11.26.TurtleArm_Moveit/install/hello_moveit/share/hello_moveit/package.sh'
[0.431s] INFO:colcon.colcon_core.shell:Creating package script '/home/psy/2024.11.26.TurtleArm_Moveit/install/hello_moveit/share/hello_moveit/package.bash'
[0.431s] INFO:colcon.colcon_core.shell:Creating package script '/home/psy/2024.11.26.TurtleArm_Moveit/install/hello_moveit/share/hello_moveit/package.zsh'
[0.431s] Level 1:colcon.colcon_core.environment:create_file_with_runtime_dependencies(/home/psy/2024.11.26.TurtleArm_Moveit/install/hello_moveit/share/colcon-core/packages/hello_moveit)
[0.432s] Level 1:colcon.colcon_core.environment:create_environment_scripts_only(myarm_moveit)
[0.432s] Level 1:colcon.colcon_core.environment:checking '/home/psy/2024.11.26.TurtleArm_Moveit/install/myarm_moveit' for CMake module files
[0.432s] DEBUG:colcon.colcon_core.event_handler.log_command:Invoked command in '/home/psy/2024.11.26.TurtleArm_Moveit/build/myarm_moveit' returned '0': AMENT_PREFIX_PATH=/home/psy/2024.11.26.TurtleArm_Moveit/install/mycobot_moveit:${AMENT_PREFIX_PATH} CMAKE_PREFIX_PATH=/home/psy/2024.11.26.TurtleArm_Moveit/install/mycobot_moveit:/opt/ros/humble /usr/bin/cmake --install /home/psy/2024.11.26.TurtleArm_Moveit/build/myarm_moveit
[0.433s] Level 1:colcon.colcon_core.environment:checking '/home/psy/2024.11.26.TurtleArm_Moveit/install/myarm_moveit' for CMake config files
[0.433s] Level 1:colcon.colcon_core.shell:create_environment_hook('myarm_moveit', 'cmake_prefix_path')
[0.433s] INFO:colcon.colcon_core.shell:Creating environment hook '/home/psy/2024.11.26.TurtleArm_Moveit/install/myarm_moveit/share/myarm_moveit/hook/cmake_prefix_path.ps1'
[0.433s] INFO:colcon.colcon_core.shell:Creating environment descriptor '/home/psy/2024.11.26.TurtleArm_Moveit/install/myarm_moveit/share/myarm_moveit/hook/cmake_prefix_path.dsv'
[0.433s] INFO:colcon.colcon_core.shell:Creating environment hook '/home/psy/2024.11.26.TurtleArm_Moveit/install/myarm_moveit/share/myarm_moveit/hook/cmake_prefix_path.sh'
[0.434s] Level 1:colcon.colcon_core.environment:checking '/home/psy/2024.11.26.TurtleArm_Moveit/install/myarm_moveit/bin'
[0.434s] Level 1:colcon.colcon_core.environment:checking '/home/psy/2024.11.26.TurtleArm_Moveit/install/myarm_moveit/lib/pkgconfig/myarm_moveit.pc'
[0.434s] Level 1:colcon.colcon_core.environment:checking '/home/psy/2024.11.26.TurtleArm_Moveit/install/myarm_moveit/lib/python3.10/site-packages'
[0.434s] Level 1:colcon.colcon_core.environment:checking '/home/psy/2024.11.26.TurtleArm_Moveit/install/myarm_moveit/bin'
[0.434s] INFO:colcon.colcon_core.shell:Creating package script '/home/psy/2024.11.26.TurtleArm_Moveit/install/myarm_moveit/share/myarm_moveit/package.ps1'
[0.434s] INFO:colcon.colcon_core.shell:Creating package descriptor '/home/psy/2024.11.26.TurtleArm_Moveit/install/myarm_moveit/share/myarm_moveit/package.dsv'
[0.434s] INFO:colcon.colcon_core.shell:Creating package script '/home/psy/2024.11.26.TurtleArm_Moveit/install/myarm_moveit/share/myarm_moveit/package.sh'
[0.435s] INFO:colcon.colcon_core.shell:Creating package script '/home/psy/2024.11.26.TurtleArm_Moveit/install/myarm_moveit/share/myarm_moveit/package.bash'
[0.435s] INFO:colcon.colcon_core.shell:Creating package script '/home/psy/2024.11.26.TurtleArm_Moveit/install/myarm_moveit/share/myarm_moveit/package.zsh'
[0.435s] Level 1:colcon.colcon_core.environment:create_file_with_runtime_dependencies(/home/psy/2024.11.26.TurtleArm_Moveit/install/myarm_moveit/share/colcon-core/packages/myarm_moveit)
[0.441s] Level 1:colcon.colcon_core.environment:create_environment_scripts_only(moveit_srdf)
[0.441s] Level 1:colcon.colcon_core.environment:checking '/home/psy/2024.11.26.TurtleArm_Moveit/install/moveit_srdf' for CMake module files
[0.441s] Level 1:colcon.colcon_core.environment:checking '/home/psy/2024.11.26.TurtleArm_Moveit/install/moveit_srdf' for CMake config files
[0.442s] Level 1:colcon.colcon_core.shell:create_environment_hook('moveit_srdf', 'cmake_prefix_path')
[0.442s] INFO:colcon.colcon_core.shell:Creating environment hook '/home/psy/2024.11.26.TurtleArm_Moveit/install/moveit_srdf/share/moveit_srdf/hook/cmake_prefix_path.ps1'
[0.442s] INFO:colcon.colcon_core.shell:Creating environment descriptor '/home/psy/2024.11.26.TurtleArm_Moveit/install/moveit_srdf/share/moveit_srdf/hook/cmake_prefix_path.dsv'
[0.442s] INFO:colcon.colcon_core.shell:Creating environment hook '/home/psy/2024.11.26.TurtleArm_Moveit/install/moveit_srdf/share/moveit_srdf/hook/cmake_prefix_path.sh'
[0.442s] Level 1:colcon.colcon_core.environment:checking '/home/psy/2024.11.26.TurtleArm_Moveit/install/moveit_srdf/bin'
[0.442s] Level 1:colcon.colcon_core.environment:checking '/home/psy/2024.11.26.TurtleArm_Moveit/install/moveit_srdf/lib/pkgconfig/moveit_srdf.pc'
[0.443s] Level 1:colcon.colcon_core.environment:checking '/home/psy/2024.11.26.TurtleArm_Moveit/install/moveit_srdf/lib/python3.10/site-packages'
[0.443s] Level 1:colcon.colcon_core.environment:checking '/home/psy/2024.11.26.TurtleArm_Moveit/install/moveit_srdf/bin'
[0.443s] INFO:colcon.colcon_core.shell:Creating package script '/home/psy/2024.11.26.TurtleArm_Moveit/install/moveit_srdf/share/moveit_srdf/package.ps1'
[0.443s] INFO:colcon.colcon_core.shell:Creating package descriptor '/home/psy/2024.11.26.TurtleArm_Moveit/install/moveit_srdf/share/moveit_srdf/package.dsv'
[0.443s] INFO:colcon.colcon_core.shell:Creating package script '/home/psy/2024.11.26.TurtleArm_Moveit/install/moveit_srdf/share/moveit_srdf/package.sh'
[0.444s] INFO:colcon.colcon_core.shell:Creating package script '/home/psy/2024.11.26.TurtleArm_Moveit/install/moveit_srdf/share/moveit_srdf/package.bash'
[0.444s] INFO:colcon.colcon_core.shell:Creating package script '/home/psy/2024.11.26.TurtleArm_Moveit/install/moveit_srdf/share/moveit_srdf/package.zsh'
[0.444s] Level 1:colcon.colcon_core.environment:create_file_with_runtime_dependencies(/home/psy/2024.11.26.TurtleArm_Moveit/install/moveit_srdf/share/colcon-core/packages/moveit_srdf)
[0.450s] Level 1:colcon.colcon_core.environment:create_environment_scripts_only(myarm_moveit)
[0.450s] Level 1:colcon.colcon_core.environment:checking '/home/psy/2024.11.26.TurtleArm_Moveit/install/myarm_moveit' for CMake module files
[0.450s] Level 1:colcon.colcon_core.environment:checking '/home/psy/2024.11.26.TurtleArm_Moveit/install/myarm_moveit' for CMake config files
[0.450s] Level 1:colcon.colcon_core.shell:create_environment_hook('myarm_moveit', 'cmake_prefix_path')
[0.450s] INFO:colcon.colcon_core.shell:Creating environment hook '/home/psy/2024.11.26.TurtleArm_Moveit/install/myarm_moveit/share/myarm_moveit/hook/cmake_prefix_path.ps1'
[0.450s] INFO:colcon.colcon_core.shell:Creating environment descriptor '/home/psy/2024.11.26.TurtleArm_Moveit/install/myarm_moveit/share/myarm_moveit/hook/cmake_prefix_path.dsv'
[0.450s] INFO:colcon.colcon_core.shell:Creating environment hook '/home/psy/2024.11.26.TurtleArm_Moveit/install/myarm_moveit/share/myarm_moveit/hook/cmake_prefix_path.sh'
[0.451s] Level 1:colcon.colcon_core.environment:checking '/home/psy/2024.11.26.TurtleArm_Moveit/install/myarm_moveit/bin'
[0.451s] Level 1:colcon.colcon_core.environment:checking '/home/psy/2024.11.26.TurtleArm_Moveit/install/myarm_moveit/lib/pkgconfig/myarm_moveit.pc'
[0.451s] Level 1:colcon.colcon_core.environment:checking '/home/psy/2024.11.26.TurtleArm_Moveit/install/myarm_moveit/lib/python3.10/site-packages'
[0.451s] Level 1:colcon.colcon_core.environment:checking '/home/psy/2024.11.26.TurtleArm_Moveit/install/myarm_moveit/bin'
[0.451s] INFO:colcon.colcon_core.shell:Creating package script '/home/psy/2024.11.26.TurtleArm_Moveit/install/myarm_moveit/share/myarm_moveit/package.ps1'
[0.451s] INFO:colcon.colcon_core.shell:Creating package descriptor '/home/psy/2024.11.26.TurtleArm_Moveit/install/myarm_moveit/share/myarm_moveit/package.dsv'
[0.451s] INFO:colcon.colcon_core.shell:Creating package script '/home/psy/2024.11.26.TurtleArm_Moveit/install/myarm_moveit/share/myarm_moveit/package.sh'
[0.452s] INFO:colcon.colcon_core.shell:Creating package script '/home/psy/2024.11.26.TurtleArm_Moveit/install/myarm_moveit/share/myarm_moveit/package.bash'
[0.452s] INFO:colcon.colcon_core.shell:Creating package script '/home/psy/2024.11.26.TurtleArm_Moveit/install/myarm_moveit/share/myarm_moveit/package.zsh'
[0.452s] Level 1:colcon.colcon_core.environment:create_file_with_runtime_dependencies(/home/psy/2024.11.26.TurtleArm_Moveit/install/myarm_moveit/share/colcon-core/packages/myarm_moveit)
[0.490s] DEBUG:colcon.colcon_core.event_handler.log_command:Invoked command in '/home/psy/2024.11.26.TurtleArm_Moveit/build/mycobot_interfaces' returned '0': CMAKE_PREFIX_PATH=/opt/ros/humble /usr/bin/cmake --build /home/psy/2024.11.26.TurtleArm_Moveit/build/mycobot_interfaces -- -j20 -l20
[0.538s] DEBUG:colcon.colcon_core.event_handler.log_command:Invoking command in '/home/psy/2024.11.26.TurtleArm_Moveit/build/mycobot_interfaces': CMAKE_PREFIX_PATH=/opt/ros/humble /usr/bin/cmake --install /home/psy/2024.11.26.TurtleArm_Moveit/build/mycobot_interfaces
[0.592s] Level 1:colcon.colcon_core.environment:create_environment_scripts_only(mycobot_interfaces)
[0.592s] DEBUG:colcon.colcon_core.event_handler.log_command:Invoked command in '/home/psy/2024.11.26.TurtleArm_Moveit/build/mycobot_interfaces' returned '0': CMAKE_PREFIX_PATH=/opt/ros/humble /usr/bin/cmake --install /home/psy/2024.11.26.TurtleArm_Moveit/build/mycobot_interfaces
[0.592s] Level 1:colcon.colcon_core.environment:checking '/home/psy/2024.11.26.TurtleArm_Moveit/install/mycobot_interfaces' for CMake module files
[0.593s] Level 1:colcon.colcon_core.environment:checking '/home/psy/2024.11.26.TurtleArm_Moveit/install/mycobot_interfaces' for CMake config files
[0.593s] Level 1:colcon.colcon_core.shell:create_environment_hook('mycobot_interfaces', 'cmake_prefix_path')
[0.593s] INFO:colcon.colcon_core.shell:Creating environment hook '/home/psy/2024.11.26.TurtleArm_Moveit/install/mycobot_interfaces/share/mycobot_interfaces/hook/cmake_prefix_path.ps1'
[0.593s] INFO:colcon.colcon_core.shell:Creating environment descriptor '/home/psy/2024.11.26.TurtleArm_Moveit/install/mycobot_interfaces/share/mycobot_interfaces/hook/cmake_prefix_path.dsv'
[0.593s] INFO:colcon.colcon_core.shell:Creating environment hook '/home/psy/2024.11.26.TurtleArm_Moveit/install/mycobot_interfaces/share/mycobot_interfaces/hook/cmake_prefix_path.sh'
[0.594s] Level 1:colcon.colcon_core.environment:checking '/home/psy/2024.11.26.TurtleArm_Moveit/install/mycobot_interfaces/lib'
[0.594s] Level 1:colcon.colcon_core.shell:create_environment_hook('mycobot_interfaces', 'ld_library_path_lib')
[0.594s] INFO:colcon.colcon_core.shell:Creating environment hook '/home/psy/2024.11.26.TurtleArm_Moveit/install/mycobot_interfaces/share/mycobot_interfaces/hook/ld_library_path_lib.ps1'
[0.594s] INFO:colcon.colcon_core.shell:Creating environment descriptor '/home/psy/2024.11.26.TurtleArm_Moveit/install/mycobot_interfaces/share/mycobot_interfaces/hook/ld_library_path_lib.dsv'
[0.594s] INFO:colcon.colcon_core.shell:Creating environment hook '/home/psy/2024.11.26.TurtleArm_Moveit/install/mycobot_interfaces/share/mycobot_interfaces/hook/ld_library_path_lib.sh'
[0.595s] Level 1:colcon.colcon_core.environment:checking '/home/psy/2024.11.26.TurtleArm_Moveit/install/mycobot_interfaces/bin'
[0.595s] Level 1:colcon.colcon_core.environment:checking '/home/psy/2024.11.26.TurtleArm_Moveit/install/mycobot_interfaces/lib/pkgconfig/mycobot_interfaces.pc'
[0.595s] Level 1:colcon.colcon_core.environment:checking '/home/psy/2024.11.26.TurtleArm_Moveit/install/mycobot_interfaces/lib/python3.10/site-packages'
[0.595s] Level 1:colcon.colcon_core.environment:checking '/home/psy/2024.11.26.TurtleArm_Moveit/install/mycobot_interfaces/bin'
[0.595s] INFO:colcon.colcon_core.shell:Creating package script '/home/psy/2024.11.26.TurtleArm_Moveit/install/mycobot_interfaces/share/mycobot_interfaces/package.ps1'
[0.595s] INFO:colcon.colcon_core.shell:Creating package descriptor '/home/psy/2024.11.26.TurtleArm_Moveit/install/mycobot_interfaces/share/mycobot_interfaces/package.dsv'
[0.596s] INFO:colcon.colcon_core.shell:Creating package script '/home/psy/2024.11.26.TurtleArm_Moveit/install/mycobot_interfaces/share/mycobot_interfaces/package.sh'
[0.596s] INFO:colcon.colcon_core.shell:Creating package script '/home/psy/2024.11.26.TurtleArm_Moveit/install/mycobot_interfaces/share/mycobot_interfaces/package.bash'
[0.596s] INFO:colcon.colcon_core.shell:Creating package script '/home/psy/2024.11.26.TurtleArm_Moveit/install/mycobot_interfaces/share/mycobot_interfaces/package.zsh'
[0.596s] Level 1:colcon.colcon_core.environment:create_file_with_runtime_dependencies(/home/psy/2024.11.26.TurtleArm_Moveit/install/mycobot_interfaces/share/colcon-core/packages/mycobot_interfaces)
[0.652s] Level 1:colcon.colcon_core.environment:create_environment_scripts_only(mycobot_interfaces)
[0.652s] Level 1:colcon.colcon_core.environment:checking '/home/psy/2024.11.26.TurtleArm_Moveit/install/mycobot_interfaces' for CMake module files
[0.652s] Level 1:colcon.colcon_core.environment:checking '/home/psy/2024.11.26.TurtleArm_Moveit/install/mycobot_interfaces' for CMake config files
[0.653s] Level 1:colcon.colcon_core.shell:create_environment_hook('mycobot_interfaces', 'cmake_prefix_path')
[0.653s] INFO:colcon.colcon_core.shell:Creating environment hook '/home/psy/2024.11.26.TurtleArm_Moveit/install/mycobot_interfaces/share/mycobot_interfaces/hook/cmake_prefix_path.ps1'
[0.653s] INFO:colcon.colcon_core.shell:Creating environment descriptor '/home/psy/2024.11.26.TurtleArm_Moveit/install/mycobot_interfaces/share/mycobot_interfaces/hook/cmake_prefix_path.dsv'
[0.653s] INFO:colcon.colcon_core.shell:Creating environment hook '/home/psy/2024.11.26.TurtleArm_Moveit/install/mycobot_interfaces/share/mycobot_interfaces/hook/cmake_prefix_path.sh'
[0.653s] Level 1:colcon.colcon_core.environment:checking '/home/psy/2024.11.26.TurtleArm_Moveit/install/mycobot_interfaces/lib'
[0.653s] Level 1:colcon.colcon_core.shell:create_environment_hook('mycobot_interfaces', 'ld_library_path_lib')
[0.653s] INFO:colcon.colcon_core.shell:Creating environment hook '/home/psy/2024.11.26.TurtleArm_Moveit/install/mycobot_interfaces/share/mycobot_interfaces/hook/ld_library_path_lib.ps1'
[0.654s] INFO:colcon.colcon_core.shell:Creating environment descriptor '/home/psy/2024.11.26.TurtleArm_Moveit/install/mycobot_interfaces/share/mycobot_interfaces/hook/ld_library_path_lib.dsv'
[0.654s] INFO:colcon.colcon_core.shell:Creating environment hook '/home/psy/2024.11.26.TurtleArm_Moveit/install/mycobot_interfaces/share/mycobot_interfaces/hook/ld_library_path_lib.sh'
[0.654s] Level 1:colcon.colcon_core.environment:checking '/home/psy/2024.11.26.TurtleArm_Moveit/install/mycobot_interfaces/bin'
[0.654s] Level 1:colcon.colcon_core.environment:checking '/home/psy/2024.11.26.TurtleArm_Moveit/install/mycobot_interfaces/lib/pkgconfig/mycobot_interfaces.pc'
[0.654s] Level 1:colcon.colcon_core.environment:checking '/home/psy/2024.11.26.TurtleArm_Moveit/install/mycobot_interfaces/lib/python3.10/site-packages'
[0.654s] Level 1:colcon.colcon_core.environment:checking '/home/psy/2024.11.26.TurtleArm_Moveit/install/mycobot_interfaces/bin'
[0.654s] INFO:colcon.colcon_core.shell:Creating package script '/home/psy/2024.11.26.TurtleArm_Moveit/install/mycobot_interfaces/share/mycobot_interfaces/package.ps1'
[0.654s] INFO:colcon.colcon_core.shell:Creating package descriptor '/home/psy/2024.11.26.TurtleArm_Moveit/install/mycobot_interfaces/share/mycobot_interfaces/package.dsv'
[0.655s] INFO:colcon.colcon_core.shell:Creating package script '/home/psy/2024.11.26.TurtleArm_Moveit/install/mycobot_interfaces/share/mycobot_interfaces/package.sh'
[0.655s] INFO:colcon.colcon_core.shell:Creating package script '/home/psy/2024.11.26.TurtleArm_Moveit/install/mycobot_interfaces/share/mycobot_interfaces/package.bash'
[0.655s] INFO:colcon.colcon_core.shell:Creating package script '/home/psy/2024.11.26.TurtleArm_Moveit/install/mycobot_interfaces/share/mycobot_interfaces/package.zsh'
[0.655s] Level 1:colcon.colcon_core.environment:create_file_with_runtime_dependencies(/home/psy/2024.11.26.TurtleArm_Moveit/install/mycobot_interfaces/share/colcon-core/packages/mycobot_interfaces)
[0.655s] INFO:colcon.colcon_ros.task.ament_python.build:Building ROS package in '/home/psy/2024.11.26.TurtleArm_Moveit/src/mycobot320_moveit2/mycobot_ros2_controll' with build type 'ament_python'
[0.655s] Level 1:colcon.colcon_core.shell:create_environment_hook('mycobot_ros2_controll', 'ament_prefix_path')
[0.656s] INFO:colcon.colcon_core.shell:Creating environment hook '/home/psy/2024.11.26.TurtleArm_Moveit/install/mycobot_ros2_controll/share/mycobot_ros2_controll/hook/ament_prefix_path.ps1'
[0.656s] INFO:colcon.colcon_core.shell:Creating environment descriptor '/home/psy/2024.11.26.TurtleArm_Moveit/install/mycobot_ros2_controll/share/mycobot_ros2_controll/hook/ament_prefix_path.dsv'
[0.656s] INFO:colcon.colcon_core.shell:Creating environment hook '/home/psy/2024.11.26.TurtleArm_Moveit/install/mycobot_ros2_controll/share/mycobot_ros2_controll/hook/ament_prefix_path.sh'
[0.657s] INFO:colcon.colcon_core.shell:Skip shell extension 'powershell' for command environment: Not usable outside of PowerShell
[0.657s] DEBUG:colcon.colcon_core.shell:Skip shell extension 'dsv' for command environment
[0.791s] INFO:colcon.colcon_core.task.python.build:Building Python package in '/home/psy/2024.11.26.TurtleArm_Moveit/src/mycobot320_moveit2/mycobot_ros2_controll'
[0.791s] INFO:colcon.colcon_core.shell:Skip shell extension 'powershell' for command environment: Not usable outside of PowerShell
[0.791s] DEBUG:colcon.colcon_core.shell:Skip shell extension 'dsv' for command environment
[1.031s] DEBUG:colcon.colcon_core.event_handler.log_command:Invoking command in '/home/psy/2024.11.26.TurtleArm_Moveit/src/mycobot320_moveit2/mycobot_ros2_controll': AMENT_PREFIX_PATH=/home/psy/2024.11.26.TurtleArm_Moveit/install/mycobot_with_gripper:/home/psy/2024.11.26.TurtleArm_Moveit/install/mycobot_interfaces:${AMENT_PREFIX_PATH} CMAKE_PREFIX_PATH=/home/psy/2024.11.26.TurtleArm_Moveit/install/mycobot_with_gripper:/home/psy/2024.11.26.TurtleArm_Moveit/install/mycobot_interfaces LD_LIBRARY_PATH=/home/psy/2024.11.26.TurtleArm_Moveit/install/mycobot_interfaces/lib:${LD_LIBRARY_PATH} PYTHONPATH=/home/psy/2024.11.26.TurtleArm_Moveit/build/mycobot_ros2_controll/prefix_override:/usr/lib/python3/dist-packages/colcon_core/task/python/colcon_distutils_commands:/home/psy/2024.11.26.TurtleArm_Moveit/install/mycobot_ros2_controll/lib/python3.10/site-packages:/home/psy/2024.11.26.TurtleArm_Moveit/install/mycobot_interfaces/local/lib/python3.10/dist-packages:${PYTHONPATH} /usr/bin/python3 -W ignore:setup.py install is deprecated -W ignore:easy_install command is deprecated setup.py egg_info --egg-base ../../../build/mycobot_ros2_controll build --build-base /home/psy/2024.11.26.TurtleArm_Moveit/build/mycobot_ros2_controll/build install --record /home/psy/2024.11.26.TurtleArm_Moveit/build/mycobot_ros2_controll/install.log --single-version-externally-managed install_data
[1.171s] Level 1:colcon.colcon_core.environment:checking '/home/psy/2024.11.26.TurtleArm_Moveit/install/mycobot_ros2_controll' for CMake module files
[1.171s] DEBUG:colcon.colcon_core.event_handler.log_command:Invoked command in '/home/psy/2024.11.26.TurtleArm_Moveit/src/mycobot320_moveit2/mycobot_ros2_controll' returned '0': AMENT_PREFIX_PATH=/home/psy/2024.11.26.TurtleArm_Moveit/install/mycobot_with_gripper:/home/psy/2024.11.26.TurtleArm_Moveit/install/mycobot_interfaces:${AMENT_PREFIX_PATH} CMAKE_PREFIX_PATH=/home/psy/2024.11.26.TurtleArm_Moveit/install/mycobot_with_gripper:/home/psy/2024.11.26.TurtleArm_Moveit/install/mycobot_interfaces LD_LIBRARY_PATH=/home/psy/2024.11.26.TurtleArm_Moveit/install/mycobot_interfaces/lib:${LD_LIBRARY_PATH} PYTHONPATH=/home/psy/2024.11.26.TurtleArm_Moveit/build/mycobot_ros2_controll/prefix_override:/usr/lib/python3/dist-packages/colcon_core/task/python/colcon_distutils_commands:/home/psy/2024.11.26.TurtleArm_Moveit/install/mycobot_ros2_controll/lib/python3.10/site-packages:/home/psy/2024.11.26.TurtleArm_Moveit/install/mycobot_interfaces/local/lib/python3.10/dist-packages:${PYTHONPATH} /usr/bin/python3 -W ignore:setup.py install is deprecated -W ignore:easy_install command is deprecated setup.py egg_info --egg-base ../../../build/mycobot_ros2_controll build --build-base /home/psy/2024.11.26.TurtleArm_Moveit/build/mycobot_ros2_controll/build install --record /home/psy/2024.11.26.TurtleArm_Moveit/build/mycobot_ros2_controll/install.log --single-version-externally-managed install_data
[1.172s] Level 1:colcon.colcon_core.environment:checking '/home/psy/2024.11.26.TurtleArm_Moveit/install/mycobot_ros2_controll' for CMake config files
[1.172s] Level 1:colcon.colcon_core.environment:checking '/home/psy/2024.11.26.TurtleArm_Moveit/install/mycobot_ros2_controll/lib'
[1.172s] Level 1:colcon.colcon_core.environment:checking '/home/psy/2024.11.26.TurtleArm_Moveit/install/mycobot_ros2_controll/bin'
[1.173s] Level 1:colcon.colcon_core.environment:checking '/home/psy/2024.11.26.TurtleArm_Moveit/install/mycobot_ros2_controll/lib/pkgconfig/mycobot_ros2_controll.pc'
[1.173s] Level 1:colcon.colcon_core.environment:checking '/home/psy/2024.11.26.TurtleArm_Moveit/install/mycobot_ros2_controll/lib/python3.10/site-packages'
[1.173s] Level 1:colcon.colcon_core.shell:create_environment_hook('mycobot_ros2_controll', 'pythonpath')
[1.173s] INFO:colcon.colcon_core.shell:Creating environment hook '/home/psy/2024.11.26.TurtleArm_Moveit/install/mycobot_ros2_controll/share/mycobot_ros2_controll/hook/pythonpath.ps1'
[1.173s] INFO:colcon.colcon_core.shell:Creating environment descriptor '/home/psy/2024.11.26.TurtleArm_Moveit/install/mycobot_ros2_controll/share/mycobot_ros2_controll/hook/pythonpath.dsv'
[1.173s] INFO:colcon.colcon_core.shell:Creating environment hook '/home/psy/2024.11.26.TurtleArm_Moveit/install/mycobot_ros2_controll/share/mycobot_ros2_controll/hook/pythonpath.sh'
[1.174s] Level 1:colcon.colcon_core.environment:checking '/home/psy/2024.11.26.TurtleArm_Moveit/install/mycobot_ros2_controll/bin'
[1.174s] Level 1:colcon.colcon_core.environment:create_environment_scripts_only(mycobot_ros2_controll)
[1.174s] INFO:colcon.colcon_core.shell:Creating package script '/home/psy/2024.11.26.TurtleArm_Moveit/install/mycobot_ros2_controll/share/mycobot_ros2_controll/package.ps1'
[1.174s] INFO:colcon.colcon_core.shell:Creating package descriptor '/home/psy/2024.11.26.TurtleArm_Moveit/install/mycobot_ros2_controll/share/mycobot_ros2_controll/package.dsv'
[1.174s] INFO:colcon.colcon_core.shell:Creating package script '/home/psy/2024.11.26.TurtleArm_Moveit/install/mycobot_ros2_controll/share/mycobot_ros2_controll/package.sh'
[1.174s] INFO:colcon.colcon_core.shell:Creating package script '/home/psy/2024.11.26.TurtleArm_Moveit/install/mycobot_ros2_controll/share/mycobot_ros2_controll/package.bash'
[1.174s] INFO:colcon.colcon_core.shell:Creating package script '/home/psy/2024.11.26.TurtleArm_Moveit/install/mycobot_ros2_controll/share/mycobot_ros2_controll/package.zsh'
[1.175s] Level 1:colcon.colcon_core.environment:create_file_with_runtime_dependencies(/home/psy/2024.11.26.TurtleArm_Moveit/install/mycobot_ros2_controll/share/colcon-core/packages/mycobot_ros2_controll)
[1.175s] INFO:colcon.colcon_ros.task.ament_cmake.build:Building ROS package in '/home/psy/2024.11.26.TurtleArm_Moveit/src/mycobot320_moveit2/mycobot_ros2_cpp_cnt' with build type 'ament_cmake'
[1.175s] INFO:colcon.colcon_cmake.task.cmake.build:Building CMake package in '/home/psy/2024.11.26.TurtleArm_Moveit/src/mycobot320_moveit2/mycobot_ros2_cpp_cnt'
[1.175s] INFO:colcon.colcon_core.shell:Skip shell extension 'powershell' for command environment: Not usable outside of PowerShell
[1.175s] DEBUG:colcon.colcon_core.shell:Skip shell extension 'dsv' for command environment
[1.183s] DEBUG:colcon.colcon_core.event_handler.log_command:Invoking command in '/home/psy/2024.11.26.TurtleArm_Moveit/build/mycobot_ros2_cpp_cnt': AMENT_PREFIX_PATH=/home/psy/2024.11.26.TurtleArm_Moveit/install/mycobot_ros2_controll:/home/psy/2024.11.26.TurtleArm_Moveit/install/mycobot_with_gripper:/home/psy/2024.11.26.TurtleArm_Moveit/install/mycobot_interfaces:${AMENT_PREFIX_PATH} CMAKE_PREFIX_PATH=/home/psy/2024.11.26.TurtleArm_Moveit/install/mycobot_with_gripper:/home/psy/2024.11.26.TurtleArm_Moveit/install/mycobot_interfaces:/opt/ros/humble LD_LIBRARY_PATH=/home/psy/2024.11.26.TurtleArm_Moveit/install/mycobot_interfaces/lib:${LD_LIBRARY_PATH} PYTHONPATH=/home/psy/2024.11.26.TurtleArm_Moveit/install/mycobot_ros2_controll/lib/python3.10/site-packages:/home/psy/2024.11.26.TurtleArm_Moveit/install/mycobot_interfaces/local/lib/python3.10/dist-packages:${PYTHONPATH} /usr/bin/cmake --build /home/psy/2024.11.26.TurtleArm_Moveit/build/mycobot_ros2_cpp_cnt -- -j20 -l20
[1.275s] DEBUG:colcon.colcon_core.event_handler.log_command:Invoked command in '/home/psy/2024.11.26.TurtleArm_Moveit/build/mycobot_ros2_cpp_cnt' returned '0': AMENT_PREFIX_PATH=/home/psy/2024.11.26.TurtleArm_Moveit/install/mycobot_ros2_controll:/home/psy/2024.11.26.TurtleArm_Moveit/install/mycobot_with_gripper:/home/psy/2024.11.26.TurtleArm_Moveit/install/mycobot_interfaces:${AMENT_PREFIX_PATH} CMAKE_PREFIX_PATH=/home/psy/2024.11.26.TurtleArm_Moveit/install/mycobot_with_gripper:/home/psy/2024.11.26.TurtleArm_Moveit/install/mycobot_interfaces:/opt/ros/humble LD_LIBRARY_PATH=/home/psy/2024.11.26.TurtleArm_Moveit/install/mycobot_interfaces/lib:${LD_LIBRARY_PATH} PYTHONPATH=/home/psy/2024.11.26.TurtleArm_Moveit/install/mycobot_ros2_controll/lib/python3.10/site-packages:/home/psy/2024.11.26.TurtleArm_Moveit/install/mycobot_interfaces/local/lib/python3.10/dist-packages:${PYTHONPATH} /usr/bin/cmake --build /home/psy/2024.11.26.TurtleArm_Moveit/build/mycobot_ros2_cpp_cnt -- -j20 -l20
[1.308s] DEBUG:colcon.colcon_core.event_handler.log_command:Invoking command in '/home/psy/2024.11.26.TurtleArm_Moveit/build/mycobot_ros2_cpp_cnt': AMENT_PREFIX_PATH=/home/psy/2024.11.26.TurtleArm_Moveit/install/mycobot_ros2_controll:/home/psy/2024.11.26.TurtleArm_Moveit/install/mycobot_with_gripper:/home/psy/2024.11.26.TurtleArm_Moveit/install/mycobot_interfaces:${AMENT_PREFIX_PATH} CMAKE_PREFIX_PATH=/home/psy/2024.11.26.TurtleArm_Moveit/install/mycobot_with_gripper:/home/psy/2024.11.26.TurtleArm_Moveit/install/mycobot_interfaces:/opt/ros/humble LD_LIBRARY_PATH=/home/psy/2024.11.26.TurtleArm_Moveit/install/mycobot_interfaces/lib:${LD_LIBRARY_PATH} PYTHONPATH=/home/psy/2024.11.26.TurtleArm_Moveit/install/mycobot_ros2_controll/lib/python3.10/site-packages:/home/psy/2024.11.26.TurtleArm_Moveit/install/mycobot_interfaces/local/lib/python3.10/dist-packages:${PYTHONPATH} /usr/bin/cmake --install /home/psy/2024.11.26.TurtleArm_Moveit/build/mycobot_ros2_cpp_cnt
[1.321s] Level 1:colcon.colcon_core.environment:create_environment_scripts_only(mycobot_ros2_cpp_cnt)
[1.322s] Level 1:colcon.colcon_core.environment:checking '/home/psy/2024.11.26.TurtleArm_Moveit/install/mycobot_ros2_cpp_cnt' for CMake module files
[1.322s] DEBUG:colcon.colcon_core.event_handler.log_command:Invoked command in '/home/psy/2024.11.26.TurtleArm_Moveit/build/mycobot_ros2_cpp_cnt' returned '0': AMENT_PREFIX_PATH=/home/psy/2024.11.26.TurtleArm_Moveit/install/mycobot_ros2_controll:/home/psy/2024.11.26.TurtleArm_Moveit/install/mycobot_with_gripper:/home/psy/2024.11.26.TurtleArm_Moveit/install/mycobot_interfaces:${AMENT_PREFIX_PATH} CMAKE_PREFIX_PATH=/home/psy/2024.11.26.TurtleArm_Moveit/install/mycobot_with_gripper:/home/psy/2024.11.26.TurtleArm_Moveit/install/mycobot_interfaces:/opt/ros/humble LD_LIBRARY_PATH=/home/psy/2024.11.26.TurtleArm_Moveit/install/mycobot_interfaces/lib:${LD_LIBRARY_PATH} PYTHONPATH=/home/psy/2024.11.26.TurtleArm_Moveit/install/mycobot_ros2_controll/lib/python3.10/site-packages:/home/psy/2024.11.26.TurtleArm_Moveit/install/mycobot_interfaces/local/lib/python3.10/dist-packages:${PYTHONPATH} /usr/bin/cmake --install /home/psy/2024.11.26.TurtleArm_Moveit/build/mycobot_ros2_cpp_cnt
[1.323s] Level 1:colcon.colcon_core.environment:checking '/home/psy/2024.11.26.TurtleArm_Moveit/install/mycobot_ros2_cpp_cnt' for CMake config files
[1.323s] Level 1:colcon.colcon_core.shell:create_environment_hook('mycobot_ros2_cpp_cnt', 'cmake_prefix_path')
[1.323s] INFO:colcon.colcon_core.shell:Creating environment hook '/home/psy/2024.11.26.TurtleArm_Moveit/install/mycobot_ros2_cpp_cnt/share/mycobot_ros2_cpp_cnt/hook/cmake_prefix_path.ps1'
[1.324s] INFO:colcon.colcon_core.shell:Creating environment descriptor '/home/psy/2024.11.26.TurtleArm_Moveit/install/mycobot_ros2_cpp_cnt/share/mycobot_ros2_cpp_cnt/hook/cmake_prefix_path.dsv'
[1.324s] INFO:colcon.colcon_core.shell:Creating environment hook '/home/psy/2024.11.26.TurtleArm_Moveit/install/mycobot_ros2_cpp_cnt/share/mycobot_ros2_cpp_cnt/hook/cmake_prefix_path.sh'
[1.325s] Level 1:colcon.colcon_core.environment:checking '/home/psy/2024.11.26.TurtleArm_Moveit/install/mycobot_ros2_cpp_cnt/lib'
[1.325s] Level 1:colcon.colcon_core.environment:checking '/home/psy/2024.11.26.TurtleArm_Moveit/install/mycobot_ros2_cpp_cnt/bin'
[1.325s] Level 1:colcon.colcon_core.environment:checking '/home/psy/2024.11.26.TurtleArm_Moveit/install/mycobot_ros2_cpp_cnt/lib/pkgconfig/mycobot_ros2_cpp_cnt.pc'
[1.326s] Level 1:colcon.colcon_core.environment:checking '/home/psy/2024.11.26.TurtleArm_Moveit/install/mycobot_ros2_cpp_cnt/lib/python3.10/site-packages'
[1.326s] Level 1:colcon.colcon_core.environment:checking '/home/psy/2024.11.26.TurtleArm_Moveit/install/mycobot_ros2_cpp_cnt/bin'
[1.326s] INFO:colcon.colcon_core.shell:Creating package script '/home/psy/2024.11.26.TurtleArm_Moveit/install/mycobot_ros2_cpp_cnt/share/mycobot_ros2_cpp_cnt/package.ps1'
[1.327s] INFO:colcon.colcon_core.shell:Creating package descriptor '/home/psy/2024.11.26.TurtleArm_Moveit/install/mycobot_ros2_cpp_cnt/share/mycobot_ros2_cpp_cnt/package.dsv'
[1.327s] INFO:colcon.colcon_core.shell:Creating package script '/home/psy/2024.11.26.TurtleArm_Moveit/install/mycobot_ros2_cpp_cnt/share/mycobot_ros2_cpp_cnt/package.sh'
[1.328s] INFO:colcon.colcon_core.shell:Creating package script '/home/psy/2024.11.26.TurtleArm_Moveit/install/mycobot_ros2_cpp_cnt/share/mycobot_ros2_cpp_cnt/package.bash'
[1.328s] INFO:colcon.colcon_core.shell:Creating package script '/home/psy/2024.11.26.TurtleArm_Moveit/install/mycobot_ros2_cpp_cnt/share/mycobot_ros2_cpp_cnt/package.zsh'
[1.328s] Level 1:colcon.colcon_core.environment:create_file_with_runtime_dependencies(/home/psy/2024.11.26.TurtleArm_Moveit/install/mycobot_ros2_cpp_cnt/share/colcon-core/packages/mycobot_ros2_cpp_cnt)
[1.360s] Level 1:colcon.colcon_core.environment:create_environment_scripts_only(mycobot_ros2_cpp_cnt)
[1.360s] Level 1:colcon.colcon_core.environment:checking '/home/psy/2024.11.26.TurtleArm_Moveit/install/mycobot_ros2_cpp_cnt' for CMake module files
[1.361s] Level 1:colcon.colcon_core.environment:checking '/home/psy/2024.11.26.TurtleArm_Moveit/install/mycobot_ros2_cpp_cnt' for CMake config files
[1.361s] Level 1:colcon.colcon_core.shell:create_environment_hook('mycobot_ros2_cpp_cnt', 'cmake_prefix_path')
[1.361s] INFO:colcon.colcon_core.shell:Creating environment hook '/home/psy/2024.11.26.TurtleArm_Moveit/install/mycobot_ros2_cpp_cnt/share/mycobot_ros2_cpp_cnt/hook/cmake_prefix_path.ps1'
[1.361s] INFO:colcon.colcon_core.shell:Creating environment descriptor '/home/psy/2024.11.26.TurtleArm_Moveit/install/mycobot_ros2_cpp_cnt/share/mycobot_ros2_cpp_cnt/hook/cmake_prefix_path.dsv'
[1.362s] INFO:colcon.colcon_core.shell:Creating environment hook '/home/psy/2024.11.26.TurtleArm_Moveit/install/mycobot_ros2_cpp_cnt/share/mycobot_ros2_cpp_cnt/hook/cmake_prefix_path.sh'
[1.362s] Level 1:colcon.colcon_core.environment:checking '/home/psy/2024.11.26.TurtleArm_Moveit/install/mycobot_ros2_cpp_cnt/lib'
[1.362s] Level 1:colcon.colcon_core.environment:checking '/home/psy/2024.11.26.TurtleArm_Moveit/install/mycobot_ros2_cpp_cnt/bin'
[1.362s] Level 1:colcon.colcon_core.environment:checking '/home/psy/2024.11.26.TurtleArm_Moveit/install/mycobot_ros2_cpp_cnt/lib/pkgconfig/mycobot_ros2_cpp_cnt.pc'
[1.362s] Level 1:colcon.colcon_core.environment:checking '/home/psy/2024.11.26.TurtleArm_Moveit/install/mycobot_ros2_cpp_cnt/lib/python3.10/site-packages'
[1.363s] Level 1:colcon.colcon_core.environment:checking '/home/psy/2024.11.26.TurtleArm_Moveit/install/mycobot_ros2_cpp_cnt/bin'
[1.363s] INFO:colcon.colcon_core.shell:Creating package script '/home/psy/2024.11.26.TurtleArm_Moveit/install/mycobot_ros2_cpp_cnt/share/mycobot_ros2_cpp_cnt/package.ps1'
[1.363s] INFO:colcon.colcon_core.shell:Creating package descriptor '/home/psy/2024.11.26.TurtleArm_Moveit/install/mycobot_ros2_cpp_cnt/share/mycobot_ros2_cpp_cnt/package.dsv'
[1.364s] INFO:colcon.colcon_core.shell:Creating package script '/home/psy/2024.11.26.TurtleArm_Moveit/install/mycobot_ros2_cpp_cnt/share/mycobot_ros2_cpp_cnt/package.sh'
[1.364s] INFO:colcon.colcon_core.shell:Creating package script '/home/psy/2024.11.26.TurtleArm_Moveit/install/mycobot_ros2_cpp_cnt/share/mycobot_ros2_cpp_cnt/package.bash'
[1.365s] INFO:colcon.colcon_core.shell:Creating package script '/home/psy/2024.11.26.TurtleArm_Moveit/install/mycobot_ros2_cpp_cnt/share/mycobot_ros2_cpp_cnt/package.zsh'
[1.365s] Level 1:colcon.colcon_core.environment:create_file_with_runtime_dependencies(/home/psy/2024.11.26.TurtleArm_Moveit/install/mycobot_ros2_cpp_cnt/share/colcon-core/packages/mycobot_ros2_cpp_cnt)
[1.365s] DEBUG:colcon.colcon_parallel_executor.executor.parallel:closing loop
[1.365s] DEBUG:colcon.colcon_parallel_executor.executor.parallel:loop closed
[1.365s] DEBUG:colcon.colcon_parallel_executor.executor.parallel:run_until_complete finished with '0'
[1.365s] DEBUG:colcon.colcon_core.event_reactor:joining thread
[1.372s] INFO:colcon.colcon_core.plugin_system:Skipping extension 'colcon_notification.desktop_notification.terminal_notifier': Not used on non-Darwin systems
[1.372s] INFO:colcon.colcon_core.plugin_system:Skipping extension 'colcon_notification.desktop_notification.win32': Not used on non-Windows systems
[1.372s] INFO:colcon.colcon_notification.desktop_notification:Sending desktop notification using 'notify2'
[1.385s] DEBUG:colcon.colcon_core.event_reactor:joined thread
[1.385s] INFO:colcon.colcon_core.shell:Creating prefix script '/home/psy/2024.11.26.TurtleArm_Moveit/install/local_setup.ps1'
[1.386s] INFO:colcon.colcon_core.shell:Creating prefix util module '/home/psy/2024.11.26.TurtleArm_Moveit/install/_local_setup_util_ps1.py'
[1.386s] INFO:colcon.colcon_core.shell:Creating prefix chain script '/home/psy/2024.11.26.TurtleArm_Moveit/install/setup.ps1'
[1.387s] INFO:colcon.colcon_core.shell:Creating prefix script '/home/psy/2024.11.26.TurtleArm_Moveit/install/local_setup.sh'
[1.387s] INFO:colcon.colcon_core.shell:Creating prefix util module '/home/psy/2024.11.26.TurtleArm_Moveit/install/_local_setup_util_sh.py'
[1.387s] INFO:colcon.colcon_core.shell:Creating prefix chain script '/home/psy/2024.11.26.TurtleArm_Moveit/install/setup.sh'
[1.388s] INFO:colcon.colcon_core.shell:Creating prefix script '/home/psy/2024.11.26.TurtleArm_Moveit/install/local_setup.bash'
[1.388s] INFO:colcon.colcon_core.shell:Creating prefix chain script '/home/psy/2024.11.26.TurtleArm_Moveit/install/setup.bash'
[1.388s] INFO:colcon.colcon_core.shell:Creating prefix script '/home/psy/2024.11.26.TurtleArm_Moveit/install/local_setup.zsh'
[1.388s] INFO:colcon.colcon_core.shell:Creating prefix chain script '/home/psy/2024.11.26.TurtleArm_Moveit/install/setup.zsh'
