[0.014s] Invoking command in '/home/psy/2024.11.26.TurtleArm_Moveit/build/mycobot_interfaces': CMAKE_PREFIX_PATH=/opt/ros/humble /usr/bin/cmake --build /home/psy/2024.11.26.TurtleArm_Moveit/build/mycobot_interfaces -- -j20 -l20
[0.071s] [  3%] Built target mycobot_interfaces__cpp
[0.075s] [ 12%] Built target mycobot_interfaces__rosidl_generator_c
[0.089s] [ 12%] Built target ament_cmake_python_copy_mycobot_interfaces
[0.103s] [ 22%] Built target mycobot_interfaces__rosidl_typesupport_cpp
[0.107s] [ 32%] Built target mycobot_interfaces__rosidl_typesupport_fastrtps_cpp
[0.111s] [ 41%] Built target mycobot_interfaces__rosidl_typesupport_introspection_cpp
[0.114s] [ 51%] Built target mycobot_interfaces__rosidl_typesupport_introspection_c
[0.114s] [ 70%] Built target mycobot_interfaces__rosidl_typesupport_c
[0.114s] [ 70%] Built target mycobot_interfaces__rosidl_typesupport_fastrtps_c
[0.119s] [ 70%] Built target mycobot_interfaces
[0.133s] [ 74%] Built target mycobot_interfaces__py
[0.149s] [ 80%] Built target mycobot_interfaces__rosidl_generator_py
[0.163s] [ 87%] Built target mycobot_interfaces__rosidl_typesupport_fastrtps_c__pyext
[0.166s] [ 93%] Built target mycobot_interfaces__rosidl_typesupport_c__pyext
[0.166s] [100%] Built target mycobot_interfaces__rosidl_typesupport_introspection_c__pyext
[0.234s] running egg_info
[0.235s] writing mycobot_interfaces.egg-info/PKG-INFO
[0.235s] writing dependency_links to mycobot_interfaces.egg-info/dependency_links.txt
[0.235s] writing top-level names to mycobot_interfaces.egg-info/top_level.txt
[0.236s] reading manifest file 'mycobot_interfaces.egg-info/SOURCES.txt'
[0.237s] writing manifest file 'mycobot_interfaces.egg-info/SOURCES.txt'
[0.251s] [100%] Built target ament_cmake_python_build_mycobot_interfaces_egg
[0.259s] Invoked command in '/home/psy/2024.11.26.TurtleArm_Moveit/build/mycobot_interfaces' returned '0': CMAKE_PREFIX_PATH=/opt/ros/humble /usr/bin/cmake --build /home/psy/2024.11.26.TurtleArm_Moveit/build/mycobot_interfaces -- -j20 -l20
[0.306s] Invoking command in '/home/psy/2024.11.26.TurtleArm_Moveit/build/mycobot_interfaces': CMAKE_PREFIX_PATH=/opt/ros/humble /usr/bin/cmake --install /home/psy/2024.11.26.TurtleArm_Moveit/build/mycobot_interfaces
[0.313s] -- Install configuration: ""
[0.314s] -- Up-to-date: /home/psy/2024.11.26.TurtleArm_Moveit/install/mycobot_interfaces/share/ament_index/resource_index/rosidl_interfaces/mycobot_interfaces
[0.314s] -- Up-to-date: /home/psy/2024.11.26.TurtleArm_Moveit/install/mycobot_interfaces/include/mycobot_interfaces/mycobot_interfaces
[0.314s] -- Up-to-date: /home/psy/2024.11.26.TurtleArm_Moveit/install/mycobot_interfaces/include/mycobot_interfaces/mycobot_interfaces/srv
[0.314s] -- Up-to-date: /home/psy/2024.11.26.TurtleArm_Moveit/install/mycobot_interfaces/include/mycobot_interfaces/mycobot_interfaces/srv/detail
[0.314s] -- Up-to-date: /home/psy/2024.11.26.TurtleArm_Moveit/install/mycobot_interfaces/include/mycobot_interfaces/mycobot_interfaces/srv/detail/detection_rq__type_support.h
[0.314s] -- Up-to-date: /home/psy/2024.11.26.TurtleArm_Moveit/install/mycobot_interfaces/include/mycobot_interfaces/mycobot_interfaces/srv/detail/detection_rq__functions.c
[0.314s] -- Up-to-date: /home/psy/2024.11.26.TurtleArm_Moveit/install/mycobot_interfaces/include/mycobot_interfaces/mycobot_interfaces/srv/detail/detection_rq__functions.h
[0.314s] -- Up-to-date: /home/psy/2024.11.26.TurtleArm_Moveit/install/mycobot_interfaces/include/mycobot_interfaces/mycobot_interfaces/srv/detail/detection_rq__struct.h
[0.314s] -- Up-to-date: /home/psy/2024.11.26.TurtleArm_Moveit/install/mycobot_interfaces/include/mycobot_interfaces/mycobot_interfaces/srv/detection_rq.h
[0.314s] -- Up-to-date: /home/psy/2024.11.26.TurtleArm_Moveit/install/mycobot_interfaces/include/mycobot_interfaces/mycobot_interfaces/msg
[0.314s] -- Up-to-date: /home/psy/2024.11.26.TurtleArm_Moveit/install/mycobot_interfaces/include/mycobot_interfaces/mycobot_interfaces/msg/rosidl_generator_c__visibility_control.h
[0.315s] -- Up-to-date: /home/psy/2024.11.26.TurtleArm_Moveit/install/mycobot_interfaces/share/mycobot_interfaces/environment/library_path.sh
[0.315s] -- Up-to-date: /home/psy/2024.11.26.TurtleArm_Moveit/install/mycobot_interfaces/share/mycobot_interfaces/environment/library_path.dsv
[0.315s] -- Up-to-date: /home/psy/2024.11.26.TurtleArm_Moveit/install/mycobot_interfaces/lib/libmycobot_interfaces__rosidl_generator_c.so
[0.315s] -- Up-to-date: /home/psy/2024.11.26.TurtleArm_Moveit/install/mycobot_interfaces/include/mycobot_interfaces/mycobot_interfaces
[0.315s] -- Up-to-date: /home/psy/2024.11.26.TurtleArm_Moveit/install/mycobot_interfaces/include/mycobot_interfaces/mycobot_interfaces/srv
[0.315s] -- Up-to-date: /home/psy/2024.11.26.TurtleArm_Moveit/install/mycobot_interfaces/include/mycobot_interfaces/mycobot_interfaces/srv/detail
[0.316s] -- Up-to-date: /home/psy/2024.11.26.TurtleArm_Moveit/install/mycobot_interfaces/include/mycobot_interfaces/mycobot_interfaces/srv/detail/detection_rq__rosidl_typesupport_fastrtps_c.h
[0.316s] -- Up-to-date: /home/psy/2024.11.26.TurtleArm_Moveit/install/mycobot_interfaces/include/mycobot_interfaces/mycobot_interfaces/msg
[0.316s] -- Up-to-date: /home/psy/2024.11.26.TurtleArm_Moveit/install/mycobot_interfaces/include/mycobot_interfaces/mycobot_interfaces/msg/rosidl_typesupport_fastrtps_c__visibility_control.h
[0.316s] -- Up-to-date: /home/psy/2024.11.26.TurtleArm_Moveit/install/mycobot_interfaces/lib/libmycobot_interfaces__rosidl_typesupport_fastrtps_c.so
[0.316s] -- Up-to-date: /home/psy/2024.11.26.TurtleArm_Moveit/install/mycobot_interfaces/include/mycobot_interfaces/mycobot_interfaces
[0.316s] -- Up-to-date: /home/psy/2024.11.26.TurtleArm_Moveit/install/mycobot_interfaces/include/mycobot_interfaces/mycobot_interfaces/srv
[0.316s] -- Up-to-date: /home/psy/2024.11.26.TurtleArm_Moveit/install/mycobot_interfaces/include/mycobot_interfaces/mycobot_interfaces/srv/detail
[0.316s] -- Up-to-date: /home/psy/2024.11.26.TurtleArm_Moveit/install/mycobot_interfaces/include/mycobot_interfaces/mycobot_interfaces/srv/detail/detection_rq__type_support.c
[0.316s] -- Up-to-date: /home/psy/2024.11.26.TurtleArm_Moveit/install/mycobot_interfaces/include/mycobot_interfaces/mycobot_interfaces/srv/detail/detection_rq__rosidl_typesupport_introspection_c.h
[0.316s] -- Up-to-date: /home/psy/2024.11.26.TurtleArm_Moveit/install/mycobot_interfaces/include/mycobot_interfaces/mycobot_interfaces/msg
[0.316s] -- Up-to-date: /home/psy/2024.11.26.TurtleArm_Moveit/install/mycobot_interfaces/include/mycobot_interfaces/mycobot_interfaces/msg/rosidl_typesupport_introspection_c__visibility_control.h
[0.316s] -- Up-to-date: /home/psy/2024.11.26.TurtleArm_Moveit/install/mycobot_interfaces/lib/libmycobot_interfaces__rosidl_typesupport_introspection_c.so
[0.317s] -- Up-to-date: /home/psy/2024.11.26.TurtleArm_Moveit/install/mycobot_interfaces/lib/libmycobot_interfaces__rosidl_typesupport_c.so
[0.317s] -- Up-to-date: /home/psy/2024.11.26.TurtleArm_Moveit/install/mycobot_interfaces/include/mycobot_interfaces/mycobot_interfaces
[0.317s] -- Up-to-date: /home/psy/2024.11.26.TurtleArm_Moveit/install/mycobot_interfaces/include/mycobot_interfaces/mycobot_interfaces/srv
[0.317s] -- Up-to-date: /home/psy/2024.11.26.TurtleArm_Moveit/install/mycobot_interfaces/include/mycobot_interfaces/mycobot_interfaces/srv/detection_rq.hpp
[0.317s] -- Up-to-date: /home/psy/2024.11.26.TurtleArm_Moveit/install/mycobot_interfaces/include/mycobot_interfaces/mycobot_interfaces/srv/detail
[0.317s] -- Up-to-date: /home/psy/2024.11.26.TurtleArm_Moveit/install/mycobot_interfaces/include/mycobot_interfaces/mycobot_interfaces/srv/detail/detection_rq__struct.hpp
[0.317s] -- Up-to-date: /home/psy/2024.11.26.TurtleArm_Moveit/install/mycobot_interfaces/include/mycobot_interfaces/mycobot_interfaces/srv/detail/detection_rq__builder.hpp
[0.317s] -- Up-to-date: /home/psy/2024.11.26.TurtleArm_Moveit/install/mycobot_interfaces/include/mycobot_interfaces/mycobot_interfaces/srv/detail/detection_rq__traits.hpp
[0.317s] -- Up-to-date: /home/psy/2024.11.26.TurtleArm_Moveit/install/mycobot_interfaces/include/mycobot_interfaces/mycobot_interfaces
[0.317s] -- Up-to-date: /home/psy/2024.11.26.TurtleArm_Moveit/install/mycobot_interfaces/include/mycobot_interfaces/mycobot_interfaces/srv
[0.317s] -- Up-to-date: /home/psy/2024.11.26.TurtleArm_Moveit/install/mycobot_interfaces/include/mycobot_interfaces/mycobot_interfaces/srv/detail
[0.317s] -- Up-to-date: /home/psy/2024.11.26.TurtleArm_Moveit/install/mycobot_interfaces/include/mycobot_interfaces/mycobot_interfaces/srv/detail/detection_rq__rosidl_typesupport_fastrtps_cpp.hpp
[0.318s] -- Up-to-date: /home/psy/2024.11.26.TurtleArm_Moveit/install/mycobot_interfaces/include/mycobot_interfaces/mycobot_interfaces/srv/detail/dds_fastrtps
[0.318s] -- Up-to-date: /home/psy/2024.11.26.TurtleArm_Moveit/install/mycobot_interfaces/include/mycobot_interfaces/mycobot_interfaces/msg
[0.318s] -- Up-to-date: /home/psy/2024.11.26.TurtleArm_Moveit/install/mycobot_interfaces/include/mycobot_interfaces/mycobot_interfaces/msg/rosidl_typesupport_fastrtps_cpp__visibility_control.h
[0.318s] -- Up-to-date: /home/psy/2024.11.26.TurtleArm_Moveit/install/mycobot_interfaces/lib/libmycobot_interfaces__rosidl_typesupport_fastrtps_cpp.so
[0.318s] -- Up-to-date: /home/psy/2024.11.26.TurtleArm_Moveit/install/mycobot_interfaces/include/mycobot_interfaces/mycobot_interfaces
[0.318s] -- Up-to-date: /home/psy/2024.11.26.TurtleArm_Moveit/install/mycobot_interfaces/include/mycobot_interfaces/mycobot_interfaces/srv
[0.318s] -- Up-to-date: /home/psy/2024.11.26.TurtleArm_Moveit/install/mycobot_interfaces/include/mycobot_interfaces/mycobot_interfaces/srv/detail
[0.318s] -- Up-to-date: /home/psy/2024.11.26.TurtleArm_Moveit/install/mycobot_interfaces/include/mycobot_interfaces/mycobot_interfaces/srv/detail/detection_rq__rosidl_typesupport_introspection_cpp.hpp
[0.318s] -- Up-to-date: /home/psy/2024.11.26.TurtleArm_Moveit/install/mycobot_interfaces/include/mycobot_interfaces/mycobot_interfaces/srv/detail/detection_rq__type_support.cpp
[0.318s] -- Up-to-date: /home/psy/2024.11.26.TurtleArm_Moveit/install/mycobot_interfaces/lib/libmycobot_interfaces__rosidl_typesupport_introspection_cpp.so
[0.319s] -- Up-to-date: /home/psy/2024.11.26.TurtleArm_Moveit/install/mycobot_interfaces/lib/libmycobot_interfaces__rosidl_typesupport_cpp.so
[0.319s] -- Up-to-date: /home/psy/2024.11.26.TurtleArm_Moveit/install/mycobot_interfaces/share/mycobot_interfaces/environment/pythonpath.sh
[0.319s] -- Up-to-date: /home/psy/2024.11.26.TurtleArm_Moveit/install/mycobot_interfaces/share/mycobot_interfaces/environment/pythonpath.dsv
[0.319s] -- Up-to-date: /home/psy/2024.11.26.TurtleArm_Moveit/install/mycobot_interfaces/local/lib/python3.10/dist-packages/mycobot_interfaces-0.0.0-py3.10.egg-info
[0.319s] -- Installing: /home/psy/2024.11.26.TurtleArm_Moveit/install/mycobot_interfaces/local/lib/python3.10/dist-packages/mycobot_interfaces-0.0.0-py3.10.egg-info/PKG-INFO
[0.319s] -- Installing: /home/psy/2024.11.26.TurtleArm_Moveit/install/mycobot_interfaces/local/lib/python3.10/dist-packages/mycobot_interfaces-0.0.0-py3.10.egg-info/SOURCES.txt
[0.319s] -- Installing: /home/psy/2024.11.26.TurtleArm_Moveit/install/mycobot_interfaces/local/lib/python3.10/dist-packages/mycobot_interfaces-0.0.0-py3.10.egg-info/top_level.txt
[0.319s] -- Installing: /home/psy/2024.11.26.TurtleArm_Moveit/install/mycobot_interfaces/local/lib/python3.10/dist-packages/mycobot_interfaces-0.0.0-py3.10.egg-info/dependency_links.txt
[0.320s] -- Up-to-date: /home/psy/2024.11.26.TurtleArm_Moveit/install/mycobot_interfaces/local/lib/python3.10/dist-packages/mycobot_interfaces
[0.320s] -- Up-to-date: /home/psy/2024.11.26.TurtleArm_Moveit/install/mycobot_interfaces/local/lib/python3.10/dist-packages/mycobot_interfaces/srv
[0.320s] -- Up-to-date: /home/psy/2024.11.26.TurtleArm_Moveit/install/mycobot_interfaces/local/lib/python3.10/dist-packages/mycobot_interfaces/srv/__init__.py
[0.320s] -- Up-to-date: /home/psy/2024.11.26.TurtleArm_Moveit/install/mycobot_interfaces/local/lib/python3.10/dist-packages/mycobot_interfaces/srv/_detection_rq_s.c
[0.320s] -- Up-to-date: /home/psy/2024.11.26.TurtleArm_Moveit/install/mycobot_interfaces/local/lib/python3.10/dist-packages/mycobot_interfaces/srv/_detection_rq.py
[0.320s] -- Up-to-date: /home/psy/2024.11.26.TurtleArm_Moveit/install/mycobot_interfaces/local/lib/python3.10/dist-packages/mycobot_interfaces/__init__.py
[0.320s] -- Up-to-date: /home/psy/2024.11.26.TurtleArm_Moveit/install/mycobot_interfaces/local/lib/python3.10/dist-packages/mycobot_interfaces/_mycobot_interfaces_s.ep.rosidl_typesupport_c.c
[0.320s] -- Up-to-date: /home/psy/2024.11.26.TurtleArm_Moveit/install/mycobot_interfaces/local/lib/python3.10/dist-packages/mycobot_interfaces/mycobot_interfaces_s__rosidl_typesupport_fastrtps_c.cpython-310-x86_64-linux-gnu.so
[0.320s] -- Up-to-date: /home/psy/2024.11.26.TurtleArm_Moveit/install/mycobot_interfaces/local/lib/python3.10/dist-packages/mycobot_interfaces/mycobot_interfaces_s__rosidl_typesupport_introspection_c.cpython-310-x86_64-linux-gnu.so
[0.320s] -- Up-to-date: /home/psy/2024.11.26.TurtleArm_Moveit/install/mycobot_interfaces/local/lib/python3.10/dist-packages/mycobot_interfaces/libmycobot_interfaces__rosidl_generator_py.so
[0.320s] -- Up-to-date: /home/psy/2024.11.26.TurtleArm_Moveit/install/mycobot_interfaces/local/lib/python3.10/dist-packages/mycobot_interfaces/_mycobot_interfaces_s.ep.rosidl_typesupport_fastrtps_c.c
[0.320s] -- Up-to-date: /home/psy/2024.11.26.TurtleArm_Moveit/install/mycobot_interfaces/local/lib/python3.10/dist-packages/mycobot_interfaces/_mycobot_interfaces_s.ep.rosidl_typesupport_introspection_c.c
[0.320s] -- Up-to-date: /home/psy/2024.11.26.TurtleArm_Moveit/install/mycobot_interfaces/local/lib/python3.10/dist-packages/mycobot_interfaces/mycobot_interfaces_s__rosidl_typesupport_c.cpython-310-x86_64-linux-gnu.so
[0.353s] Listing '/home/psy/2024.11.26.TurtleArm_Moveit/install/mycobot_interfaces/local/lib/python3.10/dist-packages/mycobot_interfaces'...
[0.353s] Listing '/home/psy/2024.11.26.TurtleArm_Moveit/install/mycobot_interfaces/local/lib/python3.10/dist-packages/mycobot_interfaces/srv'...
[0.355s] -- Up-to-date: /home/psy/2024.11.26.TurtleArm_Moveit/install/mycobot_interfaces/local/lib/python3.10/dist-packages/mycobot_interfaces/mycobot_interfaces_s__rosidl_typesupport_fastrtps_c.cpython-310-x86_64-linux-gnu.so
[0.355s] -- Up-to-date: /home/psy/2024.11.26.TurtleArm_Moveit/install/mycobot_interfaces/local/lib/python3.10/dist-packages/mycobot_interfaces/mycobot_interfaces_s__rosidl_typesupport_introspection_c.cpython-310-x86_64-linux-gnu.so
[0.355s] -- Up-to-date: /home/psy/2024.11.26.TurtleArm_Moveit/install/mycobot_interfaces/local/lib/python3.10/dist-packages/mycobot_interfaces/mycobot_interfaces_s__rosidl_typesupport_c.cpython-310-x86_64-linux-gnu.so
[0.356s] -- Up-to-date: /home/psy/2024.11.26.TurtleArm_Moveit/install/mycobot_interfaces/lib/libmycobot_interfaces__rosidl_generator_py.so
[0.356s] -- Up-to-date: /home/psy/2024.11.26.TurtleArm_Moveit/install/mycobot_interfaces/share/mycobot_interfaces/srv/DetectionRQ.idl
[0.356s] -- Up-to-date: /home/psy/2024.11.26.TurtleArm_Moveit/install/mycobot_interfaces/share/mycobot_interfaces/srv/DetectionRQ.srv
[0.356s] -- Up-to-date: /home/psy/2024.11.26.TurtleArm_Moveit/install/mycobot_interfaces/share/mycobot_interfaces/srv/DetectionRQ_Request.msg
[0.356s] -- Up-to-date: /home/psy/2024.11.26.TurtleArm_Moveit/install/mycobot_interfaces/share/mycobot_interfaces/srv/DetectionRQ_Response.msg
[0.356s] -- Up-to-date: /home/psy/2024.11.26.TurtleArm_Moveit/install/mycobot_interfaces/share/ament_index/resource_index/package_run_dependencies/mycobot_interfaces
[0.356s] -- Up-to-date: /home/psy/2024.11.26.TurtleArm_Moveit/install/mycobot_interfaces/share/ament_index/resource_index/parent_prefix_path/mycobot_interfaces
[0.356s] -- Up-to-date: /home/psy/2024.11.26.TurtleArm_Moveit/install/mycobot_interfaces/share/mycobot_interfaces/environment/ament_prefix_path.sh
[0.356s] -- Up-to-date: /home/psy/2024.11.26.TurtleArm_Moveit/install/mycobot_interfaces/share/mycobot_interfaces/environment/ament_prefix_path.dsv
[0.356s] -- Up-to-date: /home/psy/2024.11.26.TurtleArm_Moveit/install/mycobot_interfaces/share/mycobot_interfaces/environment/path.sh
[0.356s] -- Up-to-date: /home/psy/2024.11.26.TurtleArm_Moveit/install/mycobot_interfaces/share/mycobot_interfaces/environment/path.dsv
[0.356s] -- Up-to-date: /home/psy/2024.11.26.TurtleArm_Moveit/install/mycobot_interfaces/share/mycobot_interfaces/local_setup.bash
[0.356s] -- Up-to-date: /home/psy/2024.11.26.TurtleArm_Moveit/install/mycobot_interfaces/share/mycobot_interfaces/local_setup.sh
[0.356s] -- Up-to-date: /home/psy/2024.11.26.TurtleArm_Moveit/install/mycobot_interfaces/share/mycobot_interfaces/local_setup.zsh
[0.356s] -- Up-to-date: /home/psy/2024.11.26.TurtleArm_Moveit/install/mycobot_interfaces/share/mycobot_interfaces/local_setup.dsv
[0.356s] -- Installing: /home/psy/2024.11.26.TurtleArm_Moveit/install/mycobot_interfaces/share/mycobot_interfaces/package.dsv
[0.356s] -- Up-to-date: /home/psy/2024.11.26.TurtleArm_Moveit/install/mycobot_interfaces/share/ament_index/resource_index/packages/mycobot_interfaces
[0.357s] -- Up-to-date: /home/psy/2024.11.26.TurtleArm_Moveit/install/mycobot_interfaces/share/mycobot_interfaces/cmake/export_mycobot_interfaces__rosidl_generator_cExport.cmake
[0.357s] -- Up-to-date: /home/psy/2024.11.26.TurtleArm_Moveit/install/mycobot_interfaces/share/mycobot_interfaces/cmake/export_mycobot_interfaces__rosidl_generator_cExport-noconfig.cmake
[0.357s] -- Up-to-date: /home/psy/2024.11.26.TurtleArm_Moveit/install/mycobot_interfaces/share/mycobot_interfaces/cmake/export_mycobot_interfaces__rosidl_typesupport_fastrtps_cExport.cmake
[0.357s] -- Up-to-date: /home/psy/2024.11.26.TurtleArm_Moveit/install/mycobot_interfaces/share/mycobot_interfaces/cmake/export_mycobot_interfaces__rosidl_typesupport_fastrtps_cExport-noconfig.cmake
[0.357s] -- Up-to-date: /home/psy/2024.11.26.TurtleArm_Moveit/install/mycobot_interfaces/share/mycobot_interfaces/cmake/mycobot_interfaces__rosidl_typesupport_introspection_cExport.cmake
[0.357s] -- Up-to-date: /home/psy/2024.11.26.TurtleArm_Moveit/install/mycobot_interfaces/share/mycobot_interfaces/cmake/mycobot_interfaces__rosidl_typesupport_introspection_cExport-noconfig.cmake
[0.358s] -- Up-to-date: /home/psy/2024.11.26.TurtleArm_Moveit/install/mycobot_interfaces/share/mycobot_interfaces/cmake/mycobot_interfaces__rosidl_typesupport_cExport.cmake
[0.358s] -- Up-to-date: /home/psy/2024.11.26.TurtleArm_Moveit/install/mycobot_interfaces/share/mycobot_interfaces/cmake/mycobot_interfaces__rosidl_typesupport_cExport-noconfig.cmake
[0.358s] -- Up-to-date: /home/psy/2024.11.26.TurtleArm_Moveit/install/mycobot_interfaces/share/mycobot_interfaces/cmake/export_mycobot_interfaces__rosidl_generator_cppExport.cmake
[0.358s] -- Up-to-date: /home/psy/2024.11.26.TurtleArm_Moveit/install/mycobot_interfaces/share/mycobot_interfaces/cmake/export_mycobot_interfaces__rosidl_typesupport_fastrtps_cppExport.cmake
[0.358s] -- Up-to-date: /home/psy/2024.11.26.TurtleArm_Moveit/install/mycobot_interfaces/share/mycobot_interfaces/cmake/export_mycobot_interfaces__rosidl_typesupport_fastrtps_cppExport-noconfig.cmake
[0.358s] -- Up-to-date: /home/psy/2024.11.26.TurtleArm_Moveit/install/mycobot_interfaces/share/mycobot_interfaces/cmake/mycobot_interfaces__rosidl_typesupport_introspection_cppExport.cmake
[0.358s] -- Up-to-date: /home/psy/2024.11.26.TurtleArm_Moveit/install/mycobot_interfaces/share/mycobot_interfaces/cmake/mycobot_interfaces__rosidl_typesupport_introspection_cppExport-noconfig.cmake
[0.358s] -- Up-to-date: /home/psy/2024.11.26.TurtleArm_Moveit/install/mycobot_interfaces/share/mycobot_interfaces/cmake/mycobot_interfaces__rosidl_typesupport_cppExport.cmake
[0.359s] -- Up-to-date: /home/psy/2024.11.26.TurtleArm_Moveit/install/mycobot_interfaces/share/mycobot_interfaces/cmake/mycobot_interfaces__rosidl_typesupport_cppExport-noconfig.cmake
[0.359s] -- Up-to-date: /home/psy/2024.11.26.TurtleArm_Moveit/install/mycobot_interfaces/share/mycobot_interfaces/cmake/export_mycobot_interfaces__rosidl_generator_pyExport.cmake
[0.359s] -- Up-to-date: /home/psy/2024.11.26.TurtleArm_Moveit/install/mycobot_interfaces/share/mycobot_interfaces/cmake/export_mycobot_interfaces__rosidl_generator_pyExport-noconfig.cmake
[0.359s] -- Up-to-date: /home/psy/2024.11.26.TurtleArm_Moveit/install/mycobot_interfaces/share/mycobot_interfaces/cmake/rosidl_cmake-extras.cmake
[0.359s] -- Up-to-date: /home/psy/2024.11.26.TurtleArm_Moveit/install/mycobot_interfaces/share/mycobot_interfaces/cmake/ament_cmake_export_dependencies-extras.cmake
[0.359s] -- Up-to-date: /home/psy/2024.11.26.TurtleArm_Moveit/install/mycobot_interfaces/share/mycobot_interfaces/cmake/ament_cmake_export_include_directories-extras.cmake
[0.359s] -- Up-to-date: /home/psy/2024.11.26.TurtleArm_Moveit/install/mycobot_interfaces/share/mycobot_interfaces/cmake/ament_cmake_export_libraries-extras.cmake
[0.359s] -- Up-to-date: /home/psy/2024.11.26.TurtleArm_Moveit/install/mycobot_interfaces/share/mycobot_interfaces/cmake/ament_cmake_export_targets-extras.cmake
[0.359s] -- Up-to-date: /home/psy/2024.11.26.TurtleArm_Moveit/install/mycobot_interfaces/share/mycobot_interfaces/cmake/rosidl_cmake_export_typesupport_targets-extras.cmake
[0.359s] -- Up-to-date: /home/psy/2024.11.26.TurtleArm_Moveit/install/mycobot_interfaces/share/mycobot_interfaces/cmake/rosidl_cmake_export_typesupport_libraries-extras.cmake
[0.359s] -- Up-to-date: /home/psy/2024.11.26.TurtleArm_Moveit/install/mycobot_interfaces/share/mycobot_interfaces/cmake/mycobot_interfacesConfig.cmake
[0.359s] -- Up-to-date: /home/psy/2024.11.26.TurtleArm_Moveit/install/mycobot_interfaces/share/mycobot_interfaces/cmake/mycobot_interfacesConfig-version.cmake
[0.359s] -- Up-to-date: /home/psy/2024.11.26.TurtleArm_Moveit/install/mycobot_interfaces/share/mycobot_interfaces/package.xml
[0.360s] Invoked command in '/home/psy/2024.11.26.TurtleArm_Moveit/build/mycobot_interfaces' returned '0': CMAKE_PREFIX_PATH=/opt/ros/humble /usr/bin/cmake --install /home/psy/2024.11.26.TurtleArm_Moveit/build/mycobot_interfaces
