[0.007s] Invoking command in '/home/psy/2024.11.26.TurtleArm_Moveit/build/mycobot_ros2_cpp_cnt': AMENT_PREFIX_PATH=/home/psy/2024.11.26.TurtleArm_Moveit/install/mycobot_ros2_controll:/home/psy/2024.11.26.TurtleArm_Moveit/install/mycobot_with_gripper:/home/psy/2024.11.26.TurtleArm_Moveit/install/mycobot_interfaces:${AMENT_PREFIX_PATH} CMAKE_PREFIX_PATH=/home/psy/2024.11.26.TurtleArm_Moveit/install/mycobot_with_gripper:/home/psy/2024.11.26.TurtleArm_Moveit/install/mycobot_interfaces:/opt/ros/humble LD_LIBRARY_PATH=/home/psy/2024.11.26.TurtleArm_Moveit/install/mycobot_interfaces/lib:${LD_LIBRARY_PATH} PYTHONPATH=/home/psy/2024.11.26.TurtleArm_Moveit/install/mycobot_ros2_controll/lib/python3.10/site-packages:/home/psy/2024.11.26.TurtleArm_Moveit/install/mycobot_interfaces/local/lib/python3.10/dist-packages:${PYTHONPATH} /usr/bin/cmake --build /home/psy/2024.11.26.TurtleArm_Moveit/build/mycobot_ros2_cpp_cnt -- -j20 -l20
[0.051s] [35m[1mConsolidate compiler generated dependencies of target marker_creater[0m
[0.052s] [35m[1mConsolidate compiler generated dependencies of target grip_test[0m
[0.073s] [ 50%] Built target marker_creater
[0.076s] [100%] Built target grip_test
[0.089s] Invoked command in '/home/psy/2024.11.26.TurtleArm_Moveit/build/mycobot_ros2_cpp_cnt' returned '0': AMENT_PREFIX_PATH=/home/psy/2024.11.26.TurtleArm_Moveit/install/mycobot_ros2_controll:/home/psy/2024.11.26.TurtleArm_Moveit/install/mycobot_with_gripper:/home/psy/2024.11.26.TurtleArm_Moveit/install/mycobot_interfaces:${AMENT_PREFIX_PATH} CMAKE_PREFIX_PATH=/home/psy/2024.11.26.TurtleArm_Moveit/install/mycobot_with_gripper:/home/psy/2024.11.26.TurtleArm_Moveit/install/mycobot_interfaces:/opt/ros/humble LD_LIBRARY_PATH=/home/psy/2024.11.26.TurtleArm_Moveit/install/mycobot_interfaces/lib:${LD_LIBRARY_PATH} PYTHONPATH=/home/psy/2024.11.26.TurtleArm_Moveit/install/mycobot_ros2_controll/lib/python3.10/site-packages:/home/psy/2024.11.26.TurtleArm_Moveit/install/mycobot_interfaces/local/lib/python3.10/dist-packages:${PYTHONPATH} /usr/bin/cmake --build /home/psy/2024.11.26.TurtleArm_Moveit/build/mycobot_ros2_cpp_cnt -- -j20 -l20
[0.114s] Invoking command in '/home/psy/2024.11.26.TurtleArm_Moveit/build/mycobot_ros2_cpp_cnt': AMENT_PREFIX_PATH=/home/psy/2024.11.26.TurtleArm_Moveit/install/mycobot_ros2_controll:/home/psy/2024.11.26.TurtleArm_Moveit/install/mycobot_with_gripper:/home/psy/2024.11.26.TurtleArm_Moveit/install/mycobot_interfaces:${AMENT_PREFIX_PATH} CMAKE_PREFIX_PATH=/home/psy/2024.11.26.TurtleArm_Moveit/install/mycobot_with_gripper:/home/psy/2024.11.26.TurtleArm_Moveit/install/mycobot_interfaces:/opt/ros/humble LD_LIBRARY_PATH=/home/psy/2024.11.26.TurtleArm_Moveit/install/mycobot_interfaces/lib:${LD_LIBRARY_PATH} PYTHONPATH=/home/psy/2024.11.26.TurtleArm_Moveit/install/mycobot_ros2_controll/lib/python3.10/site-packages:/home/psy/2024.11.26.TurtleArm_Moveit/install/mycobot_interfaces/local/lib/python3.10/dist-packages:${PYTHONPATH} /usr/bin/cmake --install /home/psy/2024.11.26.TurtleArm_Moveit/build/mycobot_ros2_cpp_cnt
[0.121s] -- Install configuration: ""
[0.121s] -- Up-to-date: /home/psy/2024.11.26.TurtleArm_Moveit/install/mycobot_ros2_cpp_cnt/lib/mycobot_ros2_cpp_cnt/marker_creater
[0.122s] -- Up-to-date: /home/psy/2024.11.26.TurtleArm_Moveit/install/mycobot_ros2_cpp_cnt/lib/mycobot_ros2_cpp_cnt/grip_test
[0.122s] -- Up-to-date: /home/psy/2024.11.26.TurtleArm_Moveit/install/mycobot_ros2_cpp_cnt/share/ament_index/resource_index/package_run_dependencies/mycobot_ros2_cpp_cnt
[0.122s] -- Up-to-date: /home/psy/2024.11.26.TurtleArm_Moveit/install/mycobot_ros2_cpp_cnt/share/ament_index/resource_index/parent_prefix_path/mycobot_ros2_cpp_cnt
[0.122s] -- Up-to-date: /home/psy/2024.11.26.TurtleArm_Moveit/install/mycobot_ros2_cpp_cnt/share/mycobot_ros2_cpp_cnt/environment/ament_prefix_path.sh
[0.122s] -- Up-to-date: /home/psy/2024.11.26.TurtleArm_Moveit/install/mycobot_ros2_cpp_cnt/share/mycobot_ros2_cpp_cnt/environment/ament_prefix_path.dsv
[0.122s] -- Up-to-date: /home/psy/2024.11.26.TurtleArm_Moveit/install/mycobot_ros2_cpp_cnt/share/mycobot_ros2_cpp_cnt/environment/path.sh
[0.122s] -- Up-to-date: /home/psy/2024.11.26.TurtleArm_Moveit/install/mycobot_ros2_cpp_cnt/share/mycobot_ros2_cpp_cnt/environment/path.dsv
[0.122s] -- Up-to-date: /home/psy/2024.11.26.TurtleArm_Moveit/install/mycobot_ros2_cpp_cnt/share/mycobot_ros2_cpp_cnt/local_setup.bash
[0.122s] -- Up-to-date: /home/psy/2024.11.26.TurtleArm_Moveit/install/mycobot_ros2_cpp_cnt/share/mycobot_ros2_cpp_cnt/local_setup.sh
[0.122s] -- Up-to-date: /home/psy/2024.11.26.TurtleArm_Moveit/install/mycobot_ros2_cpp_cnt/share/mycobot_ros2_cpp_cnt/local_setup.zsh
[0.122s] -- Up-to-date: /home/psy/2024.11.26.TurtleArm_Moveit/install/mycobot_ros2_cpp_cnt/share/mycobot_ros2_cpp_cnt/local_setup.dsv
[0.122s] -- Installing: /home/psy/2024.11.26.TurtleArm_Moveit/install/mycobot_ros2_cpp_cnt/share/mycobot_ros2_cpp_cnt/package.dsv
[0.122s] -- Up-to-date: /home/psy/2024.11.26.TurtleArm_Moveit/install/mycobot_ros2_cpp_cnt/share/ament_index/resource_index/packages/mycobot_ros2_cpp_cnt
[0.122s] -- Up-to-date: /home/psy/2024.11.26.TurtleArm_Moveit/install/mycobot_ros2_cpp_cnt/share/mycobot_ros2_cpp_cnt/cmake/mycobot_ros2_cpp_cntConfig.cmake
[0.122s] -- Up-to-date: /home/psy/2024.11.26.TurtleArm_Moveit/install/mycobot_ros2_cpp_cnt/share/mycobot_ros2_cpp_cnt/cmake/mycobot_ros2_cpp_cntConfig-version.cmake
[0.122s] -- Up-to-date: /home/psy/2024.11.26.TurtleArm_Moveit/install/mycobot_ros2_cpp_cnt/share/mycobot_ros2_cpp_cnt/package.xml
[0.124s] Invoked command in '/home/psy/2024.11.26.TurtleArm_Moveit/build/mycobot_ros2_cpp_cnt' returned '0': AMENT_PREFIX_PATH=/home/psy/2024.11.26.TurtleArm_Moveit/install/mycobot_ros2_controll:/home/psy/2024.11.26.TurtleArm_Moveit/install/mycobot_with_gripper:/home/psy/2024.11.26.TurtleArm_Moveit/install/mycobot_interfaces:${AMENT_PREFIX_PATH} CMAKE_PREFIX_PATH=/home/psy/2024.11.26.TurtleArm_Moveit/install/mycobot_with_gripper:/home/psy/2024.11.26.TurtleArm_Moveit/install/mycobot_interfaces:/opt/ros/humble LD_LIBRARY_PATH=/home/psy/2024.11.26.TurtleArm_Moveit/install/mycobot_interfaces/lib:${LD_LIBRARY_PATH} PYTHONPATH=/home/psy/2024.11.26.TurtleArm_Moveit/install/mycobot_ros2_controll/lib/python3.10/site-packages:/home/psy/2024.11.26.TurtleArm_Moveit/install/mycobot_interfaces/local/lib/python3.10/dist-packages:${PYTHONPATH} /usr/bin/cmake --install /home/psy/2024.11.26.TurtleArm_Moveit/build/mycobot_ros2_cpp_cnt
