[0.127s] Invoking command in '/home/kmw/trees_ws/build/mycobot_interfaces': CMAKE_PREFIX_PATH=/opt/ros/humble CONDA_PROMPT_MODIFIER=(ros2_py310) /usr/bin/cmake --build /home/kmw/trees_ws/build/mycobot_interfaces -- -j8 -l8
[0.204s] [35m[1mConsolidate compiler generated dependencies of target mycobot_interfaces__rosidl_generator_c[0m
[0.225s] [  9%] Built target mycobot_interfaces__rosidl_generator_c
[0.229s] [ 12%] Built target mycobot_interfaces__cpp
[0.248s] [ 12%] Built target ament_cmake_python_copy_mycobot_interfaces
[0.250s] [35m[1mConsolidate compiler generated dependencies of target mycobot_interfaces__rosidl_typesupport_c[0m
[0.251s] [35m[1mConsolidate compiler generated dependencies of target mycobot_interfaces__rosidl_typesupport_introspection_c[0m
[0.253s] [35m[1mConsolidate compiler generated dependencies of target mycobot_interfaces__rosidl_typesupport_fastrtps_c[0m
[0.263s] [35m[1mConsolidate compiler generated dependencies of target mycobot_interfaces__rosidl_typesupport_cpp[0m
[0.268s] [35m[1mConsolidate compiler generated dependencies of target mycobot_interfaces__rosidl_typesupport_fastrtps_cpp[0m
[0.273s] [35m[1mConsolidate compiler generated dependencies of target mycobot_interfaces__rosidl_typesupport_introspection_cpp[0m
[0.276s] [ 22%] Built target mycobot_interfaces__rosidl_typesupport_c
[0.282s] [ 32%] Built target mycobot_interfaces__rosidl_typesupport_fastrtps_c
[0.283s] [ 41%] Built target mycobot_interfaces__rosidl_typesupport_introspection_c
[0.291s] [ 51%] Built target mycobot_interfaces__rosidl_typesupport_fastrtps_cpp
[0.292s] [ 61%] Built target mycobot_interfaces__rosidl_typesupport_cpp
[0.296s] [ 70%] Built target mycobot_interfaces__rosidl_typesupport_introspection_cpp
[0.326s] [ 70%] Built target mycobot_interfaces
[0.358s] [ 74%] Built target mycobot_interfaces__py
[0.374s] [35m[1mConsolidate compiler generated dependencies of target mycobot_interfaces__rosidl_generator_py[0m
[0.392s] [ 80%] Built target mycobot_interfaces__rosidl_generator_py
[0.405s] [35m[1mConsolidate compiler generated dependencies of target mycobot_interfaces__rosidl_typesupport_introspection_c__pyext[0m
[0.408s] [35m[1mConsolidate compiler generated dependencies of target mycobot_interfaces__rosidl_typesupport_c__pyext[0m
[0.408s] [35m[1mConsolidate compiler generated dependencies of target mycobot_interfaces__rosidl_typesupport_fastrtps_c__pyext[0m
[0.426s] [ 87%] Built target mycobot_interfaces__rosidl_typesupport_introspection_c__pyext
[0.428s] [100%] Built target mycobot_interfaces__rosidl_typesupport_fastrtps_c__pyext
[0.428s] [100%] Built target mycobot_interfaces__rosidl_typesupport_c__pyext
[0.516s] running egg_info
[0.531s] writing mycobot_interfaces.egg-info/PKG-INFO
[0.531s] writing dependency_links to mycobot_interfaces.egg-info/dependency_links.txt
[0.531s] writing top-level names to mycobot_interfaces.egg-info/top_level.txt
[0.632s] reading manifest file 'mycobot_interfaces.egg-info/SOURCES.txt'
[0.636s] writing manifest file 'mycobot_interfaces.egg-info/SOURCES.txt'
[0.675s] [100%] Built target ament_cmake_python_build_mycobot_interfaces_egg
[0.717s] Invoked command in '/home/kmw/trees_ws/build/mycobot_interfaces' returned '0': CMAKE_PREFIX_PATH=/opt/ros/humble CONDA_PROMPT_MODIFIER=(ros2_py310) /usr/bin/cmake --build /home/kmw/trees_ws/build/mycobot_interfaces -- -j8 -l8
[0.719s] Invoking command in '/home/kmw/trees_ws/build/mycobot_interfaces': CMAKE_PREFIX_PATH=/opt/ros/humble CONDA_PROMPT_MODIFIER=(ros2_py310) /usr/bin/cmake --install /home/kmw/trees_ws/build/mycobot_interfaces
[0.737s] -- Install configuration: ""
[0.738s] -- Installing: /home/kmw/trees_ws/install/mycobot_interfaces/share/ament_index/resource_index/rosidl_interfaces/mycobot_interfaces
[0.738s] -- Installing: /home/kmw/trees_ws/install/mycobot_interfaces/include/mycobot_interfaces/mycobot_interfaces
[0.738s] -- Installing: /home/kmw/trees_ws/install/mycobot_interfaces/include/mycobot_interfaces/mycobot_interfaces/srv
[0.739s] -- Installing: /home/kmw/trees_ws/install/mycobot_interfaces/include/mycobot_interfaces/mycobot_interfaces/srv/detection_rq.h
[0.740s] -- Installing: /home/kmw/trees_ws/install/mycobot_interfaces/include/mycobot_interfaces/mycobot_interfaces/srv/detail
[0.740s] -- Installing: /home/kmw/trees_ws/install/mycobot_interfaces/include/mycobot_interfaces/mycobot_interfaces/srv/detail/detection_rq__functions.c
[0.740s] -- Installing: /home/kmw/trees_ws/install/mycobot_interfaces/include/mycobot_interfaces/mycobot_interfaces/srv/detail/detection_rq__functions.h
[0.740s] -- Installing: /home/kmw/trees_ws/install/mycobot_interfaces/include/mycobot_interfaces/mycobot_interfaces/srv/detail/detection_rq__struct.h
[0.740s] -- Installing: /home/kmw/trees_ws/install/mycobot_interfaces/include/mycobot_interfaces/mycobot_interfaces/srv/detail/detection_rq__type_support.h
[0.741s] -- Installing: /home/kmw/trees_ws/install/mycobot_interfaces/include/mycobot_interfaces/mycobot_interfaces/msg
[0.741s] -- Installing: /home/kmw/trees_ws/install/mycobot_interfaces/include/mycobot_interfaces/mycobot_interfaces/msg/rosidl_generator_c__visibility_control.h
[0.741s] -- Installing: /home/kmw/trees_ws/install/mycobot_interfaces/share/mycobot_interfaces/environment/library_path.sh
[0.742s] -- Installing: /home/kmw/trees_ws/install/mycobot_interfaces/share/mycobot_interfaces/environment/library_path.dsv
[0.742s] -- Installing: /home/kmw/trees_ws/install/mycobot_interfaces/lib/libmycobot_interfaces__rosidl_generator_c.so
[0.743s] -- Set runtime path of "/home/kmw/trees_ws/install/mycobot_interfaces/lib/libmycobot_interfaces__rosidl_generator_c.so" to ""
[0.745s] -- Up-to-date: /home/kmw/trees_ws/install/mycobot_interfaces/include/mycobot_interfaces/mycobot_interfaces
[0.748s] -- Up-to-date: /home/kmw/trees_ws/install/mycobot_interfaces/include/mycobot_interfaces/mycobot_interfaces/srv
[0.749s] -- Up-to-date: /home/kmw/trees_ws/install/mycobot_interfaces/include/mycobot_interfaces/mycobot_interfaces/srv/detail
[0.749s] -- Installing: /home/kmw/trees_ws/install/mycobot_interfaces/include/mycobot_interfaces/mycobot_interfaces/srv/detail/detection_rq__rosidl_typesupport_fastrtps_c.h
[0.750s] -- Up-to-date: /home/kmw/trees_ws/install/mycobot_interfaces/include/mycobot_interfaces/mycobot_interfaces/msg
[0.750s] -- Installing: /home/kmw/trees_ws/install/mycobot_interfaces/include/mycobot_interfaces/mycobot_interfaces/msg/rosidl_typesupport_fastrtps_c__visibility_control.h
[0.750s] -- Installing: /home/kmw/trees_ws/install/mycobot_interfaces/lib/libmycobot_interfaces__rosidl_typesupport_fastrtps_c.so
[0.750s] -- Set runtime path of "/home/kmw/trees_ws/install/mycobot_interfaces/lib/libmycobot_interfaces__rosidl_typesupport_fastrtps_c.so" to ""
[0.750s] -- Up-to-date: /home/kmw/trees_ws/install/mycobot_interfaces/include/mycobot_interfaces/mycobot_interfaces
[0.751s] -- Up-to-date: /home/kmw/trees_ws/install/mycobot_interfaces/include/mycobot_interfaces/mycobot_interfaces/srv
[0.751s] -- Up-to-date: /home/kmw/trees_ws/install/mycobot_interfaces/include/mycobot_interfaces/mycobot_interfaces/srv/detail
[0.751s] -- Installing: /home/kmw/trees_ws/install/mycobot_interfaces/include/mycobot_interfaces/mycobot_interfaces/srv/detail/detection_rq__type_support.c
[0.752s] -- Installing: /home/kmw/trees_ws/install/mycobot_interfaces/include/mycobot_interfaces/mycobot_interfaces/srv/detail/detection_rq__rosidl_typesupport_introspection_c.h
[0.752s] -- Up-to-date: /home/kmw/trees_ws/install/mycobot_interfaces/include/mycobot_interfaces/mycobot_interfaces/msg
[0.752s] -- Installing: /home/kmw/trees_ws/install/mycobot_interfaces/include/mycobot_interfaces/mycobot_interfaces/msg/rosidl_typesupport_introspection_c__visibility_control.h
[0.752s] -- Installing: /home/kmw/trees_ws/install/mycobot_interfaces/lib/libmycobot_interfaces__rosidl_typesupport_introspection_c.so
[0.752s] -- Set runtime path of "/home/kmw/trees_ws/install/mycobot_interfaces/lib/libmycobot_interfaces__rosidl_typesupport_introspection_c.so" to ""
[0.753s] -- Installing: /home/kmw/trees_ws/install/mycobot_interfaces/lib/libmycobot_interfaces__rosidl_typesupport_c.so
[0.753s] -- Set runtime path of "/home/kmw/trees_ws/install/mycobot_interfaces/lib/libmycobot_interfaces__rosidl_typesupport_c.so" to ""
[0.753s] -- Up-to-date: /home/kmw/trees_ws/install/mycobot_interfaces/include/mycobot_interfaces/mycobot_interfaces
[0.753s] -- Up-to-date: /home/kmw/trees_ws/install/mycobot_interfaces/include/mycobot_interfaces/mycobot_interfaces/srv
[0.754s] -- Up-to-date: /home/kmw/trees_ws/install/mycobot_interfaces/include/mycobot_interfaces/mycobot_interfaces/srv/detail
[0.754s] -- Installing: /home/kmw/trees_ws/install/mycobot_interfaces/include/mycobot_interfaces/mycobot_interfaces/srv/detail/detection_rq__builder.hpp
[0.754s] -- Installing: /home/kmw/trees_ws/install/mycobot_interfaces/include/mycobot_interfaces/mycobot_interfaces/srv/detail/detection_rq__struct.hpp
[0.759s] -- Installing: /home/kmw/trees_ws/install/mycobot_interfaces/include/mycobot_interfaces/mycobot_interfaces/srv/detail/detection_rq__traits.hpp
[0.759s] -- Installing: /home/kmw/trees_ws/install/mycobot_interfaces/include/mycobot_interfaces/mycobot_interfaces/srv/detection_rq.hpp
[0.760s] -- Up-to-date: /home/kmw/trees_ws/install/mycobot_interfaces/include/mycobot_interfaces/mycobot_interfaces
[0.761s] -- Up-to-date: /home/kmw/trees_ws/install/mycobot_interfaces/include/mycobot_interfaces/mycobot_interfaces/srv
[0.761s] -- Up-to-date: /home/kmw/trees_ws/install/mycobot_interfaces/include/mycobot_interfaces/mycobot_interfaces/srv/detail
[0.761s] -- Installing: /home/kmw/trees_ws/install/mycobot_interfaces/include/mycobot_interfaces/mycobot_interfaces/srv/detail/detection_rq__rosidl_typesupport_fastrtps_cpp.hpp
[0.761s] -- Installing: /home/kmw/trees_ws/install/mycobot_interfaces/include/mycobot_interfaces/mycobot_interfaces/srv/detail/dds_fastrtps
[0.761s] -- Up-to-date: /home/kmw/trees_ws/install/mycobot_interfaces/include/mycobot_interfaces/mycobot_interfaces/msg
[0.761s] -- Installing: /home/kmw/trees_ws/install/mycobot_interfaces/include/mycobot_interfaces/mycobot_interfaces/msg/rosidl_typesupport_fastrtps_cpp__visibility_control.h
[0.761s] -- Installing: /home/kmw/trees_ws/install/mycobot_interfaces/lib/libmycobot_interfaces__rosidl_typesupport_fastrtps_cpp.so
[0.762s] -- Set runtime path of "/home/kmw/trees_ws/install/mycobot_interfaces/lib/libmycobot_interfaces__rosidl_typesupport_fastrtps_cpp.so" to ""
[0.762s] -- Up-to-date: /home/kmw/trees_ws/install/mycobot_interfaces/include/mycobot_interfaces/mycobot_interfaces
[0.762s] -- Up-to-date: /home/kmw/trees_ws/install/mycobot_interfaces/include/mycobot_interfaces/mycobot_interfaces/srv
[0.762s] -- Up-to-date: /home/kmw/trees_ws/install/mycobot_interfaces/include/mycobot_interfaces/mycobot_interfaces/srv/detail
[0.762s] -- Installing: /home/kmw/trees_ws/install/mycobot_interfaces/include/mycobot_interfaces/mycobot_interfaces/srv/detail/detection_rq__rosidl_typesupport_introspection_cpp.hpp
[0.763s] -- Installing: /home/kmw/trees_ws/install/mycobot_interfaces/include/mycobot_interfaces/mycobot_interfaces/srv/detail/detection_rq__type_support.cpp
[0.763s] -- Installing: /home/kmw/trees_ws/install/mycobot_interfaces/lib/libmycobot_interfaces__rosidl_typesupport_introspection_cpp.so
[0.763s] -- Set runtime path of "/home/kmw/trees_ws/install/mycobot_interfaces/lib/libmycobot_interfaces__rosidl_typesupport_introspection_cpp.so" to ""
[0.763s] -- Installing: /home/kmw/trees_ws/install/mycobot_interfaces/lib/libmycobot_interfaces__rosidl_typesupport_cpp.so
[0.763s] -- Set runtime path of "/home/kmw/trees_ws/install/mycobot_interfaces/lib/libmycobot_interfaces__rosidl_typesupport_cpp.so" to ""
[0.763s] -- Installing: /home/kmw/trees_ws/install/mycobot_interfaces/share/mycobot_interfaces/environment/pythonpath.sh
[0.764s] -- Installing: /home/kmw/trees_ws/install/mycobot_interfaces/share/mycobot_interfaces/environment/pythonpath.dsv
[0.764s] -- Installing: /home/kmw/trees_ws/install/mycobot_interfaces/lib/python3.10/site-packages/mycobot_interfaces-0.0.0-py3.10.egg-info
[0.764s] -- Installing: /home/kmw/trees_ws/install/mycobot_interfaces/lib/python3.10/site-packages/mycobot_interfaces-0.0.0-py3.10.egg-info/SOURCES.txt
[0.764s] -- Installing: /home/kmw/trees_ws/install/mycobot_interfaces/lib/python3.10/site-packages/mycobot_interfaces-0.0.0-py3.10.egg-info/PKG-INFO
[0.764s] -- Installing: /home/kmw/trees_ws/install/mycobot_interfaces/lib/python3.10/site-packages/mycobot_interfaces-0.0.0-py3.10.egg-info/top_level.txt
[0.764s] -- Installing: /home/kmw/trees_ws/install/mycobot_interfaces/lib/python3.10/site-packages/mycobot_interfaces-0.0.0-py3.10.egg-info/dependency_links.txt
[0.764s] -- Installing: /home/kmw/trees_ws/install/mycobot_interfaces/lib/python3.10/site-packages/mycobot_interfaces
[0.764s] -- Installing: /home/kmw/trees_ws/install/mycobot_interfaces/lib/python3.10/site-packages/mycobot_interfaces/mycobot_interfaces_s__rosidl_typesupport_introspection_c.cpython-310-x86_64-linux-gnu.so
[0.765s] -- Installing: /home/kmw/trees_ws/install/mycobot_interfaces/lib/python3.10/site-packages/mycobot_interfaces/libmycobot_interfaces__rosidl_generator_py.so
[0.765s] -- Installing: /home/kmw/trees_ws/install/mycobot_interfaces/lib/python3.10/site-packages/mycobot_interfaces/_mycobot_interfaces_s.ep.rosidl_typesupport_c.c
[0.765s] -- Installing: /home/kmw/trees_ws/install/mycobot_interfaces/lib/python3.10/site-packages/mycobot_interfaces/mycobot_interfaces_s__rosidl_typesupport_c.cpython-310-x86_64-linux-gnu.so
[0.765s] -- Installing: /home/kmw/trees_ws/install/mycobot_interfaces/lib/python3.10/site-packages/mycobot_interfaces/mycobot_interfaces_s__rosidl_typesupport_fastrtps_c.cpython-310-x86_64-linux-gnu.so
[0.765s] -- Installing: /home/kmw/trees_ws/install/mycobot_interfaces/lib/python3.10/site-packages/mycobot_interfaces/__init__.py
[0.765s] -- Installing: /home/kmw/trees_ws/install/mycobot_interfaces/lib/python3.10/site-packages/mycobot_interfaces/_mycobot_interfaces_s.ep.rosidl_typesupport_introspection_c.c
[0.765s] -- Installing: /home/kmw/trees_ws/install/mycobot_interfaces/lib/python3.10/site-packages/mycobot_interfaces/_mycobot_interfaces_s.ep.rosidl_typesupport_fastrtps_c.c
[0.765s] -- Installing: /home/kmw/trees_ws/install/mycobot_interfaces/lib/python3.10/site-packages/mycobot_interfaces/srv
[0.765s] -- Installing: /home/kmw/trees_ws/install/mycobot_interfaces/lib/python3.10/site-packages/mycobot_interfaces/srv/_detection_rq_s.c
[0.766s] -- Installing: /home/kmw/trees_ws/install/mycobot_interfaces/lib/python3.10/site-packages/mycobot_interfaces/srv/__init__.py
[0.766s] -- Installing: /home/kmw/trees_ws/install/mycobot_interfaces/lib/python3.10/site-packages/mycobot_interfaces/srv/_detection_rq.py
[0.833s] Listing '/home/kmw/trees_ws/install/mycobot_interfaces/lib/python3.10/site-packages/mycobot_interfaces'...
[0.833s] Compiling '/home/kmw/trees_ws/install/mycobot_interfaces/lib/python3.10/site-packages/mycobot_interfaces/__init__.py'...
[0.833s] Listing '/home/kmw/trees_ws/install/mycobot_interfaces/lib/python3.10/site-packages/mycobot_interfaces/srv'...
[0.833s] Compiling '/home/kmw/trees_ws/install/mycobot_interfaces/lib/python3.10/site-packages/mycobot_interfaces/srv/__init__.py'...
[0.833s] Compiling '/home/kmw/trees_ws/install/mycobot_interfaces/lib/python3.10/site-packages/mycobot_interfaces/srv/_detection_rq.py'...
[0.850s] -- Installing: /home/kmw/trees_ws/install/mycobot_interfaces/lib/python3.10/site-packages/mycobot_interfaces/mycobot_interfaces_s__rosidl_typesupport_fastrtps_c.cpython-310-x86_64-linux-gnu.so
[0.852s] -- Set runtime path of "/home/kmw/trees_ws/install/mycobot_interfaces/lib/python3.10/site-packages/mycobot_interfaces/mycobot_interfaces_s__rosidl_typesupport_fastrtps_c.cpython-310-x86_64-linux-gnu.so" to ""
[0.854s] -- Installing: /home/kmw/trees_ws/install/mycobot_interfaces/lib/python3.10/site-packages/mycobot_interfaces/mycobot_interfaces_s__rosidl_typesupport_introspection_c.cpython-310-x86_64-linux-gnu.so
[0.854s] -- Set runtime path of "/home/kmw/trees_ws/install/mycobot_interfaces/lib/python3.10/site-packages/mycobot_interfaces/mycobot_interfaces_s__rosidl_typesupport_introspection_c.cpython-310-x86_64-linux-gnu.so" to ""
[0.859s] -- Installing: /home/kmw/trees_ws/install/mycobot_interfaces/lib/python3.10/site-packages/mycobot_interfaces/mycobot_interfaces_s__rosidl_typesupport_c.cpython-310-x86_64-linux-gnu.so
[0.860s] -- Set runtime path of "/home/kmw/trees_ws/install/mycobot_interfaces/lib/python3.10/site-packages/mycobot_interfaces/mycobot_interfaces_s__rosidl_typesupport_c.cpython-310-x86_64-linux-gnu.so" to ""
[0.861s] -- Installing: /home/kmw/trees_ws/install/mycobot_interfaces/lib/libmycobot_interfaces__rosidl_generator_py.so
[0.862s] -- Set runtime path of "/home/kmw/trees_ws/install/mycobot_interfaces/lib/libmycobot_interfaces__rosidl_generator_py.so" to ""
[0.862s] -- Installing: /home/kmw/trees_ws/install/mycobot_interfaces/share/mycobot_interfaces/srv/DetectionRQ.idl
[0.863s] -- Installing: /home/kmw/trees_ws/install/mycobot_interfaces/share/mycobot_interfaces/srv/DetectionRQ.srv
[0.864s] -- Installing: /home/kmw/trees_ws/install/mycobot_interfaces/share/mycobot_interfaces/srv/DetectionRQ_Request.msg
[0.865s] -- Installing: /home/kmw/trees_ws/install/mycobot_interfaces/share/mycobot_interfaces/srv/DetectionRQ_Response.msg
[0.865s] -- Installing: /home/kmw/trees_ws/install/mycobot_interfaces/share/ament_index/resource_index/package_run_dependencies/mycobot_interfaces
[0.865s] -- Installing: /home/kmw/trees_ws/install/mycobot_interfaces/share/ament_index/resource_index/parent_prefix_path/mycobot_interfaces
[0.865s] -- Installing: /home/kmw/trees_ws/install/mycobot_interfaces/share/mycobot_interfaces/environment/ament_prefix_path.sh
[0.865s] -- Installing: /home/kmw/trees_ws/install/mycobot_interfaces/share/mycobot_interfaces/environment/ament_prefix_path.dsv
[0.865s] -- Installing: /home/kmw/trees_ws/install/mycobot_interfaces/share/mycobot_interfaces/environment/path.sh
[0.865s] -- Installing: /home/kmw/trees_ws/install/mycobot_interfaces/share/mycobot_interfaces/environment/path.dsv
[0.865s] -- Installing: /home/kmw/trees_ws/install/mycobot_interfaces/share/mycobot_interfaces/local_setup.bash
[0.865s] -- Installing: /home/kmw/trees_ws/install/mycobot_interfaces/share/mycobot_interfaces/local_setup.sh
[0.866s] -- Installing: /home/kmw/trees_ws/install/mycobot_interfaces/share/mycobot_interfaces/local_setup.zsh
[0.866s] -- Installing: /home/kmw/trees_ws/install/mycobot_interfaces/share/mycobot_interfaces/local_setup.dsv
[0.866s] -- Installing: /home/kmw/trees_ws/install/mycobot_interfaces/share/mycobot_interfaces/package.dsv
[0.866s] -- Installing: /home/kmw/trees_ws/install/mycobot_interfaces/share/ament_index/resource_index/packages/mycobot_interfaces
[0.866s] -- Installing: /home/kmw/trees_ws/install/mycobot_interfaces/share/mycobot_interfaces/cmake/export_mycobot_interfaces__rosidl_generator_cExport.cmake
[0.867s] -- Installing: /home/kmw/trees_ws/install/mycobot_interfaces/share/mycobot_interfaces/cmake/export_mycobot_interfaces__rosidl_generator_cExport-noconfig.cmake
[0.867s] -- Installing: /home/kmw/trees_ws/install/mycobot_interfaces/share/mycobot_interfaces/cmake/export_mycobot_interfaces__rosidl_typesupport_fastrtps_cExport.cmake
[0.867s] -- Installing: /home/kmw/trees_ws/install/mycobot_interfaces/share/mycobot_interfaces/cmake/export_mycobot_interfaces__rosidl_typesupport_fastrtps_cExport-noconfig.cmake
[0.867s] -- Installing: /home/kmw/trees_ws/install/mycobot_interfaces/share/mycobot_interfaces/cmake/mycobot_interfaces__rosidl_typesupport_introspection_cExport.cmake
[0.867s] -- Installing: /home/kmw/trees_ws/install/mycobot_interfaces/share/mycobot_interfaces/cmake/mycobot_interfaces__rosidl_typesupport_introspection_cExport-noconfig.cmake
[0.867s] -- Installing: /home/kmw/trees_ws/install/mycobot_interfaces/share/mycobot_interfaces/cmake/mycobot_interfaces__rosidl_typesupport_cExport.cmake
[0.867s] -- Installing: /home/kmw/trees_ws/install/mycobot_interfaces/share/mycobot_interfaces/cmake/mycobot_interfaces__rosidl_typesupport_cExport-noconfig.cmake
[0.867s] -- Installing: /home/kmw/trees_ws/install/mycobot_interfaces/share/mycobot_interfaces/cmake/export_mycobot_interfaces__rosidl_generator_cppExport.cmake
[0.867s] -- Installing: /home/kmw/trees_ws/install/mycobot_interfaces/share/mycobot_interfaces/cmake/export_mycobot_interfaces__rosidl_typesupport_fastrtps_cppExport.cmake
[0.868s] -- Installing: /home/kmw/trees_ws/install/mycobot_interfaces/share/mycobot_interfaces/cmake/export_mycobot_interfaces__rosidl_typesupport_fastrtps_cppExport-noconfig.cmake
[0.868s] -- Installing: /home/kmw/trees_ws/install/mycobot_interfaces/share/mycobot_interfaces/cmake/mycobot_interfaces__rosidl_typesupport_introspection_cppExport.cmake
[0.868s] -- Installing: /home/kmw/trees_ws/install/mycobot_interfaces/share/mycobot_interfaces/cmake/mycobot_interfaces__rosidl_typesupport_introspection_cppExport-noconfig.cmake
[0.869s] -- Installing: /home/kmw/trees_ws/install/mycobot_interfaces/share/mycobot_interfaces/cmake/mycobot_interfaces__rosidl_typesupport_cppExport.cmake
[0.869s] -- Installing: /home/kmw/trees_ws/install/mycobot_interfaces/share/mycobot_interfaces/cmake/mycobot_interfaces__rosidl_typesupport_cppExport-noconfig.cmake
[0.869s] -- Installing: /home/kmw/trees_ws/install/mycobot_interfaces/share/mycobot_interfaces/cmake/export_mycobot_interfaces__rosidl_generator_pyExport.cmake
[0.869s] -- Installing: /home/kmw/trees_ws/install/mycobot_interfaces/share/mycobot_interfaces/cmake/export_mycobot_interfaces__rosidl_generator_pyExport-noconfig.cmake
[0.869s] -- Installing: /home/kmw/trees_ws/install/mycobot_interfaces/share/mycobot_interfaces/cmake/rosidl_cmake-extras.cmake
[0.869s] -- Installing: /home/kmw/trees_ws/install/mycobot_interfaces/share/mycobot_interfaces/cmake/ament_cmake_export_dependencies-extras.cmake
[0.870s] -- Installing: /home/kmw/trees_ws/install/mycobot_interfaces/share/mycobot_interfaces/cmake/ament_cmake_export_include_directories-extras.cmake
[0.870s] -- Installing: /home/kmw/trees_ws/install/mycobot_interfaces/share/mycobot_interfaces/cmake/ament_cmake_export_libraries-extras.cmake
[0.871s] -- Installing: /home/kmw/trees_ws/install/mycobot_interfaces/share/mycobot_interfaces/cmake/ament_cmake_export_targets-extras.cmake
[0.871s] -- Installing: /home/kmw/trees_ws/install/mycobot_interfaces/share/mycobot_interfaces/cmake/rosidl_cmake_export_typesupport_targets-extras.cmake
[0.871s] -- Installing: /home/kmw/trees_ws/install/mycobot_interfaces/share/mycobot_interfaces/cmake/rosidl_cmake_export_typesupport_libraries-extras.cmake
[0.871s] -- Installing: /home/kmw/trees_ws/install/mycobot_interfaces/share/mycobot_interfaces/cmake/mycobot_interfacesConfig.cmake
[0.872s] -- Installing: /home/kmw/trees_ws/install/mycobot_interfaces/share/mycobot_interfaces/cmake/mycobot_interfacesConfig-version.cmake
[0.872s] -- Installing: /home/kmw/trees_ws/install/mycobot_interfaces/share/mycobot_interfaces/package.xml
[0.908s] Invoked command in '/home/kmw/trees_ws/build/mycobot_interfaces' returned '0': CMAKE_PREFIX_PATH=/opt/ros/humble CONDA_PROMPT_MODIFIER=(ros2_py310) /usr/bin/cmake --install /home/kmw/trees_ws/build/mycobot_interfaces
