[13.780s] Invoking command in '/home/pi/arm_ws/src/turtle_con': PYTHONPATH=/home/pi/arm_ws/build/turtle_con/prefix_override:/usr/lib/python3/dist-packages/colcon_core/task/python/colcon_distutils_commands:/home/pi/arm_ws/install/turtle_con/lib/python3.8/site-packages:${PYTHONPATH} /usr/bin/python3 -W ignore:setup.py install is deprecated setup.py egg_info --egg-base ../../build/turtle_con build --build-base /home/pi/arm_ws/build/turtle_con/build install --record /home/pi/arm_ws/build/turtle_con/install.log --install-scripts $base/lib/turtle_con --single-version-externally-managed install_data
[18.066s] running egg_info
[18.072s] writing ../../build/turtle_con/turtle_con.egg-info/PKG-INFO
[18.081s] writing dependency_links to ../../build/turtle_con/turtle_con.egg-info/dependency_links.txt
[18.082s] writing entry points to ../../build/turtle_con/turtle_con.egg-info/entry_points.txt
[18.083s] writing requirements to ../../build/turtle_con/turtle_con.egg-info/requires.txt
[18.084s] writing top-level names to ../../build/turtle_con/turtle_con.egg-info/top_level.txt
[18.617s] reading manifest file '../../build/turtle_con/turtle_con.egg-info/SOURCES.txt'
[18.627s] writing manifest file '../../build/turtle_con/turtle_con.egg-info/SOURCES.txt'
[18.629s] running build
[18.630s] running build_py
[18.633s] running install
[18.641s] running install_lib
[18.673s] running install_data
[18.675s] running install_egg_info
[18.720s] removing '/home/pi/arm_ws/install/turtle_con/lib/python3.8/site-packages/turtle_con-0.0.0-py3.8.egg-info' (and everything under it)
[18.727s] Copying ../../build/turtle_con/turtle_con.egg-info to /home/pi/arm_ws/install/turtle_con/lib/python3.8/site-packages/turtle_con-0.0.0-py3.8.egg-info
[18.745s] running install_scripts
[18.996s] Installing turtle_ros2_con script to /home/pi/arm_ws/install/turtle_con/lib/turtle_con
[19.007s] Installing with_qr script to /home/pi/arm_ws/install/turtle_con/lib/turtle_con
[19.014s] writing list of installed files to '/home/pi/arm_ws/build/turtle_con/install.log'
[19.364s] Invoked command in '/home/pi/arm_ws/src/turtle_con' returned '0': PYTHONPATH=/home/pi/arm_ws/build/turtle_con/prefix_override:/usr/lib/python3/dist-packages/colcon_core/task/python/colcon_distutils_commands:/home/pi/arm_ws/install/turtle_con/lib/python3.8/site-packages:${PYTHONPATH} /usr/bin/python3 -W ignore:setup.py install is deprecated setup.py egg_info --egg-base ../../build/turtle_con build --build-base /home/pi/arm_ws/build/turtle_con/build install --record /home/pi/arm_ws/build/turtle_con/install.log --install-scripts $base/lib/turtle_con --single-version-externally-managed install_data
