[0.055s] DEBUG:colcon:Command line arguments: ['/usr/bin/colcon', 'build']
[0.055s] DEBUG:colcon:Parsed command line arguments: Namespace(log_base=None, log_level=None, verb_name='build', build_base='build', install_base='install', merge_install=False, symlink_install=False, test_result_base=None, continue_on_error=False, executor='parallel', parallel_workers=20, event_handlers=None, ignore_user_meta=False, metas=['./colcon.meta'], base_paths=['.'], packages_ignore=None, packages_ignore_regex=None, paths=None, packages_up_to=None, packages_up_to_regex=None, packages_above=None, packages_above_and_dependencies=None, packages_above_depth=None, packages_select_by_dep=None, packages_skip_by_dep=None, packages_skip_up_to=None, packages_select_build_failed=False, packages_skip_build_finished=False, packages_select_test_failures=False, packages_skip_test_passed=False, packages_select=None, packages_skip=None, packages_select_regex=None, packages_skip_regex=None, packages_start=None, packages_end=None, allow_overriding=[], cmake_args=None, cmake_target=None, cmake_target_skip_unavailable=False, cmake_clean_cache=False, cmake_clean_first=False, cmake_force_configure=False, ament_cmake_args=None, catkin_cmake_args=None, catkin_skip_building_tests=False, mixin_files=None, mixin=None, verb_parser=<colcon_mixin.mixin.mixin_argument.MixinArgumentDecorator object at 0x7468548421d0>, verb_extension=<colcon_core.verb.build.BuildVerb object at 0x7468549adf60>, main=<bound method BuildVerb.main of <colcon_core.verb.build.BuildVerb object at 0x7468549adf60>>, mixin_verb=('build',))
[0.125s] Level 1:colcon.colcon_core.package_discovery:discover_packages(colcon_meta) check parameters
[0.125s] Level 1:colcon.colcon_core.package_discovery:discover_packages(recursive) check parameters
[0.125s] Level 1:colcon.colcon_core.package_discovery:discover_packages(ignore) check parameters
[0.125s] Level 1:colcon.colcon_core.package_discovery:discover_packages(path) check parameters
[0.125s] Level 1:colcon.colcon_core.package_discovery:discover_packages(colcon_meta) discover
[0.126s] Level 1:colcon.colcon_core.package_discovery:discover_packages(recursive) discover
[0.126s] INFO:colcon.colcon_core.package_discovery:Crawling recursively for packages in '/home/psy/2024.11.26.TurtleArm_Moveit'
[0.126s] Level 1:colcon.colcon_core.package_identification:_identify(.) by extensions ['ignore', 'ignore_ament_install']
[0.126s] Level 1:colcon.colcon_core.package_identification:_identify(.) by extension 'ignore'
[0.126s] Level 1:colcon.colcon_core.package_identification:_identify(.) by extension 'ignore_ament_install'
[0.126s] Level 1:colcon.colcon_core.package_identification:_identify(.) by extensions ['colcon_pkg']
[0.126s] Level 1:colcon.colcon_core.package_identification:_identify(.) by extension 'colcon_pkg'
[0.126s] Level 1:colcon.colcon_core.package_identification:_identify(.) by extensions ['colcon_meta']
[0.126s] Level 1:colcon.colcon_core.package_identification:_identify(.) by extension 'colcon_meta'
[0.126s] Level 1:colcon.colcon_core.package_identification:_identify(.) by extensions ['ros']
[0.126s] Level 1:colcon.colcon_core.package_identification:_identify(.) by extension 'ros'
[0.131s] Level 1:colcon.colcon_core.package_identification:_identify(.) by extensions ['cmake', 'python']
[0.131s] Level 1:colcon.colcon_core.package_identification:_identify(.) by extension 'cmake'
[0.131s] Level 1:colcon.colcon_core.package_identification:_identify(.) by extension 'python'
[0.131s] Level 1:colcon.colcon_core.package_identification:_identify(.) by extensions ['python_setup_py']
[0.131s] Level 1:colcon.colcon_core.package_identification:_identify(.) by extension 'python_setup_py'
[0.131s] Level 1:colcon.colcon_core.package_identification:_identify(build) by extensions ['ignore', 'ignore_ament_install']
[0.131s] Level 1:colcon.colcon_core.package_identification:_identify(build) by extension 'ignore'
[0.131s] Level 1:colcon.colcon_core.package_identification:_identify(build) ignored
[0.131s] Level 1:colcon.colcon_core.package_identification:_identify(install) by extensions ['ignore', 'ignore_ament_install']
[0.132s] Level 1:colcon.colcon_core.package_identification:_identify(install) by extension 'ignore'
[0.132s] Level 1:colcon.colcon_core.package_identification:_identify(install) ignored
[0.132s] Level 1:colcon.colcon_core.package_identification:_identify(log) by extensions ['ignore', 'ignore_ament_install']
[0.132s] Level 1:colcon.colcon_core.package_identification:_identify(log) by extension 'ignore'
[0.132s] Level 1:colcon.colcon_core.package_identification:_identify(log) ignored
[0.132s] Level 1:colcon.colcon_core.package_identification:_identify(src) by extensions ['ignore', 'ignore_ament_install']
[0.132s] Level 1:colcon.colcon_core.package_identification:_identify(src) by extension 'ignore'
[0.132s] Level 1:colcon.colcon_core.package_identification:_identify(src) by extension 'ignore_ament_install'
[0.132s] Level 1:colcon.colcon_core.package_identification:_identify(src) by extensions ['colcon_pkg']
[0.132s] Level 1:colcon.colcon_core.package_identification:_identify(src) by extension 'colcon_pkg'
[0.132s] Level 1:colcon.colcon_core.package_identification:_identify(src) by extensions ['colcon_meta']
[0.132s] Level 1:colcon.colcon_core.package_identification:_identify(src) by extension 'colcon_meta'
[0.132s] Level 1:colcon.colcon_core.package_identification:_identify(src) by extensions ['ros']
[0.132s] Level 1:colcon.colcon_core.package_identification:_identify(src) by extension 'ros'
[0.132s] Level 1:colcon.colcon_core.package_identification:_identify(src) by extensions ['cmake', 'python']
[0.132s] Level 1:colcon.colcon_core.package_identification:_identify(src) by extension 'cmake'
[0.132s] Level 1:colcon.colcon_core.package_identification:_identify(src) by extension 'python'
[0.132s] Level 1:colcon.colcon_core.package_identification:_identify(src) by extensions ['python_setup_py']
[0.132s] Level 1:colcon.colcon_core.package_identification:_identify(src) by extension 'python_setup_py'
[0.132s] Level 1:colcon.colcon_core.package_identification:_identify(src/mycobot320_moveit2) by extensions ['ignore', 'ignore_ament_install']
[0.132s] Level 1:colcon.colcon_core.package_identification:_identify(src/mycobot320_moveit2) by extension 'ignore'
[0.132s] Level 1:colcon.colcon_core.package_identification:_identify(src/mycobot320_moveit2) by extension 'ignore_ament_install'
[0.132s] Level 1:colcon.colcon_core.package_identification:_identify(src/mycobot320_moveit2) by extensions ['colcon_pkg']
[0.132s] Level 1:colcon.colcon_core.package_identification:_identify(src/mycobot320_moveit2) by extension 'colcon_pkg'
[0.132s] Level 1:colcon.colcon_core.package_identification:_identify(src/mycobot320_moveit2) by extensions ['colcon_meta']
[0.132s] Level 1:colcon.colcon_core.package_identification:_identify(src/mycobot320_moveit2) by extension 'colcon_meta'
[0.132s] Level 1:colcon.colcon_core.package_identification:_identify(src/mycobot320_moveit2) by extensions ['ros']
[0.132s] Level 1:colcon.colcon_core.package_identification:_identify(src/mycobot320_moveit2) by extension 'ros'
[0.132s] Level 1:colcon.colcon_core.package_identification:_identify(src/mycobot320_moveit2) by extensions ['cmake', 'python']
[0.132s] Level 1:colcon.colcon_core.package_identification:_identify(src/mycobot320_moveit2) by extension 'cmake'
[0.132s] Level 1:colcon.colcon_core.package_identification:_identify(src/mycobot320_moveit2) by extension 'python'
[0.132s] Level 1:colcon.colcon_core.package_identification:_identify(src/mycobot320_moveit2) by extensions ['python_setup_py']
[0.132s] Level 1:colcon.colcon_core.package_identification:_identify(src/mycobot320_moveit2) by extension 'python_setup_py'
[0.132s] Level 1:colcon.colcon_core.package_identification:_identify(src/mycobot320_moveit2/hello_moveit) by extensions ['ignore', 'ignore_ament_install']
[0.132s] Level 1:colcon.colcon_core.package_identification:_identify(src/mycobot320_moveit2/hello_moveit) by extension 'ignore'
[0.132s] Level 1:colcon.colcon_core.package_identification:_identify(src/mycobot320_moveit2/hello_moveit) by extension 'ignore_ament_install'
[0.132s] Level 1:colcon.colcon_core.package_identification:_identify(src/mycobot320_moveit2/hello_moveit) by extensions ['colcon_pkg']
[0.132s] Level 1:colcon.colcon_core.package_identification:_identify(src/mycobot320_moveit2/hello_moveit) by extension 'colcon_pkg'
[0.132s] Level 1:colcon.colcon_core.package_identification:_identify(src/mycobot320_moveit2/hello_moveit) by extensions ['colcon_meta']
[0.132s] Level 1:colcon.colcon_core.package_identification:_identify(src/mycobot320_moveit2/hello_moveit) by extension 'colcon_meta'
[0.132s] Level 1:colcon.colcon_core.package_identification:_identify(src/mycobot320_moveit2/hello_moveit) by extensions ['ros']
[0.132s] Level 1:colcon.colcon_core.package_identification:_identify(src/mycobot320_moveit2/hello_moveit) by extension 'ros'
[0.134s] DEBUG:colcon.colcon_core.package_identification:Package 'src/mycobot320_moveit2/hello_moveit' with type 'ros.ament_cmake' and name 'hello_moveit'
[0.134s] Level 1:colcon.colcon_core.package_identification:_identify(src/mycobot320_moveit2/moveit_srdf) by extensions ['ignore', 'ignore_ament_install']
[0.134s] Level 1:colcon.colcon_core.package_identification:_identify(src/mycobot320_moveit2/moveit_srdf) by extension 'ignore'
[0.134s] Level 1:colcon.colcon_core.package_identification:_identify(src/mycobot320_moveit2/moveit_srdf) by extension 'ignore_ament_install'
[0.134s] Level 1:colcon.colcon_core.package_identification:_identify(src/mycobot320_moveit2/moveit_srdf) by extensions ['colcon_pkg']
[0.134s] Level 1:colcon.colcon_core.package_identification:_identify(src/mycobot320_moveit2/moveit_srdf) by extension 'colcon_pkg'
[0.134s] Level 1:colcon.colcon_core.package_identification:_identify(src/mycobot320_moveit2/moveit_srdf) by extensions ['colcon_meta']
[0.134s] Level 1:colcon.colcon_core.package_identification:_identify(src/mycobot320_moveit2/moveit_srdf) by extension 'colcon_meta'
[0.134s] Level 1:colcon.colcon_core.package_identification:_identify(src/mycobot320_moveit2/moveit_srdf) by extensions ['ros']
[0.134s] Level 1:colcon.colcon_core.package_identification:_identify(src/mycobot320_moveit2/moveit_srdf) by extension 'ros'
[0.134s] DEBUG:colcon.colcon_core.package_identification:Package 'src/mycobot320_moveit2/moveit_srdf' with type 'ros.ament_cmake' and name 'moveit_srdf'
[0.134s] Level 1:colcon.colcon_core.package_identification:_identify(src/mycobot320_moveit2/myarm_moveit) by extensions ['ignore', 'ignore_ament_install']
[0.134s] Level 1:colcon.colcon_core.package_identification:_identify(src/mycobot320_moveit2/myarm_moveit) by extension 'ignore'
[0.134s] Level 1:colcon.colcon_core.package_identification:_identify(src/mycobot320_moveit2/myarm_moveit) by extension 'ignore_ament_install'
[0.134s] Level 1:colcon.colcon_core.package_identification:_identify(src/mycobot320_moveit2/myarm_moveit) by extensions ['colcon_pkg']
[0.134s] Level 1:colcon.colcon_core.package_identification:_identify(src/mycobot320_moveit2/myarm_moveit) by extension 'colcon_pkg'
[0.134s] Level 1:colcon.colcon_core.package_identification:_identify(src/mycobot320_moveit2/myarm_moveit) by extensions ['colcon_meta']
[0.134s] Level 1:colcon.colcon_core.package_identification:_identify(src/mycobot320_moveit2/myarm_moveit) by extension 'colcon_meta'
[0.134s] Level 1:colcon.colcon_core.package_identification:_identify(src/mycobot320_moveit2/myarm_moveit) by extensions ['ros']
[0.135s] Level 1:colcon.colcon_core.package_identification:_identify(src/mycobot320_moveit2/myarm_moveit) by extension 'ros'
[0.135s] DEBUG:colcon.colcon_core.package_identification:Package 'src/mycobot320_moveit2/myarm_moveit' with type 'ros.ament_cmake' and name 'myarm_moveit'
[0.135s] Level 1:colcon.colcon_core.package_identification:_identify(src/mycobot320_moveit2/mycobot_interfaces) by extensions ['ignore', 'ignore_ament_install']
[0.135s] Level 1:colcon.colcon_core.package_identification:_identify(src/mycobot320_moveit2/mycobot_interfaces) by extension 'ignore'
[0.135s] Level 1:colcon.colcon_core.package_identification:_identify(src/mycobot320_moveit2/mycobot_interfaces) by extension 'ignore_ament_install'
[0.135s] Level 1:colcon.colcon_core.package_identification:_identify(src/mycobot320_moveit2/mycobot_interfaces) by extensions ['colcon_pkg']
[0.135s] Level 1:colcon.colcon_core.package_identification:_identify(src/mycobot320_moveit2/mycobot_interfaces) by extension 'colcon_pkg'
[0.135s] Level 1:colcon.colcon_core.package_identification:_identify(src/mycobot320_moveit2/mycobot_interfaces) by extensions ['colcon_meta']
[0.135s] Level 1:colcon.colcon_core.package_identification:_identify(src/mycobot320_moveit2/mycobot_interfaces) by extension 'colcon_meta'
[0.135s] Level 1:colcon.colcon_core.package_identification:_identify(src/mycobot320_moveit2/mycobot_interfaces) by extensions ['ros']
[0.135s] Level 1:colcon.colcon_core.package_identification:_identify(src/mycobot320_moveit2/mycobot_interfaces) by extension 'ros'
[0.135s] DEBUG:colcon.colcon_core.package_identification:Package 'src/mycobot320_moveit2/mycobot_interfaces' with type 'ros.ament_cmake' and name 'mycobot_interfaces'
[0.135s] Level 1:colcon.colcon_core.package_identification:_identify(src/mycobot320_moveit2/mycobot_moveit) by extensions ['ignore', 'ignore_ament_install']
[0.135s] Level 1:colcon.colcon_core.package_identification:_identify(src/mycobot320_moveit2/mycobot_moveit) by extension 'ignore'
[0.136s] Level 1:colcon.colcon_core.package_identification:_identify(src/mycobot320_moveit2/mycobot_moveit) by extension 'ignore_ament_install'
[0.136s] Level 1:colcon.colcon_core.package_identification:_identify(src/mycobot320_moveit2/mycobot_moveit) by extensions ['colcon_pkg']
[0.136s] Level 1:colcon.colcon_core.package_identification:_identify(src/mycobot320_moveit2/mycobot_moveit) by extension 'colcon_pkg'
[0.136s] Level 1:colcon.colcon_core.package_identification:_identify(src/mycobot320_moveit2/mycobot_moveit) by extensions ['colcon_meta']
[0.136s] Level 1:colcon.colcon_core.package_identification:_identify(src/mycobot320_moveit2/mycobot_moveit) by extension 'colcon_meta'
[0.136s] Level 1:colcon.colcon_core.package_identification:_identify(src/mycobot320_moveit2/mycobot_moveit) by extensions ['ros']
[0.136s] Level 1:colcon.colcon_core.package_identification:_identify(src/mycobot320_moveit2/mycobot_moveit) by extension 'ros'
[0.136s] DEBUG:colcon.colcon_core.package_identification:Package 'src/mycobot320_moveit2/mycobot_moveit' with type 'ros.ament_cmake' and name 'mycobot_moveit'
[0.136s] Level 1:colcon.colcon_core.package_identification:_identify(src/mycobot320_moveit2/mycobot_ros2_controll) by extensions ['ignore', 'ignore_ament_install']
[0.136s] Level 1:colcon.colcon_core.package_identification:_identify(src/mycobot320_moveit2/mycobot_ros2_controll) by extension 'ignore'
[0.136s] Level 1:colcon.colcon_core.package_identification:_identify(src/mycobot320_moveit2/mycobot_ros2_controll) by extension 'ignore_ament_install'
[0.136s] Level 1:colcon.colcon_core.package_identification:_identify(src/mycobot320_moveit2/mycobot_ros2_controll) by extensions ['colcon_pkg']
[0.136s] Level 1:colcon.colcon_core.package_identification:_identify(src/mycobot320_moveit2/mycobot_ros2_controll) by extension 'colcon_pkg'
[0.136s] Level 1:colcon.colcon_core.package_identification:_identify(src/mycobot320_moveit2/mycobot_ros2_controll) by extensions ['colcon_meta']
[0.136s] Level 1:colcon.colcon_core.package_identification:_identify(src/mycobot320_moveit2/mycobot_ros2_controll) by extension 'colcon_meta'
[0.136s] Level 1:colcon.colcon_core.package_identification:_identify(src/mycobot320_moveit2/mycobot_ros2_controll) by extensions ['ros']
[0.136s] Level 1:colcon.colcon_core.package_identification:_identify(src/mycobot320_moveit2/mycobot_ros2_controll) by extension 'ros'
[0.137s] DEBUG:colcon.colcon_core.package_identification:Package 'src/mycobot320_moveit2/mycobot_ros2_controll' with type 'ros.ament_python' and name 'mycobot_ros2_controll'
[0.137s] Level 1:colcon.colcon_core.package_identification:_identify(src/mycobot320_moveit2/mycobot_ros2_cpp_cnt) by extensions ['ignore', 'ignore_ament_install']
[0.137s] Level 1:colcon.colcon_core.package_identification:_identify(src/mycobot320_moveit2/mycobot_ros2_cpp_cnt) by extension 'ignore'
[0.137s] Level 1:colcon.colcon_core.package_identification:_identify(src/mycobot320_moveit2/mycobot_ros2_cpp_cnt) by extension 'ignore_ament_install'
[0.137s] Level 1:colcon.colcon_core.package_identification:_identify(src/mycobot320_moveit2/mycobot_ros2_cpp_cnt) by extensions ['colcon_pkg']
[0.137s] Level 1:colcon.colcon_core.package_identification:_identify(src/mycobot320_moveit2/mycobot_ros2_cpp_cnt) by extension 'colcon_pkg'
[0.137s] Level 1:colcon.colcon_core.package_identification:_identify(src/mycobot320_moveit2/mycobot_ros2_cpp_cnt) by extensions ['colcon_meta']
[0.137s] Level 1:colcon.colcon_core.package_identification:_identify(src/mycobot320_moveit2/mycobot_ros2_cpp_cnt) by extension 'colcon_meta'
[0.137s] Level 1:colcon.colcon_core.package_identification:_identify(src/mycobot320_moveit2/mycobot_ros2_cpp_cnt) by extensions ['ros']
[0.137s] Level 1:colcon.colcon_core.package_identification:_identify(src/mycobot320_moveit2/mycobot_ros2_cpp_cnt) by extension 'ros'
[0.137s] DEBUG:colcon.colcon_core.package_identification:Package 'src/mycobot320_moveit2/mycobot_ros2_cpp_cnt' with type 'ros.ament_cmake' and name 'mycobot_ros2_cpp_cnt'
[0.138s] Level 1:colcon.colcon_core.package_identification:_identify(src/mycobot320_moveit2/mycobot_with_gripper) by extensions ['ignore', 'ignore_ament_install']
[0.138s] Level 1:colcon.colcon_core.package_identification:_identify(src/mycobot320_moveit2/mycobot_with_gripper) by extension 'ignore'
[0.138s] Level 1:colcon.colcon_core.package_identification:_identify(src/mycobot320_moveit2/mycobot_with_gripper) by extension 'ignore_ament_install'
[0.138s] Level 1:colcon.colcon_core.package_identification:_identify(src/mycobot320_moveit2/mycobot_with_gripper) by extensions ['colcon_pkg']
[0.138s] Level 1:colcon.colcon_core.package_identification:_identify(src/mycobot320_moveit2/mycobot_with_gripper) by extension 'colcon_pkg'
[0.138s] Level 1:colcon.colcon_core.package_identification:_identify(src/mycobot320_moveit2/mycobot_with_gripper) by extensions ['colcon_meta']
[0.138s] Level 1:colcon.colcon_core.package_identification:_identify(src/mycobot320_moveit2/mycobot_with_gripper) by extension 'colcon_meta'
[0.138s] Level 1:colcon.colcon_core.package_identification:_identify(src/mycobot320_moveit2/mycobot_with_gripper) by extensions ['ros']
[0.138s] Level 1:colcon.colcon_core.package_identification:_identify(src/mycobot320_moveit2/mycobot_with_gripper) by extension 'ros'
[0.138s] DEBUG:colcon.colcon_core.package_identification:Package 'src/mycobot320_moveit2/mycobot_with_gripper' with type 'ros.ament_cmake' and name 'mycobot_with_gripper'
[0.138s] Level 1:colcon.colcon_core.package_discovery:discover_packages(recursive) using defaults
[0.138s] Level 1:colcon.colcon_core.package_discovery:discover_packages(ignore) discover
[0.138s] Level 1:colcon.colcon_core.package_discovery:discover_packages(ignore) using defaults
[0.138s] Level 1:colcon.colcon_core.package_discovery:discover_packages(path) discover
[0.138s] Level 1:colcon.colcon_core.package_discovery:discover_packages(path) using defaults
[0.153s] Level 1:colcon.colcon_core.package_discovery:discover_packages(prefix_path) check parameters
[0.153s] Level 1:colcon.colcon_core.package_discovery:discover_packages(prefix_path) discover
[0.154s] DEBUG:colcon.colcon_installed_package_information.package_discovery:Found 349 installed packages in /opt/ros/humble
[0.155s] Level 1:colcon.colcon_core.package_discovery:discover_packages(prefix_path) using defaults
[0.175s] Level 5:colcon.colcon_core.verb:set package 'hello_moveit' build argument 'cmake_args' from command line to 'None'
[0.175s] Level 5:colcon.colcon_core.verb:set package 'hello_moveit' build argument 'cmake_target' from command line to 'None'
[0.175s] Level 5:colcon.colcon_core.verb:set package 'hello_moveit' build argument 'cmake_target_skip_unavailable' from command line to 'False'
[0.175s] Level 5:colcon.colcon_core.verb:set package 'hello_moveit' build argument 'cmake_clean_cache' from command line to 'False'
[0.175s] Level 5:colcon.colcon_core.verb:set package 'hello_moveit' build argument 'cmake_clean_first' from command line to 'False'
[0.175s] Level 5:colcon.colcon_core.verb:set package 'hello_moveit' build argument 'cmake_force_configure' from command line to 'False'
[0.175s] Level 5:colcon.colcon_core.verb:set package 'hello_moveit' build argument 'ament_cmake_args' from command line to 'None'
[0.175s] Level 5:colcon.colcon_core.verb:set package 'hello_moveit' build argument 'catkin_cmake_args' from command line to 'None'
[0.175s] Level 5:colcon.colcon_core.verb:set package 'hello_moveit' build argument 'catkin_skip_building_tests' from command line to 'False'
[0.175s] DEBUG:colcon.colcon_core.verb:Building package 'hello_moveit' with the following arguments: {'ament_cmake_args': None, 'build_base': '/home/psy/2024.11.26.TurtleArm_Moveit/build/hello_moveit', 'catkin_cmake_args': None, 'catkin_skip_building_tests': False, 'cmake_args': None, 'cmake_clean_cache': False, 'cmake_clean_first': False, 'cmake_force_configure': False, 'cmake_target': None, 'cmake_target_skip_unavailable': False, 'install_base': '/home/psy/2024.11.26.TurtleArm_Moveit/install/hello_moveit', 'merge_install': False, 'path': '/home/psy/2024.11.26.TurtleArm_Moveit/src/mycobot320_moveit2/hello_moveit', 'symlink_install': False, 'test_result_base': None}
[0.175s] Level 5:colcon.colcon_core.verb:set package 'mycobot_interfaces' build argument 'cmake_args' from command line to 'None'
[0.175s] Level 5:colcon.colcon_core.verb:set package 'mycobot_interfaces' build argument 'cmake_target' from command line to 'None'
[0.175s] Level 5:colcon.colcon_core.verb:set package 'mycobot_interfaces' build argument 'cmake_target_skip_unavailable' from command line to 'False'
[0.175s] Level 5:colcon.colcon_core.verb:set package 'mycobot_interfaces' build argument 'cmake_clean_cache' from command line to 'False'
[0.175s] Level 5:colcon.colcon_core.verb:set package 'mycobot_interfaces' build argument 'cmake_clean_first' from command line to 'False'
[0.175s] Level 5:colcon.colcon_core.verb:set package 'mycobot_interfaces' build argument 'cmake_force_configure' from command line to 'False'
[0.175s] Level 5:colcon.colcon_core.verb:set package 'mycobot_interfaces' build argument 'ament_cmake_args' from command line to 'None'
[0.175s] Level 5:colcon.colcon_core.verb:set package 'mycobot_interfaces' build argument 'catkin_cmake_args' from command line to 'None'
[0.175s] Level 5:colcon.colcon_core.verb:set package 'mycobot_interfaces' build argument 'catkin_skip_building_tests' from command line to 'False'
[0.175s] DEBUG:colcon.colcon_core.verb:Building package 'mycobot_interfaces' with the following arguments: {'ament_cmake_args': None, 'build_base': '/home/psy/2024.11.26.TurtleArm_Moveit/build/mycobot_interfaces', 'catkin_cmake_args': None, 'catkin_skip_building_tests': False, 'cmake_args': None, 'cmake_clean_cache': False, 'cmake_clean_first': False, 'cmake_force_configure': False, 'cmake_target': None, 'cmake_target_skip_unavailable': False, 'install_base': '/home/psy/2024.11.26.TurtleArm_Moveit/install/mycobot_interfaces', 'merge_install': False, 'path': '/home/psy/2024.11.26.TurtleArm_Moveit/src/mycobot320_moveit2/mycobot_interfaces', 'symlink_install': False, 'test_result_base': None}
[0.175s] Level 5:colcon.colcon_core.verb:set package 'mycobot_moveit' build argument 'cmake_args' from command line to 'None'
[0.175s] Level 5:colcon.colcon_core.verb:set package 'mycobot_moveit' build argument 'cmake_target' from command line to 'None'
[0.175s] Level 5:colcon.colcon_core.verb:set package 'mycobot_moveit' build argument 'cmake_target_skip_unavailable' from command line to 'False'
[0.175s] Level 5:colcon.colcon_core.verb:set package 'mycobot_moveit' build argument 'cmake_clean_cache' from command line to 'False'
[0.175s] Level 5:colcon.colcon_core.verb:set package 'mycobot_moveit' build argument 'cmake_clean_first' from command line to 'False'
[0.175s] Level 5:colcon.colcon_core.verb:set package 'mycobot_moveit' build argument 'cmake_force_configure' from command line to 'False'
[0.175s] Level 5:colcon.colcon_core.verb:set package 'mycobot_moveit' build argument 'ament_cmake_args' from command line to 'None'
[0.175s] Level 5:colcon.colcon_core.verb:set package 'mycobot_moveit' build argument 'catkin_cmake_args' from command line to 'None'
[0.175s] Level 5:colcon.colcon_core.verb:set package 'mycobot_moveit' build argument 'catkin_skip_building_tests' from command line to 'False'
[0.176s] DEBUG:colcon.colcon_core.verb:Building package 'mycobot_moveit' with the following arguments: {'ament_cmake_args': None, 'build_base': '/home/psy/2024.11.26.TurtleArm_Moveit/build/mycobot_moveit', 'catkin_cmake_args': None, 'catkin_skip_building_tests': False, 'cmake_args': None, 'cmake_clean_cache': False, 'cmake_clean_first': False, 'cmake_force_configure': False, 'cmake_target': None, 'cmake_target_skip_unavailable': False, 'install_base': '/home/psy/2024.11.26.TurtleArm_Moveit/install/mycobot_moveit', 'merge_install': False, 'path': '/home/psy/2024.11.26.TurtleArm_Moveit/src/mycobot320_moveit2/mycobot_moveit', 'symlink_install': False, 'test_result_base': None}
[0.176s] Level 5:colcon.colcon_core.verb:set package 'mycobot_with_gripper' build argument 'cmake_args' from command line to 'None'
[0.176s] Level 5:colcon.colcon_core.verb:set package 'mycobot_with_gripper' build argument 'cmake_target' from command line to 'None'
[0.176s] Level 5:colcon.colcon_core.verb:set package 'mycobot_with_gripper' build argument 'cmake_target_skip_unavailable' from command line to 'False'
[0.176s] Level 5:colcon.colcon_core.verb:set package 'mycobot_with_gripper' build argument 'cmake_clean_cache' from command line to 'False'
[0.176s] Level 5:colcon.colcon_core.verb:set package 'mycobot_with_gripper' build argument 'cmake_clean_first' from command line to 'False'
[0.176s] Level 5:colcon.colcon_core.verb:set package 'mycobot_with_gripper' build argument 'cmake_force_configure' from command line to 'False'
[0.176s] Level 5:colcon.colcon_core.verb:set package 'mycobot_with_gripper' build argument 'ament_cmake_args' from command line to 'None'
[0.176s] Level 5:colcon.colcon_core.verb:set package 'mycobot_with_gripper' build argument 'catkin_cmake_args' from command line to 'None'
[0.176s] Level 5:colcon.colcon_core.verb:set package 'mycobot_with_gripper' build argument 'catkin_skip_building_tests' from command line to 'False'
[0.176s] DEBUG:colcon.colcon_core.verb:Building package 'mycobot_with_gripper' with the following arguments: {'ament_cmake_args': None, 'build_base': '/home/psy/2024.11.26.TurtleArm_Moveit/build/mycobot_with_gripper', 'catkin_cmake_args': None, 'catkin_skip_building_tests': False, 'cmake_args': None, 'cmake_clean_cache': False, 'cmake_clean_first': False, 'cmake_force_configure': False, 'cmake_target': None, 'cmake_target_skip_unavailable': False, 'install_base': '/home/psy/2024.11.26.TurtleArm_Moveit/install/mycobot_with_gripper', 'merge_install': False, 'path': '/home/psy/2024.11.26.TurtleArm_Moveit/src/mycobot320_moveit2/mycobot_with_gripper', 'symlink_install': False, 'test_result_base': None}
[0.176s] Level 5:colcon.colcon_core.verb:set package 'moveit_srdf' build argument 'cmake_args' from command line to 'None'
[0.176s] Level 5:colcon.colcon_core.verb:set package 'moveit_srdf' build argument 'cmake_target' from command line to 'None'
[0.176s] Level 5:colcon.colcon_core.verb:set package 'moveit_srdf' build argument 'cmake_target_skip_unavailable' from command line to 'False'
[0.176s] Level 5:colcon.colcon_core.verb:set package 'moveit_srdf' build argument 'cmake_clean_cache' from command line to 'False'
[0.176s] Level 5:colcon.colcon_core.verb:set package 'moveit_srdf' build argument 'cmake_clean_first' from command line to 'False'
[0.176s] Level 5:colcon.colcon_core.verb:set package 'moveit_srdf' build argument 'cmake_force_configure' from command line to 'False'
[0.176s] Level 5:colcon.colcon_core.verb:set package 'moveit_srdf' build argument 'ament_cmake_args' from command line to 'None'
[0.176s] Level 5:colcon.colcon_core.verb:set package 'moveit_srdf' build argument 'catkin_cmake_args' from command line to 'None'
[0.176s] Level 5:colcon.colcon_core.verb:set package 'moveit_srdf' build argument 'catkin_skip_building_tests' from command line to 'False'
[0.176s] DEBUG:colcon.colcon_core.verb:Building package 'moveit_srdf' with the following arguments: {'ament_cmake_args': None, 'build_base': '/home/psy/2024.11.26.TurtleArm_Moveit/build/moveit_srdf', 'catkin_cmake_args': None, 'catkin_skip_building_tests': False, 'cmake_args': None, 'cmake_clean_cache': False, 'cmake_clean_first': False, 'cmake_force_configure': False, 'cmake_target': None, 'cmake_target_skip_unavailable': False, 'install_base': '/home/psy/2024.11.26.TurtleArm_Moveit/install/moveit_srdf', 'merge_install': False, 'path': '/home/psy/2024.11.26.TurtleArm_Moveit/src/mycobot320_moveit2/moveit_srdf', 'symlink_install': False, 'test_result_base': None}
[0.176s] Level 5:colcon.colcon_core.verb:set package 'myarm_moveit' build argument 'cmake_args' from command line to 'None'
[0.176s] Level 5:colcon.colcon_core.verb:set package 'myarm_moveit' build argument 'cmake_target' from command line to 'None'
[0.176s] Level 5:colcon.colcon_core.verb:set package 'myarm_moveit' build argument 'cmake_target_skip_unavailable' from command line to 'False'
[0.176s] Level 5:colcon.colcon_core.verb:set package 'myarm_moveit' build argument 'cmake_clean_cache' from command line to 'False'
[0.176s] Level 5:colcon.colcon_core.verb:set package 'myarm_moveit' build argument 'cmake_clean_first' from command line to 'False'
[0.176s] Level 5:colcon.colcon_core.verb:set package 'myarm_moveit' build argument 'cmake_force_configure' from command line to 'False'
[0.176s] Level 5:colcon.colcon_core.verb:set package 'myarm_moveit' build argument 'ament_cmake_args' from command line to 'None'
[0.176s] Level 5:colcon.colcon_core.verb:set package 'myarm_moveit' build argument 'catkin_cmake_args' from command line to 'None'
[0.176s] Level 5:colcon.colcon_core.verb:set package 'myarm_moveit' build argument 'catkin_skip_building_tests' from command line to 'False'
[0.176s] DEBUG:colcon.colcon_core.verb:Building package 'myarm_moveit' with the following arguments: {'ament_cmake_args': None, 'build_base': '/home/psy/2024.11.26.TurtleArm_Moveit/build/myarm_moveit', 'catkin_cmake_args': None, 'catkin_skip_building_tests': False, 'cmake_args': None, 'cmake_clean_cache': False, 'cmake_clean_first': False, 'cmake_force_configure': False, 'cmake_target': None, 'cmake_target_skip_unavailable': False, 'install_base': '/home/psy/2024.11.26.TurtleArm_Moveit/install/myarm_moveit', 'merge_install': False, 'path': '/home/psy/2024.11.26.TurtleArm_Moveit/src/mycobot320_moveit2/myarm_moveit', 'symlink_install': False, 'test_result_base': None}
[0.176s] Level 5:colcon.colcon_core.verb:set package 'mycobot_ros2_controll' build argument 'cmake_args' from command line to 'None'
[0.176s] Level 5:colcon.colcon_core.verb:set package 'mycobot_ros2_controll' build argument 'cmake_target' from command line to 'None'
[0.176s] Level 5:colcon.colcon_core.verb:set package 'mycobot_ros2_controll' build argument 'cmake_target_skip_unavailable' from command line to 'False'
[0.176s] Level 5:colcon.colcon_core.verb:set package 'mycobot_ros2_controll' build argument 'cmake_clean_cache' from command line to 'False'
[0.176s] Level 5:colcon.colcon_core.verb:set package 'mycobot_ros2_controll' build argument 'cmake_clean_first' from command line to 'False'
[0.176s] Level 5:colcon.colcon_core.verb:set package 'mycobot_ros2_controll' build argument 'cmake_force_configure' from command line to 'False'
[0.176s] Level 5:colcon.colcon_core.verb:set package 'mycobot_ros2_controll' build argument 'ament_cmake_args' from command line to 'None'
[0.176s] Level 5:colcon.colcon_core.verb:set package 'mycobot_ros2_controll' build argument 'catkin_cmake_args' from command line to 'None'
[0.176s] Level 5:colcon.colcon_core.verb:set package 'mycobot_ros2_controll' build argument 'catkin_skip_building_tests' from command line to 'False'
[0.176s] DEBUG:colcon.colcon_core.verb:Building package 'mycobot_ros2_controll' with the following arguments: {'ament_cmake_args': None, 'build_base': '/home/psy/2024.11.26.TurtleArm_Moveit/build/mycobot_ros2_controll', 'catkin_cmake_args': None, 'catkin_skip_building_tests': False, 'cmake_args': None, 'cmake_clean_cache': False, 'cmake_clean_first': False, 'cmake_force_configure': False, 'cmake_target': None, 'cmake_target_skip_unavailable': False, 'install_base': '/home/psy/2024.11.26.TurtleArm_Moveit/install/mycobot_ros2_controll', 'merge_install': False, 'path': '/home/psy/2024.11.26.TurtleArm_Moveit/src/mycobot320_moveit2/mycobot_ros2_controll', 'symlink_install': False, 'test_result_base': None}
[0.177s] Level 5:colcon.colcon_core.verb:set package 'mycobot_ros2_cpp_cnt' build argument 'cmake_args' from command line to 'None'
[0.177s] Level 5:colcon.colcon_core.verb:set package 'mycobot_ros2_cpp_cnt' build argument 'cmake_target' from command line to 'None'
[0.177s] Level 5:colcon.colcon_core.verb:set package 'mycobot_ros2_cpp_cnt' build argument 'cmake_target_skip_unavailable' from command line to 'False'
[0.177s] Level 5:colcon.colcon_core.verb:set package 'mycobot_ros2_cpp_cnt' build argument 'cmake_clean_cache' from command line to 'False'
[0.177s] Level 5:colcon.colcon_core.verb:set package 'mycobot_ros2_cpp_cnt' build argument 'cmake_clean_first' from command line to 'False'
[0.177s] Level 5:colcon.colcon_core.verb:set package 'mycobot_ros2_cpp_cnt' build argument 'cmake_force_configure' from command line to 'False'
[0.177s] Level 5:colcon.colcon_core.verb:set package 'mycobot_ros2_cpp_cnt' build argument 'ament_cmake_args' from command line to 'None'
[0.177s] Level 5:colcon.colcon_core.verb:set package 'mycobot_ros2_cpp_cnt' build argument 'catkin_cmake_args' from command line to 'None'
[0.177s] Level 5:colcon.colcon_core.verb:set package 'mycobot_ros2_cpp_cnt' build argument 'catkin_skip_building_tests' from command line to 'False'
[0.177s] DEBUG:colcon.colcon_core.verb:Building package 'mycobot_ros2_cpp_cnt' with the following arguments: {'ament_cmake_args': None, 'build_base': '/home/psy/2024.11.26.TurtleArm_Moveit/build/mycobot_ros2_cpp_cnt', 'catkin_cmake_args': None, 'catkin_skip_building_tests': False, 'cmake_args': None, 'cmake_clean_cache': False, 'cmake_clean_first': False, 'cmake_force_configure': False, 'cmake_target': None, 'cmake_target_skip_unavailable': False, 'install_base': '/home/psy/2024.11.26.TurtleArm_Moveit/install/mycobot_ros2_cpp_cnt', 'merge_install': False, 'path': '/home/psy/2024.11.26.TurtleArm_Moveit/src/mycobot320_moveit2/mycobot_ros2_cpp_cnt', 'symlink_install': False, 'test_result_base': None}
[0.177s] INFO:colcon.colcon_core.executor:Executing jobs using 'parallel' executor
[0.177s] DEBUG:colcon.colcon_parallel_executor.executor.parallel:run_until_complete
[0.178s] INFO:colcon.colcon_ros.task.ament_cmake.build:Building ROS package in '/home/psy/2024.11.26.TurtleArm_Moveit/src/mycobot320_moveit2/mycobot_interfaces' with build type 'ament_cmake'
[0.178s] INFO:colcon.colcon_cmake.task.cmake.build:Building CMake package in '/home/psy/2024.11.26.TurtleArm_Moveit/src/mycobot320_moveit2/mycobot_interfaces'
[0.179s] INFO:colcon.colcon_core.plugin_system:Skipping extension 'colcon_core.shell.bat': Not used on non-Windows systems
[0.179s] INFO:colcon.colcon_core.shell:Skip shell extension 'powershell' for command environment: Not usable outside of PowerShell
[0.179s] DEBUG:colcon.colcon_core.shell:Skip shell extension 'dsv' for command environment
[0.180s] INFO:colcon.colcon_ros.task.ament_cmake.build:Building ROS package in '/home/psy/2024.11.26.TurtleArm_Moveit/src/mycobot320_moveit2/mycobot_moveit' with build type 'ament_cmake'
[0.181s] INFO:colcon.colcon_cmake.task.cmake.build:Building CMake package in '/home/psy/2024.11.26.TurtleArm_Moveit/src/mycobot320_moveit2/mycobot_moveit'
[0.181s] INFO:colcon.colcon_core.shell:Skip shell extension 'powershell' for command environment: Not usable outside of PowerShell
[0.181s] DEBUG:colcon.colcon_core.shell:Skip shell extension 'dsv' for command environment
[0.182s] INFO:colcon.colcon_ros.task.ament_cmake.build:Building ROS package in '/home/psy/2024.11.26.TurtleArm_Moveit/src/mycobot320_moveit2/mycobot_with_gripper' with build type 'ament_cmake'
[0.182s] INFO:colcon.colcon_cmake.task.cmake.build:Building CMake package in '/home/psy/2024.11.26.TurtleArm_Moveit/src/mycobot320_moveit2/mycobot_with_gripper'
[0.182s] INFO:colcon.colcon_core.shell:Skip shell extension 'powershell' for command environment: Not usable outside of PowerShell
[0.182s] DEBUG:colcon.colcon_core.shell:Skip shell extension 'dsv' for command environment
[0.183s] INFO:colcon.colcon_ros.task.ament_cmake.build:Building ROS package in '/home/psy/2024.11.26.TurtleArm_Moveit/src/mycobot320_moveit2/hello_moveit' with build type 'ament_cmake'
[0.184s] INFO:colcon.colcon_cmake.task.cmake.build:Building CMake package in '/home/psy/2024.11.26.TurtleArm_Moveit/src/mycobot320_moveit2/hello_moveit'
[0.184s] INFO:colcon.colcon_core.shell:Skip shell extension 'powershell' for command environment: Not usable outside of PowerShell
[0.184s] DEBUG:colcon.colcon_core.shell:Skip shell extension 'dsv' for command environment
[0.187s] DEBUG:colcon.colcon_core.event_handler.log_command:Invoking command in '/home/psy/2024.11.26.TurtleArm_Moveit/build/mycobot_interfaces': CMAKE_PREFIX_PATH=/opt/ros/humble /usr/bin/cmake --build /home/psy/2024.11.26.TurtleArm_Moveit/build/mycobot_interfaces -- -j20 -l20
[0.188s] DEBUG:colcon.colcon_core.event_handler.log_command:Invoking command in '/home/psy/2024.11.26.TurtleArm_Moveit/build/mycobot_moveit': CMAKE_PREFIX_PATH=/opt/ros/humble /usr/bin/cmake --build /home/psy/2024.11.26.TurtleArm_Moveit/build/mycobot_moveit -- -j20 -l20
[0.224s] DEBUG:colcon.colcon_core.event_handler.log_command:Invoking command in '/home/psy/2024.11.26.TurtleArm_Moveit/build/mycobot_with_gripper': CMAKE_PREFIX_PATH=/opt/ros/humble /usr/bin/cmake --build /home/psy/2024.11.26.TurtleArm_Moveit/build/mycobot_with_gripper -- -j20 -l20
[0.230s] DEBUG:colcon.colcon_core.event_handler.log_command:Invoking command in '/home/psy/2024.11.26.TurtleArm_Moveit/build/hello_moveit': CMAKE_PREFIX_PATH=/opt/ros/humble /usr/bin/cmake --build /home/psy/2024.11.26.TurtleArm_Moveit/build/hello_moveit -- -j20 -l20
[0.230s] DEBUG:colcon.colcon_core.event_handler.log_command:Invoked command in '/home/psy/2024.11.26.TurtleArm_Moveit/build/mycobot_moveit' returned '0': CMAKE_PREFIX_PATH=/opt/ros/humble /usr/bin/cmake --build /home/psy/2024.11.26.TurtleArm_Moveit/build/mycobot_moveit -- -j20 -l20
[0.260s] DEBUG:colcon.colcon_core.event_handler.log_command:Invoking command in '/home/psy/2024.11.26.TurtleArm_Moveit/build/mycobot_moveit': CMAKE_PREFIX_PATH=/opt/ros/humble /usr/bin/cmake --install /home/psy/2024.11.26.TurtleArm_Moveit/build/mycobot_moveit
[0.261s] DEBUG:colcon.colcon_core.event_handler.log_command:Invoked command in '/home/psy/2024.11.26.TurtleArm_Moveit/build/mycobot_with_gripper' returned '0': CMAKE_PREFIX_PATH=/opt/ros/humble /usr/bin/cmake --build /home/psy/2024.11.26.TurtleArm_Moveit/build/mycobot_with_gripper -- -j20 -l20
[0.273s] Level 1:colcon.colcon_core.environment:create_environment_scripts_only(mycobot_moveit)
[0.278s] DEBUG:colcon.colcon_core.event_handler.log_command:Invoked command in '/home/psy/2024.11.26.TurtleArm_Moveit/build/mycobot_moveit' returned '0': CMAKE_PREFIX_PATH=/opt/ros/humble /usr/bin/cmake --install /home/psy/2024.11.26.TurtleArm_Moveit/build/mycobot_moveit
[0.279s] Level 1:colcon.colcon_core.environment:checking '/home/psy/2024.11.26.TurtleArm_Moveit/install/mycobot_moveit' for CMake module files
[0.280s] Level 1:colcon.colcon_core.environment:checking '/home/psy/2024.11.26.TurtleArm_Moveit/install/mycobot_moveit' for CMake config files
[0.280s] Level 1:colcon.colcon_core.shell:create_environment_hook('mycobot_moveit', 'cmake_prefix_path')
[0.281s] INFO:colcon.colcon_core.shell:Creating environment hook '/home/psy/2024.11.26.TurtleArm_Moveit/install/mycobot_moveit/share/mycobot_moveit/hook/cmake_prefix_path.ps1'
[0.281s] INFO:colcon.colcon_core.shell:Creating environment descriptor '/home/psy/2024.11.26.TurtleArm_Moveit/install/mycobot_moveit/share/mycobot_moveit/hook/cmake_prefix_path.dsv'
[0.282s] INFO:colcon.colcon_core.shell:Creating environment hook '/home/psy/2024.11.26.TurtleArm_Moveit/install/mycobot_moveit/share/mycobot_moveit/hook/cmake_prefix_path.sh'
[0.283s] Level 1:colcon.colcon_core.environment:checking '/home/psy/2024.11.26.TurtleArm_Moveit/install/mycobot_moveit/bin'
[0.283s] Level 1:colcon.colcon_core.environment:checking '/home/psy/2024.11.26.TurtleArm_Moveit/install/mycobot_moveit/lib/pkgconfig/mycobot_moveit.pc'
[0.284s] Level 1:colcon.colcon_core.environment:checking '/home/psy/2024.11.26.TurtleArm_Moveit/install/mycobot_moveit/lib/python3.10/site-packages'
[0.284s] Level 1:colcon.colcon_core.environment:checking '/home/psy/2024.11.26.TurtleArm_Moveit/install/mycobot_moveit/bin'
[0.285s] INFO:colcon.colcon_core.shell:Creating package script '/home/psy/2024.11.26.TurtleArm_Moveit/install/mycobot_moveit/share/mycobot_moveit/package.ps1'
[0.286s] INFO:colcon.colcon_core.shell:Creating package descriptor '/home/psy/2024.11.26.TurtleArm_Moveit/install/mycobot_moveit/share/mycobot_moveit/package.dsv'
[0.286s] INFO:colcon.colcon_core.shell:Creating package script '/home/psy/2024.11.26.TurtleArm_Moveit/install/mycobot_moveit/share/mycobot_moveit/package.sh'
[0.287s] INFO:colcon.colcon_core.shell:Creating package script '/home/psy/2024.11.26.TurtleArm_Moveit/install/mycobot_moveit/share/mycobot_moveit/package.bash'
[0.288s] INFO:colcon.colcon_core.shell:Creating package script '/home/psy/2024.11.26.TurtleArm_Moveit/install/mycobot_moveit/share/mycobot_moveit/package.zsh'
[0.289s] Level 1:colcon.colcon_core.environment:create_file_with_runtime_dependencies(/home/psy/2024.11.26.TurtleArm_Moveit/install/mycobot_moveit/share/colcon-core/packages/mycobot_moveit)
[0.292s] DEBUG:colcon.colcon_core.event_handler.log_command:Invoking command in '/home/psy/2024.11.26.TurtleArm_Moveit/build/mycobot_with_gripper': CMAKE_PREFIX_PATH=/opt/ros/humble /usr/bin/cmake --install /home/psy/2024.11.26.TurtleArm_Moveit/build/mycobot_with_gripper
[0.300s] Level 1:colcon.colcon_core.environment:create_environment_scripts_only(mycobot_with_gripper)
[0.301s] Level 1:colcon.colcon_core.environment:checking '/home/psy/2024.11.26.TurtleArm_Moveit/install/mycobot_with_gripper' for CMake module files
[0.303s] DEBUG:colcon.colcon_core.event_handler.log_command:Invoked command in '/home/psy/2024.11.26.TurtleArm_Moveit/build/mycobot_with_gripper' returned '0': CMAKE_PREFIX_PATH=/opt/ros/humble /usr/bin/cmake --install /home/psy/2024.11.26.TurtleArm_Moveit/build/mycobot_with_gripper
[0.303s] Level 1:colcon.colcon_core.environment:checking '/home/psy/2024.11.26.TurtleArm_Moveit/install/mycobot_with_gripper' for CMake config files
[0.303s] Level 1:colcon.colcon_core.shell:create_environment_hook('mycobot_with_gripper', 'cmake_prefix_path')
[0.304s] INFO:colcon.colcon_core.shell:Creating environment hook '/home/psy/2024.11.26.TurtleArm_Moveit/install/mycobot_with_gripper/share/mycobot_with_gripper/hook/cmake_prefix_path.ps1'
[0.304s] INFO:colcon.colcon_core.shell:Creating environment descriptor '/home/psy/2024.11.26.TurtleArm_Moveit/install/mycobot_with_gripper/share/mycobot_with_gripper/hook/cmake_prefix_path.dsv'
[0.304s] INFO:colcon.colcon_core.shell:Creating environment hook '/home/psy/2024.11.26.TurtleArm_Moveit/install/mycobot_with_gripper/share/mycobot_with_gripper/hook/cmake_prefix_path.sh'
[0.305s] Level 1:colcon.colcon_core.environment:checking '/home/psy/2024.11.26.TurtleArm_Moveit/install/mycobot_with_gripper/bin'
[0.305s] Level 1:colcon.colcon_core.environment:checking '/home/psy/2024.11.26.TurtleArm_Moveit/install/mycobot_with_gripper/lib/pkgconfig/mycobot_with_gripper.pc'
[0.305s] Level 1:colcon.colcon_core.environment:checking '/home/psy/2024.11.26.TurtleArm_Moveit/install/mycobot_with_gripper/lib/python3.10/site-packages'
[0.305s] Level 1:colcon.colcon_core.environment:checking '/home/psy/2024.11.26.TurtleArm_Moveit/install/mycobot_with_gripper/bin'
[0.306s] INFO:colcon.colcon_core.shell:Creating package script '/home/psy/2024.11.26.TurtleArm_Moveit/install/mycobot_with_gripper/share/mycobot_with_gripper/package.ps1'
[0.306s] INFO:colcon.colcon_core.shell:Creating package descriptor '/home/psy/2024.11.26.TurtleArm_Moveit/install/mycobot_with_gripper/share/mycobot_with_gripper/package.dsv'
[0.306s] INFO:colcon.colcon_core.shell:Creating package script '/home/psy/2024.11.26.TurtleArm_Moveit/install/mycobot_with_gripper/share/mycobot_with_gripper/package.sh'
[0.307s] INFO:colcon.colcon_core.shell:Creating package script '/home/psy/2024.11.26.TurtleArm_Moveit/install/mycobot_with_gripper/share/mycobot_with_gripper/package.bash'
[0.307s] INFO:colcon.colcon_core.shell:Creating package script '/home/psy/2024.11.26.TurtleArm_Moveit/install/mycobot_with_gripper/share/mycobot_with_gripper/package.zsh'
[0.307s] Level 1:colcon.colcon_core.environment:create_file_with_runtime_dependencies(/home/psy/2024.11.26.TurtleArm_Moveit/install/mycobot_with_gripper/share/colcon-core/packages/mycobot_with_gripper)
[0.309s] Level 1:colcon.colcon_core.environment:create_environment_scripts_only(mycobot_moveit)
[0.309s] Level 1:colcon.colcon_core.environment:checking '/home/psy/2024.11.26.TurtleArm_Moveit/install/mycobot_moveit' for CMake module files
[0.310s] Level 1:colcon.colcon_core.environment:checking '/home/psy/2024.11.26.TurtleArm_Moveit/install/mycobot_moveit' for CMake config files
[0.310s] Level 1:colcon.colcon_core.shell:create_environment_hook('mycobot_moveit', 'cmake_prefix_path')
[0.310s] INFO:colcon.colcon_core.shell:Creating environment hook '/home/psy/2024.11.26.TurtleArm_Moveit/install/mycobot_moveit/share/mycobot_moveit/hook/cmake_prefix_path.ps1'
[0.310s] INFO:colcon.colcon_core.shell:Creating environment descriptor '/home/psy/2024.11.26.TurtleArm_Moveit/install/mycobot_moveit/share/mycobot_moveit/hook/cmake_prefix_path.dsv'
[0.311s] INFO:colcon.colcon_core.shell:Creating environment hook '/home/psy/2024.11.26.TurtleArm_Moveit/install/mycobot_moveit/share/mycobot_moveit/hook/cmake_prefix_path.sh'
[0.311s] Level 1:colcon.colcon_core.environment:checking '/home/psy/2024.11.26.TurtleArm_Moveit/install/mycobot_moveit/bin'
[0.311s] Level 1:colcon.colcon_core.environment:checking '/home/psy/2024.11.26.TurtleArm_Moveit/install/mycobot_moveit/lib/pkgconfig/mycobot_moveit.pc'
[0.311s] Level 1:colcon.colcon_core.environment:checking '/home/psy/2024.11.26.TurtleArm_Moveit/install/mycobot_moveit/lib/python3.10/site-packages'
[0.312s] Level 1:colcon.colcon_core.environment:checking '/home/psy/2024.11.26.TurtleArm_Moveit/install/mycobot_moveit/bin'
[0.312s] INFO:colcon.colcon_core.shell:Creating package script '/home/psy/2024.11.26.TurtleArm_Moveit/install/mycobot_moveit/share/mycobot_moveit/package.ps1'
[0.312s] INFO:colcon.colcon_core.shell:Creating package descriptor '/home/psy/2024.11.26.TurtleArm_Moveit/install/mycobot_moveit/share/mycobot_moveit/package.dsv'
[0.313s] INFO:colcon.colcon_core.shell:Creating package script '/home/psy/2024.11.26.TurtleArm_Moveit/install/mycobot_moveit/share/mycobot_moveit/package.sh'
[0.313s] INFO:colcon.colcon_core.shell:Creating package script '/home/psy/2024.11.26.TurtleArm_Moveit/install/mycobot_moveit/share/mycobot_moveit/package.bash'
[0.313s] INFO:colcon.colcon_core.shell:Creating package script '/home/psy/2024.11.26.TurtleArm_Moveit/install/mycobot_moveit/share/mycobot_moveit/package.zsh'
[0.314s] Level 1:colcon.colcon_core.environment:create_file_with_runtime_dependencies(/home/psy/2024.11.26.TurtleArm_Moveit/install/mycobot_moveit/share/colcon-core/packages/mycobot_moveit)
[0.314s] INFO:colcon.colcon_ros.task.ament_cmake.build:Building ROS package in '/home/psy/2024.11.26.TurtleArm_Moveit/src/mycobot320_moveit2/moveit_srdf' with build type 'ament_cmake'
[0.314s] INFO:colcon.colcon_cmake.task.cmake.build:Building CMake package in '/home/psy/2024.11.26.TurtleArm_Moveit/src/mycobot320_moveit2/moveit_srdf'
[0.315s] INFO:colcon.colcon_core.shell:Skip shell extension 'powershell' for command environment: Not usable outside of PowerShell
[0.315s] DEBUG:colcon.colcon_core.shell:Skip shell extension 'dsv' for command environment
[0.317s] INFO:colcon.colcon_ros.task.ament_cmake.build:Building ROS package in '/home/psy/2024.11.26.TurtleArm_Moveit/src/mycobot320_moveit2/myarm_moveit' with build type 'ament_cmake'
[0.318s] INFO:colcon.colcon_cmake.task.cmake.build:Building CMake package in '/home/psy/2024.11.26.TurtleArm_Moveit/src/mycobot320_moveit2/myarm_moveit'
[0.318s] INFO:colcon.colcon_core.shell:Skip shell extension 'powershell' for command environment: Not usable outside of PowerShell
[0.318s] DEBUG:colcon.colcon_core.shell:Skip shell extension 'dsv' for command environment
[0.321s] DEBUG:colcon.colcon_core.event_handler.log_command:Invoked command in '/home/psy/2024.11.26.TurtleArm_Moveit/build/hello_moveit' returned '0': CMAKE_PREFIX_PATH=/opt/ros/humble /usr/bin/cmake --build /home/psy/2024.11.26.TurtleArm_Moveit/build/hello_moveit -- -j20 -l20
[0.322s] Level 1:colcon.colcon_core.environment:create_environment_scripts_only(mycobot_with_gripper)
[0.323s] Level 1:colcon.colcon_core.environment:checking '/home/psy/2024.11.26.TurtleArm_Moveit/install/mycobot_with_gripper' for CMake module files
[0.323s] Level 1:colcon.colcon_core.environment:checking '/home/psy/2024.11.26.TurtleArm_Moveit/install/mycobot_with_gripper' for CMake config files
[0.323s] Level 1:colcon.colcon_core.shell:create_environment_hook('mycobot_with_gripper', 'cmake_prefix_path')
[0.323s] INFO:colcon.colcon_core.shell:Creating environment hook '/home/psy/2024.11.26.TurtleArm_Moveit/install/mycobot_with_gripper/share/mycobot_with_gripper/hook/cmake_prefix_path.ps1'
[0.324s] INFO:colcon.colcon_core.shell:Creating environment descriptor '/home/psy/2024.11.26.TurtleArm_Moveit/install/mycobot_with_gripper/share/mycobot_with_gripper/hook/cmake_prefix_path.dsv'
[0.324s] INFO:colcon.colcon_core.shell:Creating environment hook '/home/psy/2024.11.26.TurtleArm_Moveit/install/mycobot_with_gripper/share/mycobot_with_gripper/hook/cmake_prefix_path.sh'
[0.325s] Level 1:colcon.colcon_core.environment:checking '/home/psy/2024.11.26.TurtleArm_Moveit/install/mycobot_with_gripper/bin'
[0.325s] Level 1:colcon.colcon_core.environment:checking '/home/psy/2024.11.26.TurtleArm_Moveit/install/mycobot_with_gripper/lib/pkgconfig/mycobot_with_gripper.pc'
[0.325s] Level 1:colcon.colcon_core.environment:checking '/home/psy/2024.11.26.TurtleArm_Moveit/install/mycobot_with_gripper/lib/python3.10/site-packages'
[0.325s] Level 1:colcon.colcon_core.environment:checking '/home/psy/2024.11.26.TurtleArm_Moveit/install/mycobot_with_gripper/bin'
[0.325s] INFO:colcon.colcon_core.shell:Creating package script '/home/psy/2024.11.26.TurtleArm_Moveit/install/mycobot_with_gripper/share/mycobot_with_gripper/package.ps1'
[0.325s] INFO:colcon.colcon_core.shell:Creating package descriptor '/home/psy/2024.11.26.TurtleArm_Moveit/install/mycobot_with_gripper/share/mycobot_with_gripper/package.dsv'
[0.326s] INFO:colcon.colcon_core.shell:Creating package script '/home/psy/2024.11.26.TurtleArm_Moveit/install/mycobot_with_gripper/share/mycobot_with_gripper/package.sh'
[0.326s] INFO:colcon.colcon_core.shell:Creating package script '/home/psy/2024.11.26.TurtleArm_Moveit/install/mycobot_with_gripper/share/mycobot_with_gripper/package.bash'
[0.326s] INFO:colcon.colcon_core.shell:Creating package script '/home/psy/2024.11.26.TurtleArm_Moveit/install/mycobot_with_gripper/share/mycobot_with_gripper/package.zsh'
[0.326s] Level 1:colcon.colcon_core.environment:create_file_with_runtime_dependencies(/home/psy/2024.11.26.TurtleArm_Moveit/install/mycobot_with_gripper/share/colcon-core/packages/mycobot_with_gripper)
[0.328s] DEBUG:colcon.colcon_core.event_handler.log_command:Invoking command in '/home/psy/2024.11.26.TurtleArm_Moveit/build/moveit_srdf': AMENT_PREFIX_PATH=/home/psy/2024.11.26.TurtleArm_Moveit/install/mycobot_moveit:${AMENT_PREFIX_PATH} CMAKE_PREFIX_PATH=/home/psy/2024.11.26.TurtleArm_Moveit/install/mycobot_moveit:/opt/ros/humble /usr/bin/cmake --build /home/psy/2024.11.26.TurtleArm_Moveit/build/moveit_srdf -- -j20 -l20
[0.329s] DEBUG:colcon.colcon_core.event_handler.log_command:Invoking command in '/home/psy/2024.11.26.TurtleArm_Moveit/build/myarm_moveit': AMENT_PREFIX_PATH=/home/psy/2024.11.26.TurtleArm_Moveit/install/mycobot_moveit:${AMENT_PREFIX_PATH} CMAKE_PREFIX_PATH=/home/psy/2024.11.26.TurtleArm_Moveit/install/mycobot_moveit:/opt/ros/humble /usr/bin/cmake --build /home/psy/2024.11.26.TurtleArm_Moveit/build/myarm_moveit -- -j20 -l20
[0.347s] DEBUG:colcon.colcon_core.event_handler.log_command:Invoking command in '/home/psy/2024.11.26.TurtleArm_Moveit/build/hello_moveit': CMAKE_PREFIX_PATH=/opt/ros/humble /usr/bin/cmake --install /home/psy/2024.11.26.TurtleArm_Moveit/build/hello_moveit
[0.349s] DEBUG:colcon.colcon_core.event_handler.log_command:Invoked command in '/home/psy/2024.11.26.TurtleArm_Moveit/build/moveit_srdf' returned '0': AMENT_PREFIX_PATH=/home/psy/2024.11.26.TurtleArm_Moveit/install/mycobot_moveit:${AMENT_PREFIX_PATH} CMAKE_PREFIX_PATH=/home/psy/2024.11.26.TurtleArm_Moveit/install/mycobot_moveit:/opt/ros/humble /usr/bin/cmake --build /home/psy/2024.11.26.TurtleArm_Moveit/build/moveit_srdf -- -j20 -l20
[0.352s] Level 1:colcon.colcon_core.environment:create_environment_scripts_only(hello_moveit)
[0.352s] Level 1:colcon.colcon_core.environment:checking '/home/psy/2024.11.26.TurtleArm_Moveit/install/hello_moveit' for CMake module files
[0.352s] DEBUG:colcon.colcon_core.event_handler.log_command:Invoked command in '/home/psy/2024.11.26.TurtleArm_Moveit/build/hello_moveit' returned '0': CMAKE_PREFIX_PATH=/opt/ros/humble /usr/bin/cmake --install /home/psy/2024.11.26.TurtleArm_Moveit/build/hello_moveit
[0.352s] Level 1:colcon.colcon_core.environment:checking '/home/psy/2024.11.26.TurtleArm_Moveit/install/hello_moveit' for CMake config files
[0.352s] Level 1:colcon.colcon_core.shell:create_environment_hook('hello_moveit', 'cmake_prefix_path')
[0.353s] INFO:colcon.colcon_core.shell:Creating environment hook '/home/psy/2024.11.26.TurtleArm_Moveit/install/hello_moveit/share/hello_moveit/hook/cmake_prefix_path.ps1'
[0.353s] INFO:colcon.colcon_core.shell:Creating environment descriptor '/home/psy/2024.11.26.TurtleArm_Moveit/install/hello_moveit/share/hello_moveit/hook/cmake_prefix_path.dsv'
[0.353s] INFO:colcon.colcon_core.shell:Creating environment hook '/home/psy/2024.11.26.TurtleArm_Moveit/install/hello_moveit/share/hello_moveit/hook/cmake_prefix_path.sh'
[0.353s] Level 1:colcon.colcon_core.environment:checking '/home/psy/2024.11.26.TurtleArm_Moveit/install/hello_moveit/lib'
[0.353s] Level 1:colcon.colcon_core.environment:checking '/home/psy/2024.11.26.TurtleArm_Moveit/install/hello_moveit/bin'
[0.353s] Level 1:colcon.colcon_core.environment:checking '/home/psy/2024.11.26.TurtleArm_Moveit/install/hello_moveit/lib/pkgconfig/hello_moveit.pc'
[0.354s] Level 1:colcon.colcon_core.environment:checking '/home/psy/2024.11.26.TurtleArm_Moveit/install/hello_moveit/lib/python3.10/site-packages'
[0.354s] Level 1:colcon.colcon_core.environment:checking '/home/psy/2024.11.26.TurtleArm_Moveit/install/hello_moveit/bin'
[0.354s] INFO:colcon.colcon_core.shell:Creating package script '/home/psy/2024.11.26.TurtleArm_Moveit/install/hello_moveit/share/hello_moveit/package.ps1'
[0.354s] INFO:colcon.colcon_core.shell:Creating package descriptor '/home/psy/2024.11.26.TurtleArm_Moveit/install/hello_moveit/share/hello_moveit/package.dsv'
[0.354s] INFO:colcon.colcon_core.shell:Creating package script '/home/psy/2024.11.26.TurtleArm_Moveit/install/hello_moveit/share/hello_moveit/package.sh'
[0.354s] INFO:colcon.colcon_core.shell:Creating package script '/home/psy/2024.11.26.TurtleArm_Moveit/install/hello_moveit/share/hello_moveit/package.bash'
[0.355s] INFO:colcon.colcon_core.shell:Creating package script '/home/psy/2024.11.26.TurtleArm_Moveit/install/hello_moveit/share/hello_moveit/package.zsh'
[0.360s] Level 1:colcon.colcon_core.environment:create_file_with_runtime_dependencies(/home/psy/2024.11.26.TurtleArm_Moveit/install/hello_moveit/share/colcon-core/packages/hello_moveit)
[0.362s] DEBUG:colcon.colcon_core.event_handler.log_command:Invoked command in '/home/psy/2024.11.26.TurtleArm_Moveit/build/myarm_moveit' returned '0': AMENT_PREFIX_PATH=/home/psy/2024.11.26.TurtleArm_Moveit/install/mycobot_moveit:${AMENT_PREFIX_PATH} CMAKE_PREFIX_PATH=/home/psy/2024.11.26.TurtleArm_Moveit/install/mycobot_moveit:/opt/ros/humble /usr/bin/cmake --build /home/psy/2024.11.26.TurtleArm_Moveit/build/myarm_moveit -- -j20 -l20
[0.363s] DEBUG:colcon.colcon_core.event_handler.log_command:Invoking command in '/home/psy/2024.11.26.TurtleArm_Moveit/build/moveit_srdf': AMENT_PREFIX_PATH=/home/psy/2024.11.26.TurtleArm_Moveit/install/mycobot_moveit:${AMENT_PREFIX_PATH} CMAKE_PREFIX_PATH=/home/psy/2024.11.26.TurtleArm_Moveit/install/mycobot_moveit:/opt/ros/humble /usr/bin/cmake --install /home/psy/2024.11.26.TurtleArm_Moveit/build/moveit_srdf
[0.370s] Level 1:colcon.colcon_core.environment:create_environment_scripts_only(moveit_srdf)
[0.370s] Level 1:colcon.colcon_core.environment:checking '/home/psy/2024.11.26.TurtleArm_Moveit/install/moveit_srdf' for CMake module files
[0.371s] Level 1:colcon.colcon_core.environment:checking '/home/psy/2024.11.26.TurtleArm_Moveit/install/moveit_srdf' for CMake config files
[0.372s] DEBUG:colcon.colcon_core.event_handler.log_command:Invoked command in '/home/psy/2024.11.26.TurtleArm_Moveit/build/moveit_srdf' returned '0': AMENT_PREFIX_PATH=/home/psy/2024.11.26.TurtleArm_Moveit/install/mycobot_moveit:${AMENT_PREFIX_PATH} CMAKE_PREFIX_PATH=/home/psy/2024.11.26.TurtleArm_Moveit/install/mycobot_moveit:/opt/ros/humble /usr/bin/cmake --install /home/psy/2024.11.26.TurtleArm_Moveit/build/moveit_srdf
[0.372s] Level 1:colcon.colcon_core.shell:create_environment_hook('moveit_srdf', 'cmake_prefix_path')
[0.372s] INFO:colcon.colcon_core.shell:Creating environment hook '/home/psy/2024.11.26.TurtleArm_Moveit/install/moveit_srdf/share/moveit_srdf/hook/cmake_prefix_path.ps1'
[0.372s] INFO:colcon.colcon_core.shell:Creating environment descriptor '/home/psy/2024.11.26.TurtleArm_Moveit/install/moveit_srdf/share/moveit_srdf/hook/cmake_prefix_path.dsv'
[0.372s] INFO:colcon.colcon_core.shell:Creating environment hook '/home/psy/2024.11.26.TurtleArm_Moveit/install/moveit_srdf/share/moveit_srdf/hook/cmake_prefix_path.sh'
[0.372s] Level 1:colcon.colcon_core.environment:checking '/home/psy/2024.11.26.TurtleArm_Moveit/install/moveit_srdf/bin'
[0.372s] Level 1:colcon.colcon_core.environment:checking '/home/psy/2024.11.26.TurtleArm_Moveit/install/moveit_srdf/lib/pkgconfig/moveit_srdf.pc'
[0.373s] Level 1:colcon.colcon_core.environment:checking '/home/psy/2024.11.26.TurtleArm_Moveit/install/moveit_srdf/lib/python3.10/site-packages'
[0.373s] Level 1:colcon.colcon_core.environment:checking '/home/psy/2024.11.26.TurtleArm_Moveit/install/moveit_srdf/bin'
[0.373s] INFO:colcon.colcon_core.shell:Creating package script '/home/psy/2024.11.26.TurtleArm_Moveit/install/moveit_srdf/share/moveit_srdf/package.ps1'
[0.373s] INFO:colcon.colcon_core.shell:Creating package descriptor '/home/psy/2024.11.26.TurtleArm_Moveit/install/moveit_srdf/share/moveit_srdf/package.dsv'
[0.373s] INFO:colcon.colcon_core.shell:Creating package script '/home/psy/2024.11.26.TurtleArm_Moveit/install/moveit_srdf/share/moveit_srdf/package.sh'
[0.373s] INFO:colcon.colcon_core.shell:Creating package script '/home/psy/2024.11.26.TurtleArm_Moveit/install/moveit_srdf/share/moveit_srdf/package.bash'
[0.374s] INFO:colcon.colcon_core.shell:Creating package script '/home/psy/2024.11.26.TurtleArm_Moveit/install/moveit_srdf/share/moveit_srdf/package.zsh'
[0.374s] Level 1:colcon.colcon_core.environment:create_file_with_runtime_dependencies(/home/psy/2024.11.26.TurtleArm_Moveit/install/moveit_srdf/share/colcon-core/packages/moveit_srdf)
[0.377s] DEBUG:colcon.colcon_core.event_handler.log_command:Invoking command in '/home/psy/2024.11.26.TurtleArm_Moveit/build/myarm_moveit': AMENT_PREFIX_PATH=/home/psy/2024.11.26.TurtleArm_Moveit/install/mycobot_moveit:${AMENT_PREFIX_PATH} CMAKE_PREFIX_PATH=/home/psy/2024.11.26.TurtleArm_Moveit/install/mycobot_moveit:/opt/ros/humble /usr/bin/cmake --install /home/psy/2024.11.26.TurtleArm_Moveit/build/myarm_moveit
[0.384s] Level 1:colcon.colcon_core.environment:create_environment_scripts_only(myarm_moveit)
[0.384s] Level 1:colcon.colcon_core.environment:checking '/home/psy/2024.11.26.TurtleArm_Moveit/install/myarm_moveit' for CMake module files
[0.384s] DEBUG:colcon.colcon_core.event_handler.log_command:Invoked command in '/home/psy/2024.11.26.TurtleArm_Moveit/build/myarm_moveit' returned '0': AMENT_PREFIX_PATH=/home/psy/2024.11.26.TurtleArm_Moveit/install/mycobot_moveit:${AMENT_PREFIX_PATH} CMAKE_PREFIX_PATH=/home/psy/2024.11.26.TurtleArm_Moveit/install/mycobot_moveit:/opt/ros/humble /usr/bin/cmake --install /home/psy/2024.11.26.TurtleArm_Moveit/build/myarm_moveit
[0.384s] Level 1:colcon.colcon_core.environment:checking '/home/psy/2024.11.26.TurtleArm_Moveit/install/myarm_moveit' for CMake config files
[0.385s] Level 1:colcon.colcon_core.shell:create_environment_hook('myarm_moveit', 'cmake_prefix_path')
[0.385s] INFO:colcon.colcon_core.shell:Creating environment hook '/home/psy/2024.11.26.TurtleArm_Moveit/install/myarm_moveit/share/myarm_moveit/hook/cmake_prefix_path.ps1'
[0.385s] INFO:colcon.colcon_core.shell:Creating environment descriptor '/home/psy/2024.11.26.TurtleArm_Moveit/install/myarm_moveit/share/myarm_moveit/hook/cmake_prefix_path.dsv'
[0.385s] INFO:colcon.colcon_core.shell:Creating environment hook '/home/psy/2024.11.26.TurtleArm_Moveit/install/myarm_moveit/share/myarm_moveit/hook/cmake_prefix_path.sh'
[0.385s] Level 1:colcon.colcon_core.environment:checking '/home/psy/2024.11.26.TurtleArm_Moveit/install/myarm_moveit/bin'
[0.385s] Level 1:colcon.colcon_core.environment:checking '/home/psy/2024.11.26.TurtleArm_Moveit/install/myarm_moveit/lib/pkgconfig/myarm_moveit.pc'
[0.386s] Level 1:colcon.colcon_core.environment:checking '/home/psy/2024.11.26.TurtleArm_Moveit/install/myarm_moveit/lib/python3.10/site-packages'
[0.386s] Level 1:colcon.colcon_core.environment:checking '/home/psy/2024.11.26.TurtleArm_Moveit/install/myarm_moveit/bin'
[0.386s] INFO:colcon.colcon_core.shell:Creating package script '/home/psy/2024.11.26.TurtleArm_Moveit/install/myarm_moveit/share/myarm_moveit/package.ps1'
[0.386s] INFO:colcon.colcon_core.shell:Creating package descriptor '/home/psy/2024.11.26.TurtleArm_Moveit/install/myarm_moveit/share/myarm_moveit/package.dsv'
[0.386s] INFO:colcon.colcon_core.shell:Creating package script '/home/psy/2024.11.26.TurtleArm_Moveit/install/myarm_moveit/share/myarm_moveit/package.sh'
[0.386s] INFO:colcon.colcon_core.shell:Creating package script '/home/psy/2024.11.26.TurtleArm_Moveit/install/myarm_moveit/share/myarm_moveit/package.bash'
[0.387s] INFO:colcon.colcon_core.shell:Creating package script '/home/psy/2024.11.26.TurtleArm_Moveit/install/myarm_moveit/share/myarm_moveit/package.zsh'
[0.387s] Level 1:colcon.colcon_core.environment:create_file_with_runtime_dependencies(/home/psy/2024.11.26.TurtleArm_Moveit/install/myarm_moveit/share/colcon-core/packages/myarm_moveit)
[0.388s] Level 1:colcon.colcon_core.environment:create_environment_scripts_only(hello_moveit)
[0.388s] Level 1:colcon.colcon_core.environment:checking '/home/psy/2024.11.26.TurtleArm_Moveit/install/hello_moveit' for CMake module files
[0.388s] Level 1:colcon.colcon_core.environment:checking '/home/psy/2024.11.26.TurtleArm_Moveit/install/hello_moveit' for CMake config files
[0.388s] Level 1:colcon.colcon_core.shell:create_environment_hook('hello_moveit', 'cmake_prefix_path')
[0.388s] INFO:colcon.colcon_core.shell:Creating environment hook '/home/psy/2024.11.26.TurtleArm_Moveit/install/hello_moveit/share/hello_moveit/hook/cmake_prefix_path.ps1'
[0.388s] INFO:colcon.colcon_core.shell:Creating environment descriptor '/home/psy/2024.11.26.TurtleArm_Moveit/install/hello_moveit/share/hello_moveit/hook/cmake_prefix_path.dsv'
[0.388s] INFO:colcon.colcon_core.shell:Creating environment hook '/home/psy/2024.11.26.TurtleArm_Moveit/install/hello_moveit/share/hello_moveit/hook/cmake_prefix_path.sh'
[0.389s] Level 1:colcon.colcon_core.environment:checking '/home/psy/2024.11.26.TurtleArm_Moveit/install/hello_moveit/lib'
[0.389s] Level 1:colcon.colcon_core.environment:checking '/home/psy/2024.11.26.TurtleArm_Moveit/install/hello_moveit/bin'
[0.389s] Level 1:colcon.colcon_core.environment:checking '/home/psy/2024.11.26.TurtleArm_Moveit/install/hello_moveit/lib/pkgconfig/hello_moveit.pc'
[0.389s] Level 1:colcon.colcon_core.environment:checking '/home/psy/2024.11.26.TurtleArm_Moveit/install/hello_moveit/lib/python3.10/site-packages'
[0.389s] Level 1:colcon.colcon_core.environment:checking '/home/psy/2024.11.26.TurtleArm_Moveit/install/hello_moveit/bin'
[0.389s] INFO:colcon.colcon_core.shell:Creating package script '/home/psy/2024.11.26.TurtleArm_Moveit/install/hello_moveit/share/hello_moveit/package.ps1'
[0.389s] INFO:colcon.colcon_core.shell:Creating package descriptor '/home/psy/2024.11.26.TurtleArm_Moveit/install/hello_moveit/share/hello_moveit/package.dsv'
[0.390s] INFO:colcon.colcon_core.shell:Creating package script '/home/psy/2024.11.26.TurtleArm_Moveit/install/hello_moveit/share/hello_moveit/package.sh'
[0.390s] INFO:colcon.colcon_core.shell:Creating package script '/home/psy/2024.11.26.TurtleArm_Moveit/install/hello_moveit/share/hello_moveit/package.bash'
[0.390s] INFO:colcon.colcon_core.shell:Creating package script '/home/psy/2024.11.26.TurtleArm_Moveit/install/hello_moveit/share/hello_moveit/package.zsh'
[0.390s] Level 1:colcon.colcon_core.environment:create_file_with_runtime_dependencies(/home/psy/2024.11.26.TurtleArm_Moveit/install/hello_moveit/share/colcon-core/packages/hello_moveit)
[0.390s] Level 1:colcon.colcon_core.environment:create_environment_scripts_only(moveit_srdf)
[0.390s] Level 1:colcon.colcon_core.environment:checking '/home/psy/2024.11.26.TurtleArm_Moveit/install/moveit_srdf' for CMake module files
[0.391s] Level 1:colcon.colcon_core.environment:checking '/home/psy/2024.11.26.TurtleArm_Moveit/install/moveit_srdf' for CMake config files
[0.391s] Level 1:colcon.colcon_core.shell:create_environment_hook('moveit_srdf', 'cmake_prefix_path')
[0.391s] INFO:colcon.colcon_core.shell:Creating environment hook '/home/psy/2024.11.26.TurtleArm_Moveit/install/moveit_srdf/share/moveit_srdf/hook/cmake_prefix_path.ps1'
[0.391s] INFO:colcon.colcon_core.shell:Creating environment descriptor '/home/psy/2024.11.26.TurtleArm_Moveit/install/moveit_srdf/share/moveit_srdf/hook/cmake_prefix_path.dsv'
[0.391s] INFO:colcon.colcon_core.shell:Creating environment hook '/home/psy/2024.11.26.TurtleArm_Moveit/install/moveit_srdf/share/moveit_srdf/hook/cmake_prefix_path.sh'
[0.392s] Level 1:colcon.colcon_core.environment:checking '/home/psy/2024.11.26.TurtleArm_Moveit/install/moveit_srdf/bin'
[0.392s] Level 1:colcon.colcon_core.environment:checking '/home/psy/2024.11.26.TurtleArm_Moveit/install/moveit_srdf/lib/pkgconfig/moveit_srdf.pc'
[0.392s] Level 1:colcon.colcon_core.environment:checking '/home/psy/2024.11.26.TurtleArm_Moveit/install/moveit_srdf/lib/python3.10/site-packages'
[0.392s] Level 1:colcon.colcon_core.environment:checking '/home/psy/2024.11.26.TurtleArm_Moveit/install/moveit_srdf/bin'
[0.392s] INFO:colcon.colcon_core.shell:Creating package script '/home/psy/2024.11.26.TurtleArm_Moveit/install/moveit_srdf/share/moveit_srdf/package.ps1'
[0.392s] INFO:colcon.colcon_core.shell:Creating package descriptor '/home/psy/2024.11.26.TurtleArm_Moveit/install/moveit_srdf/share/moveit_srdf/package.dsv'
[0.392s] INFO:colcon.colcon_core.shell:Creating package script '/home/psy/2024.11.26.TurtleArm_Moveit/install/moveit_srdf/share/moveit_srdf/package.sh'
[0.393s] INFO:colcon.colcon_core.shell:Creating package script '/home/psy/2024.11.26.TurtleArm_Moveit/install/moveit_srdf/share/moveit_srdf/package.bash'
[0.393s] INFO:colcon.colcon_core.shell:Creating package script '/home/psy/2024.11.26.TurtleArm_Moveit/install/moveit_srdf/share/moveit_srdf/package.zsh'
[0.393s] Level 1:colcon.colcon_core.environment:create_file_with_runtime_dependencies(/home/psy/2024.11.26.TurtleArm_Moveit/install/moveit_srdf/share/colcon-core/packages/moveit_srdf)
[0.399s] DEBUG:colcon.colcon_core.event_handler.log_command:Invoked command in '/home/psy/2024.11.26.TurtleArm_Moveit/build/mycobot_interfaces' returned '0': CMAKE_PREFIX_PATH=/opt/ros/humble /usr/bin/cmake --build /home/psy/2024.11.26.TurtleArm_Moveit/build/mycobot_interfaces -- -j20 -l20
[0.400s] Level 1:colcon.colcon_core.environment:create_environment_scripts_only(myarm_moveit)
[0.400s] Level 1:colcon.colcon_core.environment:checking '/home/psy/2024.11.26.TurtleArm_Moveit/install/myarm_moveit' for CMake module files
[0.400s] Level 1:colcon.colcon_core.environment:checking '/home/psy/2024.11.26.TurtleArm_Moveit/install/myarm_moveit' for CMake config files
[0.400s] Level 1:colcon.colcon_core.shell:create_environment_hook('myarm_moveit', 'cmake_prefix_path')
[0.400s] INFO:colcon.colcon_core.shell:Creating environment hook '/home/psy/2024.11.26.TurtleArm_Moveit/install/myarm_moveit/share/myarm_moveit/hook/cmake_prefix_path.ps1'
[0.401s] INFO:colcon.colcon_core.shell:Creating environment descriptor '/home/psy/2024.11.26.TurtleArm_Moveit/install/myarm_moveit/share/myarm_moveit/hook/cmake_prefix_path.dsv'
[0.401s] INFO:colcon.colcon_core.shell:Creating environment hook '/home/psy/2024.11.26.TurtleArm_Moveit/install/myarm_moveit/share/myarm_moveit/hook/cmake_prefix_path.sh'
[0.401s] Level 1:colcon.colcon_core.environment:checking '/home/psy/2024.11.26.TurtleArm_Moveit/install/myarm_moveit/bin'
[0.401s] Level 1:colcon.colcon_core.environment:checking '/home/psy/2024.11.26.TurtleArm_Moveit/install/myarm_moveit/lib/pkgconfig/myarm_moveit.pc'
[0.401s] Level 1:colcon.colcon_core.environment:checking '/home/psy/2024.11.26.TurtleArm_Moveit/install/myarm_moveit/lib/python3.10/site-packages'
[0.401s] Level 1:colcon.colcon_core.environment:checking '/home/psy/2024.11.26.TurtleArm_Moveit/install/myarm_moveit/bin'
[0.401s] INFO:colcon.colcon_core.shell:Creating package script '/home/psy/2024.11.26.TurtleArm_Moveit/install/myarm_moveit/share/myarm_moveit/package.ps1'
[0.402s] INFO:colcon.colcon_core.shell:Creating package descriptor '/home/psy/2024.11.26.TurtleArm_Moveit/install/myarm_moveit/share/myarm_moveit/package.dsv'
[0.402s] INFO:colcon.colcon_core.shell:Creating package script '/home/psy/2024.11.26.TurtleArm_Moveit/install/myarm_moveit/share/myarm_moveit/package.sh'
[0.402s] INFO:colcon.colcon_core.shell:Creating package script '/home/psy/2024.11.26.TurtleArm_Moveit/install/myarm_moveit/share/myarm_moveit/package.bash'
[0.402s] INFO:colcon.colcon_core.shell:Creating package script '/home/psy/2024.11.26.TurtleArm_Moveit/install/myarm_moveit/share/myarm_moveit/package.zsh'
[0.402s] Level 1:colcon.colcon_core.environment:create_file_with_runtime_dependencies(/home/psy/2024.11.26.TurtleArm_Moveit/install/myarm_moveit/share/colcon-core/packages/myarm_moveit)
[0.439s] DEBUG:colcon.colcon_core.event_handler.log_command:Invoking command in '/home/psy/2024.11.26.TurtleArm_Moveit/build/mycobot_interfaces': CMAKE_PREFIX_PATH=/opt/ros/humble /usr/bin/cmake --install /home/psy/2024.11.26.TurtleArm_Moveit/build/mycobot_interfaces
[0.467s] Level 1:colcon.colcon_core.environment:create_environment_scripts_only(mycobot_interfaces)
[0.467s] Level 1:colcon.colcon_core.environment:checking '/home/psy/2024.11.26.TurtleArm_Moveit/install/mycobot_interfaces' for CMake module files
[0.467s] DEBUG:colcon.colcon_core.event_handler.log_command:Invoked command in '/home/psy/2024.11.26.TurtleArm_Moveit/build/mycobot_interfaces' returned '0': CMAKE_PREFIX_PATH=/opt/ros/humble /usr/bin/cmake --install /home/psy/2024.11.26.TurtleArm_Moveit/build/mycobot_interfaces
[0.467s] Level 1:colcon.colcon_core.environment:checking '/home/psy/2024.11.26.TurtleArm_Moveit/install/mycobot_interfaces' for CMake config files
[0.468s] Level 1:colcon.colcon_core.shell:create_environment_hook('mycobot_interfaces', 'cmake_prefix_path')
[0.468s] INFO:colcon.colcon_core.shell:Creating environment hook '/home/psy/2024.11.26.TurtleArm_Moveit/install/mycobot_interfaces/share/mycobot_interfaces/hook/cmake_prefix_path.ps1'
[0.468s] INFO:colcon.colcon_core.shell:Creating environment descriptor '/home/psy/2024.11.26.TurtleArm_Moveit/install/mycobot_interfaces/share/mycobot_interfaces/hook/cmake_prefix_path.dsv'
[0.468s] INFO:colcon.colcon_core.shell:Creating environment hook '/home/psy/2024.11.26.TurtleArm_Moveit/install/mycobot_interfaces/share/mycobot_interfaces/hook/cmake_prefix_path.sh'
[0.468s] Level 1:colcon.colcon_core.environment:checking '/home/psy/2024.11.26.TurtleArm_Moveit/install/mycobot_interfaces/lib'
[0.468s] Level 1:colcon.colcon_core.shell:create_environment_hook('mycobot_interfaces', 'ld_library_path_lib')
[0.468s] INFO:colcon.colcon_core.shell:Creating environment hook '/home/psy/2024.11.26.TurtleArm_Moveit/install/mycobot_interfaces/share/mycobot_interfaces/hook/ld_library_path_lib.ps1'
[0.469s] INFO:colcon.colcon_core.shell:Creating environment descriptor '/home/psy/2024.11.26.TurtleArm_Moveit/install/mycobot_interfaces/share/mycobot_interfaces/hook/ld_library_path_lib.dsv'
[0.469s] INFO:colcon.colcon_core.shell:Creating environment hook '/home/psy/2024.11.26.TurtleArm_Moveit/install/mycobot_interfaces/share/mycobot_interfaces/hook/ld_library_path_lib.sh'
[0.469s] Level 1:colcon.colcon_core.environment:checking '/home/psy/2024.11.26.TurtleArm_Moveit/install/mycobot_interfaces/bin'
[0.469s] Level 1:colcon.colcon_core.environment:checking '/home/psy/2024.11.26.TurtleArm_Moveit/install/mycobot_interfaces/lib/pkgconfig/mycobot_interfaces.pc'
[0.469s] Level 1:colcon.colcon_core.environment:checking '/home/psy/2024.11.26.TurtleArm_Moveit/install/mycobot_interfaces/lib/python3.10/site-packages'
[0.469s] Level 1:colcon.colcon_core.environment:checking '/home/psy/2024.11.26.TurtleArm_Moveit/install/mycobot_interfaces/bin'
[0.469s] INFO:colcon.colcon_core.shell:Creating package script '/home/psy/2024.11.26.TurtleArm_Moveit/install/mycobot_interfaces/share/mycobot_interfaces/package.ps1'
[0.470s] INFO:colcon.colcon_core.shell:Creating package descriptor '/home/psy/2024.11.26.TurtleArm_Moveit/install/mycobot_interfaces/share/mycobot_interfaces/package.dsv'
[0.470s] INFO:colcon.colcon_core.shell:Creating package script '/home/psy/2024.11.26.TurtleArm_Moveit/install/mycobot_interfaces/share/mycobot_interfaces/package.sh'
[0.470s] INFO:colcon.colcon_core.shell:Creating package script '/home/psy/2024.11.26.TurtleArm_Moveit/install/mycobot_interfaces/share/mycobot_interfaces/package.bash'
[0.470s] INFO:colcon.colcon_core.shell:Creating package script '/home/psy/2024.11.26.TurtleArm_Moveit/install/mycobot_interfaces/share/mycobot_interfaces/package.zsh'
[0.470s] Level 1:colcon.colcon_core.environment:create_file_with_runtime_dependencies(/home/psy/2024.11.26.TurtleArm_Moveit/install/mycobot_interfaces/share/colcon-core/packages/mycobot_interfaces)
[0.516s] Level 1:colcon.colcon_core.environment:create_environment_scripts_only(mycobot_interfaces)
[0.516s] Level 1:colcon.colcon_core.environment:checking '/home/psy/2024.11.26.TurtleArm_Moveit/install/mycobot_interfaces' for CMake module files
[0.517s] Level 1:colcon.colcon_core.environment:checking '/home/psy/2024.11.26.TurtleArm_Moveit/install/mycobot_interfaces' for CMake config files
[0.517s] Level 1:colcon.colcon_core.shell:create_environment_hook('mycobot_interfaces', 'cmake_prefix_path')
[0.517s] INFO:colcon.colcon_core.shell:Creating environment hook '/home/psy/2024.11.26.TurtleArm_Moveit/install/mycobot_interfaces/share/mycobot_interfaces/hook/cmake_prefix_path.ps1'
[0.517s] INFO:colcon.colcon_core.shell:Creating environment descriptor '/home/psy/2024.11.26.TurtleArm_Moveit/install/mycobot_interfaces/share/mycobot_interfaces/hook/cmake_prefix_path.dsv'
[0.517s] INFO:colcon.colcon_core.shell:Creating environment hook '/home/psy/2024.11.26.TurtleArm_Moveit/install/mycobot_interfaces/share/mycobot_interfaces/hook/cmake_prefix_path.sh'
[0.517s] Level 1:colcon.colcon_core.environment:checking '/home/psy/2024.11.26.TurtleArm_Moveit/install/mycobot_interfaces/lib'
[0.517s] Level 1:colcon.colcon_core.shell:create_environment_hook('mycobot_interfaces', 'ld_library_path_lib')
[0.518s] INFO:colcon.colcon_core.shell:Creating environment hook '/home/psy/2024.11.26.TurtleArm_Moveit/install/mycobot_interfaces/share/mycobot_interfaces/hook/ld_library_path_lib.ps1'
[0.518s] INFO:colcon.colcon_core.shell:Creating environment descriptor '/home/psy/2024.11.26.TurtleArm_Moveit/install/mycobot_interfaces/share/mycobot_interfaces/hook/ld_library_path_lib.dsv'
[0.518s] INFO:colcon.colcon_core.shell:Creating environment hook '/home/psy/2024.11.26.TurtleArm_Moveit/install/mycobot_interfaces/share/mycobot_interfaces/hook/ld_library_path_lib.sh'
[0.518s] Level 1:colcon.colcon_core.environment:checking '/home/psy/2024.11.26.TurtleArm_Moveit/install/mycobot_interfaces/bin'
[0.518s] Level 1:colcon.colcon_core.environment:checking '/home/psy/2024.11.26.TurtleArm_Moveit/install/mycobot_interfaces/lib/pkgconfig/mycobot_interfaces.pc'
[0.518s] Level 1:colcon.colcon_core.environment:checking '/home/psy/2024.11.26.TurtleArm_Moveit/install/mycobot_interfaces/lib/python3.10/site-packages'
[0.518s] Level 1:colcon.colcon_core.environment:checking '/home/psy/2024.11.26.TurtleArm_Moveit/install/mycobot_interfaces/bin'
[0.518s] INFO:colcon.colcon_core.shell:Creating package script '/home/psy/2024.11.26.TurtleArm_Moveit/install/mycobot_interfaces/share/mycobot_interfaces/package.ps1'
[0.519s] INFO:colcon.colcon_core.shell:Creating package descriptor '/home/psy/2024.11.26.TurtleArm_Moveit/install/mycobot_interfaces/share/mycobot_interfaces/package.dsv'
[0.519s] INFO:colcon.colcon_core.shell:Creating package script '/home/psy/2024.11.26.TurtleArm_Moveit/install/mycobot_interfaces/share/mycobot_interfaces/package.sh'
[0.519s] INFO:colcon.colcon_core.shell:Creating package script '/home/psy/2024.11.26.TurtleArm_Moveit/install/mycobot_interfaces/share/mycobot_interfaces/package.bash'
[0.519s] INFO:colcon.colcon_core.shell:Creating package script '/home/psy/2024.11.26.TurtleArm_Moveit/install/mycobot_interfaces/share/mycobot_interfaces/package.zsh'
[0.520s] Level 1:colcon.colcon_core.environment:create_file_with_runtime_dependencies(/home/psy/2024.11.26.TurtleArm_Moveit/install/mycobot_interfaces/share/colcon-core/packages/mycobot_interfaces)
[0.520s] INFO:colcon.colcon_ros.task.ament_python.build:Building ROS package in '/home/psy/2024.11.26.TurtleArm_Moveit/src/mycobot320_moveit2/mycobot_ros2_controll' with build type 'ament_python'
[0.520s] Level 1:colcon.colcon_core.shell:create_environment_hook('mycobot_ros2_controll', 'ament_prefix_path')
[0.520s] INFO:colcon.colcon_core.shell:Creating environment hook '/home/psy/2024.11.26.TurtleArm_Moveit/install/mycobot_ros2_controll/share/mycobot_ros2_controll/hook/ament_prefix_path.ps1'
[0.520s] INFO:colcon.colcon_core.shell:Creating environment descriptor '/home/psy/2024.11.26.TurtleArm_Moveit/install/mycobot_ros2_controll/share/mycobot_ros2_controll/hook/ament_prefix_path.dsv'
[0.521s] INFO:colcon.colcon_core.shell:Creating environment hook '/home/psy/2024.11.26.TurtleArm_Moveit/install/mycobot_ros2_controll/share/mycobot_ros2_controll/hook/ament_prefix_path.sh'
[0.521s] INFO:colcon.colcon_core.shell:Skip shell extension 'powershell' for command environment: Not usable outside of PowerShell
[0.521s] DEBUG:colcon.colcon_core.shell:Skip shell extension 'dsv' for command environment
[0.643s] INFO:colcon.colcon_core.task.python.build:Building Python package in '/home/psy/2024.11.26.TurtleArm_Moveit/src/mycobot320_moveit2/mycobot_ros2_controll'
[0.643s] INFO:colcon.colcon_core.shell:Skip shell extension 'powershell' for command environment: Not usable outside of PowerShell
[0.643s] DEBUG:colcon.colcon_core.shell:Skip shell extension 'dsv' for command environment
[0.819s] DEBUG:colcon.colcon_core.event_handler.log_command:Invoking command in '/home/psy/2024.11.26.TurtleArm_Moveit/src/mycobot320_moveit2/mycobot_ros2_controll': AMENT_PREFIX_PATH=/home/psy/2024.11.26.TurtleArm_Moveit/install/mycobot_with_gripper:/home/psy/2024.11.26.TurtleArm_Moveit/install/mycobot_interfaces:${AMENT_PREFIX_PATH} CMAKE_PREFIX_PATH=/home/psy/2024.11.26.TurtleArm_Moveit/install/mycobot_with_gripper:/home/psy/2024.11.26.TurtleArm_Moveit/install/mycobot_interfaces LD_LIBRARY_PATH=/home/psy/2024.11.26.TurtleArm_Moveit/install/mycobot_interfaces/lib:${LD_LIBRARY_PATH} PYTHONPATH=/home/psy/2024.11.26.TurtleArm_Moveit/build/mycobot_ros2_controll/prefix_override:/usr/lib/python3/dist-packages/colcon_core/task/python/colcon_distutils_commands:/home/psy/2024.11.26.TurtleArm_Moveit/install/mycobot_ros2_controll/lib/python3.10/site-packages:/home/psy/2024.11.26.TurtleArm_Moveit/install/mycobot_interfaces/local/lib/python3.10/dist-packages:${PYTHONPATH} /usr/bin/python3 -W ignore:setup.py install is deprecated setup.py egg_info --egg-base ../../../build/mycobot_ros2_controll build --build-base /home/psy/2024.11.26.TurtleArm_Moveit/build/mycobot_ros2_controll/build install --record /home/psy/2024.11.26.TurtleArm_Moveit/build/mycobot_ros2_controll/install.log --single-version-externally-managed install_data
[0.951s] Level 1:colcon.colcon_core.environment:checking '/home/psy/2024.11.26.TurtleArm_Moveit/install/mycobot_ros2_controll' for CMake module files
[0.952s] DEBUG:colcon.colcon_core.event_handler.log_command:Invoked command in '/home/psy/2024.11.26.TurtleArm_Moveit/src/mycobot320_moveit2/mycobot_ros2_controll' returned '0': AMENT_PREFIX_PATH=/home/psy/2024.11.26.TurtleArm_Moveit/install/mycobot_with_gripper:/home/psy/2024.11.26.TurtleArm_Moveit/install/mycobot_interfaces:${AMENT_PREFIX_PATH} CMAKE_PREFIX_PATH=/home/psy/2024.11.26.TurtleArm_Moveit/install/mycobot_with_gripper:/home/psy/2024.11.26.TurtleArm_Moveit/install/mycobot_interfaces LD_LIBRARY_PATH=/home/psy/2024.11.26.TurtleArm_Moveit/install/mycobot_interfaces/lib:${LD_LIBRARY_PATH} PYTHONPATH=/home/psy/2024.11.26.TurtleArm_Moveit/build/mycobot_ros2_controll/prefix_override:/usr/lib/python3/dist-packages/colcon_core/task/python/colcon_distutils_commands:/home/psy/2024.11.26.TurtleArm_Moveit/install/mycobot_ros2_controll/lib/python3.10/site-packages:/home/psy/2024.11.26.TurtleArm_Moveit/install/mycobot_interfaces/local/lib/python3.10/dist-packages:${PYTHONPATH} /usr/bin/python3 -W ignore:setup.py install is deprecated setup.py egg_info --egg-base ../../../build/mycobot_ros2_controll build --build-base /home/psy/2024.11.26.TurtleArm_Moveit/build/mycobot_ros2_controll/build install --record /home/psy/2024.11.26.TurtleArm_Moveit/build/mycobot_ros2_controll/install.log --single-version-externally-managed install_data
[0.952s] Level 1:colcon.colcon_core.environment:checking '/home/psy/2024.11.26.TurtleArm_Moveit/install/mycobot_ros2_controll' for CMake config files
[0.952s] Level 1:colcon.colcon_core.environment:checking '/home/psy/2024.11.26.TurtleArm_Moveit/install/mycobot_ros2_controll/lib'
[0.952s] Level 1:colcon.colcon_core.environment:checking '/home/psy/2024.11.26.TurtleArm_Moveit/install/mycobot_ros2_controll/bin'
[0.952s] Level 1:colcon.colcon_core.environment:checking '/home/psy/2024.11.26.TurtleArm_Moveit/install/mycobot_ros2_controll/lib/pkgconfig/mycobot_ros2_controll.pc'
[0.952s] Level 1:colcon.colcon_core.environment:checking '/home/psy/2024.11.26.TurtleArm_Moveit/install/mycobot_ros2_controll/lib/python3.10/site-packages'
[0.952s] Level 1:colcon.colcon_core.shell:create_environment_hook('mycobot_ros2_controll', 'pythonpath')
[0.952s] INFO:colcon.colcon_core.shell:Creating environment hook '/home/psy/2024.11.26.TurtleArm_Moveit/install/mycobot_ros2_controll/share/mycobot_ros2_controll/hook/pythonpath.ps1'
[0.953s] INFO:colcon.colcon_core.shell:Creating environment descriptor '/home/psy/2024.11.26.TurtleArm_Moveit/install/mycobot_ros2_controll/share/mycobot_ros2_controll/hook/pythonpath.dsv'
[0.953s] INFO:colcon.colcon_core.shell:Creating environment hook '/home/psy/2024.11.26.TurtleArm_Moveit/install/mycobot_ros2_controll/share/mycobot_ros2_controll/hook/pythonpath.sh'
[0.953s] Level 1:colcon.colcon_core.environment:checking '/home/psy/2024.11.26.TurtleArm_Moveit/install/mycobot_ros2_controll/bin'
[0.953s] Level 1:colcon.colcon_core.environment:create_environment_scripts_only(mycobot_ros2_controll)
[0.953s] INFO:colcon.colcon_core.shell:Creating package script '/home/psy/2024.11.26.TurtleArm_Moveit/install/mycobot_ros2_controll/share/mycobot_ros2_controll/package.ps1'
[0.954s] INFO:colcon.colcon_core.shell:Creating package descriptor '/home/psy/2024.11.26.TurtleArm_Moveit/install/mycobot_ros2_controll/share/mycobot_ros2_controll/package.dsv'
[0.954s] INFO:colcon.colcon_core.shell:Creating package script '/home/psy/2024.11.26.TurtleArm_Moveit/install/mycobot_ros2_controll/share/mycobot_ros2_controll/package.sh'
[0.954s] INFO:colcon.colcon_core.shell:Creating package script '/home/psy/2024.11.26.TurtleArm_Moveit/install/mycobot_ros2_controll/share/mycobot_ros2_controll/package.bash'
[0.954s] INFO:colcon.colcon_core.shell:Creating package script '/home/psy/2024.11.26.TurtleArm_Moveit/install/mycobot_ros2_controll/share/mycobot_ros2_controll/package.zsh'
[0.954s] Level 1:colcon.colcon_core.environment:create_file_with_runtime_dependencies(/home/psy/2024.11.26.TurtleArm_Moveit/install/mycobot_ros2_controll/share/colcon-core/packages/mycobot_ros2_controll)
[0.954s] INFO:colcon.colcon_ros.task.ament_cmake.build:Building ROS package in '/home/psy/2024.11.26.TurtleArm_Moveit/src/mycobot320_moveit2/mycobot_ros2_cpp_cnt' with build type 'ament_cmake'
[0.954s] INFO:colcon.colcon_cmake.task.cmake.build:Building CMake package in '/home/psy/2024.11.26.TurtleArm_Moveit/src/mycobot320_moveit2/mycobot_ros2_cpp_cnt'
[0.955s] INFO:colcon.colcon_core.shell:Skip shell extension 'powershell' for command environment: Not usable outside of PowerShell
[0.955s] DEBUG:colcon.colcon_core.shell:Skip shell extension 'dsv' for command environment
[0.962s] DEBUG:colcon.colcon_core.event_handler.log_command:Invoking command in '/home/psy/2024.11.26.TurtleArm_Moveit/build/mycobot_ros2_cpp_cnt': AMENT_PREFIX_PATH=/home/psy/2024.11.26.TurtleArm_Moveit/install/mycobot_ros2_controll:/home/psy/2024.11.26.TurtleArm_Moveit/install/mycobot_with_gripper:/home/psy/2024.11.26.TurtleArm_Moveit/install/mycobot_interfaces:${AMENT_PREFIX_PATH} CMAKE_PREFIX_PATH=/home/psy/2024.11.26.TurtleArm_Moveit/install/mycobot_with_gripper:/home/psy/2024.11.26.TurtleArm_Moveit/install/mycobot_interfaces:/opt/ros/humble LD_LIBRARY_PATH=/home/psy/2024.11.26.TurtleArm_Moveit/install/mycobot_interfaces/lib:${LD_LIBRARY_PATH} PYTHONPATH=/home/psy/2024.11.26.TurtleArm_Moveit/install/mycobot_ros2_controll/lib/python3.10/site-packages:/home/psy/2024.11.26.TurtleArm_Moveit/install/mycobot_interfaces/local/lib/python3.10/dist-packages:${PYTHONPATH} /usr/bin/cmake --build /home/psy/2024.11.26.TurtleArm_Moveit/build/mycobot_ros2_cpp_cnt -- -j20 -l20
[1.044s] DEBUG:colcon.colcon_core.event_handler.log_command:Invoked command in '/home/psy/2024.11.26.TurtleArm_Moveit/build/mycobot_ros2_cpp_cnt' returned '0': AMENT_PREFIX_PATH=/home/psy/2024.11.26.TurtleArm_Moveit/install/mycobot_ros2_controll:/home/psy/2024.11.26.TurtleArm_Moveit/install/mycobot_with_gripper:/home/psy/2024.11.26.TurtleArm_Moveit/install/mycobot_interfaces:${AMENT_PREFIX_PATH} CMAKE_PREFIX_PATH=/home/psy/2024.11.26.TurtleArm_Moveit/install/mycobot_with_gripper:/home/psy/2024.11.26.TurtleArm_Moveit/install/mycobot_interfaces:/opt/ros/humble LD_LIBRARY_PATH=/home/psy/2024.11.26.TurtleArm_Moveit/install/mycobot_interfaces/lib:${LD_LIBRARY_PATH} PYTHONPATH=/home/psy/2024.11.26.TurtleArm_Moveit/install/mycobot_ros2_controll/lib/python3.10/site-packages:/home/psy/2024.11.26.TurtleArm_Moveit/install/mycobot_interfaces/local/lib/python3.10/dist-packages:${PYTHONPATH} /usr/bin/cmake --build /home/psy/2024.11.26.TurtleArm_Moveit/build/mycobot_ros2_cpp_cnt -- -j20 -l20
[1.069s] DEBUG:colcon.colcon_core.event_handler.log_command:Invoking command in '/home/psy/2024.11.26.TurtleArm_Moveit/build/mycobot_ros2_cpp_cnt': AMENT_PREFIX_PATH=/home/psy/2024.11.26.TurtleArm_Moveit/install/mycobot_ros2_controll:/home/psy/2024.11.26.TurtleArm_Moveit/install/mycobot_with_gripper:/home/psy/2024.11.26.TurtleArm_Moveit/install/mycobot_interfaces:${AMENT_PREFIX_PATH} CMAKE_PREFIX_PATH=/home/psy/2024.11.26.TurtleArm_Moveit/install/mycobot_with_gripper:/home/psy/2024.11.26.TurtleArm_Moveit/install/mycobot_interfaces:/opt/ros/humble LD_LIBRARY_PATH=/home/psy/2024.11.26.TurtleArm_Moveit/install/mycobot_interfaces/lib:${LD_LIBRARY_PATH} PYTHONPATH=/home/psy/2024.11.26.TurtleArm_Moveit/install/mycobot_ros2_controll/lib/python3.10/site-packages:/home/psy/2024.11.26.TurtleArm_Moveit/install/mycobot_interfaces/local/lib/python3.10/dist-packages:${PYTHONPATH} /usr/bin/cmake --install /home/psy/2024.11.26.TurtleArm_Moveit/build/mycobot_ros2_cpp_cnt
[1.078s] Level 1:colcon.colcon_core.environment:create_environment_scripts_only(mycobot_ros2_cpp_cnt)
[1.078s] DEBUG:colcon.colcon_core.event_handler.log_command:Invoked command in '/home/psy/2024.11.26.TurtleArm_Moveit/build/mycobot_ros2_cpp_cnt' returned '0': AMENT_PREFIX_PATH=/home/psy/2024.11.26.TurtleArm_Moveit/install/mycobot_ros2_controll:/home/psy/2024.11.26.TurtleArm_Moveit/install/mycobot_with_gripper:/home/psy/2024.11.26.TurtleArm_Moveit/install/mycobot_interfaces:${AMENT_PREFIX_PATH} CMAKE_PREFIX_PATH=/home/psy/2024.11.26.TurtleArm_Moveit/install/mycobot_with_gripper:/home/psy/2024.11.26.TurtleArm_Moveit/install/mycobot_interfaces:/opt/ros/humble LD_LIBRARY_PATH=/home/psy/2024.11.26.TurtleArm_Moveit/install/mycobot_interfaces/lib:${LD_LIBRARY_PATH} PYTHONPATH=/home/psy/2024.11.26.TurtleArm_Moveit/install/mycobot_ros2_controll/lib/python3.10/site-packages:/home/psy/2024.11.26.TurtleArm_Moveit/install/mycobot_interfaces/local/lib/python3.10/dist-packages:${PYTHONPATH} /usr/bin/cmake --install /home/psy/2024.11.26.TurtleArm_Moveit/build/mycobot_ros2_cpp_cnt
[1.079s] Level 1:colcon.colcon_core.environment:checking '/home/psy/2024.11.26.TurtleArm_Moveit/install/mycobot_ros2_cpp_cnt' for CMake module files
[1.079s] Level 1:colcon.colcon_core.environment:checking '/home/psy/2024.11.26.TurtleArm_Moveit/install/mycobot_ros2_cpp_cnt' for CMake config files
[1.079s] Level 1:colcon.colcon_core.shell:create_environment_hook('mycobot_ros2_cpp_cnt', 'cmake_prefix_path')
[1.080s] INFO:colcon.colcon_core.shell:Creating environment hook '/home/psy/2024.11.26.TurtleArm_Moveit/install/mycobot_ros2_cpp_cnt/share/mycobot_ros2_cpp_cnt/hook/cmake_prefix_path.ps1'
[1.080s] INFO:colcon.colcon_core.shell:Creating environment descriptor '/home/psy/2024.11.26.TurtleArm_Moveit/install/mycobot_ros2_cpp_cnt/share/mycobot_ros2_cpp_cnt/hook/cmake_prefix_path.dsv'
[1.081s] INFO:colcon.colcon_core.shell:Creating environment hook '/home/psy/2024.11.26.TurtleArm_Moveit/install/mycobot_ros2_cpp_cnt/share/mycobot_ros2_cpp_cnt/hook/cmake_prefix_path.sh'
[1.081s] Level 1:colcon.colcon_core.environment:checking '/home/psy/2024.11.26.TurtleArm_Moveit/install/mycobot_ros2_cpp_cnt/lib'
[1.081s] Level 1:colcon.colcon_core.environment:checking '/home/psy/2024.11.26.TurtleArm_Moveit/install/mycobot_ros2_cpp_cnt/bin'
[1.081s] Level 1:colcon.colcon_core.environment:checking '/home/psy/2024.11.26.TurtleArm_Moveit/install/mycobot_ros2_cpp_cnt/lib/pkgconfig/mycobot_ros2_cpp_cnt.pc'
[1.082s] Level 1:colcon.colcon_core.environment:checking '/home/psy/2024.11.26.TurtleArm_Moveit/install/mycobot_ros2_cpp_cnt/lib/python3.10/site-packages'
[1.082s] Level 1:colcon.colcon_core.environment:checking '/home/psy/2024.11.26.TurtleArm_Moveit/install/mycobot_ros2_cpp_cnt/bin'
[1.082s] INFO:colcon.colcon_core.shell:Creating package script '/home/psy/2024.11.26.TurtleArm_Moveit/install/mycobot_ros2_cpp_cnt/share/mycobot_ros2_cpp_cnt/package.ps1'
[1.082s] INFO:colcon.colcon_core.shell:Creating package descriptor '/home/psy/2024.11.26.TurtleArm_Moveit/install/mycobot_ros2_cpp_cnt/share/mycobot_ros2_cpp_cnt/package.dsv'
[1.083s] INFO:colcon.colcon_core.shell:Creating package script '/home/psy/2024.11.26.TurtleArm_Moveit/install/mycobot_ros2_cpp_cnt/share/mycobot_ros2_cpp_cnt/package.sh'
[1.083s] INFO:colcon.colcon_core.shell:Creating package script '/home/psy/2024.11.26.TurtleArm_Moveit/install/mycobot_ros2_cpp_cnt/share/mycobot_ros2_cpp_cnt/package.bash'
[1.083s] INFO:colcon.colcon_core.shell:Creating package script '/home/psy/2024.11.26.TurtleArm_Moveit/install/mycobot_ros2_cpp_cnt/share/mycobot_ros2_cpp_cnt/package.zsh'
[1.084s] Level 1:colcon.colcon_core.environment:create_file_with_runtime_dependencies(/home/psy/2024.11.26.TurtleArm_Moveit/install/mycobot_ros2_cpp_cnt/share/colcon-core/packages/mycobot_ros2_cpp_cnt)
[1.114s] Level 1:colcon.colcon_core.environment:create_environment_scripts_only(mycobot_ros2_cpp_cnt)
[1.114s] Level 1:colcon.colcon_core.environment:checking '/home/psy/2024.11.26.TurtleArm_Moveit/install/mycobot_ros2_cpp_cnt' for CMake module files
[1.114s] Level 1:colcon.colcon_core.environment:checking '/home/psy/2024.11.26.TurtleArm_Moveit/install/mycobot_ros2_cpp_cnt' for CMake config files
[1.114s] Level 1:colcon.colcon_core.shell:create_environment_hook('mycobot_ros2_cpp_cnt', 'cmake_prefix_path')
[1.114s] INFO:colcon.colcon_core.shell:Creating environment hook '/home/psy/2024.11.26.TurtleArm_Moveit/install/mycobot_ros2_cpp_cnt/share/mycobot_ros2_cpp_cnt/hook/cmake_prefix_path.ps1'
[1.115s] INFO:colcon.colcon_core.shell:Creating environment descriptor '/home/psy/2024.11.26.TurtleArm_Moveit/install/mycobot_ros2_cpp_cnt/share/mycobot_ros2_cpp_cnt/hook/cmake_prefix_path.dsv'
[1.115s] INFO:colcon.colcon_core.shell:Creating environment hook '/home/psy/2024.11.26.TurtleArm_Moveit/install/mycobot_ros2_cpp_cnt/share/mycobot_ros2_cpp_cnt/hook/cmake_prefix_path.sh'
[1.115s] Level 1:colcon.colcon_core.environment:checking '/home/psy/2024.11.26.TurtleArm_Moveit/install/mycobot_ros2_cpp_cnt/lib'
[1.115s] Level 1:colcon.colcon_core.environment:checking '/home/psy/2024.11.26.TurtleArm_Moveit/install/mycobot_ros2_cpp_cnt/bin'
[1.115s] Level 1:colcon.colcon_core.environment:checking '/home/psy/2024.11.26.TurtleArm_Moveit/install/mycobot_ros2_cpp_cnt/lib/pkgconfig/mycobot_ros2_cpp_cnt.pc'
[1.115s] Level 1:colcon.colcon_core.environment:checking '/home/psy/2024.11.26.TurtleArm_Moveit/install/mycobot_ros2_cpp_cnt/lib/python3.10/site-packages'
[1.115s] Level 1:colcon.colcon_core.environment:checking '/home/psy/2024.11.26.TurtleArm_Moveit/install/mycobot_ros2_cpp_cnt/bin'
[1.116s] INFO:colcon.colcon_core.shell:Creating package script '/home/psy/2024.11.26.TurtleArm_Moveit/install/mycobot_ros2_cpp_cnt/share/mycobot_ros2_cpp_cnt/package.ps1'
[1.116s] INFO:colcon.colcon_core.shell:Creating package descriptor '/home/psy/2024.11.26.TurtleArm_Moveit/install/mycobot_ros2_cpp_cnt/share/mycobot_ros2_cpp_cnt/package.dsv'
[1.116s] INFO:colcon.colcon_core.shell:Creating package script '/home/psy/2024.11.26.TurtleArm_Moveit/install/mycobot_ros2_cpp_cnt/share/mycobot_ros2_cpp_cnt/package.sh'
[1.117s] INFO:colcon.colcon_core.shell:Creating package script '/home/psy/2024.11.26.TurtleArm_Moveit/install/mycobot_ros2_cpp_cnt/share/mycobot_ros2_cpp_cnt/package.bash'
[1.117s] INFO:colcon.colcon_core.shell:Creating package script '/home/psy/2024.11.26.TurtleArm_Moveit/install/mycobot_ros2_cpp_cnt/share/mycobot_ros2_cpp_cnt/package.zsh'
[1.117s] Level 1:colcon.colcon_core.environment:create_file_with_runtime_dependencies(/home/psy/2024.11.26.TurtleArm_Moveit/install/mycobot_ros2_cpp_cnt/share/colcon-core/packages/mycobot_ros2_cpp_cnt)
[1.117s] DEBUG:colcon.colcon_parallel_executor.executor.parallel:closing loop
[1.118s] DEBUG:colcon.colcon_parallel_executor.executor.parallel:loop closed
[1.118s] DEBUG:colcon.colcon_parallel_executor.executor.parallel:run_until_complete finished with '0'
[1.118s] DEBUG:colcon.colcon_core.event_reactor:joining thread
[1.123s] INFO:colcon.colcon_core.plugin_system:Skipping extension 'colcon_notification.desktop_notification.terminal_notifier': Not used on non-Darwin systems
[1.123s] INFO:colcon.colcon_core.plugin_system:Skipping extension 'colcon_notification.desktop_notification.win32': Not used on non-Windows systems
[1.123s] INFO:colcon.colcon_notification.desktop_notification:Sending desktop notification using 'notify2'
[1.139s] DEBUG:colcon.colcon_core.event_reactor:joined thread
[1.139s] INFO:colcon.colcon_core.shell:Creating prefix script '/home/psy/2024.11.26.TurtleArm_Moveit/install/local_setup.ps1'
[1.140s] INFO:colcon.colcon_core.shell:Creating prefix util module '/home/psy/2024.11.26.TurtleArm_Moveit/install/_local_setup_util_ps1.py'
[1.141s] INFO:colcon.colcon_core.shell:Creating prefix chain script '/home/psy/2024.11.26.TurtleArm_Moveit/install/setup.ps1'
[1.142s] INFO:colcon.colcon_core.shell:Creating prefix script '/home/psy/2024.11.26.TurtleArm_Moveit/install/local_setup.sh'
[1.142s] INFO:colcon.colcon_core.shell:Creating prefix util module '/home/psy/2024.11.26.TurtleArm_Moveit/install/_local_setup_util_sh.py'
[1.143s] INFO:colcon.colcon_core.shell:Creating prefix chain script '/home/psy/2024.11.26.TurtleArm_Moveit/install/setup.sh'
[1.143s] INFO:colcon.colcon_core.shell:Creating prefix script '/home/psy/2024.11.26.TurtleArm_Moveit/install/local_setup.bash'
[1.144s] INFO:colcon.colcon_core.shell:Creating prefix chain script '/home/psy/2024.11.26.TurtleArm_Moveit/install/setup.bash'
[1.144s] INFO:colcon.colcon_core.shell:Creating prefix script '/home/psy/2024.11.26.TurtleArm_Moveit/install/local_setup.zsh'
[1.144s] INFO:colcon.colcon_core.shell:Creating prefix chain script '/home/psy/2024.11.26.TurtleArm_Moveit/install/setup.zsh'
