[0.007s] Invoking command in '/home/psy/2024.11.26.TurtleArm_Moveit/build/mycobot_ros2_cpp_cnt': AMENT_PREFIX_PATH=/home/psy/2024.11.26.TurtleArm_Moveit/install/mycobot_ros2_controll:/home/psy/2024.11.26.TurtleArm_Moveit/install/mycobot_ros2_cpp_cnt:/home/psy/2024.11.26.TurtleArm_Moveit/install/mycobot_with_gripper:/home/psy/2024.11.26.TurtleArm_Moveit/install/myarm_moveit:/home/psy/2024.11.26.TurtleArm_Moveit/install/moveit_srdf:/home/psy/2024.11.26.TurtleArm_Moveit/install/mycobot_moveit:/home/psy/2024.11.26.TurtleArm_Moveit/install/mycobot_interfaces:/home/psy/2024.11.26.TurtleArm_Moveit/install/hello_moveit:/opt/ros/humble CMAKE_PREFIX_PATH=/home/psy/2024.11.26.TurtleArm_Moveit/install/mycobot_with_gripper:/home/psy/2024.11.26.TurtleArm_Moveit/install/mycobot_interfaces:/home/psy/2024.11.26.TurtleArm_Moveit/install/mycobot_ros2_cpp_cnt:/home/psy/2024.11.26.TurtleArm_Moveit/install/myarm_moveit:/home/psy/2024.11.26.TurtleArm_Moveit/install/moveit_srdf:/home/psy/2024.11.26.TurtleArm_Moveit/install/mycobot_moveit:/home/psy/2024.11.26.TurtleArm_Moveit/install/hello_moveit:/home/psy/2024.11.26.TurtleArm_Moveit/install/mycobot_ros2_controll:/opt/ros/humble /usr/bin/cmake --build /home/psy/2024.11.26.TurtleArm_Moveit/build/mycobot_ros2_cpp_cnt -- -j20 -l20
[0.031s] -- Found ament_cmake: 1.3.10 (/opt/ros/humble/share/ament_cmake/cmake)
[0.115s] -- Found moveit_ros_planning_interface: 2.5.5 (/opt/ros/humble/share/moveit_ros_planning_interface/cmake)
[0.125s] -- Found Boost: /usr/lib/x86_64-linux-gnu/cmake/Boost-1.74.0/BoostConfig.cmake (found version "1.74.0") found components: date_time filesystem program_options system thread 
[0.143s] -- Found rosidl_generator_c: 3.1.5 (/opt/ros/humble/share/rosidl_generator_c/cmake)
[0.145s] -- Found rosidl_adapter: 3.1.5 (/opt/ros/humble/share/rosidl_adapter/cmake)
[0.149s] -- Found rosidl_generator_cpp: 3.1.5 (/opt/ros/humble/share/rosidl_generator_cpp/cmake)
[0.156s] -- Using all available rosidl_typesupport_c: rosidl_typesupport_fastrtps_c;rosidl_typesupport_introspection_c
[0.164s] -- Using all available rosidl_typesupport_cpp: rosidl_typesupport_fastrtps_cpp;rosidl_typesupport_introspection_cpp
[0.275s] -- Found Boost: /usr/lib/x86_64-linux-gnu/cmake/Boost-1.74.0/BoostConfig.cmake (found version "1.74.0") found components: chrono date_time filesystem iostreams program_options regex serialization system thread 
[0.280s] -- Found parameter_traits: 0.3.9 (/opt/ros/humble/share/parameter_traits/cmake)
[0.300s] -- Found rmw_implementation_cmake: 6.1.2 (/opt/ros/humble/share/rmw_implementation_cmake/cmake)
[0.301s] -- Found rmw_fastrtps_cpp: 6.2.7 (/opt/ros/humble/share/rmw_fastrtps_cpp/cmake)
[0.371s] -- Using RMW implementation 'rmw_fastrtps_cpp' as default
[0.419s] -- Found rclcpp_lifecycle: 16.0.10 (/opt/ros/humble/share/rclcpp_lifecycle/cmake)
[0.434s] -- Found Boost: /usr/lib/x86_64-linux-gnu/cmake/Boost-1.74.0/BoostConfig.cmake (found version "1.74.0") found components: filesystem 
[0.455s] -- library: /usr/lib/x86_64-linux-gnu/libcurl.so
[0.473s] -- Ensuring Eigen3 include directory is part of orocos-kdl CMake target
[0.542s] -- Found Boost: /usr/lib/x86_64-linux-gnu/cmake/Boost-1.74.0/BoostConfig.cmake (found version "1.74.0") found components: system filesystem date_time program_options thread chrono 
[0.558s] -- Found Boost: /usr/lib/x86_64-linux-gnu/cmake/Boost-1.74.0/BoostConfig.cmake (found version "1.74.0") found components: thread system filesystem regex date_time program_options 
[0.571s] -- Found Boost: /usr/lib/x86_64-linux-gnu/cmake/Boost-1.74.0/BoostConfig.cmake (found version "1.74.0") found components: system filesystem date_time program_options thread 
[0.587s] -- Found vision_msgs: 4.1.1 (/opt/ros/humble/share/vision_msgs/cmake)
[0.597s] -- Found mycobot_interfaces: 0.0.0 (/home/psy/2024.11.26.TurtleArm_Moveit/install/mycobot_interfaces/share/mycobot_interfaces/cmake)
[0.608s] -- Found ament_lint_auto: 0.12.11 (/opt/ros/humble/share/ament_lint_auto/cmake)
[0.648s] -- Added test 'cppcheck' to perform static code analysis on C / C++ code
[0.648s] -- Configured cppcheck include dirs: $<BUILD_INTERFACE:/home/psy/2024.11.26.TurtleArm_Moveit/src/mycobot320_moveit2/mycobot_ros2_cpp_cnt/include>
[0.648s] -- Configured cppcheck exclude dirs and/or files: 
[0.649s] -- Added test 'lint_cmake' to check CMake code style
[0.649s] -- Added test 'uncrustify' to check C / C++ code style
[0.649s] -- Configured uncrustify additional arguments: 
[0.649s] -- Added test 'xmllint' to check XML markup files
[0.650s] -- Configuring done
[0.675s] -- Generating done
[0.676s] -- Build files have been written to: /home/psy/2024.11.26.TurtleArm_Moveit/build/mycobot_ros2_cpp_cnt
[0.697s] [35m[1mConsolidate compiler generated dependencies of target marker_creater[0m
[0.698s] [35m[1mConsolidate compiler generated dependencies of target grip_test[0m
[0.712s] [ 50%] Built target marker_creater
[0.715s] [100%] Built target grip_test
[0.724s] Invoked command in '/home/psy/2024.11.26.TurtleArm_Moveit/build/mycobot_ros2_cpp_cnt' returned '0': AMENT_PREFIX_PATH=/home/psy/2024.11.26.TurtleArm_Moveit/install/mycobot_ros2_controll:/home/psy/2024.11.26.TurtleArm_Moveit/install/mycobot_ros2_cpp_cnt:/home/psy/2024.11.26.TurtleArm_Moveit/install/mycobot_with_gripper:/home/psy/2024.11.26.TurtleArm_Moveit/install/myarm_moveit:/home/psy/2024.11.26.TurtleArm_Moveit/install/moveit_srdf:/home/psy/2024.11.26.TurtleArm_Moveit/install/mycobot_moveit:/home/psy/2024.11.26.TurtleArm_Moveit/install/mycobot_interfaces:/home/psy/2024.11.26.TurtleArm_Moveit/install/hello_moveit:/opt/ros/humble CMAKE_PREFIX_PATH=/home/psy/2024.11.26.TurtleArm_Moveit/install/mycobot_with_gripper:/home/psy/2024.11.26.TurtleArm_Moveit/install/mycobot_interfaces:/home/psy/2024.11.26.TurtleArm_Moveit/install/mycobot_ros2_cpp_cnt:/home/psy/2024.11.26.TurtleArm_Moveit/install/myarm_moveit:/home/psy/2024.11.26.TurtleArm_Moveit/install/moveit_srdf:/home/psy/2024.11.26.TurtleArm_Moveit/install/mycobot_moveit:/home/psy/2024.11.26.TurtleArm_Moveit/install/hello_moveit:/home/psy/2024.11.26.TurtleArm_Moveit/install/mycobot_ros2_controll:/opt/ros/humble /usr/bin/cmake --build /home/psy/2024.11.26.TurtleArm_Moveit/build/mycobot_ros2_cpp_cnt -- -j20 -l20
[0.760s] Invoking command in '/home/psy/2024.11.26.TurtleArm_Moveit/build/mycobot_ros2_cpp_cnt': AMENT_PREFIX_PATH=/home/psy/2024.11.26.TurtleArm_Moveit/install/mycobot_ros2_controll:/home/psy/2024.11.26.TurtleArm_Moveit/install/mycobot_ros2_cpp_cnt:/home/psy/2024.11.26.TurtleArm_Moveit/install/mycobot_with_gripper:/home/psy/2024.11.26.TurtleArm_Moveit/install/myarm_moveit:/home/psy/2024.11.26.TurtleArm_Moveit/install/moveit_srdf:/home/psy/2024.11.26.TurtleArm_Moveit/install/mycobot_moveit:/home/psy/2024.11.26.TurtleArm_Moveit/install/mycobot_interfaces:/home/psy/2024.11.26.TurtleArm_Moveit/install/hello_moveit:/opt/ros/humble CMAKE_PREFIX_PATH=/home/psy/2024.11.26.TurtleArm_Moveit/install/mycobot_with_gripper:/home/psy/2024.11.26.TurtleArm_Moveit/install/mycobot_interfaces:/home/psy/2024.11.26.TurtleArm_Moveit/install/mycobot_ros2_cpp_cnt:/home/psy/2024.11.26.TurtleArm_Moveit/install/myarm_moveit:/home/psy/2024.11.26.TurtleArm_Moveit/install/moveit_srdf:/home/psy/2024.11.26.TurtleArm_Moveit/install/mycobot_moveit:/home/psy/2024.11.26.TurtleArm_Moveit/install/hello_moveit:/home/psy/2024.11.26.TurtleArm_Moveit/install/mycobot_ros2_controll:/opt/ros/humble /usr/bin/cmake --install /home/psy/2024.11.26.TurtleArm_Moveit/build/mycobot_ros2_cpp_cnt
[0.768s] -- Install configuration: ""
[0.768s] -- Up-to-date: /home/psy/2024.11.26.TurtleArm_Moveit/install/mycobot_ros2_cpp_cnt/lib/mycobot_ros2_cpp_cnt/marker_creater
[0.768s] -- Up-to-date: /home/psy/2024.11.26.TurtleArm_Moveit/install/mycobot_ros2_cpp_cnt/lib/mycobot_ros2_cpp_cnt/grip_test
[0.768s] -- Up-to-date: /home/psy/2024.11.26.TurtleArm_Moveit/install/mycobot_ros2_cpp_cnt/share/ament_index/resource_index/package_run_dependencies/mycobot_ros2_cpp_cnt
[0.768s] -- Installing: /home/psy/2024.11.26.TurtleArm_Moveit/install/mycobot_ros2_cpp_cnt/share/ament_index/resource_index/parent_prefix_path/mycobot_ros2_cpp_cnt
[0.768s] -- Up-to-date: /home/psy/2024.11.26.TurtleArm_Moveit/install/mycobot_ros2_cpp_cnt/share/mycobot_ros2_cpp_cnt/environment/ament_prefix_path.sh
[0.768s] -- Installing: /home/psy/2024.11.26.TurtleArm_Moveit/install/mycobot_ros2_cpp_cnt/share/mycobot_ros2_cpp_cnt/environment/ament_prefix_path.dsv
[0.768s] -- Up-to-date: /home/psy/2024.11.26.TurtleArm_Moveit/install/mycobot_ros2_cpp_cnt/share/mycobot_ros2_cpp_cnt/environment/path.sh
[0.768s] -- Installing: /home/psy/2024.11.26.TurtleArm_Moveit/install/mycobot_ros2_cpp_cnt/share/mycobot_ros2_cpp_cnt/environment/path.dsv
[0.769s] -- Up-to-date: /home/psy/2024.11.26.TurtleArm_Moveit/install/mycobot_ros2_cpp_cnt/share/mycobot_ros2_cpp_cnt/local_setup.bash
[0.769s] -- Up-to-date: /home/psy/2024.11.26.TurtleArm_Moveit/install/mycobot_ros2_cpp_cnt/share/mycobot_ros2_cpp_cnt/local_setup.sh
[0.769s] -- Up-to-date: /home/psy/2024.11.26.TurtleArm_Moveit/install/mycobot_ros2_cpp_cnt/share/mycobot_ros2_cpp_cnt/local_setup.zsh
[0.769s] -- Installing: /home/psy/2024.11.26.TurtleArm_Moveit/install/mycobot_ros2_cpp_cnt/share/mycobot_ros2_cpp_cnt/local_setup.dsv
[0.769s] -- Installing: /home/psy/2024.11.26.TurtleArm_Moveit/install/mycobot_ros2_cpp_cnt/share/mycobot_ros2_cpp_cnt/package.dsv
[0.769s] -- Up-to-date: /home/psy/2024.11.26.TurtleArm_Moveit/install/mycobot_ros2_cpp_cnt/share/ament_index/resource_index/packages/mycobot_ros2_cpp_cnt
[0.769s] -- Up-to-date: /home/psy/2024.11.26.TurtleArm_Moveit/install/mycobot_ros2_cpp_cnt/share/mycobot_ros2_cpp_cnt/cmake/mycobot_ros2_cpp_cntConfig.cmake
[0.769s] -- Up-to-date: /home/psy/2024.11.26.TurtleArm_Moveit/install/mycobot_ros2_cpp_cnt/share/mycobot_ros2_cpp_cnt/cmake/mycobot_ros2_cpp_cntConfig-version.cmake
[0.769s] -- Installing: /home/psy/2024.11.26.TurtleArm_Moveit/install/mycobot_ros2_cpp_cnt/share/mycobot_ros2_cpp_cnt/package.xml
[0.771s] Invoked command in '/home/psy/2024.11.26.TurtleArm_Moveit/build/mycobot_ros2_cpp_cnt' returned '0': AMENT_PREFIX_PATH=/home/psy/2024.11.26.TurtleArm_Moveit/install/mycobot_ros2_controll:/home/psy/2024.11.26.TurtleArm_Moveit/install/mycobot_ros2_cpp_cnt:/home/psy/2024.11.26.TurtleArm_Moveit/install/mycobot_with_gripper:/home/psy/2024.11.26.TurtleArm_Moveit/install/myarm_moveit:/home/psy/2024.11.26.TurtleArm_Moveit/install/moveit_srdf:/home/psy/2024.11.26.TurtleArm_Moveit/install/mycobot_moveit:/home/psy/2024.11.26.TurtleArm_Moveit/install/mycobot_interfaces:/home/psy/2024.11.26.TurtleArm_Moveit/install/hello_moveit:/opt/ros/humble CMAKE_PREFIX_PATH=/home/psy/2024.11.26.TurtleArm_Moveit/install/mycobot_with_gripper:/home/psy/2024.11.26.TurtleArm_Moveit/install/mycobot_interfaces:/home/psy/2024.11.26.TurtleArm_Moveit/install/mycobot_ros2_cpp_cnt:/home/psy/2024.11.26.TurtleArm_Moveit/install/myarm_moveit:/home/psy/2024.11.26.TurtleArm_Moveit/install/moveit_srdf:/home/psy/2024.11.26.TurtleArm_Moveit/install/mycobot_moveit:/home/psy/2024.11.26.TurtleArm_Moveit/install/hello_moveit:/home/psy/2024.11.26.TurtleArm_Moveit/install/mycobot_ros2_controll:/opt/ros/humble /usr/bin/cmake --install /home/psy/2024.11.26.TurtleArm_Moveit/build/mycobot_ros2_cpp_cnt
