[0.127s] DEBUG:colcon:Command line arguments: ['/usr/bin/colcon', 'build']
[0.127s] DEBUG:colcon:Parsed command line arguments: Namespace(log_base=None, log_level=None, verb_name='build', build_base='build', install_base='install', merge_install=False, symlink_install=False, test_result_base=None, continue_on_error=False, executor='parallel', parallel_workers=20, event_handlers=None, ignore_user_meta=False, metas=['./colcon.meta'], base_paths=['.'], packages_ignore=None, packages_ignore_regex=None, paths=None, packages_up_to=None, packages_up_to_regex=None, packages_above=None, packages_above_and_dependencies=None, packages_above_depth=None, packages_select_by_dep=None, packages_skip_by_dep=None, packages_skip_up_to=None, packages_select_build_failed=False, packages_skip_build_finished=False, packages_select_test_failures=False, packages_skip_test_passed=False, packages_select=None, packages_skip=None, packages_select_regex=None, packages_skip_regex=None, packages_start=None, packages_end=None, allow_overriding=[], cmake_args=None, cmake_target=None, cmake_target_skip_unavailable=False, cmake_clean_cache=False, cmake_clean_first=False, cmake_force_configure=False, ament_cmake_args=None, catkin_cmake_args=None, catkin_skip_building_tests=False, mixin_files=None, mixin=None, verb_parser=<colcon_mixin.mixin.mixin_argument.MixinArgumentDecorator object at 0x7d8e9102e1d0>, verb_extension=<colcon_core.verb.build.BuildVerb object at 0x7d8e91199f60>, main=<bound method BuildVerb.main of <colcon_core.verb.build.BuildVerb object at 0x7d8e91199f60>>, mixin_verb=('build',))
[0.229s] Level 1:colcon.colcon_core.package_discovery:discover_packages(colcon_meta) check parameters
[0.229s] Level 1:colcon.colcon_core.package_discovery:discover_packages(recursive) check parameters
[0.229s] Level 1:colcon.colcon_core.package_discovery:discover_packages(ignore) check parameters
[0.229s] Level 1:colcon.colcon_core.package_discovery:discover_packages(path) check parameters
[0.229s] Level 1:colcon.colcon_core.package_discovery:discover_packages(colcon_meta) discover
[0.229s] Level 1:colcon.colcon_core.package_discovery:discover_packages(recursive) discover
[0.229s] INFO:colcon.colcon_core.package_discovery:Crawling recursively for packages in '/home/psy/2024.11.26.TurtleArm_Moveit'
[0.229s] Level 1:colcon.colcon_core.package_identification:_identify(.) by extensions ['ignore', 'ignore_ament_install']
[0.229s] Level 1:colcon.colcon_core.package_identification:_identify(.) by extension 'ignore'
[0.229s] Level 1:colcon.colcon_core.package_identification:_identify(.) by extension 'ignore_ament_install'
[0.229s] Level 1:colcon.colcon_core.package_identification:_identify(.) by extensions ['colcon_pkg']
[0.229s] Level 1:colcon.colcon_core.package_identification:_identify(.) by extension 'colcon_pkg'
[0.229s] Level 1:colcon.colcon_core.package_identification:_identify(.) by extensions ['colcon_meta']
[0.229s] Level 1:colcon.colcon_core.package_identification:_identify(.) by extension 'colcon_meta'
[0.229s] Level 1:colcon.colcon_core.package_identification:_identify(.) by extensions ['ros']
[0.229s] Level 1:colcon.colcon_core.package_identification:_identify(.) by extension 'ros'
[0.237s] Level 1:colcon.colcon_core.package_identification:_identify(.) by extensions ['cmake', 'python']
[0.237s] Level 1:colcon.colcon_core.package_identification:_identify(.) by extension 'cmake'
[0.237s] Level 1:colcon.colcon_core.package_identification:_identify(.) by extension 'python'
[0.237s] Level 1:colcon.colcon_core.package_identification:_identify(.) by extensions ['python_setup_py']
[0.237s] Level 1:colcon.colcon_core.package_identification:_identify(.) by extension 'python_setup_py'
[0.237s] Level 1:colcon.colcon_core.package_identification:_identify(build) by extensions ['ignore', 'ignore_ament_install']
[0.237s] Level 1:colcon.colcon_core.package_identification:_identify(build) by extension 'ignore'
[0.237s] Level 1:colcon.colcon_core.package_identification:_identify(build) ignored
[0.237s] Level 1:colcon.colcon_core.package_identification:_identify(install) by extensions ['ignore', 'ignore_ament_install']
[0.237s] Level 1:colcon.colcon_core.package_identification:_identify(install) by extension 'ignore'
[0.237s] Level 1:colcon.colcon_core.package_identification:_identify(install) ignored
[0.237s] Level 1:colcon.colcon_core.package_identification:_identify(log) by extensions ['ignore', 'ignore_ament_install']
[0.237s] Level 1:colcon.colcon_core.package_identification:_identify(log) by extension 'ignore'
[0.237s] Level 1:colcon.colcon_core.package_identification:_identify(log) ignored
[0.237s] Level 1:colcon.colcon_core.package_identification:_identify(src) by extensions ['ignore', 'ignore_ament_install']
[0.237s] Level 1:colcon.colcon_core.package_identification:_identify(src) by extension 'ignore'
[0.237s] Level 1:colcon.colcon_core.package_identification:_identify(src) by extension 'ignore_ament_install'
[0.237s] Level 1:colcon.colcon_core.package_identification:_identify(src) by extensions ['colcon_pkg']
[0.237s] Level 1:colcon.colcon_core.package_identification:_identify(src) by extension 'colcon_pkg'
[0.237s] Level 1:colcon.colcon_core.package_identification:_identify(src) by extensions ['colcon_meta']
[0.237s] Level 1:colcon.colcon_core.package_identification:_identify(src) by extension 'colcon_meta'
[0.237s] Level 1:colcon.colcon_core.package_identification:_identify(src) by extensions ['ros']
[0.237s] Level 1:colcon.colcon_core.package_identification:_identify(src) by extension 'ros'
[0.237s] Level 1:colcon.colcon_core.package_identification:_identify(src) by extensions ['cmake', 'python']
[0.237s] Level 1:colcon.colcon_core.package_identification:_identify(src) by extension 'cmake'
[0.237s] Level 1:colcon.colcon_core.package_identification:_identify(src) by extension 'python'
[0.237s] Level 1:colcon.colcon_core.package_identification:_identify(src) by extensions ['python_setup_py']
[0.237s] Level 1:colcon.colcon_core.package_identification:_identify(src) by extension 'python_setup_py'
[0.237s] Level 1:colcon.colcon_core.package_identification:_identify(src/mycobot320_moveit2) by extensions ['ignore', 'ignore_ament_install']
[0.237s] Level 1:colcon.colcon_core.package_identification:_identify(src/mycobot320_moveit2) by extension 'ignore'
[0.237s] Level 1:colcon.colcon_core.package_identification:_identify(src/mycobot320_moveit2) by extension 'ignore_ament_install'
[0.237s] Level 1:colcon.colcon_core.package_identification:_identify(src/mycobot320_moveit2) by extensions ['colcon_pkg']
[0.237s] Level 1:colcon.colcon_core.package_identification:_identify(src/mycobot320_moveit2) by extension 'colcon_pkg'
[0.237s] Level 1:colcon.colcon_core.package_identification:_identify(src/mycobot320_moveit2) by extensions ['colcon_meta']
[0.237s] Level 1:colcon.colcon_core.package_identification:_identify(src/mycobot320_moveit2) by extension 'colcon_meta'
[0.237s] Level 1:colcon.colcon_core.package_identification:_identify(src/mycobot320_moveit2) by extensions ['ros']
[0.237s] Level 1:colcon.colcon_core.package_identification:_identify(src/mycobot320_moveit2) by extension 'ros'
[0.237s] Level 1:colcon.colcon_core.package_identification:_identify(src/mycobot320_moveit2) by extensions ['cmake', 'python']
[0.237s] Level 1:colcon.colcon_core.package_identification:_identify(src/mycobot320_moveit2) by extension 'cmake'
[0.238s] Level 1:colcon.colcon_core.package_identification:_identify(src/mycobot320_moveit2) by extension 'python'
[0.238s] Level 1:colcon.colcon_core.package_identification:_identify(src/mycobot320_moveit2) by extensions ['python_setup_py']
[0.238s] Level 1:colcon.colcon_core.package_identification:_identify(src/mycobot320_moveit2) by extension 'python_setup_py'
[0.238s] Level 1:colcon.colcon_core.package_identification:_identify(src/mycobot320_moveit2/hello_moveit) by extensions ['ignore', 'ignore_ament_install']
[0.238s] Level 1:colcon.colcon_core.package_identification:_identify(src/mycobot320_moveit2/hello_moveit) by extension 'ignore'
[0.238s] Level 1:colcon.colcon_core.package_identification:_identify(src/mycobot320_moveit2/hello_moveit) by extension 'ignore_ament_install'
[0.238s] Level 1:colcon.colcon_core.package_identification:_identify(src/mycobot320_moveit2/hello_moveit) by extensions ['colcon_pkg']
[0.238s] Level 1:colcon.colcon_core.package_identification:_identify(src/mycobot320_moveit2/hello_moveit) by extension 'colcon_pkg'
[0.238s] Level 1:colcon.colcon_core.package_identification:_identify(src/mycobot320_moveit2/hello_moveit) by extensions ['colcon_meta']
[0.238s] Level 1:colcon.colcon_core.package_identification:_identify(src/mycobot320_moveit2/hello_moveit) by extension 'colcon_meta'
[0.238s] Level 1:colcon.colcon_core.package_identification:_identify(src/mycobot320_moveit2/hello_moveit) by extensions ['ros']
[0.238s] Level 1:colcon.colcon_core.package_identification:_identify(src/mycobot320_moveit2/hello_moveit) by extension 'ros'
[0.239s] DEBUG:colcon.colcon_core.package_identification:Package 'src/mycobot320_moveit2/hello_moveit' with type 'ros.ament_cmake' and name 'hello_moveit'
[0.240s] Level 1:colcon.colcon_core.package_identification:_identify(src/mycobot320_moveit2/moveit_srdf) by extensions ['ignore', 'ignore_ament_install']
[0.240s] Level 1:colcon.colcon_core.package_identification:_identify(src/mycobot320_moveit2/moveit_srdf) by extension 'ignore'
[0.240s] Level 1:colcon.colcon_core.package_identification:_identify(src/mycobot320_moveit2/moveit_srdf) by extension 'ignore_ament_install'
[0.240s] Level 1:colcon.colcon_core.package_identification:_identify(src/mycobot320_moveit2/moveit_srdf) by extensions ['colcon_pkg']
[0.240s] Level 1:colcon.colcon_core.package_identification:_identify(src/mycobot320_moveit2/moveit_srdf) by extension 'colcon_pkg'
[0.240s] Level 1:colcon.colcon_core.package_identification:_identify(src/mycobot320_moveit2/moveit_srdf) by extensions ['colcon_meta']
[0.240s] Level 1:colcon.colcon_core.package_identification:_identify(src/mycobot320_moveit2/moveit_srdf) by extension 'colcon_meta'
[0.240s] Level 1:colcon.colcon_core.package_identification:_identify(src/mycobot320_moveit2/moveit_srdf) by extensions ['ros']
[0.240s] Level 1:colcon.colcon_core.package_identification:_identify(src/mycobot320_moveit2/moveit_srdf) by extension 'ros'
[0.240s] DEBUG:colcon.colcon_core.package_identification:Package 'src/mycobot320_moveit2/moveit_srdf' with type 'ros.ament_cmake' and name 'moveit_srdf'
[0.240s] Level 1:colcon.colcon_core.package_identification:_identify(src/mycobot320_moveit2/myarm_moveit) by extensions ['ignore', 'ignore_ament_install']
[0.240s] Level 1:colcon.colcon_core.package_identification:_identify(src/mycobot320_moveit2/myarm_moveit) by extension 'ignore'
[0.240s] Level 1:colcon.colcon_core.package_identification:_identify(src/mycobot320_moveit2/myarm_moveit) by extension 'ignore_ament_install'
[0.240s] Level 1:colcon.colcon_core.package_identification:_identify(src/mycobot320_moveit2/myarm_moveit) by extensions ['colcon_pkg']
[0.240s] Level 1:colcon.colcon_core.package_identification:_identify(src/mycobot320_moveit2/myarm_moveit) by extension 'colcon_pkg'
[0.240s] Level 1:colcon.colcon_core.package_identification:_identify(src/mycobot320_moveit2/myarm_moveit) by extensions ['colcon_meta']
[0.240s] Level 1:colcon.colcon_core.package_identification:_identify(src/mycobot320_moveit2/myarm_moveit) by extension 'colcon_meta'
[0.240s] Level 1:colcon.colcon_core.package_identification:_identify(src/mycobot320_moveit2/myarm_moveit) by extensions ['ros']
[0.240s] Level 1:colcon.colcon_core.package_identification:_identify(src/mycobot320_moveit2/myarm_moveit) by extension 'ros'
[0.241s] DEBUG:colcon.colcon_core.package_identification:Package 'src/mycobot320_moveit2/myarm_moveit' with type 'ros.ament_cmake' and name 'myarm_moveit'
[0.241s] Level 1:colcon.colcon_core.package_identification:_identify(src/mycobot320_moveit2/mycobot_interfaces) by extensions ['ignore', 'ignore_ament_install']
[0.241s] Level 1:colcon.colcon_core.package_identification:_identify(src/mycobot320_moveit2/mycobot_interfaces) by extension 'ignore'
[0.241s] Level 1:colcon.colcon_core.package_identification:_identify(src/mycobot320_moveit2/mycobot_interfaces) by extension 'ignore_ament_install'
[0.241s] Level 1:colcon.colcon_core.package_identification:_identify(src/mycobot320_moveit2/mycobot_interfaces) by extensions ['colcon_pkg']
[0.241s] Level 1:colcon.colcon_core.package_identification:_identify(src/mycobot320_moveit2/mycobot_interfaces) by extension 'colcon_pkg'
[0.241s] Level 1:colcon.colcon_core.package_identification:_identify(src/mycobot320_moveit2/mycobot_interfaces) by extensions ['colcon_meta']
[0.241s] Level 1:colcon.colcon_core.package_identification:_identify(src/mycobot320_moveit2/mycobot_interfaces) by extension 'colcon_meta'
[0.241s] Level 1:colcon.colcon_core.package_identification:_identify(src/mycobot320_moveit2/mycobot_interfaces) by extensions ['ros']
[0.241s] Level 1:colcon.colcon_core.package_identification:_identify(src/mycobot320_moveit2/mycobot_interfaces) by extension 'ros'
[0.242s] DEBUG:colcon.colcon_core.package_identification:Package 'src/mycobot320_moveit2/mycobot_interfaces' with type 'ros.ament_cmake' and name 'mycobot_interfaces'
[0.242s] Level 1:colcon.colcon_core.package_identification:_identify(src/mycobot320_moveit2/mycobot_moveit) by extensions ['ignore', 'ignore_ament_install']
[0.242s] Level 1:colcon.colcon_core.package_identification:_identify(src/mycobot320_moveit2/mycobot_moveit) by extension 'ignore'
[0.242s] Level 1:colcon.colcon_core.package_identification:_identify(src/mycobot320_moveit2/mycobot_moveit) by extension 'ignore_ament_install'
[0.242s] Level 1:colcon.colcon_core.package_identification:_identify(src/mycobot320_moveit2/mycobot_moveit) by extensions ['colcon_pkg']
[0.242s] Level 1:colcon.colcon_core.package_identification:_identify(src/mycobot320_moveit2/mycobot_moveit) by extension 'colcon_pkg'
[0.242s] Level 1:colcon.colcon_core.package_identification:_identify(src/mycobot320_moveit2/mycobot_moveit) by extensions ['colcon_meta']
[0.242s] Level 1:colcon.colcon_core.package_identification:_identify(src/mycobot320_moveit2/mycobot_moveit) by extension 'colcon_meta'
[0.242s] Level 1:colcon.colcon_core.package_identification:_identify(src/mycobot320_moveit2/mycobot_moveit) by extensions ['ros']
[0.242s] Level 1:colcon.colcon_core.package_identification:_identify(src/mycobot320_moveit2/mycobot_moveit) by extension 'ros'
[0.242s] DEBUG:colcon.colcon_core.package_identification:Package 'src/mycobot320_moveit2/mycobot_moveit' with type 'ros.ament_cmake' and name 'mycobot_moveit'
[0.242s] Level 1:colcon.colcon_core.package_identification:_identify(src/mycobot320_moveit2/mycobot_ros2_controll) by extensions ['ignore', 'ignore_ament_install']
[0.242s] Level 1:colcon.colcon_core.package_identification:_identify(src/mycobot320_moveit2/mycobot_ros2_controll) by extension 'ignore'
[0.242s] Level 1:colcon.colcon_core.package_identification:_identify(src/mycobot320_moveit2/mycobot_ros2_controll) by extension 'ignore_ament_install'
[0.242s] Level 1:colcon.colcon_core.package_identification:_identify(src/mycobot320_moveit2/mycobot_ros2_controll) by extensions ['colcon_pkg']
[0.242s] Level 1:colcon.colcon_core.package_identification:_identify(src/mycobot320_moveit2/mycobot_ros2_controll) by extension 'colcon_pkg'
[0.242s] Level 1:colcon.colcon_core.package_identification:_identify(src/mycobot320_moveit2/mycobot_ros2_controll) by extensions ['colcon_meta']
[0.242s] Level 1:colcon.colcon_core.package_identification:_identify(src/mycobot320_moveit2/mycobot_ros2_controll) by extension 'colcon_meta'
[0.242s] Level 1:colcon.colcon_core.package_identification:_identify(src/mycobot320_moveit2/mycobot_ros2_controll) by extensions ['ros']
[0.242s] Level 1:colcon.colcon_core.package_identification:_identify(src/mycobot320_moveit2/mycobot_ros2_controll) by extension 'ros'
[0.243s] DEBUG:colcon.colcon_core.package_identification:Package 'src/mycobot320_moveit2/mycobot_ros2_controll' with type 'ros.ament_python' and name 'mycobot_ros2_controll'
[0.243s] Level 1:colcon.colcon_core.package_identification:_identify(src/mycobot320_moveit2/mycobot_ros2_cpp_cnt) by extensions ['ignore', 'ignore_ament_install']
[0.243s] Level 1:colcon.colcon_core.package_identification:_identify(src/mycobot320_moveit2/mycobot_ros2_cpp_cnt) by extension 'ignore'
[0.243s] Level 1:colcon.colcon_core.package_identification:_identify(src/mycobot320_moveit2/mycobot_ros2_cpp_cnt) by extension 'ignore_ament_install'
[0.243s] Level 1:colcon.colcon_core.package_identification:_identify(src/mycobot320_moveit2/mycobot_ros2_cpp_cnt) by extensions ['colcon_pkg']
[0.243s] Level 1:colcon.colcon_core.package_identification:_identify(src/mycobot320_moveit2/mycobot_ros2_cpp_cnt) by extension 'colcon_pkg'
[0.243s] Level 1:colcon.colcon_core.package_identification:_identify(src/mycobot320_moveit2/mycobot_ros2_cpp_cnt) by extensions ['colcon_meta']
[0.243s] Level 1:colcon.colcon_core.package_identification:_identify(src/mycobot320_moveit2/mycobot_ros2_cpp_cnt) by extension 'colcon_meta'
[0.243s] Level 1:colcon.colcon_core.package_identification:_identify(src/mycobot320_moveit2/mycobot_ros2_cpp_cnt) by extensions ['ros']
[0.243s] Level 1:colcon.colcon_core.package_identification:_identify(src/mycobot320_moveit2/mycobot_ros2_cpp_cnt) by extension 'ros'
[0.244s] DEBUG:colcon.colcon_core.package_identification:Package 'src/mycobot320_moveit2/mycobot_ros2_cpp_cnt' with type 'ros.ament_cmake' and name 'mycobot_ros2_cpp_cnt'
[0.244s] Level 1:colcon.colcon_core.package_identification:_identify(src/mycobot320_moveit2/mycobot_with_gripper) by extensions ['ignore', 'ignore_ament_install']
[0.244s] Level 1:colcon.colcon_core.package_identification:_identify(src/mycobot320_moveit2/mycobot_with_gripper) by extension 'ignore'
[0.244s] Level 1:colcon.colcon_core.package_identification:_identify(src/mycobot320_moveit2/mycobot_with_gripper) by extension 'ignore_ament_install'
[0.244s] Level 1:colcon.colcon_core.package_identification:_identify(src/mycobot320_moveit2/mycobot_with_gripper) by extensions ['colcon_pkg']
[0.244s] Level 1:colcon.colcon_core.package_identification:_identify(src/mycobot320_moveit2/mycobot_with_gripper) by extension 'colcon_pkg'
[0.244s] Level 1:colcon.colcon_core.package_identification:_identify(src/mycobot320_moveit2/mycobot_with_gripper) by extensions ['colcon_meta']
[0.244s] Level 1:colcon.colcon_core.package_identification:_identify(src/mycobot320_moveit2/mycobot_with_gripper) by extension 'colcon_meta'
[0.244s] Level 1:colcon.colcon_core.package_identification:_identify(src/mycobot320_moveit2/mycobot_with_gripper) by extensions ['ros']
[0.244s] Level 1:colcon.colcon_core.package_identification:_identify(src/mycobot320_moveit2/mycobot_with_gripper) by extension 'ros'
[0.245s] DEBUG:colcon.colcon_core.package_identification:Package 'src/mycobot320_moveit2/mycobot_with_gripper' with type 'ros.ament_cmake' and name 'mycobot_with_gripper'
[0.245s] Level 1:colcon.colcon_core.package_discovery:discover_packages(recursive) using defaults
[0.245s] Level 1:colcon.colcon_core.package_discovery:discover_packages(ignore) discover
[0.245s] Level 1:colcon.colcon_core.package_discovery:discover_packages(ignore) using defaults
[0.245s] Level 1:colcon.colcon_core.package_discovery:discover_packages(path) discover
[0.245s] Level 1:colcon.colcon_core.package_discovery:discover_packages(path) using defaults
[0.264s] Level 1:colcon.colcon_core.package_discovery:discover_packages(prefix_path) check parameters
[0.264s] Level 1:colcon.colcon_core.package_discovery:discover_packages(prefix_path) discover
[0.266s] DEBUG:colcon.colcon_installed_package_information.package_discovery:Found 349 installed packages in /opt/ros/humble
[0.267s] Level 1:colcon.colcon_core.package_discovery:discover_packages(prefix_path) using defaults
[0.286s] Level 5:colcon.colcon_core.verb:set package 'hello_moveit' build argument 'cmake_args' from command line to 'None'
[0.286s] Level 5:colcon.colcon_core.verb:set package 'hello_moveit' build argument 'cmake_target' from command line to 'None'
[0.286s] Level 5:colcon.colcon_core.verb:set package 'hello_moveit' build argument 'cmake_target_skip_unavailable' from command line to 'False'
[0.286s] Level 5:colcon.colcon_core.verb:set package 'hello_moveit' build argument 'cmake_clean_cache' from command line to 'False'
[0.286s] Level 5:colcon.colcon_core.verb:set package 'hello_moveit' build argument 'cmake_clean_first' from command line to 'False'
[0.286s] Level 5:colcon.colcon_core.verb:set package 'hello_moveit' build argument 'cmake_force_configure' from command line to 'False'
[0.286s] Level 5:colcon.colcon_core.verb:set package 'hello_moveit' build argument 'ament_cmake_args' from command line to 'None'
[0.286s] Level 5:colcon.colcon_core.verb:set package 'hello_moveit' build argument 'catkin_cmake_args' from command line to 'None'
[0.286s] Level 5:colcon.colcon_core.verb:set package 'hello_moveit' build argument 'catkin_skip_building_tests' from command line to 'False'
[0.286s] DEBUG:colcon.colcon_core.verb:Building package 'hello_moveit' with the following arguments: {'ament_cmake_args': None, 'build_base': '/home/psy/2024.11.26.TurtleArm_Moveit/build/hello_moveit', 'catkin_cmake_args': None, 'catkin_skip_building_tests': False, 'cmake_args': None, 'cmake_clean_cache': False, 'cmake_clean_first': False, 'cmake_force_configure': False, 'cmake_target': None, 'cmake_target_skip_unavailable': False, 'install_base': '/home/psy/2024.11.26.TurtleArm_Moveit/install/hello_moveit', 'merge_install': False, 'path': '/home/psy/2024.11.26.TurtleArm_Moveit/src/mycobot320_moveit2/hello_moveit', 'symlink_install': False, 'test_result_base': None}
[0.287s] Level 5:colcon.colcon_core.verb:set package 'mycobot_interfaces' build argument 'cmake_args' from command line to 'None'
[0.287s] Level 5:colcon.colcon_core.verb:set package 'mycobot_interfaces' build argument 'cmake_target' from command line to 'None'
[0.287s] Level 5:colcon.colcon_core.verb:set package 'mycobot_interfaces' build argument 'cmake_target_skip_unavailable' from command line to 'False'
[0.287s] Level 5:colcon.colcon_core.verb:set package 'mycobot_interfaces' build argument 'cmake_clean_cache' from command line to 'False'
[0.287s] Level 5:colcon.colcon_core.verb:set package 'mycobot_interfaces' build argument 'cmake_clean_first' from command line to 'False'
[0.287s] Level 5:colcon.colcon_core.verb:set package 'mycobot_interfaces' build argument 'cmake_force_configure' from command line to 'False'
[0.287s] Level 5:colcon.colcon_core.verb:set package 'mycobot_interfaces' build argument 'ament_cmake_args' from command line to 'None'
[0.287s] Level 5:colcon.colcon_core.verb:set package 'mycobot_interfaces' build argument 'catkin_cmake_args' from command line to 'None'
[0.287s] Level 5:colcon.colcon_core.verb:set package 'mycobot_interfaces' build argument 'catkin_skip_building_tests' from command line to 'False'
[0.287s] DEBUG:colcon.colcon_core.verb:Building package 'mycobot_interfaces' with the following arguments: {'ament_cmake_args': None, 'build_base': '/home/psy/2024.11.26.TurtleArm_Moveit/build/mycobot_interfaces', 'catkin_cmake_args': None, 'catkin_skip_building_tests': False, 'cmake_args': None, 'cmake_clean_cache': False, 'cmake_clean_first': False, 'cmake_force_configure': False, 'cmake_target': None, 'cmake_target_skip_unavailable': False, 'install_base': '/home/psy/2024.11.26.TurtleArm_Moveit/install/mycobot_interfaces', 'merge_install': False, 'path': '/home/psy/2024.11.26.TurtleArm_Moveit/src/mycobot320_moveit2/mycobot_interfaces', 'symlink_install': False, 'test_result_base': None}
[0.287s] Level 5:colcon.colcon_core.verb:set package 'mycobot_moveit' build argument 'cmake_args' from command line to 'None'
[0.287s] Level 5:colcon.colcon_core.verb:set package 'mycobot_moveit' build argument 'cmake_target' from command line to 'None'
[0.287s] Level 5:colcon.colcon_core.verb:set package 'mycobot_moveit' build argument 'cmake_target_skip_unavailable' from command line to 'False'
[0.287s] Level 5:colcon.colcon_core.verb:set package 'mycobot_moveit' build argument 'cmake_clean_cache' from command line to 'False'
[0.287s] Level 5:colcon.colcon_core.verb:set package 'mycobot_moveit' build argument 'cmake_clean_first' from command line to 'False'
[0.287s] Level 5:colcon.colcon_core.verb:set package 'mycobot_moveit' build argument 'cmake_force_configure' from command line to 'False'
[0.287s] Level 5:colcon.colcon_core.verb:set package 'mycobot_moveit' build argument 'ament_cmake_args' from command line to 'None'
[0.287s] Level 5:colcon.colcon_core.verb:set package 'mycobot_moveit' build argument 'catkin_cmake_args' from command line to 'None'
[0.287s] Level 5:colcon.colcon_core.verb:set package 'mycobot_moveit' build argument 'catkin_skip_building_tests' from command line to 'False'
[0.287s] DEBUG:colcon.colcon_core.verb:Building package 'mycobot_moveit' with the following arguments: {'ament_cmake_args': None, 'build_base': '/home/psy/2024.11.26.TurtleArm_Moveit/build/mycobot_moveit', 'catkin_cmake_args': None, 'catkin_skip_building_tests': False, 'cmake_args': None, 'cmake_clean_cache': False, 'cmake_clean_first': False, 'cmake_force_configure': False, 'cmake_target': None, 'cmake_target_skip_unavailable': False, 'install_base': '/home/psy/2024.11.26.TurtleArm_Moveit/install/mycobot_moveit', 'merge_install': False, 'path': '/home/psy/2024.11.26.TurtleArm_Moveit/src/mycobot320_moveit2/mycobot_moveit', 'symlink_install': False, 'test_result_base': None}
[0.287s] Level 5:colcon.colcon_core.verb:set package 'mycobot_with_gripper' build argument 'cmake_args' from command line to 'None'
[0.287s] Level 5:colcon.colcon_core.verb:set package 'mycobot_with_gripper' build argument 'cmake_target' from command line to 'None'
[0.287s] Level 5:colcon.colcon_core.verb:set package 'mycobot_with_gripper' build argument 'cmake_target_skip_unavailable' from command line to 'False'
[0.287s] Level 5:colcon.colcon_core.verb:set package 'mycobot_with_gripper' build argument 'cmake_clean_cache' from command line to 'False'
[0.287s] Level 5:colcon.colcon_core.verb:set package 'mycobot_with_gripper' build argument 'cmake_clean_first' from command line to 'False'
[0.287s] Level 5:colcon.colcon_core.verb:set package 'mycobot_with_gripper' build argument 'cmake_force_configure' from command line to 'False'
[0.287s] Level 5:colcon.colcon_core.verb:set package 'mycobot_with_gripper' build argument 'ament_cmake_args' from command line to 'None'
[0.287s] Level 5:colcon.colcon_core.verb:set package 'mycobot_with_gripper' build argument 'catkin_cmake_args' from command line to 'None'
[0.287s] Level 5:colcon.colcon_core.verb:set package 'mycobot_with_gripper' build argument 'catkin_skip_building_tests' from command line to 'False'
[0.287s] DEBUG:colcon.colcon_core.verb:Building package 'mycobot_with_gripper' with the following arguments: {'ament_cmake_args': None, 'build_base': '/home/psy/2024.11.26.TurtleArm_Moveit/build/mycobot_with_gripper', 'catkin_cmake_args': None, 'catkin_skip_building_tests': False, 'cmake_args': None, 'cmake_clean_cache': False, 'cmake_clean_first': False, 'cmake_force_configure': False, 'cmake_target': None, 'cmake_target_skip_unavailable': False, 'install_base': '/home/psy/2024.11.26.TurtleArm_Moveit/install/mycobot_with_gripper', 'merge_install': False, 'path': '/home/psy/2024.11.26.TurtleArm_Moveit/src/mycobot320_moveit2/mycobot_with_gripper', 'symlink_install': False, 'test_result_base': None}
[0.287s] Level 5:colcon.colcon_core.verb:set package 'moveit_srdf' build argument 'cmake_args' from command line to 'None'
[0.287s] Level 5:colcon.colcon_core.verb:set package 'moveit_srdf' build argument 'cmake_target' from command line to 'None'
[0.287s] Level 5:colcon.colcon_core.verb:set package 'moveit_srdf' build argument 'cmake_target_skip_unavailable' from command line to 'False'
[0.287s] Level 5:colcon.colcon_core.verb:set package 'moveit_srdf' build argument 'cmake_clean_cache' from command line to 'False'
[0.287s] Level 5:colcon.colcon_core.verb:set package 'moveit_srdf' build argument 'cmake_clean_first' from command line to 'False'
[0.287s] Level 5:colcon.colcon_core.verb:set package 'moveit_srdf' build argument 'cmake_force_configure' from command line to 'False'
[0.287s] Level 5:colcon.colcon_core.verb:set package 'moveit_srdf' build argument 'ament_cmake_args' from command line to 'None'
[0.287s] Level 5:colcon.colcon_core.verb:set package 'moveit_srdf' build argument 'catkin_cmake_args' from command line to 'None'
[0.287s] Level 5:colcon.colcon_core.verb:set package 'moveit_srdf' build argument 'catkin_skip_building_tests' from command line to 'False'
[0.287s] DEBUG:colcon.colcon_core.verb:Building package 'moveit_srdf' with the following arguments: {'ament_cmake_args': None, 'build_base': '/home/psy/2024.11.26.TurtleArm_Moveit/build/moveit_srdf', 'catkin_cmake_args': None, 'catkin_skip_building_tests': False, 'cmake_args': None, 'cmake_clean_cache': False, 'cmake_clean_first': False, 'cmake_force_configure': False, 'cmake_target': None, 'cmake_target_skip_unavailable': False, 'install_base': '/home/psy/2024.11.26.TurtleArm_Moveit/install/moveit_srdf', 'merge_install': False, 'path': '/home/psy/2024.11.26.TurtleArm_Moveit/src/mycobot320_moveit2/moveit_srdf', 'symlink_install': False, 'test_result_base': None}
[0.288s] Level 5:colcon.colcon_core.verb:set package 'myarm_moveit' build argument 'cmake_args' from command line to 'None'
[0.288s] Level 5:colcon.colcon_core.verb:set package 'myarm_moveit' build argument 'cmake_target' from command line to 'None'
[0.288s] Level 5:colcon.colcon_core.verb:set package 'myarm_moveit' build argument 'cmake_target_skip_unavailable' from command line to 'False'
[0.288s] Level 5:colcon.colcon_core.verb:set package 'myarm_moveit' build argument 'cmake_clean_cache' from command line to 'False'
[0.288s] Level 5:colcon.colcon_core.verb:set package 'myarm_moveit' build argument 'cmake_clean_first' from command line to 'False'
[0.288s] Level 5:colcon.colcon_core.verb:set package 'myarm_moveit' build argument 'cmake_force_configure' from command line to 'False'
[0.288s] Level 5:colcon.colcon_core.verb:set package 'myarm_moveit' build argument 'ament_cmake_args' from command line to 'None'
[0.288s] Level 5:colcon.colcon_core.verb:set package 'myarm_moveit' build argument 'catkin_cmake_args' from command line to 'None'
[0.288s] Level 5:colcon.colcon_core.verb:set package 'myarm_moveit' build argument 'catkin_skip_building_tests' from command line to 'False'
[0.288s] DEBUG:colcon.colcon_core.verb:Building package 'myarm_moveit' with the following arguments: {'ament_cmake_args': None, 'build_base': '/home/psy/2024.11.26.TurtleArm_Moveit/build/myarm_moveit', 'catkin_cmake_args': None, 'catkin_skip_building_tests': False, 'cmake_args': None, 'cmake_clean_cache': False, 'cmake_clean_first': False, 'cmake_force_configure': False, 'cmake_target': None, 'cmake_target_skip_unavailable': False, 'install_base': '/home/psy/2024.11.26.TurtleArm_Moveit/install/myarm_moveit', 'merge_install': False, 'path': '/home/psy/2024.11.26.TurtleArm_Moveit/src/mycobot320_moveit2/myarm_moveit', 'symlink_install': False, 'test_result_base': None}
[0.288s] Level 5:colcon.colcon_core.verb:set package 'mycobot_ros2_controll' build argument 'cmake_args' from command line to 'None'
[0.288s] Level 5:colcon.colcon_core.verb:set package 'mycobot_ros2_controll' build argument 'cmake_target' from command line to 'None'
[0.288s] Level 5:colcon.colcon_core.verb:set package 'mycobot_ros2_controll' build argument 'cmake_target_skip_unavailable' from command line to 'False'
[0.288s] Level 5:colcon.colcon_core.verb:set package 'mycobot_ros2_controll' build argument 'cmake_clean_cache' from command line to 'False'
[0.288s] Level 5:colcon.colcon_core.verb:set package 'mycobot_ros2_controll' build argument 'cmake_clean_first' from command line to 'False'
[0.288s] Level 5:colcon.colcon_core.verb:set package 'mycobot_ros2_controll' build argument 'cmake_force_configure' from command line to 'False'
[0.288s] Level 5:colcon.colcon_core.verb:set package 'mycobot_ros2_controll' build argument 'ament_cmake_args' from command line to 'None'
[0.288s] Level 5:colcon.colcon_core.verb:set package 'mycobot_ros2_controll' build argument 'catkin_cmake_args' from command line to 'None'
[0.288s] Level 5:colcon.colcon_core.verb:set package 'mycobot_ros2_controll' build argument 'catkin_skip_building_tests' from command line to 'False'
[0.288s] DEBUG:colcon.colcon_core.verb:Building package 'mycobot_ros2_controll' with the following arguments: {'ament_cmake_args': None, 'build_base': '/home/psy/2024.11.26.TurtleArm_Moveit/build/mycobot_ros2_controll', 'catkin_cmake_args': None, 'catkin_skip_building_tests': False, 'cmake_args': None, 'cmake_clean_cache': False, 'cmake_clean_first': False, 'cmake_force_configure': False, 'cmake_target': None, 'cmake_target_skip_unavailable': False, 'install_base': '/home/psy/2024.11.26.TurtleArm_Moveit/install/mycobot_ros2_controll', 'merge_install': False, 'path': '/home/psy/2024.11.26.TurtleArm_Moveit/src/mycobot320_moveit2/mycobot_ros2_controll', 'symlink_install': False, 'test_result_base': None}
[0.288s] Level 5:colcon.colcon_core.verb:set package 'mycobot_ros2_cpp_cnt' build argument 'cmake_args' from command line to 'None'
[0.288s] Level 5:colcon.colcon_core.verb:set package 'mycobot_ros2_cpp_cnt' build argument 'cmake_target' from command line to 'None'
[0.288s] Level 5:colcon.colcon_core.verb:set package 'mycobot_ros2_cpp_cnt' build argument 'cmake_target_skip_unavailable' from command line to 'False'
[0.288s] Level 5:colcon.colcon_core.verb:set package 'mycobot_ros2_cpp_cnt' build argument 'cmake_clean_cache' from command line to 'False'
[0.288s] Level 5:colcon.colcon_core.verb:set package 'mycobot_ros2_cpp_cnt' build argument 'cmake_clean_first' from command line to 'False'
[0.288s] Level 5:colcon.colcon_core.verb:set package 'mycobot_ros2_cpp_cnt' build argument 'cmake_force_configure' from command line to 'False'
[0.288s] Level 5:colcon.colcon_core.verb:set package 'mycobot_ros2_cpp_cnt' build argument 'ament_cmake_args' from command line to 'None'
[0.288s] Level 5:colcon.colcon_core.verb:set package 'mycobot_ros2_cpp_cnt' build argument 'catkin_cmake_args' from command line to 'None'
[0.288s] Level 5:colcon.colcon_core.verb:set package 'mycobot_ros2_cpp_cnt' build argument 'catkin_skip_building_tests' from command line to 'False'
[0.288s] DEBUG:colcon.colcon_core.verb:Building package 'mycobot_ros2_cpp_cnt' with the following arguments: {'ament_cmake_args': None, 'build_base': '/home/psy/2024.11.26.TurtleArm_Moveit/build/mycobot_ros2_cpp_cnt', 'catkin_cmake_args': None, 'catkin_skip_building_tests': False, 'cmake_args': None, 'cmake_clean_cache': False, 'cmake_clean_first': False, 'cmake_force_configure': False, 'cmake_target': None, 'cmake_target_skip_unavailable': False, 'install_base': '/home/psy/2024.11.26.TurtleArm_Moveit/install/mycobot_ros2_cpp_cnt', 'merge_install': False, 'path': '/home/psy/2024.11.26.TurtleArm_Moveit/src/mycobot320_moveit2/mycobot_ros2_cpp_cnt', 'symlink_install': False, 'test_result_base': None}
[0.288s] INFO:colcon.colcon_core.executor:Executing jobs using 'parallel' executor
[0.289s] DEBUG:colcon.colcon_parallel_executor.executor.parallel:run_until_complete
[0.289s] INFO:colcon.colcon_ros.task.ament_cmake.build:Building ROS package in '/home/psy/2024.11.26.TurtleArm_Moveit/src/mycobot320_moveit2/mycobot_interfaces' with build type 'ament_cmake'
[0.289s] INFO:colcon.colcon_cmake.task.cmake.build:Building CMake package in '/home/psy/2024.11.26.TurtleArm_Moveit/src/mycobot320_moveit2/mycobot_interfaces'
[0.291s] INFO:colcon.colcon_core.plugin_system:Skipping extension 'colcon_core.shell.bat': Not used on non-Windows systems
[0.291s] INFO:colcon.colcon_core.shell:Skip shell extension 'powershell' for command environment: Not usable outside of PowerShell
[0.291s] DEBUG:colcon.colcon_core.shell:Skip shell extension 'dsv' for command environment
[0.292s] INFO:colcon.colcon_ros.task.ament_cmake.build:Building ROS package in '/home/psy/2024.11.26.TurtleArm_Moveit/src/mycobot320_moveit2/mycobot_moveit' with build type 'ament_cmake'
[0.292s] INFO:colcon.colcon_cmake.task.cmake.build:Building CMake package in '/home/psy/2024.11.26.TurtleArm_Moveit/src/mycobot320_moveit2/mycobot_moveit'
[0.293s] INFO:colcon.colcon_core.shell:Skip shell extension 'powershell' for command environment: Not usable outside of PowerShell
[0.293s] DEBUG:colcon.colcon_core.shell:Skip shell extension 'dsv' for command environment
[0.294s] INFO:colcon.colcon_ros.task.ament_cmake.build:Building ROS package in '/home/psy/2024.11.26.TurtleArm_Moveit/src/mycobot320_moveit2/mycobot_with_gripper' with build type 'ament_cmake'
[0.294s] INFO:colcon.colcon_cmake.task.cmake.build:Building CMake package in '/home/psy/2024.11.26.TurtleArm_Moveit/src/mycobot320_moveit2/mycobot_with_gripper'
[0.294s] INFO:colcon.colcon_core.shell:Skip shell extension 'powershell' for command environment: Not usable outside of PowerShell
[0.294s] DEBUG:colcon.colcon_core.shell:Skip shell extension 'dsv' for command environment
[0.295s] INFO:colcon.colcon_ros.task.ament_cmake.build:Building ROS package in '/home/psy/2024.11.26.TurtleArm_Moveit/src/mycobot320_moveit2/hello_moveit' with build type 'ament_cmake'
[0.295s] INFO:colcon.colcon_cmake.task.cmake.build:Building CMake package in '/home/psy/2024.11.26.TurtleArm_Moveit/src/mycobot320_moveit2/hello_moveit'
[0.296s] INFO:colcon.colcon_core.shell:Skip shell extension 'powershell' for command environment: Not usable outside of PowerShell
[0.296s] DEBUG:colcon.colcon_core.shell:Skip shell extension 'dsv' for command environment
[0.299s] DEBUG:colcon.colcon_core.event_handler.log_command:Invoking command in '/home/psy/2024.11.26.TurtleArm_Moveit/build/mycobot_interfaces': CMAKE_PREFIX_PATH=/opt/ros/humble /usr/bin/cmake --build /home/psy/2024.11.26.TurtleArm_Moveit/build/mycobot_interfaces -- -j20 -l20
[0.302s] DEBUG:colcon.colcon_core.event_handler.log_command:Invoking command in '/home/psy/2024.11.26.TurtleArm_Moveit/build/mycobot_moveit': CMAKE_PREFIX_PATH=/opt/ros/humble /usr/bin/cmake --build /home/psy/2024.11.26.TurtleArm_Moveit/build/mycobot_moveit -- -j20 -l20
[0.303s] DEBUG:colcon.colcon_core.event_handler.log_command:Invoking command in '/home/psy/2024.11.26.TurtleArm_Moveit/build/mycobot_with_gripper': CMAKE_PREFIX_PATH=/opt/ros/humble /usr/bin/cmake --build /home/psy/2024.11.26.TurtleArm_Moveit/build/mycobot_with_gripper -- -j20 -l20
[0.306s] DEBUG:colcon.colcon_core.event_handler.log_command:Invoking command in '/home/psy/2024.11.26.TurtleArm_Moveit/build/hello_moveit': CMAKE_PREFIX_PATH=/opt/ros/humble /usr/bin/cmake --build /home/psy/2024.11.26.TurtleArm_Moveit/build/hello_moveit -- -j20 -l20
[0.337s] DEBUG:colcon.colcon_core.event_handler.log_command:Invoked command in '/home/psy/2024.11.26.TurtleArm_Moveit/build/mycobot_with_gripper' returned '0': CMAKE_PREFIX_PATH=/opt/ros/humble /usr/bin/cmake --build /home/psy/2024.11.26.TurtleArm_Moveit/build/mycobot_with_gripper -- -j20 -l20
[0.339s] DEBUG:colcon.colcon_core.event_handler.log_command:Invoked command in '/home/psy/2024.11.26.TurtleArm_Moveit/build/mycobot_moveit' returned '0': CMAKE_PREFIX_PATH=/opt/ros/humble /usr/bin/cmake --build /home/psy/2024.11.26.TurtleArm_Moveit/build/mycobot_moveit -- -j20 -l20
[0.376s] DEBUG:colcon.colcon_core.event_handler.log_command:Invoking command in '/home/psy/2024.11.26.TurtleArm_Moveit/build/mycobot_with_gripper': CMAKE_PREFIX_PATH=/opt/ros/humble /usr/bin/cmake --install /home/psy/2024.11.26.TurtleArm_Moveit/build/mycobot_with_gripper
[0.381s] DEBUG:colcon.colcon_core.event_handler.log_command:Invoking command in '/home/psy/2024.11.26.TurtleArm_Moveit/build/mycobot_moveit': CMAKE_PREFIX_PATH=/opt/ros/humble /usr/bin/cmake --install /home/psy/2024.11.26.TurtleArm_Moveit/build/mycobot_moveit
[0.392s] Level 1:colcon.colcon_core.environment:create_environment_scripts_only(mycobot_moveit)
[0.404s] DEBUG:colcon.colcon_core.event_handler.log_command:Invoked command in '/home/psy/2024.11.26.TurtleArm_Moveit/build/mycobot_moveit' returned '0': CMAKE_PREFIX_PATH=/opt/ros/humble /usr/bin/cmake --install /home/psy/2024.11.26.TurtleArm_Moveit/build/mycobot_moveit
[0.405s] Level 1:colcon.colcon_core.environment:checking '/home/psy/2024.11.26.TurtleArm_Moveit/install/mycobot_moveit' for CMake module files
[0.405s] Level 1:colcon.colcon_core.environment:checking '/home/psy/2024.11.26.TurtleArm_Moveit/install/mycobot_moveit' for CMake config files
[0.406s] Level 1:colcon.colcon_core.shell:create_environment_hook('mycobot_moveit', 'cmake_prefix_path')
[0.406s] INFO:colcon.colcon_core.shell:Creating environment hook '/home/psy/2024.11.26.TurtleArm_Moveit/install/mycobot_moveit/share/mycobot_moveit/hook/cmake_prefix_path.ps1'
[0.407s] INFO:colcon.colcon_core.shell:Creating environment descriptor '/home/psy/2024.11.26.TurtleArm_Moveit/install/mycobot_moveit/share/mycobot_moveit/hook/cmake_prefix_path.dsv'
[0.407s] INFO:colcon.colcon_core.shell:Creating environment hook '/home/psy/2024.11.26.TurtleArm_Moveit/install/mycobot_moveit/share/mycobot_moveit/hook/cmake_prefix_path.sh'
[0.408s] Level 1:colcon.colcon_core.environment:checking '/home/psy/2024.11.26.TurtleArm_Moveit/install/mycobot_moveit/bin'
[0.408s] Level 1:colcon.colcon_core.environment:checking '/home/psy/2024.11.26.TurtleArm_Moveit/install/mycobot_moveit/lib/pkgconfig/mycobot_moveit.pc'
[0.408s] Level 1:colcon.colcon_core.environment:checking '/home/psy/2024.11.26.TurtleArm_Moveit/install/mycobot_moveit/lib/python3.10/site-packages'
[0.408s] Level 1:colcon.colcon_core.environment:checking '/home/psy/2024.11.26.TurtleArm_Moveit/install/mycobot_moveit/bin'
[0.408s] INFO:colcon.colcon_core.shell:Creating package script '/home/psy/2024.11.26.TurtleArm_Moveit/install/mycobot_moveit/share/mycobot_moveit/package.ps1'
[0.409s] INFO:colcon.colcon_core.shell:Creating package descriptor '/home/psy/2024.11.26.TurtleArm_Moveit/install/mycobot_moveit/share/mycobot_moveit/package.dsv'
[0.410s] INFO:colcon.colcon_core.shell:Creating package script '/home/psy/2024.11.26.TurtleArm_Moveit/install/mycobot_moveit/share/mycobot_moveit/package.sh'
[0.410s] INFO:colcon.colcon_core.shell:Creating package script '/home/psy/2024.11.26.TurtleArm_Moveit/install/mycobot_moveit/share/mycobot_moveit/package.bash'
[0.411s] INFO:colcon.colcon_core.shell:Creating package script '/home/psy/2024.11.26.TurtleArm_Moveit/install/mycobot_moveit/share/mycobot_moveit/package.zsh'
[0.412s] Level 1:colcon.colcon_core.environment:create_file_with_runtime_dependencies(/home/psy/2024.11.26.TurtleArm_Moveit/install/mycobot_moveit/share/colcon-core/packages/mycobot_moveit)
[0.414s] Level 1:colcon.colcon_core.environment:create_environment_scripts_only(mycobot_with_gripper)
[0.414s] Level 1:colcon.colcon_core.environment:checking '/home/psy/2024.11.26.TurtleArm_Moveit/install/mycobot_with_gripper' for CMake module files
[0.414s] DEBUG:colcon.colcon_core.event_handler.log_command:Invoked command in '/home/psy/2024.11.26.TurtleArm_Moveit/build/mycobot_with_gripper' returned '0': CMAKE_PREFIX_PATH=/opt/ros/humble /usr/bin/cmake --install /home/psy/2024.11.26.TurtleArm_Moveit/build/mycobot_with_gripper
[0.415s] Level 1:colcon.colcon_core.environment:checking '/home/psy/2024.11.26.TurtleArm_Moveit/install/mycobot_with_gripper' for CMake config files
[0.415s] Level 1:colcon.colcon_core.shell:create_environment_hook('mycobot_with_gripper', 'cmake_prefix_path')
[0.415s] INFO:colcon.colcon_core.shell:Creating environment hook '/home/psy/2024.11.26.TurtleArm_Moveit/install/mycobot_with_gripper/share/mycobot_with_gripper/hook/cmake_prefix_path.ps1'
[0.415s] INFO:colcon.colcon_core.shell:Creating environment descriptor '/home/psy/2024.11.26.TurtleArm_Moveit/install/mycobot_with_gripper/share/mycobot_with_gripper/hook/cmake_prefix_path.dsv'
[0.416s] INFO:colcon.colcon_core.shell:Creating environment hook '/home/psy/2024.11.26.TurtleArm_Moveit/install/mycobot_with_gripper/share/mycobot_with_gripper/hook/cmake_prefix_path.sh'
[0.416s] Level 1:colcon.colcon_core.environment:checking '/home/psy/2024.11.26.TurtleArm_Moveit/install/mycobot_with_gripper/bin'
[0.416s] Level 1:colcon.colcon_core.environment:checking '/home/psy/2024.11.26.TurtleArm_Moveit/install/mycobot_with_gripper/lib/pkgconfig/mycobot_with_gripper.pc'
[0.416s] Level 1:colcon.colcon_core.environment:checking '/home/psy/2024.11.26.TurtleArm_Moveit/install/mycobot_with_gripper/lib/python3.10/site-packages'
[0.416s] Level 1:colcon.colcon_core.environment:checking '/home/psy/2024.11.26.TurtleArm_Moveit/install/mycobot_with_gripper/bin'
[0.417s] INFO:colcon.colcon_core.shell:Creating package script '/home/psy/2024.11.26.TurtleArm_Moveit/install/mycobot_with_gripper/share/mycobot_with_gripper/package.ps1'
[0.417s] INFO:colcon.colcon_core.shell:Creating package descriptor '/home/psy/2024.11.26.TurtleArm_Moveit/install/mycobot_with_gripper/share/mycobot_with_gripper/package.dsv'
[0.417s] INFO:colcon.colcon_core.shell:Creating package script '/home/psy/2024.11.26.TurtleArm_Moveit/install/mycobot_with_gripper/share/mycobot_with_gripper/package.sh'
[0.417s] INFO:colcon.colcon_core.shell:Creating package script '/home/psy/2024.11.26.TurtleArm_Moveit/install/mycobot_with_gripper/share/mycobot_with_gripper/package.bash'
[0.417s] INFO:colcon.colcon_core.shell:Creating package script '/home/psy/2024.11.26.TurtleArm_Moveit/install/mycobot_with_gripper/share/mycobot_with_gripper/package.zsh'
[0.417s] Level 1:colcon.colcon_core.environment:create_file_with_runtime_dependencies(/home/psy/2024.11.26.TurtleArm_Moveit/install/mycobot_with_gripper/share/colcon-core/packages/mycobot_with_gripper)
[0.419s] DEBUG:colcon.colcon_core.event_handler.log_command:Invoked command in '/home/psy/2024.11.26.TurtleArm_Moveit/build/hello_moveit' returned '0': CMAKE_PREFIX_PATH=/opt/ros/humble /usr/bin/cmake --build /home/psy/2024.11.26.TurtleArm_Moveit/build/hello_moveit -- -j20 -l20
[0.427s] Level 1:colcon.colcon_core.environment:create_environment_scripts_only(mycobot_moveit)
[0.428s] Level 1:colcon.colcon_core.environment:checking '/home/psy/2024.11.26.TurtleArm_Moveit/install/mycobot_moveit' for CMake module files
[0.428s] Level 1:colcon.colcon_core.environment:checking '/home/psy/2024.11.26.TurtleArm_Moveit/install/mycobot_moveit' for CMake config files
[0.428s] Level 1:colcon.colcon_core.shell:create_environment_hook('mycobot_moveit', 'cmake_prefix_path')
[0.428s] INFO:colcon.colcon_core.shell:Creating environment hook '/home/psy/2024.11.26.TurtleArm_Moveit/install/mycobot_moveit/share/mycobot_moveit/hook/cmake_prefix_path.ps1'
[0.428s] INFO:colcon.colcon_core.shell:Creating environment descriptor '/home/psy/2024.11.26.TurtleArm_Moveit/install/mycobot_moveit/share/mycobot_moveit/hook/cmake_prefix_path.dsv'
[0.428s] INFO:colcon.colcon_core.shell:Creating environment hook '/home/psy/2024.11.26.TurtleArm_Moveit/install/mycobot_moveit/share/mycobot_moveit/hook/cmake_prefix_path.sh'
[0.429s] Level 1:colcon.colcon_core.environment:checking '/home/psy/2024.11.26.TurtleArm_Moveit/install/mycobot_moveit/bin'
[0.429s] Level 1:colcon.colcon_core.environment:checking '/home/psy/2024.11.26.TurtleArm_Moveit/install/mycobot_moveit/lib/pkgconfig/mycobot_moveit.pc'
[0.429s] Level 1:colcon.colcon_core.environment:checking '/home/psy/2024.11.26.TurtleArm_Moveit/install/mycobot_moveit/lib/python3.10/site-packages'
[0.429s] Level 1:colcon.colcon_core.environment:checking '/home/psy/2024.11.26.TurtleArm_Moveit/install/mycobot_moveit/bin'
[0.429s] INFO:colcon.colcon_core.shell:Creating package script '/home/psy/2024.11.26.TurtleArm_Moveit/install/mycobot_moveit/share/mycobot_moveit/package.ps1'
[0.429s] INFO:colcon.colcon_core.shell:Creating package descriptor '/home/psy/2024.11.26.TurtleArm_Moveit/install/mycobot_moveit/share/mycobot_moveit/package.dsv'
[0.430s] INFO:colcon.colcon_core.shell:Creating package script '/home/psy/2024.11.26.TurtleArm_Moveit/install/mycobot_moveit/share/mycobot_moveit/package.sh'
[0.430s] INFO:colcon.colcon_core.shell:Creating package script '/home/psy/2024.11.26.TurtleArm_Moveit/install/mycobot_moveit/share/mycobot_moveit/package.bash'
[0.430s] INFO:colcon.colcon_core.shell:Creating package script '/home/psy/2024.11.26.TurtleArm_Moveit/install/mycobot_moveit/share/mycobot_moveit/package.zsh'
[0.430s] Level 1:colcon.colcon_core.environment:create_file_with_runtime_dependencies(/home/psy/2024.11.26.TurtleArm_Moveit/install/mycobot_moveit/share/colcon-core/packages/mycobot_moveit)
[0.431s] INFO:colcon.colcon_ros.task.ament_cmake.build:Building ROS package in '/home/psy/2024.11.26.TurtleArm_Moveit/src/mycobot320_moveit2/moveit_srdf' with build type 'ament_cmake'
[0.431s] INFO:colcon.colcon_cmake.task.cmake.build:Building CMake package in '/home/psy/2024.11.26.TurtleArm_Moveit/src/mycobot320_moveit2/moveit_srdf'
[0.431s] INFO:colcon.colcon_core.shell:Skip shell extension 'powershell' for command environment: Not usable outside of PowerShell
[0.431s] DEBUG:colcon.colcon_core.shell:Skip shell extension 'dsv' for command environment
[0.432s] INFO:colcon.colcon_ros.task.ament_cmake.build:Building ROS package in '/home/psy/2024.11.26.TurtleArm_Moveit/src/mycobot320_moveit2/myarm_moveit' with build type 'ament_cmake'
[0.432s] INFO:colcon.colcon_cmake.task.cmake.build:Building CMake package in '/home/psy/2024.11.26.TurtleArm_Moveit/src/mycobot320_moveit2/myarm_moveit'
[0.432s] INFO:colcon.colcon_core.shell:Skip shell extension 'powershell' for command environment: Not usable outside of PowerShell
[0.432s] DEBUG:colcon.colcon_core.shell:Skip shell extension 'dsv' for command environment
[0.434s] Level 1:colcon.colcon_core.environment:create_environment_scripts_only(mycobot_with_gripper)
[0.434s] Level 1:colcon.colcon_core.environment:checking '/home/psy/2024.11.26.TurtleArm_Moveit/install/mycobot_with_gripper' for CMake module files
[0.434s] Level 1:colcon.colcon_core.environment:checking '/home/psy/2024.11.26.TurtleArm_Moveit/install/mycobot_with_gripper' for CMake config files
[0.435s] Level 1:colcon.colcon_core.shell:create_environment_hook('mycobot_with_gripper', 'cmake_prefix_path')
[0.435s] INFO:colcon.colcon_core.shell:Creating environment hook '/home/psy/2024.11.26.TurtleArm_Moveit/install/mycobot_with_gripper/share/mycobot_with_gripper/hook/cmake_prefix_path.ps1'
[0.435s] INFO:colcon.colcon_core.shell:Creating environment descriptor '/home/psy/2024.11.26.TurtleArm_Moveit/install/mycobot_with_gripper/share/mycobot_with_gripper/hook/cmake_prefix_path.dsv'
[0.435s] INFO:colcon.colcon_core.shell:Creating environment hook '/home/psy/2024.11.26.TurtleArm_Moveit/install/mycobot_with_gripper/share/mycobot_with_gripper/hook/cmake_prefix_path.sh'
[0.435s] Level 1:colcon.colcon_core.environment:checking '/home/psy/2024.11.26.TurtleArm_Moveit/install/mycobot_with_gripper/bin'
[0.435s] Level 1:colcon.colcon_core.environment:checking '/home/psy/2024.11.26.TurtleArm_Moveit/install/mycobot_with_gripper/lib/pkgconfig/mycobot_with_gripper.pc'
[0.435s] Level 1:colcon.colcon_core.environment:checking '/home/psy/2024.11.26.TurtleArm_Moveit/install/mycobot_with_gripper/lib/python3.10/site-packages'
[0.436s] Level 1:colcon.colcon_core.environment:checking '/home/psy/2024.11.26.TurtleArm_Moveit/install/mycobot_with_gripper/bin'
[0.436s] INFO:colcon.colcon_core.shell:Creating package script '/home/psy/2024.11.26.TurtleArm_Moveit/install/mycobot_with_gripper/share/mycobot_with_gripper/package.ps1'
[0.436s] INFO:colcon.colcon_core.shell:Creating package descriptor '/home/psy/2024.11.26.TurtleArm_Moveit/install/mycobot_with_gripper/share/mycobot_with_gripper/package.dsv'
[0.436s] INFO:colcon.colcon_core.shell:Creating package script '/home/psy/2024.11.26.TurtleArm_Moveit/install/mycobot_with_gripper/share/mycobot_with_gripper/package.sh'
[0.436s] INFO:colcon.colcon_core.shell:Creating package script '/home/psy/2024.11.26.TurtleArm_Moveit/install/mycobot_with_gripper/share/mycobot_with_gripper/package.bash'
[0.437s] INFO:colcon.colcon_core.shell:Creating package script '/home/psy/2024.11.26.TurtleArm_Moveit/install/mycobot_with_gripper/share/mycobot_with_gripper/package.zsh'
[0.437s] Level 1:colcon.colcon_core.environment:create_file_with_runtime_dependencies(/home/psy/2024.11.26.TurtleArm_Moveit/install/mycobot_with_gripper/share/colcon-core/packages/mycobot_with_gripper)
[0.439s] DEBUG:colcon.colcon_core.event_handler.log_command:Invoking command in '/home/psy/2024.11.26.TurtleArm_Moveit/build/moveit_srdf': AMENT_PREFIX_PATH=/home/psy/2024.11.26.TurtleArm_Moveit/install/mycobot_moveit:${AMENT_PREFIX_PATH} CMAKE_PREFIX_PATH=/home/psy/2024.11.26.TurtleArm_Moveit/install/mycobot_moveit:/opt/ros/humble /usr/bin/cmake --build /home/psy/2024.11.26.TurtleArm_Moveit/build/moveit_srdf -- -j20 -l20
[0.442s] DEBUG:colcon.colcon_core.event_handler.log_command:Invoking command in '/home/psy/2024.11.26.TurtleArm_Moveit/build/myarm_moveit': AMENT_PREFIX_PATH=/home/psy/2024.11.26.TurtleArm_Moveit/install/mycobot_moveit:${AMENT_PREFIX_PATH} CMAKE_PREFIX_PATH=/home/psy/2024.11.26.TurtleArm_Moveit/install/mycobot_moveit:/opt/ros/humble /usr/bin/cmake --build /home/psy/2024.11.26.TurtleArm_Moveit/build/myarm_moveit -- -j20 -l20
[0.443s] DEBUG:colcon.colcon_core.event_handler.log_command:Invoking command in '/home/psy/2024.11.26.TurtleArm_Moveit/build/hello_moveit': CMAKE_PREFIX_PATH=/opt/ros/humble /usr/bin/cmake --install /home/psy/2024.11.26.TurtleArm_Moveit/build/hello_moveit
[0.451s] Level 1:colcon.colcon_core.environment:create_environment_scripts_only(hello_moveit)
[0.452s] Level 1:colcon.colcon_core.environment:checking '/home/psy/2024.11.26.TurtleArm_Moveit/install/hello_moveit' for CMake module files
[0.452s] DEBUG:colcon.colcon_core.event_handler.log_command:Invoked command in '/home/psy/2024.11.26.TurtleArm_Moveit/build/hello_moveit' returned '0': CMAKE_PREFIX_PATH=/opt/ros/humble /usr/bin/cmake --install /home/psy/2024.11.26.TurtleArm_Moveit/build/hello_moveit
[0.452s] Level 1:colcon.colcon_core.environment:checking '/home/psy/2024.11.26.TurtleArm_Moveit/install/hello_moveit' for CMake config files
[0.453s] Level 1:colcon.colcon_core.shell:create_environment_hook('hello_moveit', 'cmake_prefix_path')
[0.453s] INFO:colcon.colcon_core.shell:Creating environment hook '/home/psy/2024.11.26.TurtleArm_Moveit/install/hello_moveit/share/hello_moveit/hook/cmake_prefix_path.ps1'
[0.453s] INFO:colcon.colcon_core.shell:Creating environment descriptor '/home/psy/2024.11.26.TurtleArm_Moveit/install/hello_moveit/share/hello_moveit/hook/cmake_prefix_path.dsv'
[0.454s] INFO:colcon.colcon_core.shell:Creating environment hook '/home/psy/2024.11.26.TurtleArm_Moveit/install/hello_moveit/share/hello_moveit/hook/cmake_prefix_path.sh'
[0.454s] Level 1:colcon.colcon_core.environment:checking '/home/psy/2024.11.26.TurtleArm_Moveit/install/hello_moveit/lib'
[0.454s] Level 1:colcon.colcon_core.environment:checking '/home/psy/2024.11.26.TurtleArm_Moveit/install/hello_moveit/bin'
[0.454s] Level 1:colcon.colcon_core.environment:checking '/home/psy/2024.11.26.TurtleArm_Moveit/install/hello_moveit/lib/pkgconfig/hello_moveit.pc'
[0.455s] Level 1:colcon.colcon_core.environment:checking '/home/psy/2024.11.26.TurtleArm_Moveit/install/hello_moveit/lib/python3.10/site-packages'
[0.455s] Level 1:colcon.colcon_core.environment:checking '/home/psy/2024.11.26.TurtleArm_Moveit/install/hello_moveit/bin'
[0.455s] INFO:colcon.colcon_core.shell:Creating package script '/home/psy/2024.11.26.TurtleArm_Moveit/install/hello_moveit/share/hello_moveit/package.ps1'
[0.455s] INFO:colcon.colcon_core.shell:Creating package descriptor '/home/psy/2024.11.26.TurtleArm_Moveit/install/hello_moveit/share/hello_moveit/package.dsv'
[0.456s] INFO:colcon.colcon_core.shell:Creating package script '/home/psy/2024.11.26.TurtleArm_Moveit/install/hello_moveit/share/hello_moveit/package.sh'
[0.456s] INFO:colcon.colcon_core.shell:Creating package script '/home/psy/2024.11.26.TurtleArm_Moveit/install/hello_moveit/share/hello_moveit/package.bash'
[0.456s] INFO:colcon.colcon_core.shell:Creating package script '/home/psy/2024.11.26.TurtleArm_Moveit/install/hello_moveit/share/hello_moveit/package.zsh'
[0.456s] Level 1:colcon.colcon_core.environment:create_file_with_runtime_dependencies(/home/psy/2024.11.26.TurtleArm_Moveit/install/hello_moveit/share/colcon-core/packages/hello_moveit)
[0.460s] DEBUG:colcon.colcon_core.event_handler.log_command:Invoked command in '/home/psy/2024.11.26.TurtleArm_Moveit/build/moveit_srdf' returned '0': AMENT_PREFIX_PATH=/home/psy/2024.11.26.TurtleArm_Moveit/install/mycobot_moveit:${AMENT_PREFIX_PATH} CMAKE_PREFIX_PATH=/home/psy/2024.11.26.TurtleArm_Moveit/install/mycobot_moveit:/opt/ros/humble /usr/bin/cmake --build /home/psy/2024.11.26.TurtleArm_Moveit/build/moveit_srdf -- -j20 -l20
[0.464s] DEBUG:colcon.colcon_core.event_handler.log_command:Invoked command in '/home/psy/2024.11.26.TurtleArm_Moveit/build/myarm_moveit' returned '0': AMENT_PREFIX_PATH=/home/psy/2024.11.26.TurtleArm_Moveit/install/mycobot_moveit:${AMENT_PREFIX_PATH} CMAKE_PREFIX_PATH=/home/psy/2024.11.26.TurtleArm_Moveit/install/mycobot_moveit:/opt/ros/humble /usr/bin/cmake --build /home/psy/2024.11.26.TurtleArm_Moveit/build/myarm_moveit -- -j20 -l20
[0.473s] DEBUG:colcon.colcon_core.event_handler.log_command:Invoking command in '/home/psy/2024.11.26.TurtleArm_Moveit/build/moveit_srdf': AMENT_PREFIX_PATH=/home/psy/2024.11.26.TurtleArm_Moveit/install/mycobot_moveit:${AMENT_PREFIX_PATH} CMAKE_PREFIX_PATH=/home/psy/2024.11.26.TurtleArm_Moveit/install/mycobot_moveit:/opt/ros/humble /usr/bin/cmake --install /home/psy/2024.11.26.TurtleArm_Moveit/build/moveit_srdf
[0.480s] Level 1:colcon.colcon_core.environment:create_environment_scripts_only(moveit_srdf)
[0.480s] Level 1:colcon.colcon_core.environment:checking '/home/psy/2024.11.26.TurtleArm_Moveit/install/moveit_srdf' for CMake module files
[0.481s] DEBUG:colcon.colcon_core.event_handler.log_command:Invoked command in '/home/psy/2024.11.26.TurtleArm_Moveit/build/moveit_srdf' returned '0': AMENT_PREFIX_PATH=/home/psy/2024.11.26.TurtleArm_Moveit/install/mycobot_moveit:${AMENT_PREFIX_PATH} CMAKE_PREFIX_PATH=/home/psy/2024.11.26.TurtleArm_Moveit/install/mycobot_moveit:/opt/ros/humble /usr/bin/cmake --install /home/psy/2024.11.26.TurtleArm_Moveit/build/moveit_srdf
[0.481s] Level 1:colcon.colcon_core.environment:checking '/home/psy/2024.11.26.TurtleArm_Moveit/install/moveit_srdf' for CMake config files
[0.482s] Level 1:colcon.colcon_core.shell:create_environment_hook('moveit_srdf', 'cmake_prefix_path')
[0.482s] INFO:colcon.colcon_core.shell:Creating environment hook '/home/psy/2024.11.26.TurtleArm_Moveit/install/moveit_srdf/share/moveit_srdf/hook/cmake_prefix_path.ps1'
[0.482s] INFO:colcon.colcon_core.shell:Creating environment descriptor '/home/psy/2024.11.26.TurtleArm_Moveit/install/moveit_srdf/share/moveit_srdf/hook/cmake_prefix_path.dsv'
[0.483s] INFO:colcon.colcon_core.shell:Creating environment hook '/home/psy/2024.11.26.TurtleArm_Moveit/install/moveit_srdf/share/moveit_srdf/hook/cmake_prefix_path.sh'
[0.483s] Level 1:colcon.colcon_core.environment:checking '/home/psy/2024.11.26.TurtleArm_Moveit/install/moveit_srdf/bin'
[0.483s] Level 1:colcon.colcon_core.environment:checking '/home/psy/2024.11.26.TurtleArm_Moveit/install/moveit_srdf/lib/pkgconfig/moveit_srdf.pc'
[0.483s] Level 1:colcon.colcon_core.environment:checking '/home/psy/2024.11.26.TurtleArm_Moveit/install/moveit_srdf/lib/python3.10/site-packages'
[0.483s] Level 1:colcon.colcon_core.environment:checking '/home/psy/2024.11.26.TurtleArm_Moveit/install/moveit_srdf/bin'
[0.483s] INFO:colcon.colcon_core.shell:Creating package script '/home/psy/2024.11.26.TurtleArm_Moveit/install/moveit_srdf/share/moveit_srdf/package.ps1'
[0.483s] INFO:colcon.colcon_core.shell:Creating package descriptor '/home/psy/2024.11.26.TurtleArm_Moveit/install/moveit_srdf/share/moveit_srdf/package.dsv'
[0.484s] INFO:colcon.colcon_core.shell:Creating package script '/home/psy/2024.11.26.TurtleArm_Moveit/install/moveit_srdf/share/moveit_srdf/package.sh'
[0.484s] INFO:colcon.colcon_core.shell:Creating package script '/home/psy/2024.11.26.TurtleArm_Moveit/install/moveit_srdf/share/moveit_srdf/package.bash'
[0.484s] INFO:colcon.colcon_core.shell:Creating package script '/home/psy/2024.11.26.TurtleArm_Moveit/install/moveit_srdf/share/moveit_srdf/package.zsh'
[0.484s] Level 1:colcon.colcon_core.environment:create_file_with_runtime_dependencies(/home/psy/2024.11.26.TurtleArm_Moveit/install/moveit_srdf/share/colcon-core/packages/moveit_srdf)
[0.485s] Level 1:colcon.colcon_core.environment:create_environment_scripts_only(hello_moveit)
[0.486s] Level 1:colcon.colcon_core.environment:checking '/home/psy/2024.11.26.TurtleArm_Moveit/install/hello_moveit' for CMake module files
[0.486s] DEBUG:colcon.colcon_core.event_handler.log_command:Invoking command in '/home/psy/2024.11.26.TurtleArm_Moveit/build/myarm_moveit': AMENT_PREFIX_PATH=/home/psy/2024.11.26.TurtleArm_Moveit/install/mycobot_moveit:${AMENT_PREFIX_PATH} CMAKE_PREFIX_PATH=/home/psy/2024.11.26.TurtleArm_Moveit/install/mycobot_moveit:/opt/ros/humble /usr/bin/cmake --install /home/psy/2024.11.26.TurtleArm_Moveit/build/myarm_moveit
[0.486s] Level 1:colcon.colcon_core.environment:checking '/home/psy/2024.11.26.TurtleArm_Moveit/install/hello_moveit' for CMake config files
[0.486s] Level 1:colcon.colcon_core.shell:create_environment_hook('hello_moveit', 'cmake_prefix_path')
[0.486s] INFO:colcon.colcon_core.shell:Creating environment hook '/home/psy/2024.11.26.TurtleArm_Moveit/install/hello_moveit/share/hello_moveit/hook/cmake_prefix_path.ps1'
[0.486s] INFO:colcon.colcon_core.shell:Creating environment descriptor '/home/psy/2024.11.26.TurtleArm_Moveit/install/hello_moveit/share/hello_moveit/hook/cmake_prefix_path.dsv'
[0.487s] INFO:colcon.colcon_core.shell:Creating environment hook '/home/psy/2024.11.26.TurtleArm_Moveit/install/hello_moveit/share/hello_moveit/hook/cmake_prefix_path.sh'
[0.487s] Level 1:colcon.colcon_core.environment:checking '/home/psy/2024.11.26.TurtleArm_Moveit/install/hello_moveit/lib'
[0.487s] Level 1:colcon.colcon_core.environment:checking '/home/psy/2024.11.26.TurtleArm_Moveit/install/hello_moveit/bin'
[0.487s] Level 1:colcon.colcon_core.environment:checking '/home/psy/2024.11.26.TurtleArm_Moveit/install/hello_moveit/lib/pkgconfig/hello_moveit.pc'
[0.487s] Level 1:colcon.colcon_core.environment:checking '/home/psy/2024.11.26.TurtleArm_Moveit/install/hello_moveit/lib/python3.10/site-packages'
[0.487s] Level 1:colcon.colcon_core.environment:checking '/home/psy/2024.11.26.TurtleArm_Moveit/install/hello_moveit/bin'
[0.487s] INFO:colcon.colcon_core.shell:Creating package script '/home/psy/2024.11.26.TurtleArm_Moveit/install/hello_moveit/share/hello_moveit/package.ps1'
[0.487s] INFO:colcon.colcon_core.shell:Creating package descriptor '/home/psy/2024.11.26.TurtleArm_Moveit/install/hello_moveit/share/hello_moveit/package.dsv'
[0.488s] INFO:colcon.colcon_core.shell:Creating package script '/home/psy/2024.11.26.TurtleArm_Moveit/install/hello_moveit/share/hello_moveit/package.sh'
[0.488s] INFO:colcon.colcon_core.shell:Creating package script '/home/psy/2024.11.26.TurtleArm_Moveit/install/hello_moveit/share/hello_moveit/package.bash'
[0.488s] INFO:colcon.colcon_core.shell:Creating package script '/home/psy/2024.11.26.TurtleArm_Moveit/install/hello_moveit/share/hello_moveit/package.zsh'
[0.488s] Level 1:colcon.colcon_core.environment:create_file_with_runtime_dependencies(/home/psy/2024.11.26.TurtleArm_Moveit/install/hello_moveit/share/colcon-core/packages/hello_moveit)
[0.491s] Level 1:colcon.colcon_core.environment:create_environment_scripts_only(myarm_moveit)
[0.491s] Level 1:colcon.colcon_core.environment:checking '/home/psy/2024.11.26.TurtleArm_Moveit/install/myarm_moveit' for CMake module files
[0.491s] DEBUG:colcon.colcon_core.event_handler.log_command:Invoked command in '/home/psy/2024.11.26.TurtleArm_Moveit/build/myarm_moveit' returned '0': AMENT_PREFIX_PATH=/home/psy/2024.11.26.TurtleArm_Moveit/install/mycobot_moveit:${AMENT_PREFIX_PATH} CMAKE_PREFIX_PATH=/home/psy/2024.11.26.TurtleArm_Moveit/install/mycobot_moveit:/opt/ros/humble /usr/bin/cmake --install /home/psy/2024.11.26.TurtleArm_Moveit/build/myarm_moveit
[0.491s] Level 1:colcon.colcon_core.environment:checking '/home/psy/2024.11.26.TurtleArm_Moveit/install/myarm_moveit' for CMake config files
[0.492s] Level 1:colcon.colcon_core.shell:create_environment_hook('myarm_moveit', 'cmake_prefix_path')
[0.492s] INFO:colcon.colcon_core.shell:Creating environment hook '/home/psy/2024.11.26.TurtleArm_Moveit/install/myarm_moveit/share/myarm_moveit/hook/cmake_prefix_path.ps1'
[0.492s] INFO:colcon.colcon_core.shell:Creating environment descriptor '/home/psy/2024.11.26.TurtleArm_Moveit/install/myarm_moveit/share/myarm_moveit/hook/cmake_prefix_path.dsv'
[0.492s] INFO:colcon.colcon_core.shell:Creating environment hook '/home/psy/2024.11.26.TurtleArm_Moveit/install/myarm_moveit/share/myarm_moveit/hook/cmake_prefix_path.sh'
[0.492s] Level 1:colcon.colcon_core.environment:checking '/home/psy/2024.11.26.TurtleArm_Moveit/install/myarm_moveit/bin'
[0.492s] Level 1:colcon.colcon_core.environment:checking '/home/psy/2024.11.26.TurtleArm_Moveit/install/myarm_moveit/lib/pkgconfig/myarm_moveit.pc'
[0.492s] Level 1:colcon.colcon_core.environment:checking '/home/psy/2024.11.26.TurtleArm_Moveit/install/myarm_moveit/lib/python3.10/site-packages'
[0.493s] Level 1:colcon.colcon_core.environment:checking '/home/psy/2024.11.26.TurtleArm_Moveit/install/myarm_moveit/bin'
[0.493s] INFO:colcon.colcon_core.shell:Creating package script '/home/psy/2024.11.26.TurtleArm_Moveit/install/myarm_moveit/share/myarm_moveit/package.ps1'
[0.493s] INFO:colcon.colcon_core.shell:Creating package descriptor '/home/psy/2024.11.26.TurtleArm_Moveit/install/myarm_moveit/share/myarm_moveit/package.dsv'
[0.493s] INFO:colcon.colcon_core.shell:Creating package script '/home/psy/2024.11.26.TurtleArm_Moveit/install/myarm_moveit/share/myarm_moveit/package.sh'
[0.493s] INFO:colcon.colcon_core.shell:Creating package script '/home/psy/2024.11.26.TurtleArm_Moveit/install/myarm_moveit/share/myarm_moveit/package.bash'
[0.493s] INFO:colcon.colcon_core.shell:Creating package script '/home/psy/2024.11.26.TurtleArm_Moveit/install/myarm_moveit/share/myarm_moveit/package.zsh'
[0.493s] Level 1:colcon.colcon_core.environment:create_file_with_runtime_dependencies(/home/psy/2024.11.26.TurtleArm_Moveit/install/myarm_moveit/share/colcon-core/packages/myarm_moveit)
[0.496s] Level 1:colcon.colcon_core.environment:create_environment_scripts_only(moveit_srdf)
[0.496s] Level 1:colcon.colcon_core.environment:checking '/home/psy/2024.11.26.TurtleArm_Moveit/install/moveit_srdf' for CMake module files
[0.496s] Level 1:colcon.colcon_core.environment:checking '/home/psy/2024.11.26.TurtleArm_Moveit/install/moveit_srdf' for CMake config files
[0.496s] Level 1:colcon.colcon_core.shell:create_environment_hook('moveit_srdf', 'cmake_prefix_path')
[0.496s] INFO:colcon.colcon_core.shell:Creating environment hook '/home/psy/2024.11.26.TurtleArm_Moveit/install/moveit_srdf/share/moveit_srdf/hook/cmake_prefix_path.ps1'
[0.497s] INFO:colcon.colcon_core.shell:Creating environment descriptor '/home/psy/2024.11.26.TurtleArm_Moveit/install/moveit_srdf/share/moveit_srdf/hook/cmake_prefix_path.dsv'
[0.497s] INFO:colcon.colcon_core.shell:Creating environment hook '/home/psy/2024.11.26.TurtleArm_Moveit/install/moveit_srdf/share/moveit_srdf/hook/cmake_prefix_path.sh'
[0.497s] Level 1:colcon.colcon_core.environment:checking '/home/psy/2024.11.26.TurtleArm_Moveit/install/moveit_srdf/bin'
[0.497s] Level 1:colcon.colcon_core.environment:checking '/home/psy/2024.11.26.TurtleArm_Moveit/install/moveit_srdf/lib/pkgconfig/moveit_srdf.pc'
[0.497s] Level 1:colcon.colcon_core.environment:checking '/home/psy/2024.11.26.TurtleArm_Moveit/install/moveit_srdf/lib/python3.10/site-packages'
[0.497s] Level 1:colcon.colcon_core.environment:checking '/home/psy/2024.11.26.TurtleArm_Moveit/install/moveit_srdf/bin'
[0.497s] INFO:colcon.colcon_core.shell:Creating package script '/home/psy/2024.11.26.TurtleArm_Moveit/install/moveit_srdf/share/moveit_srdf/package.ps1'
[0.498s] INFO:colcon.colcon_core.shell:Creating package descriptor '/home/psy/2024.11.26.TurtleArm_Moveit/install/moveit_srdf/share/moveit_srdf/package.dsv'
[0.498s] INFO:colcon.colcon_core.shell:Creating package script '/home/psy/2024.11.26.TurtleArm_Moveit/install/moveit_srdf/share/moveit_srdf/package.sh'
[0.498s] INFO:colcon.colcon_core.shell:Creating package script '/home/psy/2024.11.26.TurtleArm_Moveit/install/moveit_srdf/share/moveit_srdf/package.bash'
[0.498s] INFO:colcon.colcon_core.shell:Creating package script '/home/psy/2024.11.26.TurtleArm_Moveit/install/moveit_srdf/share/moveit_srdf/package.zsh'
[0.498s] Level 1:colcon.colcon_core.environment:create_file_with_runtime_dependencies(/home/psy/2024.11.26.TurtleArm_Moveit/install/moveit_srdf/share/colcon-core/packages/moveit_srdf)
[0.507s] Level 1:colcon.colcon_core.environment:create_environment_scripts_only(myarm_moveit)
[0.507s] Level 1:colcon.colcon_core.environment:checking '/home/psy/2024.11.26.TurtleArm_Moveit/install/myarm_moveit' for CMake module files
[0.507s] Level 1:colcon.colcon_core.environment:checking '/home/psy/2024.11.26.TurtleArm_Moveit/install/myarm_moveit' for CMake config files
[0.507s] Level 1:colcon.colcon_core.shell:create_environment_hook('myarm_moveit', 'cmake_prefix_path')
[0.507s] INFO:colcon.colcon_core.shell:Creating environment hook '/home/psy/2024.11.26.TurtleArm_Moveit/install/myarm_moveit/share/myarm_moveit/hook/cmake_prefix_path.ps1'
[0.507s] INFO:colcon.colcon_core.shell:Creating environment descriptor '/home/psy/2024.11.26.TurtleArm_Moveit/install/myarm_moveit/share/myarm_moveit/hook/cmake_prefix_path.dsv'
[0.507s] INFO:colcon.colcon_core.shell:Creating environment hook '/home/psy/2024.11.26.TurtleArm_Moveit/install/myarm_moveit/share/myarm_moveit/hook/cmake_prefix_path.sh'
[0.508s] Level 1:colcon.colcon_core.environment:checking '/home/psy/2024.11.26.TurtleArm_Moveit/install/myarm_moveit/bin'
[0.508s] Level 1:colcon.colcon_core.environment:checking '/home/psy/2024.11.26.TurtleArm_Moveit/install/myarm_moveit/lib/pkgconfig/myarm_moveit.pc'
[0.508s] Level 1:colcon.colcon_core.environment:checking '/home/psy/2024.11.26.TurtleArm_Moveit/install/myarm_moveit/lib/python3.10/site-packages'
[0.508s] Level 1:colcon.colcon_core.environment:checking '/home/psy/2024.11.26.TurtleArm_Moveit/install/myarm_moveit/bin'
[0.508s] INFO:colcon.colcon_core.shell:Creating package script '/home/psy/2024.11.26.TurtleArm_Moveit/install/myarm_moveit/share/myarm_moveit/package.ps1'
[0.508s] INFO:colcon.colcon_core.shell:Creating package descriptor '/home/psy/2024.11.26.TurtleArm_Moveit/install/myarm_moveit/share/myarm_moveit/package.dsv'
[0.509s] INFO:colcon.colcon_core.shell:Creating package script '/home/psy/2024.11.26.TurtleArm_Moveit/install/myarm_moveit/share/myarm_moveit/package.sh'
[0.509s] INFO:colcon.colcon_core.shell:Creating package script '/home/psy/2024.11.26.TurtleArm_Moveit/install/myarm_moveit/share/myarm_moveit/package.bash'
[0.509s] INFO:colcon.colcon_core.shell:Creating package script '/home/psy/2024.11.26.TurtleArm_Moveit/install/myarm_moveit/share/myarm_moveit/package.zsh'
[0.509s] Level 1:colcon.colcon_core.environment:create_file_with_runtime_dependencies(/home/psy/2024.11.26.TurtleArm_Moveit/install/myarm_moveit/share/colcon-core/packages/myarm_moveit)
[0.539s] DEBUG:colcon.colcon_core.event_handler.log_command:Invoked command in '/home/psy/2024.11.26.TurtleArm_Moveit/build/mycobot_interfaces' returned '0': CMAKE_PREFIX_PATH=/opt/ros/humble /usr/bin/cmake --build /home/psy/2024.11.26.TurtleArm_Moveit/build/mycobot_interfaces -- -j20 -l20
[0.598s] DEBUG:colcon.colcon_core.event_handler.log_command:Invoking command in '/home/psy/2024.11.26.TurtleArm_Moveit/build/mycobot_interfaces': CMAKE_PREFIX_PATH=/opt/ros/humble /usr/bin/cmake --install /home/psy/2024.11.26.TurtleArm_Moveit/build/mycobot_interfaces
[0.641s] Level 1:colcon.colcon_core.environment:create_environment_scripts_only(mycobot_interfaces)
[0.641s] Level 1:colcon.colcon_core.environment:checking '/home/psy/2024.11.26.TurtleArm_Moveit/install/mycobot_interfaces' for CMake module files
[0.641s] DEBUG:colcon.colcon_core.event_handler.log_command:Invoked command in '/home/psy/2024.11.26.TurtleArm_Moveit/build/mycobot_interfaces' returned '0': CMAKE_PREFIX_PATH=/opt/ros/humble /usr/bin/cmake --install /home/psy/2024.11.26.TurtleArm_Moveit/build/mycobot_interfaces
[0.642s] Level 1:colcon.colcon_core.environment:checking '/home/psy/2024.11.26.TurtleArm_Moveit/install/mycobot_interfaces' for CMake config files
[0.642s] Level 1:colcon.colcon_core.shell:create_environment_hook('mycobot_interfaces', 'cmake_prefix_path')
[0.642s] INFO:colcon.colcon_core.shell:Creating environment hook '/home/psy/2024.11.26.TurtleArm_Moveit/install/mycobot_interfaces/share/mycobot_interfaces/hook/cmake_prefix_path.ps1'
[0.643s] INFO:colcon.colcon_core.shell:Creating environment descriptor '/home/psy/2024.11.26.TurtleArm_Moveit/install/mycobot_interfaces/share/mycobot_interfaces/hook/cmake_prefix_path.dsv'
[0.643s] INFO:colcon.colcon_core.shell:Creating environment hook '/home/psy/2024.11.26.TurtleArm_Moveit/install/mycobot_interfaces/share/mycobot_interfaces/hook/cmake_prefix_path.sh'
[0.644s] Level 1:colcon.colcon_core.environment:checking '/home/psy/2024.11.26.TurtleArm_Moveit/install/mycobot_interfaces/lib'
[0.644s] Level 1:colcon.colcon_core.shell:create_environment_hook('mycobot_interfaces', 'ld_library_path_lib')
[0.644s] INFO:colcon.colcon_core.shell:Creating environment hook '/home/psy/2024.11.26.TurtleArm_Moveit/install/mycobot_interfaces/share/mycobot_interfaces/hook/ld_library_path_lib.ps1'
[0.644s] INFO:colcon.colcon_core.shell:Creating environment descriptor '/home/psy/2024.11.26.TurtleArm_Moveit/install/mycobot_interfaces/share/mycobot_interfaces/hook/ld_library_path_lib.dsv'
[0.644s] INFO:colcon.colcon_core.shell:Creating environment hook '/home/psy/2024.11.26.TurtleArm_Moveit/install/mycobot_interfaces/share/mycobot_interfaces/hook/ld_library_path_lib.sh'
[0.644s] Level 1:colcon.colcon_core.environment:checking '/home/psy/2024.11.26.TurtleArm_Moveit/install/mycobot_interfaces/bin'
[0.644s] Level 1:colcon.colcon_core.environment:checking '/home/psy/2024.11.26.TurtleArm_Moveit/install/mycobot_interfaces/lib/pkgconfig/mycobot_interfaces.pc'
[0.645s] Level 1:colcon.colcon_core.environment:checking '/home/psy/2024.11.26.TurtleArm_Moveit/install/mycobot_interfaces/lib/python3.10/site-packages'
[0.645s] Level 1:colcon.colcon_core.environment:checking '/home/psy/2024.11.26.TurtleArm_Moveit/install/mycobot_interfaces/bin'
[0.645s] INFO:colcon.colcon_core.shell:Creating package script '/home/psy/2024.11.26.TurtleArm_Moveit/install/mycobot_interfaces/share/mycobot_interfaces/package.ps1'
[0.645s] INFO:colcon.colcon_core.shell:Creating package descriptor '/home/psy/2024.11.26.TurtleArm_Moveit/install/mycobot_interfaces/share/mycobot_interfaces/package.dsv'
[0.645s] INFO:colcon.colcon_core.shell:Creating package script '/home/psy/2024.11.26.TurtleArm_Moveit/install/mycobot_interfaces/share/mycobot_interfaces/package.sh'
[0.645s] INFO:colcon.colcon_core.shell:Creating package script '/home/psy/2024.11.26.TurtleArm_Moveit/install/mycobot_interfaces/share/mycobot_interfaces/package.bash'
[0.646s] INFO:colcon.colcon_core.shell:Creating package script '/home/psy/2024.11.26.TurtleArm_Moveit/install/mycobot_interfaces/share/mycobot_interfaces/package.zsh'
[0.646s] Level 1:colcon.colcon_core.environment:create_file_with_runtime_dependencies(/home/psy/2024.11.26.TurtleArm_Moveit/install/mycobot_interfaces/share/colcon-core/packages/mycobot_interfaces)
[0.701s] Level 1:colcon.colcon_core.environment:create_environment_scripts_only(mycobot_interfaces)
[0.702s] Level 1:colcon.colcon_core.environment:checking '/home/psy/2024.11.26.TurtleArm_Moveit/install/mycobot_interfaces' for CMake module files
[0.702s] Level 1:colcon.colcon_core.environment:checking '/home/psy/2024.11.26.TurtleArm_Moveit/install/mycobot_interfaces' for CMake config files
[0.702s] Level 1:colcon.colcon_core.shell:create_environment_hook('mycobot_interfaces', 'cmake_prefix_path')
[0.702s] INFO:colcon.colcon_core.shell:Creating environment hook '/home/psy/2024.11.26.TurtleArm_Moveit/install/mycobot_interfaces/share/mycobot_interfaces/hook/cmake_prefix_path.ps1'
[0.703s] INFO:colcon.colcon_core.shell:Creating environment descriptor '/home/psy/2024.11.26.TurtleArm_Moveit/install/mycobot_interfaces/share/mycobot_interfaces/hook/cmake_prefix_path.dsv'
[0.703s] INFO:colcon.colcon_core.shell:Creating environment hook '/home/psy/2024.11.26.TurtleArm_Moveit/install/mycobot_interfaces/share/mycobot_interfaces/hook/cmake_prefix_path.sh'
[0.703s] Level 1:colcon.colcon_core.environment:checking '/home/psy/2024.11.26.TurtleArm_Moveit/install/mycobot_interfaces/lib'
[0.703s] Level 1:colcon.colcon_core.shell:create_environment_hook('mycobot_interfaces', 'ld_library_path_lib')
[0.703s] INFO:colcon.colcon_core.shell:Creating environment hook '/home/psy/2024.11.26.TurtleArm_Moveit/install/mycobot_interfaces/share/mycobot_interfaces/hook/ld_library_path_lib.ps1'
[0.703s] INFO:colcon.colcon_core.shell:Creating environment descriptor '/home/psy/2024.11.26.TurtleArm_Moveit/install/mycobot_interfaces/share/mycobot_interfaces/hook/ld_library_path_lib.dsv'
[0.703s] INFO:colcon.colcon_core.shell:Creating environment hook '/home/psy/2024.11.26.TurtleArm_Moveit/install/mycobot_interfaces/share/mycobot_interfaces/hook/ld_library_path_lib.sh'
[0.704s] Level 1:colcon.colcon_core.environment:checking '/home/psy/2024.11.26.TurtleArm_Moveit/install/mycobot_interfaces/bin'
[0.704s] Level 1:colcon.colcon_core.environment:checking '/home/psy/2024.11.26.TurtleArm_Moveit/install/mycobot_interfaces/lib/pkgconfig/mycobot_interfaces.pc'
[0.704s] Level 1:colcon.colcon_core.environment:checking '/home/psy/2024.11.26.TurtleArm_Moveit/install/mycobot_interfaces/lib/python3.10/site-packages'
[0.704s] Level 1:colcon.colcon_core.environment:checking '/home/psy/2024.11.26.TurtleArm_Moveit/install/mycobot_interfaces/bin'
[0.704s] INFO:colcon.colcon_core.shell:Creating package script '/home/psy/2024.11.26.TurtleArm_Moveit/install/mycobot_interfaces/share/mycobot_interfaces/package.ps1'
[0.704s] INFO:colcon.colcon_core.shell:Creating package descriptor '/home/psy/2024.11.26.TurtleArm_Moveit/install/mycobot_interfaces/share/mycobot_interfaces/package.dsv'
[0.704s] INFO:colcon.colcon_core.shell:Creating package script '/home/psy/2024.11.26.TurtleArm_Moveit/install/mycobot_interfaces/share/mycobot_interfaces/package.sh'
[0.705s] INFO:colcon.colcon_core.shell:Creating package script '/home/psy/2024.11.26.TurtleArm_Moveit/install/mycobot_interfaces/share/mycobot_interfaces/package.bash'
[0.705s] INFO:colcon.colcon_core.shell:Creating package script '/home/psy/2024.11.26.TurtleArm_Moveit/install/mycobot_interfaces/share/mycobot_interfaces/package.zsh'
[0.705s] Level 1:colcon.colcon_core.environment:create_file_with_runtime_dependencies(/home/psy/2024.11.26.TurtleArm_Moveit/install/mycobot_interfaces/share/colcon-core/packages/mycobot_interfaces)
[0.705s] INFO:colcon.colcon_ros.task.ament_python.build:Building ROS package in '/home/psy/2024.11.26.TurtleArm_Moveit/src/mycobot320_moveit2/mycobot_ros2_controll' with build type 'ament_python'
[0.705s] Level 1:colcon.colcon_core.shell:create_environment_hook('mycobot_ros2_controll', 'ament_prefix_path')
[0.706s] INFO:colcon.colcon_core.shell:Creating environment hook '/home/psy/2024.11.26.TurtleArm_Moveit/install/mycobot_ros2_controll/share/mycobot_ros2_controll/hook/ament_prefix_path.ps1'
[0.706s] INFO:colcon.colcon_core.shell:Creating environment descriptor '/home/psy/2024.11.26.TurtleArm_Moveit/install/mycobot_ros2_controll/share/mycobot_ros2_controll/hook/ament_prefix_path.dsv'
[0.706s] INFO:colcon.colcon_core.shell:Creating environment hook '/home/psy/2024.11.26.TurtleArm_Moveit/install/mycobot_ros2_controll/share/mycobot_ros2_controll/hook/ament_prefix_path.sh'
[0.707s] INFO:colcon.colcon_core.shell:Skip shell extension 'powershell' for command environment: Not usable outside of PowerShell
[0.707s] DEBUG:colcon.colcon_core.shell:Skip shell extension 'dsv' for command environment
[0.840s] INFO:colcon.colcon_core.task.python.build:Building Python package in '/home/psy/2024.11.26.TurtleArm_Moveit/src/mycobot320_moveit2/mycobot_ros2_controll'
[0.840s] INFO:colcon.colcon_core.shell:Skip shell extension 'powershell' for command environment: Not usable outside of PowerShell
[0.840s] DEBUG:colcon.colcon_core.shell:Skip shell extension 'dsv' for command environment
[1.054s] DEBUG:colcon.colcon_core.event_handler.log_command:Invoking command in '/home/psy/2024.11.26.TurtleArm_Moveit/src/mycobot320_moveit2/mycobot_ros2_controll': AMENT_PREFIX_PATH=/home/psy/2024.11.26.TurtleArm_Moveit/install/mycobot_with_gripper:/home/psy/2024.11.26.TurtleArm_Moveit/install/mycobot_interfaces:${AMENT_PREFIX_PATH} CMAKE_PREFIX_PATH=/home/psy/2024.11.26.TurtleArm_Moveit/install/mycobot_with_gripper:/home/psy/2024.11.26.TurtleArm_Moveit/install/mycobot_interfaces LD_LIBRARY_PATH=/home/psy/2024.11.26.TurtleArm_Moveit/install/mycobot_interfaces/lib:${LD_LIBRARY_PATH} PYTHONPATH=/home/psy/2024.11.26.TurtleArm_Moveit/build/mycobot_ros2_controll/prefix_override:/usr/lib/python3/dist-packages/colcon_core/task/python/colcon_distutils_commands:/home/psy/2024.11.26.TurtleArm_Moveit/install/mycobot_ros2_controll/lib/python3.10/site-packages:/home/psy/2024.11.26.TurtleArm_Moveit/install/mycobot_interfaces/local/lib/python3.10/dist-packages:${PYTHONPATH} /usr/bin/python3 -W ignore:setup.py install is deprecated setup.py egg_info --egg-base ../../../build/mycobot_ros2_controll build --build-base /home/psy/2024.11.26.TurtleArm_Moveit/build/mycobot_ros2_controll/build install --record /home/psy/2024.11.26.TurtleArm_Moveit/build/mycobot_ros2_controll/install.log --single-version-externally-managed install_data
[1.190s] Level 1:colcon.colcon_core.environment:checking '/home/psy/2024.11.26.TurtleArm_Moveit/install/mycobot_ros2_controll' for CMake module files
[1.190s] DEBUG:colcon.colcon_core.event_handler.log_command:Invoked command in '/home/psy/2024.11.26.TurtleArm_Moveit/src/mycobot320_moveit2/mycobot_ros2_controll' returned '0': AMENT_PREFIX_PATH=/home/psy/2024.11.26.TurtleArm_Moveit/install/mycobot_with_gripper:/home/psy/2024.11.26.TurtleArm_Moveit/install/mycobot_interfaces:${AMENT_PREFIX_PATH} CMAKE_PREFIX_PATH=/home/psy/2024.11.26.TurtleArm_Moveit/install/mycobot_with_gripper:/home/psy/2024.11.26.TurtleArm_Moveit/install/mycobot_interfaces LD_LIBRARY_PATH=/home/psy/2024.11.26.TurtleArm_Moveit/install/mycobot_interfaces/lib:${LD_LIBRARY_PATH} PYTHONPATH=/home/psy/2024.11.26.TurtleArm_Moveit/build/mycobot_ros2_controll/prefix_override:/usr/lib/python3/dist-packages/colcon_core/task/python/colcon_distutils_commands:/home/psy/2024.11.26.TurtleArm_Moveit/install/mycobot_ros2_controll/lib/python3.10/site-packages:/home/psy/2024.11.26.TurtleArm_Moveit/install/mycobot_interfaces/local/lib/python3.10/dist-packages:${PYTHONPATH} /usr/bin/python3 -W ignore:setup.py install is deprecated setup.py egg_info --egg-base ../../../build/mycobot_ros2_controll build --build-base /home/psy/2024.11.26.TurtleArm_Moveit/build/mycobot_ros2_controll/build install --record /home/psy/2024.11.26.TurtleArm_Moveit/build/mycobot_ros2_controll/install.log --single-version-externally-managed install_data
[1.191s] Level 1:colcon.colcon_core.environment:checking '/home/psy/2024.11.26.TurtleArm_Moveit/install/mycobot_ros2_controll' for CMake config files
[1.191s] Level 1:colcon.colcon_core.environment:checking '/home/psy/2024.11.26.TurtleArm_Moveit/install/mycobot_ros2_controll/lib'
[1.191s] Level 1:colcon.colcon_core.environment:checking '/home/psy/2024.11.26.TurtleArm_Moveit/install/mycobot_ros2_controll/bin'
[1.191s] Level 1:colcon.colcon_core.environment:checking '/home/psy/2024.11.26.TurtleArm_Moveit/install/mycobot_ros2_controll/lib/pkgconfig/mycobot_ros2_controll.pc'
[1.191s] Level 1:colcon.colcon_core.environment:checking '/home/psy/2024.11.26.TurtleArm_Moveit/install/mycobot_ros2_controll/lib/python3.10/site-packages'
[1.191s] Level 1:colcon.colcon_core.shell:create_environment_hook('mycobot_ros2_controll', 'pythonpath')
[1.191s] INFO:colcon.colcon_core.shell:Creating environment hook '/home/psy/2024.11.26.TurtleArm_Moveit/install/mycobot_ros2_controll/share/mycobot_ros2_controll/hook/pythonpath.ps1'
[1.192s] INFO:colcon.colcon_core.shell:Creating environment descriptor '/home/psy/2024.11.26.TurtleArm_Moveit/install/mycobot_ros2_controll/share/mycobot_ros2_controll/hook/pythonpath.dsv'
[1.192s] INFO:colcon.colcon_core.shell:Creating environment hook '/home/psy/2024.11.26.TurtleArm_Moveit/install/mycobot_ros2_controll/share/mycobot_ros2_controll/hook/pythonpath.sh'
[1.192s] Level 1:colcon.colcon_core.environment:checking '/home/psy/2024.11.26.TurtleArm_Moveit/install/mycobot_ros2_controll/bin'
[1.192s] Level 1:colcon.colcon_core.environment:create_environment_scripts_only(mycobot_ros2_controll)
[1.192s] INFO:colcon.colcon_core.shell:Creating package script '/home/psy/2024.11.26.TurtleArm_Moveit/install/mycobot_ros2_controll/share/mycobot_ros2_controll/package.ps1'
[1.192s] INFO:colcon.colcon_core.shell:Creating package descriptor '/home/psy/2024.11.26.TurtleArm_Moveit/install/mycobot_ros2_controll/share/mycobot_ros2_controll/package.dsv'
[1.193s] INFO:colcon.colcon_core.shell:Creating package script '/home/psy/2024.11.26.TurtleArm_Moveit/install/mycobot_ros2_controll/share/mycobot_ros2_controll/package.sh'
[1.193s] INFO:colcon.colcon_core.shell:Creating package script '/home/psy/2024.11.26.TurtleArm_Moveit/install/mycobot_ros2_controll/share/mycobot_ros2_controll/package.bash'
[1.193s] INFO:colcon.colcon_core.shell:Creating package script '/home/psy/2024.11.26.TurtleArm_Moveit/install/mycobot_ros2_controll/share/mycobot_ros2_controll/package.zsh'
[1.193s] Level 1:colcon.colcon_core.environment:create_file_with_runtime_dependencies(/home/psy/2024.11.26.TurtleArm_Moveit/install/mycobot_ros2_controll/share/colcon-core/packages/mycobot_ros2_controll)
[1.193s] INFO:colcon.colcon_ros.task.ament_cmake.build:Building ROS package in '/home/psy/2024.11.26.TurtleArm_Moveit/src/mycobot320_moveit2/mycobot_ros2_cpp_cnt' with build type 'ament_cmake'
[1.193s] INFO:colcon.colcon_cmake.task.cmake.build:Building CMake package in '/home/psy/2024.11.26.TurtleArm_Moveit/src/mycobot320_moveit2/mycobot_ros2_cpp_cnt'
[1.193s] INFO:colcon.colcon_core.shell:Skip shell extension 'powershell' for command environment: Not usable outside of PowerShell
[1.193s] DEBUG:colcon.colcon_core.shell:Skip shell extension 'dsv' for command environment
[1.202s] DEBUG:colcon.colcon_core.event_handler.log_command:Invoking command in '/home/psy/2024.11.26.TurtleArm_Moveit/build/mycobot_ros2_cpp_cnt': AMENT_PREFIX_PATH=/home/psy/2024.11.26.TurtleArm_Moveit/install/mycobot_ros2_controll:/home/psy/2024.11.26.TurtleArm_Moveit/install/mycobot_with_gripper:/home/psy/2024.11.26.TurtleArm_Moveit/install/mycobot_interfaces:${AMENT_PREFIX_PATH} CMAKE_PREFIX_PATH=/home/psy/2024.11.26.TurtleArm_Moveit/install/mycobot_with_gripper:/home/psy/2024.11.26.TurtleArm_Moveit/install/mycobot_interfaces:/opt/ros/humble LD_LIBRARY_PATH=/home/psy/2024.11.26.TurtleArm_Moveit/install/mycobot_interfaces/lib:${LD_LIBRARY_PATH} PYTHONPATH=/home/psy/2024.11.26.TurtleArm_Moveit/install/mycobot_ros2_controll/lib/python3.10/site-packages:/home/psy/2024.11.26.TurtleArm_Moveit/install/mycobot_interfaces/local/lib/python3.10/dist-packages:${PYTHONPATH} /usr/bin/cmake --build /home/psy/2024.11.26.TurtleArm_Moveit/build/mycobot_ros2_cpp_cnt -- -j20 -l20
[1.288s] DEBUG:colcon.colcon_core.event_handler.log_command:Invoked command in '/home/psy/2024.11.26.TurtleArm_Moveit/build/mycobot_ros2_cpp_cnt' returned '0': AMENT_PREFIX_PATH=/home/psy/2024.11.26.TurtleArm_Moveit/install/mycobot_ros2_controll:/home/psy/2024.11.26.TurtleArm_Moveit/install/mycobot_with_gripper:/home/psy/2024.11.26.TurtleArm_Moveit/install/mycobot_interfaces:${AMENT_PREFIX_PATH} CMAKE_PREFIX_PATH=/home/psy/2024.11.26.TurtleArm_Moveit/install/mycobot_with_gripper:/home/psy/2024.11.26.TurtleArm_Moveit/install/mycobot_interfaces:/opt/ros/humble LD_LIBRARY_PATH=/home/psy/2024.11.26.TurtleArm_Moveit/install/mycobot_interfaces/lib:${LD_LIBRARY_PATH} PYTHONPATH=/home/psy/2024.11.26.TurtleArm_Moveit/install/mycobot_ros2_controll/lib/python3.10/site-packages:/home/psy/2024.11.26.TurtleArm_Moveit/install/mycobot_interfaces/local/lib/python3.10/dist-packages:${PYTHONPATH} /usr/bin/cmake --build /home/psy/2024.11.26.TurtleArm_Moveit/build/mycobot_ros2_cpp_cnt -- -j20 -l20
[1.318s] DEBUG:colcon.colcon_core.event_handler.log_command:Invoking command in '/home/psy/2024.11.26.TurtleArm_Moveit/build/mycobot_ros2_cpp_cnt': AMENT_PREFIX_PATH=/home/psy/2024.11.26.TurtleArm_Moveit/install/mycobot_ros2_controll:/home/psy/2024.11.26.TurtleArm_Moveit/install/mycobot_with_gripper:/home/psy/2024.11.26.TurtleArm_Moveit/install/mycobot_interfaces:${AMENT_PREFIX_PATH} CMAKE_PREFIX_PATH=/home/psy/2024.11.26.TurtleArm_Moveit/install/mycobot_with_gripper:/home/psy/2024.11.26.TurtleArm_Moveit/install/mycobot_interfaces:/opt/ros/humble LD_LIBRARY_PATH=/home/psy/2024.11.26.TurtleArm_Moveit/install/mycobot_interfaces/lib:${LD_LIBRARY_PATH} PYTHONPATH=/home/psy/2024.11.26.TurtleArm_Moveit/install/mycobot_ros2_controll/lib/python3.10/site-packages:/home/psy/2024.11.26.TurtleArm_Moveit/install/mycobot_interfaces/local/lib/python3.10/dist-packages:${PYTHONPATH} /usr/bin/cmake --install /home/psy/2024.11.26.TurtleArm_Moveit/build/mycobot_ros2_cpp_cnt
[1.330s] Level 1:colcon.colcon_core.environment:create_environment_scripts_only(mycobot_ros2_cpp_cnt)
[1.331s] Level 1:colcon.colcon_core.environment:checking '/home/psy/2024.11.26.TurtleArm_Moveit/install/mycobot_ros2_cpp_cnt' for CMake module files
[1.331s] DEBUG:colcon.colcon_core.event_handler.log_command:Invoked command in '/home/psy/2024.11.26.TurtleArm_Moveit/build/mycobot_ros2_cpp_cnt' returned '0': AMENT_PREFIX_PATH=/home/psy/2024.11.26.TurtleArm_Moveit/install/mycobot_ros2_controll:/home/psy/2024.11.26.TurtleArm_Moveit/install/mycobot_with_gripper:/home/psy/2024.11.26.TurtleArm_Moveit/install/mycobot_interfaces:${AMENT_PREFIX_PATH} CMAKE_PREFIX_PATH=/home/psy/2024.11.26.TurtleArm_Moveit/install/mycobot_with_gripper:/home/psy/2024.11.26.TurtleArm_Moveit/install/mycobot_interfaces:/opt/ros/humble LD_LIBRARY_PATH=/home/psy/2024.11.26.TurtleArm_Moveit/install/mycobot_interfaces/lib:${LD_LIBRARY_PATH} PYTHONPATH=/home/psy/2024.11.26.TurtleArm_Moveit/install/mycobot_ros2_controll/lib/python3.10/site-packages:/home/psy/2024.11.26.TurtleArm_Moveit/install/mycobot_interfaces/local/lib/python3.10/dist-packages:${PYTHONPATH} /usr/bin/cmake --install /home/psy/2024.11.26.TurtleArm_Moveit/build/mycobot_ros2_cpp_cnt
[1.332s] Level 1:colcon.colcon_core.environment:checking '/home/psy/2024.11.26.TurtleArm_Moveit/install/mycobot_ros2_cpp_cnt' for CMake config files
[1.332s] Level 1:colcon.colcon_core.shell:create_environment_hook('mycobot_ros2_cpp_cnt', 'cmake_prefix_path')
[1.332s] INFO:colcon.colcon_core.shell:Creating environment hook '/home/psy/2024.11.26.TurtleArm_Moveit/install/mycobot_ros2_cpp_cnt/share/mycobot_ros2_cpp_cnt/hook/cmake_prefix_path.ps1'
[1.332s] INFO:colcon.colcon_core.shell:Creating environment descriptor '/home/psy/2024.11.26.TurtleArm_Moveit/install/mycobot_ros2_cpp_cnt/share/mycobot_ros2_cpp_cnt/hook/cmake_prefix_path.dsv'
[1.333s] INFO:colcon.colcon_core.shell:Creating environment hook '/home/psy/2024.11.26.TurtleArm_Moveit/install/mycobot_ros2_cpp_cnt/share/mycobot_ros2_cpp_cnt/hook/cmake_prefix_path.sh'
[1.333s] Level 1:colcon.colcon_core.environment:checking '/home/psy/2024.11.26.TurtleArm_Moveit/install/mycobot_ros2_cpp_cnt/lib'
[1.333s] Level 1:colcon.colcon_core.environment:checking '/home/psy/2024.11.26.TurtleArm_Moveit/install/mycobot_ros2_cpp_cnt/bin'
[1.334s] Level 1:colcon.colcon_core.environment:checking '/home/psy/2024.11.26.TurtleArm_Moveit/install/mycobot_ros2_cpp_cnt/lib/pkgconfig/mycobot_ros2_cpp_cnt.pc'
[1.334s] Level 1:colcon.colcon_core.environment:checking '/home/psy/2024.11.26.TurtleArm_Moveit/install/mycobot_ros2_cpp_cnt/lib/python3.10/site-packages'
[1.334s] Level 1:colcon.colcon_core.environment:checking '/home/psy/2024.11.26.TurtleArm_Moveit/install/mycobot_ros2_cpp_cnt/bin'
[1.334s] INFO:colcon.colcon_core.shell:Creating package script '/home/psy/2024.11.26.TurtleArm_Moveit/install/mycobot_ros2_cpp_cnt/share/mycobot_ros2_cpp_cnt/package.ps1'
[1.335s] INFO:colcon.colcon_core.shell:Creating package descriptor '/home/psy/2024.11.26.TurtleArm_Moveit/install/mycobot_ros2_cpp_cnt/share/mycobot_ros2_cpp_cnt/package.dsv'
[1.335s] INFO:colcon.colcon_core.shell:Creating package script '/home/psy/2024.11.26.TurtleArm_Moveit/install/mycobot_ros2_cpp_cnt/share/mycobot_ros2_cpp_cnt/package.sh'
[1.336s] INFO:colcon.colcon_core.shell:Creating package script '/home/psy/2024.11.26.TurtleArm_Moveit/install/mycobot_ros2_cpp_cnt/share/mycobot_ros2_cpp_cnt/package.bash'
[1.336s] INFO:colcon.colcon_core.shell:Creating package script '/home/psy/2024.11.26.TurtleArm_Moveit/install/mycobot_ros2_cpp_cnt/share/mycobot_ros2_cpp_cnt/package.zsh'
[1.336s] Level 1:colcon.colcon_core.environment:create_file_with_runtime_dependencies(/home/psy/2024.11.26.TurtleArm_Moveit/install/mycobot_ros2_cpp_cnt/share/colcon-core/packages/mycobot_ros2_cpp_cnt)
[1.367s] Level 1:colcon.colcon_core.environment:create_environment_scripts_only(mycobot_ros2_cpp_cnt)
[1.367s] Level 1:colcon.colcon_core.environment:checking '/home/psy/2024.11.26.TurtleArm_Moveit/install/mycobot_ros2_cpp_cnt' for CMake module files
[1.368s] Level 1:colcon.colcon_core.environment:checking '/home/psy/2024.11.26.TurtleArm_Moveit/install/mycobot_ros2_cpp_cnt' for CMake config files
[1.368s] Level 1:colcon.colcon_core.shell:create_environment_hook('mycobot_ros2_cpp_cnt', 'cmake_prefix_path')
[1.368s] INFO:colcon.colcon_core.shell:Creating environment hook '/home/psy/2024.11.26.TurtleArm_Moveit/install/mycobot_ros2_cpp_cnt/share/mycobot_ros2_cpp_cnt/hook/cmake_prefix_path.ps1'
[1.368s] INFO:colcon.colcon_core.shell:Creating environment descriptor '/home/psy/2024.11.26.TurtleArm_Moveit/install/mycobot_ros2_cpp_cnt/share/mycobot_ros2_cpp_cnt/hook/cmake_prefix_path.dsv'
[1.369s] INFO:colcon.colcon_core.shell:Creating environment hook '/home/psy/2024.11.26.TurtleArm_Moveit/install/mycobot_ros2_cpp_cnt/share/mycobot_ros2_cpp_cnt/hook/cmake_prefix_path.sh'
[1.369s] Level 1:colcon.colcon_core.environment:checking '/home/psy/2024.11.26.TurtleArm_Moveit/install/mycobot_ros2_cpp_cnt/lib'
[1.369s] Level 1:colcon.colcon_core.environment:checking '/home/psy/2024.11.26.TurtleArm_Moveit/install/mycobot_ros2_cpp_cnt/bin'
[1.369s] Level 1:colcon.colcon_core.environment:checking '/home/psy/2024.11.26.TurtleArm_Moveit/install/mycobot_ros2_cpp_cnt/lib/pkgconfig/mycobot_ros2_cpp_cnt.pc'
[1.369s] Level 1:colcon.colcon_core.environment:checking '/home/psy/2024.11.26.TurtleArm_Moveit/install/mycobot_ros2_cpp_cnt/lib/python3.10/site-packages'
[1.369s] Level 1:colcon.colcon_core.environment:checking '/home/psy/2024.11.26.TurtleArm_Moveit/install/mycobot_ros2_cpp_cnt/bin'
[1.370s] INFO:colcon.colcon_core.shell:Creating package script '/home/psy/2024.11.26.TurtleArm_Moveit/install/mycobot_ros2_cpp_cnt/share/mycobot_ros2_cpp_cnt/package.ps1'
[1.370s] INFO:colcon.colcon_core.shell:Creating package descriptor '/home/psy/2024.11.26.TurtleArm_Moveit/install/mycobot_ros2_cpp_cnt/share/mycobot_ros2_cpp_cnt/package.dsv'
[1.370s] INFO:colcon.colcon_core.shell:Creating package script '/home/psy/2024.11.26.TurtleArm_Moveit/install/mycobot_ros2_cpp_cnt/share/mycobot_ros2_cpp_cnt/package.sh'
[1.371s] INFO:colcon.colcon_core.shell:Creating package script '/home/psy/2024.11.26.TurtleArm_Moveit/install/mycobot_ros2_cpp_cnt/share/mycobot_ros2_cpp_cnt/package.bash'
[1.371s] INFO:colcon.colcon_core.shell:Creating package script '/home/psy/2024.11.26.TurtleArm_Moveit/install/mycobot_ros2_cpp_cnt/share/mycobot_ros2_cpp_cnt/package.zsh'
[1.371s] Level 1:colcon.colcon_core.environment:create_file_with_runtime_dependencies(/home/psy/2024.11.26.TurtleArm_Moveit/install/mycobot_ros2_cpp_cnt/share/colcon-core/packages/mycobot_ros2_cpp_cnt)
[1.372s] DEBUG:colcon.colcon_parallel_executor.executor.parallel:closing loop
[1.372s] DEBUG:colcon.colcon_parallel_executor.executor.parallel:loop closed
[1.372s] DEBUG:colcon.colcon_parallel_executor.executor.parallel:run_until_complete finished with '0'
[1.372s] DEBUG:colcon.colcon_core.event_reactor:joining thread
[1.379s] INFO:colcon.colcon_core.plugin_system:Skipping extension 'colcon_notification.desktop_notification.terminal_notifier': Not used on non-Darwin systems
[1.379s] INFO:colcon.colcon_core.plugin_system:Skipping extension 'colcon_notification.desktop_notification.win32': Not used on non-Windows systems
[1.379s] INFO:colcon.colcon_notification.desktop_notification:Sending desktop notification using 'notify2'
[1.397s] DEBUG:colcon.colcon_core.event_reactor:joined thread
[1.398s] INFO:colcon.colcon_core.shell:Creating prefix script '/home/psy/2024.11.26.TurtleArm_Moveit/install/local_setup.ps1'
[1.398s] INFO:colcon.colcon_core.shell:Creating prefix util module '/home/psy/2024.11.26.TurtleArm_Moveit/install/_local_setup_util_ps1.py'
[1.400s] INFO:colcon.colcon_core.shell:Creating prefix chain script '/home/psy/2024.11.26.TurtleArm_Moveit/install/setup.ps1'
[1.400s] INFO:colcon.colcon_core.shell:Creating prefix script '/home/psy/2024.11.26.TurtleArm_Moveit/install/local_setup.sh'
[1.401s] INFO:colcon.colcon_core.shell:Creating prefix util module '/home/psy/2024.11.26.TurtleArm_Moveit/install/_local_setup_util_sh.py'
[1.401s] INFO:colcon.colcon_core.shell:Creating prefix chain script '/home/psy/2024.11.26.TurtleArm_Moveit/install/setup.sh'
[1.402s] INFO:colcon.colcon_core.shell:Creating prefix script '/home/psy/2024.11.26.TurtleArm_Moveit/install/local_setup.bash'
[1.402s] INFO:colcon.colcon_core.shell:Creating prefix chain script '/home/psy/2024.11.26.TurtleArm_Moveit/install/setup.bash'
[1.403s] INFO:colcon.colcon_core.shell:Creating prefix script '/home/psy/2024.11.26.TurtleArm_Moveit/install/local_setup.zsh'
[1.403s] INFO:colcon.colcon_core.shell:Creating prefix chain script '/home/psy/2024.11.26.TurtleArm_Moveit/install/setup.zsh'
