[2.881s] Invoking command in '/home/kmw/trees_ws/build/py_trees_ros': CONDA_PROMPT_MODIFIER=(ros2_py310) PYTHONPATH=/home/kmw/trees_ws/build/py_trees_ros/prefix_override:/usr/lib/python3/dist-packages/colcon_core/task/python/colcon_distutils_commands:/home/kmw/trees_ws/install/py_trees_ros/lib/python3.10/site-packages:${PYTHONPATH} /usr/bin/python3 -W ignore:setup.py install is deprecated -W ignore:easy_install command is deprecated setup.py develop --uninstall --editable --build-directory /home/kmw/trees_ws/build/py_trees_ros/build
[3.266s] /home/kmw/miniconda3/envs/ros2_py310/lib/python3.10/site-packages/setuptools/_distutils/dist.py:261: UserWarning: Unknown distribution option: 'test_suite'
[3.267s]   warnings.warn(msg)
[3.267s] /home/kmw/miniconda3/envs/ros2_py310/lib/python3.10/site-packages/setuptools/_distutils/dist.py:261: UserWarning: Unknown distribution option: 'tests_require'
[3.267s]   warnings.warn(msg)
[3.633s] running develop
[4.218s] Removing /home/kmw/trees_ws/install/py_trees_ros/lib/python3.10/site-packages/py-trees-ros.egg-link (link to .)
[4.371s] Invoked command in '/home/kmw/trees_ws/build/py_trees_ros' returned '0': CONDA_PROMPT_MODIFIER=(ros2_py310) PYTHONPATH=/home/kmw/trees_ws/build/py_trees_ros/prefix_override:/usr/lib/python3/dist-packages/colcon_core/task/python/colcon_distutils_commands:/home/kmw/trees_ws/install/py_trees_ros/lib/python3.10/site-packages:${PYTHONPATH} /usr/bin/python3 -W ignore:setup.py install is deprecated -W ignore:easy_install command is deprecated setup.py develop --uninstall --editable --build-directory /home/kmw/trees_ws/build/py_trees_ros/build
[4.380s] Invoking command in '/home/kmw/trees_ws/src/py_trees_ros': CONDA_PROMPT_MODIFIER=(ros2_py310) PYTHONPATH=/home/kmw/trees_ws/build/py_trees_ros/prefix_override:/usr/lib/python3/dist-packages/colcon_core/task/python/colcon_distutils_commands:/home/kmw/trees_ws/install/py_trees_ros/lib/python3.10/site-packages:${PYTHONPATH} /usr/bin/python3 -W ignore:setup.py install is deprecated -W ignore:easy_install command is deprecated setup.py egg_info --egg-base ../../build/py_trees_ros build --build-base /home/kmw/trees_ws/build/py_trees_ros/build install --record /home/kmw/trees_ws/build/py_trees_ros/install.log --single-version-externally-managed install_data --force
[4.784s] /home/kmw/miniconda3/envs/ros2_py310/lib/python3.10/site-packages/setuptools/_distutils/dist.py:261: UserWarning: Unknown distribution option: 'test_suite'
[4.784s]   warnings.warn(msg)
[4.784s] /home/kmw/miniconda3/envs/ros2_py310/lib/python3.10/site-packages/setuptools/_distutils/dist.py:261: UserWarning: Unknown distribution option: 'tests_require'
[4.785s]   warnings.warn(msg)
[5.039s] running egg_info
[5.082s] writing ../../build/py_trees_ros/py_trees_ros.egg-info/PKG-INFO
[5.083s] writing dependency_links to ../../build/py_trees_ros/py_trees_ros.egg-info/dependency_links.txt
[5.084s] writing entry points to ../../build/py_trees_ros/py_trees_ros.egg-info/entry_points.txt
[5.084s] writing top-level names to ../../build/py_trees_ros/py_trees_ros.egg-info/top_level.txt
[5.172s] reading manifest file '../../build/py_trees_ros/py_trees_ros.egg-info/SOURCES.txt'
[5.173s] adding license file 'LICENSE'
[5.176s] writing manifest file '../../build/py_trees_ros/py_trees_ros.egg-info/SOURCES.txt'
[5.176s] running build
[5.176s] running build_py
[5.177s] copying py_trees_ros/subscribers.py -> /home/kmw/trees_ws/build/py_trees_ros/build/lib/py_trees_ros
[5.177s] copying py_trees_ros/action_clients.py -> /home/kmw/trees_ws/build/py_trees_ros/build/lib/py_trees_ros
[5.178s] copying py_trees_ros/blackboard.py -> /home/kmw/trees_ws/build/py_trees_ros/build/lib/py_trees_ros
[5.178s] copying py_trees_ros/__init__.py -> /home/kmw/trees_ws/build/py_trees_ros/build/lib/py_trees_ros
[5.178s] copying py_trees_ros/battery.py -> /home/kmw/trees_ws/build/py_trees_ros/build/lib/py_trees_ros
[5.179s] copying py_trees_ros/actions.py -> /home/kmw/trees_ws/build/py_trees_ros/build/lib/py_trees_ros
[5.179s] copying py_trees_ros/conversions.py -> /home/kmw/trees_ws/build/py_trees_ros/build/lib/py_trees_ros
[5.179s] copying py_trees_ros/exceptions.py -> /home/kmw/trees_ws/build/py_trees_ros/build/lib/py_trees_ros
[5.179s] copying py_trees_ros/publishers.py -> /home/kmw/trees_ws/build/py_trees_ros/build/lib/py_trees_ros
[5.180s] copying py_trees_ros/trees.py -> /home/kmw/trees_ws/build/py_trees_ros/build/lib/py_trees_ros
[5.180s] copying py_trees_ros/transforms.py -> /home/kmw/trees_ws/build/py_trees_ros/build/lib/py_trees_ros
[5.180s] copying py_trees_ros/visitors.py -> /home/kmw/trees_ws/build/py_trees_ros/build/lib/py_trees_ros
[5.181s] copying py_trees_ros/version.py -> /home/kmw/trees_ws/build/py_trees_ros/build/lib/py_trees_ros
[5.181s] copying py_trees_ros/utilities.py -> /home/kmw/trees_ws/build/py_trees_ros/build/lib/py_trees_ros
[5.181s] copying py_trees_ros/service_clients.py -> /home/kmw/trees_ws/build/py_trees_ros/build/lib/py_trees_ros
[5.182s] copying py_trees_ros/programs/__init__.py -> /home/kmw/trees_ws/build/py_trees_ros/build/lib/py_trees_ros/programs
[5.182s] copying py_trees_ros/programs/echo.py -> /home/kmw/trees_ws/build/py_trees_ros/build/lib/py_trees_ros/programs
[5.183s] copying py_trees_ros/programs/blackboard_watcher.py -> /home/kmw/trees_ws/build/py_trees_ros/build/lib/py_trees_ros/programs
[5.183s] copying py_trees_ros/programs/tree_watcher.py -> /home/kmw/trees_ws/build/py_trees_ros/build/lib/py_trees_ros/programs
[5.183s] copying py_trees_ros/programs/multi_talker.py -> /home/kmw/trees_ws/build/py_trees_ros/build/lib/py_trees_ros/programs
[5.184s] copying py_trees_ros/mock/set_bool.py -> /home/kmw/trees_ws/build/py_trees_ros/build/lib/py_trees_ros/mock
[5.184s] copying py_trees_ros/mock/__init__.py -> /home/kmw/trees_ws/build/py_trees_ros/build/lib/py_trees_ros/mock
[5.184s] copying py_trees_ros/mock/actions.py -> /home/kmw/trees_ws/build/py_trees_ros/build/lib/py_trees_ros/mock
[5.185s] copying py_trees_ros/mock/services.py -> /home/kmw/trees_ws/build/py_trees_ros/build/lib/py_trees_ros/mock
[5.185s] copying py_trees_ros/mock/dock.py -> /home/kmw/trees_ws/build/py_trees_ros/build/lib/py_trees_ros/mock
[5.187s] running install
[5.197s] running install_lib
[5.239s] creating /home/kmw/trees_ws/install/py_trees_ros/lib/python3.10/site-packages/py_trees_ros
[5.239s] creating /home/kmw/trees_ws/install/py_trees_ros/lib/python3.10/site-packages/py_trees_ros/programs
[5.240s] copying /home/kmw/trees_ws/build/py_trees_ros/build/lib/py_trees_ros/programs/__init__.py -> /home/kmw/trees_ws/install/py_trees_ros/lib/python3.10/site-packages/py_trees_ros/programs
[5.240s] copying /home/kmw/trees_ws/build/py_trees_ros/build/lib/py_trees_ros/programs/echo.py -> /home/kmw/trees_ws/install/py_trees_ros/lib/python3.10/site-packages/py_trees_ros/programs
[5.240s] copying /home/kmw/trees_ws/build/py_trees_ros/build/lib/py_trees_ros/programs/blackboard_watcher.py -> /home/kmw/trees_ws/install/py_trees_ros/lib/python3.10/site-packages/py_trees_ros/programs
[5.240s] copying /home/kmw/trees_ws/build/py_trees_ros/build/lib/py_trees_ros/programs/tree_watcher.py -> /home/kmw/trees_ws/install/py_trees_ros/lib/python3.10/site-packages/py_trees_ros/programs
[5.241s] copying /home/kmw/trees_ws/build/py_trees_ros/build/lib/py_trees_ros/programs/multi_talker.py -> /home/kmw/trees_ws/install/py_trees_ros/lib/python3.10/site-packages/py_trees_ros/programs
[5.241s] copying /home/kmw/trees_ws/build/py_trees_ros/build/lib/py_trees_ros/subscribers.py -> /home/kmw/trees_ws/install/py_trees_ros/lib/python3.10/site-packages/py_trees_ros
[5.241s] copying /home/kmw/trees_ws/build/py_trees_ros/build/lib/py_trees_ros/action_clients.py -> /home/kmw/trees_ws/install/py_trees_ros/lib/python3.10/site-packages/py_trees_ros
[5.242s] copying /home/kmw/trees_ws/build/py_trees_ros/build/lib/py_trees_ros/blackboard.py -> /home/kmw/trees_ws/install/py_trees_ros/lib/python3.10/site-packages/py_trees_ros
[5.242s] copying /home/kmw/trees_ws/build/py_trees_ros/build/lib/py_trees_ros/__init__.py -> /home/kmw/trees_ws/install/py_trees_ros/lib/python3.10/site-packages/py_trees_ros
[5.242s] copying /home/kmw/trees_ws/build/py_trees_ros/build/lib/py_trees_ros/battery.py -> /home/kmw/trees_ws/install/py_trees_ros/lib/python3.10/site-packages/py_trees_ros
[5.243s] copying /home/kmw/trees_ws/build/py_trees_ros/build/lib/py_trees_ros/actions.py -> /home/kmw/trees_ws/install/py_trees_ros/lib/python3.10/site-packages/py_trees_ros
[5.243s] copying /home/kmw/trees_ws/build/py_trees_ros/build/lib/py_trees_ros/conversions.py -> /home/kmw/trees_ws/install/py_trees_ros/lib/python3.10/site-packages/py_trees_ros
[5.243s] copying /home/kmw/trees_ws/build/py_trees_ros/build/lib/py_trees_ros/exceptions.py -> /home/kmw/trees_ws/install/py_trees_ros/lib/python3.10/site-packages/py_trees_ros
[5.243s] copying /home/kmw/trees_ws/build/py_trees_ros/build/lib/py_trees_ros/publishers.py -> /home/kmw/trees_ws/install/py_trees_ros/lib/python3.10/site-packages/py_trees_ros
[5.244s] copying /home/kmw/trees_ws/build/py_trees_ros/build/lib/py_trees_ros/trees.py -> /home/kmw/trees_ws/install/py_trees_ros/lib/python3.10/site-packages/py_trees_ros
[5.244s] copying /home/kmw/trees_ws/build/py_trees_ros/build/lib/py_trees_ros/transforms.py -> /home/kmw/trees_ws/install/py_trees_ros/lib/python3.10/site-packages/py_trees_ros
[5.244s] copying /home/kmw/trees_ws/build/py_trees_ros/build/lib/py_trees_ros/visitors.py -> /home/kmw/trees_ws/install/py_trees_ros/lib/python3.10/site-packages/py_trees_ros
[5.245s] copying /home/kmw/trees_ws/build/py_trees_ros/build/lib/py_trees_ros/version.py -> /home/kmw/trees_ws/install/py_trees_ros/lib/python3.10/site-packages/py_trees_ros
[5.245s] copying /home/kmw/trees_ws/build/py_trees_ros/build/lib/py_trees_ros/utilities.py -> /home/kmw/trees_ws/install/py_trees_ros/lib/python3.10/site-packages/py_trees_ros
[5.245s] copying /home/kmw/trees_ws/build/py_trees_ros/build/lib/py_trees_ros/service_clients.py -> /home/kmw/trees_ws/install/py_trees_ros/lib/python3.10/site-packages/py_trees_ros
[5.245s] creating /home/kmw/trees_ws/install/py_trees_ros/lib/python3.10/site-packages/py_trees_ros/mock
[5.246s] copying /home/kmw/trees_ws/build/py_trees_ros/build/lib/py_trees_ros/mock/set_bool.py -> /home/kmw/trees_ws/install/py_trees_ros/lib/python3.10/site-packages/py_trees_ros/mock
[5.246s] copying /home/kmw/trees_ws/build/py_trees_ros/build/lib/py_trees_ros/mock/__init__.py -> /home/kmw/trees_ws/install/py_trees_ros/lib/python3.10/site-packages/py_trees_ros/mock
[5.246s] copying /home/kmw/trees_ws/build/py_trees_ros/build/lib/py_trees_ros/mock/actions.py -> /home/kmw/trees_ws/install/py_trees_ros/lib/python3.10/site-packages/py_trees_ros/mock
[5.247s] copying /home/kmw/trees_ws/build/py_trees_ros/build/lib/py_trees_ros/mock/services.py -> /home/kmw/trees_ws/install/py_trees_ros/lib/python3.10/site-packages/py_trees_ros/mock
[5.247s] copying /home/kmw/trees_ws/build/py_trees_ros/build/lib/py_trees_ros/mock/dock.py -> /home/kmw/trees_ws/install/py_trees_ros/lib/python3.10/site-packages/py_trees_ros/mock
[5.248s] byte-compiling /home/kmw/trees_ws/install/py_trees_ros/lib/python3.10/site-packages/py_trees_ros/programs/__init__.py to __init__.cpython-310.pyc
[5.249s] byte-compiling /home/kmw/trees_ws/install/py_trees_ros/lib/python3.10/site-packages/py_trees_ros/programs/echo.py to echo.cpython-310.pyc
[5.250s] byte-compiling /home/kmw/trees_ws/install/py_trees_ros/lib/python3.10/site-packages/py_trees_ros/programs/blackboard_watcher.py to blackboard_watcher.cpython-310.pyc
[5.252s] byte-compiling /home/kmw/trees_ws/install/py_trees_ros/lib/python3.10/site-packages/py_trees_ros/programs/tree_watcher.py to tree_watcher.cpython-310.pyc
[5.255s] byte-compiling /home/kmw/trees_ws/install/py_trees_ros/lib/python3.10/site-packages/py_trees_ros/programs/multi_talker.py to multi_talker.cpython-310.pyc
[5.255s] byte-compiling /home/kmw/trees_ws/install/py_trees_ros/lib/python3.10/site-packages/py_trees_ros/subscribers.py to subscribers.cpython-310.pyc
[5.259s] byte-compiling /home/kmw/trees_ws/install/py_trees_ros/lib/python3.10/site-packages/py_trees_ros/action_clients.py to action_clients.cpython-310.pyc
[5.262s] byte-compiling /home/kmw/trees_ws/install/py_trees_ros/lib/python3.10/site-packages/py_trees_ros/blackboard.py to blackboard.cpython-310.pyc
[5.266s] byte-compiling /home/kmw/trees_ws/install/py_trees_ros/lib/python3.10/site-packages/py_trees_ros/__init__.py to __init__.cpython-310.pyc
[5.266s] byte-compiling /home/kmw/trees_ws/install/py_trees_ros/lib/python3.10/site-packages/py_trees_ros/battery.py to battery.cpython-310.pyc
[5.267s] byte-compiling /home/kmw/trees_ws/install/py_trees_ros/lib/python3.10/site-packages/py_trees_ros/actions.py to actions.cpython-310.pyc
[5.268s] byte-compiling /home/kmw/trees_ws/install/py_trees_ros/lib/python3.10/site-packages/py_trees_ros/conversions.py to conversions.cpython-310.pyc
[5.271s] byte-compiling /home/kmw/trees_ws/install/py_trees_ros/lib/python3.10/site-packages/py_trees_ros/exceptions.py to exceptions.cpython-310.pyc
[5.271s] byte-compiling /home/kmw/trees_ws/install/py_trees_ros/lib/python3.10/site-packages/py_trees_ros/publishers.py to publishers.cpython-310.pyc
[5.273s] byte-compiling /home/kmw/trees_ws/install/py_trees_ros/lib/python3.10/site-packages/py_trees_ros/trees.py to trees.cpython-310.pyc
[5.280s] byte-compiling /home/kmw/trees_ws/install/py_trees_ros/lib/python3.10/site-packages/py_trees_ros/transforms.py to transforms.cpython-310.pyc
[5.282s] byte-compiling /home/kmw/trees_ws/install/py_trees_ros/lib/python3.10/site-packages/py_trees_ros/visitors.py to visitors.cpython-310.pyc
[5.283s] byte-compiling /home/kmw/trees_ws/install/py_trees_ros/lib/python3.10/site-packages/py_trees_ros/version.py to version.cpython-310.pyc
[5.283s] byte-compiling /home/kmw/trees_ws/install/py_trees_ros/lib/python3.10/site-packages/py_trees_ros/utilities.py to utilities.cpython-310.pyc
[5.286s] byte-compiling /home/kmw/trees_ws/install/py_trees_ros/lib/python3.10/site-packages/py_trees_ros/service_clients.py to service_clients.cpython-310.pyc
[5.288s] byte-compiling /home/kmw/trees_ws/install/py_trees_ros/lib/python3.10/site-packages/py_trees_ros/mock/set_bool.py to set_bool.cpython-310.pyc
[5.288s] byte-compiling /home/kmw/trees_ws/install/py_trees_ros/lib/python3.10/site-packages/py_trees_ros/mock/__init__.py to __init__.cpython-310.pyc
[5.289s] byte-compiling /home/kmw/trees_ws/install/py_trees_ros/lib/python3.10/site-packages/py_trees_ros/mock/actions.py to actions.cpython-310.pyc
[5.291s] byte-compiling /home/kmw/trees_ws/install/py_trees_ros/lib/python3.10/site-packages/py_trees_ros/mock/services.py to services.cpython-310.pyc
[5.291s] byte-compiling /home/kmw/trees_ws/install/py_trees_ros/lib/python3.10/site-packages/py_trees_ros/mock/dock.py to dock.cpython-310.pyc
[5.292s] running install_data
[5.292s] copying package.xml -> /home/kmw/trees_ws/install/py_trees_ros/share/py_trees_ros
[5.293s] copying resources/py_trees_ros -> /home/kmw/trees_ws/install/py_trees_ros/share/ament_index/resource_index/packages
[5.293s] running install_egg_info
[5.337s] Copying ../../build/py_trees_ros/py_trees_ros.egg-info to /home/kmw/trees_ws/install/py_trees_ros/lib/python3.10/site-packages/py_trees_ros-2.2.2-py3.10.egg-info
[5.338s] running install_scripts
[5.686s] Installing py-trees-blackboard-watcher script to /home/kmw/trees_ws/install/py_trees_ros/bin
[5.687s] Installing py-trees-tree-watcher script to /home/kmw/trees_ws/install/py_trees_ros/bin
[5.690s] writing list of installed files to '/home/kmw/trees_ws/build/py_trees_ros/install.log'
[5.824s] Invoked command in '/home/kmw/trees_ws/src/py_trees_ros' returned '0': CONDA_PROMPT_MODIFIER=(ros2_py310) PYTHONPATH=/home/kmw/trees_ws/build/py_trees_ros/prefix_override:/usr/lib/python3/dist-packages/colcon_core/task/python/colcon_distutils_commands:/home/kmw/trees_ws/install/py_trees_ros/lib/python3.10/site-packages:${PYTHONPATH} /usr/bin/python3 -W ignore:setup.py install is deprecated -W ignore:easy_install command is deprecated setup.py egg_info --egg-base ../../build/py_trees_ros build --build-base /home/kmw/trees_ws/build/py_trees_ros/build install --record /home/kmw/trees_ws/build/py_trees_ros/install.log --single-version-externally-managed install_data --force
