[100%] Built target convert
-- Install configuration: ""
-- Up-to-date: /home/kmw/cam_ws/install/laserscan_to_pointcloud/lib/laserscan_to_pointcloud/convert
-- Up-to-date: /home/kmw/cam_ws/install/laserscan_to_pointcloud/share/laserscan_to_pointcloud/src
-- Up-to-date: /home/kmw/cam_ws/install/laserscan_to_pointcloud/share/laserscan_to_pointcloud/src/node.cpp
-- Up-to-date: /home/kmw/cam_ws/install/laserscan_to_pointcloud/share/ament_index/resource_index/package_run_dependencies/laserscan_to_pointcloud
-- Up-to-date: /home/kmw/cam_ws/install/laserscan_to_pointcloud/share/ament_index/resource_index/parent_prefix_path/laserscan_to_pointcloud
-- Up-to-date: /home/kmw/cam_ws/install/laserscan_to_pointcloud/share/laserscan_to_pointcloud/environment/ament_prefix_path.sh
-- Up-to-date: /home/kmw/cam_ws/install/laserscan_to_pointcloud/share/laserscan_to_pointcloud/environment/ament_prefix_path.dsv
-- Up-to-date: /home/kmw/cam_ws/install/laserscan_to_pointcloud/share/laserscan_to_pointcloud/environment/path.sh
-- Up-to-date: /home/kmw/cam_ws/install/laserscan_to_pointcloud/share/laserscan_to_pointcloud/environment/path.dsv
-- Up-to-date: /home/kmw/cam_ws/install/laserscan_to_pointcloud/share/laserscan_to_pointcloud/local_setup.bash
-- Up-to-date: /home/kmw/cam_ws/install/laserscan_to_pointcloud/share/laserscan_to_pointcloud/local_setup.sh
-- Up-to-date: /home/kmw/cam_ws/install/laserscan_to_pointcloud/share/laserscan_to_pointcloud/local_setup.zsh
-- Up-to-date: /home/kmw/cam_ws/install/laserscan_to_pointcloud/share/laserscan_to_pointcloud/local_setup.dsv
-- Installing: /home/kmw/cam_ws/install/laserscan_to_pointcloud/share/laserscan_to_pointcloud/package.dsv
-- Up-to-date: /home/kmw/cam_ws/install/laserscan_to_pointcloud/share/ament_index/resource_index/packages/laserscan_to_pointcloud
-- Up-to-date: /home/kmw/cam_ws/install/laserscan_to_pointcloud/share/laserscan_to_pointcloud/cmake/ament_cmake_export_include_directories-extras.cmake
-- Up-to-date: /home/kmw/cam_ws/install/laserscan_to_pointcloud/share/laserscan_to_pointcloud/cmake/laserscan_to_pointcloudConfig.cmake
-- Up-to-date: /home/kmw/cam_ws/install/laserscan_to_pointcloud/share/laserscan_to_pointcloud/cmake/laserscan_to_pointcloudConfig-version.cmake
-- Up-to-date: /home/kmw/cam_ws/install/laserscan_to_pointcloud/share/laserscan_to_pointcloud/package.xml
