[6.874s] Invoking command in '/home/pi/arm_ws/src/turtle_con': PYTHONPATH=/home/pi/arm_ws/build/turtle_con/prefix_override:/usr/lib/python3/dist-packages/colcon_core/task/python/colcon_distutils_commands:/home/pi/arm_ws/install/turtle_con/lib/python3.8/site-packages:${PYTHONPATH} /usr/bin/python3 -W ignore:setup.py install is deprecated setup.py egg_info --egg-base ../../build/turtle_con build --build-base /home/pi/arm_ws/build/turtle_con/build install --record /home/pi/arm_ws/build/turtle_con/install.log --install-scripts $base/lib/turtle_con --single-version-externally-managed install_data
[9.374s] running egg_info
[9.379s] writing ../../build/turtle_con/turtle_con.egg-info/PKG-INFO
[9.381s] writing dependency_links to ../../build/turtle_con/turtle_con.egg-info/dependency_links.txt
[9.384s] writing entry points to ../../build/turtle_con/turtle_con.egg-info/entry_points.txt
[9.385s] writing requirements to ../../build/turtle_con/turtle_con.egg-info/requires.txt
[9.387s] writing top-level names to ../../build/turtle_con/turtle_con.egg-info/top_level.txt
[9.739s] reading manifest file '../../build/turtle_con/turtle_con.egg-info/SOURCES.txt'
[9.749s] writing manifest file '../../build/turtle_con/turtle_con.egg-info/SOURCES.txt'
[9.750s] running build
[9.751s] running build_py
[9.755s] copying turtle_con/move_qr.py -> /home/pi/arm_ws/build/turtle_con/build/lib/turtle_con
[9.758s] running install
[9.764s] running install_lib
[9.775s] copying /home/pi/arm_ws/build/turtle_con/build/lib/turtle_con/move_qr.py -> /home/pi/arm_ws/install/turtle_con/lib/python3.8/site-packages/turtle_con
[9.783s] byte-compiling /home/pi/arm_ws/install/turtle_con/lib/python3.8/site-packages/turtle_con/move_qr.py to move_qr.cpython-38.pyc
[9.804s] running install_data
[9.805s] running install_egg_info
[9.819s] removing '/home/pi/arm_ws/install/turtle_con/lib/python3.8/site-packages/turtle_con-0.0.0-py3.8.egg-info' (and everything under it)
[9.823s] Copying ../../build/turtle_con/turtle_con.egg-info to /home/pi/arm_ws/install/turtle_con/lib/python3.8/site-packages/turtle_con-0.0.0-py3.8.egg-info
[9.834s] running install_scripts
[9.987s] Installing move_qr script to /home/pi/arm_ws/install/turtle_con/lib/turtle_con
[9.989s] Installing qr_log script to /home/pi/arm_ws/install/turtle_con/lib/turtle_con
[9.991s] Installing turtle_ros2_con script to /home/pi/arm_ws/install/turtle_con/lib/turtle_con
[9.993s] Installing with_qr script to /home/pi/arm_ws/install/turtle_con/lib/turtle_con
[9.997s] writing list of installed files to '/home/pi/arm_ws/build/turtle_con/install.log'
[10.164s] Invoked command in '/home/pi/arm_ws/src/turtle_con' returned '0': PYTHONPATH=/home/pi/arm_ws/build/turtle_con/prefix_override:/usr/lib/python3/dist-packages/colcon_core/task/python/colcon_distutils_commands:/home/pi/arm_ws/install/turtle_con/lib/python3.8/site-packages:${PYTHONPATH} /usr/bin/python3 -W ignore:setup.py install is deprecated setup.py egg_info --egg-base ../../build/turtle_con build --build-base /home/pi/arm_ws/build/turtle_con/build install --record /home/pi/arm_ws/build/turtle_con/install.log --install-scripts $base/lib/turtle_con --single-version-externally-managed install_data
