[9.876s] Invoking command in '/home/pi/arm_ws/src/qr_cam': PYTHONPATH=/home/pi/arm_ws/build/qr_cam/prefix_override:/usr/lib/python3/dist-packages/colcon_core/task/python/colcon_distutils_commands:/home/pi/arm_ws/install/qr_cam/lib/python3.8/site-packages:${PYTHONPATH} /usr/bin/python3 -W ignore:setup.py install is deprecated setup.py egg_info --egg-base ../../build/qr_cam build --build-base /home/pi/arm_ws/build/qr_cam/build install --record /home/pi/arm_ws/build/qr_cam/install.log --install-scripts $base/lib/qr_cam --single-version-externally-managed install_data
[12.502s] running egg_info
[12.508s] writing ../../build/qr_cam/qr_cam.egg-info/PKG-INFO
[12.510s] writing dependency_links to ../../build/qr_cam/qr_cam.egg-info/dependency_links.txt
[12.512s] writing entry points to ../../build/qr_cam/qr_cam.egg-info/entry_points.txt
[12.514s] writing requirements to ../../build/qr_cam/qr_cam.egg-info/requires.txt
[12.516s] writing top-level names to ../../build/qr_cam/qr_cam.egg-info/top_level.txt
[12.885s] reading manifest file '../../build/qr_cam/qr_cam.egg-info/SOURCES.txt'
[12.894s] writing manifest file '../../build/qr_cam/qr_cam.egg-info/SOURCES.txt'
[12.896s] running build
[12.897s] running build_py
[12.899s] running install
[12.906s] running install_lib
[12.921s] running install_data
[12.922s] running install_egg_info
[12.939s] removing '/home/pi/arm_ws/install/qr_cam/lib/python3.8/site-packages/qr_cam-0.0.0-py3.8.egg-info' (and everything under it)
[12.943s] Copying ../../build/qr_cam/qr_cam.egg-info to /home/pi/arm_ws/install/qr_cam/lib/python3.8/site-packages/qr_cam-0.0.0-py3.8.egg-info
[12.955s] running install_scripts
[13.127s] Installing no_cam script to /home/pi/arm_ws/install/qr_cam/lib/qr_cam
[13.130s] writing list of installed files to '/home/pi/arm_ws/build/qr_cam/install.log'
[13.334s] Invoked command in '/home/pi/arm_ws/src/qr_cam' returned '0': PYTHONPATH=/home/pi/arm_ws/build/qr_cam/prefix_override:/usr/lib/python3/dist-packages/colcon_core/task/python/colcon_distutils_commands:/home/pi/arm_ws/install/qr_cam/lib/python3.8/site-packages:${PYTHONPATH} /usr/bin/python3 -W ignore:setup.py install is deprecated setup.py egg_info --egg-base ../../build/qr_cam build --build-base /home/pi/arm_ws/build/qr_cam/build install --record /home/pi/arm_ws/build/qr_cam/install.log --install-scripts $base/lib/qr_cam --single-version-externally-managed install_data
