[0.010s] Invoking command in '/home/psy/2024.11.26.TurtleArm_Moveit/build/mycobot_moveit': CMAKE_PREFIX_PATH=/opt/ros/humble /usr/bin/cmake --build /home/psy/2024.11.26.TurtleArm_Moveit/build/mycobot_moveit -- -j20 -l20
[0.056s] Invoked command in '/home/psy/2024.11.26.TurtleArm_Moveit/build/mycobot_moveit' returned '0': CMAKE_PREFIX_PATH=/opt/ros/humble /usr/bin/cmake --build /home/psy/2024.11.26.TurtleArm_Moveit/build/mycobot_moveit -- -j20 -l20
[0.085s] Invoking command in '/home/psy/2024.11.26.TurtleArm_Moveit/build/mycobot_moveit': CMAKE_PREFIX_PATH=/opt/ros/humble /usr/bin/cmake --install /home/psy/2024.11.26.TurtleArm_Moveit/build/mycobot_moveit
[0.101s] -- Install configuration: ""
[0.101s] -- Up-to-date: /home/psy/2024.11.26.TurtleArm_Moveit/install/mycobot_moveit/share/ament_index/resource_index/package_run_dependencies/mycobot_moveit
[0.101s] -- Up-to-date: /home/psy/2024.11.26.TurtleArm_Moveit/install/mycobot_moveit/share/ament_index/resource_index/parent_prefix_path/mycobot_moveit
[0.102s] -- Up-to-date: /home/psy/2024.11.26.TurtleArm_Moveit/install/mycobot_moveit/share/mycobot_moveit/environment/ament_prefix_path.sh
[0.102s] -- Up-to-date: /home/psy/2024.11.26.TurtleArm_Moveit/install/mycobot_moveit/share/mycobot_moveit/environment/ament_prefix_path.dsv
[0.102s] -- Up-to-date: /home/psy/2024.11.26.TurtleArm_Moveit/install/mycobot_moveit/share/mycobot_moveit/environment/path.sh
[0.103s] -- Up-to-date: /home/psy/2024.11.26.TurtleArm_Moveit/install/mycobot_moveit/share/mycobot_moveit/environment/path.dsv
[0.103s] -- Up-to-date: /home/psy/2024.11.26.TurtleArm_Moveit/install/mycobot_moveit/share/mycobot_moveit/local_setup.bash
[0.103s] -- Up-to-date: /home/psy/2024.11.26.TurtleArm_Moveit/install/mycobot_moveit/share/mycobot_moveit/local_setup.sh
[0.103s] -- Up-to-date: /home/psy/2024.11.26.TurtleArm_Moveit/install/mycobot_moveit/share/mycobot_moveit/local_setup.zsh
[0.103s] -- Up-to-date: /home/psy/2024.11.26.TurtleArm_Moveit/install/mycobot_moveit/share/mycobot_moveit/local_setup.dsv
[0.103s] -- Installing: /home/psy/2024.11.26.TurtleArm_Moveit/install/mycobot_moveit/share/mycobot_moveit/package.dsv
[0.104s] -- Up-to-date: /home/psy/2024.11.26.TurtleArm_Moveit/install/mycobot_moveit/share/ament_index/resource_index/packages/mycobot_moveit
[0.104s] -- Up-to-date: /home/psy/2024.11.26.TurtleArm_Moveit/install/mycobot_moveit/share/mycobot_moveit/cmake/mycobot_moveitConfig.cmake
[0.105s] -- Up-to-date: /home/psy/2024.11.26.TurtleArm_Moveit/install/mycobot_moveit/share/mycobot_moveit/cmake/mycobot_moveitConfig-version.cmake
[0.105s] -- Up-to-date: /home/psy/2024.11.26.TurtleArm_Moveit/install/mycobot_moveit/share/mycobot_moveit/package.xml
[0.105s] -- Up-to-date: /home/psy/2024.11.26.TurtleArm_Moveit/install/mycobot_moveit/share/mycobot_moveit/launch
[0.105s] -- Up-to-date: /home/psy/2024.11.26.TurtleArm_Moveit/install/mycobot_moveit/share/mycobot_moveit/launch/static_virtual_joint_tfs.launch.py
[0.105s] -- Up-to-date: /home/psy/2024.11.26.TurtleArm_Moveit/install/mycobot_moveit/share/mycobot_moveit/launch/warehouse_db.launch.py
[0.105s] -- Up-to-date: /home/psy/2024.11.26.TurtleArm_Moveit/install/mycobot_moveit/share/mycobot_moveit/launch/setup_assistant.launch.py
[0.105s] -- Up-to-date: /home/psy/2024.11.26.TurtleArm_Moveit/install/mycobot_moveit/share/mycobot_moveit/launch/demo.launch.py
[0.106s] -- Up-to-date: /home/psy/2024.11.26.TurtleArm_Moveit/install/mycobot_moveit/share/mycobot_moveit/launch/spawn_controllers.launch.py
[0.106s] -- Up-to-date: /home/psy/2024.11.26.TurtleArm_Moveit/install/mycobot_moveit/share/mycobot_moveit/launch/rsp.launch.py
[0.106s] -- Up-to-date: /home/psy/2024.11.26.TurtleArm_Moveit/install/mycobot_moveit/share/mycobot_moveit/launch/moveit_rviz.launch.py
[0.106s] -- Up-to-date: /home/psy/2024.11.26.TurtleArm_Moveit/install/mycobot_moveit/share/mycobot_moveit/launch/move_group.launch.py
[0.106s] -- Up-to-date: /home/psy/2024.11.26.TurtleArm_Moveit/install/mycobot_moveit/share/mycobot_moveit/config
[0.106s] -- Up-to-date: /home/psy/2024.11.26.TurtleArm_Moveit/install/mycobot_moveit/share/mycobot_moveit/config/firefighter.urdf.xacro
[0.106s] -- Up-to-date: /home/psy/2024.11.26.TurtleArm_Moveit/install/mycobot_moveit/share/mycobot_moveit/config/initial_positions.yaml
[0.107s] -- Up-to-date: /home/psy/2024.11.26.TurtleArm_Moveit/install/mycobot_moveit/share/mycobot_moveit/config/firefighter.srdf
[0.107s] -- Up-to-date: /home/psy/2024.11.26.TurtleArm_Moveit/install/mycobot_moveit/share/mycobot_moveit/config/moveit_controllers.yaml
[0.107s] -- Up-to-date: /home/psy/2024.11.26.TurtleArm_Moveit/install/mycobot_moveit/share/mycobot_moveit/config/firefighter.ros2_control.xacro
[0.107s] -- Up-to-date: /home/psy/2024.11.26.TurtleArm_Moveit/install/mycobot_moveit/share/mycobot_moveit/config/joint_limits.yaml
[0.107s] -- Up-to-date: /home/psy/2024.11.26.TurtleArm_Moveit/install/mycobot_moveit/share/mycobot_moveit/config/ros2_controllers.yaml
[0.108s] -- Up-to-date: /home/psy/2024.11.26.TurtleArm_Moveit/install/mycobot_moveit/share/mycobot_moveit/config/urdf
[0.108s] -- Up-to-date: /home/psy/2024.11.26.TurtleArm_Moveit/install/mycobot_moveit/share/mycobot_moveit/config/urdf/hand_left_outside.stl
[0.108s] -- Up-to-date: /home/psy/2024.11.26.TurtleArm_Moveit/install/mycobot_moveit/share/mycobot_moveit/config/urdf/hand_left_inside.stl
[0.108s] -- Up-to-date: /home/psy/2024.11.26.TurtleArm_Moveit/install/mycobot_moveit/share/mycobot_moveit/config/urdf/gripperlink.stl
[0.108s] -- Up-to-date: /home/psy/2024.11.26.TurtleArm_Moveit/install/mycobot_moveit/share/mycobot_moveit/config/urdf/gripper_holder.stl
[0.108s] -- Up-to-date: /home/psy/2024.11.26.TurtleArm_Moveit/install/mycobot_moveit/share/mycobot_moveit/config/urdf/link2.stl
[0.108s] -- Up-to-date: /home/psy/2024.11.26.TurtleArm_Moveit/install/mycobot_moveit/share/mycobot_moveit/config/urdf/hand_right_inside.stl
[0.109s] -- Up-to-date: /home/psy/2024.11.26.TurtleArm_Moveit/install/mycobot_moveit/share/mycobot_moveit/config/urdf/robot.urdf
[0.109s] -- Up-to-date: /home/psy/2024.11.26.TurtleArm_Moveit/install/mycobot_moveit/share/mycobot_moveit/config/urdf/link4.stl
[0.109s] -- Up-to-date: /home/psy/2024.11.26.TurtleArm_Moveit/install/mycobot_moveit/share/mycobot_moveit/config/urdf/mycobot_320_m5_custom.urdf
[0.109s] -- Up-to-date: /home/psy/2024.11.26.TurtleArm_Moveit/install/mycobot_moveit/share/mycobot_moveit/config/urdf/hand_right_front.stl
[0.109s] -- Up-to-date: /home/psy/2024.11.26.TurtleArm_Moveit/install/mycobot_moveit/share/mycobot_moveit/config/urdf/link5.stl
[0.109s] -- Up-to-date: /home/psy/2024.11.26.TurtleArm_Moveit/install/mycobot_moveit/share/mycobot_moveit/config/urdf/link6.stl
[0.109s] -- Up-to-date: /home/psy/2024.11.26.TurtleArm_Moveit/install/mycobot_moveit/share/mycobot_moveit/config/urdf/robot.csv
[0.109s] -- Up-to-date: /home/psy/2024.11.26.TurtleArm_Moveit/install/mycobot_moveit/share/mycobot_moveit/config/urdf/hand_left_front_link.stl
[0.110s] -- Up-to-date: /home/psy/2024.11.26.TurtleArm_Moveit/install/mycobot_moveit/share/mycobot_moveit/config/urdf/link3.stl
[0.110s] -- Up-to-date: /home/psy/2024.11.26.TurtleArm_Moveit/install/mycobot_moveit/share/mycobot_moveit/config/urdf/hand_left_front.stl
[0.110s] -- Up-to-date: /home/psy/2024.11.26.TurtleArm_Moveit/install/mycobot_moveit/share/mycobot_moveit/config/urdf/ARM.urdf
[0.110s] -- Up-to-date: /home/psy/2024.11.26.TurtleArm_Moveit/install/mycobot_moveit/share/mycobot_moveit/config/urdf/hand_right_front_link.stl
[0.110s] -- Up-to-date: /home/psy/2024.11.26.TurtleArm_Moveit/install/mycobot_moveit/share/mycobot_moveit/config/urdf/hand_base_link.stl
[0.111s] -- Up-to-date: /home/psy/2024.11.26.TurtleArm_Moveit/install/mycobot_moveit/share/mycobot_moveit/config/urdf/hand_right_outside.stl
[0.111s] -- Up-to-date: /home/psy/2024.11.26.TurtleArm_Moveit/install/mycobot_moveit/share/mycobot_moveit/config/urdf/handcamera.stl
[0.111s] -- Up-to-date: /home/psy/2024.11.26.TurtleArm_Moveit/install/mycobot_moveit/share/mycobot_moveit/config/urdf/link1.stl
[0.111s] -- Up-to-date: /home/psy/2024.11.26.TurtleArm_Moveit/install/mycobot_moveit/share/mycobot_moveit/config/urdf/base.stl
[0.111s] -- Up-to-date: /home/psy/2024.11.26.TurtleArm_Moveit/install/mycobot_moveit/share/mycobot_moveit/config/urdf/ARM.csv
[0.112s] -- Up-to-date: /home/psy/2024.11.26.TurtleArm_Moveit/install/mycobot_moveit/share/mycobot_moveit/config/moveit.rviz
[0.112s] -- Up-to-date: /home/psy/2024.11.26.TurtleArm_Moveit/install/mycobot_moveit/share/mycobot_moveit/config/meshes
[0.112s] -- Up-to-date: /home/psy/2024.11.26.TurtleArm_Moveit/install/mycobot_moveit/share/mycobot_moveit/config/meshes/base_link.STL
[0.112s] -- Up-to-date: /home/psy/2024.11.26.TurtleArm_Moveit/install/mycobot_moveit/share/mycobot_moveit/config/meshes/axis2_link.STL
[0.112s] -- Up-to-date: /home/psy/2024.11.26.TurtleArm_Moveit/install/mycobot_moveit/share/mycobot_moveit/config/meshes/axis1_link.STL
[0.112s] -- Up-to-date: /home/psy/2024.11.26.TurtleArm_Moveit/install/mycobot_moveit/share/mycobot_moveit/config/meshes/axis3_link.STL
[0.112s] -- Up-to-date: /home/psy/2024.11.26.TurtleArm_Moveit/install/mycobot_moveit/share/mycobot_moveit/config/meshes/axisG_link.STL
[0.113s] -- Up-to-date: /home/psy/2024.11.26.TurtleArm_Moveit/install/mycobot_moveit/share/mycobot_moveit/config/meshes/axis4_link.STL
[0.113s] -- Up-to-date: /home/psy/2024.11.26.TurtleArm_Moveit/install/mycobot_moveit/share/mycobot_moveit/config/pilz_cartesian_limits.yaml
[0.113s] -- Up-to-date: /home/psy/2024.11.26.TurtleArm_Moveit/install/mycobot_moveit/share/mycobot_moveit/config/kinematics.yaml
[0.113s] -- Up-to-date: /home/psy/2024.11.26.TurtleArm_Moveit/install/mycobot_moveit/share/mycobot_moveit/.setup_assistant
[0.122s] Invoked command in '/home/psy/2024.11.26.TurtleArm_Moveit/build/mycobot_moveit' returned '0': CMAKE_PREFIX_PATH=/opt/ros/humble /usr/bin/cmake --install /home/psy/2024.11.26.TurtleArm_Moveit/build/mycobot_moveit
