-- Install configuration: ""
-- Up-to-date: /home/psy/2024.11.26.TurtleArm_Moveit/install/mycobot_with_gripper/share/ament_index/resource_index/package_run_dependencies/mycobot_with_gripper
-- Up-to-date: /home/psy/2024.11.26.TurtleArm_Moveit/install/mycobot_with_gripper/share/ament_index/resource_index/parent_prefix_path/mycobot_with_gripper
-- Up-to-date: /home/psy/2024.11.26.TurtleArm_Moveit/install/mycobot_with_gripper/share/mycobot_with_gripper/environment/ament_prefix_path.sh
-- Up-to-date: /home/psy/2024.11.26.TurtleArm_Moveit/install/mycobot_with_gripper/share/mycobot_with_gripper/environment/ament_prefix_path.dsv
-- Up-to-date: /home/psy/2024.11.26.TurtleArm_Moveit/install/mycobot_with_gripper/share/mycobot_with_gripper/environment/path.sh
-- Up-to-date: /home/psy/2024.11.26.TurtleArm_Moveit/install/mycobot_with_gripper/share/mycobot_with_gripper/environment/path.dsv
-- Up-to-date: /home/psy/2024.11.26.TurtleArm_Moveit/install/mycobot_with_gripper/share/mycobot_with_gripper/local_setup.bash
-- Up-to-date: /home/psy/2024.11.26.TurtleArm_Moveit/install/mycobot_with_gripper/share/mycobot_with_gripper/local_setup.sh
-- Up-to-date: /home/psy/2024.11.26.TurtleArm_Moveit/install/mycobot_with_gripper/share/mycobot_with_gripper/local_setup.zsh
-- Up-to-date: /home/psy/2024.11.26.TurtleArm_Moveit/install/mycobot_with_gripper/share/mycobot_with_gripper/local_setup.dsv
-- Up-to-date: /home/psy/2024.11.26.TurtleArm_Moveit/install/mycobot_with_gripper/share/mycobot_with_gripper/package.dsv
-- Up-to-date: /home/psy/2024.11.26.TurtleArm_Moveit/install/mycobot_with_gripper/share/ament_index/resource_index/packages/mycobot_with_gripper
-- Up-to-date: /home/psy/2024.11.26.TurtleArm_Moveit/install/mycobot_with_gripper/share/mycobot_with_gripper/cmake/mycobot_with_gripperConfig.cmake
-- Up-to-date: /home/psy/2024.11.26.TurtleArm_Moveit/install/mycobot_with_gripper/share/mycobot_with_gripper/cmake/mycobot_with_gripperConfig-version.cmake
-- Up-to-date: /home/psy/2024.11.26.TurtleArm_Moveit/install/mycobot_with_gripper/share/mycobot_with_gripper/package.xml
-- Up-to-date: /home/psy/2024.11.26.TurtleArm_Moveit/install/mycobot_with_gripper/share/mycobot_with_gripper/launch
-- Up-to-date: /home/psy/2024.11.26.TurtleArm_Moveit/install/mycobot_with_gripper/share/mycobot_with_gripper/launch/static_virtual_joint_tfs.launch.py
-- Up-to-date: /home/psy/2024.11.26.TurtleArm_Moveit/install/mycobot_with_gripper/share/mycobot_with_gripper/launch/warehouse_db.launch.py
-- Up-to-date: /home/psy/2024.11.26.TurtleArm_Moveit/install/mycobot_with_gripper/share/mycobot_with_gripper/launch/setup_assistant.launch.py
-- Up-to-date: /home/psy/2024.11.26.TurtleArm_Moveit/install/mycobot_with_gripper/share/mycobot_with_gripper/launch/demo.launch.py
-- Up-to-date: /home/psy/2024.11.26.TurtleArm_Moveit/install/mycobot_with_gripper/share/mycobot_with_gripper/launch/spawn_controllers.launch.py
-- Up-to-date: /home/psy/2024.11.26.TurtleArm_Moveit/install/mycobot_with_gripper/share/mycobot_with_gripper/launch/rsp.launch.py
-- Up-to-date: /home/psy/2024.11.26.TurtleArm_Moveit/install/mycobot_with_gripper/share/mycobot_with_gripper/launch/moveit_rviz.launch.py
-- Up-to-date: /home/psy/2024.11.26.TurtleArm_Moveit/install/mycobot_with_gripper/share/mycobot_with_gripper/launch/move_group.launch.py
-- Up-to-date: /home/psy/2024.11.26.TurtleArm_Moveit/install/mycobot_with_gripper/share/mycobot_with_gripper/config
-- Up-to-date: /home/psy/2024.11.26.TurtleArm_Moveit/install/mycobot_with_gripper/share/mycobot_with_gripper/config/initial_positions.yaml
-- Up-to-date: /home/psy/2024.11.26.TurtleArm_Moveit/install/mycobot_with_gripper/share/mycobot_with_gripper/config/moveit_controllers.yaml
-- Up-to-date: /home/psy/2024.11.26.TurtleArm_Moveit/install/mycobot_with_gripper/share/mycobot_with_gripper/config/joint_limits.yaml
-- Up-to-date: /home/psy/2024.11.26.TurtleArm_Moveit/install/mycobot_with_gripper/share/mycobot_with_gripper/config/ros2_controllers.yaml
-- Up-to-date: /home/psy/2024.11.26.TurtleArm_Moveit/install/mycobot_with_gripper/share/mycobot_with_gripper/config/urdf
-- Up-to-date: /home/psy/2024.11.26.TurtleArm_Moveit/install/mycobot_with_gripper/share/mycobot_with_gripper/config/urdf/hand_right_front_link.obj
-- Up-to-date: /home/psy/2024.11.26.TurtleArm_Moveit/install/mycobot_with_gripper/share/mycobot_with_gripper/config/urdf/hand_left_outside.stl
-- Up-to-date: /home/psy/2024.11.26.TurtleArm_Moveit/install/mycobot_with_gripper/share/mycobot_with_gripper/config/urdf/hand_left_inside.stl
-- Up-to-date: /home/psy/2024.11.26.TurtleArm_Moveit/install/mycobot_with_gripper/share/mycobot_with_gripper/config/urdf/link3.obj
-- Up-to-date: /home/psy/2024.11.26.TurtleArm_Moveit/install/mycobot_with_gripper/share/mycobot_with_gripper/config/urdf/gripperlink.stl
-- Up-to-date: /home/psy/2024.11.26.TurtleArm_Moveit/install/mycobot_with_gripper/share/mycobot_with_gripper/config/urdf/gripper_holder.stl
-- Up-to-date: /home/psy/2024.11.26.TurtleArm_Moveit/install/mycobot_with_gripper/share/mycobot_with_gripper/config/urdf/link2.stl
-- Up-to-date: /home/psy/2024.11.26.TurtleArm_Moveit/install/mycobot_with_gripper/share/mycobot_with_gripper/config/urdf/hand_right_inside.stl
-- Up-to-date: /home/psy/2024.11.26.TurtleArm_Moveit/install/mycobot_with_gripper/share/mycobot_with_gripper/config/urdf/hand_left_inside.obj
-- Up-to-date: /home/psy/2024.11.26.TurtleArm_Moveit/install/mycobot_with_gripper/share/mycobot_with_gripper/config/urdf/hand_left_front.obj
-- Up-to-date: /home/psy/2024.11.26.TurtleArm_Moveit/install/mycobot_with_gripper/share/mycobot_with_gripper/config/urdf/link4.stl
-- Up-to-date: /home/psy/2024.11.26.TurtleArm_Moveit/install/mycobot_with_gripper/share/mycobot_with_gripper/config/urdf/mycobot_320_m5_custom.urdf
-- Up-to-date: /home/psy/2024.11.26.TurtleArm_Moveit/install/mycobot_with_gripper/share/mycobot_with_gripper/config/urdf/hand_right_front.stl
-- Up-to-date: /home/psy/2024.11.26.TurtleArm_Moveit/install/mycobot_with_gripper/share/mycobot_with_gripper/config/urdf/link5.stl
-- Up-to-date: /home/psy/2024.11.26.TurtleArm_Moveit/install/mycobot_with_gripper/share/mycobot_with_gripper/config/urdf/link6.stl
-- Up-to-date: /home/psy/2024.11.26.TurtleArm_Moveit/install/mycobot_with_gripper/share/mycobot_with_gripper/config/urdf/hand_base_link.obj
-- Up-to-date: /home/psy/2024.11.26.TurtleArm_Moveit/install/mycobot_with_gripper/share/mycobot_with_gripper/config/urdf/hand_left_front_link.stl
-- Up-to-date: /home/psy/2024.11.26.TurtleArm_Moveit/install/mycobot_with_gripper/share/mycobot_with_gripper/config/urdf/hand_right_outside.obj
-- Up-to-date: /home/psy/2024.11.26.TurtleArm_Moveit/install/mycobot_with_gripper/share/mycobot_with_gripper/config/urdf/link5.obj
-- Up-to-date: /home/psy/2024.11.26.TurtleArm_Moveit/install/mycobot_with_gripper/share/mycobot_with_gripper/config/urdf/hand_right_front.obj
-- Up-to-date: /home/psy/2024.11.26.TurtleArm_Moveit/install/mycobot_with_gripper/share/mycobot_with_gripper/config/urdf/link3.stl
-- Up-to-date: /home/psy/2024.11.26.TurtleArm_Moveit/install/mycobot_with_gripper/share/mycobot_with_gripper/config/urdf/hand_left_front.stl
-- Up-to-date: /home/psy/2024.11.26.TurtleArm_Moveit/install/mycobot_with_gripper/share/mycobot_with_gripper/config/urdf/hand_left_front_link.obj
-- Up-to-date: /home/psy/2024.11.26.TurtleArm_Moveit/install/mycobot_with_gripper/share/mycobot_with_gripper/config/urdf/hand_right_front_link.stl
-- Up-to-date: /home/psy/2024.11.26.TurtleArm_Moveit/install/mycobot_with_gripper/share/mycobot_with_gripper/config/urdf/hand_base_link.stl
-- Up-to-date: /home/psy/2024.11.26.TurtleArm_Moveit/install/mycobot_with_gripper/share/mycobot_with_gripper/config/urdf/hand_right_inside.obj
-- Up-to-date: /home/psy/2024.11.26.TurtleArm_Moveit/install/mycobot_with_gripper/share/mycobot_with_gripper/config/urdf/link1.obj
-- Up-to-date: /home/psy/2024.11.26.TurtleArm_Moveit/install/mycobot_with_gripper/share/mycobot_with_gripper/config/urdf/camera.stl
-- Up-to-date: /home/psy/2024.11.26.TurtleArm_Moveit/install/mycobot_with_gripper/share/mycobot_with_gripper/config/urdf/hand_right_outside.stl
-- Up-to-date: /home/psy/2024.11.26.TurtleArm_Moveit/install/mycobot_with_gripper/share/mycobot_with_gripper/config/urdf/link4.obj
-- Up-to-date: /home/psy/2024.11.26.TurtleArm_Moveit/install/mycobot_with_gripper/share/mycobot_with_gripper/config/urdf/link2.obj
-- Up-to-date: /home/psy/2024.11.26.TurtleArm_Moveit/install/mycobot_with_gripper/share/mycobot_with_gripper/config/urdf/link6.obj
-- Up-to-date: /home/psy/2024.11.26.TurtleArm_Moveit/install/mycobot_with_gripper/share/mycobot_with_gripper/config/urdf/link1.stl
-- Up-to-date: /home/psy/2024.11.26.TurtleArm_Moveit/install/mycobot_with_gripper/share/mycobot_with_gripper/config/urdf/base.obj
-- Up-to-date: /home/psy/2024.11.26.TurtleArm_Moveit/install/mycobot_with_gripper/share/mycobot_with_gripper/config/urdf/camera.obj
-- Up-to-date: /home/psy/2024.11.26.TurtleArm_Moveit/install/mycobot_with_gripper/share/mycobot_with_gripper/config/urdf/gripperlink.obj
-- Up-to-date: /home/psy/2024.11.26.TurtleArm_Moveit/install/mycobot_with_gripper/share/mycobot_with_gripper/config/urdf/base.stl
-- Up-to-date: /home/psy/2024.11.26.TurtleArm_Moveit/install/mycobot_with_gripper/share/mycobot_with_gripper/config/urdf/hand_left_outside.obj
-- Up-to-date: /home/psy/2024.11.26.TurtleArm_Moveit/install/mycobot_with_gripper/share/mycobot_with_gripper/config/urdf/gripper_holder.obj
-- Up-to-date: /home/psy/2024.11.26.TurtleArm_Moveit/install/mycobot_with_gripper/share/mycobot_with_gripper/config/mycobot_320.ros2_control.xacro
-- Up-to-date: /home/psy/2024.11.26.TurtleArm_Moveit/install/mycobot_with_gripper/share/mycobot_with_gripper/config/moveit.rviz
-- Up-to-date: /home/psy/2024.11.26.TurtleArm_Moveit/install/mycobot_with_gripper/share/mycobot_with_gripper/config/sensors_3d.yaml
-- Up-to-date: /home/psy/2024.11.26.TurtleArm_Moveit/install/mycobot_with_gripper/share/mycobot_with_gripper/config/mycobot_320.urdf.xacro
-- Up-to-date: /home/psy/2024.11.26.TurtleArm_Moveit/install/mycobot_with_gripper/share/mycobot_with_gripper/config/pilz_cartesian_limits.yaml
-- Up-to-date: /home/psy/2024.11.26.TurtleArm_Moveit/install/mycobot_with_gripper/share/mycobot_with_gripper/config/kinematics.yaml
-- Up-to-date: /home/psy/2024.11.26.TurtleArm_Moveit/install/mycobot_with_gripper/share/mycobot_with_gripper/config/mycobot_320.srdf
-- Up-to-date: /home/psy/2024.11.26.TurtleArm_Moveit/install/mycobot_with_gripper/share/mycobot_with_gripper/.setup_assistant
