[9.194s] Invoking command in '/home/pi/arm_ws/src/turtle_con': PYTHONPATH=/home/pi/arm_ws/build/turtle_con/prefix_override:/usr/lib/python3/dist-packages/colcon_core/task/python/colcon_distutils_commands:/home/pi/arm_ws/install/turtle_con/lib/python3.8/site-packages:${PYTHONPATH} /usr/bin/python3 -W ignore:setup.py install is deprecated setup.py egg_info --egg-base ../../build/turtle_con build --build-base /home/pi/arm_ws/build/turtle_con/build install --record /home/pi/arm_ws/build/turtle_con/install.log --install-scripts $base/lib/turtle_con --single-version-externally-managed install_data
[11.555s] running egg_info
[11.561s] writing ../../build/turtle_con/turtle_con.egg-info/PKG-INFO
[11.563s] writing dependency_links to ../../build/turtle_con/turtle_con.egg-info/dependency_links.txt
[11.565s] writing entry points to ../../build/turtle_con/turtle_con.egg-info/entry_points.txt
[11.566s] writing requirements to ../../build/turtle_con/turtle_con.egg-info/requires.txt
[11.568s] writing top-level names to ../../build/turtle_con/turtle_con.egg-info/top_level.txt
[11.924s] reading manifest file '../../build/turtle_con/turtle_con.egg-info/SOURCES.txt'
[11.934s] writing manifest file '../../build/turtle_con/turtle_con.egg-info/SOURCES.txt'
[11.936s] running build
[11.937s] running build_py
[11.939s] copying turtle_con/move_qr.py -> /home/pi/arm_ws/build/turtle_con/build/lib/turtle_con
[11.942s] running install
[11.949s] running install_lib
[11.960s] copying /home/pi/arm_ws/build/turtle_con/build/lib/turtle_con/move_qr.py -> /home/pi/arm_ws/install/turtle_con/lib/python3.8/site-packages/turtle_con
[11.967s] byte-compiling /home/pi/arm_ws/install/turtle_con/lib/python3.8/site-packages/turtle_con/move_qr.py to move_qr.cpython-38.pyc
[11.988s] running install_data
[11.990s] running install_egg_info
[12.005s] removing '/home/pi/arm_ws/install/turtle_con/lib/python3.8/site-packages/turtle_con-0.0.0-py3.8.egg-info' (and everything under it)
[12.010s] Copying ../../build/turtle_con/turtle_con.egg-info to /home/pi/arm_ws/install/turtle_con/lib/python3.8/site-packages/turtle_con-0.0.0-py3.8.egg-info
[12.023s] running install_scripts
[12.195s] Installing move_qr script to /home/pi/arm_ws/install/turtle_con/lib/turtle_con
[12.198s] Installing turtle_ros2_con script to /home/pi/arm_ws/install/turtle_con/lib/turtle_con
[12.200s] Installing with_qr script to /home/pi/arm_ws/install/turtle_con/lib/turtle_con
[12.205s] writing list of installed files to '/home/pi/arm_ws/build/turtle_con/install.log'
[12.489s] Invoked command in '/home/pi/arm_ws/src/turtle_con' returned '0': PYTHONPATH=/home/pi/arm_ws/build/turtle_con/prefix_override:/usr/lib/python3/dist-packages/colcon_core/task/python/colcon_distutils_commands:/home/pi/arm_ws/install/turtle_con/lib/python3.8/site-packages:${PYTHONPATH} /usr/bin/python3 -W ignore:setup.py install is deprecated setup.py egg_info --egg-base ../../build/turtle_con build --build-base /home/pi/arm_ws/build/turtle_con/build install --record /home/pi/arm_ws/build/turtle_con/install.log --install-scripts $base/lib/turtle_con --single-version-externally-managed install_data
