/home/kmw/trees_ws/build/py_trees_ros_tutorials/setup.py:5: DeprecationWarning: The distutils package is deprecated and slated for removal in Python 3.12. Use setuptools or check PEP 632 for potential alternatives
  from distutils import log
/home/kmw/miniconda3/envs/ros2_py310/lib/python3.10/site-packages/_distutils_hack/__init__.py:15: UserWarning: Distutils was imported before Setuptools, but importing Setuptools also replaces the `distutils` module in `sys.modules`. This may lead to undesirable behaviors or errors. To avoid these issues, avoid using distutils directly, ensure that setuptools is installed in the traditional way (e.g. not an editable install), and/or make sure that setuptools is always imported before distutils.
  warnings.warn(
/home/kmw/miniconda3/envs/ros2_py310/lib/python3.10/site-packages/_distutils_hack/__init__.py:30: UserWarning: Setuptools is replacing distutils. Support for replacing an already imported distutils is deprecated. In the future, this condition will fail. Register concerns at https://github.com/pypa/setuptools/issues/new?template=distutils-deprecation.yml
  warnings.warn(
running develop
running egg_info
writing py_trees_ros_tutorials.egg-info/PKG-INFO
writing dependency_links to py_trees_ros_tutorials.egg-info/dependency_links.txt
writing entry points to py_trees_ros_tutorials.egg-info/entry_points.txt
writing top-level names to py_trees_ros_tutorials.egg-info/top_level.txt
reading manifest file 'py_trees_ros_tutorials.egg-info/SOURCES.txt'
writing manifest file 'py_trees_ros_tutorials.egg-info/SOURCES.txt'
running build_ext
Creating /home/kmw/trees_ws/install/py_trees_ros_tutorials/lib/python3.10/site-packages/py-trees-ros-tutorials.egg-link (link to .)
Installing mock-battery script to /home/kmw/trees_ws/install/py_trees_ros_tutorials/lib/py_trees_ros_tutorials
Installing mock-dashboard script to /home/kmw/trees_ws/install/py_trees_ros_tutorials/lib/py_trees_ros_tutorials
Installing mock-dock-client script to /home/kmw/trees_ws/install/py_trees_ros_tutorials/lib/py_trees_ros_tutorials
Installing mock-docking-controller script to /home/kmw/trees_ws/install/py_trees_ros_tutorials/lib/py_trees_ros_tutorials
Installing mock-led-strip script to /home/kmw/trees_ws/install/py_trees_ros_tutorials/lib/py_trees_ros_tutorials
Installing mock-move-base script to /home/kmw/trees_ws/install/py_trees_ros_tutorials/lib/py_trees_ros_tutorials
Installing mock-move-base-client script to /home/kmw/trees_ws/install/py_trees_ros_tutorials/lib/py_trees_ros_tutorials
Installing mock-rotate-client script to /home/kmw/trees_ws/install/py_trees_ros_tutorials/lib/py_trees_ros_tutorials
Installing mock-rotation-controller script to /home/kmw/trees_ws/install/py_trees_ros_tutorials/lib/py_trees_ros_tutorials
Installing mock-safety-sensors script to /home/kmw/trees_ws/install/py_trees_ros_tutorials/lib/py_trees_ros_tutorials
Installing tree-action-clients script to /home/kmw/trees_ws/install/py_trees_ros_tutorials/lib/py_trees_ros_tutorials
Installing tree-battery-check script to /home/kmw/trees_ws/install/py_trees_ros_tutorials/lib/py_trees_ros_tutorials
Installing tree-context-switching script to /home/kmw/trees_ws/install/py_trees_ros_tutorials/lib/py_trees_ros_tutorials
Installing tree-data-gathering script to /home/kmw/trees_ws/install/py_trees_ros_tutorials/lib/py_trees_ros_tutorials
Installing tree-docking-cancelling-failing script to /home/kmw/trees_ws/install/py_trees_ros_tutorials/lib/py_trees_ros_tutorials
Installing tree-dynamic-application-loading script to /home/kmw/trees_ws/install/py_trees_ros_tutorials/lib/py_trees_ros_tutorials

Installed /home/kmw/trees_ws/build/py_trees_ros_tutorials
running symlink_data
symbolically linking /home/kmw/trees_ws/build/py_trees_ros_tutorials/package.xml -> /home/kmw/trees_ws/install/py_trees_ros_tutorials/share/py_trees_ros_tutorials
symbolically linking /home/kmw/trees_ws/build/py_trees_ros_tutorials/resources/py_trees_ros_tutorials -> /home/kmw/trees_ws/install/py_trees_ros_tutorials/share/ament_index/resource_index/packages
symbolically linking /home/kmw/trees_ws/build/py_trees_ros_tutorials/launch/tutorial_one_data_gathering_launch.py -> /home/kmw/trees_ws/install/py_trees_ros_tutorials/share/py_trees_ros_tutorials/launch
symbolically linking /home/kmw/trees_ws/build/py_trees_ros_tutorials/launch/tutorial_six_context_switching_launch.py -> /home/kmw/trees_ws/install/py_trees_ros_tutorials/share/py_trees_ros_tutorials/launch
symbolically linking /home/kmw/trees_ws/build/py_trees_ros_tutorials/launch/tutorial_three_introspect_the_blackboard_launch.py -> /home/kmw/trees_ws/install/py_trees_ros_tutorials/share/py_trees_ros_tutorials/launch
symbolically linking /home/kmw/trees_ws/build/py_trees_ros_tutorials/launch/mock_robot_launch.py -> /home/kmw/trees_ws/install/py_trees_ros_tutorials/share/py_trees_ros_tutorials/launch
symbolically linking /home/kmw/trees_ws/build/py_trees_ros_tutorials/launch/tutorial_eight_dynamic_application_loading_launch.py -> /home/kmw/trees_ws/install/py_trees_ros_tutorials/share/py_trees_ros_tutorials/launch
symbolically linking /home/kmw/trees_ws/build/py_trees_ros_tutorials/launch/tutorial_four_introspect_the_tree_launch.py -> /home/kmw/trees_ws/install/py_trees_ros_tutorials/share/py_trees_ros_tutorials/launch
symbolically linking /home/kmw/trees_ws/build/py_trees_ros_tutorials/launch/tutorial_two_battery_check_launch.py -> /home/kmw/trees_ws/install/py_trees_ros_tutorials/share/py_trees_ros_tutorials/launch
symbolically linking /home/kmw/trees_ws/build/py_trees_ros_tutorials/launch/tutorial_seven_docking_cancelling_failing_launch.py -> /home/kmw/trees_ws/install/py_trees_ros_tutorials/share/py_trees_ros_tutorials/launch
symbolically linking /home/kmw/trees_ws/build/py_trees_ros_tutorials/launch/tutorial_five_action_clients_launch.py -> /home/kmw/trees_ws/install/py_trees_ros_tutorials/share/py_trees_ros_tutorials/launch
