[1.419s] Invoking command in '/home/kmw/trees_ws/build/py_trees_ros_tutorials': AMENT_PREFIX_PATH=/home/kmw/trees_ws/install/py_trees_ros:/home/kmw/trees_ws/install/spot_bt_ros:/home/kmw/trees_ws/install/test_tree:/home/kmw/trees_ws/install/py_trees_ros_viewer:/home/kmw/trees_ws/install/py_trees_ros_tutorials:/opt/ros/humble CONDA_PROMPT_MODIFIER=(ros2_py310) PATH=/home/kmw/trees_ws/install/py_trees_ros/bin:/home/kmw/trees_ws/install/py_trees_ros_viewer/bin:/opt/ros/humble/bin:/home/kmw/gems/bin:/home/kmw/gems/bin:/home/kmw/miniconda3/envs/ros2_py310/bin:/home/kmw/miniconda3/condabin:/home/kmw/.cargo/bin:/home/kmw/.local/bin:/usr/local/sbin:/usr/local/bin:/usr/sbin:/usr/bin:/sbin:/bin:/usr/games:/usr/local/games:/snap/bin:/snap/bin PYTHONPATH=/home/kmw/trees_ws/build/py_trees_ros_tutorials/prefix_override:/usr/lib/python3/dist-packages/colcon_core/task/python/colcon_distutils_commands:/home/kmw/trees_ws/install/py_trees_ros_tutorials/lib/python3.10/site-packages:/home/kmw/trees_ws/build/py_trees_ros:/home/kmw/trees_ws/install/py_trees_ros/lib/python3.10/site-packages:/home/kmw/trees_ws/install/spot_bt_ros/lib/python3.10/site-packages:/home/kmw/trees_ws/install/test_tree/lib/python3.10/site-packages:/home/kmw/trees_ws/install/py_trees_ros_viewer/lib/python3.10/site-packages:/home/kmw/trees_ws/install/py_trees_ros_tutorials/lib/python3.10/site-packages:/opt/ros/humble/lib/python3.10/site-packages:/opt/ros/humble/local/lib/python3.10/dist-packages:/home/kmw/miniconda3/envs/ros2_py310/lib/python3.10/site-packages/ /usr/bin/python3 -W ignore:setup.py install is deprecated -W ignore:easy_install command is deprecated setup.py develop --editable --build-directory /home/kmw/trees_ws/build/py_trees_ros_tutorials/build --no-deps symlink_data --force
[1.451s] /home/kmw/trees_ws/build/py_trees_ros_tutorials/setup.py:5: DeprecationWarning: The distutils package is deprecated and slated for removal in Python 3.12. Use setuptools or check PEP 632 for potential alternatives
[1.452s]   from distutils import log
[1.455s] /home/kmw/miniconda3/envs/ros2_py310/lib/python3.10/site-packages/_distutils_hack/__init__.py:15: UserWarning: Distutils was imported before Setuptools, but importing Setuptools also replaces the `distutils` module in `sys.modules`. This may lead to undesirable behaviors or errors. To avoid these issues, avoid using distutils directly, ensure that setuptools is installed in the traditional way (e.g. not an editable install), and/or make sure that setuptools is always imported before distutils.
[1.455s]   warnings.warn(
[1.455s] /home/kmw/miniconda3/envs/ros2_py310/lib/python3.10/site-packages/_distutils_hack/__init__.py:30: UserWarning: Setuptools is replacing distutils. Support for replacing an already imported distutils is deprecated. In the future, this condition will fail. Register concerns at https://github.com/pypa/setuptools/issues/new?template=distutils-deprecation.yml
[1.455s]   warnings.warn(
[1.777s] running develop
[2.005s] running egg_info
[2.024s] writing py_trees_ros_tutorials.egg-info/PKG-INFO
[2.024s] writing dependency_links to py_trees_ros_tutorials.egg-info/dependency_links.txt
[2.024s] writing entry points to py_trees_ros_tutorials.egg-info/entry_points.txt
[2.025s] writing top-level names to py_trees_ros_tutorials.egg-info/top_level.txt
[2.063s] reading manifest file 'py_trees_ros_tutorials.egg-info/SOURCES.txt'
[2.065s] writing manifest file 'py_trees_ros_tutorials.egg-info/SOURCES.txt'
[2.084s] running build_ext
[2.084s] Creating /home/kmw/trees_ws/install/py_trees_ros_tutorials/lib/python3.10/site-packages/py-trees-ros-tutorials.egg-link (link to .)
[2.085s] Installing mock-battery script to /home/kmw/trees_ws/install/py_trees_ros_tutorials/lib/py_trees_ros_tutorials
[2.085s] Installing mock-dashboard script to /home/kmw/trees_ws/install/py_trees_ros_tutorials/lib/py_trees_ros_tutorials
[2.085s] Installing mock-dock-client script to /home/kmw/trees_ws/install/py_trees_ros_tutorials/lib/py_trees_ros_tutorials
[2.086s] Installing mock-docking-controller script to /home/kmw/trees_ws/install/py_trees_ros_tutorials/lib/py_trees_ros_tutorials
[2.086s] Installing mock-led-strip script to /home/kmw/trees_ws/install/py_trees_ros_tutorials/lib/py_trees_ros_tutorials
[2.086s] Installing mock-move-base script to /home/kmw/trees_ws/install/py_trees_ros_tutorials/lib/py_trees_ros_tutorials
[2.086s] Installing mock-move-base-client script to /home/kmw/trees_ws/install/py_trees_ros_tutorials/lib/py_trees_ros_tutorials
[2.086s] Installing mock-rotate-client script to /home/kmw/trees_ws/install/py_trees_ros_tutorials/lib/py_trees_ros_tutorials
[2.086s] Installing mock-rotation-controller script to /home/kmw/trees_ws/install/py_trees_ros_tutorials/lib/py_trees_ros_tutorials
[2.086s] Installing mock-safety-sensors script to /home/kmw/trees_ws/install/py_trees_ros_tutorials/lib/py_trees_ros_tutorials
[2.086s] Installing tree-action-clients script to /home/kmw/trees_ws/install/py_trees_ros_tutorials/lib/py_trees_ros_tutorials
[2.087s] Installing tree-battery-check script to /home/kmw/trees_ws/install/py_trees_ros_tutorials/lib/py_trees_ros_tutorials
[2.087s] Installing tree-context-switching script to /home/kmw/trees_ws/install/py_trees_ros_tutorials/lib/py_trees_ros_tutorials
[2.087s] Installing tree-data-gathering script to /home/kmw/trees_ws/install/py_trees_ros_tutorials/lib/py_trees_ros_tutorials
[2.087s] Installing tree-docking-cancelling-failing script to /home/kmw/trees_ws/install/py_trees_ros_tutorials/lib/py_trees_ros_tutorials
[2.087s] Installing tree-dynamic-application-loading script to /home/kmw/trees_ws/install/py_trees_ros_tutorials/lib/py_trees_ros_tutorials
[2.087s] 
[2.087s] Installed /home/kmw/trees_ws/build/py_trees_ros_tutorials
[2.087s] running symlink_data
[2.088s] symbolically linking /home/kmw/trees_ws/build/py_trees_ros_tutorials/package.xml -> /home/kmw/trees_ws/install/py_trees_ros_tutorials/share/py_trees_ros_tutorials
[2.088s] symbolically linking /home/kmw/trees_ws/build/py_trees_ros_tutorials/resources/py_trees_ros_tutorials -> /home/kmw/trees_ws/install/py_trees_ros_tutorials/share/ament_index/resource_index/packages
[2.088s] symbolically linking /home/kmw/trees_ws/build/py_trees_ros_tutorials/launch/tutorial_one_data_gathering_launch.py -> /home/kmw/trees_ws/install/py_trees_ros_tutorials/share/py_trees_ros_tutorials/launch
[2.088s] symbolically linking /home/kmw/trees_ws/build/py_trees_ros_tutorials/launch/tutorial_six_context_switching_launch.py -> /home/kmw/trees_ws/install/py_trees_ros_tutorials/share/py_trees_ros_tutorials/launch
[2.089s] symbolically linking /home/kmw/trees_ws/build/py_trees_ros_tutorials/launch/tutorial_three_introspect_the_blackboard_launch.py -> /home/kmw/trees_ws/install/py_trees_ros_tutorials/share/py_trees_ros_tutorials/launch
[2.089s] symbolically linking /home/kmw/trees_ws/build/py_trees_ros_tutorials/launch/mock_robot_launch.py -> /home/kmw/trees_ws/install/py_trees_ros_tutorials/share/py_trees_ros_tutorials/launch
[2.089s] symbolically linking /home/kmw/trees_ws/build/py_trees_ros_tutorials/launch/tutorial_eight_dynamic_application_loading_launch.py -> /home/kmw/trees_ws/install/py_trees_ros_tutorials/share/py_trees_ros_tutorials/launch
[2.089s] symbolically linking /home/kmw/trees_ws/build/py_trees_ros_tutorials/launch/tutorial_four_introspect_the_tree_launch.py -> /home/kmw/trees_ws/install/py_trees_ros_tutorials/share/py_trees_ros_tutorials/launch
[2.089s] symbolically linking /home/kmw/trees_ws/build/py_trees_ros_tutorials/launch/tutorial_two_battery_check_launch.py -> /home/kmw/trees_ws/install/py_trees_ros_tutorials/share/py_trees_ros_tutorials/launch
[2.089s] symbolically linking /home/kmw/trees_ws/build/py_trees_ros_tutorials/launch/tutorial_seven_docking_cancelling_failing_launch.py -> /home/kmw/trees_ws/install/py_trees_ros_tutorials/share/py_trees_ros_tutorials/launch
[2.089s] symbolically linking /home/kmw/trees_ws/build/py_trees_ros_tutorials/launch/tutorial_five_action_clients_launch.py -> /home/kmw/trees_ws/install/py_trees_ros_tutorials/share/py_trees_ros_tutorials/launch
[2.150s] Invoked command in '/home/kmw/trees_ws/build/py_trees_ros_tutorials' returned '0': AMENT_PREFIX_PATH=/home/kmw/trees_ws/install/py_trees_ros:/home/kmw/trees_ws/install/spot_bt_ros:/home/kmw/trees_ws/install/test_tree:/home/kmw/trees_ws/install/py_trees_ros_viewer:/home/kmw/trees_ws/install/py_trees_ros_tutorials:/opt/ros/humble CONDA_PROMPT_MODIFIER=(ros2_py310) PATH=/home/kmw/trees_ws/install/py_trees_ros/bin:/home/kmw/trees_ws/install/py_trees_ros_viewer/bin:/opt/ros/humble/bin:/home/kmw/gems/bin:/home/kmw/gems/bin:/home/kmw/miniconda3/envs/ros2_py310/bin:/home/kmw/miniconda3/condabin:/home/kmw/.cargo/bin:/home/kmw/.local/bin:/usr/local/sbin:/usr/local/bin:/usr/sbin:/usr/bin:/sbin:/bin:/usr/games:/usr/local/games:/snap/bin:/snap/bin PYTHONPATH=/home/kmw/trees_ws/build/py_trees_ros_tutorials/prefix_override:/usr/lib/python3/dist-packages/colcon_core/task/python/colcon_distutils_commands:/home/kmw/trees_ws/install/py_trees_ros_tutorials/lib/python3.10/site-packages:/home/kmw/trees_ws/build/py_trees_ros:/home/kmw/trees_ws/install/py_trees_ros/lib/python3.10/site-packages:/home/kmw/trees_ws/install/spot_bt_ros/lib/python3.10/site-packages:/home/kmw/trees_ws/install/test_tree/lib/python3.10/site-packages:/home/kmw/trees_ws/install/py_trees_ros_viewer/lib/python3.10/site-packages:/home/kmw/trees_ws/install/py_trees_ros_tutorials/lib/python3.10/site-packages:/opt/ros/humble/lib/python3.10/site-packages:/opt/ros/humble/local/lib/python3.10/dist-packages:/home/kmw/miniconda3/envs/ros2_py310/lib/python3.10/site-packages/ /usr/bin/python3 -W ignore:setup.py install is deprecated -W ignore:easy_install command is deprecated setup.py develop --editable --build-directory /home/kmw/trees_ws/build/py_trees_ros_tutorials/build --no-deps symlink_data --force
