[2.799s] DEBUG:colcon:Command line arguments: ['/usr/bin/colcon', 'build']
[2.800s] DEBUG:colcon:Parsed command line arguments: Namespace(allow_overriding=[], ament_cmake_args=None, base_paths=['.'], build_base='build', catkin_cmake_args=None, catkin_skip_building_tests=False, cmake_args=None, cmake_clean_cache=False, cmake_clean_first=False, cmake_force_configure=False, cmake_target=None, cmake_target_skip_unavailable=False, continue_on_error=False, event_handlers=None, executor='parallel', ignore_user_meta=False, install_base='install', log_base=None, log_level=None, main=<bound method BuildVerb.main of <colcon_core.verb.build.BuildVerb object at 0xffff809e0130>>, merge_install=False, metas=['./colcon.meta'], mixin=None, mixin_files=None, mixin_verb=('build',), packages_above=None, packages_above_and_dependencies=None, packages_above_depth=None, packages_end=None, packages_ignore=None, packages_ignore_regex=None, packages_select=None, packages_select_build_failed=False, packages_select_by_dep=None, packages_select_regex=None, packages_select_test_failures=False, packages_skip=None, packages_skip_build_finished=False, packages_skip_by_dep=None, packages_skip_regex=None, packages_skip_test_passed=False, packages_skip_up_to=None, packages_start=None, packages_up_to=None, packages_up_to_regex=None, parallel_workers=4, paths=None, symlink_install=False, test_result_base=None, verb_extension=<colcon_core.verb.build.BuildVerb object at 0xffff809e0130>, verb_name='build', verb_parser=<colcon_mixin.mixin.mixin_argument.MixinArgumentDecorator object at 0xffff80934fd0>)
[5.080s] Level 1:colcon.colcon_core.package_discovery:discover_packages(colcon_meta) check parameters
[5.081s] Level 1:colcon.colcon_core.package_discovery:discover_packages(recursive) check parameters
[5.081s] Level 1:colcon.colcon_core.package_discovery:discover_packages(ignore) check parameters
[5.082s] Level 1:colcon.colcon_core.package_discovery:discover_packages(path) check parameters
[5.082s] Level 1:colcon.colcon_core.package_discovery:discover_packages(colcon_meta) discover
[5.083s] Level 1:colcon.colcon_core.package_discovery:discover_packages(recursive) discover
[5.083s] INFO:colcon.colcon_core.package_discovery:Crawling recursively for packages in '/home/pi/arm_ws'
[5.084s] Level 1:colcon.colcon_core.package_identification:_identify(.) by extensions ['ignore', 'ignore_ament_install']
[5.085s] Level 1:colcon.colcon_core.package_identification:_identify(.) by extension 'ignore'
[5.086s] Level 1:colcon.colcon_core.package_identification:_identify(.) by extension 'ignore_ament_install'
[5.087s] Level 1:colcon.colcon_core.package_identification:_identify(.) by extensions ['colcon_pkg']
[5.087s] Level 1:colcon.colcon_core.package_identification:_identify(.) by extension 'colcon_pkg'
[5.088s] Level 1:colcon.colcon_core.package_identification:_identify(.) by extensions ['colcon_meta']
[5.088s] Level 1:colcon.colcon_core.package_identification:_identify(.) by extension 'colcon_meta'
[5.089s] Level 1:colcon.colcon_core.package_identification:_identify(.) by extensions ['ros']
[5.089s] Level 1:colcon.colcon_core.package_identification:_identify(.) by extension 'ros'
[5.204s] Level 1:colcon.colcon_core.package_identification:_identify(.) by extensions ['cmake', 'python']
[5.205s] Level 1:colcon.colcon_core.package_identification:_identify(.) by extension 'cmake'
[5.205s] Level 1:colcon.colcon_core.package_identification:_identify(.) by extension 'python'
[5.206s] Level 1:colcon.colcon_core.package_identification:_identify(.) by extensions ['python_setup_py']
[5.206s] Level 1:colcon.colcon_core.package_identification:_identify(.) by extension 'python_setup_py'
[5.208s] Level 1:colcon.colcon_core.package_identification:_identify(FTServo_Python) by extensions ['ignore', 'ignore_ament_install']
[5.209s] Level 1:colcon.colcon_core.package_identification:_identify(FTServo_Python) by extension 'ignore'
[5.210s] Level 1:colcon.colcon_core.package_identification:_identify(FTServo_Python) by extension 'ignore_ament_install'
[5.211s] Level 1:colcon.colcon_core.package_identification:_identify(FTServo_Python) by extensions ['colcon_pkg']
[5.211s] Level 1:colcon.colcon_core.package_identification:_identify(FTServo_Python) by extension 'colcon_pkg'
[5.212s] Level 1:colcon.colcon_core.package_identification:_identify(FTServo_Python) by extensions ['colcon_meta']
[5.212s] Level 1:colcon.colcon_core.package_identification:_identify(FTServo_Python) by extension 'colcon_meta'
[5.213s] Level 1:colcon.colcon_core.package_identification:_identify(FTServo_Python) by extensions ['ros']
[5.213s] Level 1:colcon.colcon_core.package_identification:_identify(FTServo_Python) by extension 'ros'
[5.214s] Level 1:colcon.colcon_core.package_identification:_identify(FTServo_Python) by extensions ['cmake', 'python']
[5.215s] Level 1:colcon.colcon_core.package_identification:_identify(FTServo_Python) by extension 'cmake'
[5.216s] Level 1:colcon.colcon_core.package_identification:_identify(FTServo_Python) by extension 'python'
[5.216s] Level 1:colcon.colcon_core.package_identification:_identify(FTServo_Python) by extensions ['python_setup_py']
[5.216s] Level 1:colcon.colcon_core.package_identification:_identify(FTServo_Python) by extension 'python_setup_py'
[5.218s] Level 1:colcon.colcon_core.package_identification:_identify(FTServo_Python/scscl) by extensions ['ignore', 'ignore_ament_install']
[5.219s] Level 1:colcon.colcon_core.package_identification:_identify(FTServo_Python/scscl) by extension 'ignore'
[5.220s] Level 1:colcon.colcon_core.package_identification:_identify(FTServo_Python/scscl) by extension 'ignore_ament_install'
[5.221s] Level 1:colcon.colcon_core.package_identification:_identify(FTServo_Python/scscl) by extensions ['colcon_pkg']
[5.221s] Level 1:colcon.colcon_core.package_identification:_identify(FTServo_Python/scscl) by extension 'colcon_pkg'
[5.222s] Level 1:colcon.colcon_core.package_identification:_identify(FTServo_Python/scscl) by extensions ['colcon_meta']
[5.222s] Level 1:colcon.colcon_core.package_identification:_identify(FTServo_Python/scscl) by extension 'colcon_meta'
[5.223s] Level 1:colcon.colcon_core.package_identification:_identify(FTServo_Python/scscl) by extensions ['ros']
[5.223s] Level 1:colcon.colcon_core.package_identification:_identify(FTServo_Python/scscl) by extension 'ros'
[5.225s] Level 1:colcon.colcon_core.package_identification:_identify(FTServo_Python/scscl) by extensions ['cmake', 'python']
[5.225s] Level 1:colcon.colcon_core.package_identification:_identify(FTServo_Python/scscl) by extension 'cmake'
[5.226s] Level 1:colcon.colcon_core.package_identification:_identify(FTServo_Python/scscl) by extension 'python'
[5.226s] Level 1:colcon.colcon_core.package_identification:_identify(FTServo_Python/scscl) by extensions ['python_setup_py']
[5.227s] Level 1:colcon.colcon_core.package_identification:_identify(FTServo_Python/scscl) by extension 'python_setup_py'
[5.228s] Level 1:colcon.colcon_core.package_identification:_identify(FTServo_Python/scservo_sdk) by extensions ['ignore', 'ignore_ament_install']
[5.230s] Level 1:colcon.colcon_core.package_identification:_identify(FTServo_Python/scservo_sdk) by extension 'ignore'
[5.230s] Level 1:colcon.colcon_core.package_identification:_identify(FTServo_Python/scservo_sdk) by extension 'ignore_ament_install'
[5.231s] Level 1:colcon.colcon_core.package_identification:_identify(FTServo_Python/scservo_sdk) by extensions ['colcon_pkg']
[5.232s] Level 1:colcon.colcon_core.package_identification:_identify(FTServo_Python/scservo_sdk) by extension 'colcon_pkg'
[5.232s] Level 1:colcon.colcon_core.package_identification:_identify(FTServo_Python/scservo_sdk) by extensions ['colcon_meta']
[5.233s] Level 1:colcon.colcon_core.package_identification:_identify(FTServo_Python/scservo_sdk) by extension 'colcon_meta'
[5.233s] Level 1:colcon.colcon_core.package_identification:_identify(FTServo_Python/scservo_sdk) by extensions ['ros']
[5.234s] Level 1:colcon.colcon_core.package_identification:_identify(FTServo_Python/scservo_sdk) by extension 'ros'
[5.235s] Level 1:colcon.colcon_core.package_identification:_identify(FTServo_Python/scservo_sdk) by extensions ['cmake', 'python']
[5.236s] Level 1:colcon.colcon_core.package_identification:_identify(FTServo_Python/scservo_sdk) by extension 'cmake'
[5.237s] Level 1:colcon.colcon_core.package_identification:_identify(FTServo_Python/scservo_sdk) by extension 'python'
[5.237s] Level 1:colcon.colcon_core.package_identification:_identify(FTServo_Python/scservo_sdk) by extensions ['python_setup_py']
[5.238s] Level 1:colcon.colcon_core.package_identification:_identify(FTServo_Python/scservo_sdk) by extension 'python_setup_py'
[5.239s] Level 1:colcon.colcon_core.package_identification:_identify(FTServo_Python/sms_sts) by extensions ['ignore', 'ignore_ament_install']
[5.240s] Level 1:colcon.colcon_core.package_identification:_identify(FTServo_Python/sms_sts) by extension 'ignore'
[5.241s] Level 1:colcon.colcon_core.package_identification:_identify(FTServo_Python/sms_sts) by extension 'ignore_ament_install'
[5.242s] Level 1:colcon.colcon_core.package_identification:_identify(FTServo_Python/sms_sts) by extensions ['colcon_pkg']
[5.242s] Level 1:colcon.colcon_core.package_identification:_identify(FTServo_Python/sms_sts) by extension 'colcon_pkg'
[5.243s] Level 1:colcon.colcon_core.package_identification:_identify(FTServo_Python/sms_sts) by extensions ['colcon_meta']
[5.243s] Level 1:colcon.colcon_core.package_identification:_identify(FTServo_Python/sms_sts) by extension 'colcon_meta'
[5.244s] Level 1:colcon.colcon_core.package_identification:_identify(FTServo_Python/sms_sts) by extensions ['ros']
[5.244s] Level 1:colcon.colcon_core.package_identification:_identify(FTServo_Python/sms_sts) by extension 'ros'
[5.245s] Level 1:colcon.colcon_core.package_identification:_identify(FTServo_Python/sms_sts) by extensions ['cmake', 'python']
[5.246s] Level 1:colcon.colcon_core.package_identification:_identify(FTServo_Python/sms_sts) by extension 'cmake'
[5.246s] Level 1:colcon.colcon_core.package_identification:_identify(FTServo_Python/sms_sts) by extension 'python'
[5.247s] Level 1:colcon.colcon_core.package_identification:_identify(FTServo_Python/sms_sts) by extensions ['python_setup_py']
[5.247s] Level 1:colcon.colcon_core.package_identification:_identify(FTServo_Python/sms_sts) by extension 'python_setup_py'
[5.249s] Level 1:colcon.colcon_core.package_identification:_identify(FTServo_Python/sms_sts/build) by extensions ['ignore', 'ignore_ament_install']
[5.250s] Level 1:colcon.colcon_core.package_identification:_identify(FTServo_Python/sms_sts/build) by extension 'ignore'
[5.250s] Level 1:colcon.colcon_core.package_identification:_identify(FTServo_Python/sms_sts/build) ignored
[5.252s] Level 1:colcon.colcon_core.package_identification:_identify(FTServo_Python/sms_sts/install) by extensions ['ignore', 'ignore_ament_install']
[5.253s] Level 1:colcon.colcon_core.package_identification:_identify(FTServo_Python/sms_sts/install) by extension 'ignore'
[5.254s] Level 1:colcon.colcon_core.package_identification:_identify(FTServo_Python/sms_sts/install) ignored
[5.255s] Level 1:colcon.colcon_core.package_identification:_identify(FTServo_Python/sms_sts/log) by extensions ['ignore', 'ignore_ament_install']
[5.256s] Level 1:colcon.colcon_core.package_identification:_identify(FTServo_Python/sms_sts/log) by extension 'ignore'
[5.257s] Level 1:colcon.colcon_core.package_identification:_identify(FTServo_Python/sms_sts/log) ignored
[5.258s] Level 1:colcon.colcon_core.package_identification:_identify(FTServo_Python/sms_sts/src) by extensions ['ignore', 'ignore_ament_install']
[5.259s] Level 1:colcon.colcon_core.package_identification:_identify(FTServo_Python/sms_sts/src) by extension 'ignore'
[5.260s] Level 1:colcon.colcon_core.package_identification:_identify(FTServo_Python/sms_sts/src) by extension 'ignore_ament_install'
[5.261s] Level 1:colcon.colcon_core.package_identification:_identify(FTServo_Python/sms_sts/src) by extensions ['colcon_pkg']
[5.261s] Level 1:colcon.colcon_core.package_identification:_identify(FTServo_Python/sms_sts/src) by extension 'colcon_pkg'
[5.262s] Level 1:colcon.colcon_core.package_identification:_identify(FTServo_Python/sms_sts/src) by extensions ['colcon_meta']
[5.262s] Level 1:colcon.colcon_core.package_identification:_identify(FTServo_Python/sms_sts/src) by extension 'colcon_meta'
[5.263s] Level 1:colcon.colcon_core.package_identification:_identify(FTServo_Python/sms_sts/src) by extensions ['ros']
[5.264s] Level 1:colcon.colcon_core.package_identification:_identify(FTServo_Python/sms_sts/src) by extension 'ros'
[5.265s] Level 1:colcon.colcon_core.package_identification:_identify(FTServo_Python/sms_sts/src) by extensions ['cmake', 'python']
[5.265s] Level 1:colcon.colcon_core.package_identification:_identify(FTServo_Python/sms_sts/src) by extension 'cmake'
[5.266s] Level 1:colcon.colcon_core.package_identification:_identify(FTServo_Python/sms_sts/src) by extension 'python'
[5.266s] Level 1:colcon.colcon_core.package_identification:_identify(FTServo_Python/sms_sts/src) by extensions ['python_setup_py']
[5.267s] Level 1:colcon.colcon_core.package_identification:_identify(FTServo_Python/sms_sts/src) by extension 'python_setup_py'
[5.268s] Level 1:colcon.colcon_core.package_identification:_identify(build) by extensions ['ignore', 'ignore_ament_install']
[5.269s] Level 1:colcon.colcon_core.package_identification:_identify(build) by extension 'ignore'
[5.270s] Level 1:colcon.colcon_core.package_identification:_identify(build) ignored
[5.271s] Level 1:colcon.colcon_core.package_identification:_identify(install) by extensions ['ignore', 'ignore_ament_install']
[5.272s] Level 1:colcon.colcon_core.package_identification:_identify(install) by extension 'ignore'
[5.273s] Level 1:colcon.colcon_core.package_identification:_identify(install) ignored
[5.276s] Level 1:colcon.colcon_core.package_identification:_identify(log) by extensions ['ignore', 'ignore_ament_install']
[5.277s] Level 1:colcon.colcon_core.package_identification:_identify(log) by extension 'ignore'
[5.278s] Level 1:colcon.colcon_core.package_identification:_identify(log) ignored
[5.279s] Level 1:colcon.colcon_core.package_identification:_identify(src) by extensions ['ignore', 'ignore_ament_install']
[5.279s] Level 1:colcon.colcon_core.package_identification:_identify(src) by extension 'ignore'
[5.280s] Level 1:colcon.colcon_core.package_identification:_identify(src) by extension 'ignore_ament_install'
[5.281s] Level 1:colcon.colcon_core.package_identification:_identify(src) by extensions ['colcon_pkg']
[5.281s] Level 1:colcon.colcon_core.package_identification:_identify(src) by extension 'colcon_pkg'
[5.282s] Level 1:colcon.colcon_core.package_identification:_identify(src) by extensions ['colcon_meta']
[5.282s] Level 1:colcon.colcon_core.package_identification:_identify(src) by extension 'colcon_meta'
[5.283s] Level 1:colcon.colcon_core.package_identification:_identify(src) by extensions ['ros']
[5.283s] Level 1:colcon.colcon_core.package_identification:_identify(src) by extension 'ros'
[5.284s] Level 1:colcon.colcon_core.package_identification:_identify(src) by extensions ['cmake', 'python']
[5.284s] Level 1:colcon.colcon_core.package_identification:_identify(src) by extension 'cmake'
[5.285s] Level 1:colcon.colcon_core.package_identification:_identify(src) by extension 'python'
[5.286s] Level 1:colcon.colcon_core.package_identification:_identify(src) by extensions ['python_setup_py']
[5.286s] Level 1:colcon.colcon_core.package_identification:_identify(src) by extension 'python_setup_py'
[5.288s] Level 1:colcon.colcon_core.package_identification:_identify(src/qr_cam) by extensions ['ignore', 'ignore_ament_install']
[5.289s] Level 1:colcon.colcon_core.package_identification:_identify(src/qr_cam) by extension 'ignore'
[5.289s] Level 1:colcon.colcon_core.package_identification:_identify(src/qr_cam) by extension 'ignore_ament_install'
[5.290s] Level 1:colcon.colcon_core.package_identification:_identify(src/qr_cam) by extensions ['colcon_pkg']
[5.290s] Level 1:colcon.colcon_core.package_identification:_identify(src/qr_cam) by extension 'colcon_pkg'
[5.291s] Level 1:colcon.colcon_core.package_identification:_identify(src/qr_cam) by extensions ['colcon_meta']
[5.291s] Level 1:colcon.colcon_core.package_identification:_identify(src/qr_cam) by extension 'colcon_meta'
[5.292s] Level 1:colcon.colcon_core.package_identification:_identify(src/qr_cam) by extensions ['ros']
[5.292s] Level 1:colcon.colcon_core.package_identification:_identify(src/qr_cam) by extension 'ros'
[5.315s] DEBUG:colcon.colcon_core.package_identification:Package 'src/qr_cam' with type 'ros.ament_python' and name 'qr_cam'
[5.316s] Level 1:colcon.colcon_core.package_identification:_identify(src/turtle_con) by extensions ['ignore', 'ignore_ament_install']
[5.317s] Level 1:colcon.colcon_core.package_identification:_identify(src/turtle_con) by extension 'ignore'
[5.318s] Level 1:colcon.colcon_core.package_identification:_identify(src/turtle_con) by extension 'ignore_ament_install'
[5.319s] Level 1:colcon.colcon_core.package_identification:_identify(src/turtle_con) by extensions ['colcon_pkg']
[5.319s] Level 1:colcon.colcon_core.package_identification:_identify(src/turtle_con) by extension 'colcon_pkg'
[5.320s] Level 1:colcon.colcon_core.package_identification:_identify(src/turtle_con) by extensions ['colcon_meta']
[5.320s] Level 1:colcon.colcon_core.package_identification:_identify(src/turtle_con) by extension 'colcon_meta'
[5.321s] Level 1:colcon.colcon_core.package_identification:_identify(src/turtle_con) by extensions ['ros']
[5.321s] Level 1:colcon.colcon_core.package_identification:_identify(src/turtle_con) by extension 'ros'
[5.328s] DEBUG:colcon.colcon_core.package_identification:Package 'src/turtle_con' with type 'ros.ament_python' and name 'turtle_con'
[5.328s] Level 1:colcon.colcon_core.package_discovery:discover_packages(recursive) using defaults
[5.329s] Level 1:colcon.colcon_core.package_discovery:discover_packages(ignore) discover
[5.329s] Level 1:colcon.colcon_core.package_discovery:discover_packages(ignore) using defaults
[5.330s] Level 1:colcon.colcon_core.package_discovery:discover_packages(path) discover
[5.330s] Level 1:colcon.colcon_core.package_discovery:discover_packages(path) using defaults
[5.495s] Level 1:colcon.colcon_core.package_discovery:discover_packages(prefix_path) check parameters
[5.495s] Level 1:colcon.colcon_core.package_discovery:discover_packages(prefix_path) discover
[5.517s] DEBUG:colcon.colcon_installed_package_information.package_discovery:Found 2 installed packages in /home/pi/arm_ws/install
[5.542s] DEBUG:colcon.colcon_installed_package_information.package_discovery:Found 299 installed packages in /opt/ros/foxy
[5.572s] Level 1:colcon.colcon_core.package_discovery:discover_packages(prefix_path) using defaults
[6.784s] Level 5:colcon.colcon_core.verb:set package 'qr_cam' build argument 'cmake_args' from command line to 'None'
[6.785s] Level 5:colcon.colcon_core.verb:set package 'qr_cam' build argument 'cmake_target' from command line to 'None'
[6.790s] Level 5:colcon.colcon_core.verb:set package 'qr_cam' build argument 'cmake_target_skip_unavailable' from command line to 'False'
[6.790s] Level 5:colcon.colcon_core.verb:set package 'qr_cam' build argument 'cmake_clean_cache' from command line to 'False'
[6.791s] Level 5:colcon.colcon_core.verb:set package 'qr_cam' build argument 'cmake_clean_first' from command line to 'False'
[6.791s] Level 5:colcon.colcon_core.verb:set package 'qr_cam' build argument 'cmake_force_configure' from command line to 'False'
[6.791s] Level 5:colcon.colcon_core.verb:set package 'qr_cam' build argument 'ament_cmake_args' from command line to 'None'
[6.792s] Level 5:colcon.colcon_core.verb:set package 'qr_cam' build argument 'catkin_cmake_args' from command line to 'None'
[6.792s] Level 5:colcon.colcon_core.verb:set package 'qr_cam' build argument 'catkin_skip_building_tests' from command line to 'False'
[6.792s] DEBUG:colcon.colcon_core.verb:Building package 'qr_cam' with the following arguments: {'ament_cmake_args': None, 'build_base': '/home/pi/arm_ws/build/qr_cam', 'catkin_cmake_args': None, 'catkin_skip_building_tests': False, 'cmake_args': None, 'cmake_clean_cache': False, 'cmake_clean_first': False, 'cmake_force_configure': False, 'cmake_target': None, 'cmake_target_skip_unavailable': False, 'install_base': '/home/pi/arm_ws/install/qr_cam', 'merge_install': False, 'path': '/home/pi/arm_ws/src/qr_cam', 'symlink_install': False, 'test_result_base': None}
[6.797s] Level 5:colcon.colcon_core.verb:set package 'turtle_con' build argument 'cmake_args' from command line to 'None'
[6.798s] Level 5:colcon.colcon_core.verb:set package 'turtle_con' build argument 'cmake_target' from command line to 'None'
[6.798s] Level 5:colcon.colcon_core.verb:set package 'turtle_con' build argument 'cmake_target_skip_unavailable' from command line to 'False'
[6.798s] Level 5:colcon.colcon_core.verb:set package 'turtle_con' build argument 'cmake_clean_cache' from command line to 'False'
[6.799s] Level 5:colcon.colcon_core.verb:set package 'turtle_con' build argument 'cmake_clean_first' from command line to 'False'
[6.799s] Level 5:colcon.colcon_core.verb:set package 'turtle_con' build argument 'cmake_force_configure' from command line to 'False'
[6.799s] Level 5:colcon.colcon_core.verb:set package 'turtle_con' build argument 'ament_cmake_args' from command line to 'None'
[6.799s] Level 5:colcon.colcon_core.verb:set package 'turtle_con' build argument 'catkin_cmake_args' from command line to 'None'
[6.800s] Level 5:colcon.colcon_core.verb:set package 'turtle_con' build argument 'catkin_skip_building_tests' from command line to 'False'
[6.800s] DEBUG:colcon.colcon_core.verb:Building package 'turtle_con' with the following arguments: {'ament_cmake_args': None, 'build_base': '/home/pi/arm_ws/build/turtle_con', 'catkin_cmake_args': None, 'catkin_skip_building_tests': False, 'cmake_args': None, 'cmake_clean_cache': False, 'cmake_clean_first': False, 'cmake_force_configure': False, 'cmake_target': None, 'cmake_target_skip_unavailable': False, 'install_base': '/home/pi/arm_ws/install/turtle_con', 'merge_install': False, 'path': '/home/pi/arm_ws/src/turtle_con', 'symlink_install': False, 'test_result_base': None}
[6.806s] INFO:colcon.colcon_core.executor:Executing jobs using 'parallel' executor
[6.817s] DEBUG:colcon.colcon_parallel_executor.executor.parallel:run_until_complete
[6.819s] INFO:colcon.colcon_ros.task.ament_python.build:Building ROS package in '/home/pi/arm_ws/src/qr_cam' with build type 'ament_python'
[6.821s] Level 1:colcon.colcon_core.shell:create_environment_hook('qr_cam', 'ament_prefix_path')
[6.841s] INFO:colcon.colcon_core.plugin_system:Skipping extension 'colcon_core.shell.bat': Not used on non-Windows systems
[6.844s] INFO:colcon.colcon_core.shell:Creating environment hook '/home/pi/arm_ws/install/qr_cam/share/qr_cam/hook/ament_prefix_path.ps1'
[6.850s] INFO:colcon.colcon_core.shell:Creating environment descriptor '/home/pi/arm_ws/install/qr_cam/share/qr_cam/hook/ament_prefix_path.dsv'
[6.856s] INFO:colcon.colcon_core.shell:Creating environment hook '/home/pi/arm_ws/install/qr_cam/share/qr_cam/hook/ament_prefix_path.sh'
[6.864s] INFO:colcon.colcon_core.shell:Skip shell extension 'powershell' for command environment: Not usable outside of PowerShell
[6.865s] DEBUG:colcon.colcon_core.shell:Skip shell extension 'dsv' for command environment
[6.927s] INFO:colcon.colcon_ros.task.ament_python.build:Building ROS package in '/home/pi/arm_ws/src/turtle_con' with build type 'ament_python'
[6.929s] Level 1:colcon.colcon_core.shell:create_environment_hook('turtle_con', 'ament_prefix_path')
[6.933s] INFO:colcon.colcon_core.shell:Creating environment hook '/home/pi/arm_ws/install/turtle_con/share/turtle_con/hook/ament_prefix_path.ps1'
[6.943s] INFO:colcon.colcon_core.shell:Creating environment descriptor '/home/pi/arm_ws/install/turtle_con/share/turtle_con/hook/ament_prefix_path.dsv'
[6.948s] INFO:colcon.colcon_core.shell:Creating environment hook '/home/pi/arm_ws/install/turtle_con/share/turtle_con/hook/ament_prefix_path.sh'
[6.956s] INFO:colcon.colcon_core.shell:Skip shell extension 'powershell' for command environment: Not usable outside of PowerShell
[6.957s] DEBUG:colcon.colcon_core.shell:Skip shell extension 'dsv' for command environment
[10.279s] INFO:colcon.colcon_core.task.python.build:Building Python package in '/home/pi/arm_ws/src/qr_cam'
[10.292s] INFO:colcon.colcon_core.shell:Skip shell extension 'powershell' for command environment: Not usable outside of PowerShell
[10.292s] DEBUG:colcon.colcon_core.shell:Skip shell extension 'dsv' for command environment
[13.493s] INFO:colcon.colcon_core.task.python.build:Building Python package in '/home/pi/arm_ws/src/turtle_con'
[13.496s] INFO:colcon.colcon_core.shell:Skip shell extension 'powershell' for command environment: Not usable outside of PowerShell
[13.497s] DEBUG:colcon.colcon_core.shell:Skip shell extension 'dsv' for command environment
[19.549s] DEBUG:colcon.colcon_core.event_handler.log_command:Invoking command in '/home/pi/arm_ws/src/turtle_con': PYTHONPATH=/home/pi/arm_ws/build/turtle_con/prefix_override:/usr/lib/python3/dist-packages/colcon_core/task/python/colcon_distutils_commands:/home/pi/arm_ws/install/turtle_con/lib/python3.8/site-packages:${PYTHONPATH} /usr/bin/python3 -W ignore:setup.py install is deprecated setup.py egg_info --egg-base ../../build/turtle_con build --build-base /home/pi/arm_ws/build/turtle_con/build install --record /home/pi/arm_ws/build/turtle_con/install.log --install-scripts $base/lib/turtle_con --single-version-externally-managed install_data
[19.707s] DEBUG:colcon.colcon_core.event_handler.log_command:Invoking command in '/home/pi/arm_ws/src/qr_cam': PYTHONPATH=/home/pi/arm_ws/build/qr_cam/prefix_override:/usr/lib/python3/dist-packages/colcon_core/task/python/colcon_distutils_commands:/home/pi/arm_ws/install/qr_cam/lib/python3.8/site-packages:${PYTHONPATH} /usr/bin/python3 -W ignore:setup.py install is deprecated setup.py egg_info --egg-base ../../build/qr_cam build --build-base /home/pi/arm_ws/build/qr_cam/build install --record /home/pi/arm_ws/build/qr_cam/install.log --install-scripts $base/lib/qr_cam --single-version-externally-managed install_data
[24.365s] DEBUG:colcon.colcon_core.event_handler.log_command:Invoked command in '/home/pi/arm_ws/src/turtle_con' returned '0': PYTHONPATH=/home/pi/arm_ws/build/turtle_con/prefix_override:/usr/lib/python3/dist-packages/colcon_core/task/python/colcon_distutils_commands:/home/pi/arm_ws/install/turtle_con/lib/python3.8/site-packages:${PYTHONPATH} /usr/bin/python3 -W ignore:setup.py install is deprecated setup.py egg_info --egg-base ../../build/turtle_con build --build-base /home/pi/arm_ws/build/turtle_con/build install --record /home/pi/arm_ws/build/turtle_con/install.log --install-scripts $base/lib/turtle_con --single-version-externally-managed install_data
[24.424s] Level 1:colcon.colcon_core.environment:checking '/home/pi/arm_ws/install/turtle_con' for CMake module files
[24.430s] Level 1:colcon.colcon_core.environment:checking '/home/pi/arm_ws/install/turtle_con' for CMake config files
[24.440s] Level 1:colcon.colcon_core.environment:checking '/home/pi/arm_ws/install/turtle_con/lib'
[24.442s] Level 1:colcon.colcon_core.environment:checking '/home/pi/arm_ws/install/turtle_con/bin'
[24.443s] Level 1:colcon.colcon_core.environment:checking '/home/pi/arm_ws/install/turtle_con/lib/pkgconfig/turtle_con.pc'
[24.445s] Level 1:colcon.colcon_core.environment:checking '/home/pi/arm_ws/install/turtle_con/lib/python3.8/site-packages'
[24.446s] Level 1:colcon.colcon_core.shell:create_environment_hook('turtle_con', 'pythonpath')
[24.449s] INFO:colcon.colcon_core.shell:Creating environment hook '/home/pi/arm_ws/install/turtle_con/share/turtle_con/hook/pythonpath.ps1'
[24.454s] INFO:colcon.colcon_core.shell:Creating environment descriptor '/home/pi/arm_ws/install/turtle_con/share/turtle_con/hook/pythonpath.dsv'
[24.458s] INFO:colcon.colcon_core.shell:Creating environment hook '/home/pi/arm_ws/install/turtle_con/share/turtle_con/hook/pythonpath.sh'
[24.464s] Level 1:colcon.colcon_core.environment:checking '/home/pi/arm_ws/install/turtle_con/bin'
[24.465s] Level 1:colcon.colcon_core.environment:create_environment_scripts_only(turtle_con)
[24.469s] INFO:colcon.colcon_core.shell:Creating package script '/home/pi/arm_ws/install/turtle_con/share/turtle_con/package.ps1'
[24.478s] INFO:colcon.colcon_core.shell:Creating package descriptor '/home/pi/arm_ws/install/turtle_con/share/turtle_con/package.dsv'
[24.485s] INFO:colcon.colcon_core.shell:Creating package script '/home/pi/arm_ws/install/turtle_con/share/turtle_con/package.sh'
[24.494s] INFO:colcon.colcon_core.shell:Creating package script '/home/pi/arm_ws/install/turtle_con/share/turtle_con/package.bash'
[24.502s] INFO:colcon.colcon_core.shell:Creating package script '/home/pi/arm_ws/install/turtle_con/share/turtle_con/package.zsh'
[24.511s] Level 1:colcon.colcon_core.environment:create_file_with_runtime_dependencies(/home/pi/arm_ws/install/turtle_con/share/colcon-core/packages/turtle_con)
[24.730s] Level 1:colcon.colcon_core.environment:checking '/home/pi/arm_ws/install/qr_cam' for CMake module files
[24.735s] DEBUG:colcon.colcon_core.event_handler.log_command:Invoked command in '/home/pi/arm_ws/src/qr_cam' returned '0': PYTHONPATH=/home/pi/arm_ws/build/qr_cam/prefix_override:/usr/lib/python3/dist-packages/colcon_core/task/python/colcon_distutils_commands:/home/pi/arm_ws/install/qr_cam/lib/python3.8/site-packages:${PYTHONPATH} /usr/bin/python3 -W ignore:setup.py install is deprecated setup.py egg_info --egg-base ../../build/qr_cam build --build-base /home/pi/arm_ws/build/qr_cam/build install --record /home/pi/arm_ws/build/qr_cam/install.log --install-scripts $base/lib/qr_cam --single-version-externally-managed install_data
[24.741s] Level 1:colcon.colcon_core.environment:checking '/home/pi/arm_ws/install/qr_cam' for CMake config files
[24.749s] Level 1:colcon.colcon_core.environment:checking '/home/pi/arm_ws/install/qr_cam/lib'
[24.750s] Level 1:colcon.colcon_core.environment:checking '/home/pi/arm_ws/install/qr_cam/bin'
[24.751s] Level 1:colcon.colcon_core.environment:checking '/home/pi/arm_ws/install/qr_cam/lib/pkgconfig/qr_cam.pc'
[24.753s] Level 1:colcon.colcon_core.environment:checking '/home/pi/arm_ws/install/qr_cam/lib/python3.8/site-packages'
[24.754s] Level 1:colcon.colcon_core.shell:create_environment_hook('qr_cam', 'pythonpath')
[24.756s] INFO:colcon.colcon_core.shell:Creating environment hook '/home/pi/arm_ws/install/qr_cam/share/qr_cam/hook/pythonpath.ps1'
[24.760s] INFO:colcon.colcon_core.shell:Creating environment descriptor '/home/pi/arm_ws/install/qr_cam/share/qr_cam/hook/pythonpath.dsv'
[24.765s] INFO:colcon.colcon_core.shell:Creating environment hook '/home/pi/arm_ws/install/qr_cam/share/qr_cam/hook/pythonpath.sh'
[24.771s] Level 1:colcon.colcon_core.environment:checking '/home/pi/arm_ws/install/qr_cam/bin'
[24.772s] Level 1:colcon.colcon_core.environment:create_environment_scripts_only(qr_cam)
[24.775s] INFO:colcon.colcon_core.shell:Creating package script '/home/pi/arm_ws/install/qr_cam/share/qr_cam/package.ps1'
[24.781s] INFO:colcon.colcon_core.shell:Creating package descriptor '/home/pi/arm_ws/install/qr_cam/share/qr_cam/package.dsv'
[24.786s] INFO:colcon.colcon_core.shell:Creating package script '/home/pi/arm_ws/install/qr_cam/share/qr_cam/package.sh'
[24.792s] INFO:colcon.colcon_core.shell:Creating package script '/home/pi/arm_ws/install/qr_cam/share/qr_cam/package.bash'
[24.796s] INFO:colcon.colcon_core.shell:Creating package script '/home/pi/arm_ws/install/qr_cam/share/qr_cam/package.zsh'
[24.801s] Level 1:colcon.colcon_core.environment:create_file_with_runtime_dependencies(/home/pi/arm_ws/install/qr_cam/share/colcon-core/packages/qr_cam)
[24.804s] DEBUG:colcon.colcon_parallel_executor.executor.parallel:closing loop
[24.807s] DEBUG:colcon.colcon_parallel_executor.executor.parallel:loop closed
[24.808s] DEBUG:colcon.colcon_parallel_executor.executor.parallel:run_until_complete finished with '0'
[24.811s] DEBUG:colcon.colcon_core.event_reactor:joining thread
[24.914s] INFO:colcon.colcon_core.plugin_system:Skipping extension 'colcon_notification.desktop_notification.terminal_notifier': Not used on non-Darwin systems
[24.915s] INFO:colcon.colcon_core.plugin_system:Skipping extension 'colcon_notification.desktop_notification.win32': Not used on non-Windows systems
[24.916s] INFO:colcon.colcon_notification.desktop_notification:Sending desktop notification using 'notify2'
[49.945s] DEBUG:colcon.colcon_notification.desktop_notification.notify2:Failed to initialize notify2: org.freedesktop.DBus.Error.NoReply: Did not receive a reply. Possible causes include: the remote application did not send a reply, the message bus security policy blocked the reply, the reply timeout expired, or the network connection was broken.
[49.946s] DEBUG:colcon.colcon_core.event_reactor:joined thread
[49.949s] INFO:colcon.colcon_core.shell:Creating prefix script '/home/pi/arm_ws/install/local_setup.ps1'
[49.967s] INFO:colcon.colcon_core.shell:Creating prefix util module '/home/pi/arm_ws/install/_local_setup_util_ps1.py'
[49.994s] INFO:colcon.colcon_core.shell:Creating prefix chain script '/home/pi/arm_ws/install/setup.ps1'
[50.005s] INFO:colcon.colcon_core.shell:Creating prefix script '/home/pi/arm_ws/install/local_setup.sh'
[50.011s] INFO:colcon.colcon_core.shell:Creating prefix util module '/home/pi/arm_ws/install/_local_setup_util_sh.py'
[50.018s] INFO:colcon.colcon_core.shell:Creating prefix chain script '/home/pi/arm_ws/install/setup.sh'
[50.029s] INFO:colcon.colcon_core.shell:Creating prefix script '/home/pi/arm_ws/install/local_setup.bash'
[50.035s] INFO:colcon.colcon_core.shell:Creating prefix chain script '/home/pi/arm_ws/install/setup.bash'
[50.046s] INFO:colcon.colcon_core.shell:Creating prefix script '/home/pi/arm_ws/install/local_setup.zsh'
[50.053s] INFO:colcon.colcon_core.shell:Creating prefix chain script '/home/pi/arm_ws/install/setup.zsh'
