[1.851s] Invoking command in '/home/kmw/cam_ws/src/ros2_cv_cam': CONDA_PROMPT_MODIFIER=(ros2_py310) PYTHONPATH=/home/kmw/cam_ws/build/ros2_cv_cam/prefix_override:/usr/lib/python3/dist-packages/colcon_core/task/python/colcon_distutils_commands:/home/kmw/cam_ws/install/ros2_cv_cam/lib/python3.10/site-packages:${PYTHONPATH} /usr/bin/python3 -W ignore:setup.py install is deprecated setup.py egg_info --egg-base ../../build/ros2_cv_cam build --build-base /home/kmw/cam_ws/build/ros2_cv_cam/build install --record /home/kmw/cam_ws/build/ros2_cv_cam/install.log --single-version-externally-managed install_data
[2.191s] /home/kmw/miniconda3/envs/ros2_py310/lib/python3.10/site-packages/setuptools/_distutils/dist.py:261: UserWarning: Unknown distribution option: 'tests_require'
[2.191s]   warnings.warn(msg)
[2.432s] running egg_info
[2.472s] writing ../../build/ros2_cv_cam/ros2_cv_cam.egg-info/PKG-INFO
[2.473s] writing dependency_links to ../../build/ros2_cv_cam/ros2_cv_cam.egg-info/dependency_links.txt
[2.473s] writing entry points to ../../build/ros2_cv_cam/ros2_cv_cam.egg-info/entry_points.txt
[2.474s] writing requirements to ../../build/ros2_cv_cam/ros2_cv_cam.egg-info/requires.txt
[2.474s] writing top-level names to ../../build/ros2_cv_cam/ros2_cv_cam.egg-info/top_level.txt
[2.555s] reading manifest file '../../build/ros2_cv_cam/ros2_cv_cam.egg-info/SOURCES.txt'
[2.558s] writing manifest file '../../build/ros2_cv_cam/ros2_cv_cam.egg-info/SOURCES.txt'
[2.558s] running build
[2.558s] running build_py
[2.559s] copying ros2_cv_cam/cam_sub.py -> /home/kmw/cam_ws/build/ros2_cv_cam/build/lib/ros2_cv_cam
[2.559s] copying ros2_cv_cam/img_sub.py -> /home/kmw/cam_ws/build/ros2_cv_cam/build/lib/ros2_cv_cam
[2.559s] copying ros2_cv_cam/__init__.py -> /home/kmw/cam_ws/build/ros2_cv_cam/build/lib/ros2_cv_cam
[2.560s] running install
[2.570s] running install_lib
[2.609s] copying /home/kmw/cam_ws/build/ros2_cv_cam/build/lib/ros2_cv_cam/img_sub.py -> /home/kmw/cam_ws/install/ros2_cv_cam/lib/python3.10/site-packages/ros2_cv_cam
[2.610s] byte-compiling /home/kmw/cam_ws/install/ros2_cv_cam/lib/python3.10/site-packages/ros2_cv_cam/img_sub.py to img_sub.cpython-310.pyc
[2.611s] running install_data
[2.612s] copying resource/ros2_cv_cam -> /home/kmw/cam_ws/install/ros2_cv_cam/share/ament_index/resource_index/packages
[2.612s] copying package.xml -> /home/kmw/cam_ws/install/ros2_cv_cam/share/ros2_cv_cam
[2.613s] running install_egg_info
[2.656s] removing '/home/kmw/cam_ws/install/ros2_cv_cam/lib/python3.10/site-packages/ros2_cv_cam-0.0.0-py3.10.egg-info' (and everything under it)
[2.656s] Copying ../../build/ros2_cv_cam/ros2_cv_cam.egg-info to /home/kmw/cam_ws/install/ros2_cv_cam/lib/python3.10/site-packages/ros2_cv_cam-0.0.0-py3.10.egg-info
[2.657s] running install_scripts
[2.971s] Installing cam_sub script to /home/kmw/cam_ws/install/ros2_cv_cam/lib/ros2_cv_cam
[2.971s] Installing img_sub script to /home/kmw/cam_ws/install/ros2_cv_cam/lib/ros2_cv_cam
[2.972s] writing list of installed files to '/home/kmw/cam_ws/build/ros2_cv_cam/install.log'
[3.061s] Invoked command in '/home/kmw/cam_ws/src/ros2_cv_cam' returned '0': CONDA_PROMPT_MODIFIER=(ros2_py310) PYTHONPATH=/home/kmw/cam_ws/build/ros2_cv_cam/prefix_override:/usr/lib/python3/dist-packages/colcon_core/task/python/colcon_distutils_commands:/home/kmw/cam_ws/install/ros2_cv_cam/lib/python3.10/site-packages:${PYTHONPATH} /usr/bin/python3 -W ignore:setup.py install is deprecated setup.py egg_info --egg-base ../../build/ros2_cv_cam build --build-base /home/kmw/cam_ws/build/ros2_cv_cam/build install --record /home/kmw/cam_ws/build/ros2_cv_cam/install.log --single-version-externally-managed install_data
