[9.652s] Invoking command in '/home/pi/arm_ws/src/turtle_con': PYTHONPATH=/home/pi/arm_ws/build/turtle_con/prefix_override:/usr/lib/python3/dist-packages/colcon_core/task/python/colcon_distutils_commands:/home/pi/arm_ws/install/turtle_con/lib/python3.8/site-packages:${PYTHONPATH} /usr/bin/python3 -W ignore:setup.py install is deprecated setup.py egg_info --egg-base ../../build/turtle_con build --build-base /home/pi/arm_ws/build/turtle_con/build install --record /home/pi/arm_ws/build/turtle_con/install.log --install-scripts $base/lib/turtle_con --single-version-externally-managed install_data
[12.148s] running egg_info
[12.154s] writing ../../build/turtle_con/turtle_con.egg-info/PKG-INFO
[12.158s] writing dependency_links to ../../build/turtle_con/turtle_con.egg-info/dependency_links.txt
[12.160s] writing entry points to ../../build/turtle_con/turtle_con.egg-info/entry_points.txt
[12.161s] writing requirements to ../../build/turtle_con/turtle_con.egg-info/requires.txt
[12.163s] writing top-level names to ../../build/turtle_con/turtle_con.egg-info/top_level.txt
[12.536s] reading manifest file '../../build/turtle_con/turtle_con.egg-info/SOURCES.txt'
[12.546s] writing manifest file '../../build/turtle_con/turtle_con.egg-info/SOURCES.txt'
[12.548s] running build
[12.549s] running build_py
[12.553s] copying turtle_con/with_qr.py -> /home/pi/arm_ws/build/turtle_con/build/lib/turtle_con
[12.557s] running install
[12.563s] running install_lib
[12.575s] copying /home/pi/arm_ws/build/turtle_con/build/lib/turtle_con/with_qr.py -> /home/pi/arm_ws/install/turtle_con/lib/python3.8/site-packages/turtle_con
[12.583s] byte-compiling /home/pi/arm_ws/install/turtle_con/lib/python3.8/site-packages/turtle_con/with_qr.py to with_qr.cpython-38.pyc
[12.605s] running install_data
[12.609s] running install_egg_info
[12.624s] removing '/home/pi/arm_ws/install/turtle_con/lib/python3.8/site-packages/turtle_con-0.0.0-py3.8.egg-info' (and everything under it)
[12.627s] Copying ../../build/turtle_con/turtle_con.egg-info to /home/pi/arm_ws/install/turtle_con/lib/python3.8/site-packages/turtle_con-0.0.0-py3.8.egg-info
[12.641s] running install_scripts
[12.801s] Installing move_qr script to /home/pi/arm_ws/install/turtle_con/lib/turtle_con
[12.803s] Installing qr_log script to /home/pi/arm_ws/install/turtle_con/lib/turtle_con
[12.805s] Installing turtle_ros2_con script to /home/pi/arm_ws/install/turtle_con/lib/turtle_con
[12.807s] Installing with_qr script to /home/pi/arm_ws/install/turtle_con/lib/turtle_con
[12.811s] writing list of installed files to '/home/pi/arm_ws/build/turtle_con/install.log'
[13.018s] Invoked command in '/home/pi/arm_ws/src/turtle_con' returned '0': PYTHONPATH=/home/pi/arm_ws/build/turtle_con/prefix_override:/usr/lib/python3/dist-packages/colcon_core/task/python/colcon_distutils_commands:/home/pi/arm_ws/install/turtle_con/lib/python3.8/site-packages:${PYTHONPATH} /usr/bin/python3 -W ignore:setup.py install is deprecated setup.py egg_info --egg-base ../../build/turtle_con build --build-base /home/pi/arm_ws/build/turtle_con/build install --record /home/pi/arm_ws/build/turtle_con/install.log --install-scripts $base/lib/turtle_con --single-version-externally-managed install_data
