[0.007s] Invoking command in '/home/psy/2024.11.26.TurtleArm_Moveit/build/myarm_moveit': AMENT_PREFIX_PATH=/home/psy/2024.11.26.TurtleArm_Moveit/install/mycobot_moveit:${AMENT_PREFIX_PATH} CMAKE_PREFIX_PATH=/home/psy/2024.11.26.TurtleArm_Moveit/install/mycobot_moveit:/opt/ros/humble /usr/bin/cmake /home/psy/2024.11.26.TurtleArm_Moveit/src/mycobot320_moveit2/myarm_moveit -DCMAKE_INSTALL_PREFIX=/home/psy/2024.11.26.TurtleArm_Moveit/install/myarm_moveit
[0.043s] -- The C compiler identification is GNU 11.4.0
[0.080s] -- The CXX compiler identification is GNU 11.4.0
[0.084s] -- Detecting C compiler ABI info
[0.130s] -- Detecting C compiler ABI info - done
[0.135s] -- Check for working C compiler: /usr/bin/cc - skipped
[0.135s] -- Detecting C compile features
[0.136s] -- Detecting C compile features - done
[0.138s] -- Detecting CXX compiler ABI info
[0.190s] -- Detecting CXX compiler ABI info - done
[0.196s] -- Check for working CXX compiler: /usr/bin/c++ - skipped
[0.196s] -- Detecting CXX compile features
[0.196s] -- Detecting CXX compile features - done
[0.197s] -- Found ament_cmake: 1.3.10 (/opt/ros/humble/share/ament_cmake/cmake)
[0.309s] -- Found Python3: /usr/bin/python3 (found version "3.10.12") found components: Interpreter 
[0.401s] -- Configuring done
[0.403s] -- Generating done
[0.403s] -- Build files have been written to: /home/psy/2024.11.26.TurtleArm_Moveit/build/myarm_moveit
[0.407s] Invoked command in '/home/psy/2024.11.26.TurtleArm_Moveit/build/myarm_moveit' returned '0': AMENT_PREFIX_PATH=/home/psy/2024.11.26.TurtleArm_Moveit/install/mycobot_moveit:${AMENT_PREFIX_PATH} CMAKE_PREFIX_PATH=/home/psy/2024.11.26.TurtleArm_Moveit/install/mycobot_moveit:/opt/ros/humble /usr/bin/cmake /home/psy/2024.11.26.TurtleArm_Moveit/src/mycobot320_moveit2/myarm_moveit -DCMAKE_INSTALL_PREFIX=/home/psy/2024.11.26.TurtleArm_Moveit/install/myarm_moveit
[0.407s] Invoking command in '/home/psy/2024.11.26.TurtleArm_Moveit/build/myarm_moveit': AMENT_PREFIX_PATH=/home/psy/2024.11.26.TurtleArm_Moveit/install/mycobot_moveit:${AMENT_PREFIX_PATH} CMAKE_PREFIX_PATH=/home/psy/2024.11.26.TurtleArm_Moveit/install/mycobot_moveit:/opt/ros/humble /usr/bin/cmake --build /home/psy/2024.11.26.TurtleArm_Moveit/build/myarm_moveit -- -j20 -l20
[0.430s] Invoked command in '/home/psy/2024.11.26.TurtleArm_Moveit/build/myarm_moveit' returned '0': AMENT_PREFIX_PATH=/home/psy/2024.11.26.TurtleArm_Moveit/install/mycobot_moveit:${AMENT_PREFIX_PATH} CMAKE_PREFIX_PATH=/home/psy/2024.11.26.TurtleArm_Moveit/install/mycobot_moveit:/opt/ros/humble /usr/bin/cmake --build /home/psy/2024.11.26.TurtleArm_Moveit/build/myarm_moveit -- -j20 -l20
[0.444s] Invoking command in '/home/psy/2024.11.26.TurtleArm_Moveit/build/myarm_moveit': AMENT_PREFIX_PATH=/home/psy/2024.11.26.TurtleArm_Moveit/install/mycobot_moveit:${AMENT_PREFIX_PATH} CMAKE_PREFIX_PATH=/home/psy/2024.11.26.TurtleArm_Moveit/install/mycobot_moveit:/opt/ros/humble /usr/bin/cmake --install /home/psy/2024.11.26.TurtleArm_Moveit/build/myarm_moveit
[0.448s] -- Install configuration: ""
[0.448s] -- Installing: /home/psy/2024.11.26.TurtleArm_Moveit/install/myarm_moveit/share/ament_index/resource_index/package_run_dependencies/myarm_moveit
[0.448s] -- Installing: /home/psy/2024.11.26.TurtleArm_Moveit/install/myarm_moveit/share/ament_index/resource_index/parent_prefix_path/myarm_moveit
[0.448s] -- Installing: /home/psy/2024.11.26.TurtleArm_Moveit/install/myarm_moveit/share/myarm_moveit/environment/ament_prefix_path.sh
[0.448s] -- Installing: /home/psy/2024.11.26.TurtleArm_Moveit/install/myarm_moveit/share/myarm_moveit/environment/ament_prefix_path.dsv
[0.448s] -- Installing: /home/psy/2024.11.26.TurtleArm_Moveit/install/myarm_moveit/share/myarm_moveit/environment/path.sh
[0.449s] -- Installing: /home/psy/2024.11.26.TurtleArm_Moveit/install/myarm_moveit/share/myarm_moveit/environment/path.dsv
[0.449s] -- Installing: /home/psy/2024.11.26.TurtleArm_Moveit/install/myarm_moveit/share/myarm_moveit/local_setup.bash
[0.449s] -- Installing: /home/psy/2024.11.26.TurtleArm_Moveit/install/myarm_moveit/share/myarm_moveit/local_setup.sh
[0.449s] -- Installing: /home/psy/2024.11.26.TurtleArm_Moveit/install/myarm_moveit/share/myarm_moveit/local_setup.zsh
[0.449s] -- Installing: /home/psy/2024.11.26.TurtleArm_Moveit/install/myarm_moveit/share/myarm_moveit/local_setup.dsv
[0.449s] -- Installing: /home/psy/2024.11.26.TurtleArm_Moveit/install/myarm_moveit/share/myarm_moveit/package.dsv
[0.449s] -- Installing: /home/psy/2024.11.26.TurtleArm_Moveit/install/myarm_moveit/share/ament_index/resource_index/packages/myarm_moveit
[0.449s] -- Installing: /home/psy/2024.11.26.TurtleArm_Moveit/install/myarm_moveit/share/myarm_moveit/cmake/myarm_moveitConfig.cmake
[0.449s] -- Installing: /home/psy/2024.11.26.TurtleArm_Moveit/install/myarm_moveit/share/myarm_moveit/cmake/myarm_moveitConfig-version.cmake
[0.449s] -- Installing: /home/psy/2024.11.26.TurtleArm_Moveit/install/myarm_moveit/share/myarm_moveit/package.xml
[0.449s] -- Installing: /home/psy/2024.11.26.TurtleArm_Moveit/install/myarm_moveit/share/myarm_moveit/launch
[0.450s] -- Installing: /home/psy/2024.11.26.TurtleArm_Moveit/install/myarm_moveit/share/myarm_moveit/launch/static_virtual_joint_tfs.launch.py
[0.450s] -- Installing: /home/psy/2024.11.26.TurtleArm_Moveit/install/myarm_moveit/share/myarm_moveit/launch/warehouse_db.launch.py
[0.450s] -- Installing: /home/psy/2024.11.26.TurtleArm_Moveit/install/myarm_moveit/share/myarm_moveit/launch/setup_assistant.launch.py
[0.450s] -- Installing: /home/psy/2024.11.26.TurtleArm_Moveit/install/myarm_moveit/share/myarm_moveit/launch/demo.launch.py
[0.450s] -- Installing: /home/psy/2024.11.26.TurtleArm_Moveit/install/myarm_moveit/share/myarm_moveit/launch/spawn_controllers.launch.py
[0.450s] -- Installing: /home/psy/2024.11.26.TurtleArm_Moveit/install/myarm_moveit/share/myarm_moveit/launch/rsp.launch.py
[0.450s] -- Installing: /home/psy/2024.11.26.TurtleArm_Moveit/install/myarm_moveit/share/myarm_moveit/launch/moveit_rviz.launch.py
[0.450s] -- Installing: /home/psy/2024.11.26.TurtleArm_Moveit/install/myarm_moveit/share/myarm_moveit/launch/move_group.launch.py
[0.451s] -- Installing: /home/psy/2024.11.26.TurtleArm_Moveit/install/myarm_moveit/share/myarm_moveit/config
[0.451s] -- Installing: /home/psy/2024.11.26.TurtleArm_Moveit/install/myarm_moveit/share/myarm_moveit/config/initial_positions.yaml
[0.451s] -- Installing: /home/psy/2024.11.26.TurtleArm_Moveit/install/myarm_moveit/share/myarm_moveit/config/robot.ros2_control.xacro
[0.452s] -- Installing: /home/psy/2024.11.26.TurtleArm_Moveit/install/myarm_moveit/share/myarm_moveit/config/moveit_controllers.yaml
[0.452s] -- Installing: /home/psy/2024.11.26.TurtleArm_Moveit/install/myarm_moveit/share/myarm_moveit/config/joint_limits.yaml
[0.452s] -- Installing: /home/psy/2024.11.26.TurtleArm_Moveit/install/myarm_moveit/share/myarm_moveit/config/ros2_controllers.yaml
[0.452s] -- Installing: /home/psy/2024.11.26.TurtleArm_Moveit/install/myarm_moveit/share/myarm_moveit/config/moveit.rviz
[0.452s] -- Installing: /home/psy/2024.11.26.TurtleArm_Moveit/install/myarm_moveit/share/myarm_moveit/config/robot.urdf.xacro
[0.452s] -- Installing: /home/psy/2024.11.26.TurtleArm_Moveit/install/myarm_moveit/share/myarm_moveit/config/robot.srdf
[0.452s] -- Installing: /home/psy/2024.11.26.TurtleArm_Moveit/install/myarm_moveit/share/myarm_moveit/config/pilz_cartesian_limits.yaml
[0.452s] -- Installing: /home/psy/2024.11.26.TurtleArm_Moveit/install/myarm_moveit/share/myarm_moveit/config/kinematics.yaml
[0.452s] -- Installing: /home/psy/2024.11.26.TurtleArm_Moveit/install/myarm_moveit/share/myarm_moveit/.setup_assistant
[0.453s] Invoked command in '/home/psy/2024.11.26.TurtleArm_Moveit/build/myarm_moveit' returned '0': AMENT_PREFIX_PATH=/home/psy/2024.11.26.TurtleArm_Moveit/install/mycobot_moveit:${AMENT_PREFIX_PATH} CMAKE_PREFIX_PATH=/home/psy/2024.11.26.TurtleArm_Moveit/install/mycobot_moveit:/opt/ros/humble /usr/bin/cmake --install /home/psy/2024.11.26.TurtleArm_Moveit/build/myarm_moveit
