running egg_info
writing ../../build/projection/projection.egg-info/PKG-INFO
writing dependency_links to ../../build/projection/projection.egg-info/dependency_links.txt
writing entry points to ../../build/projection/projection.egg-info/entry_points.txt
writing requirements to ../../build/projection/projection.egg-info/requires.txt
writing top-level names to ../../build/projection/projection.egg-info/top_level.txt
reading manifest file '../../build/projection/projection.egg-info/SOURCES.txt'
writing manifest file '../../build/projection/projection.egg-info/SOURCES.txt'
running build
running build_py
running install
running install_lib
running install_data
creating /home/kmw/cam_ws/install/projection/share/projection/launch
copying launch/projection_test.launch.py -> /home/kmw/cam_ws/install/projection/share/projection/launch
running install_egg_info
removing '/home/kmw/cam_ws/install/projection/lib/python3.10/site-packages/projection-0.0.1-py3.10.egg-info' (and everything under it)
Copying ../../build/projection/projection.egg-info to /home/kmw/cam_ws/install/projection/lib/python3.10/site-packages/projection-0.0.1-py3.10.egg-info
running install_scripts
Installing lidar script to /home/kmw/cam_ws/install/projection/lib/projection
writing list of installed files to '/home/kmw/cam_ws/build/projection/install.log'
