[9.855s] Invoking command in '/home/pi/arm_ws/src/qr_cam': PYTHONPATH=/home/pi/arm_ws/build/qr_cam/prefix_override:/usr/lib/python3/dist-packages/colcon_core/task/python/colcon_distutils_commands:/home/pi/arm_ws/install/qr_cam/lib/python3.8/site-packages:${PYTHONPATH} /usr/bin/python3 -W ignore:setup.py install is deprecated setup.py egg_info --egg-base ../../build/qr_cam build --build-base /home/pi/arm_ws/build/qr_cam/build install --record /home/pi/arm_ws/build/qr_cam/install.log --install-scripts $base/lib/qr_cam --single-version-externally-managed install_data
[12.480s] running egg_info
[12.486s] writing ../../build/qr_cam/qr_cam.egg-info/PKG-INFO
[12.488s] writing dependency_links to ../../build/qr_cam/qr_cam.egg-info/dependency_links.txt
[12.490s] writing entry points to ../../build/qr_cam/qr_cam.egg-info/entry_points.txt
[12.492s] writing requirements to ../../build/qr_cam/qr_cam.egg-info/requires.txt
[12.493s] writing top-level names to ../../build/qr_cam/qr_cam.egg-info/top_level.txt
[12.860s] reading manifest file '../../build/qr_cam/qr_cam.egg-info/SOURCES.txt'
[12.869s] writing manifest file '../../build/qr_cam/qr_cam.egg-info/SOURCES.txt'
[12.871s] running build
[12.872s] running build_py
[12.874s] running install
[12.881s] running install_lib
[12.896s] running install_data
[12.897s] running install_egg_info
[12.914s] removing '/home/pi/arm_ws/install/qr_cam/lib/python3.8/site-packages/qr_cam-0.0.0-py3.8.egg-info' (and everything under it)
[12.918s] Copying ../../build/qr_cam/qr_cam.egg-info to /home/pi/arm_ws/install/qr_cam/lib/python3.8/site-packages/qr_cam-0.0.0-py3.8.egg-info
[12.931s] running install_scripts
[13.102s] Installing no_cam script to /home/pi/arm_ws/install/qr_cam/lib/qr_cam
[13.105s] writing list of installed files to '/home/pi/arm_ws/build/qr_cam/install.log'
[13.306s] Invoked command in '/home/pi/arm_ws/src/qr_cam' returned '0': PYTHONPATH=/home/pi/arm_ws/build/qr_cam/prefix_override:/usr/lib/python3/dist-packages/colcon_core/task/python/colcon_distutils_commands:/home/pi/arm_ws/install/qr_cam/lib/python3.8/site-packages:${PYTHONPATH} /usr/bin/python3 -W ignore:setup.py install is deprecated setup.py egg_info --egg-base ../../build/qr_cam build --build-base /home/pi/arm_ws/build/qr_cam/build install --record /home/pi/arm_ws/build/qr_cam/install.log --install-scripts $base/lib/qr_cam --single-version-externally-managed install_data
