[0.927s] DEBUG:colcon:Command line arguments: ['/usr/bin/colcon', 'build', '--packages-select', 'ydlidar_ros2_driver']
[0.927s] DEBUG:colcon:Parsed command line arguments: Namespace(allow_overriding=[], ament_cmake_args=None, base_paths=['.'], build_base='build', catkin_cmake_args=None, catkin_skip_building_tests=False, cmake_args=None, cmake_clean_cache=False, cmake_clean_first=False, cmake_force_configure=False, cmake_target=None, cmake_target_skip_unavailable=False, continue_on_error=False, event_handlers=None, executor='parallel', ignore_user_meta=False, install_base='install', log_base=None, log_level=None, main=<bound method BuildVerb.main of <colcon_core.verb.build.BuildVerb object at 0xffffa1d505b0>>, merge_install=False, metas=['./colcon.meta'], mixin=None, mixin_files=None, mixin_verb=('build',), packages_above=None, packages_above_and_dependencies=None, packages_above_depth=None, packages_end=None, packages_ignore=None, packages_ignore_regex=None, packages_select=['ydlidar_ros2_driver'], packages_select_build_failed=False, packages_select_by_dep=None, packages_select_regex=None, packages_select_test_failures=False, packages_skip=None, packages_skip_build_finished=False, packages_skip_by_dep=None, packages_skip_regex=None, packages_skip_test_passed=False, packages_skip_up_to=None, packages_start=None, packages_up_to=None, packages_up_to_regex=None, parallel_workers=4, paths=None, symlink_install=False, test_result_base=None, verb_extension=<colcon_core.verb.build.BuildVerb object at 0xffffa1d505b0>, verb_name='build', verb_parser=<colcon_mixin.mixin.mixin_argument.MixinArgumentDecorator object at 0xffffa1c39400>)
[1.674s] Level 1:colcon.colcon_core.package_discovery:discover_packages(colcon_meta) check parameters
[1.674s] Level 1:colcon.colcon_core.package_discovery:discover_packages(recursive) check parameters
[1.675s] Level 1:colcon.colcon_core.package_discovery:discover_packages(ignore) check parameters
[1.675s] Level 1:colcon.colcon_core.package_discovery:discover_packages(path) check parameters
[1.675s] Level 1:colcon.colcon_core.package_discovery:discover_packages(colcon_meta) discover
[1.675s] Level 1:colcon.colcon_core.package_discovery:discover_packages(recursive) discover
[1.675s] INFO:colcon.colcon_core.package_discovery:Crawling recursively for packages in '/home/pi/sensor_fusion'
[1.676s] Level 1:colcon.colcon_core.package_identification:_identify(.) by extensions ['ignore', 'ignore_ament_install']
[1.676s] Level 1:colcon.colcon_core.package_identification:_identify(.) by extension 'ignore'
[1.676s] Level 1:colcon.colcon_core.package_identification:_identify(.) by extension 'ignore_ament_install'
[1.676s] Level 1:colcon.colcon_core.package_identification:_identify(.) by extensions ['colcon_pkg']
[1.676s] Level 1:colcon.colcon_core.package_identification:_identify(.) by extension 'colcon_pkg'
[1.676s] Level 1:colcon.colcon_core.package_identification:_identify(.) by extensions ['colcon_meta']
[1.677s] Level 1:colcon.colcon_core.package_identification:_identify(.) by extension 'colcon_meta'
[1.677s] Level 1:colcon.colcon_core.package_identification:_identify(.) by extensions ['ros']
[1.677s] Level 1:colcon.colcon_core.package_identification:_identify(.) by extension 'ros'
[1.727s] Level 1:colcon.colcon_core.package_identification:_identify(.) by extensions ['cmake', 'python']
[1.727s] Level 1:colcon.colcon_core.package_identification:_identify(.) by extension 'cmake'
[1.727s] Level 1:colcon.colcon_core.package_identification:_identify(.) by extension 'python'
[1.727s] Level 1:colcon.colcon_core.package_identification:_identify(.) by extensions ['python_setup_py']
[1.727s] Level 1:colcon.colcon_core.package_identification:_identify(.) by extension 'python_setup_py'
[1.728s] Level 1:colcon.colcon_core.package_identification:_identify(build) by extensions ['ignore', 'ignore_ament_install']
[1.728s] Level 1:colcon.colcon_core.package_identification:_identify(build) by extension 'ignore'
[1.728s] Level 1:colcon.colcon_core.package_identification:_identify(build) ignored
[1.729s] Level 1:colcon.colcon_core.package_identification:_identify(install) by extensions ['ignore', 'ignore_ament_install']
[1.729s] Level 1:colcon.colcon_core.package_identification:_identify(install) by extension 'ignore'
[1.730s] Level 1:colcon.colcon_core.package_identification:_identify(install) ignored
[1.730s] Level 1:colcon.colcon_core.package_identification:_identify(log) by extensions ['ignore', 'ignore_ament_install']
[1.730s] Level 1:colcon.colcon_core.package_identification:_identify(log) by extension 'ignore'
[1.730s] Level 1:colcon.colcon_core.package_identification:_identify(log) ignored
[1.731s] Level 1:colcon.colcon_core.package_identification:_identify(src) by extensions ['ignore', 'ignore_ament_install']
[1.731s] Level 1:colcon.colcon_core.package_identification:_identify(src) by extension 'ignore'
[1.731s] Level 1:colcon.colcon_core.package_identification:_identify(src) by extension 'ignore_ament_install'
[1.731s] Level 1:colcon.colcon_core.package_identification:_identify(src) by extensions ['colcon_pkg']
[1.732s] Level 1:colcon.colcon_core.package_identification:_identify(src) by extension 'colcon_pkg'
[1.732s] Level 1:colcon.colcon_core.package_identification:_identify(src) by extensions ['colcon_meta']
[1.732s] Level 1:colcon.colcon_core.package_identification:_identify(src) by extension 'colcon_meta'
[1.732s] Level 1:colcon.colcon_core.package_identification:_identify(src) by extensions ['ros']
[1.732s] Level 1:colcon.colcon_core.package_identification:_identify(src) by extension 'ros'
[1.732s] Level 1:colcon.colcon_core.package_identification:_identify(src) by extensions ['cmake', 'python']
[1.732s] Level 1:colcon.colcon_core.package_identification:_identify(src) by extension 'cmake'
[1.733s] Level 1:colcon.colcon_core.package_identification:_identify(src) by extension 'python'
[1.733s] Level 1:colcon.colcon_core.package_identification:_identify(src) by extensions ['python_setup_py']
[1.733s] Level 1:colcon.colcon_core.package_identification:_identify(src) by extension 'python_setup_py'
[1.733s] Level 1:colcon.colcon_core.package_identification:_identify(src/lidar_cam) by extensions ['ignore', 'ignore_ament_install']
[1.734s] Level 1:colcon.colcon_core.package_identification:_identify(src/lidar_cam) by extension 'ignore'
[1.734s] Level 1:colcon.colcon_core.package_identification:_identify(src/lidar_cam) by extension 'ignore_ament_install'
[1.734s] Level 1:colcon.colcon_core.package_identification:_identify(src/lidar_cam) by extensions ['colcon_pkg']
[1.734s] Level 1:colcon.colcon_core.package_identification:_identify(src/lidar_cam) by extension 'colcon_pkg'
[1.734s] Level 1:colcon.colcon_core.package_identification:_identify(src/lidar_cam) by extensions ['colcon_meta']
[1.734s] Level 1:colcon.colcon_core.package_identification:_identify(src/lidar_cam) by extension 'colcon_meta'
[1.735s] Level 1:colcon.colcon_core.package_identification:_identify(src/lidar_cam) by extensions ['ros']
[1.735s] Level 1:colcon.colcon_core.package_identification:_identify(src/lidar_cam) by extension 'ros'
[1.744s] DEBUG:colcon.colcon_core.package_identification:Package 'src/lidar_cam' with type 'ros.ament_python' and name 'lidar_cam'
[1.744s] Level 1:colcon.colcon_core.package_identification:_identify(src/lidar_object) by extensions ['ignore', 'ignore_ament_install']
[1.745s] Level 1:colcon.colcon_core.package_identification:_identify(src/lidar_object) by extension 'ignore'
[1.745s] Level 1:colcon.colcon_core.package_identification:_identify(src/lidar_object) by extension 'ignore_ament_install'
[1.745s] Level 1:colcon.colcon_core.package_identification:_identify(src/lidar_object) by extensions ['colcon_pkg']
[1.745s] Level 1:colcon.colcon_core.package_identification:_identify(src/lidar_object) by extension 'colcon_pkg'
[1.745s] Level 1:colcon.colcon_core.package_identification:_identify(src/lidar_object) by extensions ['colcon_meta']
[1.745s] Level 1:colcon.colcon_core.package_identification:_identify(src/lidar_object) by extension 'colcon_meta'
[1.746s] Level 1:colcon.colcon_core.package_identification:_identify(src/lidar_object) by extensions ['ros']
[1.746s] Level 1:colcon.colcon_core.package_identification:_identify(src/lidar_object) by extension 'ros'
[1.748s] DEBUG:colcon.colcon_core.package_identification:Package 'src/lidar_object' with type 'ros.ament_python' and name 'lidar_object'
[1.749s] Level 1:colcon.colcon_core.package_identification:_identify(src/ros2_cv_webcam) by extensions ['ignore', 'ignore_ament_install']
[1.749s] Level 1:colcon.colcon_core.package_identification:_identify(src/ros2_cv_webcam) by extension 'ignore'
[1.749s] Level 1:colcon.colcon_core.package_identification:_identify(src/ros2_cv_webcam) by extension 'ignore_ament_install'
[1.749s] Level 1:colcon.colcon_core.package_identification:_identify(src/ros2_cv_webcam) by extensions ['colcon_pkg']
[1.749s] Level 1:colcon.colcon_core.package_identification:_identify(src/ros2_cv_webcam) by extension 'colcon_pkg'
[1.750s] Level 1:colcon.colcon_core.package_identification:_identify(src/ros2_cv_webcam) by extensions ['colcon_meta']
[1.750s] Level 1:colcon.colcon_core.package_identification:_identify(src/ros2_cv_webcam) by extension 'colcon_meta'
[1.750s] Level 1:colcon.colcon_core.package_identification:_identify(src/ros2_cv_webcam) by extensions ['ros']
[1.750s] Level 1:colcon.colcon_core.package_identification:_identify(src/ros2_cv_webcam) by extension 'ros'
[1.755s] DEBUG:colcon.colcon_core.package_identification:Package 'src/ros2_cv_webcam' with type 'ros.ament_python' and name 'ros2_cv_webcam'
[1.756s] Level 1:colcon.colcon_core.package_identification:_identify(src/ydlidar_ros2_driver) by extensions ['ignore', 'ignore_ament_install']
[1.756s] Level 1:colcon.colcon_core.package_identification:_identify(src/ydlidar_ros2_driver) by extension 'ignore'
[1.756s] Level 1:colcon.colcon_core.package_identification:_identify(src/ydlidar_ros2_driver) by extension 'ignore_ament_install'
[1.757s] Level 1:colcon.colcon_core.package_identification:_identify(src/ydlidar_ros2_driver) by extensions ['colcon_pkg']
[1.757s] Level 1:colcon.colcon_core.package_identification:_identify(src/ydlidar_ros2_driver) by extension 'colcon_pkg'
[1.757s] Level 1:colcon.colcon_core.package_identification:_identify(src/ydlidar_ros2_driver) by extensions ['colcon_meta']
[1.757s] Level 1:colcon.colcon_core.package_identification:_identify(src/ydlidar_ros2_driver) by extension 'colcon_meta'
[1.757s] Level 1:colcon.colcon_core.package_identification:_identify(src/ydlidar_ros2_driver) by extensions ['ros']
[1.758s] Level 1:colcon.colcon_core.package_identification:_identify(src/ydlidar_ros2_driver) by extension 'ros'
[1.761s] DEBUG:colcon.colcon_core.package_identification:Package 'src/ydlidar_ros2_driver' with type 'ros.ament_cmake' and name 'ydlidar_ros2_driver'
[1.761s] Level 1:colcon.colcon_core.package_discovery:discover_packages(recursive) using defaults
[1.761s] Level 1:colcon.colcon_core.package_discovery:discover_packages(ignore) discover
[1.761s] Level 1:colcon.colcon_core.package_discovery:discover_packages(ignore) using defaults
[1.761s] Level 1:colcon.colcon_core.package_discovery:discover_packages(path) discover
[1.761s] Level 1:colcon.colcon_core.package_discovery:discover_packages(path) using defaults
[1.827s] INFO:colcon.colcon_core.package_selection:Skipping not selected package 'lidar_cam' in 'src/lidar_cam'
[1.828s] INFO:colcon.colcon_core.package_selection:Skipping not selected package 'lidar_object' in 'src/lidar_object'
[1.828s] INFO:colcon.colcon_core.package_selection:Skipping not selected package 'ros2_cv_webcam' in 'src/ros2_cv_webcam'
[1.829s] Level 1:colcon.colcon_core.package_discovery:discover_packages(prefix_path) check parameters
[1.830s] Level 1:colcon.colcon_core.package_discovery:discover_packages(prefix_path) discover
[1.834s] WARNING:colcon.colcon_ros.prefix_path.ament:The path '/home/pi/sensor_fusion/install/leg_detection' in the environment variable AMENT_PREFIX_PATH doesn't exist
[1.839s] DEBUG:colcon.colcon_installed_package_information.package_discovery:Found 4 installed packages in /home/pi/sensor_fusion/install
[1.848s] DEBUG:colcon.colcon_installed_package_information.package_discovery:Found 296 installed packages in /opt/ros/foxy
[1.903s] Level 1:colcon.colcon_core.package_discovery:discover_packages(prefix_path) using defaults
[2.287s] Level 5:colcon.colcon_core.verb:set package 'ydlidar_ros2_driver' build argument 'cmake_args' from command line to 'None'
[2.287s] Level 5:colcon.colcon_core.verb:set package 'ydlidar_ros2_driver' build argument 'cmake_target' from command line to 'None'
[2.290s] Level 5:colcon.colcon_core.verb:set package 'ydlidar_ros2_driver' build argument 'cmake_target_skip_unavailable' from command line to 'False'
[2.290s] Level 5:colcon.colcon_core.verb:set package 'ydlidar_ros2_driver' build argument 'cmake_clean_cache' from command line to 'False'
[2.290s] Level 5:colcon.colcon_core.verb:set package 'ydlidar_ros2_driver' build argument 'cmake_clean_first' from command line to 'False'
[2.290s] Level 5:colcon.colcon_core.verb:set package 'ydlidar_ros2_driver' build argument 'cmake_force_configure' from command line to 'False'
[2.290s] Level 5:colcon.colcon_core.verb:set package 'ydlidar_ros2_driver' build argument 'ament_cmake_args' from command line to 'None'
[2.290s] Level 5:colcon.colcon_core.verb:set package 'ydlidar_ros2_driver' build argument 'catkin_cmake_args' from command line to 'None'
[2.290s] Level 5:colcon.colcon_core.verb:set package 'ydlidar_ros2_driver' build argument 'catkin_skip_building_tests' from command line to 'False'
[2.291s] DEBUG:colcon.colcon_core.verb:Building package 'ydlidar_ros2_driver' with the following arguments: {'ament_cmake_args': None, 'build_base': '/home/pi/sensor_fusion/build/ydlidar_ros2_driver', 'catkin_cmake_args': None, 'catkin_skip_building_tests': False, 'cmake_args': None, 'cmake_clean_cache': False, 'cmake_clean_first': False, 'cmake_force_configure': False, 'cmake_target': None, 'cmake_target_skip_unavailable': False, 'install_base': '/home/pi/sensor_fusion/install/ydlidar_ros2_driver', 'merge_install': False, 'path': '/home/pi/sensor_fusion/src/ydlidar_ros2_driver', 'symlink_install': False, 'test_result_base': None}
[2.291s] INFO:colcon.colcon_core.executor:Executing jobs using 'parallel' executor
[2.295s] DEBUG:colcon.colcon_parallel_executor.executor.parallel:run_until_complete
[2.296s] INFO:colcon.colcon_ros.task.ament_cmake.build:Building ROS package in '/home/pi/sensor_fusion/src/ydlidar_ros2_driver' with build type 'ament_cmake'
[2.297s] INFO:colcon.colcon_cmake.task.cmake.build:Building CMake package in '/home/pi/sensor_fusion/src/ydlidar_ros2_driver'
[2.306s] INFO:colcon.colcon_core.plugin_system:Skipping extension 'colcon_core.shell.bat': Not used on non-Windows systems
[2.307s] INFO:colcon.colcon_core.shell:Skip shell extension 'powershell' for command environment: Not usable outside of PowerShell
[2.307s] DEBUG:colcon.colcon_core.shell:Skip shell extension 'dsv' for command environment
[2.352s] DEBUG:colcon.colcon_core.event_handler.log_command:Invoking command in '/home/pi/sensor_fusion/build/ydlidar_ros2_driver': CMAKE_PREFIX_PATH=${CMAKE_PREFIX_PATH}:/home/pi/sensor_fusion/install/ros2_cv_webcam:/home/pi/sensor_fusion/install/lidar_object:/home/pi/sensor_fusion/install/lidar_cam:/home/pi/sensor_fusion/install/leg_detection:/opt/ros/foxy /usr/bin/cmake --build /home/pi/sensor_fusion/build/ydlidar_ros2_driver -- -j4 -l4
[2.754s] DEBUG:colcon.colcon_core.event_handler.log_command:Invoked command in '/home/pi/sensor_fusion/build/ydlidar_ros2_driver' returned '0': CMAKE_PREFIX_PATH=${CMAKE_PREFIX_PATH}:/home/pi/sensor_fusion/install/ros2_cv_webcam:/home/pi/sensor_fusion/install/lidar_object:/home/pi/sensor_fusion/install/lidar_cam:/home/pi/sensor_fusion/install/leg_detection:/opt/ros/foxy /usr/bin/cmake --build /home/pi/sensor_fusion/build/ydlidar_ros2_driver -- -j4 -l4
[2.965s] DEBUG:colcon.colcon_core.event_handler.log_command:Invoking command in '/home/pi/sensor_fusion/build/ydlidar_ros2_driver': CMAKE_PREFIX_PATH=${CMAKE_PREFIX_PATH}:/home/pi/sensor_fusion/install/ros2_cv_webcam:/home/pi/sensor_fusion/install/lidar_object:/home/pi/sensor_fusion/install/lidar_cam:/home/pi/sensor_fusion/install/leg_detection:/opt/ros/foxy /usr/bin/cmake --install /home/pi/sensor_fusion/build/ydlidar_ros2_driver
[3.024s] Level 1:colcon.colcon_core.environment:create_environment_scripts_only(ydlidar_ros2_driver)
[3.026s] DEBUG:colcon.colcon_core.event_handler.log_command:Invoked command in '/home/pi/sensor_fusion/build/ydlidar_ros2_driver' returned '0': CMAKE_PREFIX_PATH=${CMAKE_PREFIX_PATH}:/home/pi/sensor_fusion/install/ros2_cv_webcam:/home/pi/sensor_fusion/install/lidar_object:/home/pi/sensor_fusion/install/lidar_cam:/home/pi/sensor_fusion/install/leg_detection:/opt/ros/foxy /usr/bin/cmake --install /home/pi/sensor_fusion/build/ydlidar_ros2_driver
[3.037s] Level 1:colcon.colcon_core.environment:checking '/home/pi/sensor_fusion/install/ydlidar_ros2_driver' for CMake module files
[3.040s] Level 1:colcon.colcon_core.environment:checking '/home/pi/sensor_fusion/install/ydlidar_ros2_driver' for CMake config files
[3.042s] Level 1:colcon.colcon_core.shell:create_environment_hook('ydlidar_ros2_driver', 'cmake_prefix_path')
[3.043s] INFO:colcon.colcon_core.shell:Creating environment hook '/home/pi/sensor_fusion/install/ydlidar_ros2_driver/share/ydlidar_ros2_driver/hook/cmake_prefix_path.ps1'
[3.046s] INFO:colcon.colcon_core.shell:Creating environment descriptor '/home/pi/sensor_fusion/install/ydlidar_ros2_driver/share/ydlidar_ros2_driver/hook/cmake_prefix_path.dsv'
[3.048s] INFO:colcon.colcon_core.shell:Creating environment hook '/home/pi/sensor_fusion/install/ydlidar_ros2_driver/share/ydlidar_ros2_driver/hook/cmake_prefix_path.sh'
[3.053s] Level 1:colcon.colcon_core.environment:checking '/home/pi/sensor_fusion/install/ydlidar_ros2_driver/lib'
[3.055s] Level 1:colcon.colcon_core.environment:checking '/home/pi/sensor_fusion/install/ydlidar_ros2_driver/bin'
[3.055s] Level 1:colcon.colcon_core.environment:checking '/home/pi/sensor_fusion/install/ydlidar_ros2_driver/lib/pkgconfig/ydlidar_ros2_driver.pc'
[3.056s] Level 1:colcon.colcon_core.environment:checking '/home/pi/sensor_fusion/install/ydlidar_ros2_driver/lib/python3.8/site-packages'
[3.057s] Level 1:colcon.colcon_core.environment:checking '/home/pi/sensor_fusion/install/ydlidar_ros2_driver/bin'
[3.058s] INFO:colcon.colcon_core.shell:Creating package script '/home/pi/sensor_fusion/install/ydlidar_ros2_driver/share/ydlidar_ros2_driver/package.ps1'
[3.062s] INFO:colcon.colcon_core.shell:Creating package descriptor '/home/pi/sensor_fusion/install/ydlidar_ros2_driver/share/ydlidar_ros2_driver/package.dsv'
[3.064s] INFO:colcon.colcon_core.shell:Creating package script '/home/pi/sensor_fusion/install/ydlidar_ros2_driver/share/ydlidar_ros2_driver/package.sh'
[3.068s] INFO:colcon.colcon_core.shell:Creating package script '/home/pi/sensor_fusion/install/ydlidar_ros2_driver/share/ydlidar_ros2_driver/package.bash'
[3.071s] INFO:colcon.colcon_core.shell:Creating package script '/home/pi/sensor_fusion/install/ydlidar_ros2_driver/share/ydlidar_ros2_driver/package.zsh'
[3.074s] Level 1:colcon.colcon_core.environment:create_file_with_runtime_dependencies(/home/pi/sensor_fusion/install/ydlidar_ros2_driver/share/colcon-core/packages/ydlidar_ros2_driver)
[3.227s] Level 1:colcon.colcon_core.environment:create_environment_scripts_only(ydlidar_ros2_driver)
[3.228s] Level 1:colcon.colcon_core.environment:checking '/home/pi/sensor_fusion/install/ydlidar_ros2_driver' for CMake module files
[3.232s] Level 1:colcon.colcon_core.environment:checking '/home/pi/sensor_fusion/install/ydlidar_ros2_driver' for CMake config files
[3.234s] Level 1:colcon.colcon_core.shell:create_environment_hook('ydlidar_ros2_driver', 'cmake_prefix_path')
[3.235s] INFO:colcon.colcon_core.shell:Creating environment hook '/home/pi/sensor_fusion/install/ydlidar_ros2_driver/share/ydlidar_ros2_driver/hook/cmake_prefix_path.ps1'
[3.238s] INFO:colcon.colcon_core.shell:Creating environment descriptor '/home/pi/sensor_fusion/install/ydlidar_ros2_driver/share/ydlidar_ros2_driver/hook/cmake_prefix_path.dsv'
[3.240s] INFO:colcon.colcon_core.shell:Creating environment hook '/home/pi/sensor_fusion/install/ydlidar_ros2_driver/share/ydlidar_ros2_driver/hook/cmake_prefix_path.sh'
[3.243s] Level 1:colcon.colcon_core.environment:checking '/home/pi/sensor_fusion/install/ydlidar_ros2_driver/lib'
[3.244s] Level 1:colcon.colcon_core.environment:checking '/home/pi/sensor_fusion/install/ydlidar_ros2_driver/bin'
[3.244s] Level 1:colcon.colcon_core.environment:checking '/home/pi/sensor_fusion/install/ydlidar_ros2_driver/lib/pkgconfig/ydlidar_ros2_driver.pc'
[3.245s] Level 1:colcon.colcon_core.environment:checking '/home/pi/sensor_fusion/install/ydlidar_ros2_driver/lib/python3.8/site-packages'
[3.245s] Level 1:colcon.colcon_core.environment:checking '/home/pi/sensor_fusion/install/ydlidar_ros2_driver/bin'
[3.247s] INFO:colcon.colcon_core.shell:Creating package script '/home/pi/sensor_fusion/install/ydlidar_ros2_driver/share/ydlidar_ros2_driver/package.ps1'
[3.250s] INFO:colcon.colcon_core.shell:Creating package descriptor '/home/pi/sensor_fusion/install/ydlidar_ros2_driver/share/ydlidar_ros2_driver/package.dsv'
[3.254s] INFO:colcon.colcon_core.shell:Creating package script '/home/pi/sensor_fusion/install/ydlidar_ros2_driver/share/ydlidar_ros2_driver/package.sh'
[3.256s] INFO:colcon.colcon_core.shell:Creating package script '/home/pi/sensor_fusion/install/ydlidar_ros2_driver/share/ydlidar_ros2_driver/package.bash'
[3.259s] INFO:colcon.colcon_core.shell:Creating package script '/home/pi/sensor_fusion/install/ydlidar_ros2_driver/share/ydlidar_ros2_driver/package.zsh'
[3.261s] Level 1:colcon.colcon_core.environment:create_file_with_runtime_dependencies(/home/pi/sensor_fusion/install/ydlidar_ros2_driver/share/colcon-core/packages/ydlidar_ros2_driver)
[3.263s] DEBUG:colcon.colcon_parallel_executor.executor.parallel:closing loop
[3.264s] DEBUG:colcon.colcon_parallel_executor.executor.parallel:loop closed
[3.264s] DEBUG:colcon.colcon_parallel_executor.executor.parallel:run_until_complete finished with '0'
[3.264s] DEBUG:colcon.colcon_core.event_reactor:joining thread
[3.291s] INFO:colcon.colcon_core.plugin_system:Skipping extension 'colcon_notification.desktop_notification.terminal_notifier': Not used on non-Darwin systems
[3.291s] INFO:colcon.colcon_core.plugin_system:Skipping extension 'colcon_notification.desktop_notification.win32': Not used on non-Windows systems
[3.291s] INFO:colcon.colcon_notification.desktop_notification:Sending desktop notification using 'notify2'
[3.306s] DEBUG:colcon.colcon_core.event_reactor:joined thread
[3.307s] INFO:colcon.colcon_core.shell:Creating prefix script '/home/pi/sensor_fusion/install/local_setup.ps1'
[3.312s] INFO:colcon.colcon_core.shell:Creating prefix util module '/home/pi/sensor_fusion/install/_local_setup_util_ps1.py'
[3.320s] INFO:colcon.colcon_core.shell:Creating prefix chain script '/home/pi/sensor_fusion/install/setup.ps1'
[3.326s] INFO:colcon.colcon_core.shell:Creating prefix script '/home/pi/sensor_fusion/install/local_setup.sh'
[3.330s] INFO:colcon.colcon_core.shell:Creating prefix util module '/home/pi/sensor_fusion/install/_local_setup_util_sh.py'
[3.333s] INFO:colcon.colcon_core.shell:Creating prefix chain script '/home/pi/sensor_fusion/install/setup.sh'
[3.338s] INFO:colcon.colcon_core.shell:Creating prefix script '/home/pi/sensor_fusion/install/local_setup.bash'
[3.340s] INFO:colcon.colcon_core.shell:Creating prefix chain script '/home/pi/sensor_fusion/install/setup.bash'
[3.345s] INFO:colcon.colcon_core.shell:Creating prefix script '/home/pi/sensor_fusion/install/local_setup.zsh'
[3.348s] INFO:colcon.colcon_core.shell:Creating prefix chain script '/home/pi/sensor_fusion/install/setup.zsh'
