/home/kmw/trees_ws/src/py_trees_ros_viewer/setup.py:5: DeprecationWarning: The distutils package is deprecated and slated for removal in Python 3.12. Use setuptools or check PEP 632 for potential alternatives
  from distutils import log
/home/kmw/miniconda3/envs/ros2_py310/lib/python3.10/site-packages/_distutils_hack/__init__.py:15: UserWarning: Distutils was imported before Setuptools, but importing Setuptools also replaces the `distutils` module in `sys.modules`. This may lead to undesirable behaviors or errors. To avoid these issues, avoid using distutils directly, ensure that setuptools is installed in the traditional way (e.g. not an editable install), and/or make sure that setuptools is always imported before distutils.
  warnings.warn(
/home/kmw/miniconda3/envs/ros2_py310/lib/python3.10/site-packages/_distutils_hack/__init__.py:30: UserWarning: Setuptools is replacing distutils. Support for replacing an already imported distutils is deprecated. In the future, this condition will fail. Register concerns at https://github.com/pypa/setuptools/issues/new?template=distutils-deprecation.yml
  warnings.warn(
running egg_info
creating ../../build/py_trees_ros_viewer/py_trees_ros_viewer.egg-info
writing ../../build/py_trees_ros_viewer/py_trees_ros_viewer.egg-info/PKG-INFO
writing dependency_links to ../../build/py_trees_ros_viewer/py_trees_ros_viewer.egg-info/dependency_links.txt
writing entry points to ../../build/py_trees_ros_viewer/py_trees_ros_viewer.egg-info/entry_points.txt
writing top-level names to ../../build/py_trees_ros_viewer/py_trees_ros_viewer.egg-info/top_level.txt
writing manifest file '../../build/py_trees_ros_viewer/py_trees_ros_viewer.egg-info/SOURCES.txt'
reading manifest file '../../build/py_trees_ros_viewer/py_trees_ros_viewer.egg-info/SOURCES.txt'
adding license file 'LICENSE'
writing manifest file '../../build/py_trees_ros_viewer/py_trees_ros_viewer.egg-info/SOURCES.txt'
running build
running build_py
creating /home/kmw/trees_ws/build/py_trees_ros_viewer/build/lib/py_trees_ros_viewer
copying py_trees_ros_viewer/backend.py -> /home/kmw/trees_ws/build/py_trees_ros_viewer/build/lib/py_trees_ros_viewer
copying py_trees_ros_viewer/viewer.py -> /home/kmw/trees_ws/build/py_trees_ros_viewer/build/lib/py_trees_ros_viewer
copying py_trees_ros_viewer/__init__.py -> /home/kmw/trees_ws/build/py_trees_ros_viewer/build/lib/py_trees_ros_viewer
copying py_trees_ros_viewer/web_app_rc.py -> /home/kmw/trees_ws/build/py_trees_ros_viewer/build/lib/py_trees_ros_viewer
copying py_trees_ros_viewer/conversions.py -> /home/kmw/trees_ws/build/py_trees_ros_viewer/build/lib/py_trees_ros_viewer
copying py_trees_ros_viewer/exceptions.py -> /home/kmw/trees_ws/build/py_trees_ros_viewer/build/lib/py_trees_ros_viewer
copying py_trees_ros_viewer/console.py -> /home/kmw/trees_ws/build/py_trees_ros_viewer/build/lib/py_trees_ros_viewer
copying py_trees_ros_viewer/main_window.py -> /home/kmw/trees_ws/build/py_trees_ros_viewer/build/lib/py_trees_ros_viewer
copying py_trees_ros_viewer/images_rc.py -> /home/kmw/trees_ws/build/py_trees_ros_viewer/build/lib/py_trees_ros_viewer
copying py_trees_ros_viewer/web_view.py -> /home/kmw/trees_ws/build/py_trees_ros_viewer/build/lib/py_trees_ros_viewer
copying py_trees_ros_viewer/web_view_ui.py -> /home/kmw/trees_ws/build/py_trees_ros_viewer/build/lib/py_trees_ros_viewer
copying py_trees_ros_viewer/utilities.py -> /home/kmw/trees_ws/build/py_trees_ros_viewer/build/lib/py_trees_ros_viewer
copying py_trees_ros_viewer/main_window_ui.py -> /home/kmw/trees_ws/build/py_trees_ros_viewer/build/lib/py_trees_ros_viewer
copying py_trees_ros_viewer/web_view.ui -> /home/kmw/trees_ws/build/py_trees_ros_viewer/build/lib/py_trees_ros_viewer
copying py_trees_ros_viewer/main_window.ui -> /home/kmw/trees_ws/build/py_trees_ros_viewer/build/lib/py_trees_ros_viewer
creating /home/kmw/trees_ws/build/py_trees_ros_viewer/build/lib/py_trees_ros_viewer/html
copying py_trees_ros_viewer/html/index.html -> /home/kmw/trees_ws/build/py_trees_ros_viewer/build/lib/py_trees_ros_viewer/html
creating /home/kmw/trees_ws/build/py_trees_ros_viewer/build/lib/py_trees_ros_viewer/images
copying py_trees_ros_viewer/images/tuxrobot.png -> /home/kmw/trees_ws/build/py_trees_ros_viewer/build/lib/py_trees_ros_viewer/images
running install
running install_lib
creating /home/kmw/trees_ws/install/py_trees_ros_viewer/lib/python3.10/site-packages/py_trees_ros_viewer
copying /home/kmw/trees_ws/build/py_trees_ros_viewer/build/lib/py_trees_ros_viewer/backend.py -> /home/kmw/trees_ws/install/py_trees_ros_viewer/lib/python3.10/site-packages/py_trees_ros_viewer
copying /home/kmw/trees_ws/build/py_trees_ros_viewer/build/lib/py_trees_ros_viewer/viewer.py -> /home/kmw/trees_ws/install/py_trees_ros_viewer/lib/python3.10/site-packages/py_trees_ros_viewer
copying /home/kmw/trees_ws/build/py_trees_ros_viewer/build/lib/py_trees_ros_viewer/__init__.py -> /home/kmw/trees_ws/install/py_trees_ros_viewer/lib/python3.10/site-packages/py_trees_ros_viewer
copying /home/kmw/trees_ws/build/py_trees_ros_viewer/build/lib/py_trees_ros_viewer/web_app_rc.py -> /home/kmw/trees_ws/install/py_trees_ros_viewer/lib/python3.10/site-packages/py_trees_ros_viewer
creating /home/kmw/trees_ws/install/py_trees_ros_viewer/lib/python3.10/site-packages/py_trees_ros_viewer/html
copying /home/kmw/trees_ws/build/py_trees_ros_viewer/build/lib/py_trees_ros_viewer/html/index.html -> /home/kmw/trees_ws/install/py_trees_ros_viewer/lib/python3.10/site-packages/py_trees_ros_viewer/html
copying /home/kmw/trees_ws/build/py_trees_ros_viewer/build/lib/py_trees_ros_viewer/web_view.ui -> /home/kmw/trees_ws/install/py_trees_ros_viewer/lib/python3.10/site-packages/py_trees_ros_viewer
copying /home/kmw/trees_ws/build/py_trees_ros_viewer/build/lib/py_trees_ros_viewer/conversions.py -> /home/kmw/trees_ws/install/py_trees_ros_viewer/lib/python3.10/site-packages/py_trees_ros_viewer
copying /home/kmw/trees_ws/build/py_trees_ros_viewer/build/lib/py_trees_ros_viewer/exceptions.py -> /home/kmw/trees_ws/install/py_trees_ros_viewer/lib/python3.10/site-packages/py_trees_ros_viewer
copying /home/kmw/trees_ws/build/py_trees_ros_viewer/build/lib/py_trees_ros_viewer/console.py -> /home/kmw/trees_ws/install/py_trees_ros_viewer/lib/python3.10/site-packages/py_trees_ros_viewer
copying /home/kmw/trees_ws/build/py_trees_ros_viewer/build/lib/py_trees_ros_viewer/main_window.py -> /home/kmw/trees_ws/install/py_trees_ros_viewer/lib/python3.10/site-packages/py_trees_ros_viewer
copying /home/kmw/trees_ws/build/py_trees_ros_viewer/build/lib/py_trees_ros_viewer/images_rc.py -> /home/kmw/trees_ws/install/py_trees_ros_viewer/lib/python3.10/site-packages/py_trees_ros_viewer
copying /home/kmw/trees_ws/build/py_trees_ros_viewer/build/lib/py_trees_ros_viewer/web_view.py -> /home/kmw/trees_ws/install/py_trees_ros_viewer/lib/python3.10/site-packages/py_trees_ros_viewer
copying /home/kmw/trees_ws/build/py_trees_ros_viewer/build/lib/py_trees_ros_viewer/web_view_ui.py -> /home/kmw/trees_ws/install/py_trees_ros_viewer/lib/python3.10/site-packages/py_trees_ros_viewer
copying /home/kmw/trees_ws/build/py_trees_ros_viewer/build/lib/py_trees_ros_viewer/main_window.ui -> /home/kmw/trees_ws/install/py_trees_ros_viewer/lib/python3.10/site-packages/py_trees_ros_viewer
creating /home/kmw/trees_ws/install/py_trees_ros_viewer/lib/python3.10/site-packages/py_trees_ros_viewer/images
copying /home/kmw/trees_ws/build/py_trees_ros_viewer/build/lib/py_trees_ros_viewer/images/tuxrobot.png -> /home/kmw/trees_ws/install/py_trees_ros_viewer/lib/python3.10/site-packages/py_trees_ros_viewer/images
copying /home/kmw/trees_ws/build/py_trees_ros_viewer/build/lib/py_trees_ros_viewer/utilities.py -> /home/kmw/trees_ws/install/py_trees_ros_viewer/lib/python3.10/site-packages/py_trees_ros_viewer
copying /home/kmw/trees_ws/build/py_trees_ros_viewer/build/lib/py_trees_ros_viewer/main_window_ui.py -> /home/kmw/trees_ws/install/py_trees_ros_viewer/lib/python3.10/site-packages/py_trees_ros_viewer
byte-compiling /home/kmw/trees_ws/install/py_trees_ros_viewer/lib/python3.10/site-packages/py_trees_ros_viewer/backend.py to backend.cpython-310.pyc
byte-compiling /home/kmw/trees_ws/install/py_trees_ros_viewer/lib/python3.10/site-packages/py_trees_ros_viewer/viewer.py to viewer.cpython-310.pyc
byte-compiling /home/kmw/trees_ws/install/py_trees_ros_viewer/lib/python3.10/site-packages/py_trees_ros_viewer/__init__.py to __init__.cpython-310.pyc
byte-compiling /home/kmw/trees_ws/install/py_trees_ros_viewer/lib/python3.10/site-packages/py_trees_ros_viewer/web_app_rc.py to web_app_rc.cpython-310.pyc
byte-compiling /home/kmw/trees_ws/install/py_trees_ros_viewer/lib/python3.10/site-packages/py_trees_ros_viewer/conversions.py to conversions.cpython-310.pyc
byte-compiling /home/kmw/trees_ws/install/py_trees_ros_viewer/lib/python3.10/site-packages/py_trees_ros_viewer/exceptions.py to exceptions.cpython-310.pyc
byte-compiling /home/kmw/trees_ws/install/py_trees_ros_viewer/lib/python3.10/site-packages/py_trees_ros_viewer/console.py to console.cpython-310.pyc
byte-compiling /home/kmw/trees_ws/install/py_trees_ros_viewer/lib/python3.10/site-packages/py_trees_ros_viewer/main_window.py to main_window.cpython-310.pyc
byte-compiling /home/kmw/trees_ws/install/py_trees_ros_viewer/lib/python3.10/site-packages/py_trees_ros_viewer/images_rc.py to images_rc.cpython-310.pyc
byte-compiling /home/kmw/trees_ws/install/py_trees_ros_viewer/lib/python3.10/site-packages/py_trees_ros_viewer/web_view.py to web_view.cpython-310.pyc
byte-compiling /home/kmw/trees_ws/install/py_trees_ros_viewer/lib/python3.10/site-packages/py_trees_ros_viewer/web_view_ui.py to web_view_ui.cpython-310.pyc
byte-compiling /home/kmw/trees_ws/install/py_trees_ros_viewer/lib/python3.10/site-packages/py_trees_ros_viewer/utilities.py to utilities.cpython-310.pyc
byte-compiling /home/kmw/trees_ws/install/py_trees_ros_viewer/lib/python3.10/site-packages/py_trees_ros_viewer/main_window_ui.py to main_window_ui.cpython-310.pyc
running install_data
copying package.xml -> /home/kmw/trees_ws/install/py_trees_ros_viewer/share/py_trees_ros_viewer
running install_egg_info
Copying ../../build/py_trees_ros_viewer/py_trees_ros_viewer.egg-info to /home/kmw/trees_ws/install/py_trees_ros_viewer/lib/python3.10/site-packages/py_trees_ros_viewer-0.2.3-py3.10.egg-info
running install_scripts
Installing py-trees-tree-viewer script to /home/kmw/trees_ws/install/py_trees_ros_viewer/bin
writing list of installed files to '/home/kmw/trees_ws/build/py_trees_ros_viewer/install.log'
