[10.269s] Invoking command in '/home/pi/arm_ws/src/turtle_con': PYTHONPATH=/home/pi/arm_ws/build/turtle_con/prefix_override:/usr/lib/python3/dist-packages/colcon_core/task/python/colcon_distutils_commands:/home/pi/arm_ws/install/turtle_con/lib/python3.8/site-packages:${PYTHONPATH} /usr/bin/python3 -W ignore:setup.py install is deprecated setup.py egg_info --egg-base ../../build/turtle_con build --build-base /home/pi/arm_ws/build/turtle_con/build install --record /home/pi/arm_ws/build/turtle_con/install.log --install-scripts $base/lib/turtle_con --single-version-externally-managed install_data
[12.930s] running egg_info
[12.936s] writing ../../build/turtle_con/turtle_con.egg-info/PKG-INFO
[12.938s] writing dependency_links to ../../build/turtle_con/turtle_con.egg-info/dependency_links.txt
[12.940s] writing entry points to ../../build/turtle_con/turtle_con.egg-info/entry_points.txt
[12.943s] writing requirements to ../../build/turtle_con/turtle_con.egg-info/requires.txt
[12.944s] writing top-level names to ../../build/turtle_con/turtle_con.egg-info/top_level.txt
[13.314s] reading manifest file '../../build/turtle_con/turtle_con.egg-info/SOURCES.txt'
[13.324s] writing manifest file '../../build/turtle_con/turtle_con.egg-info/SOURCES.txt'
[13.325s] running build
[13.326s] running build_py
[13.329s] copying turtle_con/move_qr.py -> /home/pi/arm_ws/build/turtle_con/build/lib/turtle_con
[13.332s] running install
[13.339s] running install_lib
[13.351s] copying /home/pi/arm_ws/build/turtle_con/build/lib/turtle_con/move_qr.py -> /home/pi/arm_ws/install/turtle_con/lib/python3.8/site-packages/turtle_con
[13.358s] byte-compiling /home/pi/arm_ws/install/turtle_con/lib/python3.8/site-packages/turtle_con/move_qr.py to move_qr.cpython-38.pyc
[13.382s] running install_data
[13.383s] running install_egg_info
[13.398s] removing '/home/pi/arm_ws/install/turtle_con/lib/python3.8/site-packages/turtle_con-0.0.0-py3.8.egg-info' (and everything under it)
[13.401s] Copying ../../build/turtle_con/turtle_con.egg-info to /home/pi/arm_ws/install/turtle_con/lib/python3.8/site-packages/turtle_con-0.0.0-py3.8.egg-info
[13.414s] running install_scripts
[13.574s] Installing move_qr script to /home/pi/arm_ws/install/turtle_con/lib/turtle_con
[13.577s] Installing qr_log script to /home/pi/arm_ws/install/turtle_con/lib/turtle_con
[13.579s] Installing turtle_ros2_con script to /home/pi/arm_ws/install/turtle_con/lib/turtle_con
[13.581s] Installing with_qr script to /home/pi/arm_ws/install/turtle_con/lib/turtle_con
[13.585s] writing list of installed files to '/home/pi/arm_ws/build/turtle_con/install.log'
[13.766s] Invoked command in '/home/pi/arm_ws/src/turtle_con' returned '0': PYTHONPATH=/home/pi/arm_ws/build/turtle_con/prefix_override:/usr/lib/python3/dist-packages/colcon_core/task/python/colcon_distutils_commands:/home/pi/arm_ws/install/turtle_con/lib/python3.8/site-packages:${PYTHONPATH} /usr/bin/python3 -W ignore:setup.py install is deprecated setup.py egg_info --egg-base ../../build/turtle_con build --build-base /home/pi/arm_ws/build/turtle_con/build install --record /home/pi/arm_ws/build/turtle_con/install.log --install-scripts $base/lib/turtle_con --single-version-externally-managed install_data
